[peer] 23:28:47.553876 honest.go:105: 3Importing modules...
../ML/code/utils.py:223: FutureWarning: Method .as_matrix will be removed in a future version. Use .values instead.
  data = data.as_matrix()
../ML/code/utils.py:94: FutureWarning: Method .as_matrix will be removed in a future version. Use .values instead.
  credit = df.ix[1:nn, 1:dd].as_matrix()
[peer] 23:28:54.041446 honest.go:118: 3Sucessfully pulled dataset. Features: 25
[peer] 23:28:54.041741 main.go:467: 3:Announcing myself to network
[peer] 23:28:54.041793 main.go:472: 3:Calling {198.162.52.126 %!s(int=8000) }
[peer] 23:28:54.041807 main.go:491: 3:Inside callRegisterRPC
[peer] 23:28:54.041817 main.go:495: 3Making RPC call
[peer] 23:28:54.041887 main.go:598: 3:Peer started. Receiving on 8003
[peer] 23:28:54.042072 main.go:501: 3RPC dial successful
[peer] 23:28:54.042153 main.go:504: 3:Calling RPC:198.162.52.126:8000
[peer] 23:28:54.042199 main.go:506: 3:RPC called198.162.52.126:8000
[peer] 23:28:54.042901 main.go:513: 3:Announced myself to a fellow peer at port. Got lastest chain
[peer] 23:28:54.042953 main.go:524: 3Got lastest chain until iteration 1
[peer] 23:28:54.043024 main.go:472: 3:Calling {198.162.52.126 %!s(int=8001) }
[peer] 23:28:54.043064 main.go:491: 3:Inside callRegisterRPC
[peer] 23:28:54.043099 main.go:495: 3Making RPC call
[peer] 23:28:54.043208 main.go:501: 3RPC dial successful
[peer] 23:28:54.043225 main.go:504: 3:Calling RPC:198.162.52.126:8001
[peer] 23:28:54.043236 main.go:506: 3:RPC called198.162.52.126:8001
[peer] 23:28:54.043805 main.go:513: 3:Announced myself to a fellow peer at port. Got lastest chain
[peer] 23:28:54.043852 main.go:524: 3Got lastest chain until iteration 1
[peer] 23:28:54.043927 main.go:472: 3:Calling {198.162.52.126 %!s(int=8002) }
[peer] 23:28:54.044007 main.go:491: 3:Inside callRegisterRPC
[peer] 23:28:54.044043 main.go:495: 3Making RPC call
[err] 23:28:54.044133 main.go:282: Peer offline.Couldn't connect to peer: 198.162.52.126:8002, err = dial tcp 198.162.52.126:8002: connect: connection refused
[peer] 23:28:54.044157 main.go:472: 3:Calling {198.162.52.126 %!s(int=8004) }
[peer] 23:28:54.044167 main.go:491: 3:Inside callRegisterRPC
[peer] 23:28:54.044176 main.go:495: 3Making RPC call
[err] 23:28:54.044228 main.go:282: Peer offline.Couldn't connect to peer: 198.162.52.126:8004, err = dial tcp 198.162.52.126:8004: connect: connection refused
[peer] 23:28:54.044246 main.go:472: 3:Calling {198.162.52.126 %!s(int=8005) }
[peer] 23:28:54.044255 main.go:491: 3:Inside callRegisterRPC
[peer] 23:28:54.044264 main.go:495: 3Making RPC call
[err] 23:28:54.044316 main.go:282: Peer offline.Couldn't connect to peer: 198.162.52.126:8005, err = dial tcp 198.162.52.126:8005: connect: connection refused
[peer] 23:28:54.044334 main.go:472: 3:Calling {198.162.52.126 %!s(int=8006) }
[peer] 23:28:54.044344 main.go:491: 3:Inside callRegisterRPC
[peer] 23:28:54.044352 main.go:495: 3Making RPC call
[peer] 23:28:54.044424 main.go:501: 3RPC dial successful
[peer] 23:28:54.044438 main.go:504: 3:Calling RPC:198.162.52.126:8006
[peer] 23:28:54.044449 main.go:506: 3:RPC called198.162.52.126:8006
[peer] 23:28:54.045068 main.go:513: 3:Announced myself to a fellow peer at port. Got lastest chain
[peer] 23:28:54.045146 main.go:472: 3:Calling {198.162.52.126 %!s(int=8007) }
[peer] 23:28:54.045182 main.go:491: 3:Inside callRegisterRPC
[peer] 23:28:54.045214 main.go:495: 3Making RPC call
[err] 23:28:54.045290 main.go:282: Peer offline.Couldn't connect to peer: 198.162.52.126:8007, err = dial tcp 198.162.52.126:8007: connect: connection refused
[peer] 23:28:54.045332 main.go:472: 3:Calling {198.162.52.126 %!s(int=8008) }
[peer] 23:28:54.045364 main.go:491: 3:Inside callRegisterRPC
[peer] 23:28:54.045395 main.go:495: 3Making RPC call
[err] 23:28:54.045482 main.go:282: Peer offline.Couldn't connect to peer: 198.162.52.126:8008, err = dial tcp 198.162.52.126:8008: connect: connection refused
[peer] 23:28:54.045523 main.go:472: 3:Calling {198.162.52.126 %!s(int=8009) }
[peer] 23:28:54.045556 main.go:491: 3:Inside callRegisterRPC
[peer] 23:28:54.045588 main.go:495: 3Making RPC call
[peer] 23:28:54.045692 main.go:501: 3RPC dial successful
[peer] 23:28:54.045866 main.go:504: 3:Calling RPC:198.162.52.126:8009
[peer] 23:28:54.045907 main.go:506: 3:RPC called198.162.52.126:8009
[peer] 23:28:54.046453 main.go:513: 3:Announced myself to a fellow peer at port. Got lastest chain
[peer] 23:28:54.046523 main.go:472: 3:Calling {198.162.52.57 %!s(int=8010) }
[peer] 23:28:54.046596 main.go:491: 3:Inside callRegisterRPC
[peer] 23:28:54.046632 main.go:495: 3Making RPC call
[peer] 23:28:54.047230 main.go:501: 3RPC dial successful
[peer] 23:28:54.047247 main.go:504: 3:Calling RPC:198.162.52.57:8010
[peer] 23:28:54.047260 main.go:506: 3:RPC called198.162.52.57:8010
[peer] 23:28:54.048846 main.go:513: 3:Announced myself to a fellow peer at port. Got lastest chain
[peer] 23:28:54.048888 main.go:472: 3:Calling {198.162.52.57 %!s(int=8011) }
[peer] 23:28:54.048907 main.go:491: 3:Inside callRegisterRPC
[peer] 23:28:54.048916 main.go:495: 3Making RPC call
[peer] 23:28:54.049237 main.go:501: 3RPC dial successful
[peer] 23:28:54.049253 main.go:504: 3:Calling RPC:198.162.52.57:8011
[peer] 23:28:54.049264 main.go:506: 3:RPC called198.162.52.57:8011
[peer] 23:28:54.050680 main.go:513: 3:Announced myself to a fellow peer at port. Got lastest chain
[peer] 23:28:54.050723 main.go:472: 3:Calling {198.162.52.57 %!s(int=8012) }
[peer] 23:28:54.050742 main.go:491: 3:Inside callRegisterRPC
[peer] 23:28:54.050754 main.go:495: 3Making RPC call
[peer] 23:28:54.051081 main.go:501: 3RPC dial successful
[peer] 23:28:54.051096 main.go:504: 3:Calling RPC:198.162.52.57:8012
[peer] 23:28:54.051108 main.go:506: 3:RPC called198.162.52.57:8012
[peer] 23:28:54.052510 main.go:513: 3:Announced myself to a fellow peer at port. Got lastest chain
[peer] 23:28:54.052549 main.go:472: 3:Calling {198.162.52.57 %!s(int=8013) }
[peer] 23:28:54.052562 main.go:491: 3:Inside callRegisterRPC
[peer] 23:28:54.052571 main.go:495: 3Making RPC call
[peer] 23:28:54.052898 main.go:501: 3RPC dial successful
[peer] 23:28:54.052915 main.go:504: 3:Calling RPC:198.162.52.57:8013
[peer] 23:28:54.052929 main.go:506: 3:RPC called198.162.52.57:8013
[peer] 23:28:54.054456 main.go:513: 3:Announced myself to a fellow peer at port. Got lastest chain
[peer] 23:28:54.054497 main.go:472: 3:Calling {198.162.52.57 %!s(int=8014) }
[peer] 23:28:54.054510 main.go:491: 3:Inside callRegisterRPC
[peer] 23:28:54.054519 main.go:495: 3Making RPC call
[peer] 23:28:54.054840 main.go:501: 3RPC dial successful
[peer] 23:28:54.054855 main.go:504: 3:Calling RPC:198.162.52.57:8014
[peer] 23:28:54.054867 main.go:506: 3:RPC called198.162.52.57:8014
[peer] 23:28:54.056318 main.go:513: 3:Announced myself to a fellow peer at port. Got lastest chain
[peer] 23:28:54.056362 main.go:472: 3:Calling {198.162.52.57 %!s(int=8015) }
[peer] 23:28:54.056376 main.go:491: 3:Inside callRegisterRPC
[peer] 23:28:54.056392 main.go:495: 3Making RPC call
[peer] 23:28:54.056716 main.go:501: 3RPC dial successful
[peer] 23:28:54.056731 main.go:504: 3:Calling RPC:198.162.52.57:8015
[peer] 23:28:54.056742 main.go:506: 3:RPC called198.162.52.57:8015
[peer] 23:28:54.057975 main.go:513: 3:Announced myself to a fellow peer at port. Got lastest chain
[peer] 23:28:54.058015 main.go:472: 3:Calling {198.162.52.57 %!s(int=8016) }
[peer] 23:28:54.058029 main.go:491: 3:Inside callRegisterRPC
[peer] 23:28:54.058038 main.go:495: 3Making RPC call
[peer] 23:28:54.058365 main.go:501: 3RPC dial successful
[peer] 23:28:54.058380 main.go:504: 3:Calling RPC:198.162.52.57:8016
[peer] 23:28:54.058391 main.go:506: 3:RPC called198.162.52.57:8016
[peer] 23:28:54.059655 main.go:513: 3:Announced myself to a fellow peer at port. Got lastest chain
[peer] 23:28:54.059698 main.go:472: 3:Calling {198.162.52.57 %!s(int=8017) }
[peer] 23:28:54.059711 main.go:491: 3:Inside callRegisterRPC
[peer] 23:28:54.059721 main.go:495: 3Making RPC call
[peer] 23:28:54.060048 main.go:501: 3RPC dial successful
[peer] 23:28:54.060063 main.go:504: 3:Calling RPC:198.162.52.57:8017
[peer] 23:28:54.060075 main.go:506: 3:RPC called198.162.52.57:8017
[peer] 23:28:54.061500 main.go:513: 3:Announced myself to a fellow peer at port. Got lastest chain
[peer] 23:28:54.061552 main.go:472: 3:Calling {198.162.52.57 %!s(int=8018) }
[peer] 23:28:54.061571 main.go:491: 3:Inside callRegisterRPC
[peer] 23:28:54.061581 main.go:495: 3Making RPC call
[peer] 23:28:54.061899 main.go:501: 3RPC dial successful
[peer] 23:28:54.061917 main.go:504: 3:Calling RPC:198.162.52.57:8018
[peer] 23:28:54.061929 main.go:506: 3:RPC called198.162.52.57:8018
[peer] 23:28:54.063694 main.go:513: 3:Announced myself to a fellow peer at port. Got lastest chain
[peer] 23:28:54.063737 main.go:472: 3:Calling {198.162.52.57 %!s(int=8019) }
[peer] 23:28:54.063751 main.go:491: 3:Inside callRegisterRPC
[peer] 23:28:54.063761 main.go:495: 3Making RPC call
[peer] 23:28:54.064071 main.go:501: 3RPC dial successful
[peer] 23:28:54.064086 main.go:504: 3:Calling RPC:198.162.52.57:8019
[peer] 23:28:54.064098 main.go:506: 3:RPC called198.162.52.57:8019
[peer] 23:28:54.065646 main.go:513: 3:Announced myself to a fellow peer at port. Got lastest chain
[peer] 23:28:54.065686 main.go:482: 3:Bootstrapped Network. Calling signal
[peer] 23:28:54.065700 main.go:484: 3:Bootstrapped Network. Signal called
[peer] 23:28:54.065711 main.go:557: 3:Acquiring bool lock
[peer] 23:28:54.065720 main.go:559: 3:Acquired bool lock
[peer] 23:28:54.067308 main.go:578: 3:I am not verifier IterationCount:2
[peer] 23:28:54.067325 main.go:583: 3:Bool lock released
[peer] 23:28:54.067335 main.go:791: 3:Computing Update
[peer] 23:28:54.067813 main.go:255: 3 : VRF returned ID map[13:{}]
[peer] 23:28:54.067874 main.go:264: 3 :Verifiers [198.162.52.57:8013] returned.
[peer] 23:28:54.068465 main.go:836: 3:Making RPC Call to Verifier. Sending Update, Iteration:2
[peer] 23:28:54.069716 main.go:843: 3:Update sent successfully
[peer] 23:28:54.185640 main.go:602: 3:Accepted new Connection
[peer] 23:28:54.185942 main.go:201: 3:Registering peer:198.162.52.126:8008
[peer] 23:28:54.213965 main.go:602: 3:Accepted new Connection
[peer] 23:28:54.214185 main.go:201: 3:Registering peer:198.162.52.126:8007
[peer] 23:28:54.238481 main.go:602: 3:Accepted new Connection
[peer] 23:28:54.238680 main.go:201: 3:Registering peer:198.162.52.126:8002
[peer] 23:28:54.434800 main.go:602: 3:Accepted new Connection
[peer] 23:28:54.434957 main.go:201: 3:Registering peer:198.162.52.126:8005
[peer] 23:28:54.452546 main.go:602: 3:Accepted new Connection
[peer] 23:28:54.452688 main.go:201: 3:Registering peer:198.162.52.126:8004
[peer] 23:28:54.475759 main.go:602: 3:Accepted new Connection
[peer] 23:28:54.487447 main.go:126: 3:Got block message, iteration 2
[peer] 23:28:54.487495 main.go:133: 3:Acquiring bool lock
[peer] 23:28:54.487504 main.go:135: 3:Acquired bool lock
[peer] 23:28:54.487512 main.go:142: 3:Bool lock released
[peer] 23:28:54.487519 main.go:159: 3:Received better  block
[peer] 23:28:54.489288 main.go:602: 3:Accepted new Connection
[peer] 23:28:54.490448 main.go:126: 3:Got block message, iteration 2
[peer] 23:28:54.490507 main.go:133: 3:Acquiring bool lock
[peer] 23:28:54.490589 main.go:135: 3:Acquired bool lock
[peer] 23:28:54.490617 main.go:142: 3:Bool lock released
[peer] 23:28:54.490644 main.go:159: 3:Received better  block
[peer] 23:28:54.607247 main.go:602: 3:Accepted new Connection
[peer] 23:28:54.613757 main.go:602: 3:Accepted new Connection
[peer] 23:28:54.615943 main.go:126: 3:Got block message, iteration 2
[peer] 23:28:54.615973 main.go:133: 3:Acquiring bool lock
[peer] 23:28:54.615981 main.go:135: 3:Acquired bool lock
[peer] 23:28:54.615989 main.go:142: 3:Bool lock released
[peer] 23:28:54.615996 main.go:159: 3:Received better  block
[peer] 23:28:54.618332 main.go:602: 3:Accepted new Connection
[peer] 23:28:54.624053 main.go:602: 3:Accepted new Connection
[peer] 23:28:54.625758 main.go:126: 3:Got block message, iteration 2
[peer] 23:28:54.625789 main.go:133: 3:Acquiring bool lock
[peer] 23:28:54.625802 main.go:135: 3:Acquired bool lock
[peer] 23:28:54.625813 main.go:142: 3:Bool lock released
[peer] 23:28:54.625825 main.go:159: 3:Received better  block
[peer] 23:28:54.637014 main.go:602: 3:Accepted new Connection
[peer] 23:28:54.641996 main.go:126: 3:Got block message, iteration 2
[peer] 23:28:54.642017 main.go:133: 3:Acquiring bool lock
[peer] 23:28:54.642027 main.go:135: 3:Acquired bool lock
[peer] 23:28:54.642037 main.go:142: 3:Bool lock released
[peer] 23:28:54.642055 main.go:159: 3:Received better  block
[peer] 23:28:54.644647 main.go:602: 3:Accepted new Connection
[peer] 23:28:54.648091 main.go:126: 3:Got block message, iteration 2
[peer] 23:28:54.648113 main.go:133: 3:Acquiring bool lock
[peer] 23:28:54.648122 main.go:135: 3:Acquired bool lock
[peer] 23:28:54.648127 main.go:142: 3:Bool lock released
[peer] 23:28:54.648133 main.go:159: 3:Received better  block
[peer] 23:28:54.652168 main.go:126: 3:Got block message, iteration 2
[peer] 23:28:54.652192 main.go:133: 3:Acquiring bool lock
[peer] 23:28:54.652199 main.go:135: 3:Acquired bool lock
[peer] 23:28:54.652204 main.go:142: 3:Bool lock released
[peer] 23:28:54.652210 main.go:159: 3:Received better  block
[peer] 23:28:54.659673 main.go:126: 3:Got block message, iteration 2
[peer] 23:28:54.659700 main.go:133: 3:Acquiring bool lock
[peer] 23:28:54.659707 main.go:135: 3:Acquired bool lock
[peer] 23:28:54.659713 main.go:142: 3:Bool lock released
[peer] 23:28:54.659719 main.go:159: 3:Received better  block
[peer] 23:28:54.684227 main.go:602: 3:Accepted new Connection
[peer] 23:28:54.693548 main.go:126: 3:Got block message, iteration 2
[peer] 23:28:54.693633 main.go:133: 3:Acquiring bool lock
[peer] 23:28:54.693646 main.go:135: 3:Acquired bool lock
[peer] 23:28:54.693656 main.go:142: 3:Bool lock released
[peer] 23:28:54.693666 main.go:159: 3:Received better  block
[peer] 23:28:54.893502 main.go:602: 3:Accepted new Connection
[peer] 23:28:54.894288 main.go:126: 3:Got block message, iteration 2
[peer] 23:28:54.894319 main.go:133: 3:Acquiring bool lock
[peer] 23:28:54.894328 main.go:135: 3:Acquired bool lock
[peer] 23:28:54.894335 main.go:142: 3:Bool lock released
[peer] 23:28:54.894342 main.go:159: 3:Received better  block
[peer] 23:29:09.971244 main.go:602: 3:Accepted new Connection
[peer] 23:29:09.988825 main.go:602: 3:Accepted new Connection
[peer] 23:29:09.989414 main.go:126: 3:Got block message, iteration 3
[peer] 23:29:09.989533 main.go:133: 3:Acquiring bool lock
[peer] 23:29:09.989601 main.go:135: 3:Acquired bool lock
[peer] 23:29:09.989654 main.go:175: 3:Sending to channel
[peer] 23:29:09.989723 main.go:181: 3:Sent to channel
[peer] 23:29:09.989855 main.go:183: 3:Returning
[peer] 23:29:09.990194 main.go:735: 3:Blocking. Got block for 3, I am at 2
[peer] 23:29:09.990287 main.go:917: 3:Block Received. Appending to chain and moving on to the next iteration..
[peer] 23:29:09.992014 main.go:602: 3:Accepted new Connection
[peer] 23:29:10.003101 main.go:126: 3:Got block message, iteration 3
[peer] 23:29:10.003142 main.go:133: 3:Acquiring bool lock
[peer] 23:29:10.003156 main.go:135: 3:Acquired bool lock
[peer] 23:29:10.003168 main.go:175: 3:Sending to channel
[peer] 23:29:10.103473 main.go:126: 3:Got block message, iteration 3
[peer] 23:29:10.103518 main.go:133: 3:Acquiring bool lock
[peer] 23:29:10.107287 main.go:602: 3:Accepted new Connection
[peer] 23:29:10.111311 main.go:126: 3:Got block message, iteration 3
[peer] 23:29:10.111338 main.go:133: 3:Acquiring bool lock
[peer] 23:29:10.137877 main.go:602: 3:Accepted new Connection
[peer] 23:29:10.139332 main.go:126: 3:Got block message, iteration 3
[peer] 23:29:10.139370 main.go:133: 3:Acquiring bool lock
[peer] 23:29:10.148822 main.go:602: 3:Accepted new Connection
[peer] 23:29:10.151205 main.go:126: 3:Got block message, iteration 3
[peer] 23:29:10.151237 main.go:133: 3:Acquiring bool lock
[peer] 23:29:10.193744 main.go:602: 3:Accepted new Connection
[peer] 23:29:10.199042 main.go:126: 3:Got block message, iteration 3
[peer] 23:29:10.199095 main.go:133: 3:Acquiring bool lock
[peer] 23:29:10.225770 main.go:602: 3:Accepted new Connection
[peer] 23:29:10.226474 main.go:126: 3:Got block message, iteration 3
[peer] 23:29:10.226514 main.go:133: 3:Acquiring bool lock
[peer] 23:29:10.259217 main.go:602: 3:Accepted new Connection
[peer] 23:29:10.263012 main.go:126: 3:Got block message, iteration 3
[peer] 23:29:10.263055 main.go:133: 3:Acquiring bool lock
[peer] 23:29:10.309363 main.go:602: 3:Accepted new Connection
[peer] 23:29:10.331717 main.go:126: 3:Got block message, iteration 3
[peer] 23:29:10.331768 main.go:133: 3:Acquiring bool lock
[peer] 23:29:10.990371 main.go:735: 3:Blocking. Got block for 3, I am at 2
[peer] 23:29:11.990506 main.go:735: 3:Blocking. Got block for 3, I am at 2
[peer] 23:29:12.990663 main.go:735: 3:Blocking. Got block for 3, I am at 2
[peer] 23:29:13.990802 main.go:735: 3:Blocking. Got block for 3, I am at 2
[peer] 23:29:14.990916 main.go:735: 3:Blocking. Got block for 3, I am at 2
[peer] 23:29:15.991041 main.go:735: 3:Blocking. Got block for 3, I am at 2
[peer] 23:29:16.991186 main.go:735: 3:Blocking. Got block for 3, I am at 2
[peer] 23:29:17.991336 main.go:735: 3:Blocking. Got block for 3, I am at 2
[peer] 23:29:18.991469 main.go:735: 3:Blocking. Got block for 3, I am at 2
[peer] 23:29:19.991599 main.go:735: 3:Blocking. Got block for 3, I am at 2
[peer] 23:29:20.025695 main.go:602: 3:Accepted new Connection
[peer] 23:29:20.026340 main.go:103: 3:Got update message, iteration 4
[peer] 23:29:20.026484 main.go:613: 3:Blocking. Got update for 4, I am at 2
[peer] 23:29:20.991775 main.go:735: 3:Blocking. Got block for 3, I am at 2
[peer] 23:29:21.991924 main.go:735: 3:Blocking. Got block for 3, I am at 2
[peer] 23:29:22.992063 main.go:735: 3:Blocking. Got block for 3, I am at 2
[peer] 23:29:23.992256 main.go:735: 3:Blocking. Got block for 3, I am at 2
[peer] 23:29:24.992406 main.go:735: 3:Blocking. Got block for 3, I am at 2
[peer] 23:29:25.026878 main.go:613: 3:Blocking. Got update for 4, I am at 2
[peer] 23:29:25.992528 main.go:735: 3:Blocking. Got block for 3, I am at 2
[peer] 23:29:26.992663 main.go:735: 3:Blocking. Got block for 3, I am at 2
[peer] 23:29:27.992796 main.go:735: 3:Blocking. Got block for 3, I am at 2
[peer] 23:29:28.992920 main.go:735: 3:Blocking. Got block for 3, I am at 2
[peer] 23:29:29.993024 main.go:735: 3:Blocking. Got block for 3, I am at 2
[peer] 23:29:30.027001 main.go:613: 3:Blocking. Got update for 4, I am at 2
[peer] 23:29:30.993146 main.go:735: 3:Blocking. Got block for 3, I am at 2
[peer] 23:29:31.993284 main.go:735: 3:Blocking. Got block for 3, I am at 2
[peer] 23:29:32.993467 main.go:735: 3:Blocking. Got block for 3, I am at 2
[peer] 23:29:33.993698 main.go:735: 3:Blocking. Got block for 3, I am at 2
[peer] 23:29:34.993844 main.go:735: 3:Blocking. Got block for 3, I am at 2
[peer] 23:29:35.027131 main.go:613: 3:Blocking. Got update for 4, I am at 2
[peer] 23:29:35.993983 main.go:735: 3:Blocking. Got block for 3, I am at 2
[peer] 23:29:36.027550 main.go:602: 3:Accepted new Connection
[peer] 23:29:36.028072 main.go:126: 3:Got block message, iteration 4
[peer] 23:29:36.028120 main.go:133: 3:Acquiring bool lock
[peer] 23:29:36.994094 main.go:735: 3:Blocking. Got block for 3, I am at 2
[peer] 23:29:37.994195 main.go:735: 3:Blocking. Got block for 3, I am at 2
[peer] 23:29:38.994299 main.go:735: 3:Blocking. Got block for 3, I am at 2
[peer] 23:29:39.994426 main.go:735: 3:Blocking. Got block for 3, I am at 2
[peer] 23:29:40.027263 main.go:613: 3:Blocking. Got update for 4, I am at 2
[peer] 23:29:40.994562 main.go:735: 3:Blocking. Got block for 3, I am at 2
[peer] 23:29:41.994736 main.go:735: 3:Blocking. Got block for 3, I am at 2
[peer] 23:29:42.994870 main.go:735: 3:Blocking. Got block for 3, I am at 2
[peer] 23:29:43.994970 main.go:735: 3:Blocking. Got block for 3, I am at 2
[peer] 23:29:44.995107 main.go:735: 3:Blocking. Got block for 3, I am at 2
[peer] 23:29:45.027407 main.go:613: 3:Blocking. Got update for 4, I am at 2
[peer] 23:29:45.995247 main.go:735: 3:Blocking. Got block for 3, I am at 2
[peer] 23:29:46.995359 main.go:735: 3:Blocking. Got block for 3, I am at 2
[peer] 23:29:47.995467 main.go:735: 3:Blocking. Got block for 3, I am at 2
[peer] 23:29:48.995572 main.go:735: 3:Blocking. Got block for 3, I am at 2
[peer] 23:29:49.995648 main.go:735: 3:Blocking. Got block for 3, I am at 2
[peer] 23:29:50.027549 main.go:613: 3:Blocking. Got update for 4, I am at 2
[peer] 23:29:50.995778 main.go:735: 3:Blocking. Got block for 3, I am at 2
[peer] 23:29:51.995901 main.go:735: 3:Blocking. Got block for 3, I am at 2
[peer] 23:29:52.996002 main.go:735: 3:Blocking. Got block for 3, I am at 2
[peer] 23:29:53.996123 main.go:735: 3:Blocking. Got block for 3, I am at 2
[peer] 23:29:54.996209 main.go:735: 3:Blocking. Got block for 3, I am at 2
[peer] 23:29:55.027677 main.go:613: 3:Blocking. Got update for 4, I am at 2
[peer] 23:29:55.996310 main.go:735: 3:Blocking. Got block for 3, I am at 2
[peer] 23:29:56.996408 main.go:735: 3:Blocking. Got block for 3, I am at 2
[peer] 23:29:57.996520 main.go:735: 3:Blocking. Got block for 3, I am at 2
[peer] 23:29:58.996610 main.go:735: 3:Blocking. Got block for 3, I am at 2
[peer] 23:29:59.996730 main.go:735: 3:Blocking. Got block for 3, I am at 2
[peer] 23:30:00.027769 main.go:613: 3:Blocking. Got update for 4, I am at 2
[peer] 23:30:00.996826 main.go:735: 3:Blocking. Got block for 3, I am at 2
[peer] 23:30:01.996922 main.go:735: 3:Blocking. Got block for 3, I am at 2
[peer] 23:30:02.997019 main.go:735: 3:Blocking. Got block for 3, I am at 2
[peer] 23:30:03.997123 main.go:735: 3:Blocking. Got block for 3, I am at 2
[peer] 23:30:04.997227 main.go:735: 3:Blocking. Got block for 3, I am at 2
[peer] 23:30:05.027862 main.go:613: 3:Blocking. Got update for 4, I am at 2
[peer] 23:30:05.997324 main.go:735: 3:Blocking. Got block for 3, I am at 2
[peer] 23:30:06.997427 main.go:735: 3:Blocking. Got block for 3, I am at 2
[peer] 23:30:07.997562 main.go:735: 3:Blocking. Got block for 3, I am at 2
[peer] 23:30:08.997660 main.go:735: 3:Blocking. Got block for 3, I am at 2
[peer] 23:30:09.997754 main.go:735: 3:Blocking. Got block for 3, I am at 2
[peer] 23:30:10.027960 main.go:613: 3:Blocking. Got update for 4, I am at 2
[peer] 23:30:10.997868 main.go:735: 3:Blocking. Got block for 3, I am at 2
[peer] 23:30:11.997985 main.go:735: 3:Blocking. Got block for 3, I am at 2
[peer] 23:30:12.998088 main.go:735: 3:Blocking. Got block for 3, I am at 2
[peer] 23:30:13.998213 main.go:735: 3:Blocking. Got block for 3, I am at 2
[peer] 23:30:14.998385 main.go:735: 3:Blocking. Got block for 3, I am at 2
[peer] 23:30:15.028071 main.go:613: 3:Blocking. Got update for 4, I am at 2
[peer] 23:30:15.998487 main.go:735: 3:Blocking. Got block for 3, I am at 2
[peer] 23:30:16.998586 main.go:735: 3:Blocking. Got block for 3, I am at 2
[peer] 23:30:17.998710 main.go:735: 3:Blocking. Got block for 3, I am at 2
[peer] 23:30:18.998831 main.go:735: 3:Blocking. Got block for 3, I am at 2
[peer] 23:30:19.998915 main.go:735: 3:Blocking. Got block for 3, I am at 2
[peer] 23:30:20.028176 main.go:613: 3:Blocking. Got update for 4, I am at 2
[peer] 23:30:20.999018 main.go:735: 3:Blocking. Got block for 3, I am at 2
[peer] 23:30:21.999117 main.go:735: 3:Blocking. Got block for 3, I am at 2
[peer] 23:30:22.999252 main.go:735: 3:Blocking. Got block for 3, I am at 2
[peer] 23:30:23.999363 main.go:735: 3:Blocking. Got block for 3, I am at 2
[peer] 23:30:24.999519 main.go:735: 3:Blocking. Got block for 3, I am at 2
[peer] 23:30:25.028265 main.go:613: 3:Blocking. Got update for 4, I am at 2
[peer] 23:30:25.999612 main.go:735: 3:Blocking. Got block for 3, I am at 2
[peer] 23:30:26.999723 main.go:735: 3:Blocking. Got block for 3, I am at 2
[peer] 23:30:27.999827 main.go:735: 3:Blocking. Got block for 3, I am at 2
[peer] 23:30:28.999914 main.go:735: 3:Blocking. Got block for 3, I am at 2
[peer] 23:30:30.000037 main.go:735: 3:Blocking. Got block for 3, I am at 2
[peer] 23:30:30.028373 main.go:613: 3:Blocking. Got update for 4, I am at 2
[peer] 23:30:31.000141 main.go:735: 3:Blocking. Got block for 3, I am at 2
[peer] 23:30:32.000245 main.go:735: 3:Blocking. Got block for 3, I am at 2
[peer] 23:30:33.000336 main.go:735: 3:Blocking. Got block for 3, I am at 2
[peer] 23:30:34.000430 main.go:735: 3:Blocking. Got block for 3, I am at 2
[peer] 23:30:35.000533 main.go:735: 3:Blocking. Got block for 3, I am at 2
[peer] 23:30:35.028451 main.go:613: 3:Blocking. Got update for 4, I am at 2
[peer] 23:30:36.000635 main.go:735: 3:Blocking. Got block for 3, I am at 2
[peer] 23:30:37.000744 main.go:735: 3:Blocking. Got block for 3, I am at 2
[peer] 23:30:38.000838 main.go:735: 3:Blocking. Got block for 3, I am at 2
[peer] 23:30:39.000931 main.go:735: 3:Blocking. Got block for 3, I am at 2
[peer] 23:30:40.001066 main.go:735: 3:Blocking. Got block for 3, I am at 2
[peer] 23:30:40.028548 main.go:613: 3:Blocking. Got update for 4, I am at 2
[peer] 23:30:41.001168 main.go:735: 3:Blocking. Got block for 3, I am at 2
[peer] 23:30:42.001268 main.go:735: 3:Blocking. Got block for 3, I am at 2
[peer] 23:30:43.001412 main.go:735: 3:Blocking. Got block for 3, I am at 2
[peer] 23:30:44.001575 main.go:735: 3:Blocking. Got block for 3, I am at 2
[peer] 23:30:45.001729 main.go:735: 3:Blocking. Got block for 3, I am at 2
[peer] 23:30:45.028690 main.go:613: 3:Blocking. Got update for 4, I am at 2
[peer] 23:30:46.001876 main.go:735: 3:Blocking. Got block for 3, I am at 2
[peer] 23:30:47.002023 main.go:735: 3:Blocking. Got block for 3, I am at 2
