[peer] 23:28:47.533983 honest.go:105: 4Importing modules...
../ML/code/utils.py:223: FutureWarning: Method .as_matrix will be removed in a future version. Use .values instead.
  data = data.as_matrix()
../ML/code/utils.py:94: FutureWarning: Method .as_matrix will be removed in a future version. Use .values instead.
  credit = df.ix[1:nn, 1:dd].as_matrix()
[peer] 23:28:54.450652 honest.go:118: 4Sucessfully pulled dataset. Features: 25
[peer] 23:28:54.450836 main.go:467: 4:Announcing myself to network
[peer] 23:28:54.450873 main.go:472: 4:Calling {198.162.52.126 %!s(int=8000) }
[peer] 23:28:54.450880 main.go:491: 4:Inside callRegisterRPC
[peer] 23:28:54.450885 main.go:495: 4Making RPC call
[peer] 23:28:54.450897 main.go:598: 4:Peer started. Receiving on 8004
[peer] 23:28:54.450978 main.go:501: 4RPC dial successful
[peer] 23:28:54.450988 main.go:504: 4:Calling RPC:198.162.52.126:8000
[peer] 23:28:54.450998 main.go:506: 4:RPC called198.162.52.126:8000
[peer] 23:28:54.451409 main.go:513: 4:Announced myself to a fellow peer at port. Got lastest chain
[peer] 23:28:54.451428 main.go:524: 4Got lastest chain until iteration 1
[peer] 23:28:54.451476 main.go:472: 4:Calling {198.162.52.126 %!s(int=8001) }
[peer] 23:28:54.451490 main.go:491: 4:Inside callRegisterRPC
[peer] 23:28:54.451503 main.go:495: 4Making RPC call
[peer] 23:28:54.451597 main.go:501: 4RPC dial successful
[peer] 23:28:54.451616 main.go:504: 4:Calling RPC:198.162.52.126:8001
[peer] 23:28:54.451627 main.go:506: 4:RPC called198.162.52.126:8001
[peer] 23:28:54.451965 main.go:513: 4:Announced myself to a fellow peer at port. Got lastest chain
[peer] 23:28:54.451982 main.go:524: 4Got lastest chain until iteration 1
[peer] 23:28:54.452018 main.go:472: 4:Calling {198.162.52.126 %!s(int=8002) }
[peer] 23:28:54.452032 main.go:491: 4:Inside callRegisterRPC
[peer] 23:28:54.452049 main.go:495: 4Making RPC call
[peer] 23:28:54.452105 main.go:501: 4RPC dial successful
[peer] 23:28:54.452117 main.go:504: 4:Calling RPC:198.162.52.126:8002
[peer] 23:28:54.452124 main.go:506: 4:RPC called198.162.52.126:8002
[peer] 23:28:54.452441 main.go:513: 4:Announced myself to a fellow peer at port. Got lastest chain
[peer] 23:28:54.452483 main.go:472: 4:Calling {198.162.52.126 %!s(int=8003) }
[peer] 23:28:54.452492 main.go:491: 4:Inside callRegisterRPC
[peer] 23:28:54.452497 main.go:495: 4Making RPC call
[peer] 23:28:54.452549 main.go:501: 4RPC dial successful
[peer] 23:28:54.452559 main.go:504: 4:Calling RPC:198.162.52.126:8003
[peer] 23:28:54.452565 main.go:506: 4:RPC called198.162.52.126:8003
[peer] 23:28:54.452856 main.go:513: 4:Announced myself to a fellow peer at port. Got lastest chain
[peer] 23:28:54.452885 main.go:472: 4:Calling {198.162.52.126 %!s(int=8005) }
[peer] 23:28:54.452893 main.go:491: 4:Inside callRegisterRPC
[peer] 23:28:54.452898 main.go:495: 4Making RPC call
[peer] 23:28:54.452982 main.go:501: 4RPC dial successful
[peer] 23:28:54.452999 main.go:504: 4:Calling RPC:198.162.52.126:8005
[peer] 23:28:54.453010 main.go:506: 4:RPC called198.162.52.126:8005
[peer] 23:28:54.453380 main.go:513: 4:Announced myself to a fellow peer at port. Got lastest chain
[peer] 23:28:54.453416 main.go:472: 4:Calling {198.162.52.126 %!s(int=8006) }
[peer] 23:28:54.453425 main.go:491: 4:Inside callRegisterRPC
[peer] 23:28:54.453433 main.go:495: 4Making RPC call
[peer] 23:28:54.453506 main.go:501: 4RPC dial successful
[peer] 23:28:54.453522 main.go:504: 4:Calling RPC:198.162.52.126:8006
[peer] 23:28:54.453529 main.go:506: 4:RPC called198.162.52.126:8006
[peer] 23:28:54.453845 main.go:513: 4:Announced myself to a fellow peer at port. Got lastest chain
[peer] 23:28:54.453889 main.go:472: 4:Calling {198.162.52.126 %!s(int=8007) }
[peer] 23:28:54.453898 main.go:491: 4:Inside callRegisterRPC
[peer] 23:28:54.453902 main.go:495: 4Making RPC call
[peer] 23:28:54.453960 main.go:501: 4RPC dial successful
[peer] 23:28:54.453970 main.go:504: 4:Calling RPC:198.162.52.126:8007
[peer] 23:28:54.453978 main.go:506: 4:RPC called198.162.52.126:8007
[peer] 23:28:54.454278 main.go:513: 4:Announced myself to a fellow peer at port. Got lastest chain
[peer] 23:28:54.454321 main.go:472: 4:Calling {198.162.52.126 %!s(int=8008) }
[peer] 23:28:54.454330 main.go:491: 4:Inside callRegisterRPC
[peer] 23:28:54.454335 main.go:495: 4Making RPC call
[peer] 23:28:54.454386 main.go:501: 4RPC dial successful
[peer] 23:28:54.454399 main.go:504: 4:Calling RPC:198.162.52.126:8008
[peer] 23:28:54.454406 main.go:506: 4:RPC called198.162.52.126:8008
[peer] 23:28:54.454684 main.go:513: 4:Announced myself to a fellow peer at port. Got lastest chain
[peer] 23:28:54.454715 main.go:472: 4:Calling {198.162.52.126 %!s(int=8009) }
[peer] 23:28:54.454723 main.go:491: 4:Inside callRegisterRPC
[peer] 23:28:54.454728 main.go:495: 4Making RPC call
[peer] 23:28:54.454781 main.go:501: 4RPC dial successful
[peer] 23:28:54.454791 main.go:504: 4:Calling RPC:198.162.52.126:8009
[peer] 23:28:54.454796 main.go:506: 4:RPC called198.162.52.126:8009
[peer] 23:28:54.455093 main.go:513: 4:Announced myself to a fellow peer at port. Got lastest chain
[peer] 23:28:54.455128 main.go:472: 4:Calling {198.162.52.57 %!s(int=8010) }
[peer] 23:28:54.455138 main.go:491: 4:Inside callRegisterRPC
[peer] 23:28:54.455145 main.go:495: 4Making RPC call
[peer] 23:28:54.455692 main.go:501: 4RPC dial successful
[peer] 23:28:54.455705 main.go:504: 4:Calling RPC:198.162.52.57:8010
[peer] 23:28:54.455714 main.go:506: 4:RPC called198.162.52.57:8010
[peer] 23:28:54.456777 main.go:513: 4:Announced myself to a fellow peer at port. Got lastest chain
[peer] 23:28:54.456804 main.go:472: 4:Calling {198.162.52.57 %!s(int=8011) }
[peer] 23:28:54.456812 main.go:491: 4:Inside callRegisterRPC
[peer] 23:28:54.456817 main.go:495: 4Making RPC call
[peer] 23:28:54.457178 main.go:501: 4RPC dial successful
[peer] 23:28:54.457207 main.go:504: 4:Calling RPC:198.162.52.57:8011
[peer] 23:28:54.457213 main.go:506: 4:RPC called198.162.52.57:8011
[peer] 23:28:54.458306 main.go:513: 4:Announced myself to a fellow peer at port. Got lastest chain
[peer] 23:28:54.458331 main.go:472: 4:Calling {198.162.52.57 %!s(int=8012) }
[peer] 23:28:54.458338 main.go:491: 4:Inside callRegisterRPC
[peer] 23:28:54.458343 main.go:495: 4Making RPC call
[peer] 23:28:54.458790 main.go:501: 4RPC dial successful
[peer] 23:28:54.458802 main.go:504: 4:Calling RPC:198.162.52.57:8012
[peer] 23:28:54.458818 main.go:506: 4:RPC called198.162.52.57:8012
[peer] 23:28:54.459985 main.go:513: 4:Announced myself to a fellow peer at port. Got lastest chain
[peer] 23:28:54.460010 main.go:472: 4:Calling {198.162.52.57 %!s(int=8013) }
[peer] 23:28:54.460017 main.go:491: 4:Inside callRegisterRPC
[peer] 23:28:54.460021 main.go:495: 4Making RPC call
[peer] 23:28:54.460339 main.go:501: 4RPC dial successful
[peer] 23:28:54.460354 main.go:504: 4:Calling RPC:198.162.52.57:8013
[peer] 23:28:54.460372 main.go:506: 4:RPC called198.162.52.57:8013
[peer] 23:28:54.461559 main.go:513: 4:Announced myself to a fellow peer at port. Got lastest chain
[peer] 23:28:54.461589 main.go:472: 4:Calling {198.162.52.57 %!s(int=8014) }
[peer] 23:28:54.461595 main.go:491: 4:Inside callRegisterRPC
[peer] 23:28:54.461600 main.go:495: 4Making RPC call
[peer] 23:28:54.461961 main.go:501: 4RPC dial successful
[peer] 23:28:54.461972 main.go:504: 4:Calling RPC:198.162.52.57:8014
[peer] 23:28:54.461980 main.go:506: 4:RPC called198.162.52.57:8014
[peer] 23:28:54.463142 main.go:513: 4:Announced myself to a fellow peer at port. Got lastest chain
[peer] 23:28:54.463198 main.go:472: 4:Calling {198.162.52.57 %!s(int=8015) }
[peer] 23:28:54.463209 main.go:491: 4:Inside callRegisterRPC
[peer] 23:28:54.463223 main.go:495: 4Making RPC call
[peer] 23:28:54.463547 main.go:501: 4RPC dial successful
[peer] 23:28:54.463571 main.go:504: 4:Calling RPC:198.162.52.57:8015
[peer] 23:28:54.463599 main.go:506: 4:RPC called198.162.52.57:8015
[peer] 23:28:54.464823 main.go:513: 4:Announced myself to a fellow peer at port. Got lastest chain
[peer] 23:28:54.464851 main.go:472: 4:Calling {198.162.52.57 %!s(int=8016) }
[peer] 23:28:54.464858 main.go:491: 4:Inside callRegisterRPC
[peer] 23:28:54.464863 main.go:495: 4Making RPC call
[peer] 23:28:54.465352 main.go:501: 4RPC dial successful
[peer] 23:28:54.465385 main.go:504: 4:Calling RPC:198.162.52.57:8016
[peer] 23:28:54.465406 main.go:506: 4:RPC called198.162.52.57:8016
[peer] 23:28:54.466522 main.go:513: 4:Announced myself to a fellow peer at port. Got lastest chain
[peer] 23:28:54.466559 main.go:472: 4:Calling {198.162.52.57 %!s(int=8017) }
[peer] 23:28:54.466568 main.go:491: 4:Inside callRegisterRPC
[peer] 23:28:54.466576 main.go:495: 4Making RPC call
[peer] 23:28:54.467031 main.go:501: 4RPC dial successful
[peer] 23:28:54.467061 main.go:504: 4:Calling RPC:198.162.52.57:8017
[peer] 23:28:54.467070 main.go:506: 4:RPC called198.162.52.57:8017
[peer] 23:28:54.468155 main.go:513: 4:Announced myself to a fellow peer at port. Got lastest chain
[peer] 23:28:54.468184 main.go:472: 4:Calling {198.162.52.57 %!s(int=8018) }
[peer] 23:28:54.468191 main.go:491: 4:Inside callRegisterRPC
[peer] 23:28:54.468196 main.go:495: 4Making RPC call
[peer] 23:28:54.468699 main.go:501: 4RPC dial successful
[peer] 23:28:54.468710 main.go:504: 4:Calling RPC:198.162.52.57:8018
[peer] 23:28:54.468720 main.go:506: 4:RPC called198.162.52.57:8018
[peer] 23:28:54.470132 main.go:513: 4:Announced myself to a fellow peer at port. Got lastest chain
[peer] 23:28:54.470166 main.go:472: 4:Calling {198.162.52.57 %!s(int=8019) }
[peer] 23:28:54.470175 main.go:491: 4:Inside callRegisterRPC
[peer] 23:28:54.470203 main.go:495: 4Making RPC call
[peer] 23:28:54.470621 main.go:501: 4RPC dial successful
[peer] 23:28:54.470637 main.go:504: 4:Calling RPC:198.162.52.57:8019
[peer] 23:28:54.470646 main.go:506: 4:RPC called198.162.52.57:8019
[peer] 23:28:54.471752 main.go:513: 4:Announced myself to a fellow peer at port. Got lastest chain
[peer] 23:28:54.471784 main.go:482: 4:Bootstrapped Network. Calling signal
[peer] 23:28:54.471795 main.go:484: 4:Bootstrapped Network. Signal called
[peer] 23:28:54.471806 main.go:557: 4:Acquiring bool lock
[peer] 23:28:54.471836 main.go:559: 4:Acquired bool lock
[peer] 23:28:54.472941 main.go:578: 4:I am not verifier IterationCount:2
[peer] 23:28:54.472953 main.go:583: 4:Bool lock released
[peer] 23:28:54.472962 main.go:791: 4:Computing Update
[peer] 23:28:54.473283 main.go:255: 4 : VRF returned ID map[13:{}]
[peer] 23:28:54.473301 main.go:264: 4 :Verifiers [198.162.52.57:8013] returned.
[peer] 23:28:54.473714 main.go:836: 4:Making RPC Call to Verifier. Sending Update, Iteration:2
[peer] 23:28:54.474849 main.go:843: 4:Update sent successfully
[peer] 23:28:54.475778 main.go:602: 4:Accepted new Connection
[peer] 23:28:54.480676 main.go:126: 4:Got block message, iteration 2
[peer] 23:28:54.480699 main.go:133: 4:Acquiring bool lock
[peer] 23:28:54.480705 main.go:135: 4:Acquired bool lock
[peer] 23:28:54.480710 main.go:142: 4:Bool lock released
[peer] 23:28:54.480715 main.go:159: 4:Received better  block
[peer] 23:28:54.495704 main.go:602: 4:Accepted new Connection
[peer] 23:28:54.495960 main.go:126: 4:Got block message, iteration 2
[peer] 23:28:54.495984 main.go:133: 4:Acquiring bool lock
[peer] 23:28:54.495991 main.go:135: 4:Acquired bool lock
[peer] 23:28:54.495999 main.go:142: 4:Bool lock released
[peer] 23:28:54.496006 main.go:159: 4:Received better  block
[peer] 23:28:54.606151 main.go:602: 4:Accepted new Connection
[peer] 23:28:54.608492 main.go:126: 4:Got block message, iteration 2
[peer] 23:28:54.608511 main.go:133: 4:Acquiring bool lock
[peer] 23:28:54.608522 main.go:135: 4:Acquired bool lock
[peer] 23:28:54.608531 main.go:142: 4:Bool lock released
[peer] 23:28:54.608538 main.go:159: 4:Received better  block
[peer] 23:28:54.613220 main.go:602: 4:Accepted new Connection
[peer] 23:28:54.617111 main.go:126: 4:Got block message, iteration 2
[peer] 23:28:54.617136 main.go:133: 4:Acquiring bool lock
[peer] 23:28:54.617143 main.go:135: 4:Acquired bool lock
[peer] 23:28:54.617149 main.go:142: 4:Bool lock released
[peer] 23:28:54.617153 main.go:159: 4:Received better  block
[peer] 23:28:54.618267 main.go:602: 4:Accepted new Connection
[peer] 23:28:54.625067 main.go:602: 4:Accepted new Connection
[peer] 23:28:54.628838 main.go:126: 4:Got block message, iteration 2
[peer] 23:28:54.628879 main.go:133: 4:Acquiring bool lock
[peer] 23:28:54.628886 main.go:135: 4:Acquired bool lock
[peer] 23:28:54.628891 main.go:142: 4:Bool lock released
[peer] 23:28:54.628897 main.go:159: 4:Received better  block
[peer] 23:28:54.636085 main.go:602: 4:Accepted new Connection
[peer] 23:28:54.642745 main.go:126: 4:Got block message, iteration 2
[peer] 23:28:54.642782 main.go:133: 4:Acquiring bool lock
[peer] 23:28:54.642789 main.go:135: 4:Acquired bool lock
[peer] 23:28:54.642795 main.go:142: 4:Bool lock released
[peer] 23:28:54.642800 main.go:159: 4:Received better  block
[peer] 23:28:54.644648 main.go:602: 4:Accepted new Connection
[peer] 23:28:54.651092 main.go:126: 4:Got block message, iteration 2
[peer] 23:28:54.651111 main.go:133: 4:Acquiring bool lock
[peer] 23:28:54.651117 main.go:135: 4:Acquired bool lock
[peer] 23:28:54.651125 main.go:142: 4:Bool lock released
[peer] 23:28:54.651135 main.go:159: 4:Received better  block
[peer] 23:28:54.655314 main.go:126: 4:Got block message, iteration 2
[peer] 23:28:54.655346 main.go:133: 4:Acquiring bool lock
[peer] 23:28:54.655357 main.go:135: 4:Acquired bool lock
[peer] 23:28:54.655367 main.go:142: 4:Bool lock released
[peer] 23:28:54.655378 main.go:159: 4:Received better  block
[peer] 23:28:54.683730 main.go:602: 4:Accepted new Connection
[peer] 23:28:54.691613 main.go:126: 4:Got block message, iteration 2
[peer] 23:28:54.691651 main.go:133: 4:Acquiring bool lock
[peer] 23:28:54.691662 main.go:135: 4:Acquired bool lock
[peer] 23:28:54.691671 main.go:142: 4:Bool lock released
[peer] 23:28:54.691680 main.go:159: 4:Received better  block
[peer] 23:28:54.832513 main.go:602: 4:Accepted new Connection
[peer] 23:28:54.893045 main.go:126: 4:Got block message, iteration 2
[peer] 23:28:54.893074 main.go:133: 4:Acquiring bool lock
[peer] 23:28:54.893083 main.go:135: 4:Acquired bool lock
[peer] 23:28:54.893090 main.go:142: 4:Bool lock released
[peer] 23:28:54.893097 main.go:159: 4:Received better  block
[peer] 23:29:09.971256 main.go:602: 4:Accepted new Connection
[peer] 23:29:09.977911 main.go:126: 4:Got block message, iteration 3
[peer] 23:29:09.977940 main.go:133: 4:Acquiring bool lock
[peer] 23:29:09.977949 main.go:135: 4:Acquired bool lock
[peer] 23:29:09.977957 main.go:175: 4:Sending to channel
[peer] 23:29:09.977971 main.go:181: 4:Sent to channel
[peer] 23:29:09.977981 main.go:183: 4:Returning
[peer] 23:29:09.977998 main.go:917: 4:Block Received. Appending to chain and moving on to the next iteration..
[peer] 23:29:09.978018 main.go:735: 4:Blocking. Got block for 3, I am at 2
[peer] 23:29:09.988736 main.go:602: 4:Accepted new Connection
[peer] 23:29:09.989130 main.go:126: 4:Got block message, iteration 3
[peer] 23:29:09.989223 main.go:133: 4:Acquiring bool lock
[peer] 23:29:09.989239 main.go:135: 4:Acquired bool lock
[peer] 23:29:09.989286 main.go:175: 4:Sending to channel
[peer] 23:29:09.992931 main.go:602: 4:Accepted new Connection
[peer] 23:29:10.105593 main.go:126: 4:Got block message, iteration 3
[peer] 23:29:10.105637 main.go:133: 4:Acquiring bool lock
[peer] 23:29:10.107293 main.go:602: 4:Accepted new Connection
[peer] 23:29:10.108245 main.go:126: 4:Got block message, iteration 3
[peer] 23:29:10.108265 main.go:133: 4:Acquiring bool lock
[peer] 23:29:10.137899 main.go:602: 4:Accepted new Connection
[peer] 23:29:10.139139 main.go:126: 4:Got block message, iteration 3
[peer] 23:29:10.139174 main.go:133: 4:Acquiring bool lock
[peer] 23:29:10.147981 main.go:602: 4:Accepted new Connection
[peer] 23:29:10.152144 main.go:126: 4:Got block message, iteration 3
[peer] 23:29:10.152185 main.go:133: 4:Acquiring bool lock
[peer] 23:29:10.193730 main.go:602: 4:Accepted new Connection
[peer] 23:29:10.204086 main.go:126: 4:Got block message, iteration 3
[peer] 23:29:10.204131 main.go:133: 4:Acquiring bool lock
[peer] 23:29:10.225015 main.go:602: 4:Accepted new Connection
[peer] 23:29:10.227178 main.go:126: 4:Got block message, iteration 3
[peer] 23:29:10.227208 main.go:133: 4:Acquiring bool lock
[peer] 23:29:10.259217 main.go:602: 4:Accepted new Connection
[peer] 23:29:10.261353 main.go:126: 4:Got block message, iteration 3
[peer] 23:29:10.261402 main.go:133: 4:Acquiring bool lock
[peer] 23:29:10.309231 main.go:602: 4:Accepted new Connection
[peer] 23:29:10.330445 main.go:126: 4:Got block message, iteration 3
[peer] 23:29:10.330477 main.go:133: 4:Acquiring bool lock
[peer] 23:29:10.978154 main.go:735: 4:Blocking. Got block for 3, I am at 2
[peer] 23:29:11.978293 main.go:735: 4:Blocking. Got block for 3, I am at 2
[peer] 23:29:12.978453 main.go:735: 4:Blocking. Got block for 3, I am at 2
[peer] 23:29:13.978587 main.go:735: 4:Blocking. Got block for 3, I am at 2
[peer] 23:29:14.978728 main.go:735: 4:Blocking. Got block for 3, I am at 2
[peer] 23:29:15.978861 main.go:735: 4:Blocking. Got block for 3, I am at 2
[peer] 23:29:16.978998 main.go:735: 4:Blocking. Got block for 3, I am at 2
[peer] 23:29:17.979136 main.go:735: 4:Blocking. Got block for 3, I am at 2
[peer] 23:29:18.979270 main.go:735: 4:Blocking. Got block for 3, I am at 2
[peer] 23:29:19.979404 main.go:735: 4:Blocking. Got block for 3, I am at 2
[peer] 23:29:20.979521 main.go:735: 4:Blocking. Got block for 3, I am at 2
[peer] 23:29:21.979650 main.go:735: 4:Blocking. Got block for 3, I am at 2
[peer] 23:29:22.979785 main.go:735: 4:Blocking. Got block for 3, I am at 2
[peer] 23:29:23.979915 main.go:735: 4:Blocking. Got block for 3, I am at 2
[peer] 23:29:24.980063 main.go:735: 4:Blocking. Got block for 3, I am at 2
[peer] 23:29:25.980171 main.go:735: 4:Blocking. Got block for 3, I am at 2
[peer] 23:29:26.980274 main.go:735: 4:Blocking. Got block for 3, I am at 2
[peer] 23:29:27.980414 main.go:735: 4:Blocking. Got block for 3, I am at 2
[peer] 23:29:28.980553 main.go:735: 4:Blocking. Got block for 3, I am at 2
[peer] 23:29:29.980703 main.go:735: 4:Blocking. Got block for 3, I am at 2
[peer] 23:29:30.980847 main.go:735: 4:Blocking. Got block for 3, I am at 2
[peer] 23:29:31.980987 main.go:735: 4:Blocking. Got block for 3, I am at 2
[peer] 23:29:32.981128 main.go:735: 4:Blocking. Got block for 3, I am at 2
[peer] 23:29:33.981288 main.go:735: 4:Blocking. Got block for 3, I am at 2
[peer] 23:29:34.981391 main.go:735: 4:Blocking. Got block for 3, I am at 2
[peer] 23:29:35.981561 main.go:735: 4:Blocking. Got block for 3, I am at 2
[peer] 23:29:36.269935 main.go:602: 4:Accepted new Connection
[peer] 23:29:36.280841 main.go:126: 4:Got block message, iteration 4
[peer] 23:29:36.280878 main.go:133: 4:Acquiring bool lock
[peer] 23:29:36.981689 main.go:735: 4:Blocking. Got block for 3, I am at 2
[peer] 23:29:37.981787 main.go:735: 4:Blocking. Got block for 3, I am at 2
[peer] 23:29:38.981884 main.go:735: 4:Blocking. Got block for 3, I am at 2
[peer] 23:29:39.982007 main.go:735: 4:Blocking. Got block for 3, I am at 2
[peer] 23:29:40.982108 main.go:735: 4:Blocking. Got block for 3, I am at 2
[peer] 23:29:41.982222 main.go:735: 4:Blocking. Got block for 3, I am at 2
[peer] 23:29:42.982338 main.go:735: 4:Blocking. Got block for 3, I am at 2
[peer] 23:29:43.982421 main.go:735: 4:Blocking. Got block for 3, I am at 2
[peer] 23:29:44.982517 main.go:735: 4:Blocking. Got block for 3, I am at 2
[peer] 23:29:45.982640 main.go:735: 4:Blocking. Got block for 3, I am at 2
[peer] 23:29:46.982746 main.go:735: 4:Blocking. Got block for 3, I am at 2
[peer] 23:29:47.982842 main.go:735: 4:Blocking. Got block for 3, I am at 2
[peer] 23:29:48.982915 main.go:735: 4:Blocking. Got block for 3, I am at 2
[peer] 23:29:49.983011 main.go:735: 4:Blocking. Got block for 3, I am at 2
[peer] 23:29:50.983092 main.go:735: 4:Blocking. Got block for 3, I am at 2
[peer] 23:29:51.983194 main.go:735: 4:Blocking. Got block for 3, I am at 2
[peer] 23:29:52.983291 main.go:735: 4:Blocking. Got block for 3, I am at 2
[peer] 23:29:53.983382 main.go:735: 4:Blocking. Got block for 3, I am at 2
[peer] 23:29:54.983481 main.go:735: 4:Blocking. Got block for 3, I am at 2
[peer] 23:29:55.983579 main.go:735: 4:Blocking. Got block for 3, I am at 2
[peer] 23:29:56.983684 main.go:735: 4:Blocking. Got block for 3, I am at 2
[peer] 23:29:57.983778 main.go:735: 4:Blocking. Got block for 3, I am at 2
[peer] 23:29:58.983884 main.go:735: 4:Blocking. Got block for 3, I am at 2
[peer] 23:29:59.983975 main.go:735: 4:Blocking. Got block for 3, I am at 2
[peer] 23:30:00.984071 main.go:735: 4:Blocking. Got block for 3, I am at 2
[peer] 23:30:01.984165 main.go:735: 4:Blocking. Got block for 3, I am at 2
[peer] 23:30:02.984259 main.go:735: 4:Blocking. Got block for 3, I am at 2
[peer] 23:30:03.984353 main.go:735: 4:Blocking. Got block for 3, I am at 2
[peer] 23:30:04.984463 main.go:735: 4:Blocking. Got block for 3, I am at 2
[peer] 23:30:05.984549 main.go:735: 4:Blocking. Got block for 3, I am at 2
[peer] 23:30:06.984650 main.go:735: 4:Blocking. Got block for 3, I am at 2
[peer] 23:30:07.984757 main.go:735: 4:Blocking. Got block for 3, I am at 2
[peer] 23:30:08.984857 main.go:735: 4:Blocking. Got block for 3, I am at 2
[peer] 23:30:09.984956 main.go:735: 4:Blocking. Got block for 3, I am at 2
[peer] 23:30:10.985046 main.go:735: 4:Blocking. Got block for 3, I am at 2
[peer] 23:30:11.985139 main.go:735: 4:Blocking. Got block for 3, I am at 2
[peer] 23:30:12.985229 main.go:735: 4:Blocking. Got block for 3, I am at 2
[peer] 23:30:13.985318 main.go:735: 4:Blocking. Got block for 3, I am at 2
[peer] 23:30:14.985410 main.go:735: 4:Blocking. Got block for 3, I am at 2
[peer] 23:30:15.985501 main.go:735: 4:Blocking. Got block for 3, I am at 2
[peer] 23:30:16.985582 main.go:735: 4:Blocking. Got block for 3, I am at 2
[peer] 23:30:17.985680 main.go:735: 4:Blocking. Got block for 3, I am at 2
[peer] 23:30:18.985777 main.go:735: 4:Blocking. Got block for 3, I am at 2
[peer] 23:30:19.985864 main.go:735: 4:Blocking. Got block for 3, I am at 2
[peer] 23:30:20.985952 main.go:735: 4:Blocking. Got block for 3, I am at 2
[peer] 23:30:21.986039 main.go:735: 4:Blocking. Got block for 3, I am at 2
[peer] 23:30:22.986123 main.go:735: 4:Blocking. Got block for 3, I am at 2
[peer] 23:30:23.986205 main.go:735: 4:Blocking. Got block for 3, I am at 2
[peer] 23:30:24.986291 main.go:735: 4:Blocking. Got block for 3, I am at 2
[peer] 23:30:25.986377 main.go:735: 4:Blocking. Got block for 3, I am at 2
[peer] 23:30:26.986462 main.go:735: 4:Blocking. Got block for 3, I am at 2
[peer] 23:30:27.986549 main.go:735: 4:Blocking. Got block for 3, I am at 2
[peer] 23:30:28.986637 main.go:735: 4:Blocking. Got block for 3, I am at 2
[peer] 23:30:29.986724 main.go:735: 4:Blocking. Got block for 3, I am at 2
[peer] 23:30:30.986813 main.go:735: 4:Blocking. Got block for 3, I am at 2
[peer] 23:30:31.986907 main.go:735: 4:Blocking. Got block for 3, I am at 2
[peer] 23:30:32.986994 main.go:735: 4:Blocking. Got block for 3, I am at 2
[peer] 23:30:33.987070 main.go:735: 4:Blocking. Got block for 3, I am at 2
[peer] 23:30:34.987154 main.go:735: 4:Blocking. Got block for 3, I am at 2
[peer] 23:30:35.987239 main.go:735: 4:Blocking. Got block for 3, I am at 2
[peer] 23:30:36.987323 main.go:735: 4:Blocking. Got block for 3, I am at 2
[peer] 23:30:37.987416 main.go:735: 4:Blocking. Got block for 3, I am at 2
[peer] 23:30:38.987503 main.go:735: 4:Blocking. Got block for 3, I am at 2
[peer] 23:30:39.987596 main.go:735: 4:Blocking. Got block for 3, I am at 2
[peer] 23:30:40.987693 main.go:735: 4:Blocking. Got block for 3, I am at 2
[peer] 23:30:41.987784 main.go:735: 4:Blocking. Got block for 3, I am at 2
[peer] 23:30:42.987878 main.go:735: 4:Blocking. Got block for 3, I am at 2
[peer] 23:30:43.987993 main.go:735: 4:Blocking. Got block for 3, I am at 2
[peer] 23:30:44.988108 main.go:735: 4:Blocking. Got block for 3, I am at 2
[peer] 23:30:45.988233 main.go:735: 4:Blocking. Got block for 3, I am at 2
[peer] 23:30:46.988374 main.go:735: 4:Blocking. Got block for 3, I am at 2
