[peer] 23:28:47.713393 honest.go:105: 5Importing modules...
../ML/code/utils.py:223: FutureWarning: Method .as_matrix will be removed in a future version. Use .values instead.
  data = data.as_matrix()
../ML/code/utils.py:94: FutureWarning: Method .as_matrix will be removed in a future version. Use .values instead.
  credit = df.ix[1:nn, 1:dd].as_matrix()
[peer] 23:28:54.432630 honest.go:118: 5Sucessfully pulled dataset. Features: 25
[peer] 23:28:54.432849 main.go:467: 5:Announcing myself to network
[peer] 23:28:54.432897 main.go:472: 5:Calling {198.162.52.126 %!s(int=8000) }
[peer] 23:28:54.432905 main.go:491: 5:Inside callRegisterRPC
[peer] 23:28:54.432910 main.go:495: 5Making RPC call
[peer] 23:28:54.432929 main.go:598: 5:Peer started. Receiving on 8005
[peer] 23:28:54.433076 main.go:501: 5RPC dial successful
[peer] 23:28:54.433091 main.go:504: 5:Calling RPC:198.162.52.126:8000
[peer] 23:28:54.433103 main.go:506: 5:RPC called198.162.52.126:8000
[peer] 23:28:54.433629 main.go:513: 5:Announced myself to a fellow peer at port. Got lastest chain
[peer] 23:28:54.433651 main.go:524: 5Got lastest chain until iteration 1
[peer] 23:28:54.433703 main.go:472: 5:Calling {198.162.52.126 %!s(int=8001) }
[peer] 23:28:54.433713 main.go:491: 5:Inside callRegisterRPC
[peer] 23:28:54.433721 main.go:495: 5Making RPC call
[peer] 23:28:54.433789 main.go:501: 5RPC dial successful
[peer] 23:28:54.433800 main.go:504: 5:Calling RPC:198.162.52.126:8001
[peer] 23:28:54.433806 main.go:506: 5:RPC called198.162.52.126:8001
[peer] 23:28:54.434125 main.go:513: 5:Announced myself to a fellow peer at port. Got lastest chain
[peer] 23:28:54.434136 main.go:524: 5Got lastest chain until iteration 1
[peer] 23:28:54.434163 main.go:472: 5:Calling {198.162.52.126 %!s(int=8002) }
[peer] 23:28:54.434171 main.go:491: 5:Inside callRegisterRPC
[peer] 23:28:54.434180 main.go:495: 5Making RPC call
[peer] 23:28:54.434239 main.go:501: 5RPC dial successful
[peer] 23:28:54.434252 main.go:504: 5:Calling RPC:198.162.52.126:8002
[peer] 23:28:54.434259 main.go:506: 5:RPC called198.162.52.126:8002
[peer] 23:28:54.434691 main.go:513: 5:Announced myself to a fellow peer at port. Got lastest chain
[peer] 23:28:54.434734 main.go:472: 5:Calling {198.162.52.126 %!s(int=8003) }
[peer] 23:28:54.434742 main.go:491: 5:Inside callRegisterRPC
[peer] 23:28:54.434747 main.go:495: 5Making RPC call
[peer] 23:28:54.434798 main.go:501: 5RPC dial successful
[peer] 23:28:54.434814 main.go:504: 5:Calling RPC:198.162.52.126:8003
[peer] 23:28:54.434826 main.go:506: 5:RPC called198.162.52.126:8003
[peer] 23:28:54.435167 main.go:513: 5:Announced myself to a fellow peer at port. Got lastest chain
[peer] 23:28:54.435213 main.go:472: 5:Calling {198.162.52.126 %!s(int=8004) }
[peer] 23:28:54.435234 main.go:491: 5:Inside callRegisterRPC
[peer] 23:28:54.435252 main.go:495: 5Making RPC call
[err] 23:28:54.435305 main.go:282: Peer offline.Couldn't connect to peer: 198.162.52.126:8004, err = dial tcp 198.162.52.126:8004: connect: connection refused
[peer] 23:28:54.435320 main.go:472: 5:Calling {198.162.52.126 %!s(int=8006) }
[peer] 23:28:54.435326 main.go:491: 5:Inside callRegisterRPC
[peer] 23:28:54.435331 main.go:495: 5Making RPC call
[peer] 23:28:54.435397 main.go:501: 5RPC dial successful
[peer] 23:28:54.435409 main.go:504: 5:Calling RPC:198.162.52.126:8006
[peer] 23:28:54.435422 main.go:506: 5:RPC called198.162.52.126:8006
[peer] 23:28:54.435757 main.go:513: 5:Announced myself to a fellow peer at port. Got lastest chain
[peer] 23:28:54.435817 main.go:472: 5:Calling {198.162.52.126 %!s(int=8007) }
[peer] 23:28:54.435828 main.go:491: 5:Inside callRegisterRPC
[peer] 23:28:54.435836 main.go:495: 5Making RPC call
[peer] 23:28:54.435935 main.go:501: 5RPC dial successful
[peer] 23:28:54.435947 main.go:504: 5:Calling RPC:198.162.52.126:8007
[peer] 23:28:54.435954 main.go:506: 5:RPC called198.162.52.126:8007
[peer] 23:28:54.436235 main.go:513: 5:Announced myself to a fellow peer at port. Got lastest chain
[peer] 23:28:54.436277 main.go:472: 5:Calling {198.162.52.126 %!s(int=8008) }
[peer] 23:28:54.436286 main.go:491: 5:Inside callRegisterRPC
[peer] 23:28:54.436301 main.go:495: 5Making RPC call
[peer] 23:28:54.436360 main.go:501: 5RPC dial successful
[peer] 23:28:54.436372 main.go:504: 5:Calling RPC:198.162.52.126:8008
[peer] 23:28:54.436379 main.go:506: 5:RPC called198.162.52.126:8008
[peer] 23:28:54.436679 main.go:513: 5:Announced myself to a fellow peer at port. Got lastest chain
[peer] 23:28:54.436720 main.go:472: 5:Calling {198.162.52.126 %!s(int=8009) }
[peer] 23:28:54.436732 main.go:491: 5:Inside callRegisterRPC
[peer] 23:28:54.436741 main.go:495: 5Making RPC call
[peer] 23:28:54.436806 main.go:501: 5RPC dial successful
[peer] 23:28:54.436818 main.go:504: 5:Calling RPC:198.162.52.126:8009
[peer] 23:28:54.436825 main.go:506: 5:RPC called198.162.52.126:8009
[peer] 23:28:54.437148 main.go:513: 5:Announced myself to a fellow peer at port. Got lastest chain
[peer] 23:28:54.437181 main.go:472: 5:Calling {198.162.52.57 %!s(int=8010) }
[peer] 23:28:54.437189 main.go:491: 5:Inside callRegisterRPC
[peer] 23:28:54.437193 main.go:495: 5Making RPC call
[peer] 23:28:54.437495 main.go:501: 5RPC dial successful
[peer] 23:28:54.437508 main.go:504: 5:Calling RPC:198.162.52.57:8010
[peer] 23:28:54.437514 main.go:506: 5:RPC called198.162.52.57:8010
[peer] 23:28:54.438763 main.go:513: 5:Announced myself to a fellow peer at port. Got lastest chain
[peer] 23:28:54.438795 main.go:472: 5:Calling {198.162.52.57 %!s(int=8011) }
[peer] 23:28:54.438803 main.go:491: 5:Inside callRegisterRPC
[peer] 23:28:54.438808 main.go:495: 5Making RPC call
[peer] 23:28:54.439286 main.go:501: 5RPC dial successful
[peer] 23:28:54.439298 main.go:504: 5:Calling RPC:198.162.52.57:8011
[peer] 23:28:54.439310 main.go:506: 5:RPC called198.162.52.57:8011
[peer] 23:28:54.440489 main.go:513: 5:Announced myself to a fellow peer at port. Got lastest chain
[peer] 23:28:54.440524 main.go:472: 5:Calling {198.162.52.57 %!s(int=8012) }
[peer] 23:28:54.440533 main.go:491: 5:Inside callRegisterRPC
[peer] 23:28:54.440541 main.go:495: 5Making RPC call
[peer] 23:28:54.441023 main.go:501: 5RPC dial successful
[peer] 23:28:54.441039 main.go:504: 5:Calling RPC:198.162.52.57:8012
[peer] 23:28:54.441047 main.go:506: 5:RPC called198.162.52.57:8012
[peer] 23:28:54.442191 main.go:513: 5:Announced myself to a fellow peer at port. Got lastest chain
[peer] 23:28:54.442234 main.go:472: 5:Calling {198.162.52.57 %!s(int=8013) }
[peer] 23:28:54.442244 main.go:491: 5:Inside callRegisterRPC
[peer] 23:28:54.442254 main.go:495: 5Making RPC call
[peer] 23:28:54.442607 main.go:501: 5RPC dial successful
[peer] 23:28:54.442631 main.go:504: 5:Calling RPC:198.162.52.57:8013
[peer] 23:28:54.442644 main.go:506: 5:RPC called198.162.52.57:8013
[peer] 23:28:54.443855 main.go:513: 5:Announced myself to a fellow peer at port. Got lastest chain
[peer] 23:28:54.443904 main.go:472: 5:Calling {198.162.52.57 %!s(int=8014) }
[peer] 23:28:54.443916 main.go:491: 5:Inside callRegisterRPC
[peer] 23:28:54.443930 main.go:495: 5Making RPC call
[peer] 23:28:54.444368 main.go:501: 5RPC dial successful
[peer] 23:28:54.444385 main.go:504: 5:Calling RPC:198.162.52.57:8014
[peer] 23:28:54.444391 main.go:506: 5:RPC called198.162.52.57:8014
[peer] 23:28:54.445804 main.go:513: 5:Announced myself to a fellow peer at port. Got lastest chain
[peer] 23:28:54.445842 main.go:472: 5:Calling {198.162.52.57 %!s(int=8015) }
[peer] 23:28:54.445849 main.go:491: 5:Inside callRegisterRPC
[peer] 23:28:54.445854 main.go:495: 5Making RPC call
[peer] 23:28:54.446315 main.go:501: 5RPC dial successful
[peer] 23:28:54.446333 main.go:504: 5:Calling RPC:198.162.52.57:8015
[peer] 23:28:54.446342 main.go:506: 5:RPC called198.162.52.57:8015
[peer] 23:28:54.447532 main.go:513: 5:Announced myself to a fellow peer at port. Got lastest chain
[peer] 23:28:54.447561 main.go:472: 5:Calling {198.162.52.57 %!s(int=8016) }
[peer] 23:28:54.447568 main.go:491: 5:Inside callRegisterRPC
[peer] 23:28:54.447581 main.go:495: 5Making RPC call
[peer] 23:28:54.448061 main.go:501: 5RPC dial successful
[peer] 23:28:54.448077 main.go:504: 5:Calling RPC:198.162.52.57:8016
[peer] 23:28:54.448083 main.go:506: 5:RPC called198.162.52.57:8016
[peer] 23:28:54.449654 main.go:513: 5:Announced myself to a fellow peer at port. Got lastest chain
[peer] 23:28:54.449690 main.go:472: 5:Calling {198.162.52.57 %!s(int=8017) }
[peer] 23:28:54.449697 main.go:491: 5:Inside callRegisterRPC
[peer] 23:28:54.449701 main.go:495: 5Making RPC call
[peer] 23:28:54.450211 main.go:501: 5RPC dial successful
[peer] 23:28:54.450230 main.go:504: 5:Calling RPC:198.162.52.57:8017
[peer] 23:28:54.450238 main.go:506: 5:RPC called198.162.52.57:8017
[peer] 23:28:54.451461 main.go:513: 5:Announced myself to a fellow peer at port. Got lastest chain
[peer] 23:28:54.451486 main.go:472: 5:Calling {198.162.52.57 %!s(int=8018) }
[peer] 23:28:54.451494 main.go:491: 5:Inside callRegisterRPC
[peer] 23:28:54.451500 main.go:495: 5Making RPC call
[peer] 23:28:54.451979 main.go:501: 5RPC dial successful
[peer] 23:28:54.451991 main.go:504: 5:Calling RPC:198.162.52.57:8018
[peer] 23:28:54.452001 main.go:506: 5:RPC called198.162.52.57:8018
[peer] 23:28:54.452940 main.go:602: 5:Accepted new Connection
[peer] 23:28:54.453142 main.go:513: 5:Announced myself to a fellow peer at port. Got lastest chain
[peer] 23:28:54.453164 main.go:201: 5:Registering peer:198.162.52.126:8004
[peer] 23:28:54.453174 main.go:472: 5:Calling {198.162.52.57 %!s(int=8019) }
[peer] 23:28:54.453181 main.go:491: 5:Inside callRegisterRPC
[peer] 23:28:54.453186 main.go:495: 5Making RPC call
[peer] 23:28:54.453692 main.go:501: 5RPC dial successful
[peer] 23:28:54.453708 main.go:504: 5:Calling RPC:198.162.52.57:8019
[peer] 23:28:54.453719 main.go:506: 5:RPC called198.162.52.57:8019
[peer] 23:28:54.454909 main.go:513: 5:Announced myself to a fellow peer at port. Got lastest chain
[peer] 23:28:54.454933 main.go:482: 5:Bootstrapped Network. Calling signal
[peer] 23:28:54.454942 main.go:484: 5:Bootstrapped Network. Signal called
[peer] 23:28:54.454947 main.go:557: 5:Acquiring bool lock
[peer] 23:28:54.454952 main.go:559: 5:Acquired bool lock
[peer] 23:28:54.455947 main.go:578: 5:I am not verifier IterationCount:2
[peer] 23:28:54.455958 main.go:583: 5:Bool lock released
[peer] 23:28:54.455964 main.go:791: 5:Computing Update
[peer] 23:28:54.456289 main.go:255: 5 : VRF returned ID map[13:{}]
[peer] 23:28:54.456304 main.go:264: 5 :Verifiers [198.162.52.57:8013] returned.
[peer] 23:28:54.456662 main.go:836: 5:Making RPC Call to Verifier. Sending Update, Iteration:2
[peer] 23:28:54.457715 main.go:843: 5:Update sent successfully
[peer] 23:28:54.483679 main.go:602: 5:Accepted new Connection
[peer] 23:28:54.488462 main.go:126: 5:Got block message, iteration 2
[peer] 23:28:54.488488 main.go:133: 5:Acquiring bool lock
[peer] 23:28:54.488496 main.go:135: 5:Acquired bool lock
[peer] 23:28:54.488503 main.go:142: 5:Bool lock released
[peer] 23:28:54.488511 main.go:159: 5:Received better  block
[peer] 23:28:54.490799 main.go:602: 5:Accepted new Connection
[peer] 23:28:54.491003 main.go:126: 5:Got block message, iteration 2
[peer] 23:28:54.491023 main.go:133: 5:Acquiring bool lock
[peer] 23:28:54.491031 main.go:135: 5:Acquired bool lock
[peer] 23:28:54.491038 main.go:142: 5:Bool lock released
[peer] 23:28:54.491045 main.go:159: 5:Received better  block
[peer] 23:28:54.606085 main.go:602: 5:Accepted new Connection
[peer] 23:28:54.608492 main.go:126: 5:Got block message, iteration 2
[peer] 23:28:54.608508 main.go:133: 5:Acquiring bool lock
[peer] 23:28:54.608513 main.go:135: 5:Acquired bool lock
[peer] 23:28:54.608518 main.go:142: 5:Bool lock released
[peer] 23:28:54.608524 main.go:159: 5:Received better  block
[peer] 23:28:54.618230 main.go:602: 5:Accepted new Connection
[peer] 23:28:54.620854 main.go:602: 5:Accepted new Connection
[peer] 23:28:54.624070 main.go:602: 5:Accepted new Connection
[peer] 23:28:54.624846 main.go:126: 5:Got block message, iteration 2
[peer] 23:28:54.624867 main.go:133: 5:Acquiring bool lock
[peer] 23:28:54.624875 main.go:135: 5:Acquired bool lock
[peer] 23:28:54.624881 main.go:142: 5:Bool lock released
[peer] 23:28:54.624886 main.go:159: 5:Received better  block
[peer] 23:28:54.626199 main.go:126: 5:Got block message, iteration 2
[peer] 23:28:54.626265 main.go:133: 5:Acquiring bool lock
[peer] 23:28:54.626273 main.go:135: 5:Acquired bool lock
[peer] 23:28:54.626279 main.go:142: 5:Bool lock released
[peer] 23:28:54.626284 main.go:159: 5:Received better  block
[peer] 23:28:54.636157 main.go:602: 5:Accepted new Connection
[peer] 23:28:54.638524 main.go:126: 5:Got block message, iteration 2
[peer] 23:28:54.638543 main.go:133: 5:Acquiring bool lock
[peer] 23:28:54.638552 main.go:135: 5:Acquired bool lock
[peer] 23:28:54.638557 main.go:142: 5:Bool lock released
[peer] 23:28:54.638562 main.go:159: 5:Received better  block
[peer] 23:28:54.644698 main.go:602: 5:Accepted new Connection
[peer] 23:28:54.657081 main.go:126: 5:Got block message, iteration 2
[peer] 23:28:54.657150 main.go:133: 5:Acquiring bool lock
[peer] 23:28:54.657161 main.go:135: 5:Acquired bool lock
[peer] 23:28:54.657170 main.go:142: 5:Bool lock released
[peer] 23:28:54.657179 main.go:159: 5:Received better  block
[peer] 23:28:54.660007 main.go:126: 5:Got block message, iteration 2
[peer] 23:28:54.660030 main.go:133: 5:Acquiring bool lock
[peer] 23:28:54.660037 main.go:135: 5:Acquired bool lock
[peer] 23:28:54.660043 main.go:142: 5:Bool lock released
[peer] 23:28:54.660049 main.go:159: 5:Received better  block
[peer] 23:28:54.683978 main.go:602: 5:Accepted new Connection
[peer] 23:28:54.692301 main.go:126: 5:Got block message, iteration 2
[peer] 23:28:54.692320 main.go:133: 5:Acquiring bool lock
[peer] 23:28:54.692326 main.go:135: 5:Acquired bool lock
[peer] 23:28:54.692331 main.go:142: 5:Bool lock released
[peer] 23:28:54.692336 main.go:159: 5:Received better  block
[peer] 23:28:54.830677 main.go:602: 5:Accepted new Connection
[peer] 23:28:54.890547 main.go:126: 5:Got block message, iteration 2
[peer] 23:28:54.890607 main.go:133: 5:Acquiring bool lock
[peer] 23:28:54.890633 main.go:135: 5:Acquired bool lock
[peer] 23:28:54.890657 main.go:142: 5:Bool lock released
[peer] 23:28:54.890686 main.go:159: 5:Received better  block
[peer] 23:29:09.971479 main.go:602: 5:Accepted new Connection
[peer] 23:29:09.975994 main.go:126: 5:Got block message, iteration 3
[peer] 23:29:09.976035 main.go:133: 5:Acquiring bool lock
[peer] 23:29:09.976050 main.go:135: 5:Acquired bool lock
[peer] 23:29:09.976064 main.go:175: 5:Sending to channel
[peer] 23:29:09.976080 main.go:181: 5:Sent to channel
[peer] 23:29:09.976099 main.go:183: 5:Returning
[peer] 23:29:09.976176 main.go:917: 5:Block Received. Appending to chain and moving on to the next iteration..
[peer] 23:29:09.976239 main.go:735: 5:Blocking. Got block for 3, I am at 2
[peer] 23:29:09.990061 main.go:602: 5:Accepted new Connection
[peer] 23:29:09.990429 main.go:126: 5:Got block message, iteration 3
[peer] 23:29:09.990472 main.go:133: 5:Acquiring bool lock
[peer] 23:29:09.990486 main.go:135: 5:Acquired bool lock
[peer] 23:29:09.990502 main.go:175: 5:Sending to channel
[peer] 23:29:09.992118 main.go:602: 5:Accepted new Connection
[peer] 23:29:10.102927 main.go:126: 5:Got block message, iteration 3
[peer] 23:29:10.102972 main.go:133: 5:Acquiring bool lock
[peer] 23:29:10.107238 main.go:602: 5:Accepted new Connection
[peer] 23:29:10.110290 main.go:126: 5:Got block message, iteration 3
[peer] 23:29:10.110323 main.go:133: 5:Acquiring bool lock
[peer] 23:29:10.137878 main.go:602: 5:Accepted new Connection
[peer] 23:29:10.140434 main.go:126: 5:Got block message, iteration 3
[peer] 23:29:10.140464 main.go:133: 5:Acquiring bool lock
[peer] 23:29:10.148254 main.go:602: 5:Accepted new Connection
[peer] 23:29:10.151673 main.go:126: 5:Got block message, iteration 3
[peer] 23:29:10.151704 main.go:133: 5:Acquiring bool lock
[peer] 23:29:10.193914 main.go:602: 5:Accepted new Connection
[peer] 23:29:10.205110 main.go:126: 5:Got block message, iteration 3
[peer] 23:29:10.205148 main.go:133: 5:Acquiring bool lock
[peer] 23:29:10.224996 main.go:602: 5:Accepted new Connection
[peer] 23:29:10.225965 main.go:126: 5:Got block message, iteration 3
[peer] 23:29:10.226003 main.go:133: 5:Acquiring bool lock
[peer] 23:29:10.259393 main.go:602: 5:Accepted new Connection
[peer] 23:29:10.261855 main.go:126: 5:Got block message, iteration 3
[peer] 23:29:10.261888 main.go:133: 5:Acquiring bool lock
[peer] 23:29:10.309183 main.go:602: 5:Accepted new Connection
[peer] 23:29:10.310522 main.go:126: 5:Got block message, iteration 3
[peer] 23:29:10.310564 main.go:133: 5:Acquiring bool lock
[peer] 23:29:10.976360 main.go:735: 5:Blocking. Got block for 3, I am at 2
[peer] 23:29:11.976502 main.go:735: 5:Blocking. Got block for 3, I am at 2
[peer] 23:29:12.976659 main.go:735: 5:Blocking. Got block for 3, I am at 2
[peer] 23:29:13.976802 main.go:735: 5:Blocking. Got block for 3, I am at 2
[peer] 23:29:14.976941 main.go:735: 5:Blocking. Got block for 3, I am at 2
[peer] 23:29:15.977119 main.go:735: 5:Blocking. Got block for 3, I am at 2
[peer] 23:29:16.977269 main.go:735: 5:Blocking. Got block for 3, I am at 2
[peer] 23:29:17.977423 main.go:735: 5:Blocking. Got block for 3, I am at 2
[peer] 23:29:18.977632 main.go:735: 5:Blocking. Got block for 3, I am at 2
[peer] 23:29:19.977781 main.go:735: 5:Blocking. Got block for 3, I am at 2
[peer] 23:29:20.977933 main.go:735: 5:Blocking. Got block for 3, I am at 2
[peer] 23:29:21.978081 main.go:735: 5:Blocking. Got block for 3, I am at 2
[peer] 23:29:22.978218 main.go:735: 5:Blocking. Got block for 3, I am at 2
[peer] 23:29:23.978377 main.go:735: 5:Blocking. Got block for 3, I am at 2
[peer] 23:29:24.978527 main.go:735: 5:Blocking. Got block for 3, I am at 2
[peer] 23:29:25.978654 main.go:735: 5:Blocking. Got block for 3, I am at 2
[peer] 23:29:26.978811 main.go:735: 5:Blocking. Got block for 3, I am at 2
[peer] 23:29:27.978965 main.go:735: 5:Blocking. Got block for 3, I am at 2
[peer] 23:29:28.979115 main.go:735: 5:Blocking. Got block for 3, I am at 2
[peer] 23:29:29.979282 main.go:735: 5:Blocking. Got block for 3, I am at 2
[peer] 23:29:30.979428 main.go:735: 5:Blocking. Got block for 3, I am at 2
[peer] 23:29:31.979595 main.go:735: 5:Blocking. Got block for 3, I am at 2
[peer] 23:29:32.979749 main.go:735: 5:Blocking. Got block for 3, I am at 2
[peer] 23:29:33.979884 main.go:735: 5:Blocking. Got block for 3, I am at 2
[peer] 23:29:34.980028 main.go:735: 5:Blocking. Got block for 3, I am at 2
[peer] 23:29:35.980175 main.go:735: 5:Blocking. Got block for 3, I am at 2
[peer] 23:29:36.269101 main.go:602: 5:Accepted new Connection
[peer] 23:29:36.269887 main.go:126: 5:Got block message, iteration 4
[peer] 23:29:36.269941 main.go:133: 5:Acquiring bool lock
[peer] 23:29:36.980303 main.go:735: 5:Blocking. Got block for 3, I am at 2
[peer] 23:29:37.980433 main.go:735: 5:Blocking. Got block for 3, I am at 2
[peer] 23:29:38.980544 main.go:735: 5:Blocking. Got block for 3, I am at 2
[peer] 23:29:39.980695 main.go:735: 5:Blocking. Got block for 3, I am at 2
[peer] 23:29:40.980831 main.go:735: 5:Blocking. Got block for 3, I am at 2
[peer] 23:29:41.980979 main.go:735: 5:Blocking. Got block for 3, I am at 2
[peer] 23:29:42.981105 main.go:735: 5:Blocking. Got block for 3, I am at 2
[peer] 23:29:43.981220 main.go:735: 5:Blocking. Got block for 3, I am at 2
[peer] 23:29:44.981363 main.go:735: 5:Blocking. Got block for 3, I am at 2
[peer] 23:29:45.981526 main.go:735: 5:Blocking. Got block for 3, I am at 2
[peer] 23:29:46.981652 main.go:735: 5:Blocking. Got block for 3, I am at 2
[peer] 23:29:47.981758 main.go:735: 5:Blocking. Got block for 3, I am at 2
[peer] 23:29:48.981865 main.go:735: 5:Blocking. Got block for 3, I am at 2
[peer] 23:29:49.981949 main.go:735: 5:Blocking. Got block for 3, I am at 2
[peer] 23:29:50.982058 main.go:735: 5:Blocking. Got block for 3, I am at 2
[peer] 23:29:51.982167 main.go:735: 5:Blocking. Got block for 3, I am at 2
[peer] 23:29:52.982278 main.go:735: 5:Blocking. Got block for 3, I am at 2
[peer] 23:29:53.982376 main.go:735: 5:Blocking. Got block for 3, I am at 2
[peer] 23:29:54.982480 main.go:735: 5:Blocking. Got block for 3, I am at 2
[peer] 23:29:55.982590 main.go:735: 5:Blocking. Got block for 3, I am at 2
[peer] 23:29:56.982693 main.go:735: 5:Blocking. Got block for 3, I am at 2
[peer] 23:29:57.982793 main.go:735: 5:Blocking. Got block for 3, I am at 2
[peer] 23:29:58.982911 main.go:735: 5:Blocking. Got block for 3, I am at 2
[peer] 23:29:59.983014 main.go:735: 5:Blocking. Got block for 3, I am at 2
[peer] 23:30:00.983120 main.go:735: 5:Blocking. Got block for 3, I am at 2
[peer] 23:30:01.983247 main.go:735: 5:Blocking. Got block for 3, I am at 2
[peer] 23:30:02.983343 main.go:735: 5:Blocking. Got block for 3, I am at 2
[peer] 23:30:03.983439 main.go:735: 5:Blocking. Got block for 3, I am at 2
[peer] 23:30:04.983533 main.go:735: 5:Blocking. Got block for 3, I am at 2
[peer] 23:30:05.983638 main.go:735: 5:Blocking. Got block for 3, I am at 2
[peer] 23:30:06.983777 main.go:735: 5:Blocking. Got block for 3, I am at 2
[peer] 23:30:07.983874 main.go:735: 5:Blocking. Got block for 3, I am at 2
[peer] 23:30:08.983970 main.go:735: 5:Blocking. Got block for 3, I am at 2
[peer] 23:30:09.984081 main.go:735: 5:Blocking. Got block for 3, I am at 2
[peer] 23:30:10.984187 main.go:735: 5:Blocking. Got block for 3, I am at 2
[peer] 23:30:11.984306 main.go:735: 5:Blocking. Got block for 3, I am at 2
[peer] 23:30:12.984401 main.go:735: 5:Blocking. Got block for 3, I am at 2
[peer] 23:30:13.984505 main.go:735: 5:Blocking. Got block for 3, I am at 2
[peer] 23:30:14.984602 main.go:735: 5:Blocking. Got block for 3, I am at 2
[peer] 23:30:15.984719 main.go:735: 5:Blocking. Got block for 3, I am at 2
[peer] 23:30:16.984823 main.go:735: 5:Blocking. Got block for 3, I am at 2
[peer] 23:30:17.984928 main.go:735: 5:Blocking. Got block for 3, I am at 2
[peer] 23:30:18.985025 main.go:735: 5:Blocking. Got block for 3, I am at 2
[peer] 23:30:19.985138 main.go:735: 5:Blocking. Got block for 3, I am at 2
[peer] 23:30:20.985244 main.go:735: 5:Blocking. Got block for 3, I am at 2
[peer] 23:30:21.985342 main.go:735: 5:Blocking. Got block for 3, I am at 2
[peer] 23:30:22.985471 main.go:735: 5:Blocking. Got block for 3, I am at 2
[peer] 23:30:23.985584 main.go:735: 5:Blocking. Got block for 3, I am at 2
[peer] 23:30:24.985713 main.go:735: 5:Blocking. Got block for 3, I am at 2
[peer] 23:30:25.985819 main.go:735: 5:Blocking. Got block for 3, I am at 2
[peer] 23:30:26.985932 main.go:735: 5:Blocking. Got block for 3, I am at 2
[peer] 23:30:27.986036 main.go:735: 5:Blocking. Got block for 3, I am at 2
[peer] 23:30:28.986142 main.go:735: 5:Blocking. Got block for 3, I am at 2
[peer] 23:30:29.986256 main.go:735: 5:Blocking. Got block for 3, I am at 2
[peer] 23:30:30.986388 main.go:735: 5:Blocking. Got block for 3, I am at 2
[peer] 23:30:31.986499 main.go:735: 5:Blocking. Got block for 3, I am at 2
[peer] 23:30:32.986603 main.go:735: 5:Blocking. Got block for 3, I am at 2
[peer] 23:30:33.986704 main.go:735: 5:Blocking. Got block for 3, I am at 2
[peer] 23:30:34.986814 main.go:735: 5:Blocking. Got block for 3, I am at 2
[peer] 23:30:35.986921 main.go:735: 5:Blocking. Got block for 3, I am at 2
[peer] 23:30:36.987024 main.go:735: 5:Blocking. Got block for 3, I am at 2
[peer] 23:30:37.987124 main.go:735: 5:Blocking. Got block for 3, I am at 2
[peer] 23:30:38.987240 main.go:735: 5:Blocking. Got block for 3, I am at 2
[peer] 23:30:39.987346 main.go:735: 5:Blocking. Got block for 3, I am at 2
[peer] 23:30:40.987452 main.go:735: 5:Blocking. Got block for 3, I am at 2
[peer] 23:30:41.987570 main.go:735: 5:Blocking. Got block for 3, I am at 2
[peer] 23:30:42.987687 main.go:735: 5:Blocking. Got block for 3, I am at 2
[peer] 23:30:43.987839 main.go:735: 5:Blocking. Got block for 3, I am at 2
[peer] 23:30:44.987990 main.go:735: 5:Blocking. Got block for 3, I am at 2
[peer] 23:30:45.988158 main.go:735: 5:Blocking. Got block for 3, I am at 2
[peer] 23:30:46.988294 main.go:735: 5:Blocking. Got block for 3, I am at 2
