[peer] 23:28:47.812557 honest.go:105: 8Importing modules...
../ML/code/utils.py:223: FutureWarning: Method .as_matrix will be removed in a future version. Use .values instead.
  data = data.as_matrix()
../ML/code/utils.py:94: FutureWarning: Method .as_matrix will be removed in a future version. Use .values instead.
  credit = df.ix[1:nn, 1:dd].as_matrix()
[peer] 23:28:54.182979 honest.go:118: 8Sucessfully pulled dataset. Features: 25
[peer] 23:28:54.183295 main.go:467: 8:Announcing myself to network
[peer] 23:28:54.183403 main.go:472: 8:Calling {198.162.52.126 %!s(int=8000) }
[peer] 23:28:54.183454 main.go:491: 8:Inside callRegisterRPC
[peer] 23:28:54.183490 main.go:495: 8Making RPC call
[peer] 23:28:54.183432 main.go:598: 8:Peer started. Receiving on 8008
[peer] 23:28:54.183687 main.go:501: 8RPC dial successful
[peer] 23:28:54.183707 main.go:504: 8:Calling RPC:198.162.52.126:8000
[peer] 23:28:54.183721 main.go:506: 8:RPC called198.162.52.126:8000
[peer] 23:28:54.184421 main.go:513: 8:Announced myself to a fellow peer at port. Got lastest chain
[peer] 23:28:54.184468 main.go:524: 8Got lastest chain until iteration 1
[peer] 23:28:54.184545 main.go:472: 8:Calling {198.162.52.126 %!s(int=8001) }
[peer] 23:28:54.184582 main.go:491: 8:Inside callRegisterRPC
[peer] 23:28:54.184617 main.go:495: 8Making RPC call
[peer] 23:28:54.184722 main.go:501: 8RPC dial successful
[peer] 23:28:54.184740 main.go:504: 8:Calling RPC:198.162.52.126:8001
[peer] 23:28:54.184752 main.go:506: 8:RPC called198.162.52.126:8001
[peer] 23:28:54.185251 main.go:513: 8:Announced myself to a fellow peer at port. Got lastest chain
[peer] 23:28:54.185271 main.go:524: 8Got lastest chain until iteration 1
[peer] 23:28:54.185316 main.go:472: 8:Calling {198.162.52.126 %!s(int=8002) }
[peer] 23:28:54.185330 main.go:491: 8:Inside callRegisterRPC
[peer] 23:28:54.185340 main.go:495: 8Making RPC call
[err] 23:28:54.185403 main.go:282: Peer offline.Couldn't connect to peer: 198.162.52.126:8002, err = dial tcp 198.162.52.126:8002: connect: connection refused
[peer] 23:28:54.185466 main.go:472: 8:Calling {198.162.52.126 %!s(int=8003) }
[peer] 23:28:54.185502 main.go:491: 8:Inside callRegisterRPC
[peer] 23:28:54.185534 main.go:495: 8Making RPC call
[peer] 23:28:54.185636 main.go:501: 8RPC dial successful
[peer] 23:28:54.185679 main.go:504: 8:Calling RPC:198.162.52.126:8003
[peer] 23:28:54.185714 main.go:506: 8:RPC called198.162.52.126:8003
[peer] 23:28:54.186386 main.go:513: 8:Announced myself to a fellow peer at port. Got lastest chain
[peer] 23:28:54.186466 main.go:472: 8:Calling {198.162.52.126 %!s(int=8004) }
[peer] 23:28:54.186510 main.go:491: 8:Inside callRegisterRPC
[peer] 23:28:54.186546 main.go:495: 8Making RPC call
[err] 23:28:54.186632 main.go:282: Peer offline.Couldn't connect to peer: 198.162.52.126:8004, err = dial tcp 198.162.52.126:8004: connect: connection refused
[peer] 23:28:54.186679 main.go:472: 8:Calling {198.162.52.126 %!s(int=8005) }
[peer] 23:28:54.186713 main.go:491: 8:Inside callRegisterRPC
[peer] 23:28:54.186751 main.go:495: 8Making RPC call
[err] 23:28:54.186829 main.go:282: Peer offline.Couldn't connect to peer: 198.162.52.126:8005, err = dial tcp 198.162.52.126:8005: connect: connection refused
[peer] 23:28:54.186874 main.go:472: 8:Calling {198.162.52.126 %!s(int=8006) }
[peer] 23:28:54.186907 main.go:491: 8:Inside callRegisterRPC
[peer] 23:28:54.186944 main.go:495: 8Making RPC call
[peer] 23:28:54.187039 main.go:501: 8RPC dial successful
[peer] 23:28:54.187208 main.go:504: 8:Calling RPC:198.162.52.126:8006
[peer] 23:28:54.187250 main.go:506: 8:RPC called198.162.52.126:8006
[peer] 23:28:54.187751 main.go:513: 8:Announced myself to a fellow peer at port. Got lastest chain
[peer] 23:28:54.187829 main.go:472: 8:Calling {198.162.52.126 %!s(int=8007) }
[peer] 23:28:54.187909 main.go:491: 8:Inside callRegisterRPC
[peer] 23:28:54.187945 main.go:495: 8Making RPC call
[err] 23:28:54.188039 main.go:282: Peer offline.Couldn't connect to peer: 198.162.52.126:8007, err = dial tcp 198.162.52.126:8007: connect: connection refused
[peer] 23:28:54.188086 main.go:472: 8:Calling {198.162.52.126 %!s(int=8009) }
[peer] 23:28:54.188131 main.go:491: 8:Inside callRegisterRPC
[peer] 23:28:54.188170 main.go:495: 8Making RPC call
[peer] 23:28:54.188268 main.go:501: 8RPC dial successful
[peer] 23:28:54.188414 main.go:504: 8:Calling RPC:198.162.52.126:8009
[peer] 23:28:54.188450 main.go:506: 8:RPC called198.162.52.126:8009
[peer] 23:28:54.189009 main.go:513: 8:Announced myself to a fellow peer at port. Got lastest chain
[peer] 23:28:54.189080 main.go:472: 8:Calling {198.162.52.57 %!s(int=8010) }
[peer] 23:28:54.189157 main.go:491: 8:Inside callRegisterRPC
[peer] 23:28:54.189193 main.go:495: 8Making RPC call
[peer] 23:28:54.189528 main.go:501: 8RPC dial successful
[peer] 23:28:54.189571 main.go:504: 8:Calling RPC:198.162.52.57:8010
[peer] 23:28:54.189607 main.go:506: 8:RPC called198.162.52.57:8010
[peer] 23:28:54.191068 main.go:513: 8:Announced myself to a fellow peer at port. Got lastest chain
[peer] 23:28:54.191147 main.go:472: 8:Calling {198.162.52.57 %!s(int=8011) }
[peer] 23:28:54.191191 main.go:491: 8:Inside callRegisterRPC
[peer] 23:28:54.191224 main.go:495: 8Making RPC call
[peer] 23:28:54.191550 main.go:501: 8RPC dial successful
[peer] 23:28:54.191596 main.go:504: 8:Calling RPC:198.162.52.57:8011
[peer] 23:28:54.191632 main.go:506: 8:RPC called198.162.52.57:8011
[peer] 23:28:54.193018 main.go:513: 8:Announced myself to a fellow peer at port. Got lastest chain
[peer] 23:28:54.193097 main.go:472: 8:Calling {198.162.52.57 %!s(int=8012) }
[peer] 23:28:54.193142 main.go:491: 8:Inside callRegisterRPC
[peer] 23:28:54.193177 main.go:495: 8Making RPC call
[peer] 23:28:54.193504 main.go:501: 8RPC dial successful
[peer] 23:28:54.193547 main.go:504: 8:Calling RPC:198.162.52.57:8012
[peer] 23:28:54.193583 main.go:506: 8:RPC called198.162.52.57:8012
[peer] 23:28:54.194858 main.go:513: 8:Announced myself to a fellow peer at port. Got lastest chain
[peer] 23:28:54.194945 main.go:472: 8:Calling {198.162.52.57 %!s(int=8013) }
[peer] 23:28:54.194989 main.go:491: 8:Inside callRegisterRPC
[peer] 23:28:54.195024 main.go:495: 8Making RPC call
[peer] 23:28:54.195503 main.go:501: 8RPC dial successful
[peer] 23:28:54.195544 main.go:504: 8:Calling RPC:198.162.52.57:8013
[peer] 23:28:54.195579 main.go:506: 8:RPC called198.162.52.57:8013
[peer] 23:28:54.197142 main.go:513: 8:Announced myself to a fellow peer at port. Got lastest chain
[peer] 23:28:54.197231 main.go:472: 8:Calling {198.162.52.57 %!s(int=8014) }
[peer] 23:28:54.197275 main.go:491: 8:Inside callRegisterRPC
[peer] 23:28:54.197309 main.go:495: 8Making RPC call
[peer] 23:28:54.197884 main.go:501: 8RPC dial successful
[peer] 23:28:54.197928 main.go:504: 8:Calling RPC:198.162.52.57:8014
[peer] 23:28:54.197964 main.go:506: 8:RPC called198.162.52.57:8014
[peer] 23:28:54.199379 main.go:513: 8:Announced myself to a fellow peer at port. Got lastest chain
[peer] 23:28:54.199464 main.go:472: 8:Calling {198.162.52.57 %!s(int=8015) }
[peer] 23:28:54.199508 main.go:491: 8:Inside callRegisterRPC
[peer] 23:28:54.199542 main.go:495: 8Making RPC call
[peer] 23:28:54.199868 main.go:501: 8RPC dial successful
[peer] 23:28:54.199908 main.go:504: 8:Calling RPC:198.162.52.57:8015
[peer] 23:28:54.199942 main.go:506: 8:RPC called198.162.52.57:8015
[peer] 23:28:54.201213 main.go:513: 8:Announced myself to a fellow peer at port. Got lastest chain
[peer] 23:28:54.201295 main.go:472: 8:Calling {198.162.52.57 %!s(int=8016) }
[peer] 23:28:54.201338 main.go:491: 8:Inside callRegisterRPC
[peer] 23:28:54.201371 main.go:495: 8Making RPC call
[peer] 23:28:54.201944 main.go:501: 8RPC dial successful
[peer] 23:28:54.201988 main.go:504: 8:Calling RPC:198.162.52.57:8016
[peer] 23:28:54.202024 main.go:506: 8:RPC called198.162.52.57:8016
[peer] 23:28:54.203340 main.go:513: 8:Announced myself to a fellow peer at port. Got lastest chain
[peer] 23:28:54.203425 main.go:472: 8:Calling {198.162.52.57 %!s(int=8017) }
[peer] 23:28:54.203469 main.go:491: 8:Inside callRegisterRPC
[peer] 23:28:54.203503 main.go:495: 8Making RPC call
[peer] 23:28:54.204074 main.go:501: 8RPC dial successful
[peer] 23:28:54.204115 main.go:504: 8:Calling RPC:198.162.52.57:8017
[peer] 23:28:54.204158 main.go:506: 8:RPC called198.162.52.57:8017
[peer] 23:28:54.205529 main.go:513: 8:Announced myself to a fellow peer at port. Got lastest chain
[peer] 23:28:54.205609 main.go:472: 8:Calling {198.162.52.57 %!s(int=8018) }
[peer] 23:28:54.205647 main.go:491: 8:Inside callRegisterRPC
[peer] 23:28:54.205681 main.go:495: 8Making RPC call
[peer] 23:28:54.206129 main.go:501: 8RPC dial successful
[peer] 23:28:54.206170 main.go:504: 8:Calling RPC:198.162.52.57:8018
[peer] 23:28:54.206206 main.go:506: 8:RPC called198.162.52.57:8018
[peer] 23:28:54.207837 main.go:513: 8:Announced myself to a fellow peer at port. Got lastest chain
[peer] 23:28:54.207914 main.go:472: 8:Calling {198.162.52.57 %!s(int=8019) }
[peer] 23:28:54.207953 main.go:491: 8:Inside callRegisterRPC
[peer] 23:28:54.207987 main.go:495: 8Making RPC call
[peer] 23:28:54.208445 main.go:501: 8RPC dial successful
[peer] 23:28:54.208485 main.go:504: 8:Calling RPC:198.162.52.57:8019
[peer] 23:28:54.208522 main.go:506: 8:RPC called198.162.52.57:8019
[peer] 23:28:54.209942 main.go:513: 8:Announced myself to a fellow peer at port. Got lastest chain
[peer] 23:28:54.210014 main.go:482: 8:Bootstrapped Network. Calling signal
[peer] 23:28:54.210054 main.go:484: 8:Bootstrapped Network. Signal called
[peer] 23:28:54.210077 main.go:557: 8:Acquiring bool lock
[peer] 23:28:54.210126 main.go:559: 8:Acquired bool lock
[peer] 23:28:54.211734 main.go:578: 8:I am not verifier IterationCount:2
[peer] 23:28:54.211774 main.go:583: 8:Bool lock released
[peer] 23:28:54.211810 main.go:791: 8:Computing Update
[peer] 23:28:54.212388 main.go:255: 8 : VRF returned ID map[13:{}]
[peer] 23:28:54.212409 main.go:264: 8 :Verifiers [198.162.52.57:8013] returned.
[peer] 23:28:54.212973 main.go:836: 8:Making RPC Call to Verifier. Sending Update, Iteration:2
[peer] 23:28:54.214311 main.go:843: 8:Update sent successfully
[peer] 23:28:54.215208 main.go:602: 8:Accepted new Connection
[peer] 23:28:54.215419 main.go:201: 8:Registering peer:198.162.52.126:8007
[peer] 23:28:54.240126 main.go:602: 8:Accepted new Connection
[peer] 23:28:54.240338 main.go:201: 8:Registering peer:198.162.52.126:8002
[peer] 23:28:54.436361 main.go:602: 8:Accepted new Connection
[peer] 23:28:54.436502 main.go:201: 8:Registering peer:198.162.52.126:8005
[peer] 23:28:54.454381 main.go:602: 8:Accepted new Connection
[peer] 23:28:54.454519 main.go:201: 8:Registering peer:198.162.52.126:8004
[peer] 23:28:54.475540 main.go:602: 8:Accepted new Connection
[peer] 23:28:54.481220 main.go:126: 8:Got block message, iteration 2
[peer] 23:28:54.481244 main.go:133: 8:Acquiring bool lock
[peer] 23:28:54.481250 main.go:135: 8:Acquired bool lock
[peer] 23:28:54.481256 main.go:142: 8:Bool lock released
[peer] 23:28:54.481261 main.go:159: 8:Received better  block
[peer] 23:28:54.491159 main.go:602: 8:Accepted new Connection
[peer] 23:28:54.491372 main.go:126: 8:Got block message, iteration 2
[peer] 23:28:54.491408 main.go:133: 8:Acquiring bool lock
[peer] 23:28:54.491418 main.go:135: 8:Acquired bool lock
[peer] 23:28:54.491425 main.go:142: 8:Bool lock released
[peer] 23:28:54.491433 main.go:159: 8:Received better  block
[peer] 23:28:54.606058 main.go:602: 8:Accepted new Connection
[peer] 23:28:54.609738 main.go:126: 8:Got block message, iteration 2
[peer] 23:28:54.609768 main.go:133: 8:Acquiring bool lock
[peer] 23:28:54.609781 main.go:135: 8:Acquired bool lock
[peer] 23:28:54.609791 main.go:142: 8:Bool lock released
[peer] 23:28:54.609805 main.go:159: 8:Received better  block
[peer] 23:28:54.613202 main.go:602: 8:Accepted new Connection
[peer] 23:28:54.618271 main.go:602: 8:Accepted new Connection
[peer] 23:28:54.618575 main.go:126: 8:Got block message, iteration 2
[peer] 23:28:54.618592 main.go:133: 8:Acquiring bool lock
[peer] 23:28:54.618598 main.go:135: 8:Acquired bool lock
[peer] 23:28:54.618603 main.go:142: 8:Bool lock released
[peer] 23:28:54.618608 main.go:159: 8:Received better  block
[peer] 23:28:54.625043 main.go:602: 8:Accepted new Connection
[peer] 23:28:54.636957 main.go:602: 8:Accepted new Connection
[peer] 23:28:54.638566 main.go:126: 8:Got block message, iteration 2
[peer] 23:28:54.638593 main.go:133: 8:Acquiring bool lock
[peer] 23:28:54.638601 main.go:135: 8:Acquired bool lock
[peer] 23:28:54.638607 main.go:142: 8:Bool lock released
[peer] 23:28:54.638613 main.go:159: 8:Received better  block
[peer] 23:28:54.640970 main.go:126: 8:Got block message, iteration 2
[peer] 23:28:54.640991 main.go:133: 8:Acquiring bool lock
[peer] 23:28:54.640997 main.go:135: 8:Acquired bool lock
[peer] 23:28:54.641002 main.go:142: 8:Bool lock released
[peer] 23:28:54.641008 main.go:159: 8:Received better  block
[peer] 23:28:54.644179 main.go:602: 8:Accepted new Connection
[peer] 23:28:54.647563 main.go:126: 8:Got block message, iteration 2
[peer] 23:28:54.647585 main.go:133: 8:Acquiring bool lock
[peer] 23:28:54.647591 main.go:135: 8:Acquired bool lock
[peer] 23:28:54.647597 main.go:142: 8:Bool lock released
[peer] 23:28:54.647602 main.go:159: 8:Received better  block
[peer] 23:28:54.657081 main.go:126: 8:Got block message, iteration 2
[peer] 23:28:54.657116 main.go:133: 8:Acquiring bool lock
[peer] 23:28:54.657126 main.go:135: 8:Acquired bool lock
[peer] 23:28:54.657137 main.go:142: 8:Bool lock released
[peer] 23:28:54.657146 main.go:159: 8:Received better  block
[peer] 23:28:54.692227 main.go:602: 8:Accepted new Connection
[peer] 23:28:54.693538 main.go:126: 8:Got block message, iteration 2
[peer] 23:28:54.693566 main.go:133: 8:Acquiring bool lock
[peer] 23:28:54.693577 main.go:135: 8:Acquired bool lock
[peer] 23:28:54.693586 main.go:142: 8:Bool lock released
[peer] 23:28:54.693595 main.go:159: 8:Received better  block
[peer] 23:28:54.831510 main.go:602: 8:Accepted new Connection
[peer] 23:28:54.898830 main.go:126: 8:Got block message, iteration 2
[peer] 23:28:54.898856 main.go:133: 8:Acquiring bool lock
[peer] 23:28:54.898864 main.go:135: 8:Acquired bool lock
[peer] 23:28:54.898871 main.go:142: 8:Bool lock released
[peer] 23:28:54.898878 main.go:159: 8:Received better  block
[peer] 23:29:09.971229 main.go:602: 8:Accepted new Connection
[peer] 23:29:09.976509 main.go:126: 8:Got block message, iteration 3
[peer] 23:29:09.976546 main.go:133: 8:Acquiring bool lock
[peer] 23:29:09.976555 main.go:135: 8:Acquired bool lock
[peer] 23:29:09.976564 main.go:175: 8:Sending to channel
[peer] 23:29:09.976579 main.go:181: 8:Sent to channel
[peer] 23:29:09.976590 main.go:183: 8:Returning
[peer] 23:29:09.976600 main.go:917: 8:Block Received. Appending to chain and moving on to the next iteration..
[peer] 23:29:09.976690 main.go:735: 8:Blocking. Got block for 3, I am at 2
[peer] 23:29:09.989971 main.go:602: 8:Accepted new Connection
[peer] 23:29:09.990325 main.go:126: 8:Got block message, iteration 3
[peer] 23:29:09.990417 main.go:133: 8:Acquiring bool lock
[peer] 23:29:09.990530 main.go:135: 8:Acquired bool lock
[peer] 23:29:09.990575 main.go:175: 8:Sending to channel
[peer] 23:29:09.991985 main.go:602: 8:Accepted new Connection
[peer] 23:29:09.995098 main.go:126: 8:Got block message, iteration 3
[peer] 23:29:09.995137 main.go:133: 8:Acquiring bool lock
[peer] 23:29:10.107274 main.go:602: 8:Accepted new Connection
[peer] 23:29:10.109346 main.go:126: 8:Got block message, iteration 3
[peer] 23:29:10.109413 main.go:133: 8:Acquiring bool lock
[peer] 23:29:10.138041 main.go:602: 8:Accepted new Connection
[peer] 23:29:10.139905 main.go:126: 8:Got block message, iteration 3
[peer] 23:29:10.139937 main.go:133: 8:Acquiring bool lock
[peer] 23:29:10.148809 main.go:602: 8:Accepted new Connection
[peer] 23:29:10.150965 main.go:126: 8:Got block message, iteration 3
[peer] 23:29:10.151003 main.go:133: 8:Acquiring bool lock
[peer] 23:29:10.193744 main.go:602: 8:Accepted new Connection
[peer] 23:29:10.198535 main.go:126: 8:Got block message, iteration 3
[peer] 23:29:10.198599 main.go:133: 8:Acquiring bool lock
[peer] 23:29:10.225041 main.go:602: 8:Accepted new Connection
[peer] 23:29:10.226625 main.go:126: 8:Got block message, iteration 3
[peer] 23:29:10.226667 main.go:133: 8:Acquiring bool lock
[peer] 23:29:10.259398 main.go:602: 8:Accepted new Connection
[peer] 23:29:10.261578 main.go:126: 8:Got block message, iteration 3
[peer] 23:29:10.261615 main.go:133: 8:Acquiring bool lock
[peer] 23:29:10.309420 main.go:602: 8:Accepted new Connection
[peer] 23:29:10.335237 main.go:126: 8:Got block message, iteration 3
[peer] 23:29:10.335285 main.go:133: 8:Acquiring bool lock
[peer] 23:29:10.976790 main.go:735: 8:Blocking. Got block for 3, I am at 2
[peer] 23:29:11.976902 main.go:735: 8:Blocking. Got block for 3, I am at 2
[peer] 23:29:12.977005 main.go:735: 8:Blocking. Got block for 3, I am at 2
[peer] 23:29:13.977136 main.go:735: 8:Blocking. Got block for 3, I am at 2
[peer] 23:29:14.977231 main.go:735: 8:Blocking. Got block for 3, I am at 2
[peer] 23:29:15.977787 main.go:735: 8:Blocking. Got block for 3, I am at 2
[peer] 23:29:16.977907 main.go:735: 8:Blocking. Got block for 3, I am at 2
[peer] 23:29:17.978027 main.go:735: 8:Blocking. Got block for 3, I am at 2
[peer] 23:29:18.978155 main.go:735: 8:Blocking. Got block for 3, I am at 2
[peer] 23:29:19.978296 main.go:735: 8:Blocking. Got block for 3, I am at 2
[peer] 23:29:20.978443 main.go:735: 8:Blocking. Got block for 3, I am at 2
[peer] 23:29:21.978590 main.go:735: 8:Blocking. Got block for 3, I am at 2
[peer] 23:29:22.978726 main.go:735: 8:Blocking. Got block for 3, I am at 2
[peer] 23:29:23.978871 main.go:735: 8:Blocking. Got block for 3, I am at 2
[peer] 23:29:24.979020 main.go:735: 8:Blocking. Got block for 3, I am at 2
[peer] 23:29:25.979154 main.go:735: 8:Blocking. Got block for 3, I am at 2
[peer] 23:29:26.979264 main.go:735: 8:Blocking. Got block for 3, I am at 2
[peer] 23:29:27.979382 main.go:735: 8:Blocking. Got block for 3, I am at 2
[peer] 23:29:28.979488 main.go:735: 8:Blocking. Got block for 3, I am at 2
[peer] 23:29:29.979609 main.go:735: 8:Blocking. Got block for 3, I am at 2
[peer] 23:29:30.979715 main.go:735: 8:Blocking. Got block for 3, I am at 2
[peer] 23:29:31.979864 main.go:735: 8:Blocking. Got block for 3, I am at 2
[peer] 23:29:32.980001 main.go:735: 8:Blocking. Got block for 3, I am at 2
[peer] 23:29:33.980119 main.go:735: 8:Blocking. Got block for 3, I am at 2
[peer] 23:29:34.980227 main.go:735: 8:Blocking. Got block for 3, I am at 2
[peer] 23:29:35.980346 main.go:735: 8:Blocking. Got block for 3, I am at 2
[peer] 23:29:36.269086 main.go:602: 8:Accepted new Connection
[peer] 23:29:36.269884 main.go:126: 8:Got block message, iteration 4
[peer] 23:29:36.269932 main.go:133: 8:Acquiring bool lock
[peer] 23:29:36.980464 main.go:735: 8:Blocking. Got block for 3, I am at 2
[peer] 23:29:37.980563 main.go:735: 8:Blocking. Got block for 3, I am at 2
[peer] 23:29:38.980652 main.go:735: 8:Blocking. Got block for 3, I am at 2
[peer] 23:29:39.980768 main.go:735: 8:Blocking. Got block for 3, I am at 2
[peer] 23:29:40.980877 main.go:735: 8:Blocking. Got block for 3, I am at 2
[peer] 23:29:41.981048 main.go:735: 8:Blocking. Got block for 3, I am at 2
[peer] 23:29:42.981260 main.go:735: 8:Blocking. Got block for 3, I am at 2
[peer] 23:29:43.981344 main.go:735: 8:Blocking. Got block for 3, I am at 2
[peer] 23:29:44.981548 main.go:735: 8:Blocking. Got block for 3, I am at 2
[peer] 23:29:45.981696 main.go:735: 8:Blocking. Got block for 3, I am at 2
[peer] 23:29:46.981794 main.go:735: 8:Blocking. Got block for 3, I am at 2
[peer] 23:29:47.981890 main.go:735: 8:Blocking. Got block for 3, I am at 2
[peer] 23:29:48.981981 main.go:735: 8:Blocking. Got block for 3, I am at 2
[peer] 23:29:49.982063 main.go:735: 8:Blocking. Got block for 3, I am at 2
[peer] 23:29:50.982135 main.go:735: 8:Blocking. Got block for 3, I am at 2
[peer] 23:29:51.982227 main.go:735: 8:Blocking. Got block for 3, I am at 2
[peer] 23:29:52.982334 main.go:735: 8:Blocking. Got block for 3, I am at 2
[peer] 23:29:53.982426 main.go:735: 8:Blocking. Got block for 3, I am at 2
[peer] 23:29:54.982516 main.go:735: 8:Blocking. Got block for 3, I am at 2
[peer] 23:29:55.982612 main.go:735: 8:Blocking. Got block for 3, I am at 2
[peer] 23:29:56.982725 main.go:735: 8:Blocking. Got block for 3, I am at 2
[peer] 23:29:57.982823 main.go:735: 8:Blocking. Got block for 3, I am at 2
[peer] 23:29:58.982930 main.go:735: 8:Blocking. Got block for 3, I am at 2
[peer] 23:29:59.983028 main.go:735: 8:Blocking. Got block for 3, I am at 2
[peer] 23:30:00.983123 main.go:735: 8:Blocking. Got block for 3, I am at 2
[peer] 23:30:01.983225 main.go:735: 8:Blocking. Got block for 3, I am at 2
[peer] 23:30:02.983329 main.go:735: 8:Blocking. Got block for 3, I am at 2
[peer] 23:30:03.983439 main.go:735: 8:Blocking. Got block for 3, I am at 2
[peer] 23:30:04.983537 main.go:735: 8:Blocking. Got block for 3, I am at 2
[peer] 23:30:05.983647 main.go:735: 8:Blocking. Got block for 3, I am at 2
[peer] 23:30:06.983760 main.go:735: 8:Blocking. Got block for 3, I am at 2
[peer] 23:30:07.983871 main.go:735: 8:Blocking. Got block for 3, I am at 2
[peer] 23:30:08.983971 main.go:735: 8:Blocking. Got block for 3, I am at 2
[peer] 23:30:09.984081 main.go:735: 8:Blocking. Got block for 3, I am at 2
[peer] 23:30:10.984190 main.go:735: 8:Blocking. Got block for 3, I am at 2
[peer] 23:30:11.984304 main.go:735: 8:Blocking. Got block for 3, I am at 2
[peer] 23:30:12.984407 main.go:735: 8:Blocking. Got block for 3, I am at 2
[peer] 23:30:13.984505 main.go:735: 8:Blocking. Got block for 3, I am at 2
[peer] 23:30:14.984604 main.go:735: 8:Blocking. Got block for 3, I am at 2
[peer] 23:30:15.984707 main.go:735: 8:Blocking. Got block for 3, I am at 2
[peer] 23:30:16.984822 main.go:735: 8:Blocking. Got block for 3, I am at 2
[peer] 23:30:17.984970 main.go:735: 8:Blocking. Got block for 3, I am at 2
[peer] 23:30:18.985028 main.go:735: 8:Blocking. Got block for 3, I am at 2
[peer] 23:30:19.985139 main.go:735: 8:Blocking. Got block for 3, I am at 2
[peer] 23:30:20.985243 main.go:735: 8:Blocking. Got block for 3, I am at 2
[peer] 23:30:21.985341 main.go:735: 8:Blocking. Got block for 3, I am at 2
[peer] 23:30:22.985460 main.go:735: 8:Blocking. Got block for 3, I am at 2
[peer] 23:30:23.985572 main.go:735: 8:Blocking. Got block for 3, I am at 2
[peer] 23:30:24.985685 main.go:735: 8:Blocking. Got block for 3, I am at 2
[peer] 23:30:25.985830 main.go:735: 8:Blocking. Got block for 3, I am at 2
[peer] 23:30:26.985944 main.go:735: 8:Blocking. Got block for 3, I am at 2
[peer] 23:30:27.986049 main.go:735: 8:Blocking. Got block for 3, I am at 2
[peer] 23:30:28.986153 main.go:735: 8:Blocking. Got block for 3, I am at 2
[peer] 23:30:29.986264 main.go:735: 8:Blocking. Got block for 3, I am at 2
[peer] 23:30:30.986379 main.go:735: 8:Blocking. Got block for 3, I am at 2
[peer] 23:30:31.986496 main.go:735: 8:Blocking. Got block for 3, I am at 2
[peer] 23:30:32.986609 main.go:735: 8:Blocking. Got block for 3, I am at 2
[peer] 23:30:33.986709 main.go:735: 8:Blocking. Got block for 3, I am at 2
[peer] 23:30:34.986810 main.go:735: 8:Blocking. Got block for 3, I am at 2
[peer] 23:30:35.986919 main.go:735: 8:Blocking. Got block for 3, I am at 2
[peer] 23:30:36.987030 main.go:735: 8:Blocking. Got block for 3, I am at 2
[peer] 23:30:37.987128 main.go:735: 8:Blocking. Got block for 3, I am at 2
[peer] 23:30:38.987236 main.go:735: 8:Blocking. Got block for 3, I am at 2
[peer] 23:30:39.987340 main.go:735: 8:Blocking. Got block for 3, I am at 2
[peer] 23:30:40.987446 main.go:735: 8:Blocking. Got block for 3, I am at 2
[peer] 23:30:41.987559 main.go:735: 8:Blocking. Got block for 3, I am at 2
[peer] 23:30:42.987694 main.go:735: 8:Blocking. Got block for 3, I am at 2
[peer] 23:30:43.987832 main.go:735: 8:Blocking. Got block for 3, I am at 2
[peer] 23:30:44.987990 main.go:735: 8:Blocking. Got block for 3, I am at 2
[peer] 23:30:45.988149 main.go:735: 8:Blocking. Got block for 3, I am at 2
[peer] 23:30:46.988294 main.go:735: 8:Blocking. Got block for 3, I am at 2
