[peer] 23:28:47.724112 honest.go:105: 1Importing modules...
../ML/code/utils.py:223: FutureWarning: Method .as_matrix will be removed in a future version. Use .values instead.
  data = data.as_matrix()
../ML/code/utils.py:94: FutureWarning: Method .as_matrix will be removed in a future version. Use .values instead.
  credit = df.ix[1:nn, 1:dd].as_matrix()
[peer] 23:28:53.966691 honest.go:118: 1Sucessfully pulled dataset. Features: 25
[peer] 23:28:53.967317 main.go:598: 1:Peer started. Receiving on 8001
[peer] 23:28:53.967222 main.go:467: 1:Announcing myself to network
[peer] 23:28:53.967492 main.go:472: 1:Calling {198.162.52.126 %!s(int=8000) }
[peer] 23:28:53.967538 main.go:491: 1:Inside callRegisterRPC
[peer] 23:28:53.967572 main.go:495: 1Making RPC call
[peer] 23:28:53.967895 main.go:501: 1RPC dial successful
[peer] 23:28:53.967970 main.go:504: 1:Calling RPC:198.162.52.126:8000
[peer] 23:28:53.968023 main.go:506: 1:RPC called198.162.52.126:8000
[peer] 23:28:53.968769 main.go:513: 1:Announced myself to a fellow peer at port. Got lastest chain
[peer] 23:28:53.968829 main.go:524: 1Got lastest chain until iteration 1
[peer] 23:28:53.968906 main.go:472: 1:Calling {198.162.52.126 %!s(int=8002) }
[peer] 23:28:53.968991 main.go:491: 1:Inside callRegisterRPC
[peer] 23:28:53.969029 main.go:495: 1Making RPC call
[err] 23:28:53.969132 main.go:282: Peer offline.Couldn't connect to peer: 198.162.52.126:8002, err = dial tcp 198.162.52.126:8002: connect: connection refused
[peer] 23:28:53.969183 main.go:472: 1:Calling {198.162.52.126 %!s(int=8003) }
[peer] 23:28:53.969216 main.go:491: 1:Inside callRegisterRPC
[peer] 23:28:53.969253 main.go:495: 1Making RPC call
[err] 23:28:53.969332 main.go:282: Peer offline.Couldn't connect to peer: 198.162.52.126:8003, err = dial tcp 198.162.52.126:8003: connect: connection refused
[peer] 23:28:53.969377 main.go:472: 1:Calling {198.162.52.126 %!s(int=8004) }
[peer] 23:28:53.969410 main.go:491: 1:Inside callRegisterRPC
[peer] 23:28:53.969452 main.go:495: 1Making RPC call
[err] 23:28:53.969532 main.go:282: Peer offline.Couldn't connect to peer: 198.162.52.126:8004, err = dial tcp 198.162.52.126:8004: connect: connection refused
[peer] 23:28:53.969577 main.go:472: 1:Calling {198.162.52.126 %!s(int=8005) }
[peer] 23:28:53.969609 main.go:491: 1:Inside callRegisterRPC
[peer] 23:28:53.969646 main.go:495: 1Making RPC call
[err] 23:28:53.969722 main.go:282: Peer offline.Couldn't connect to peer: 198.162.52.126:8005, err = dial tcp 198.162.52.126:8005: connect: connection refused
[peer] 23:28:53.969766 main.go:472: 1:Calling {198.162.52.126 %!s(int=8006) }
[peer] 23:28:53.969798 main.go:491: 1:Inside callRegisterRPC
[peer] 23:28:53.969832 main.go:495: 1Making RPC call
[err] 23:28:53.969908 main.go:282: Peer offline.Couldn't connect to peer: 198.162.52.126:8006, err = dial tcp 198.162.52.126:8006: connect: connection refused
[peer] 23:28:53.969954 main.go:472: 1:Calling {198.162.52.126 %!s(int=8007) }
[peer] 23:28:53.969988 main.go:491: 1:Inside callRegisterRPC
[peer] 23:28:53.970024 main.go:495: 1Making RPC call
[err] 23:28:53.970100 main.go:282: Peer offline.Couldn't connect to peer: 198.162.52.126:8007, err = dial tcp 198.162.52.126:8007: connect: connection refused
[peer] 23:28:53.970143 main.go:472: 1:Calling {198.162.52.126 %!s(int=8008) }
[peer] 23:28:53.970176 main.go:491: 1:Inside callRegisterRPC
[peer] 23:28:53.970209 main.go:495: 1Making RPC call
[err] 23:28:53.970284 main.go:282: Peer offline.Couldn't connect to peer: 198.162.52.126:8008, err = dial tcp 198.162.52.126:8008: connect: connection refused
[peer] 23:28:53.970330 main.go:472: 1:Calling {198.162.52.126 %!s(int=8009) }
[peer] 23:28:53.970364 main.go:491: 1:Inside callRegisterRPC
[peer] 23:28:53.970396 main.go:495: 1Making RPC call
[peer] 23:28:53.970498 main.go:501: 1RPC dial successful
[peer] 23:28:53.970570 main.go:504: 1:Calling RPC:198.162.52.126:8009
[peer] 23:28:53.970606 main.go:506: 1:RPC called198.162.52.126:8009
[peer] 23:28:53.971247 main.go:513: 1:Announced myself to a fellow peer at port. Got lastest chain
[peer] 23:28:53.971297 main.go:524: 1Got lastest chain until iteration 1
[peer] 23:28:53.971382 main.go:472: 1:Calling {198.162.52.57 %!s(int=8010) }
[peer] 23:28:53.971425 main.go:491: 1:Inside callRegisterRPC
[peer] 23:28:53.971458 main.go:495: 1Making RPC call
[peer] 23:28:53.972053 main.go:501: 1RPC dial successful
[peer] 23:28:53.972091 main.go:504: 1:Calling RPC:198.162.52.57:8010
[peer] 23:28:53.972125 main.go:506: 1:RPC called198.162.52.57:8010
[peer] 23:28:53.973627 main.go:513: 1:Announced myself to a fellow peer at port. Got lastest chain
[peer] 23:28:53.973699 main.go:472: 1:Calling {198.162.52.57 %!s(int=8011) }
[peer] 23:28:53.973736 main.go:491: 1:Inside callRegisterRPC
[peer] 23:28:53.973776 main.go:495: 1Making RPC call
[peer] 23:28:53.974239 main.go:501: 1RPC dial successful
[peer] 23:28:53.974283 main.go:504: 1:Calling RPC:198.162.52.57:8011
[peer] 23:28:53.974320 main.go:506: 1:RPC called198.162.52.57:8011
[peer] 23:28:53.975796 main.go:513: 1:Announced myself to a fellow peer at port. Got lastest chain
[peer] 23:28:53.975872 main.go:472: 1:Calling {198.162.52.57 %!s(int=8012) }
[peer] 23:28:53.975920 main.go:491: 1:Inside callRegisterRPC
[peer] 23:28:53.975954 main.go:495: 1Making RPC call
[peer] 23:28:53.976293 main.go:501: 1RPC dial successful
[peer] 23:28:53.976334 main.go:504: 1:Calling RPC:198.162.52.57:8012
[peer] 23:28:53.976371 main.go:506: 1:RPC called198.162.52.57:8012
[peer] 23:28:53.977871 main.go:513: 1:Announced myself to a fellow peer at port. Got lastest chain
[peer] 23:28:53.977956 main.go:472: 1:Calling {198.162.52.57 %!s(int=8013) }
[peer] 23:28:53.978004 main.go:491: 1:Inside callRegisterRPC
[peer] 23:28:53.978038 main.go:495: 1Making RPC call
[peer] 23:28:53.978501 main.go:501: 1RPC dial successful
[peer] 23:28:53.978547 main.go:504: 1:Calling RPC:198.162.52.57:8013
[peer] 23:28:53.978583 main.go:506: 1:RPC called198.162.52.57:8013
[peer] 23:28:53.980061 main.go:513: 1:Announced myself to a fellow peer at port. Got lastest chain
[peer] 23:28:53.980129 main.go:472: 1:Calling {198.162.52.57 %!s(int=8014) }
[peer] 23:28:53.980143 main.go:491: 1:Inside callRegisterRPC
[peer] 23:28:53.980152 main.go:495: 1Making RPC call
[peer] 23:28:53.980595 main.go:602: 1:Accepted new Connection
[peer] 23:28:53.980654 main.go:501: 1RPC dial successful
[peer] 23:28:53.980668 main.go:504: 1:Calling RPC:198.162.52.57:8014
[peer] 23:28:53.980682 main.go:506: 1:RPC called198.162.52.57:8014
[peer] 23:28:53.980988 main.go:201: 1:Registering peer:198.162.52.126:8006
[peer] 23:28:53.982075 main.go:513: 1:Announced myself to a fellow peer at port. Got lastest chain
[peer] 23:28:53.982118 main.go:472: 1:Calling {198.162.52.57 %!s(int=8015) }
[peer] 23:28:53.982133 main.go:491: 1:Inside callRegisterRPC
[peer] 23:28:53.982142 main.go:495: 1Making RPC call
[peer] 23:28:53.982454 main.go:501: 1RPC dial successful
[peer] 23:28:53.982470 main.go:504: 1:Calling RPC:198.162.52.57:8015
[peer] 23:28:53.982482 main.go:506: 1:RPC called198.162.52.57:8015
[peer] 23:28:53.983881 main.go:513: 1:Announced myself to a fellow peer at port. Got lastest chain
[peer] 23:28:53.983926 main.go:472: 1:Calling {198.162.52.57 %!s(int=8016) }
[peer] 23:28:53.983940 main.go:491: 1:Inside callRegisterRPC
[peer] 23:28:53.983950 main.go:495: 1Making RPC call
[peer] 23:28:53.984270 main.go:501: 1RPC dial successful
[peer] 23:28:53.984286 main.go:504: 1:Calling RPC:198.162.52.57:8016
[peer] 23:28:53.984298 main.go:506: 1:RPC called198.162.52.57:8016
[peer] 23:28:53.985686 main.go:513: 1:Announced myself to a fellow peer at port. Got lastest chain
[peer] 23:28:53.985770 main.go:472: 1:Calling {198.162.52.57 %!s(int=8017) }
[peer] 23:28:53.985819 main.go:491: 1:Inside callRegisterRPC
[peer] 23:28:53.985854 main.go:495: 1Making RPC call
[peer] 23:28:53.986316 main.go:501: 1RPC dial successful
[peer] 23:28:53.986357 main.go:504: 1:Calling RPC:198.162.52.57:8017
[peer] 23:28:53.986392 main.go:506: 1:RPC called198.162.52.57:8017
[peer] 23:28:53.987850 main.go:513: 1:Announced myself to a fellow peer at port. Got lastest chain
[peer] 23:28:53.987921 main.go:472: 1:Calling {198.162.52.57 %!s(int=8018) }
[peer] 23:28:53.987972 main.go:491: 1:Inside callRegisterRPC
[peer] 23:28:53.988007 main.go:495: 1Making RPC call
[peer] 23:28:53.988468 main.go:501: 1RPC dial successful
[peer] 23:28:53.988509 main.go:504: 1:Calling RPC:198.162.52.57:8018
[peer] 23:28:53.988545 main.go:506: 1:RPC called198.162.52.57:8018
[peer] 23:28:53.989986 main.go:513: 1:Announced myself to a fellow peer at port. Got lastest chain
[peer] 23:28:53.990059 main.go:472: 1:Calling {198.162.52.57 %!s(int=8019) }
[peer] 23:28:53.990096 main.go:491: 1:Inside callRegisterRPC
[peer] 23:28:53.990136 main.go:495: 1Making RPC call
[peer] 23:28:53.990597 main.go:501: 1RPC dial successful
[peer] 23:28:53.990644 main.go:504: 1:Calling RPC:198.162.52.57:8019
[peer] 23:28:53.990657 main.go:506: 1:RPC called198.162.52.57:8019
[peer] 23:28:53.991892 main.go:513: 1:Announced myself to a fellow peer at port. Got lastest chain
[peer] 23:28:53.991932 main.go:482: 1:Bootstrapped Network. Calling signal
[peer] 23:28:53.991946 main.go:484: 1:Bootstrapped Network. Signal called
[peer] 23:28:53.991957 main.go:557: 1:Acquiring bool lock
[peer] 23:28:53.991966 main.go:559: 1:Acquired bool lock
[peer] 23:28:53.993554 main.go:578: 1:I am not verifier IterationCount:2
[peer] 23:28:53.993571 main.go:583: 1:Bool lock released
[peer] 23:28:53.993579 main.go:791: 1:Computing Update
[peer] 23:28:53.994033 main.go:255: 1 : VRF returned ID map[13:{}]
[peer] 23:28:53.994056 main.go:264: 1 :Verifiers [198.162.52.57:8013] returned.
[peer] 23:28:53.994575 main.go:836: 1:Making RPC Call to Verifier. Sending Update, Iteration:2
[peer] 23:28:53.995834 main.go:843: 1:Update sent successfully
[peer] 23:28:54.043205 main.go:602: 1:Accepted new Connection
[peer] 23:28:54.043464 main.go:201: 1:Registering peer:198.162.52.126:8003
[peer] 23:28:54.184726 main.go:602: 1:Accepted new Connection
[peer] 23:28:54.184966 main.go:201: 1:Registering peer:198.162.52.126:8008
[peer] 23:28:54.213149 main.go:602: 1:Accepted new Connection
[peer] 23:28:54.213378 main.go:201: 1:Registering peer:198.162.52.126:8007
[peer] 23:28:54.237936 main.go:602: 1:Accepted new Connection
[peer] 23:28:54.238138 main.go:201: 1:Registering peer:198.162.52.126:8002
[peer] 23:28:54.433786 main.go:602: 1:Accepted new Connection
[peer] 23:28:54.433935 main.go:201: 1:Registering peer:198.162.52.126:8005
[peer] 23:28:54.451567 main.go:602: 1:Accepted new Connection
[peer] 23:28:54.451784 main.go:201: 1:Registering peer:198.162.52.126:8004
[peer] 23:28:54.475518 main.go:602: 1:Accepted new Connection
[peer] 23:28:54.486957 main.go:126: 1:Got block message, iteration 2
[peer] 23:28:54.486980 main.go:133: 1:Acquiring bool lock
[peer] 23:28:54.486990 main.go:135: 1:Acquired bool lock
[peer] 23:28:54.487008 main.go:142: 1:Bool lock released
[peer] 23:28:54.487022 main.go:159: 1:Received better  block
[peer] 23:28:54.491269 main.go:602: 1:Accepted new Connection
[peer] 23:28:54.491665 main.go:126: 1:Got block message, iteration 2
[peer] 23:28:54.491741 main.go:133: 1:Acquiring bool lock
[peer] 23:28:54.491772 main.go:135: 1:Acquired bool lock
[peer] 23:28:54.491806 main.go:142: 1:Bool lock released
[peer] 23:28:54.491832 main.go:159: 1:Received better  block
[peer] 23:28:54.606023 main.go:602: 1:Accepted new Connection
[peer] 23:28:54.613752 main.go:602: 1:Accepted new Connection
[peer] 23:28:54.616468 main.go:126: 1:Got block message, iteration 2
[peer] 23:28:54.616485 main.go:133: 1:Acquiring bool lock
[peer] 23:28:54.616493 main.go:135: 1:Acquired bool lock
[peer] 23:28:54.616498 main.go:142: 1:Bool lock released
[peer] 23:28:54.616503 main.go:159: 1:Received better  block
[peer] 23:28:54.618122 main.go:602: 1:Accepted new Connection
[peer] 23:28:54.625045 main.go:602: 1:Accepted new Connection
[peer] 23:28:54.636928 main.go:602: 1:Accepted new Connection
[peer] 23:28:54.639740 main.go:126: 1:Got block message, iteration 2
[peer] 23:28:54.639774 main.go:133: 1:Acquiring bool lock
[peer] 23:28:54.639783 main.go:135: 1:Acquired bool lock
[peer] 23:28:54.639789 main.go:142: 1:Bool lock released
[peer] 23:28:54.639794 main.go:159: 1:Received better  block
[peer] 23:28:54.641497 main.go:126: 1:Got block message, iteration 2
[peer] 23:28:54.641516 main.go:133: 1:Acquiring bool lock
[peer] 23:28:54.641521 main.go:135: 1:Acquired bool lock
[peer] 23:28:54.641527 main.go:142: 1:Bool lock released
[peer] 23:28:54.641532 main.go:159: 1:Received better  block
[peer] 23:28:54.642255 main.go:126: 1:Got block message, iteration 2
[peer] 23:28:54.642295 main.go:133: 1:Acquiring bool lock
[peer] 23:28:54.642302 main.go:135: 1:Acquired bool lock
[peer] 23:28:54.642308 main.go:142: 1:Bool lock released
[peer] 23:28:54.642314 main.go:159: 1:Received better  block
[peer] 23:28:54.644653 main.go:602: 1:Accepted new Connection
[peer] 23:28:54.648800 main.go:126: 1:Got block message, iteration 2
[peer] 23:28:54.648823 main.go:133: 1:Acquiring bool lock
[peer] 23:28:54.648834 main.go:135: 1:Acquired bool lock
[peer] 23:28:54.648844 main.go:142: 1:Bool lock released
[peer] 23:28:54.648855 main.go:159: 1:Received better  block
[peer] 23:28:54.655313 main.go:126: 1:Got block message, iteration 2
[peer] 23:28:54.655352 main.go:133: 1:Acquiring bool lock
[peer] 23:28:54.655370 main.go:135: 1:Acquired bool lock
[peer] 23:28:54.655382 main.go:142: 1:Bool lock released
[peer] 23:28:54.655393 main.go:159: 1:Received better  block
[peer] 23:28:54.683728 main.go:602: 1:Accepted new Connection
[peer] 23:28:54.694004 main.go:126: 1:Got block message, iteration 2
[peer] 23:28:54.694035 main.go:133: 1:Acquiring bool lock
[peer] 23:28:54.694044 main.go:135: 1:Acquired bool lock
[peer] 23:28:54.694053 main.go:142: 1:Bool lock released
[peer] 23:28:54.694061 main.go:159: 1:Received better  block
[peer] 23:28:54.832519 main.go:602: 1:Accepted new Connection
[peer] 23:28:54.893281 main.go:126: 1:Got block message, iteration 2
[peer] 23:28:54.893307 main.go:133: 1:Acquiring bool lock
[peer] 23:28:54.893315 main.go:135: 1:Acquired bool lock
[peer] 23:28:54.893323 main.go:142: 1:Bool lock released
[peer] 23:28:54.893330 main.go:159: 1:Received better  block
[peer] 23:29:09.971381 main.go:602: 1:Accepted new Connection
[peer] 23:29:09.978056 main.go:126: 1:Got block message, iteration 3
[peer] 23:29:09.978084 main.go:133: 1:Acquiring bool lock
[peer] 23:29:09.978093 main.go:135: 1:Acquired bool lock
[peer] 23:29:09.978103 main.go:175: 1:Sending to channel
[peer] 23:29:09.978116 main.go:181: 1:Sent to channel
[peer] 23:29:09.978128 main.go:183: 1:Returning
[peer] 23:29:09.978137 main.go:917: 1:Block Received. Appending to chain and moving on to the next iteration..
[peer] 23:29:09.978204 main.go:735: 1:Blocking. Got block for 3, I am at 2
[peer] 23:29:09.987992 main.go:602: 1:Accepted new Connection
[peer] 23:29:09.990915 main.go:126: 1:Got block message, iteration 3
[peer] 23:29:09.990952 main.go:133: 1:Acquiring bool lock
[peer] 23:29:09.990965 main.go:135: 1:Acquired bool lock
[peer] 23:29:09.990977 main.go:175: 1:Sending to channel
[peer] 23:29:09.991760 main.go:602: 1:Accepted new Connection
[peer] 23:29:10.106699 main.go:126: 1:Got block message, iteration 3
[peer] 23:29:10.106743 main.go:133: 1:Acquiring bool lock
[peer] 23:29:10.107242 main.go:602: 1:Accepted new Connection
[peer] 23:29:10.109753 main.go:126: 1:Got block message, iteration 3
[peer] 23:29:10.109808 main.go:133: 1:Acquiring bool lock
[peer] 23:29:10.137921 main.go:602: 1:Accepted new Connection
[peer] 23:29:10.139611 main.go:126: 1:Got block message, iteration 3
[peer] 23:29:10.139647 main.go:133: 1:Acquiring bool lock
[peer] 23:29:10.148583 main.go:602: 1:Accepted new Connection
[peer] 23:29:10.151408 main.go:126: 1:Got block message, iteration 3
[peer] 23:29:10.151444 main.go:133: 1:Acquiring bool lock
[peer] 23:29:10.193703 main.go:602: 1:Accepted new Connection
[peer] 23:29:10.198733 main.go:126: 1:Got block message, iteration 3
[peer] 23:29:10.198776 main.go:133: 1:Acquiring bool lock
[peer] 23:29:10.225116 main.go:602: 1:Accepted new Connection
[peer] 23:29:10.227952 main.go:126: 1:Got block message, iteration 3
[peer] 23:29:10.227991 main.go:133: 1:Acquiring bool lock
[peer] 23:29:10.259257 main.go:602: 1:Accepted new Connection
[peer] 23:29:10.262824 main.go:126: 1:Got block message, iteration 3
[peer] 23:29:10.262862 main.go:133: 1:Acquiring bool lock
[peer] 23:29:10.309329 main.go:602: 1:Accepted new Connection
[peer] 23:29:10.310292 main.go:126: 1:Got block message, iteration 3
[peer] 23:29:10.310333 main.go:133: 1:Acquiring bool lock
[peer] 23:29:10.978318 main.go:735: 1:Blocking. Got block for 3, I am at 2
[peer] 23:29:11.978441 main.go:735: 1:Blocking. Got block for 3, I am at 2
[peer] 23:29:12.978567 main.go:735: 1:Blocking. Got block for 3, I am at 2
[peer] 23:29:13.978702 main.go:735: 1:Blocking. Got block for 3, I am at 2
[peer] 23:29:14.978822 main.go:735: 1:Blocking. Got block for 3, I am at 2
[peer] 23:29:15.978957 main.go:735: 1:Blocking. Got block for 3, I am at 2
[peer] 23:29:16.979118 main.go:735: 1:Blocking. Got block for 3, I am at 2
[peer] 23:29:17.979279 main.go:735: 1:Blocking. Got block for 3, I am at 2
[peer] 23:29:18.979424 main.go:735: 1:Blocking. Got block for 3, I am at 2
[peer] 23:29:19.979575 main.go:735: 1:Blocking. Got block for 3, I am at 2
[peer] 23:29:20.979687 main.go:735: 1:Blocking. Got block for 3, I am at 2
[peer] 23:29:21.979784 main.go:735: 1:Blocking. Got block for 3, I am at 2
[peer] 23:29:22.979905 main.go:735: 1:Blocking. Got block for 3, I am at 2
[peer] 23:29:23.980020 main.go:735: 1:Blocking. Got block for 3, I am at 2
[peer] 23:29:24.980133 main.go:735: 1:Blocking. Got block for 3, I am at 2
[peer] 23:29:25.980232 main.go:735: 1:Blocking. Got block for 3, I am at 2
[peer] 23:29:26.980349 main.go:735: 1:Blocking. Got block for 3, I am at 2
[peer] 23:29:27.980465 main.go:735: 1:Blocking. Got block for 3, I am at 2
[peer] 23:29:28.980575 main.go:735: 1:Blocking. Got block for 3, I am at 2
[peer] 23:29:29.980703 main.go:735: 1:Blocking. Got block for 3, I am at 2
[peer] 23:29:30.980847 main.go:735: 1:Blocking. Got block for 3, I am at 2
[peer] 23:29:31.980987 main.go:735: 1:Blocking. Got block for 3, I am at 2
[peer] 23:29:32.981128 main.go:735: 1:Blocking. Got block for 3, I am at 2
[peer] 23:29:33.981288 main.go:735: 1:Blocking. Got block for 3, I am at 2
[peer] 23:29:34.981413 main.go:735: 1:Blocking. Got block for 3, I am at 2
[peer] 23:29:35.981533 main.go:735: 1:Blocking. Got block for 3, I am at 2
[peer] 23:29:36.269089 main.go:602: 1:Accepted new Connection
[peer] 23:29:36.269793 main.go:126: 1:Got block message, iteration 4
[peer] 23:29:36.269847 main.go:133: 1:Acquiring bool lock
[peer] 23:29:36.981680 main.go:735: 1:Blocking. Got block for 3, I am at 2
[peer] 23:29:37.981831 main.go:735: 1:Blocking. Got block for 3, I am at 2
[peer] 23:29:38.981923 main.go:735: 1:Blocking. Got block for 3, I am at 2
[peer] 23:29:39.982055 main.go:735: 1:Blocking. Got block for 3, I am at 2
[peer] 23:29:40.982181 main.go:735: 1:Blocking. Got block for 3, I am at 2
[peer] 23:29:41.982290 main.go:735: 1:Blocking. Got block for 3, I am at 2
[peer] 23:29:42.982414 main.go:735: 1:Blocking. Got block for 3, I am at 2
[peer] 23:29:43.982503 main.go:735: 1:Blocking. Got block for 3, I am at 2
[peer] 23:29:44.982622 main.go:735: 1:Blocking. Got block for 3, I am at 2
[peer] 23:29:45.982754 main.go:735: 1:Blocking. Got block for 3, I am at 2
[peer] 23:29:46.982875 main.go:735: 1:Blocking. Got block for 3, I am at 2
[peer] 23:29:47.983009 main.go:735: 1:Blocking. Got block for 3, I am at 2
[peer] 23:29:48.983123 main.go:735: 1:Blocking. Got block for 3, I am at 2
[peer] 23:29:49.983228 main.go:735: 1:Blocking. Got block for 3, I am at 2
[peer] 23:29:50.983336 main.go:735: 1:Blocking. Got block for 3, I am at 2
[peer] 23:29:51.983455 main.go:735: 1:Blocking. Got block for 3, I am at 2
[peer] 23:29:52.983550 main.go:735: 1:Blocking. Got block for 3, I am at 2
[peer] 23:29:53.983641 main.go:735: 1:Blocking. Got block for 3, I am at 2
[peer] 23:29:54.983726 main.go:735: 1:Blocking. Got block for 3, I am at 2
[peer] 23:29:55.983826 main.go:735: 1:Blocking. Got block for 3, I am at 2
[peer] 23:29:56.983937 main.go:735: 1:Blocking. Got block for 3, I am at 2
[peer] 23:29:57.984027 main.go:735: 1:Blocking. Got block for 3, I am at 2
[peer] 23:29:58.984122 main.go:735: 1:Blocking. Got block for 3, I am at 2
[peer] 23:29:59.984253 main.go:735: 1:Blocking. Got block for 3, I am at 2
[peer] 23:30:00.984345 main.go:735: 1:Blocking. Got block for 3, I am at 2
[peer] 23:30:01.984436 main.go:735: 1:Blocking. Got block for 3, I am at 2
[peer] 23:30:02.984535 main.go:735: 1:Blocking. Got block for 3, I am at 2
[peer] 23:30:03.984624 main.go:735: 1:Blocking. Got block for 3, I am at 2
[peer] 23:30:04.984711 main.go:735: 1:Blocking. Got block for 3, I am at 2
[peer] 23:30:05.984799 main.go:735: 1:Blocking. Got block for 3, I am at 2
[peer] 23:30:06.984931 main.go:735: 1:Blocking. Got block for 3, I am at 2
[peer] 23:30:07.985017 main.go:735: 1:Blocking. Got block for 3, I am at 2
[peer] 23:30:08.985121 main.go:735: 1:Blocking. Got block for 3, I am at 2
[peer] 23:30:09.985222 main.go:735: 1:Blocking. Got block for 3, I am at 2
[peer] 23:30:10.985308 main.go:735: 1:Blocking. Got block for 3, I am at 2
[peer] 23:30:11.985399 main.go:735: 1:Blocking. Got block for 3, I am at 2
[peer] 23:30:12.985487 main.go:735: 1:Blocking. Got block for 3, I am at 2
[peer] 23:30:13.985565 main.go:735: 1:Blocking. Got block for 3, I am at 2
[peer] 23:30:14.985642 main.go:735: 1:Blocking. Got block for 3, I am at 2
[peer] 23:30:15.985728 main.go:735: 1:Blocking. Got block for 3, I am at 2
[peer] 23:30:16.985804 main.go:735: 1:Blocking. Got block for 3, I am at 2
[peer] 23:30:17.985889 main.go:735: 1:Blocking. Got block for 3, I am at 2
[peer] 23:30:18.985977 main.go:735: 1:Blocking. Got block for 3, I am at 2
[peer] 23:30:19.986071 main.go:735: 1:Blocking. Got block for 3, I am at 2
[peer] 23:30:20.986156 main.go:735: 1:Blocking. Got block for 3, I am at 2
[peer] 23:30:21.986241 main.go:735: 1:Blocking. Got block for 3, I am at 2
[peer] 23:30:22.986325 main.go:735: 1:Blocking. Got block for 3, I am at 2
[peer] 23:30:23.986415 main.go:735: 1:Blocking. Got block for 3, I am at 2
[peer] 23:30:24.986519 main.go:735: 1:Blocking. Got block for 3, I am at 2
[peer] 23:30:25.986616 main.go:735: 1:Blocking. Got block for 3, I am at 2
[peer] 23:30:26.986693 main.go:735: 1:Blocking. Got block for 3, I am at 2
[peer] 23:30:27.986778 main.go:735: 1:Blocking. Got block for 3, I am at 2
[peer] 23:30:28.986856 main.go:735: 1:Blocking. Got block for 3, I am at 2
[peer] 23:30:29.986942 main.go:735: 1:Blocking. Got block for 3, I am at 2
[peer] 23:30:30.987029 main.go:735: 1:Blocking. Got block for 3, I am at 2
[peer] 23:30:31.987120 main.go:735: 1:Blocking. Got block for 3, I am at 2
[peer] 23:30:32.987201 main.go:735: 1:Blocking. Got block for 3, I am at 2
[peer] 23:30:33.987278 main.go:735: 1:Blocking. Got block for 3, I am at 2
[peer] 23:30:34.987362 main.go:735: 1:Blocking. Got block for 3, I am at 2
[peer] 23:30:35.987448 main.go:735: 1:Blocking. Got block for 3, I am at 2
[peer] 23:30:36.987533 main.go:735: 1:Blocking. Got block for 3, I am at 2
[peer] 23:30:37.987620 main.go:735: 1:Blocking. Got block for 3, I am at 2
[peer] 23:30:38.987717 main.go:735: 1:Blocking. Got block for 3, I am at 2
[peer] 23:30:39.987805 main.go:735: 1:Blocking. Got block for 3, I am at 2
[peer] 23:30:40.987897 main.go:735: 1:Blocking. Got block for 3, I am at 2
[peer] 23:30:41.987991 main.go:735: 1:Blocking. Got block for 3, I am at 2
[peer] 23:30:42.988088 main.go:735: 1:Blocking. Got block for 3, I am at 2
[peer] 23:30:43.988206 main.go:735: 1:Blocking. Got block for 3, I am at 2
[peer] 23:30:44.988307 main.go:735: 1:Blocking. Got block for 3, I am at 2
[peer] 23:30:45.988417 main.go:735: 1:Blocking. Got block for 3, I am at 2
[peer] 23:30:46.988534 main.go:735: 1:Blocking. Got block for 3, I am at 2
