[peer] 23:28:47.566586 honest.go:105: 2Importing modules...
../ML/code/utils.py:223: FutureWarning: Method .as_matrix will be removed in a future version. Use .values instead.
  data = data.as_matrix()
../ML/code/utils.py:94: FutureWarning: Method .as_matrix will be removed in a future version. Use .values instead.
  credit = df.ix[1:nn, 1:dd].as_matrix()
[peer] 23:28:54.236910 honest.go:118: 2Sucessfully pulled dataset. Features: 25
[peer] 23:28:54.237090 main.go:467: 2:Announcing myself to network
[peer] 23:28:54.237119 main.go:472: 2:Calling {198.162.52.126 %!s(int=8000) }
[peer] 23:28:54.237125 main.go:491: 2:Inside callRegisterRPC
[peer] 23:28:54.237134 main.go:495: 2Making RPC call
[peer] 23:28:54.237167 main.go:598: 2:Peer started. Receiving on 8002
[peer] 23:28:54.237256 main.go:501: 2RPC dial successful
[peer] 23:28:54.237269 main.go:504: 2:Calling RPC:198.162.52.126:8000
[peer] 23:28:54.237284 main.go:506: 2:RPC called198.162.52.126:8000
[peer] 23:28:54.237780 main.go:513: 2:Announced myself to a fellow peer at port. Got lastest chain
[peer] 23:28:54.237796 main.go:524: 2Got lastest chain until iteration 1
[peer] 23:28:54.237840 main.go:472: 2:Calling {198.162.52.126 %!s(int=8001) }
[peer] 23:28:54.237853 main.go:491: 2:Inside callRegisterRPC
[peer] 23:28:54.237864 main.go:495: 2Making RPC call
[peer] 23:28:54.237926 main.go:501: 2RPC dial successful
[peer] 23:28:54.237938 main.go:504: 2:Calling RPC:198.162.52.126:8001
[peer] 23:28:54.237944 main.go:506: 2:RPC called198.162.52.126:8001
[peer] 23:28:54.238360 main.go:513: 2:Announced myself to a fellow peer at port. Got lastest chain
[peer] 23:28:54.238373 main.go:524: 2Got lastest chain until iteration 1
[peer] 23:28:54.238406 main.go:472: 2:Calling {198.162.52.126 %!s(int=8003) }
[peer] 23:28:54.238414 main.go:491: 2:Inside callRegisterRPC
[peer] 23:28:54.238419 main.go:495: 2Making RPC call
[peer] 23:28:54.238476 main.go:501: 2RPC dial successful
[peer] 23:28:54.238492 main.go:504: 2:Calling RPC:198.162.52.126:8003
[peer] 23:28:54.238499 main.go:506: 2:RPC called198.162.52.126:8003
[peer] 23:28:54.238914 main.go:513: 2:Announced myself to a fellow peer at port. Got lastest chain
[peer] 23:28:54.238959 main.go:472: 2:Calling {198.162.52.126 %!s(int=8004) }
[peer] 23:28:54.238973 main.go:491: 2:Inside callRegisterRPC
[peer] 23:28:54.238983 main.go:495: 2Making RPC call
[err] 23:28:54.239035 main.go:282: Peer offline.Couldn't connect to peer: 198.162.52.126:8004, err = dial tcp 198.162.52.126:8004: connect: connection refused
[peer] 23:28:54.239054 main.go:472: 2:Calling {198.162.52.126 %!s(int=8005) }
[peer] 23:28:54.239068 main.go:491: 2:Inside callRegisterRPC
[peer] 23:28:54.239077 main.go:495: 2Making RPC call
[err] 23:28:54.239128 main.go:282: Peer offline.Couldn't connect to peer: 198.162.52.126:8005, err = dial tcp 198.162.52.126:8005: connect: connection refused
[peer] 23:28:54.239142 main.go:472: 2:Calling {198.162.52.126 %!s(int=8006) }
[peer] 23:28:54.239150 main.go:491: 2:Inside callRegisterRPC
[peer] 23:28:54.239155 main.go:495: 2Making RPC call
[peer] 23:28:54.239203 main.go:501: 2RPC dial successful
[peer] 23:28:54.239216 main.go:504: 2:Calling RPC:198.162.52.126:8006
[peer] 23:28:54.239227 main.go:506: 2:RPC called198.162.52.126:8006
[peer] 23:28:54.239538 main.go:513: 2:Announced myself to a fellow peer at port. Got lastest chain
[peer] 23:28:54.239568 main.go:472: 2:Calling {198.162.52.126 %!s(int=8007) }
[peer] 23:28:54.239577 main.go:491: 2:Inside callRegisterRPC
[peer] 23:28:54.239585 main.go:495: 2Making RPC call
[peer] 23:28:54.239644 main.go:501: 2RPC dial successful
[peer] 23:28:54.239659 main.go:504: 2:Calling RPC:198.162.52.126:8007
[peer] 23:28:54.239671 main.go:506: 2:RPC called198.162.52.126:8007
[peer] 23:28:54.240027 main.go:513: 2:Announced myself to a fellow peer at port. Got lastest chain
[peer] 23:28:54.240057 main.go:472: 2:Calling {198.162.52.126 %!s(int=8008) }
[peer] 23:28:54.240065 main.go:491: 2:Inside callRegisterRPC
[peer] 23:28:54.240070 main.go:495: 2Making RPC call
[peer] 23:28:54.240119 main.go:501: 2RPC dial successful
[peer] 23:28:54.240140 main.go:504: 2:Calling RPC:198.162.52.126:8008
[peer] 23:28:54.240155 main.go:506: 2:RPC called198.162.52.126:8008
[peer] 23:28:54.240520 main.go:513: 2:Announced myself to a fellow peer at port. Got lastest chain
[peer] 23:28:54.240555 main.go:472: 2:Calling {198.162.52.126 %!s(int=8009) }
[peer] 23:28:54.240566 main.go:491: 2:Inside callRegisterRPC
[peer] 23:28:54.240573 main.go:495: 2Making RPC call
[peer] 23:28:54.240633 main.go:501: 2RPC dial successful
[peer] 23:28:54.240646 main.go:504: 2:Calling RPC:198.162.52.126:8009
[peer] 23:28:54.240657 main.go:506: 2:RPC called198.162.52.126:8009
[peer] 23:28:54.240955 main.go:513: 2:Announced myself to a fellow peer at port. Got lastest chain
[peer] 23:28:54.240993 main.go:472: 2:Calling {198.162.52.57 %!s(int=8010) }
[peer] 23:28:54.241003 main.go:491: 2:Inside callRegisterRPC
[peer] 23:28:54.241011 main.go:495: 2Making RPC call
[peer] 23:28:54.241310 main.go:501: 2RPC dial successful
[peer] 23:28:54.241323 main.go:504: 2:Calling RPC:198.162.52.57:8010
[peer] 23:28:54.241329 main.go:506: 2:RPC called198.162.52.57:8010
[peer] 23:28:54.242682 main.go:513: 2:Announced myself to a fellow peer at port. Got lastest chain
[peer] 23:28:54.242712 main.go:472: 2:Calling {198.162.52.57 %!s(int=8011) }
[peer] 23:28:54.242720 main.go:491: 2:Inside callRegisterRPC
[peer] 23:28:54.242725 main.go:495: 2Making RPC call
[peer] 23:28:54.243215 main.go:501: 2RPC dial successful
[peer] 23:28:54.243227 main.go:504: 2:Calling RPC:198.162.52.57:8011
[peer] 23:28:54.243233 main.go:506: 2:RPC called198.162.52.57:8011
[peer] 23:28:54.244616 main.go:513: 2:Announced myself to a fellow peer at port. Got lastest chain
[peer] 23:28:54.244647 main.go:472: 2:Calling {198.162.52.57 %!s(int=8012) }
[peer] 23:28:54.244655 main.go:491: 2:Inside callRegisterRPC
[peer] 23:28:54.244659 main.go:495: 2Making RPC call
[peer] 23:28:54.245142 main.go:501: 2RPC dial successful
[peer] 23:28:54.245154 main.go:504: 2:Calling RPC:198.162.52.57:8012
[peer] 23:28:54.245163 main.go:506: 2:RPC called198.162.52.57:8012
[peer] 23:28:54.246449 main.go:513: 2:Announced myself to a fellow peer at port. Got lastest chain
[peer] 23:28:54.246487 main.go:472: 2:Calling {198.162.52.57 %!s(int=8013) }
[peer] 23:28:54.246496 main.go:491: 2:Inside callRegisterRPC
[peer] 23:28:54.246503 main.go:495: 2Making RPC call
[peer] 23:28:54.247046 main.go:501: 2RPC dial successful
[peer] 23:28:54.247064 main.go:504: 2:Calling RPC:198.162.52.57:8013
[peer] 23:28:54.247074 main.go:506: 2:RPC called198.162.52.57:8013
[peer] 23:28:54.248355 main.go:513: 2:Announced myself to a fellow peer at port. Got lastest chain
[peer] 23:28:54.248398 main.go:472: 2:Calling {198.162.52.57 %!s(int=8014) }
[peer] 23:28:54.248409 main.go:491: 2:Inside callRegisterRPC
[peer] 23:28:54.248418 main.go:495: 2Making RPC call
[peer] 23:28:54.248939 main.go:501: 2RPC dial successful
[peer] 23:28:54.248950 main.go:504: 2:Calling RPC:198.162.52.57:8014
[peer] 23:28:54.248956 main.go:506: 2:RPC called198.162.52.57:8014
[peer] 23:28:54.250281 main.go:513: 2:Announced myself to a fellow peer at port. Got lastest chain
[peer] 23:28:54.250314 main.go:472: 2:Calling {198.162.52.57 %!s(int=8015) }
[peer] 23:28:54.250323 main.go:491: 2:Inside callRegisterRPC
[peer] 23:28:54.250328 main.go:495: 2Making RPC call
[peer] 23:28:54.250782 main.go:501: 2RPC dial successful
[peer] 23:28:54.250797 main.go:504: 2:Calling RPC:198.162.52.57:8015
[peer] 23:28:54.250807 main.go:506: 2:RPC called198.162.52.57:8015
[peer] 23:28:54.252105 main.go:513: 2:Announced myself to a fellow peer at port. Got lastest chain
[peer] 23:28:54.252142 main.go:472: 2:Calling {198.162.52.57 %!s(int=8016) }
[peer] 23:28:54.252151 main.go:491: 2:Inside callRegisterRPC
[peer] 23:28:54.252156 main.go:495: 2Making RPC call
[peer] 23:28:54.252638 main.go:501: 2RPC dial successful
[peer] 23:28:54.252654 main.go:504: 2:Calling RPC:198.162.52.57:8016
[peer] 23:28:54.252664 main.go:506: 2:RPC called198.162.52.57:8016
[peer] 23:28:54.253915 main.go:513: 2:Announced myself to a fellow peer at port. Got lastest chain
[peer] 23:28:54.253969 main.go:472: 2:Calling {198.162.52.57 %!s(int=8017) }
[peer] 23:28:54.253979 main.go:491: 2:Inside callRegisterRPC
[peer] 23:28:54.253988 main.go:495: 2Making RPC call
[peer] 23:28:54.254506 main.go:501: 2RPC dial successful
[peer] 23:28:54.254530 main.go:504: 2:Calling RPC:198.162.52.57:8017
[peer] 23:28:54.254539 main.go:506: 2:RPC called198.162.52.57:8017
[peer] 23:28:54.255807 main.go:513: 2:Announced myself to a fellow peer at port. Got lastest chain
[peer] 23:28:54.255848 main.go:472: 2:Calling {198.162.52.57 %!s(int=8018) }
[peer] 23:28:54.255859 main.go:491: 2:Inside callRegisterRPC
[peer] 23:28:54.255868 main.go:495: 2Making RPC call
[peer] 23:28:54.256182 main.go:501: 2RPC dial successful
[peer] 23:28:54.256204 main.go:504: 2:Calling RPC:198.162.52.57:8018
[peer] 23:28:54.256211 main.go:506: 2:RPC called198.162.52.57:8018
[peer] 23:28:54.257406 main.go:513: 2:Announced myself to a fellow peer at port. Got lastest chain
[peer] 23:28:54.257437 main.go:472: 2:Calling {198.162.52.57 %!s(int=8019) }
[peer] 23:28:54.257462 main.go:491: 2:Inside callRegisterRPC
[peer] 23:28:54.257468 main.go:495: 2Making RPC call
[peer] 23:28:54.257968 main.go:501: 2RPC dial successful
[peer] 23:28:54.257987 main.go:504: 2:Calling RPC:198.162.52.57:8019
[peer] 23:28:54.257996 main.go:506: 2:RPC called198.162.52.57:8019
[peer] 23:28:54.259157 main.go:513: 2:Announced myself to a fellow peer at port. Got lastest chain
[peer] 23:28:54.259219 main.go:482: 2:Bootstrapped Network. Calling signal
[peer] 23:28:54.259234 main.go:484: 2:Bootstrapped Network. Signal called
[peer] 23:28:54.259245 main.go:557: 2:Acquiring bool lock
[peer] 23:28:54.259255 main.go:559: 2:Acquired bool lock
[peer] 23:28:54.260240 main.go:578: 2:I am not verifier IterationCount:2
[peer] 23:28:54.260252 main.go:583: 2:Bool lock released
[peer] 23:28:54.260261 main.go:791: 2:Computing Update
[peer] 23:28:54.260557 main.go:255: 2 : VRF returned ID map[13:{}]
[peer] 23:28:54.260573 main.go:264: 2 :Verifiers [198.162.52.57:8013] returned.
[peer] 23:28:54.260910 main.go:836: 2:Making RPC Call to Verifier. Sending Update, Iteration:2
[peer] 23:28:54.261938 main.go:843: 2:Update sent successfully
[peer] 23:28:54.434244 main.go:602: 2:Accepted new Connection
[peer] 23:28:54.434469 main.go:201: 2:Registering peer:198.162.52.126:8005
[peer] 23:28:54.452104 main.go:602: 2:Accepted new Connection
[peer] 23:28:54.452272 main.go:201: 2:Registering peer:198.162.52.126:8004
[peer] 23:28:54.478179 main.go:602: 2:Accepted new Connection
[peer] 23:28:54.485476 main.go:126: 2:Got block message, iteration 2
[peer] 23:28:54.485496 main.go:133: 2:Acquiring bool lock
[peer] 23:28:54.485502 main.go:135: 2:Acquired bool lock
[peer] 23:28:54.485508 main.go:142: 2:Bool lock released
[peer] 23:28:54.485514 main.go:159: 2:Received better  block
[peer] 23:28:54.489337 main.go:602: 2:Accepted new Connection
[peer] 23:28:54.490263 main.go:126: 2:Got block message, iteration 2
[peer] 23:28:54.490652 main.go:133: 2:Acquiring bool lock
[peer] 23:28:54.490663 main.go:135: 2:Acquired bool lock
[peer] 23:28:54.490670 main.go:142: 2:Bool lock released
[peer] 23:28:54.490678 main.go:159: 2:Received better  block
[peer] 23:28:54.606031 main.go:602: 2:Accepted new Connection
[peer] 23:28:54.618111 main.go:602: 2:Accepted new Connection
[peer] 23:28:54.620842 main.go:602: 2:Accepted new Connection
[peer] 23:28:54.623374 main.go:126: 2:Got block message, iteration 2
[peer] 23:28:54.623397 main.go:133: 2:Acquiring bool lock
[peer] 23:28:54.623404 main.go:135: 2:Acquired bool lock
[peer] 23:28:54.623410 main.go:142: 2:Bool lock released
[peer] 23:28:54.623415 main.go:159: 2:Received better  block
[peer] 23:28:54.625079 main.go:602: 2:Accepted new Connection
[peer] 23:28:54.629320 main.go:126: 2:Got block message, iteration 2
[peer] 23:28:54.629343 main.go:133: 2:Acquiring bool lock
[peer] 23:28:54.629350 main.go:135: 2:Acquired bool lock
[peer] 23:28:54.629356 main.go:142: 2:Bool lock released
[peer] 23:28:54.629361 main.go:159: 2:Received better  block
[peer] 23:28:54.636066 main.go:602: 2:Accepted new Connection
[peer] 23:28:54.639693 main.go:126: 2:Got block message, iteration 2
[peer] 23:28:54.639724 main.go:133: 2:Acquiring bool lock
[peer] 23:28:54.639730 main.go:135: 2:Acquired bool lock
[peer] 23:28:54.639736 main.go:142: 2:Bool lock released
[peer] 23:28:54.639742 main.go:159: 2:Received better  block
[peer] 23:28:54.644711 main.go:602: 2:Accepted new Connection
[peer] 23:28:54.649302 main.go:126: 2:Got block message, iteration 2
[peer] 23:28:54.649326 main.go:133: 2:Acquiring bool lock
[peer] 23:28:54.649333 main.go:135: 2:Acquired bool lock
[peer] 23:28:54.649338 main.go:142: 2:Bool lock released
[peer] 23:28:54.649343 main.go:159: 2:Received better  block
[peer] 23:28:54.654845 main.go:126: 2:Got block message, iteration 2
[peer] 23:28:54.654876 main.go:133: 2:Acquiring bool lock
[peer] 23:28:54.654887 main.go:135: 2:Acquired bool lock
[peer] 23:28:54.654898 main.go:142: 2:Bool lock released
[peer] 23:28:54.654907 main.go:159: 2:Received better  block
[peer] 23:28:54.656798 main.go:126: 2:Got block message, iteration 2
[peer] 23:28:54.656835 main.go:133: 2:Acquiring bool lock
[peer] 23:28:54.656858 main.go:135: 2:Acquired bool lock
[peer] 23:28:54.656874 main.go:142: 2:Bool lock released
[peer] 23:28:54.656884 main.go:159: 2:Received better  block
[peer] 23:28:54.683475 main.go:602: 2:Accepted new Connection
[peer] 23:28:54.687452 main.go:126: 2:Got block message, iteration 2
[peer] 23:28:54.687494 main.go:133: 2:Acquiring bool lock
[peer] 23:28:54.687503 main.go:135: 2:Acquired bool lock
[peer] 23:28:54.687511 main.go:142: 2:Bool lock released
[peer] 23:28:54.687519 main.go:159: 2:Received better  block
[peer] 23:28:54.830678 main.go:602: 2:Accepted new Connection
[peer] 23:28:54.893045 main.go:126: 2:Got block message, iteration 2
[peer] 23:28:54.893074 main.go:133: 2:Acquiring bool lock
[peer] 23:28:54.893083 main.go:135: 2:Acquired bool lock
[peer] 23:28:54.893090 main.go:142: 2:Bool lock released
[peer] 23:28:54.893097 main.go:159: 2:Received better  block
[peer] 23:29:09.971229 main.go:602: 2:Accepted new Connection
[peer] 23:29:09.976154 main.go:126: 2:Got block message, iteration 3
[peer] 23:29:09.976222 main.go:133: 2:Acquiring bool lock
[peer] 23:29:09.976238 main.go:135: 2:Acquired bool lock
[peer] 23:29:09.976256 main.go:175: 2:Sending to channel
[peer] 23:29:09.976281 main.go:181: 2:Sent to channel
[peer] 23:29:09.976311 main.go:183: 2:Returning
[peer] 23:29:09.976302 main.go:917: 2:Block Received. Appending to chain and moving on to the next iteration..
[peer] 23:29:09.976462 main.go:735: 2:Blocking. Got block for 3, I am at 2
[peer] 23:29:09.988128 main.go:602: 2:Accepted new Connection
[peer] 23:29:09.989178 main.go:126: 2:Got block message, iteration 3
[peer] 23:29:09.989226 main.go:133: 2:Acquiring bool lock
[peer] 23:29:09.989251 main.go:135: 2:Acquired bool lock
[peer] 23:29:09.989269 main.go:175: 2:Sending to channel
[peer] 23:29:09.992915 main.go:602: 2:Accepted new Connection
[peer] 23:29:10.006800 main.go:126: 2:Got block message, iteration 3
[peer] 23:29:10.006836 main.go:133: 2:Acquiring bool lock
[peer] 23:29:10.107274 main.go:602: 2:Accepted new Connection
[peer] 23:29:10.109175 main.go:126: 2:Got block message, iteration 3
[peer] 23:29:10.109222 main.go:133: 2:Acquiring bool lock
[peer] 23:29:10.137969 main.go:602: 2:Accepted new Connection
[peer] 23:29:10.138704 main.go:126: 2:Got block message, iteration 3
[peer] 23:29:10.138745 main.go:133: 2:Acquiring bool lock
[peer] 23:29:10.147999 main.go:602: 2:Accepted new Connection
[peer] 23:29:10.152816 main.go:126: 2:Got block message, iteration 3
[peer] 23:29:10.152846 main.go:133: 2:Acquiring bool lock
[peer] 23:29:10.193729 main.go:602: 2:Accepted new Connection
[peer] 23:29:10.196654 main.go:126: 2:Got block message, iteration 3
[peer] 23:29:10.196700 main.go:133: 2:Acquiring bool lock
[peer] 23:29:10.225755 main.go:602: 2:Accepted new Connection
[peer] 23:29:10.226315 main.go:126: 2:Got block message, iteration 3
[peer] 23:29:10.226367 main.go:133: 2:Acquiring bool lock
[peer] 23:29:10.259262 main.go:602: 2:Accepted new Connection
[peer] 23:29:10.261122 main.go:126: 2:Got block message, iteration 3
[peer] 23:29:10.261172 main.go:133: 2:Acquiring bool lock
[peer] 23:29:10.309207 main.go:602: 2:Accepted new Connection
[peer] 23:29:10.330739 main.go:126: 2:Got block message, iteration 3
[peer] 23:29:10.330773 main.go:133: 2:Acquiring bool lock
[peer] 23:29:10.976576 main.go:735: 2:Blocking. Got block for 3, I am at 2
[peer] 23:29:11.976698 main.go:735: 2:Blocking. Got block for 3, I am at 2
[peer] 23:29:12.976828 main.go:735: 2:Blocking. Got block for 3, I am at 2
[peer] 23:29:13.977000 main.go:735: 2:Blocking. Got block for 3, I am at 2
[peer] 23:29:14.977120 main.go:735: 2:Blocking. Got block for 3, I am at 2
[peer] 23:29:15.977787 main.go:735: 2:Blocking. Got block for 3, I am at 2
[peer] 23:29:16.977907 main.go:735: 2:Blocking. Got block for 3, I am at 2
[peer] 23:29:17.978027 main.go:735: 2:Blocking. Got block for 3, I am at 2
[peer] 23:29:18.978155 main.go:735: 2:Blocking. Got block for 3, I am at 2
[peer] 23:29:19.978296 main.go:735: 2:Blocking. Got block for 3, I am at 2
[peer] 23:29:20.978443 main.go:735: 2:Blocking. Got block for 3, I am at 2
[peer] 23:29:21.978637 main.go:735: 2:Blocking. Got block for 3, I am at 2
[peer] 23:29:22.978742 main.go:735: 2:Blocking. Got block for 3, I am at 2
[peer] 23:29:23.978858 main.go:735: 2:Blocking. Got block for 3, I am at 2
[peer] 23:29:24.978985 main.go:735: 2:Blocking. Got block for 3, I am at 2
[peer] 23:29:25.979120 main.go:735: 2:Blocking. Got block for 3, I am at 2
[peer] 23:29:26.979282 main.go:735: 2:Blocking. Got block for 3, I am at 2
[peer] 23:29:27.979405 main.go:735: 2:Blocking. Got block for 3, I am at 2
[peer] 23:29:28.979568 main.go:735: 2:Blocking. Got block for 3, I am at 2
[peer] 23:29:29.979687 main.go:735: 2:Blocking. Got block for 3, I am at 2
[peer] 23:29:30.979808 main.go:735: 2:Blocking. Got block for 3, I am at 2
[peer] 23:29:31.979933 main.go:735: 2:Blocking. Got block for 3, I am at 2
[peer] 23:29:32.980114 main.go:735: 2:Blocking. Got block for 3, I am at 2
[peer] 23:29:33.980233 main.go:735: 2:Blocking. Got block for 3, I am at 2
[peer] 23:29:34.980335 main.go:735: 2:Blocking. Got block for 3, I am at 2
[peer] 23:29:35.980460 main.go:735: 2:Blocking. Got block for 3, I am at 2
[peer] 23:29:36.269101 main.go:602: 2:Accepted new Connection
[peer] 23:29:36.269647 main.go:126: 2:Got block message, iteration 4
[peer] 23:29:36.269749 main.go:133: 2:Acquiring bool lock
[peer] 23:29:36.980581 main.go:735: 2:Blocking. Got block for 3, I am at 2
[peer] 23:29:37.980673 main.go:735: 2:Blocking. Got block for 3, I am at 2
[peer] 23:29:38.980761 main.go:735: 2:Blocking. Got block for 3, I am at 2
[peer] 23:29:39.980861 main.go:735: 2:Blocking. Got block for 3, I am at 2
[peer] 23:29:40.980956 main.go:735: 2:Blocking. Got block for 3, I am at 2
[peer] 23:29:41.981083 main.go:735: 2:Blocking. Got block for 3, I am at 2
[peer] 23:29:42.981210 main.go:735: 2:Blocking. Got block for 3, I am at 2
[peer] 23:29:43.981319 main.go:735: 2:Blocking. Got block for 3, I am at 2
[peer] 23:29:44.981437 main.go:735: 2:Blocking. Got block for 3, I am at 2
[peer] 23:29:45.981600 main.go:735: 2:Blocking. Got block for 3, I am at 2
[peer] 23:29:46.981725 main.go:735: 2:Blocking. Got block for 3, I am at 2
[peer] 23:29:47.981825 main.go:735: 2:Blocking. Got block for 3, I am at 2
[peer] 23:29:48.981921 main.go:735: 2:Blocking. Got block for 3, I am at 2
[peer] 23:29:49.982015 main.go:735: 2:Blocking. Got block for 3, I am at 2
[peer] 23:29:50.982144 main.go:735: 2:Blocking. Got block for 3, I am at 2
[peer] 23:29:51.982233 main.go:735: 2:Blocking. Got block for 3, I am at 2
[peer] 23:29:52.982323 main.go:735: 2:Blocking. Got block for 3, I am at 2
[peer] 23:29:53.982414 main.go:735: 2:Blocking. Got block for 3, I am at 2
[peer] 23:29:54.982512 main.go:735: 2:Blocking. Got block for 3, I am at 2
[peer] 23:29:55.982655 main.go:735: 2:Blocking. Got block for 3, I am at 2
[peer] 23:29:56.982716 main.go:735: 2:Blocking. Got block for 3, I am at 2
[peer] 23:29:57.982812 main.go:735: 2:Blocking. Got block for 3, I am at 2
[peer] 23:29:58.982918 main.go:735: 2:Blocking. Got block for 3, I am at 2
[peer] 23:29:59.983011 main.go:735: 2:Blocking. Got block for 3, I am at 2
[peer] 23:30:00.983120 main.go:735: 2:Blocking. Got block for 3, I am at 2
[peer] 23:30:01.983223 main.go:735: 2:Blocking. Got block for 3, I am at 2
[peer] 23:30:02.983327 main.go:735: 2:Blocking. Got block for 3, I am at 2
[peer] 23:30:03.983426 main.go:735: 2:Blocking. Got block for 3, I am at 2
[peer] 23:30:04.983532 main.go:735: 2:Blocking. Got block for 3, I am at 2
[peer] 23:30:05.983646 main.go:735: 2:Blocking. Got block for 3, I am at 2
[peer] 23:30:06.983756 main.go:735: 2:Blocking. Got block for 3, I am at 2
[peer] 23:30:07.983864 main.go:735: 2:Blocking. Got block for 3, I am at 2
[peer] 23:30:08.983978 main.go:735: 2:Blocking. Got block for 3, I am at 2
[peer] 23:30:09.984104 main.go:735: 2:Blocking. Got block for 3, I am at 2
[peer] 23:30:10.984211 main.go:735: 2:Blocking. Got block for 3, I am at 2
[peer] 23:30:11.984324 main.go:735: 2:Blocking. Got block for 3, I am at 2
[peer] 23:30:12.984430 main.go:735: 2:Blocking. Got block for 3, I am at 2
[peer] 23:30:13.984526 main.go:735: 2:Blocking. Got block for 3, I am at 2
[peer] 23:30:14.984614 main.go:735: 2:Blocking. Got block for 3, I am at 2
[peer] 23:30:15.984707 main.go:735: 2:Blocking. Got block for 3, I am at 2
[peer] 23:30:16.984808 main.go:735: 2:Blocking. Got block for 3, I am at 2
[peer] 23:30:17.984924 main.go:735: 2:Blocking. Got block for 3, I am at 2
[peer] 23:30:18.985028 main.go:735: 2:Blocking. Got block for 3, I am at 2
[peer] 23:30:19.985139 main.go:735: 2:Blocking. Got block for 3, I am at 2
[peer] 23:30:20.985243 main.go:735: 2:Blocking. Got block for 3, I am at 2
[peer] 23:30:21.985341 main.go:735: 2:Blocking. Got block for 3, I am at 2
[peer] 23:30:22.985460 main.go:735: 2:Blocking. Got block for 3, I am at 2
[peer] 23:30:23.985622 main.go:735: 2:Blocking. Got block for 3, I am at 2
[peer] 23:30:24.985748 main.go:735: 2:Blocking. Got block for 3, I am at 2
[peer] 23:30:25.985882 main.go:735: 2:Blocking. Got block for 3, I am at 2
[peer] 23:30:26.985983 main.go:735: 2:Blocking. Got block for 3, I am at 2
[peer] 23:30:27.986129 main.go:735: 2:Blocking. Got block for 3, I am at 2
[peer] 23:30:28.986175 main.go:735: 2:Blocking. Got block for 3, I am at 2
[peer] 23:30:29.986332 main.go:735: 2:Blocking. Got block for 3, I am at 2
[peer] 23:30:30.986441 main.go:735: 2:Blocking. Got block for 3, I am at 2
[peer] 23:30:31.986531 main.go:735: 2:Blocking. Got block for 3, I am at 2
[peer] 23:30:32.986635 main.go:735: 2:Blocking. Got block for 3, I am at 2
[peer] 23:30:33.986749 main.go:735: 2:Blocking. Got block for 3, I am at 2
[peer] 23:30:34.986861 main.go:735: 2:Blocking. Got block for 3, I am at 2
[peer] 23:30:35.986916 main.go:735: 2:Blocking. Got block for 3, I am at 2
[peer] 23:30:36.987024 main.go:735: 2:Blocking. Got block for 3, I am at 2
[peer] 23:30:37.987130 main.go:735: 2:Blocking. Got block for 3, I am at 2
[peer] 23:30:38.987235 main.go:735: 2:Blocking. Got block for 3, I am at 2
[peer] 23:30:39.987335 main.go:735: 2:Blocking. Got block for 3, I am at 2
[peer] 23:30:40.987447 main.go:735: 2:Blocking. Got block for 3, I am at 2
[peer] 23:30:41.987558 main.go:735: 2:Blocking. Got block for 3, I am at 2
[peer] 23:30:42.987695 main.go:735: 2:Blocking. Got block for 3, I am at 2
[peer] 23:30:43.987832 main.go:735: 2:Blocking. Got block for 3, I am at 2
[peer] 23:30:44.987990 main.go:735: 2:Blocking. Got block for 3, I am at 2
[peer] 23:30:45.988151 main.go:735: 2:Blocking. Got block for 3, I am at 2
[peer] 23:30:46.988294 main.go:735: 2:Blocking. Got block for 3, I am at 2
