[peer] 23:28:47.546760 honest.go:105: 6Importing modules...
../ML/code/utils.py:223: FutureWarning: Method .as_matrix will be removed in a future version. Use .values instead.
  data = data.as_matrix()
../ML/code/utils.py:94: FutureWarning: Method .as_matrix will be removed in a future version. Use .values instead.
  credit = df.ix[1:nn, 1:dd].as_matrix()
[peer] 23:28:53.978802 honest.go:118: 6Sucessfully pulled dataset. Features: 25
[peer] 23:28:53.979106 main.go:467: 6:Announcing myself to network
[peer] 23:28:53.979146 main.go:472: 6:Calling {198.162.52.126 %!s(int=8000) }
[peer] 23:28:53.979260 main.go:491: 6:Inside callRegisterRPC
[peer] 23:28:53.979275 main.go:495: 6Making RPC call
[peer] 23:28:53.979225 main.go:598: 6:Peer started. Receiving on 8006
[peer] 23:28:53.979473 main.go:501: 6RPC dial successful
[peer] 23:28:53.979548 main.go:504: 6:Calling RPC:198.162.52.126:8000
[peer] 23:28:53.979598 main.go:506: 6:RPC called198.162.52.126:8000
[peer] 23:28:53.980295 main.go:513: 6:Announced myself to a fellow peer at port. Got lastest chain
[peer] 23:28:53.980346 main.go:524: 6Got lastest chain until iteration 1
[peer] 23:28:53.980419 main.go:472: 6:Calling {198.162.52.126 %!s(int=8001) }
[peer] 23:28:53.980461 main.go:491: 6:Inside callRegisterRPC
[peer] 23:28:53.980497 main.go:495: 6Making RPC call
[peer] 23:28:53.980638 main.go:501: 6RPC dial successful
[peer] 23:28:53.980709 main.go:504: 6:Calling RPC:198.162.52.126:8001
[peer] 23:28:53.980749 main.go:506: 6:RPC called198.162.52.126:8001
[peer] 23:28:53.981345 main.go:513: 6:Announced myself to a fellow peer at port. Got lastest chain
[peer] 23:28:53.981394 main.go:524: 6Got lastest chain until iteration 1
[peer] 23:28:53.981503 main.go:472: 6:Calling {198.162.52.126 %!s(int=8002) }
[peer] 23:28:53.981547 main.go:491: 6:Inside callRegisterRPC
[peer] 23:28:53.981580 main.go:495: 6Making RPC call
[err] 23:28:53.981672 main.go:282: Peer offline.Couldn't connect to peer: 198.162.52.126:8002, err = dial tcp 198.162.52.126:8002: connect: connection refused
[peer] 23:28:53.981717 main.go:472: 6:Calling {198.162.52.126 %!s(int=8003) }
[peer] 23:28:53.981751 main.go:491: 6:Inside callRegisterRPC
[peer] 23:28:53.981788 main.go:495: 6Making RPC call
[err] 23:28:53.981864 main.go:282: Peer offline.Couldn't connect to peer: 198.162.52.126:8003, err = dial tcp 198.162.52.126:8003: connect: connection refused
[peer] 23:28:53.981908 main.go:472: 6:Calling {198.162.52.126 %!s(int=8004) }
[peer] 23:28:53.981941 main.go:491: 6:Inside callRegisterRPC
[peer] 23:28:53.981977 main.go:495: 6Making RPC call
[err] 23:28:53.982054 main.go:282: Peer offline.Couldn't connect to peer: 198.162.52.126:8004, err = dial tcp 198.162.52.126:8004: connect: connection refused
[peer] 23:28:53.982118 main.go:472: 6:Calling {198.162.52.126 %!s(int=8005) }
[peer] 23:28:53.982174 main.go:491: 6:Inside callRegisterRPC
[peer] 23:28:53.982206 main.go:495: 6Making RPC call
[err] 23:28:53.982282 main.go:282: Peer offline.Couldn't connect to peer: 198.162.52.126:8005, err = dial tcp 198.162.52.126:8005: connect: connection refused
[peer] 23:28:53.982325 main.go:472: 6:Calling {198.162.52.126 %!s(int=8007) }
[peer] 23:28:53.982358 main.go:491: 6:Inside callRegisterRPC
[peer] 23:28:53.982392 main.go:495: 6Making RPC call
[err] 23:28:53.982551 main.go:282: Peer offline.Couldn't connect to peer: 198.162.52.126:8007, err = dial tcp 198.162.52.126:8007: connect: connection refused
[peer] 23:28:53.982590 main.go:472: 6:Calling {198.162.52.126 %!s(int=8008) }
[peer] 23:28:53.982632 main.go:491: 6:Inside callRegisterRPC
[peer] 23:28:53.982664 main.go:495: 6Making RPC call
[err] 23:28:53.982738 main.go:282: Peer offline.Couldn't connect to peer: 198.162.52.126:8008, err = dial tcp 198.162.52.126:8008: connect: connection refused
[peer] 23:28:53.982781 main.go:472: 6:Calling {198.162.52.126 %!s(int=8009) }
[peer] 23:28:53.982814 main.go:491: 6:Inside callRegisterRPC
[peer] 23:28:53.982848 main.go:495: 6Making RPC call
[peer] 23:28:53.982953 main.go:501: 6RPC dial successful
[peer] 23:28:53.983107 main.go:504: 6:Calling RPC:198.162.52.126:8009
[peer] 23:28:53.983164 main.go:506: 6:RPC called198.162.52.126:8009
[peer] 23:28:53.983759 main.go:513: 6:Announced myself to a fellow peer at port. Got lastest chain
[peer] 23:28:53.983837 main.go:472: 6:Calling {198.162.52.57 %!s(int=8010) }
[peer] 23:28:53.983974 main.go:491: 6:Inside callRegisterRPC
[peer] 23:28:53.984018 main.go:495: 6Making RPC call
[peer] 23:28:53.984517 main.go:501: 6RPC dial successful
[peer] 23:28:53.984559 main.go:504: 6:Calling RPC:198.162.52.57:8010
[peer] 23:28:53.984594 main.go:506: 6:RPC called198.162.52.57:8010
[peer] 23:28:53.986187 main.go:513: 6:Announced myself to a fellow peer at port. Got lastest chain
[peer] 23:28:53.986245 main.go:472: 6:Calling {198.162.52.57 %!s(int=8011) }
[peer] 23:28:53.986260 main.go:491: 6:Inside callRegisterRPC
[peer] 23:28:53.986269 main.go:495: 6Making RPC call
[peer] 23:28:53.986809 main.go:501: 6RPC dial successful
[peer] 23:28:53.986835 main.go:504: 6:Calling RPC:198.162.52.57:8011
[peer] 23:28:53.986850 main.go:506: 6:RPC called198.162.52.57:8011
[peer] 23:28:53.988342 main.go:513: 6:Announced myself to a fellow peer at port. Got lastest chain
[peer] 23:28:53.988398 main.go:472: 6:Calling {198.162.52.57 %!s(int=8012) }
[peer] 23:28:53.988412 main.go:491: 6:Inside callRegisterRPC
[peer] 23:28:53.988422 main.go:495: 6Making RPC call
[peer] 23:28:53.988713 main.go:501: 6RPC dial successful
[peer] 23:28:53.988758 main.go:504: 6:Calling RPC:198.162.52.57:8012
[peer] 23:28:53.988774 main.go:506: 6:RPC called198.162.52.57:8012
[peer] 23:28:53.990246 main.go:513: 6:Announced myself to a fellow peer at port. Got lastest chain
[peer] 23:28:53.990302 main.go:472: 6:Calling {198.162.52.57 %!s(int=8013) }
[peer] 23:28:53.990316 main.go:491: 6:Inside callRegisterRPC
[peer] 23:28:53.990328 main.go:495: 6Making RPC call
[peer] 23:28:53.990601 main.go:501: 6RPC dial successful
[peer] 23:28:53.990615 main.go:504: 6:Calling RPC:198.162.52.57:8013
[peer] 23:28:53.990629 main.go:506: 6:RPC called198.162.52.57:8013
[peer] 23:28:53.992150 main.go:513: 6:Announced myself to a fellow peer at port. Got lastest chain
[peer] 23:28:53.992220 main.go:472: 6:Calling {198.162.52.57 %!s(int=8014) }
[peer] 23:28:53.992260 main.go:491: 6:Inside callRegisterRPC
[peer] 23:28:53.992297 main.go:495: 6Making RPC call
[peer] 23:28:53.992757 main.go:501: 6RPC dial successful
[peer] 23:28:53.992799 main.go:504: 6:Calling RPC:198.162.52.57:8014
[peer] 23:28:53.992836 main.go:506: 6:RPC called198.162.52.57:8014
[peer] 23:28:53.994235 main.go:513: 6:Announced myself to a fellow peer at port. Got lastest chain
[peer] 23:28:53.994311 main.go:472: 6:Calling {198.162.52.57 %!s(int=8015) }
[peer] 23:28:53.994349 main.go:491: 6:Inside callRegisterRPC
[peer] 23:28:53.994385 main.go:495: 6Making RPC call
[peer] 23:28:53.994825 main.go:501: 6RPC dial successful
[peer] 23:28:53.994871 main.go:504: 6:Calling RPC:198.162.52.57:8015
[peer] 23:28:53.994906 main.go:506: 6:RPC called198.162.52.57:8015
[peer] 23:28:53.996137 main.go:513: 6:Announced myself to a fellow peer at port. Got lastest chain
[peer] 23:28:53.996215 main.go:472: 6:Calling {198.162.52.57 %!s(int=8016) }
[peer] 23:28:53.996258 main.go:491: 6:Inside callRegisterRPC
[peer] 23:28:53.996292 main.go:495: 6Making RPC call
[peer] 23:28:53.996748 main.go:501: 6RPC dial successful
[peer] 23:28:53.996814 main.go:504: 6:Calling RPC:198.162.52.57:8016
[peer] 23:28:53.996852 main.go:506: 6:RPC called198.162.52.57:8016
[peer] 23:28:53.998124 main.go:513: 6:Announced myself to a fellow peer at port. Got lastest chain
[peer] 23:28:53.998201 main.go:472: 6:Calling {198.162.52.57 %!s(int=8017) }
[peer] 23:28:53.998244 main.go:491: 6:Inside callRegisterRPC
[peer] 23:28:53.998281 main.go:495: 6Making RPC call
[peer] 23:28:53.998720 main.go:501: 6RPC dial successful
[peer] 23:28:53.998759 main.go:504: 6:Calling RPC:198.162.52.57:8017
[peer] 23:28:53.998794 main.go:506: 6:RPC called198.162.52.57:8017
[peer] 23:28:54.000159 main.go:513: 6:Announced myself to a fellow peer at port. Got lastest chain
[peer] 23:28:54.000228 main.go:472: 6:Calling {198.162.52.57 %!s(int=8018) }
[peer] 23:28:54.000280 main.go:491: 6:Inside callRegisterRPC
[peer] 23:28:54.000313 main.go:495: 6Making RPC call
[peer] 23:28:54.000655 main.go:501: 6RPC dial successful
[peer] 23:28:54.000699 main.go:504: 6:Calling RPC:198.162.52.57:8018
[peer] 23:28:54.000735 main.go:506: 6:RPC called198.162.52.57:8018
[peer] 23:28:54.001972 main.go:513: 6:Announced myself to a fellow peer at port. Got lastest chain
[peer] 23:28:54.002039 main.go:472: 6:Calling {198.162.52.57 %!s(int=8019) }
[peer] 23:28:54.002076 main.go:491: 6:Inside callRegisterRPC
[peer] 23:28:54.002117 main.go:495: 6Making RPC call
[peer] 23:28:54.002456 main.go:501: 6RPC dial successful
[peer] 23:28:54.002499 main.go:504: 6:Calling RPC:198.162.52.57:8019
[peer] 23:28:54.002536 main.go:506: 6:RPC called198.162.52.57:8019
[peer] 23:28:54.003795 main.go:513: 6:Announced myself to a fellow peer at port. Got lastest chain
[peer] 23:28:54.003861 main.go:482: 6:Bootstrapped Network. Calling signal
[peer] 23:28:54.003899 main.go:484: 6:Bootstrapped Network. Signal called
[peer] 23:28:54.003940 main.go:557: 6:Acquiring bool lock
[peer] 23:28:54.003973 main.go:559: 6:Acquired bool lock
[peer] 23:28:54.005585 main.go:578: 6:I am not verifier IterationCount:2
[peer] 23:28:54.005633 main.go:583: 6:Bool lock released
[peer] 23:28:54.005667 main.go:791: 6:Computing Update
[peer] 23:28:54.006144 main.go:255: 6 : VRF returned ID map[13:{}]
[peer] 23:28:54.006196 main.go:264: 6 :Verifiers [198.162.52.57:8013] returned.
[peer] 23:28:54.006537 main.go:836: 6:Making RPC Call to Verifier. Sending Update, Iteration:2
[peer] 23:28:54.007686 main.go:843: 6:Update sent successfully
[peer] 23:28:54.044537 main.go:602: 6:Accepted new Connection
[peer] 23:28:54.044719 main.go:201: 6:Registering peer:198.162.52.126:8003
[peer] 23:28:54.187098 main.go:602: 6:Accepted new Connection
[peer] 23:28:54.187474 main.go:201: 6:Registering peer:198.162.52.126:8008
[peer] 23:28:54.214686 main.go:602: 6:Accepted new Connection
[peer] 23:28:54.214890 main.go:201: 6:Registering peer:198.162.52.126:8007
[peer] 23:28:54.239207 main.go:602: 6:Accepted new Connection
[peer] 23:28:54.239352 main.go:201: 6:Registering peer:198.162.52.126:8002
[peer] 23:28:54.435386 main.go:602: 6:Accepted new Connection
[peer] 23:28:54.435571 main.go:201: 6:Registering peer:198.162.52.126:8005
[peer] 23:28:54.453525 main.go:602: 6:Accepted new Connection
[peer] 23:28:54.453672 main.go:201: 6:Registering peer:198.162.52.126:8004
[peer] 23:28:54.475518 main.go:602: 6:Accepted new Connection
[peer] 23:28:54.488674 main.go:126: 6:Got block message, iteration 2
[peer] 23:28:54.488706 main.go:133: 6:Acquiring bool lock
[peer] 23:28:54.488716 main.go:135: 6:Acquired bool lock
[peer] 23:28:54.488724 main.go:142: 6:Bool lock released
[peer] 23:28:54.488731 main.go:159: 6:Received better  block
[peer] 23:28:54.489240 main.go:602: 6:Accepted new Connection
[peer] 23:28:54.490494 main.go:126: 6:Got block message, iteration 2
[peer] 23:28:54.490519 main.go:133: 6:Acquiring bool lock
[peer] 23:28:54.490527 main.go:135: 6:Acquired bool lock
[peer] 23:28:54.490534 main.go:142: 6:Bool lock released
[peer] 23:28:54.490542 main.go:159: 6:Received better  block
[peer] 23:28:54.606087 main.go:602: 6:Accepted new Connection
[peer] 23:28:54.607756 main.go:126: 6:Got block message, iteration 2
[peer] 23:28:54.607786 main.go:133: 6:Acquiring bool lock
[peer] 23:28:54.607795 main.go:135: 6:Acquired bool lock
[peer] 23:28:54.607802 main.go:142: 6:Bool lock released
[peer] 23:28:54.607809 main.go:159: 6:Received better  block
[peer] 23:28:54.613248 main.go:602: 6:Accepted new Connection
[peer] 23:28:54.617690 main.go:126: 6:Got block message, iteration 2
[peer] 23:28:54.617711 main.go:133: 6:Acquiring bool lock
[peer] 23:28:54.617718 main.go:135: 6:Acquired bool lock
[peer] 23:28:54.617723 main.go:142: 6:Bool lock released
[peer] 23:28:54.617737 main.go:159: 6:Received better  block
[peer] 23:28:54.618118 main.go:602: 6:Accepted new Connection
[peer] 23:28:54.625052 main.go:602: 6:Accepted new Connection
[peer] 23:28:54.633912 main.go:126: 6:Got block message, iteration 2
[peer] 23:28:54.633944 main.go:133: 6:Acquiring bool lock
[peer] 23:28:54.633951 main.go:135: 6:Acquired bool lock
[peer] 23:28:54.633956 main.go:142: 6:Bool lock released
[peer] 23:28:54.633962 main.go:159: 6:Received better  block
[peer] 23:28:54.636115 main.go:602: 6:Accepted new Connection
[peer] 23:28:54.640488 main.go:126: 6:Got block message, iteration 2
[peer] 23:28:54.640513 main.go:133: 6:Acquiring bool lock
[peer] 23:28:54.640526 main.go:135: 6:Acquired bool lock
[peer] 23:28:54.640536 main.go:142: 6:Bool lock released
[peer] 23:28:54.640546 main.go:159: 6:Received better  block
[peer] 23:28:54.644724 main.go:602: 6:Accepted new Connection
[peer] 23:28:54.648581 main.go:126: 6:Got block message, iteration 2
[peer] 23:28:54.648601 main.go:133: 6:Acquiring bool lock
[peer] 23:28:54.648607 main.go:135: 6:Acquired bool lock
[peer] 23:28:54.648613 main.go:142: 6:Bool lock released
[peer] 23:28:54.648618 main.go:159: 6:Received better  block
[peer] 23:28:54.652539 main.go:126: 6:Got block message, iteration 2
[peer] 23:28:54.652561 main.go:133: 6:Acquiring bool lock
[peer] 23:28:54.652570 main.go:135: 6:Acquired bool lock
[peer] 23:28:54.652576 main.go:142: 6:Bool lock released
[peer] 23:28:54.652581 main.go:159: 6:Received better  block
[peer] 23:28:54.683967 main.go:602: 6:Accepted new Connection
[peer] 23:28:54.695004 main.go:126: 6:Got block message, iteration 2
[peer] 23:28:54.695033 main.go:133: 6:Acquiring bool lock
[peer] 23:28:54.695043 main.go:135: 6:Acquired bool lock
[peer] 23:28:54.695052 main.go:142: 6:Bool lock released
[peer] 23:28:54.695061 main.go:159: 6:Received better  block
[peer] 23:28:54.831503 main.go:602: 6:Accepted new Connection
[peer] 23:28:54.895282 main.go:126: 6:Got block message, iteration 2
[peer] 23:28:54.895333 main.go:133: 6:Acquiring bool lock
[peer] 23:28:54.895358 main.go:135: 6:Acquired bool lock
[peer] 23:28:54.895383 main.go:142: 6:Bool lock released
[peer] 23:28:54.895411 main.go:159: 6:Received better  block
[peer] 23:29:09.971381 main.go:602: 6:Accepted new Connection
[peer] 23:29:09.977043 main.go:126: 6:Got block message, iteration 3
[peer] 23:29:09.977087 main.go:133: 6:Acquiring bool lock
[peer] 23:29:09.977108 main.go:135: 6:Acquired bool lock
[peer] 23:29:09.977133 main.go:175: 6:Sending to channel
[peer] 23:29:09.977158 main.go:181: 6:Sent to channel
[peer] 23:29:09.977180 main.go:183: 6:Returning
[peer] 23:29:09.977213 main.go:735: 6:Blocking. Got block for 3, I am at 2
[peer] 23:29:09.977178 main.go:917: 6:Block Received. Appending to chain and moving on to the next iteration..
[peer] 23:29:09.990575 main.go:602: 6:Accepted new Connection
[peer] 23:29:09.990899 main.go:126: 6:Got block message, iteration 3
[peer] 23:29:09.990936 main.go:133: 6:Acquiring bool lock
[peer] 23:29:09.990948 main.go:135: 6:Acquired bool lock
[peer] 23:29:09.990960 main.go:175: 6:Sending to channel
[peer] 23:29:09.992892 main.go:602: 6:Accepted new Connection
[peer] 23:29:10.105747 main.go:126: 6:Got block message, iteration 3
[peer] 23:29:10.105787 main.go:133: 6:Acquiring bool lock
[peer] 23:29:10.107354 main.go:602: 6:Accepted new Connection
[peer] 23:29:10.108491 main.go:126: 6:Got block message, iteration 3
[peer] 23:29:10.108510 main.go:133: 6:Acquiring bool lock
[peer] 23:29:10.138052 main.go:602: 6:Accepted new Connection
[peer] 23:29:10.139665 main.go:126: 6:Got block message, iteration 3
[peer] 23:29:10.139700 main.go:133: 6:Acquiring bool lock
[peer] 23:29:10.148815 main.go:602: 6:Accepted new Connection
[peer] 23:29:10.150793 main.go:126: 6:Got block message, iteration 3
[peer] 23:29:10.150822 main.go:133: 6:Acquiring bool lock
[peer] 23:29:10.193689 main.go:602: 6:Accepted new Connection
[peer] 23:29:10.203828 main.go:126: 6:Got block message, iteration 3
[peer] 23:29:10.203879 main.go:133: 6:Acquiring bool lock
[peer] 23:29:10.225017 main.go:602: 6:Accepted new Connection
[peer] 23:29:10.227217 main.go:126: 6:Got block message, iteration 3
[peer] 23:29:10.227269 main.go:133: 6:Acquiring bool lock
[peer] 23:29:10.259251 main.go:602: 6:Accepted new Connection
[peer] 23:29:10.260939 main.go:126: 6:Got block message, iteration 3
[peer] 23:29:10.261015 main.go:133: 6:Acquiring bool lock
[peer] 23:29:10.309240 main.go:602: 6:Accepted new Connection
[peer] 23:29:10.330340 main.go:126: 6:Got block message, iteration 3
[peer] 23:29:10.330397 main.go:133: 6:Acquiring bool lock
[peer] 23:29:10.977317 main.go:735: 6:Blocking. Got block for 3, I am at 2
[peer] 23:29:11.977436 main.go:735: 6:Blocking. Got block for 3, I am at 2
[peer] 23:29:12.977588 main.go:735: 6:Blocking. Got block for 3, I am at 2
[peer] 23:29:13.977695 main.go:735: 6:Blocking. Got block for 3, I am at 2
[peer] 23:29:14.977812 main.go:735: 6:Blocking. Got block for 3, I am at 2
[peer] 23:29:15.977968 main.go:735: 6:Blocking. Got block for 3, I am at 2
[peer] 23:29:16.978132 main.go:735: 6:Blocking. Got block for 3, I am at 2
[peer] 23:29:17.978300 main.go:735: 6:Blocking. Got block for 3, I am at 2
[peer] 23:29:18.978421 main.go:735: 6:Blocking. Got block for 3, I am at 2
[peer] 23:29:19.978549 main.go:735: 6:Blocking. Got block for 3, I am at 2
[peer] 23:29:20.978684 main.go:735: 6:Blocking. Got block for 3, I am at 2
[peer] 23:29:21.978833 main.go:735: 6:Blocking. Got block for 3, I am at 2
[peer] 23:29:22.978956 main.go:735: 6:Blocking. Got block for 3, I am at 2
[peer] 23:29:23.979091 main.go:735: 6:Blocking. Got block for 3, I am at 2
[peer] 23:29:24.979208 main.go:735: 6:Blocking. Got block for 3, I am at 2
[peer] 23:29:25.979308 main.go:735: 6:Blocking. Got block for 3, I am at 2
[peer] 23:29:26.979434 main.go:735: 6:Blocking. Got block for 3, I am at 2
[peer] 23:29:27.979571 main.go:735: 6:Blocking. Got block for 3, I am at 2
[peer] 23:29:28.979746 main.go:735: 6:Blocking. Got block for 3, I am at 2
[peer] 23:29:29.979867 main.go:735: 6:Blocking. Got block for 3, I am at 2
[peer] 23:29:30.979991 main.go:735: 6:Blocking. Got block for 3, I am at 2
[peer] 23:29:31.980111 main.go:735: 6:Blocking. Got block for 3, I am at 2
[peer] 23:29:32.980230 main.go:735: 6:Blocking. Got block for 3, I am at 2
[peer] 23:29:33.980330 main.go:735: 6:Blocking. Got block for 3, I am at 2
[peer] 23:29:34.980391 main.go:735: 6:Blocking. Got block for 3, I am at 2
[peer] 23:29:35.980493 main.go:735: 6:Blocking. Got block for 3, I am at 2
[peer] 23:29:36.269099 main.go:602: 6:Accepted new Connection
[peer] 23:29:36.269851 main.go:126: 6:Got block message, iteration 4
[peer] 23:29:36.269919 main.go:133: 6:Acquiring bool lock
[peer] 23:29:36.980587 main.go:735: 6:Blocking. Got block for 3, I am at 2
[peer] 23:29:37.980673 main.go:735: 6:Blocking. Got block for 3, I am at 2
[peer] 23:29:38.980761 main.go:735: 6:Blocking. Got block for 3, I am at 2
[peer] 23:29:39.980865 main.go:735: 6:Blocking. Got block for 3, I am at 2
[peer] 23:29:40.980956 main.go:735: 6:Blocking. Got block for 3, I am at 2
[peer] 23:29:41.981083 main.go:735: 6:Blocking. Got block for 3, I am at 2
[peer] 23:29:42.981210 main.go:735: 6:Blocking. Got block for 3, I am at 2
[peer] 23:29:43.981263 main.go:735: 6:Blocking. Got block for 3, I am at 2
[peer] 23:29:44.981423 main.go:735: 6:Blocking. Got block for 3, I am at 2
[peer] 23:29:45.981593 main.go:735: 6:Blocking. Got block for 3, I am at 2
[peer] 23:29:46.981708 main.go:735: 6:Blocking. Got block for 3, I am at 2
[peer] 23:29:47.981809 main.go:735: 6:Blocking. Got block for 3, I am at 2
[peer] 23:29:48.981907 main.go:735: 6:Blocking. Got block for 3, I am at 2
[peer] 23:29:49.982010 main.go:735: 6:Blocking. Got block for 3, I am at 2
[peer] 23:29:50.982065 main.go:735: 6:Blocking. Got block for 3, I am at 2
[peer] 23:29:51.982165 main.go:735: 6:Blocking. Got block for 3, I am at 2
[peer] 23:29:52.982264 main.go:735: 6:Blocking. Got block for 3, I am at 2
[peer] 23:29:53.982374 main.go:735: 6:Blocking. Got block for 3, I am at 2
[peer] 23:29:54.982484 main.go:735: 6:Blocking. Got block for 3, I am at 2
[peer] 23:29:55.982636 main.go:735: 6:Blocking. Got block for 3, I am at 2
[peer] 23:29:56.982731 main.go:735: 6:Blocking. Got block for 3, I am at 2
[peer] 23:29:57.982882 main.go:735: 6:Blocking. Got block for 3, I am at 2
[peer] 23:29:58.982996 main.go:735: 6:Blocking. Got block for 3, I am at 2
[peer] 23:29:59.983082 main.go:735: 6:Blocking. Got block for 3, I am at 2
[peer] 23:30:00.983186 main.go:735: 6:Blocking. Got block for 3, I am at 2
[peer] 23:30:01.983279 main.go:735: 6:Blocking. Got block for 3, I am at 2
[peer] 23:30:02.983380 main.go:735: 6:Blocking. Got block for 3, I am at 2
[peer] 23:30:03.983469 main.go:735: 6:Blocking. Got block for 3, I am at 2
[peer] 23:30:04.983567 main.go:735: 6:Blocking. Got block for 3, I am at 2
[peer] 23:30:05.983666 main.go:735: 6:Blocking. Got block for 3, I am at 2
[peer] 23:30:06.983760 main.go:735: 6:Blocking. Got block for 3, I am at 2
[peer] 23:30:07.983871 main.go:735: 6:Blocking. Got block for 3, I am at 2
[peer] 23:30:08.983971 main.go:735: 6:Blocking. Got block for 3, I am at 2
[peer] 23:30:09.984081 main.go:735: 6:Blocking. Got block for 3, I am at 2
[peer] 23:30:10.984190 main.go:735: 6:Blocking. Got block for 3, I am at 2
[peer] 23:30:11.984305 main.go:735: 6:Blocking. Got block for 3, I am at 2
[peer] 23:30:12.984407 main.go:735: 6:Blocking. Got block for 3, I am at 2
[peer] 23:30:13.984505 main.go:735: 6:Blocking. Got block for 3, I am at 2
[peer] 23:30:14.984604 main.go:735: 6:Blocking. Got block for 3, I am at 2
[peer] 23:30:15.984707 main.go:735: 6:Blocking. Got block for 3, I am at 2
[peer] 23:30:16.984822 main.go:735: 6:Blocking. Got block for 3, I am at 2
[peer] 23:30:17.984928 main.go:735: 6:Blocking. Got block for 3, I am at 2
[peer] 23:30:18.985025 main.go:735: 6:Blocking. Got block for 3, I am at 2
[peer] 23:30:19.985138 main.go:735: 6:Blocking. Got block for 3, I am at 2
[peer] 23:30:20.985244 main.go:735: 6:Blocking. Got block for 3, I am at 2
[peer] 23:30:21.985342 main.go:735: 6:Blocking. Got block for 3, I am at 2
[peer] 23:30:22.985471 main.go:735: 6:Blocking. Got block for 3, I am at 2
[peer] 23:30:23.985584 main.go:735: 6:Blocking. Got block for 3, I am at 2
[peer] 23:30:24.985708 main.go:735: 6:Blocking. Got block for 3, I am at 2
[peer] 23:30:25.985819 main.go:735: 6:Blocking. Got block for 3, I am at 2
[peer] 23:30:26.985951 main.go:735: 6:Blocking. Got block for 3, I am at 2
[peer] 23:30:27.986071 main.go:735: 6:Blocking. Got block for 3, I am at 2
[peer] 23:30:28.986228 main.go:735: 6:Blocking. Got block for 3, I am at 2
[peer] 23:30:29.986284 main.go:735: 6:Blocking. Got block for 3, I am at 2
[peer] 23:30:30.986402 main.go:735: 6:Blocking. Got block for 3, I am at 2
[peer] 23:30:31.986514 main.go:735: 6:Blocking. Got block for 3, I am at 2
[peer] 23:30:32.986615 main.go:735: 6:Blocking. Got block for 3, I am at 2
[peer] 23:30:33.986708 main.go:735: 6:Blocking. Got block for 3, I am at 2
[peer] 23:30:34.986810 main.go:735: 6:Blocking. Got block for 3, I am at 2
[peer] 23:30:35.986912 main.go:735: 6:Blocking. Got block for 3, I am at 2
[peer] 23:30:36.987042 main.go:735: 6:Blocking. Got block for 3, I am at 2
[peer] 23:30:37.987138 main.go:735: 6:Blocking. Got block for 3, I am at 2
[peer] 23:30:38.987234 main.go:735: 6:Blocking. Got block for 3, I am at 2
[peer] 23:30:39.987353 main.go:735: 6:Blocking. Got block for 3, I am at 2
[peer] 23:30:40.987506 main.go:735: 6:Blocking. Got block for 3, I am at 2
[peer] 23:30:41.987563 main.go:735: 6:Blocking. Got block for 3, I am at 2
[peer] 23:30:42.987693 main.go:735: 6:Blocking. Got block for 3, I am at 2
[peer] 23:30:43.987839 main.go:735: 6:Blocking. Got block for 3, I am at 2
[peer] 23:30:44.987990 main.go:735: 6:Blocking. Got block for 3, I am at 2
[peer] 23:30:45.988167 main.go:735: 6:Blocking. Got block for 3, I am at 2
[peer] 23:30:46.988294 main.go:735: 6:Blocking. Got block for 3, I am at 2
