[peer] 23:28:47.577279 honest.go:105: 7Importing modules...
../ML/code/utils.py:223: FutureWarning: Method .as_matrix will be removed in a future version. Use .values instead.
  data = data.as_matrix()
../ML/code/utils.py:94: FutureWarning: Method .as_matrix will be removed in a future version. Use .values instead.
  credit = df.ix[1:nn, 1:dd].as_matrix()
[peer] 23:28:54.212021 honest.go:118: 7Sucessfully pulled dataset. Features: 25
[peer] 23:28:54.212210 main.go:467: 7:Announcing myself to network
[peer] 23:28:54.212249 main.go:472: 7:Calling {198.162.52.126 %!s(int=8000) }
[peer] 23:28:54.212261 main.go:491: 7:Inside callRegisterRPC
[peer] 23:28:54.212270 main.go:495: 7Making RPC call
[peer] 23:28:54.212269 main.go:598: 7:Peer started. Receiving on 8007
[peer] 23:28:54.212386 main.go:501: 7RPC dial successful
[peer] 23:28:54.212404 main.go:504: 7:Calling RPC:198.162.52.126:8000
[peer] 23:28:54.212417 main.go:506: 7:RPC called198.162.52.126:8000
[peer] 23:28:54.212949 main.go:513: 7:Announced myself to a fellow peer at port. Got lastest chain
[peer] 23:28:54.212975 main.go:524: 7Got lastest chain until iteration 1
[peer] 23:28:54.213026 main.go:472: 7:Calling {198.162.52.126 %!s(int=8001) }
[peer] 23:28:54.213064 main.go:491: 7:Inside callRegisterRPC
[peer] 23:28:54.213080 main.go:495: 7Making RPC call
[peer] 23:28:54.213148 main.go:501: 7RPC dial successful
[peer] 23:28:54.213161 main.go:504: 7:Calling RPC:198.162.52.126:8001
[peer] 23:28:54.213182 main.go:506: 7:RPC called198.162.52.126:8001
[peer] 23:28:54.213699 main.go:513: 7:Announced myself to a fellow peer at port. Got lastest chain
[peer] 23:28:54.213714 main.go:524: 7Got lastest chain until iteration 1
[peer] 23:28:54.213753 main.go:472: 7:Calling {198.162.52.126 %!s(int=8002) }
[peer] 23:28:54.213762 main.go:491: 7:Inside callRegisterRPC
[peer] 23:28:54.213773 main.go:495: 7Making RPC call
[err] 23:28:54.213837 main.go:282: Peer offline.Couldn't connect to peer: 198.162.52.126:8002, err = dial tcp 198.162.52.126:8002: connect: connection refused
[peer] 23:28:54.213862 main.go:472: 7:Calling {198.162.52.126 %!s(int=8003) }
[peer] 23:28:54.213874 main.go:491: 7:Inside callRegisterRPC
[peer] 23:28:54.213884 main.go:495: 7Making RPC call
[peer] 23:28:54.213960 main.go:501: 7RPC dial successful
[peer] 23:28:54.213975 main.go:504: 7:Calling RPC:198.162.52.126:8003
[peer] 23:28:54.213986 main.go:506: 7:RPC called198.162.52.126:8003
[peer] 23:28:54.214397 main.go:513: 7:Announced myself to a fellow peer at port. Got lastest chain
[peer] 23:28:54.214432 main.go:472: 7:Calling {198.162.52.126 %!s(int=8004) }
[peer] 23:28:54.214442 main.go:491: 7:Inside callRegisterRPC
[peer] 23:28:54.214447 main.go:495: 7Making RPC call
[err] 23:28:54.214492 main.go:282: Peer offline.Couldn't connect to peer: 198.162.52.126:8004, err = dial tcp 198.162.52.126:8004: connect: connection refused
[peer] 23:28:54.214513 main.go:472: 7:Calling {198.162.52.126 %!s(int=8005) }
[peer] 23:28:54.214521 main.go:491: 7:Inside callRegisterRPC
[peer] 23:28:54.214526 main.go:495: 7Making RPC call
[err] 23:28:54.214569 main.go:282: Peer offline.Couldn't connect to peer: 198.162.52.126:8005, err = dial tcp 198.162.52.126:8005: connect: connection refused
[peer] 23:28:54.214584 main.go:472: 7:Calling {198.162.52.126 %!s(int=8006) }
[peer] 23:28:54.214591 main.go:491: 7:Inside callRegisterRPC
[peer] 23:28:54.214595 main.go:495: 7Making RPC call
[peer] 23:28:54.214641 main.go:501: 7RPC dial successful
[peer] 23:28:54.214654 main.go:504: 7:Calling RPC:198.162.52.126:8006
[peer] 23:28:54.214664 main.go:506: 7:RPC called198.162.52.126:8006
[peer] 23:28:54.215102 main.go:513: 7:Announced myself to a fellow peer at port. Got lastest chain
[peer] 23:28:54.215139 main.go:472: 7:Calling {198.162.52.126 %!s(int=8008) }
[peer] 23:28:54.215152 main.go:491: 7:Inside callRegisterRPC
[peer] 23:28:54.215159 main.go:495: 7Making RPC call
[peer] 23:28:54.215210 main.go:501: 7RPC dial successful
[peer] 23:28:54.215226 main.go:504: 7:Calling RPC:198.162.52.126:8008
[peer] 23:28:54.215233 main.go:506: 7:RPC called198.162.52.126:8008
[peer] 23:28:54.215648 main.go:513: 7:Announced myself to a fellow peer at port. Got lastest chain
[peer] 23:28:54.215679 main.go:472: 7:Calling {198.162.52.126 %!s(int=8009) }
[peer] 23:28:54.215690 main.go:491: 7:Inside callRegisterRPC
[peer] 23:28:54.215699 main.go:495: 7Making RPC call
[peer] 23:28:54.215753 main.go:501: 7RPC dial successful
[peer] 23:28:54.215766 main.go:504: 7:Calling RPC:198.162.52.126:8009
[peer] 23:28:54.215775 main.go:506: 7:RPC called198.162.52.126:8009
[peer] 23:28:54.216152 main.go:513: 7:Announced myself to a fellow peer at port. Got lastest chain
[peer] 23:28:54.216189 main.go:472: 7:Calling {198.162.52.57 %!s(int=8010) }
[peer] 23:28:54.216201 main.go:491: 7:Inside callRegisterRPC
[peer] 23:28:54.216209 main.go:495: 7Making RPC call
[peer] 23:28:54.216761 main.go:501: 7RPC dial successful
[peer] 23:28:54.216774 main.go:504: 7:Calling RPC:198.162.52.57:8010
[peer] 23:28:54.216784 main.go:506: 7:RPC called198.162.52.57:8010
[peer] 23:28:54.218276 main.go:513: 7:Announced myself to a fellow peer at port. Got lastest chain
[peer] 23:28:54.218311 main.go:472: 7:Calling {198.162.52.57 %!s(int=8011) }
[peer] 23:28:54.218320 main.go:491: 7:Inside callRegisterRPC
[peer] 23:28:54.218328 main.go:495: 7Making RPC call
[peer] 23:28:54.218893 main.go:501: 7RPC dial successful
[peer] 23:28:54.218912 main.go:504: 7:Calling RPC:198.162.52.57:8011
[peer] 23:28:54.218925 main.go:506: 7:RPC called198.162.52.57:8011
[peer] 23:28:54.220260 main.go:513: 7:Announced myself to a fellow peer at port. Got lastest chain
[peer] 23:28:54.220296 main.go:472: 7:Calling {198.162.52.57 %!s(int=8012) }
[peer] 23:28:54.220308 main.go:491: 7:Inside callRegisterRPC
[peer] 23:28:54.220316 main.go:495: 7Making RPC call
[peer] 23:28:54.220781 main.go:501: 7RPC dial successful
[peer] 23:28:54.220794 main.go:504: 7:Calling RPC:198.162.52.57:8012
[peer] 23:28:54.220804 main.go:506: 7:RPC called198.162.52.57:8012
[peer] 23:28:54.222163 main.go:513: 7:Announced myself to a fellow peer at port. Got lastest chain
[peer] 23:28:54.222204 main.go:472: 7:Calling {198.162.52.57 %!s(int=8013) }
[peer] 23:28:54.222216 main.go:491: 7:Inside callRegisterRPC
[peer] 23:28:54.222224 main.go:495: 7Making RPC call
[peer] 23:28:54.222695 main.go:501: 7RPC dial successful
[peer] 23:28:54.222708 main.go:504: 7:Calling RPC:198.162.52.57:8013
[peer] 23:28:54.222719 main.go:506: 7:RPC called198.162.52.57:8013
[peer] 23:28:54.224119 main.go:513: 7:Announced myself to a fellow peer at port. Got lastest chain
[peer] 23:28:54.224152 main.go:472: 7:Calling {198.162.52.57 %!s(int=8014) }
[peer] 23:28:54.224162 main.go:491: 7:Inside callRegisterRPC
[peer] 23:28:54.224170 main.go:495: 7Making RPC call
[peer] 23:28:54.224661 main.go:501: 7RPC dial successful
[peer] 23:28:54.224674 main.go:504: 7:Calling RPC:198.162.52.57:8014
[peer] 23:28:54.224684 main.go:506: 7:RPC called198.162.52.57:8014
[peer] 23:28:54.226300 main.go:513: 7:Announced myself to a fellow peer at port. Got lastest chain
[peer] 23:28:54.226341 main.go:472: 7:Calling {198.162.52.57 %!s(int=8015) }
[peer] 23:28:54.226354 main.go:491: 7:Inside callRegisterRPC
[peer] 23:28:54.226363 main.go:495: 7Making RPC call
[peer] 23:28:54.226675 main.go:501: 7RPC dial successful
[peer] 23:28:54.226688 main.go:504: 7:Calling RPC:198.162.52.57:8015
[peer] 23:28:54.226697 main.go:506: 7:RPC called198.162.52.57:8015
[peer] 23:28:54.228012 main.go:513: 7:Announced myself to a fellow peer at port. Got lastest chain
[peer] 23:28:54.228053 main.go:472: 7:Calling {198.162.52.57 %!s(int=8016) }
[peer] 23:28:54.228066 main.go:491: 7:Inside callRegisterRPC
[peer] 23:28:54.228075 main.go:495: 7Making RPC call
[peer] 23:28:54.228549 main.go:501: 7RPC dial successful
[peer] 23:28:54.228562 main.go:504: 7:Calling RPC:198.162.52.57:8016
[peer] 23:28:54.228572 main.go:506: 7:RPC called198.162.52.57:8016
[peer] 23:28:54.230206 main.go:513: 7:Announced myself to a fellow peer at port. Got lastest chain
[peer] 23:28:54.230246 main.go:472: 7:Calling {198.162.52.57 %!s(int=8017) }
[peer] 23:28:54.230259 main.go:491: 7:Inside callRegisterRPC
[peer] 23:28:54.230279 main.go:495: 7Making RPC call
[peer] 23:28:54.230586 main.go:501: 7RPC dial successful
[peer] 23:28:54.230599 main.go:504: 7:Calling RPC:198.162.52.57:8017
[peer] 23:28:54.230609 main.go:506: 7:RPC called198.162.52.57:8017
[peer] 23:28:54.231857 main.go:513: 7:Announced myself to a fellow peer at port. Got lastest chain
[peer] 23:28:54.231901 main.go:472: 7:Calling {198.162.52.57 %!s(int=8018) }
[peer] 23:28:54.231913 main.go:491: 7:Inside callRegisterRPC
[peer] 23:28:54.231922 main.go:495: 7Making RPC call
[peer] 23:28:54.232234 main.go:501: 7RPC dial successful
[peer] 23:28:54.232247 main.go:504: 7:Calling RPC:198.162.52.57:8018
[peer] 23:28:54.232257 main.go:506: 7:RPC called198.162.52.57:8018
[peer] 23:28:54.233484 main.go:513: 7:Announced myself to a fellow peer at port. Got lastest chain
[peer] 23:28:54.233518 main.go:472: 7:Calling {198.162.52.57 %!s(int=8019) }
[peer] 23:28:54.233527 main.go:491: 7:Inside callRegisterRPC
[peer] 23:28:54.233535 main.go:495: 7Making RPC call
[peer] 23:28:54.234108 main.go:501: 7RPC dial successful
[peer] 23:28:54.234125 main.go:504: 7:Calling RPC:198.162.52.57:8019
[peer] 23:28:54.234135 main.go:506: 7:RPC called198.162.52.57:8019
[peer] 23:28:54.235462 main.go:513: 7:Announced myself to a fellow peer at port. Got lastest chain
[peer] 23:28:54.235502 main.go:482: 7:Bootstrapped Network. Calling signal
[peer] 23:28:54.235516 main.go:484: 7:Bootstrapped Network. Signal called
[peer] 23:28:54.235525 main.go:557: 7:Acquiring bool lock
[peer] 23:28:54.235532 main.go:559: 7:Acquired bool lock
[peer] 23:28:54.236540 main.go:578: 7:I am not verifier IterationCount:2
[peer] 23:28:54.236553 main.go:583: 7:Bool lock released
[peer] 23:28:54.236562 main.go:791: 7:Computing Update
[peer] 23:28:54.236911 main.go:255: 7 : VRF returned ID map[13:{}]
[peer] 23:28:54.236929 main.go:264: 7 :Verifiers [198.162.52.57:8013] returned.
[peer] 23:28:54.237499 main.go:836: 7:Making RPC Call to Verifier. Sending Update, Iteration:2
[peer] 23:28:54.238875 main.go:843: 7:Update sent successfully
[peer] 23:28:54.239636 main.go:602: 7:Accepted new Connection
[peer] 23:28:54.239816 main.go:201: 7:Registering peer:198.162.52.126:8002
[peer] 23:28:54.435932 main.go:602: 7:Accepted new Connection
[peer] 23:28:54.436070 main.go:201: 7:Registering peer:198.162.52.126:8005
[peer] 23:28:54.453959 main.go:602: 7:Accepted new Connection
[peer] 23:28:54.454105 main.go:201: 7:Registering peer:198.162.52.126:8004
[peer] 23:28:54.475777 main.go:602: 7:Accepted new Connection
[peer] 23:28:54.486029 main.go:126: 7:Got block message, iteration 2
[peer] 23:28:54.486054 main.go:133: 7:Acquiring bool lock
[peer] 23:28:54.486066 main.go:135: 7:Acquired bool lock
[peer] 23:28:54.486072 main.go:142: 7:Bool lock released
[peer] 23:28:54.486078 main.go:159: 7:Received better  block
[peer] 23:28:54.489087 main.go:602: 7:Accepted new Connection
[peer] 23:28:54.491080 main.go:126: 7:Got block message, iteration 2
[peer] 23:28:54.491125 main.go:133: 7:Acquiring bool lock
[peer] 23:28:54.491157 main.go:135: 7:Acquired bool lock
[peer] 23:28:54.491191 main.go:142: 7:Bool lock released
[peer] 23:28:54.491217 main.go:159: 7:Received better  block
[peer] 23:28:54.607253 main.go:602: 7:Accepted new Connection
[peer] 23:28:54.618098 main.go:602: 7:Accepted new Connection
[peer] 23:28:54.620837 main.go:602: 7:Accepted new Connection
[peer] 23:28:54.624079 main.go:126: 7:Got block message, iteration 2
[peer] 23:28:54.624113 main.go:133: 7:Acquiring bool lock
[peer] 23:28:54.624123 main.go:135: 7:Acquired bool lock
[peer] 23:28:54.624133 main.go:142: 7:Bool lock released
[peer] 23:28:54.624139 main.go:159: 7:Received better  block
[peer] 23:28:54.624089 main.go:602: 7:Accepted new Connection
[peer] 23:28:54.625081 main.go:126: 7:Got block message, iteration 2
[peer] 23:28:54.625105 main.go:133: 7:Acquiring bool lock
[peer] 23:28:54.625114 main.go:135: 7:Acquired bool lock
[peer] 23:28:54.625123 main.go:142: 7:Bool lock released
[peer] 23:28:54.625132 main.go:159: 7:Received better  block
[peer] 23:28:54.636101 main.go:602: 7:Accepted new Connection
[peer] 23:28:54.639549 main.go:126: 7:Got block message, iteration 2
[peer] 23:28:54.639574 main.go:133: 7:Acquiring bool lock
[peer] 23:28:54.639581 main.go:135: 7:Acquired bool lock
[peer] 23:28:54.639587 main.go:142: 7:Bool lock released
[peer] 23:28:54.639592 main.go:159: 7:Received better  block
[peer] 23:28:54.644195 main.go:602: 7:Accepted new Connection
[peer] 23:28:54.649851 main.go:126: 7:Got block message, iteration 2
[peer] 23:28:54.649871 main.go:133: 7:Acquiring bool lock
[peer] 23:28:54.649877 main.go:135: 7:Acquired bool lock
[peer] 23:28:54.649883 main.go:142: 7:Bool lock released
[peer] 23:28:54.649889 main.go:159: 7:Received better  block
[peer] 23:28:54.654548 main.go:126: 7:Got block message, iteration 2
[peer] 23:28:54.654581 main.go:133: 7:Acquiring bool lock
[peer] 23:28:54.654593 main.go:135: 7:Acquired bool lock
[peer] 23:28:54.654600 main.go:142: 7:Bool lock released
[peer] 23:28:54.654606 main.go:159: 7:Received better  block
[peer] 23:28:54.656793 main.go:126: 7:Got block message, iteration 2
[peer] 23:28:54.656830 main.go:133: 7:Acquiring bool lock
[peer] 23:28:54.656841 main.go:135: 7:Acquired bool lock
[peer] 23:28:54.656848 main.go:142: 7:Bool lock released
[peer] 23:28:54.656854 main.go:159: 7:Received better  block
[peer] 23:28:54.683718 main.go:602: 7:Accepted new Connection
[peer] 23:28:54.691649 main.go:126: 7:Got block message, iteration 2
[peer] 23:28:54.691686 main.go:133: 7:Acquiring bool lock
[peer] 23:28:54.691698 main.go:135: 7:Acquired bool lock
[peer] 23:28:54.691707 main.go:142: 7:Bool lock released
[peer] 23:28:54.691717 main.go:159: 7:Received better  block
[peer] 23:28:54.830677 main.go:602: 7:Accepted new Connection
[peer] 23:28:54.894778 main.go:126: 7:Got block message, iteration 2
[peer] 23:28:54.894803 main.go:133: 7:Acquiring bool lock
[peer] 23:28:54.894811 main.go:135: 7:Acquired bool lock
[peer] 23:28:54.894818 main.go:142: 7:Bool lock released
[peer] 23:28:54.894825 main.go:159: 7:Received better  block
[peer] 23:29:09.971911 main.go:602: 7:Accepted new Connection
[peer] 23:29:09.976658 main.go:126: 7:Got block message, iteration 3
[peer] 23:29:09.976705 main.go:133: 7:Acquiring bool lock
[peer] 23:29:09.976722 main.go:135: 7:Acquired bool lock
[peer] 23:29:09.976737 main.go:175: 7:Sending to channel
[peer] 23:29:09.976755 main.go:181: 7:Sent to channel
[peer] 23:29:09.976768 main.go:183: 7:Returning
[peer] 23:29:09.976841 main.go:917: 7:Block Received. Appending to chain and moving on to the next iteration..
[peer] 23:29:09.976912 main.go:735: 7:Blocking. Got block for 3, I am at 2
[peer] 23:29:09.989254 main.go:602: 7:Accepted new Connection
[peer] 23:29:09.989740 main.go:126: 7:Got block message, iteration 3
[peer] 23:29:09.989778 main.go:133: 7:Acquiring bool lock
[peer] 23:29:09.989792 main.go:135: 7:Acquired bool lock
[peer] 23:29:09.989805 main.go:175: 7:Sending to channel
[peer] 23:29:09.992972 main.go:602: 7:Accepted new Connection
[peer] 23:29:10.107015 main.go:126: 7:Got block message, iteration 3
[peer] 23:29:10.107067 main.go:133: 7:Acquiring bool lock
[peer] 23:29:10.107234 main.go:602: 7:Accepted new Connection
[peer] 23:29:10.109694 main.go:126: 7:Got block message, iteration 3
[peer] 23:29:10.109743 main.go:133: 7:Acquiring bool lock
[peer] 23:29:10.138420 main.go:602: 7:Accepted new Connection
[peer] 23:29:10.140230 main.go:126: 7:Got block message, iteration 3
[peer] 23:29:10.140290 main.go:133: 7:Acquiring bool lock
[peer] 23:29:10.147999 main.go:602: 7:Accepted new Connection
[peer] 23:29:10.152531 main.go:126: 7:Got block message, iteration 3
[peer] 23:29:10.152560 main.go:133: 7:Acquiring bool lock
[peer] 23:29:10.193905 main.go:602: 7:Accepted new Connection
[peer] 23:29:10.202714 main.go:126: 7:Got block message, iteration 3
[peer] 23:29:10.202758 main.go:133: 7:Acquiring bool lock
[peer] 23:29:10.225017 main.go:602: 7:Accepted new Connection
[peer] 23:29:10.227806 main.go:126: 7:Got block message, iteration 3
[peer] 23:29:10.227858 main.go:133: 7:Acquiring bool lock
[peer] 23:29:10.259258 main.go:602: 7:Accepted new Connection
[peer] 23:29:10.262312 main.go:126: 7:Got block message, iteration 3
[peer] 23:29:10.262351 main.go:133: 7:Acquiring bool lock
[peer] 23:29:10.309282 main.go:602: 7:Accepted new Connection
[peer] 23:29:10.310082 main.go:126: 7:Got block message, iteration 3
[peer] 23:29:10.310116 main.go:133: 7:Acquiring bool lock
[peer] 23:29:10.977028 main.go:735: 7:Blocking. Got block for 3, I am at 2
[peer] 23:29:11.977148 main.go:735: 7:Blocking. Got block for 3, I am at 2
[peer] 23:29:12.977260 main.go:735: 7:Blocking. Got block for 3, I am at 2
[peer] 23:29:13.977366 main.go:735: 7:Blocking. Got block for 3, I am at 2
[peer] 23:29:14.977480 main.go:735: 7:Blocking. Got block for 3, I am at 2
[peer] 23:29:15.977861 main.go:735: 7:Blocking. Got block for 3, I am at 2
[peer] 23:29:16.978018 main.go:735: 7:Blocking. Got block for 3, I am at 2
[peer] 23:29:17.978152 main.go:735: 7:Blocking. Got block for 3, I am at 2
[peer] 23:29:18.978299 main.go:735: 7:Blocking. Got block for 3, I am at 2
[peer] 23:29:19.978389 main.go:735: 7:Blocking. Got block for 3, I am at 2
[peer] 23:29:20.978525 main.go:735: 7:Blocking. Got block for 3, I am at 2
[peer] 23:29:21.978732 main.go:735: 7:Blocking. Got block for 3, I am at 2
[peer] 23:29:22.978851 main.go:735: 7:Blocking. Got block for 3, I am at 2
[peer] 23:29:23.978954 main.go:735: 7:Blocking. Got block for 3, I am at 2
[peer] 23:29:24.979082 main.go:735: 7:Blocking. Got block for 3, I am at 2
[peer] 23:29:25.979202 main.go:735: 7:Blocking. Got block for 3, I am at 2
[peer] 23:29:26.979304 main.go:735: 7:Blocking. Got block for 3, I am at 2
[peer] 23:29:27.979411 main.go:735: 7:Blocking. Got block for 3, I am at 2
[peer] 23:29:28.979533 main.go:735: 7:Blocking. Got block for 3, I am at 2
[peer] 23:29:29.979674 main.go:735: 7:Blocking. Got block for 3, I am at 2
[peer] 23:29:30.979791 main.go:735: 7:Blocking. Got block for 3, I am at 2
[peer] 23:29:31.979933 main.go:735: 7:Blocking. Got block for 3, I am at 2
[peer] 23:29:32.980091 main.go:735: 7:Blocking. Got block for 3, I am at 2
[peer] 23:29:33.980207 main.go:735: 7:Blocking. Got block for 3, I am at 2
[peer] 23:29:34.980301 main.go:735: 7:Blocking. Got block for 3, I am at 2
[peer] 23:29:35.980419 main.go:735: 7:Blocking. Got block for 3, I am at 2
[peer] 23:29:36.269072 main.go:602: 7:Accepted new Connection
[peer] 23:29:36.271397 main.go:126: 7:Got block message, iteration 4
[peer] 23:29:36.271437 main.go:133: 7:Acquiring bool lock
[peer] 23:29:36.980586 main.go:735: 7:Blocking. Got block for 3, I am at 2
[peer] 23:29:37.980681 main.go:735: 7:Blocking. Got block for 3, I am at 2
[peer] 23:29:38.980771 main.go:735: 7:Blocking. Got block for 3, I am at 2
[peer] 23:29:39.980875 main.go:735: 7:Blocking. Got block for 3, I am at 2
[peer] 23:29:40.980931 main.go:735: 7:Blocking. Got block for 3, I am at 2
[peer] 23:29:41.981056 main.go:735: 7:Blocking. Got block for 3, I am at 2
[peer] 23:29:42.981209 main.go:735: 7:Blocking. Got block for 3, I am at 2
[peer] 23:29:43.981313 main.go:735: 7:Blocking. Got block for 3, I am at 2
[peer] 23:29:44.981428 main.go:735: 7:Blocking. Got block for 3, I am at 2
[peer] 23:29:45.981595 main.go:735: 7:Blocking. Got block for 3, I am at 2
[peer] 23:29:46.981719 main.go:735: 7:Blocking. Got block for 3, I am at 2
[peer] 23:29:47.981812 main.go:735: 7:Blocking. Got block for 3, I am at 2
[peer] 23:29:48.981907 main.go:735: 7:Blocking. Got block for 3, I am at 2
[peer] 23:29:49.982003 main.go:735: 7:Blocking. Got block for 3, I am at 2
[peer] 23:29:50.982077 main.go:735: 7:Blocking. Got block for 3, I am at 2
[peer] 23:29:51.982182 main.go:735: 7:Blocking. Got block for 3, I am at 2
[peer] 23:29:52.982287 main.go:735: 7:Blocking. Got block for 3, I am at 2
[peer] 23:29:53.982379 main.go:735: 7:Blocking. Got block for 3, I am at 2
[peer] 23:29:54.982485 main.go:735: 7:Blocking. Got block for 3, I am at 2
[peer] 23:29:55.982591 main.go:735: 7:Blocking. Got block for 3, I am at 2
[peer] 23:29:56.982693 main.go:735: 7:Blocking. Got block for 3, I am at 2
[peer] 23:29:57.982800 main.go:735: 7:Blocking. Got block for 3, I am at 2
[peer] 23:29:58.982913 main.go:735: 7:Blocking. Got block for 3, I am at 2
[peer] 23:29:59.983005 main.go:735: 7:Blocking. Got block for 3, I am at 2
[peer] 23:30:00.983128 main.go:735: 7:Blocking. Got block for 3, I am at 2
[peer] 23:30:01.983235 main.go:735: 7:Blocking. Got block for 3, I am at 2
[peer] 23:30:02.983340 main.go:735: 7:Blocking. Got block for 3, I am at 2
[peer] 23:30:03.983438 main.go:735: 7:Blocking. Got block for 3, I am at 2
[peer] 23:30:04.983538 main.go:735: 7:Blocking. Got block for 3, I am at 2
[peer] 23:30:05.983637 main.go:735: 7:Blocking. Got block for 3, I am at 2
[peer] 23:30:06.983745 main.go:735: 7:Blocking. Got block for 3, I am at 2
[peer] 23:30:07.983866 main.go:735: 7:Blocking. Got block for 3, I am at 2
[peer] 23:30:08.983977 main.go:735: 7:Blocking. Got block for 3, I am at 2
[peer] 23:30:09.984103 main.go:735: 7:Blocking. Got block for 3, I am at 2
[peer] 23:30:10.984202 main.go:735: 7:Blocking. Got block for 3, I am at 2
[peer] 23:30:11.984305 main.go:735: 7:Blocking. Got block for 3, I am at 2
[peer] 23:30:12.984403 main.go:735: 7:Blocking. Got block for 3, I am at 2
[peer] 23:30:13.984504 main.go:735: 7:Blocking. Got block for 3, I am at 2
[peer] 23:30:14.984610 main.go:735: 7:Blocking. Got block for 3, I am at 2
[peer] 23:30:15.984707 main.go:735: 7:Blocking. Got block for 3, I am at 2
[peer] 23:30:16.984815 main.go:735: 7:Blocking. Got block for 3, I am at 2
[peer] 23:30:17.984915 main.go:735: 7:Blocking. Got block for 3, I am at 2
[peer] 23:30:18.985027 main.go:735: 7:Blocking. Got block for 3, I am at 2
[peer] 23:30:19.985139 main.go:735: 7:Blocking. Got block for 3, I am at 2
[peer] 23:30:20.985238 main.go:735: 7:Blocking. Got block for 3, I am at 2
[peer] 23:30:21.985340 main.go:735: 7:Blocking. Got block for 3, I am at 2
[peer] 23:30:22.985465 main.go:735: 7:Blocking. Got block for 3, I am at 2
[peer] 23:30:23.985622 main.go:735: 7:Blocking. Got block for 3, I am at 2
[peer] 23:30:24.985732 main.go:735: 7:Blocking. Got block for 3, I am at 2
[peer] 23:30:25.985839 main.go:735: 7:Blocking. Got block for 3, I am at 2
[peer] 23:30:26.985948 main.go:735: 7:Blocking. Got block for 3, I am at 2
[peer] 23:30:27.986070 main.go:735: 7:Blocking. Got block for 3, I am at 2
[peer] 23:30:28.986175 main.go:735: 7:Blocking. Got block for 3, I am at 2
[peer] 23:30:29.986279 main.go:735: 7:Blocking. Got block for 3, I am at 2
[peer] 23:30:30.986388 main.go:735: 7:Blocking. Got block for 3, I am at 2
[peer] 23:30:31.986499 main.go:735: 7:Blocking. Got block for 3, I am at 2
[peer] 23:30:32.986579 main.go:735: 7:Blocking. Got block for 3, I am at 2
[peer] 23:30:33.986688 main.go:735: 7:Blocking. Got block for 3, I am at 2
[peer] 23:30:34.986802 main.go:735: 7:Blocking. Got block for 3, I am at 2
[peer] 23:30:35.986919 main.go:735: 7:Blocking. Got block for 3, I am at 2
[peer] 23:30:36.987030 main.go:735: 7:Blocking. Got block for 3, I am at 2
[peer] 23:30:37.987176 main.go:735: 7:Blocking. Got block for 3, I am at 2
[peer] 23:30:38.987267 main.go:735: 7:Blocking. Got block for 3, I am at 2
[peer] 23:30:39.987361 main.go:735: 7:Blocking. Got block for 3, I am at 2
[peer] 23:30:40.987455 main.go:735: 7:Blocking. Got block for 3, I am at 2
[peer] 23:30:41.987558 main.go:735: 7:Blocking. Got block for 3, I am at 2
[peer] 23:30:42.987700 main.go:735: 7:Blocking. Got block for 3, I am at 2
[peer] 23:30:43.987838 main.go:735: 7:Blocking. Got block for 3, I am at 2
[peer] 23:30:44.987990 main.go:735: 7:Blocking. Got block for 3, I am at 2
[peer] 23:30:45.988162 main.go:735: 7:Blocking. Got block for 3, I am at 2
[peer] 23:30:46.988294 main.go:735: 7:Blocking. Got block for 3, I am at 2
