[peer] 22:38:33.014006 honest.go:108: 15Importing modules...
[peer] 22:38:37.504891 honest.go:124: 15Sucessfully pulled dataset. Features: 25
[peer] 22:38:37.505446 main.go:468: 15:Announcing myself to network
[peer] 22:38:37.505573 main.go:473: 15:Calling {198.162.52.126 %!s(int=8000) }
[peer] 22:38:37.505587 main.go:492: 15:Inside callRegisterRPC
[peer] 22:38:37.505594 main.go:497: 15Making RPC call
[peer] 22:38:37.505718 main.go:624: 15:Peer started. Receiving on 8015
[peer] 22:38:37.506078 main.go:517: 15RPC dial successful
[peer] 22:38:37.506095 main.go:520: 15:Calling RPC:198.162.52.126:8000
[peer] 22:38:37.506136 main.go:522: 15:RPC called198.162.52.126:8000
[peer] 22:38:37.507933 main.go:529: 15:Announced myself to a fellow peer at port. Got latest chain
[peer] 22:38:37.507961 main.go:536: Chain length received:5
[peer] 22:38:37.507968 main.go:537: My chain length:1
[peer] 22:38:37.507974 honest.go:349: Received chain length:5
[peer] 22:38:37.507982 honest.go:350: Appended chain length:5
[peer] 22:38:37.507988 main.go:550: 15Got lastest chain until iteration 3
[peer] 22:38:37.508054 main.go:473: 15:Calling {198.162.52.126 %!s(int=8001) }
[peer] 22:38:37.508065 main.go:492: 15:Inside callRegisterRPC
[peer] 22:38:37.508079 main.go:497: 15Making RPC call
[peer] 22:38:37.508500 main.go:517: 15RPC dial successful
[peer] 22:38:37.508528 main.go:520: 15:Calling RPC:198.162.52.126:8001
[peer] 22:38:37.508593 main.go:522: 15:RPC called198.162.52.126:8001
[peer] 22:38:37.509694 main.go:529: 15:Announced myself to a fellow peer at port. Got latest chain
[peer] 22:38:37.509714 main.go:536: Chain length received:6
[peer] 22:38:37.509722 main.go:537: My chain length:5
[peer] 22:38:37.509728 honest.go:349: Received chain length:6
[peer] 22:38:37.509734 honest.go:350: Appended chain length:6
[peer] 22:38:37.509740 main.go:550: 15Got lastest chain until iteration 4
[peer] 22:38:37.509788 main.go:473: 15:Calling {198.162.52.126 %!s(int=8002) }
[peer] 22:38:37.509799 main.go:492: 15:Inside callRegisterRPC
[peer] 22:38:37.509805 main.go:497: 15Making RPC call
[peer] 22:38:37.510160 main.go:517: 15RPC dial successful
[peer] 22:38:37.510173 main.go:520: 15:Calling RPC:198.162.52.126:8002
[peer] 22:38:37.510180 main.go:522: 15:RPC called198.162.52.126:8002
[peer] 22:38:37.511283 main.go:529: 15:Announced myself to a fellow peer at port. Got latest chain
[peer] 22:38:37.511299 main.go:536: Chain length received:6
[peer] 22:38:37.511305 main.go:537: My chain length:6
[peer] 22:38:37.511349 main.go:473: 15:Calling {198.162.52.126 %!s(int=8003) }
[peer] 22:38:37.511359 main.go:492: 15:Inside callRegisterRPC
[peer] 22:38:37.511368 main.go:497: 15Making RPC call
[peer] 22:38:37.511903 main.go:517: 15RPC dial successful
[peer] 22:38:37.511916 main.go:520: 15:Calling RPC:198.162.52.126:8003
[peer] 22:38:37.511924 main.go:522: 15:RPC called198.162.52.126:8003
[peer] 22:38:37.512909 main.go:529: 15:Announced myself to a fellow peer at port. Got latest chain
[peer] 22:38:37.512928 main.go:536: Chain length received:6
[peer] 22:38:37.512935 main.go:537: My chain length:6
[peer] 22:38:37.512987 main.go:473: 15:Calling {198.162.52.126 %!s(int=8004) }
[peer] 22:38:37.512998 main.go:492: 15:Inside callRegisterRPC
[peer] 22:38:37.513005 main.go:497: 15Making RPC call
[peer] 22:38:37.513333 main.go:517: 15RPC dial successful
[peer] 22:38:37.513346 main.go:520: 15:Calling RPC:198.162.52.126:8004
[peer] 22:38:37.513353 main.go:522: 15:RPC called198.162.52.126:8004
[peer] 22:38:37.514547 main.go:529: 15:Announced myself to a fellow peer at port. Got latest chain
[peer] 22:38:37.514563 main.go:536: Chain length received:5
[peer] 22:38:37.514569 main.go:537: My chain length:6
[peer] 22:38:37.514631 main.go:473: 15:Calling {198.162.52.126 %!s(int=8005) }
[peer] 22:38:37.514642 main.go:492: 15:Inside callRegisterRPC
[peer] 22:38:37.514653 main.go:497: 15Making RPC call
[peer] 22:38:37.514960 main.go:517: 15RPC dial successful
[peer] 22:38:37.514973 main.go:520: 15:Calling RPC:198.162.52.126:8005
[peer] 22:38:37.514980 main.go:522: 15:RPC called198.162.52.126:8005
[peer] 22:38:37.516018 main.go:529: 15:Announced myself to a fellow peer at port. Got latest chain
[peer] 22:38:37.516047 main.go:536: Chain length received:6
[peer] 22:38:37.516055 main.go:537: My chain length:6
[peer] 22:38:37.516117 main.go:473: 15:Calling {198.162.52.126 %!s(int=8006) }
[peer] 22:38:37.516128 main.go:492: 15:Inside callRegisterRPC
[peer] 22:38:37.516134 main.go:497: 15Making RPC call
[peer] 22:38:37.516572 main.go:517: 15RPC dial successful
[peer] 22:38:37.516586 main.go:520: 15:Calling RPC:198.162.52.126:8006
[peer] 22:38:37.516593 main.go:522: 15:RPC called198.162.52.126:8006
[peer] 22:38:37.517766 main.go:529: 15:Announced myself to a fellow peer at port. Got latest chain
[peer] 22:38:37.517781 main.go:536: Chain length received:6
[peer] 22:38:37.517788 main.go:537: My chain length:6
[peer] 22:38:37.517827 main.go:473: 15:Calling {198.162.52.126 %!s(int=8007) }
[peer] 22:38:37.517837 main.go:492: 15:Inside callRegisterRPC
[peer] 22:38:37.517843 main.go:497: 15Making RPC call
[peer] 22:38:37.518270 main.go:517: 15RPC dial successful
[peer] 22:38:37.518283 main.go:520: 15:Calling RPC:198.162.52.126:8007
[peer] 22:38:37.518290 main.go:522: 15:RPC called198.162.52.126:8007
[peer] 22:38:37.519525 main.go:529: 15:Announced myself to a fellow peer at port. Got latest chain
[peer] 22:38:37.519547 main.go:536: Chain length received:5
[peer] 22:38:37.519554 main.go:537: My chain length:6
[peer] 22:38:37.519599 main.go:473: 15:Calling {198.162.52.126 %!s(int=8008) }
[peer] 22:38:37.519609 main.go:492: 15:Inside callRegisterRPC
[peer] 22:38:37.519643 main.go:497: 15Making RPC call
[peer] 22:38:37.520094 main.go:517: 15RPC dial successful
[peer] 22:38:37.520113 main.go:520: 15:Calling RPC:198.162.52.126:8008
[peer] 22:38:37.520121 main.go:522: 15:RPC called198.162.52.126:8008
[peer] 22:38:37.520343 main.go:189: 15:Registering peer:198.162.52.57:8019
[peer] 22:38:37.520402 main.go:200: Advertising chain to peer with length 6
[peer] 22:38:37.521276 main.go:529: 15:Announced myself to a fellow peer at port. Got latest chain
[peer] 22:38:37.521295 main.go:536: Chain length received:6
[peer] 22:38:37.521303 main.go:537: My chain length:6
[peer] 22:38:37.521346 main.go:473: 15:Calling {198.162.52.126 %!s(int=8009) }
[peer] 22:38:37.521356 main.go:492: 15:Inside callRegisterRPC
[peer] 22:38:37.521362 main.go:497: 15Making RPC call
[peer] 22:38:37.521771 main.go:517: 15RPC dial successful
[peer] 22:38:37.521788 main.go:520: 15:Calling RPC:198.162.52.126:8009
[peer] 22:38:37.521795 main.go:522: 15:RPC called198.162.52.126:8009
[peer] 22:38:37.522851 main.go:529: 15:Announced myself to a fellow peer at port. Got latest chain
[peer] 22:38:37.522866 main.go:536: Chain length received:5
[peer] 22:38:37.522873 main.go:537: My chain length:6
[peer] 22:38:37.522916 main.go:473: 15:Calling {198.162.52.57 %!s(int=8010) }
[peer] 22:38:37.522926 main.go:492: 15:Inside callRegisterRPC
[peer] 22:38:37.522932 main.go:497: 15Making RPC call
[peer] 22:38:37.523032 main.go:517: 15RPC dial successful
[peer] 22:38:37.523045 main.go:520: 15:Calling RPC:198.162.52.57:8010
[peer] 22:38:37.523052 main.go:522: 15:RPC called198.162.52.57:8010
[peer] 22:38:37.523747 main.go:529: 15:Announced myself to a fellow peer at port. Got latest chain
[peer] 22:38:37.523768 main.go:536: Chain length received:6
[peer] 22:38:37.523775 main.go:537: My chain length:6
[peer] 22:38:37.523828 main.go:473: 15:Calling {198.162.52.57 %!s(int=8011) }
[peer] 22:38:37.523839 main.go:492: 15:Inside callRegisterRPC
[peer] 22:38:37.523845 main.go:497: 15Making RPC call
[err] 22:38:37.523955 main.go:285: Peer offline.Couldn't connect to peer: 198.162.52.57:8011, err = dial tcp 198.162.52.57:8011: connect: connection refused
[peer] 22:38:37.523980 main.go:473: 15:Calling {198.162.52.57 %!s(int=8012) }
[peer] 22:38:37.523987 main.go:492: 15:Inside callRegisterRPC
[peer] 22:38:37.523993 main.go:497: 15Making RPC call
[peer] 22:38:37.524100 main.go:517: 15RPC dial successful
[peer] 22:38:37.524113 main.go:520: 15:Calling RPC:198.162.52.57:8012
[peer] 22:38:37.524120 main.go:522: 15:RPC called198.162.52.57:8012
[peer] 22:38:37.524701 main.go:529: 15:Announced myself to a fellow peer at port. Got latest chain
[peer] 22:38:37.524720 main.go:536: Chain length received:6
[peer] 22:38:37.524727 main.go:537: My chain length:6
[peer] 22:38:37.524790 main.go:473: 15:Calling {198.162.52.57 %!s(int=8013) }
[peer] 22:38:37.524801 main.go:492: 15:Inside callRegisterRPC
[peer] 22:38:37.524807 main.go:497: 15Making RPC call
[peer] 22:38:37.524919 main.go:517: 15RPC dial successful
[peer] 22:38:37.524932 main.go:520: 15:Calling RPC:198.162.52.57:8013
[peer] 22:38:37.524939 main.go:522: 15:RPC called198.162.52.57:8013
[peer] 22:38:37.525476 main.go:529: 15:Announced myself to a fellow peer at port. Got latest chain
[peer] 22:38:37.525498 main.go:536: Chain length received:6
[peer] 22:38:37.525506 main.go:537: My chain length:6
[peer] 22:38:37.525546 main.go:473: 15:Calling {198.162.52.57 %!s(int=8014) }
[peer] 22:38:37.525556 main.go:492: 15:Inside callRegisterRPC
[peer] 22:38:37.525562 main.go:497: 15Making RPC call
[peer] 22:38:37.525650 main.go:517: 15RPC dial successful
[peer] 22:38:37.525662 main.go:520: 15:Calling RPC:198.162.52.57:8014
[peer] 22:38:37.525669 main.go:522: 15:RPC called198.162.52.57:8014
[peer] 22:38:37.526167 main.go:529: 15:Announced myself to a fellow peer at port. Got latest chain
[peer] 22:38:37.526181 main.go:536: Chain length received:6
[peer] 22:38:37.526193 main.go:537: My chain length:6
[peer] 22:38:37.526234 main.go:473: 15:Calling {198.162.52.57 %!s(int=8016) }
[peer] 22:38:37.526244 main.go:492: 15:Inside callRegisterRPC
[peer] 22:38:37.526250 main.go:497: 15Making RPC call
[err] 22:38:37.526318 main.go:285: Peer offline.Couldn't connect to peer: 198.162.52.57:8016, err = dial tcp 198.162.52.57:8016: connect: connection refused
[peer] 22:38:37.526335 main.go:473: 15:Calling {198.162.52.57 %!s(int=8017) }
[peer] 22:38:37.526341 main.go:492: 15:Inside callRegisterRPC
[peer] 22:38:37.526347 main.go:497: 15Making RPC call
[peer] 22:38:37.526441 main.go:517: 15RPC dial successful
[peer] 22:38:37.526455 main.go:520: 15:Calling RPC:198.162.52.57:8017
[peer] 22:38:37.526461 main.go:522: 15:RPC called198.162.52.57:8017
[peer] 22:38:37.526991 main.go:529: 15:Announced myself to a fellow peer at port. Got latest chain
[peer] 22:38:37.527005 main.go:536: Chain length received:6
[peer] 22:38:37.527012 main.go:537: My chain length:6
[peer] 22:38:37.527051 main.go:473: 15:Calling {198.162.52.57 %!s(int=8018) }
[peer] 22:38:37.527061 main.go:492: 15:Inside callRegisterRPC
[peer] 22:38:37.527067 main.go:497: 15Making RPC call
[peer] 22:38:37.527188 main.go:517: 15RPC dial successful
[peer] 22:38:37.527201 main.go:520: 15:Calling RPC:198.162.52.57:8018
[peer] 22:38:37.527208 main.go:522: 15:RPC called198.162.52.57:8018
[peer] 22:38:37.527694 main.go:529: 15:Announced myself to a fellow peer at port. Got latest chain
[peer] 22:38:37.527708 main.go:536: Chain length received:6
[peer] 22:38:37.527714 main.go:537: My chain length:6
[peer] 22:38:37.527753 main.go:473: 15:Calling {198.162.52.57 %!s(int=8019) }
[peer] 22:38:37.527763 main.go:492: 15:Inside callRegisterRPC
[peer] 22:38:37.527769 main.go:497: 15Making RPC call
[peer] 22:38:37.527858 main.go:517: 15RPC dial successful
[peer] 22:38:37.527871 main.go:520: 15:Calling RPC:198.162.52.57:8019
[peer] 22:38:37.527877 main.go:522: 15:RPC called198.162.52.57:8019
[peer] 22:38:37.528790 main.go:529: 15:Announced myself to a fellow peer at port. Got latest chain
[peer] 22:38:37.528804 main.go:536: Chain length received:6
[peer] 22:38:37.528810 main.go:537: My chain length:6
[peer] 22:38:37.528844 main.go:483: 15:Bootstrapped Network. Calling signal
[peer] 22:38:37.528854 main.go:485: 15:Bootstrapped Network. Signal called
[peer] 22:38:37.528861 main.go:590: Moving on to next iteration 5
[peer] 22:38:37.530075 vrf.go:97: Verifier lottery winner is 13 at 134 
[peer] 22:38:37.530088 vrf.go:113: Miner lottery winner is 3 at 34 
[peer] 22:38:37.530095 vrf.go:129: Noise lottery winner is 3 at 38 
[peer] 22:38:37.530104 main.go:227: Verifiers are [%!s(int=13)]
[peer] 22:38:37.530119 main.go:228: Miners are [%!s(int=3)]
[peer] 22:38:37.530126 main.go:229: Noisers are [%!s(int=3)]
[peer] 22:38:37.530133 main.go:605: 15:I am not miner or verifier. Iteration:5
[peer] 22:38:37.530139 main.go:845: 15:Computing Update
[peer] 22:38:37.531053 main.go:852: Sending update to verifiers
[peer] 22:38:37.531285 main.go:895: 15:Making RPC Call to Verifier. Sending Update, Iteration:5
[peer] 22:38:37.546546 main.go:189: 15:Registering peer:198.162.52.57:8011
[peer] 22:38:37.546563 main.go:200: Advertising chain to peer with length 6
[peer] 22:38:37.570366 main.go:902: 15:Update verified. Iteration:5
[peer] 22:38:37.570497 main.go:857: Sending update to miners
[peer] 22:38:37.570943 main.go:958: 15:Making RPC Call to Miner. Sending Update, Iteration:5
[peer] 22:38:37.571826 main.go:965: 15:Update mined. Iteration:5
[peer] 22:38:37.605812 main.go:167: 15:Got block message, iteration 4
[peer] 22:38:37.605883 main.go:666: Trying to acquire lock...
[peer] 22:38:37.605895 main.go:669: Got lock, processing block
[peer] 22:38:37.605901 blockchain.go:68: Returning a block
[peer] 22:38:37.605906 main.go:679: Already have block
[peer] 22:38:37.605912 blockchain.go:68: Returning a block
[peer] 22:38:37.605917 main.go:707: 15:Equal block
[peer] 22:38:37.651283 main.go:189: 15:Registering peer:198.162.52.57:8016
[peer] 22:38:37.651298 main.go:200: Advertising chain to peer with length 6
[peer] 22:38:37.666328 main.go:167: 15:Got block message, iteration 4
[peer] 22:38:37.666425 main.go:666: Trying to acquire lock...
[peer] 22:38:37.666439 main.go:669: Got lock, processing block
[peer] 22:38:37.666444 blockchain.go:68: Returning a block
[peer] 22:38:37.666450 main.go:679: Already have block
[peer] 22:38:37.666456 blockchain.go:68: Returning a block
[peer] 22:38:37.666461 main.go:707: 15:Equal block
[peer] 22:38:37.676558 main.go:167: 15:Got block message, iteration 4
[peer] 22:38:37.676625 main.go:666: Trying to acquire lock...
[peer] 22:38:37.676637 main.go:669: Got lock, processing block
[peer] 22:38:37.676642 blockchain.go:68: Returning a block
[peer] 22:38:37.676647 main.go:679: Already have block
[peer] 22:38:37.676653 blockchain.go:68: Returning a block
[peer] 22:38:37.676662 main.go:707: 15:Equal block
[peer] 22:38:37.839829 main.go:167: 15:Got block message, iteration 4
[peer] 22:38:37.839953 main.go:666: Trying to acquire lock...
[peer] 22:38:37.839968 main.go:669: Got lock, processing block
[peer] 22:38:37.839974 blockchain.go:68: Returning a block
[peer] 22:38:37.839983 main.go:679: Already have block
[peer] 22:38:37.839992 blockchain.go:68: Returning a block
[peer] 22:38:37.839998 main.go:707: 15:Equal block
[peer] 22:38:37.946695 main.go:167: 15:Got block message, iteration 5
[peer] 22:38:37.946768 main.go:666: Trying to acquire lock...
[peer] 22:38:37.946781 main.go:669: Got lock, processing block
[peer] 22:38:37.946812 blockchain.go:73: Returning nil
[peer] 22:38:37.946822 main.go:718: 15:Adding block for 5, I am at 5
[peer] 22:38:37.946828 honest.go:227: Trying to append block with iteration:5
[peer] 22:38:37.946834 blockchain.go:73: Returning nil
[peer] 22:38:37.946911 honest.go:243: Append successful
[peer] 22:38:37.946926 main.go:753: 15:Sending block of iteration: 5
[peer] 22:38:37.950940 main.go:167: 15:Got block message, iteration 5
[peer] 22:38:37.951022 main.go:666: Trying to acquire lock...
[peer] 22:38:37.951036 main.go:669: Got lock, processing block
[peer] 22:38:37.951042 blockchain.go:68: Returning a block
[peer] 22:38:37.951048 main.go:679: Already have block
[peer] 22:38:37.951054 blockchain.go:68: Returning a block
[peer] 22:38:37.951065 main.go:707: 15:Equal block
[peer] 22:38:37.951854 main.go:801: 15:Block sent to peer successful. Peer: 198.162.52.57:8012 Iteration: 5
[peer] 22:38:37.957892 main.go:167: 15:Got block message, iteration 5
[peer] 22:38:37.958001 main.go:666: Trying to acquire lock...
[peer] 22:38:37.958017 main.go:669: Got lock, processing block
[peer] 22:38:37.958048 blockchain.go:68: Returning a block
[peer] 22:38:37.958057 main.go:679: Already have block
[peer] 22:38:37.958073 blockchain.go:68: Returning a block
[peer] 22:38:37.958079 main.go:707: 15:Equal block
[peer] 22:38:37.961914 main.go:167: 15:Got block message, iteration 5
[peer] 22:38:37.961999 main.go:666: Trying to acquire lock...
[peer] 22:38:37.962013 main.go:669: Got lock, processing block
[peer] 22:38:37.962018 blockchain.go:68: Returning a block
[peer] 22:38:37.962024 main.go:679: Already have block
[peer] 22:38:37.962030 blockchain.go:68: Returning a block
[peer] 22:38:37.962035 main.go:707: 15:Equal block
[peer] 22:38:37.962460 main.go:167: 15:Got block message, iteration 5
[peer] 22:38:37.962545 main.go:666: Trying to acquire lock...
[peer] 22:38:37.962559 main.go:669: Got lock, processing block
[peer] 22:38:37.962564 blockchain.go:68: Returning a block
[peer] 22:38:37.962570 main.go:679: Already have block
[peer] 22:38:37.962576 blockchain.go:68: Returning a block
[peer] 22:38:37.962581 main.go:707: 15:Equal block
[peer] 22:38:37.962713 main.go:167: 15:Got block message, iteration 5
[peer] 22:38:37.963167 main.go:801: 15:Block sent to peer successful. Peer: 198.162.52.57:8010 Iteration: 5
[peer] 22:38:37.963552 main.go:801: 15:Block sent to peer successful. Peer: 198.162.52.126:8007 Iteration: 5
[peer] 22:38:37.964320 main.go:167: 15:Got block message, iteration 5
[peer] 22:38:37.964405 main.go:666: Trying to acquire lock...
[peer] 22:38:37.964419 main.go:669: Got lock, processing block
[peer] 22:38:37.964424 blockchain.go:68: Returning a block
[peer] 22:38:37.964429 main.go:679: Already have block
[peer] 22:38:37.964435 blockchain.go:68: Returning a block
[peer] 22:38:37.964441 main.go:707: 15:Equal block
[peer] 22:38:37.964626 main.go:801: 15:Block sent to peer successful. Peer: 198.162.52.57:8013 Iteration: 5
[peer] 22:38:37.964821 main.go:801: 15:Block sent to peer successful. Peer: 198.162.52.57:8014 Iteration: 5
[peer] 22:38:37.964966 main.go:666: Trying to acquire lock...
[peer] 22:38:37.964986 main.go:669: Got lock, processing block
[peer] 22:38:37.964991 blockchain.go:68: Returning a block
[peer] 22:38:37.964997 main.go:679: Already have block
[peer] 22:38:37.965003 blockchain.go:68: Returning a block
[peer] 22:38:37.965008 main.go:707: 15:Equal block
[peer] 22:38:37.965133 main.go:167: 15:Got block message, iteration 5
[peer] 22:38:37.965196 main.go:666: Trying to acquire lock...
[peer] 22:38:37.965208 main.go:669: Got lock, processing block
[peer] 22:38:37.965214 blockchain.go:68: Returning a block
[peer] 22:38:37.965219 main.go:679: Already have block
[peer] 22:38:37.965225 blockchain.go:68: Returning a block
[peer] 22:38:37.965230 main.go:707: 15:Equal block
[peer] 22:38:37.965358 main.go:167: 15:Got block message, iteration 5
[peer] 22:38:37.965432 main.go:666: Trying to acquire lock...
[peer] 22:38:37.965444 main.go:669: Got lock, processing block
[peer] 22:38:37.965450 blockchain.go:68: Returning a block
[peer] 22:38:37.965455 main.go:679: Already have block
[peer] 22:38:37.965461 blockchain.go:68: Returning a block
[peer] 22:38:37.965466 main.go:707: 15:Equal block
[peer] 22:38:37.965606 main.go:167: 15:Got block message, iteration 5
[peer] 22:38:37.965667 main.go:666: Trying to acquire lock...
[peer] 22:38:37.965678 main.go:669: Got lock, processing block
[peer] 22:38:37.965684 blockchain.go:68: Returning a block
[peer] 22:38:37.965689 main.go:679: Already have block
[peer] 22:38:37.965694 blockchain.go:68: Returning a block
[peer] 22:38:37.965700 main.go:707: 15:Equal block
[peer] 22:38:37.965839 main.go:167: 15:Got block message, iteration 5
[peer] 22:38:37.965900 main.go:666: Trying to acquire lock...
[peer] 22:38:37.965912 main.go:669: Got lock, processing block
[peer] 22:38:37.965917 blockchain.go:68: Returning a block
[peer] 22:38:37.965922 main.go:679: Already have block
[peer] 22:38:37.965928 blockchain.go:68: Returning a block
[peer] 22:38:37.965933 main.go:707: 15:Equal block
[peer] 22:38:37.966005 main.go:801: 15:Block sent to peer successful. Peer: 198.162.52.57:8016 Iteration: 5
[peer] 22:38:37.966953 main.go:801: 15:Block sent to peer successful. Peer: 198.162.52.57:8019 Iteration: 5
[peer] 22:38:37.967404 main.go:801: 15:Block sent to peer successful. Peer: 198.162.52.126:8001 Iteration: 5
[peer] 22:38:37.967978 main.go:801: 15:Block sent to peer successful. Peer: 198.162.52.126:8006 Iteration: 5
[peer] 22:38:37.968148 main.go:801: 15:Block sent to peer successful. Peer: 198.162.52.126:8002 Iteration: 5
[peer] 22:38:37.968382 main.go:801: 15:Block sent to peer successful. Peer: 198.162.52.126:8005 Iteration: 5
[peer] 22:38:37.968552 main.go:801: 15:Block sent to peer successful. Peer: 198.162.52.126:8003 Iteration: 5
[peer] 22:38:37.968939 main.go:167: 15:Got block message, iteration 5
[peer] 22:38:37.969026 main.go:666: Trying to acquire lock...
[peer] 22:38:37.969039 main.go:669: Got lock, processing block
[peer] 22:38:37.969045 blockchain.go:68: Returning a block
[peer] 22:38:37.969051 main.go:679: Already have block
[peer] 22:38:37.969057 blockchain.go:68: Returning a block
[peer] 22:38:37.969063 main.go:707: 15:Equal block
[peer] 22:38:37.969155 main.go:801: 15:Block sent to peer successful. Peer: 198.162.52.57:8018 Iteration: 5
[peer] 22:38:37.969536 main.go:167: 15:Got block message, iteration 5
[peer] 22:38:37.969615 main.go:666: Trying to acquire lock...
[peer] 22:38:37.969629 main.go:669: Got lock, processing block
[peer] 22:38:37.969634 blockchain.go:68: Returning a block
[peer] 22:38:37.969640 main.go:679: Already have block
[peer] 22:38:37.969646 blockchain.go:68: Returning a block
[peer] 22:38:37.969651 main.go:707: 15:Equal block
[peer] 22:38:37.970224 main.go:801: 15:Block sent to peer successful. Peer: 198.162.52.126:8004 Iteration: 5
[peer] 22:38:37.970710 main.go:167: 15:Got block message, iteration 5
[peer] 22:38:37.970793 main.go:666: Trying to acquire lock...
[peer] 22:38:37.970807 main.go:669: Got lock, processing block
[peer] 22:38:37.970816 blockchain.go:68: Returning a block
[peer] 22:38:37.970823 main.go:679: Already have block
[peer] 22:38:37.970831 blockchain.go:68: Returning a block
[peer] 22:38:37.970838 main.go:707: 15:Equal block
[peer] 22:38:37.971022 main.go:801: 15:Block sent to peer successful. Peer: 198.162.52.126:8000 Iteration: 5
[peer] 22:38:37.971073 main.go:167: 15:Got block message, iteration 5
[peer] 22:38:37.971186 main.go:666: Trying to acquire lock...
[peer] 22:38:37.971201 main.go:669: Got lock, processing block
[peer] 22:38:37.971207 blockchain.go:68: Returning a block
[peer] 22:38:37.971212 main.go:679: Already have block
[peer] 22:38:37.971218 blockchain.go:68: Returning a block
[peer] 22:38:37.971224 main.go:707: 15:Equal block
[peer] 22:38:37.971697 main.go:801: 15:Block sent to peer successful. Peer: 198.162.52.126:8009 Iteration: 5
[peer] 22:38:37.971941 main.go:801: 15:Block sent to peer successful. Peer: 198.162.52.126:8008 Iteration: 5
[peer] 22:38:37.972137 main.go:801: 15:Block sent to peer successful. Peer: 198.162.52.57:8011 Iteration: 5
[peer] 22:38:38.000571 main.go:801: 15:Block sent to peer successful. Peer: 198.162.52.57:8017 Iteration: 5
[peer] 22:38:38.000645 main.go:772: 15:RPC calls successfully returned. Iteration: 5
[peer] 22:38:38.043321 honest.go:81: 15Train Error is 1.00000 in Iteration 5
[peer] 22:38:38.043342 main.go:778: 15:Preparing for next Iteration. Current Iteration: 5
[peer] 22:38:38.043350 main.go:590: Moving on to next iteration 6
[peer] 22:38:38.044611 vrf.go:97: Verifier lottery winner is 0 at 4 
[peer] 22:38:38.044626 vrf.go:113: Miner lottery winner is 6 at 67 
[peer] 22:38:38.044633 vrf.go:129: Noise lottery winner is 16 at 163 
[peer] 22:38:38.044645 main.go:227: Verifiers are [%!s(int=0)]
[peer] 22:38:38.044653 main.go:228: Miners are [%!s(int=6)]
[peer] 22:38:38.044660 main.go:229: Noisers are [%!s(int=16)]
[peer] 22:38:38.044668 main.go:605: 15:I am not miner or verifier. Iteration:6
[peer] 22:38:38.067313 main.go:167: 15:Got block message, iteration 6
[peer] 22:38:38.067405 main.go:666: Trying to acquire lock...
[peer] 22:38:38.067418 main.go:669: Got lock, processing block
[peer] 22:38:38.067423 blockchain.go:73: Returning nil
[peer] 22:38:38.067430 main.go:718: 15:Adding block for 6, I am at 6
[peer] 22:38:38.067444 honest.go:227: Trying to append block with iteration:6
[peer] 22:38:38.067451 blockchain.go:73: Returning nil
[peer] 22:38:38.067456 honest.go:243: Append successful
[peer] 22:38:38.067489 main.go:753: 15:Sending block of iteration: 6
[peer] 22:38:38.068734 main.go:167: 15:Got block message, iteration 6
[peer] 22:38:38.068821 main.go:666: Trying to acquire lock...
[peer] 22:38:38.068835 main.go:669: Got lock, processing block
[peer] 22:38:38.068840 blockchain.go:68: Returning a block
[peer] 22:38:38.068846 main.go:679: Already have block
[peer] 22:38:38.068851 blockchain.go:68: Returning a block
[peer] 22:38:38.068857 main.go:707: 15:Equal block
[peer] 22:38:38.069048 main.go:167: 15:Got block message, iteration 6
[peer] 22:38:38.069122 main.go:666: Trying to acquire lock...
[peer] 22:38:38.069134 main.go:669: Got lock, processing block
[peer] 22:38:38.069140 blockchain.go:68: Returning a block
[peer] 22:38:38.069145 main.go:679: Already have block
[peer] 22:38:38.069151 blockchain.go:68: Returning a block
[peer] 22:38:38.069157 main.go:707: 15:Equal block
[peer] 22:38:38.069312 main.go:167: 15:Got block message, iteration 6
[peer] 22:38:38.069382 main.go:666: Trying to acquire lock...
[peer] 22:38:38.069395 main.go:669: Got lock, processing block
[peer] 22:38:38.069400 blockchain.go:68: Returning a block
[peer] 22:38:38.069405 main.go:679: Already have block
[peer] 22:38:38.069411 blockchain.go:68: Returning a block
[peer] 22:38:38.069417 main.go:707: 15:Equal block
[peer] 22:38:38.072905 main.go:167: 15:Got block message, iteration 6
[peer] 22:38:38.073000 main.go:666: Trying to acquire lock...
[peer] 22:38:38.073013 main.go:669: Got lock, processing block
[peer] 22:38:38.073019 blockchain.go:68: Returning a block
[peer] 22:38:38.073025 main.go:679: Already have block
[peer] 22:38:38.073031 blockchain.go:68: Returning a block
[peer] 22:38:38.073036 main.go:707: 15:Equal block
[peer] 22:38:38.073225 main.go:167: 15:Got block message, iteration 6
[peer] 22:38:38.073308 main.go:666: Trying to acquire lock...
[peer] 22:38:38.073321 main.go:669: Got lock, processing block
[peer] 22:38:38.073327 blockchain.go:68: Returning a block
[peer] 22:38:38.073336 main.go:679: Already have block
[peer] 22:38:38.073342 blockchain.go:68: Returning a block
[peer] 22:38:38.073348 main.go:707: 15:Equal block
[peer] 22:38:38.073492 main.go:801: 15:Block sent to peer successful. Peer: 198.162.52.126:8003 Iteration: 6
[peer] 22:38:38.073678 main.go:801: 15:Block sent to peer successful. Peer: 198.162.52.126:8002 Iteration: 6
[peer] 22:38:38.073823 main.go:801: 15:Block sent to peer successful. Peer: 198.162.52.126:8000 Iteration: 6
[peer] 22:38:38.073967 main.go:801: 15:Block sent to peer successful. Peer: 198.162.52.126:8008 Iteration: 6
[peer] 22:38:38.074289 main.go:801: 15:Block sent to peer successful. Peer: 198.162.52.126:8001 Iteration: 6
[peer] 22:38:38.102643 main.go:801: 15:Block sent to peer successful. Peer: 198.162.52.57:8018 Iteration: 6
[peer] 22:38:38.102897 main.go:801: 15:Block sent to peer successful. Peer: 198.162.52.57:8019 Iteration: 6
[peer] 22:38:38.103162 main.go:801: 15:Block sent to peer successful. Peer: 198.162.52.57:8016 Iteration: 6
[peer] 22:38:38.103782 main.go:167: 15:Got block message, iteration 6
[peer] 22:38:38.103904 main.go:666: Trying to acquire lock...
[peer] 22:38:38.103929 main.go:669: Got lock, processing block
[peer] 22:38:38.103936 blockchain.go:68: Returning a block
[peer] 22:38:38.103942 main.go:679: Already have block
[peer] 22:38:38.103948 blockchain.go:68: Returning a block
[peer] 22:38:38.103954 main.go:707: 15:Equal block
[peer] 22:38:38.104164 main.go:167: 15:Got block message, iteration 6
[peer] 22:38:38.104250 main.go:666: Trying to acquire lock...
[peer] 22:38:38.104264 main.go:669: Got lock, processing block
[peer] 22:38:38.104269 blockchain.go:68: Returning a block
[peer] 22:38:38.104275 main.go:679: Already have block
[peer] 22:38:38.104960 blockchain.go:68: Returning a block
[peer] 22:38:38.104967 main.go:707: 15:Equal block
[peer] 22:38:38.105179 main.go:167: 15:Got block message, iteration 6
[peer] 22:38:38.105310 main.go:666: Trying to acquire lock...
[peer] 22:38:38.105342 main.go:669: Got lock, processing block
[peer] 22:38:38.105349 blockchain.go:68: Returning a block
[peer] 22:38:38.105355 main.go:679: Already have block
[peer] 22:38:38.105360 blockchain.go:68: Returning a block
[peer] 22:38:38.105366 main.go:707: 15:Equal block
[peer] 22:38:38.106013 main.go:167: 15:Got block message, iteration 6
[peer] 22:38:38.106107 main.go:666: Trying to acquire lock...
[peer] 22:38:38.106120 main.go:669: Got lock, processing block
[peer] 22:38:38.106126 blockchain.go:68: Returning a block
[peer] 22:38:38.106162 main.go:679: Already have block
[peer] 22:38:38.106239 blockchain.go:68: Returning a block
[peer] 22:38:38.106249 main.go:707: 15:Equal block
[peer] 22:38:38.106525 main.go:801: 15:Block sent to peer successful. Peer: 198.162.52.57:8010 Iteration: 6
[peer] 22:38:38.106742 main.go:801: 15:Block sent to peer successful. Peer: 198.162.52.57:8014 Iteration: 6
[peer] 22:38:38.107033 main.go:801: 15:Block sent to peer successful. Peer: 198.162.52.57:8017 Iteration: 6
[peer] 22:38:38.107360 main.go:801: 15:Block sent to peer successful. Peer: 198.162.52.126:8007 Iteration: 6
[peer] 22:38:38.107537 main.go:801: 15:Block sent to peer successful. Peer: 198.162.52.126:8006 Iteration: 6
[peer] 22:38:38.107800 main.go:801: 15:Block sent to peer successful. Peer: 198.162.52.126:8004 Iteration: 6
[peer] 22:38:38.108012 main.go:801: 15:Block sent to peer successful. Peer: 198.162.52.126:8009 Iteration: 6
[peer] 22:38:38.108182 main.go:801: 15:Block sent to peer successful. Peer: 198.162.52.57:8013 Iteration: 6
[peer] 22:38:38.108399 main.go:801: 15:Block sent to peer successful. Peer: 198.162.52.126:8005 Iteration: 6
[peer] 22:38:38.108774 main.go:167: 15:Got block message, iteration 6
[peer] 22:38:38.108888 main.go:666: Trying to acquire lock...
[peer] 22:38:38.108905 main.go:669: Got lock, processing block
[peer] 22:38:38.108911 blockchain.go:68: Returning a block
[peer] 22:38:38.108916 main.go:679: Already have block
[peer] 22:38:38.108922 blockchain.go:68: Returning a block
[peer] 22:38:38.108928 main.go:707: 15:Equal block
[peer] 22:38:38.109326 main.go:801: 15:Block sent to peer successful. Peer: 198.162.52.57:8011 Iteration: 6
[peer] 22:38:38.128132 main.go:845: 15:Computing Update
[peer] 22:38:38.128567 main.go:852: Sending update to verifiers
[peer] 22:38:38.129098 main.go:895: 15:Making RPC Call to Verifier. Sending Update, Iteration:6
[peer] 22:38:38.130289 main.go:902: 15:Update verified. Iteration:6
[peer] 22:38:38.130348 main.go:857: Sending update to miners
[peer] 22:38:38.130815 main.go:958: 15:Making RPC Call to Miner. Sending Update, Iteration:6
[peer] 22:38:38.131664 main.go:965: 15:Update mined. Iteration:6
[peer] 22:38:38.154018 main.go:167: 15:Got block message, iteration 5
[peer] 22:38:38.154099 main.go:666: Trying to acquire lock...
[peer] 22:38:38.154112 main.go:669: Got lock, processing block
[peer] 22:38:38.154118 blockchain.go:68: Returning a block
[peer] 22:38:38.154123 main.go:679: Already have block
[peer] 22:38:38.154130 blockchain.go:68: Returning a block
[peer] 22:38:38.154136 main.go:707: 15:Equal block
[peer] 22:38:38.284638 main.go:167: 15:Got block message, iteration 5
[peer] 22:38:38.284712 main.go:666: Trying to acquire lock...
[peer] 22:38:38.284725 main.go:669: Got lock, processing block
[peer] 22:38:38.284730 blockchain.go:68: Returning a block
[peer] 22:38:38.284735 main.go:679: Already have block
[peer] 22:38:38.284741 blockchain.go:68: Returning a block
[peer] 22:38:38.284747 main.go:707: 15:Equal block
[peer] 22:38:38.299075 main.go:167: 15:Got block message, iteration 5
[peer] 22:38:38.299187 main.go:666: Trying to acquire lock...
[peer] 22:38:38.299203 main.go:669: Got lock, processing block
[peer] 22:38:38.299208 blockchain.go:68: Returning a block
[peer] 22:38:38.299213 main.go:679: Already have block
[peer] 22:38:38.299219 blockchain.go:68: Returning a block
[peer] 22:38:38.299226 main.go:707: 15:Equal block
[peer] 22:38:38.410664 main.go:801: 15:Block sent to peer successful. Peer: 198.162.52.57:8012 Iteration: 6
[peer] 22:38:38.410721 main.go:772: 15:RPC calls successfully returned. Iteration: 6
[peer] 22:38:38.431202 honest.go:81: 15Train Error is 0.17025 in Iteration 6
[peer] 22:38:38.431221 main.go:778: 15:Preparing for next Iteration. Current Iteration: 6
[peer] 22:38:38.431228 main.go:590: Moving on to next iteration 7
[peer] 22:38:38.432435 vrf.go:97: Verifier lottery winner is 12 at 129 
[peer] 22:38:38.432447 vrf.go:113: Miner lottery winner is 5 at 51 
[peer] 22:38:38.432454 vrf.go:129: Noise lottery winner is 9 at 95 
[peer] 22:38:38.432465 main.go:227: Verifiers are [%!s(int=12)]
[peer] 22:38:38.432473 main.go:228: Miners are [%!s(int=5)]
[peer] 22:38:38.432480 main.go:229: Noisers are [%!s(int=9)]
[peer] 22:38:38.432487 main.go:605: 15:I am not miner or verifier. Iteration:7
[peer] 22:38:38.432524 main.go:845: 15:Computing Update
[peer] 22:38:38.432992 main.go:852: Sending update to verifiers
[peer] 22:38:38.433138 main.go:895: 15:Making RPC Call to Verifier. Sending Update, Iteration:7
[peer] 22:38:38.444715 main.go:167: 15:Got block message, iteration 5
[peer] 22:38:38.444792 main.go:666: Trying to acquire lock...
[peer] 22:38:38.577805 main.go:902: 15:Update verified. Iteration:7
[peer] 22:38:38.577877 main.go:857: Sending update to miners
[peer] 22:38:38.578160 main.go:958: 15:Making RPC Call to Miner. Sending Update, Iteration:7
[peer] 22:38:38.578875 main.go:965: 15:Update mined. Iteration:7
[peer] 22:38:38.578952 main.go:669: Got lock, processing block
[peer] 22:38:38.578965 blockchain.go:68: Returning a block
[peer] 22:38:38.578971 main.go:679: Already have block
[peer] 22:38:38.578977 blockchain.go:68: Returning a block
[peer] 22:38:38.578983 main.go:707: 15:Equal block
[peer] 22:38:38.691079 main.go:167: 15:Got block message, iteration 6
[peer] 22:38:38.691226 main.go:666: Trying to acquire lock...
[peer] 22:38:38.691251 main.go:669: Got lock, processing block
[peer] 22:38:38.691257 blockchain.go:68: Returning a block
[peer] 22:38:38.691263 main.go:679: Already have block
[peer] 22:38:38.691273 blockchain.go:68: Returning a block
[peer] 22:38:38.691280 main.go:707: 15:Equal block
[peer] 22:38:39.583447 main.go:167: 15:Got block message, iteration 7
[peer] 22:38:39.583651 main.go:666: Trying to acquire lock...
[peer] 22:38:39.583722 main.go:669: Got lock, processing block
[peer] 22:38:39.583739 blockchain.go:73: Returning nil
[peer] 22:38:39.583776 main.go:718: 15:Adding block for 7, I am at 7
[peer] 22:38:39.583794 honest.go:227: Trying to append block with iteration:7
[peer] 22:38:39.583810 blockchain.go:73: Returning nil
[peer] 22:38:39.583824 honest.go:243: Append successful
[peer] 22:38:39.583841 main.go:728: 15:Sending block to channel
[peer] 22:38:39.583877 main.go:753: 15:Sending block of iteration: 7
[peer] 22:38:39.584140 main.go:1058: 15:Channel for block at iteration: 5
[peer] 22:38:39.587412 main.go:167: 15:Got block message, iteration 7
[peer] 22:38:39.587711 main.go:666: Trying to acquire lock...
[peer] 22:38:39.587742 main.go:669: Got lock, processing block
[peer] 22:38:39.587754 blockchain.go:68: Returning a block
[peer] 22:38:39.587767 main.go:679: Already have block
[peer] 22:38:39.587784 blockchain.go:68: Returning a block
[peer] 22:38:39.587796 main.go:707: 15:Equal block
[peer] 22:38:39.589168 main.go:801: 15:Block sent to peer successful. Peer: 198.162.52.57:8013 Iteration: 7
[peer] 22:38:39.589186 main.go:167: 15:Got block message, iteration 7
[peer] 22:38:39.589191 main.go:167: 15:Got block message, iteration 7
[peer] 22:38:39.589474 main.go:666: Trying to acquire lock...
[peer] 22:38:39.589514 main.go:669: Got lock, processing block
[peer] 22:38:39.589540 blockchain.go:68: Returning a block
[peer] 22:38:39.589547 main.go:167: 15:Got block message, iteration 7
[peer] 22:38:39.589552 main.go:679: Already have block
[peer] 22:38:39.589617 blockchain.go:68: Returning a block
[peer] 22:38:39.589489 main.go:167: 15:Got block message, iteration 7
[peer] 22:38:39.589759 main.go:801: 15:Block sent to peer successful. Peer: 198.162.52.57:8014 Iteration: 7
[peer] 22:38:39.589805 main.go:666: Trying to acquire lock...
[peer] 22:38:39.589836 main.go:669: Got lock, processing block
[peer] 22:38:39.589848 blockchain.go:68: Returning a block
[peer] 22:38:39.589859 main.go:679: Already have block
[peer] 22:38:39.589623 main.go:167: 15:Got block message, iteration 7
[peer] 22:38:39.589820 main.go:801: 15:Block sent to peer successful. Peer: 198.162.52.57:8018 Iteration: 7
[peer] 22:38:39.589835 main.go:167: 15:Got block message, iteration 7
[peer] 22:38:39.589717 main.go:707: 15:Equal block
[peer] 22:38:39.589721 main.go:801: 15:Block sent to peer successful. Peer: 198.162.52.57:8010 Iteration: 7
[peer] 22:38:39.589713 main.go:666: Trying to acquire lock...
[peer] 22:38:39.590100 main.go:669: Got lock, processing block
[peer] 22:38:39.590122 blockchain.go:68: Returning a block
[peer] 22:38:39.590137 main.go:679: Already have block
[peer] 22:38:39.590153 blockchain.go:68: Returning a block
[peer] 22:38:39.590169 main.go:707: 15:Equal block
[peer] 22:38:39.590102 main.go:666: Trying to acquire lock...
[peer] 22:38:39.590193 main.go:669: Got lock, processing block
[peer] 22:38:39.589874 main.go:666: Trying to acquire lock...
[peer] 22:38:39.589874 blockchain.go:68: Returning a block
[peer] 22:38:39.590238 main.go:707: 15:Equal block
[peer] 22:38:39.590207 blockchain.go:68: Returning a block
[peer] 22:38:39.590273 main.go:679: Already have block
[peer] 22:38:39.590286 blockchain.go:68: Returning a block
[peer] 22:38:39.590297 main.go:707: 15:Equal block
[peer] 22:38:39.590004 main.go:666: Trying to acquire lock...
[peer] 22:38:39.590313 main.go:669: Got lock, processing block
[peer] 22:38:39.590331 blockchain.go:68: Returning a block
[peer] 22:38:39.590346 main.go:679: Already have block
[peer] 22:38:39.590357 blockchain.go:68: Returning a block
[peer] 22:38:39.590367 main.go:707: 15:Equal block
[peer] 22:38:39.590371 main.go:669: Got lock, processing block
[peer] 22:38:39.590398 blockchain.go:68: Returning a block
[peer] 22:38:39.590410 main.go:679: Already have block
[peer] 22:38:39.590445 blockchain.go:68: Returning a block
[peer] 22:38:39.590465 main.go:707: 15:Equal block
[peer] 22:38:39.592241 main.go:801: 15:Block sent to peer successful. Peer: 198.162.52.57:8012 Iteration: 7
[peer] 22:38:39.592658 main.go:167: 15:Got block message, iteration 7
[peer] 22:38:39.592805 main.go:666: Trying to acquire lock...
[peer] 22:38:39.592853 main.go:669: Got lock, processing block
[peer] 22:38:39.592866 blockchain.go:68: Returning a block
[peer] 22:38:39.592878 main.go:679: Already have block
[peer] 22:38:39.592892 blockchain.go:68: Returning a block
[peer] 22:38:39.592905 main.go:707: 15:Equal block
[peer] 22:38:39.595715 main.go:801: 15:Block sent to peer successful. Peer: 198.162.52.57:8016 Iteration: 7
[peer] 22:38:39.597959 main.go:167: 15:Got block message, iteration 7
[peer] 22:38:39.598118 main.go:666: Trying to acquire lock...
[peer] 22:38:39.598197 main.go:669: Got lock, processing block
[peer] 22:38:39.598210 blockchain.go:68: Returning a block
[peer] 22:38:39.598234 main.go:679: Already have block
[peer] 22:38:39.598247 blockchain.go:68: Returning a block
[peer] 22:38:39.598261 main.go:707: 15:Equal block
[peer] 22:38:39.600339 main.go:801: 15:Block sent to peer successful. Peer: 198.162.52.57:8017 Iteration: 7
[peer] 22:38:39.603762 main.go:167: 15:Got block message, iteration 7
[peer] 22:38:39.604023 main.go:666: Trying to acquire lock...
[peer] 22:38:39.604047 main.go:669: Got lock, processing block
[peer] 22:38:39.604057 blockchain.go:68: Returning a block
[peer] 22:38:39.604076 main.go:679: Already have block
[peer] 22:38:39.604087 blockchain.go:68: Returning a block
[peer] 22:38:39.604097 main.go:707: 15:Equal block
[peer] 22:38:39.609125 main.go:167: 15:Got block message, iteration 7
[peer] 22:38:39.609263 main.go:666: Trying to acquire lock...
[peer] 22:38:39.609294 main.go:669: Got lock, processing block
[peer] 22:38:39.609303 blockchain.go:68: Returning a block
[peer] 22:38:39.609312 main.go:679: Already have block
[peer] 22:38:39.609336 blockchain.go:68: Returning a block
[peer] 22:38:39.609346 main.go:707: 15:Equal block
[peer] 22:38:39.610827 main.go:801: 15:Block sent to peer successful. Peer: 198.162.52.57:8011 Iteration: 7
[peer] 22:38:39.611334 main.go:801: 15:Block sent to peer successful. Peer: 198.162.52.57:8019 Iteration: 7
[peer] 22:38:39.615895 main.go:167: 15:Got block message, iteration 7
[peer] 22:38:39.616012 main.go:666: Trying to acquire lock...
[peer] 22:38:39.616057 main.go:669: Got lock, processing block
[peer] 22:38:39.616066 blockchain.go:68: Returning a block
[peer] 22:38:39.616075 main.go:679: Already have block
[peer] 22:38:39.616085 blockchain.go:68: Returning a block
[peer] 22:38:39.616095 main.go:707: 15:Equal block
[peer] 22:38:39.616313 main.go:167: 15:Got block message, iteration 7
[peer] 22:38:39.616437 main.go:666: Trying to acquire lock...
[peer] 22:38:39.616487 main.go:669: Got lock, processing block
[peer] 22:38:39.616498 blockchain.go:68: Returning a block
[peer] 22:38:39.616509 main.go:679: Already have block
[peer] 22:38:39.616520 blockchain.go:68: Returning a block
[peer] 22:38:39.616531 main.go:707: 15:Equal block
[peer] 22:38:39.622018 main.go:167: 15:Got block message, iteration 7
[peer] 22:38:39.622136 main.go:666: Trying to acquire lock...
[peer] 22:38:39.622169 main.go:669: Got lock, processing block
[peer] 22:38:39.622179 blockchain.go:68: Returning a block
[peer] 22:38:39.622189 main.go:679: Already have block
[peer] 22:38:39.622199 blockchain.go:68: Returning a block
[peer] 22:38:39.622209 main.go:707: 15:Equal block
[peer] 22:38:39.627120 main.go:167: 15:Got block message, iteration 7
[peer] 22:38:39.627262 main.go:666: Trying to acquire lock...
[peer] 22:38:39.627304 main.go:669: Got lock, processing block
[peer] 22:38:39.627315 blockchain.go:68: Returning a block
[peer] 22:38:39.627325 main.go:679: Already have block
[peer] 22:38:39.627335 blockchain.go:68: Returning a block
[peer] 22:38:39.627346 main.go:707: 15:Equal block
[peer] 22:38:39.628683 main.go:167: 15:Got block message, iteration 7
[peer] 22:38:39.628767 main.go:666: Trying to acquire lock...
[peer] 22:38:39.628829 main.go:669: Got lock, processing block
[peer] 22:38:39.628844 blockchain.go:68: Returning a block
[peer] 22:38:39.628853 main.go:679: Already have block
[peer] 22:38:39.628864 blockchain.go:68: Returning a block
[peer] 22:38:39.628878 main.go:707: 15:Equal block
[peer] 22:38:39.629793 main.go:167: 15:Got block message, iteration 7
[peer] 22:38:39.629956 main.go:666: Trying to acquire lock...
[peer] 22:38:39.630026 main.go:669: Got lock, processing block
[peer] 22:38:39.630038 blockchain.go:68: Returning a block
[peer] 22:38:39.630049 main.go:679: Already have block
[peer] 22:38:39.630068 blockchain.go:68: Returning a block
[peer] 22:38:39.630079 main.go:707: 15:Equal block
[peer] 22:38:39.639539 main.go:167: 15:Got block message, iteration 7
[peer] 22:38:39.639707 main.go:666: Trying to acquire lock...
[peer] 22:38:39.639746 main.go:669: Got lock, processing block
[peer] 22:38:39.639756 blockchain.go:68: Returning a block
[peer] 22:38:39.639771 main.go:679: Already have block
[peer] 22:38:39.639781 blockchain.go:68: Returning a block
[peer] 22:38:39.639790 main.go:707: 15:Equal block
[peer] 22:38:39.650360 main.go:801: 15:Block sent to peer successful. Peer: 198.162.52.126:8001 Iteration: 7
[peer] 22:38:39.655073 main.go:801: 15:Block sent to peer successful. Peer: 198.162.52.126:8000 Iteration: 7
[peer] 22:38:39.655311 main.go:801: 15:Block sent to peer successful. Peer: 198.162.52.126:8006 Iteration: 7
[peer] 22:38:39.657337 main.go:801: 15:Block sent to peer successful. Peer: 198.162.52.126:8005 Iteration: 7
[peer] 22:38:39.657820 main.go:801: 15:Block sent to peer successful. Peer: 198.162.52.126:8003 Iteration: 7
[peer] 22:38:39.658863 main.go:801: 15:Block sent to peer successful. Peer: 198.162.52.126:8007 Iteration: 7
[peer] 22:38:39.660660 main.go:801: 15:Block sent to peer successful. Peer: 198.162.52.126:8008 Iteration: 7
[peer] 22:38:39.663111 main.go:801: 15:Block sent to peer successful. Peer: 198.162.52.126:8009 Iteration: 7
[peer] 22:38:39.664652 main.go:801: 15:Block sent to peer successful. Peer: 198.162.52.126:8004 Iteration: 7
[peer] 22:38:39.665304 main.go:801: 15:Block sent to peer successful. Peer: 198.162.52.126:8002 Iteration: 7
[peer] 22:38:39.665385 main.go:772: 15:RPC calls successfully returned. Iteration: 7
[peer] 22:38:40.004906 honest.go:81: 15Train Error is 0.04029 in Iteration 7
[peer] 22:38:40.004924 main.go:778: 15:Preparing for next Iteration. Current Iteration: 7
