[peer] 22:38:32.983853 honest.go:108: 12Importing modules...
[peer] 22:38:37.470692 honest.go:124: 12Sucessfully pulled dataset. Features: 25
[peer] 22:38:37.471641 main.go:468: 12:Announcing myself to network
[peer] 22:38:37.471842 main.go:473: 12:Calling {198.162.52.126 %!s(int=8000) }
[peer] 22:38:37.471857 main.go:492: 12:Inside callRegisterRPC
[peer] 22:38:37.471867 main.go:497: 12Making RPC call
[peer] 22:38:37.472316 main.go:624: 12:Peer started. Receiving on 8012
[peer] 22:38:37.472606 main.go:517: 12RPC dial successful
[peer] 22:38:37.472627 main.go:520: 12:Calling RPC:198.162.52.126:8000
[peer] 22:38:37.472663 main.go:522: 12:RPC called198.162.52.126:8000
[peer] 22:38:37.474929 main.go:529: 12:Announced myself to a fellow peer at port. Got latest chain
[peer] 22:38:37.474978 main.go:536: Chain length received:5
[peer] 22:38:37.474989 main.go:537: My chain length:1
[peer] 22:38:37.474996 honest.go:349: Received chain length:5
[peer] 22:38:37.475002 honest.go:350: Appended chain length:5
[peer] 22:38:37.475007 main.go:550: 12Got lastest chain until iteration 3
[peer] 22:38:37.475117 main.go:473: 12:Calling {198.162.52.126 %!s(int=8001) }
[peer] 22:38:37.475130 main.go:492: 12:Inside callRegisterRPC
[peer] 22:38:37.475178 main.go:497: 12Making RPC call
[peer] 22:38:37.475703 main.go:517: 12RPC dial successful
[peer] 22:38:37.475724 main.go:520: 12:Calling RPC:198.162.52.126:8001
[peer] 22:38:37.475732 main.go:522: 12:RPC called198.162.52.126:8001
[peer] 22:38:37.477466 main.go:529: 12:Announced myself to a fellow peer at port. Got latest chain
[peer] 22:38:37.477504 main.go:536: Chain length received:6
[peer] 22:38:37.477512 main.go:537: My chain length:5
[peer] 22:38:37.477519 honest.go:349: Received chain length:6
[peer] 22:38:37.477524 honest.go:350: Appended chain length:6
[peer] 22:38:37.477530 main.go:550: 12Got lastest chain until iteration 4
[peer] 22:38:37.477617 main.go:473: 12:Calling {198.162.52.126 %!s(int=8002) }
[peer] 22:38:37.477636 main.go:492: 12:Inside callRegisterRPC
[peer] 22:38:37.477643 main.go:497: 12Making RPC call
[peer] 22:38:37.478256 main.go:517: 12RPC dial successful
[peer] 22:38:37.478297 main.go:520: 12:Calling RPC:198.162.52.126:8002
[peer] 22:38:37.478317 main.go:522: 12:RPC called198.162.52.126:8002
[peer] 22:38:37.479824 main.go:529: 12:Announced myself to a fellow peer at port. Got latest chain
[peer] 22:38:37.479853 main.go:536: Chain length received:6
[peer] 22:38:37.479860 main.go:537: My chain length:6
[peer] 22:38:37.479944 main.go:473: 12:Calling {198.162.52.126 %!s(int=8003) }
[peer] 22:38:37.479961 main.go:492: 12:Inside callRegisterRPC
[peer] 22:38:37.479992 main.go:497: 12Making RPC call
[peer] 22:38:37.480420 main.go:517: 12RPC dial successful
[peer] 22:38:37.480441 main.go:520: 12:Calling RPC:198.162.52.126:8003
[peer] 22:38:37.480450 main.go:522: 12:RPC called198.162.52.126:8003
[peer] 22:38:37.481897 main.go:529: 12:Announced myself to a fellow peer at port. Got latest chain
[peer] 22:38:37.481920 main.go:536: Chain length received:6
[peer] 22:38:37.481927 main.go:537: My chain length:6
[peer] 22:38:37.481982 main.go:473: 12:Calling {198.162.52.126 %!s(int=8004) }
[peer] 22:38:37.481993 main.go:492: 12:Inside callRegisterRPC
[peer] 22:38:37.481999 main.go:497: 12Making RPC call
[peer] 22:38:37.482544 main.go:517: 12RPC dial successful
[peer] 22:38:37.482572 main.go:520: 12:Calling RPC:198.162.52.126:8004
[peer] 22:38:37.482581 main.go:522: 12:RPC called198.162.52.126:8004
[peer] 22:38:37.484008 main.go:529: 12:Announced myself to a fellow peer at port. Got latest chain
[peer] 22:38:37.484028 main.go:536: Chain length received:5
[peer] 22:38:37.484035 main.go:537: My chain length:6
[peer] 22:38:37.484127 main.go:473: 12:Calling {198.162.52.126 %!s(int=8005) }
[peer] 22:38:37.484139 main.go:492: 12:Inside callRegisterRPC
[peer] 22:38:37.484145 main.go:497: 12Making RPC call
[peer] 22:38:37.484690 main.go:517: 12RPC dial successful
[peer] 22:38:37.484714 main.go:520: 12:Calling RPC:198.162.52.126:8005
[peer] 22:38:37.484722 main.go:522: 12:RPC called198.162.52.126:8005
[peer] 22:38:37.485935 main.go:529: 12:Announced myself to a fellow peer at port. Got latest chain
[peer] 22:38:37.485958 main.go:536: Chain length received:6
[peer] 22:38:37.485966 main.go:537: My chain length:6
[peer] 22:38:37.486031 main.go:473: 12:Calling {198.162.52.126 %!s(int=8006) }
[peer] 22:38:37.486041 main.go:492: 12:Inside callRegisterRPC
[peer] 22:38:37.486047 main.go:497: 12Making RPC call
[peer] 22:38:37.486534 main.go:517: 12RPC dial successful
[peer] 22:38:37.486554 main.go:520: 12:Calling RPC:198.162.52.126:8006
[peer] 22:38:37.486562 main.go:522: 12:RPC called198.162.52.126:8006
[peer] 22:38:37.487950 main.go:529: 12:Announced myself to a fellow peer at port. Got latest chain
[peer] 22:38:37.487977 main.go:536: Chain length received:6
[peer] 22:38:37.487985 main.go:537: My chain length:6
[peer] 22:38:37.488064 main.go:473: 12:Calling {198.162.52.126 %!s(int=8007) }
[peer] 22:38:37.488075 main.go:492: 12:Inside callRegisterRPC
[peer] 22:38:37.488081 main.go:497: 12Making RPC call
[peer] 22:38:37.488568 main.go:517: 12RPC dial successful
[peer] 22:38:37.488591 main.go:520: 12:Calling RPC:198.162.52.126:8007
[peer] 22:38:37.488599 main.go:522: 12:RPC called198.162.52.126:8007
[peer] 22:38:37.489786 main.go:529: 12:Announced myself to a fellow peer at port. Got latest chain
[peer] 22:38:37.489812 main.go:536: Chain length received:5
[peer] 22:38:37.489820 main.go:537: My chain length:6
[peer] 22:38:37.489894 main.go:473: 12:Calling {198.162.52.126 %!s(int=8008) }
[peer] 22:38:37.489904 main.go:492: 12:Inside callRegisterRPC
[peer] 22:38:37.489910 main.go:497: 12Making RPC call
[peer] 22:38:37.490559 main.go:517: 12RPC dial successful
[peer] 22:38:37.490580 main.go:520: 12:Calling RPC:198.162.52.126:8008
[peer] 22:38:37.490588 main.go:522: 12:RPC called198.162.52.126:8008
[peer] 22:38:37.491676 main.go:189: 12:Registering peer:198.162.52.57:8017
[peer] 22:38:37.491724 main.go:529: 12:Announced myself to a fellow peer at port. Got latest chain
[peer] 22:38:37.491744 main.go:536: Chain length received:5
[peer] 22:38:37.491752 main.go:537: My chain length:6
[peer] 22:38:37.491727 main.go:200: Advertising chain to peer with length 6
[peer] 22:38:37.491826 main.go:473: 12:Calling {198.162.52.126 %!s(int=8009) }
[peer] 22:38:37.491931 main.go:492: 12:Inside callRegisterRPC
[peer] 22:38:37.491939 main.go:497: 12Making RPC call
[peer] 22:38:37.492494 main.go:517: 12RPC dial successful
[peer] 22:38:37.492515 main.go:520: 12:Calling RPC:198.162.52.126:8009
[peer] 22:38:37.492524 main.go:522: 12:RPC called198.162.52.126:8009
[peer] 22:38:37.493915 main.go:529: 12:Announced myself to a fellow peer at port. Got latest chain
[peer] 22:38:37.493936 main.go:536: Chain length received:5
[peer] 22:38:37.493945 main.go:537: My chain length:6
[peer] 22:38:37.494009 main.go:473: 12:Calling {198.162.52.57 %!s(int=8010) }
[peer] 22:38:37.494019 main.go:492: 12:Inside callRegisterRPC
[peer] 22:38:37.494025 main.go:497: 12Making RPC call
[peer] 22:38:37.494196 main.go:517: 12RPC dial successful
[peer] 22:38:37.494215 main.go:520: 12:Calling RPC:198.162.52.57:8010
[peer] 22:38:37.494223 main.go:522: 12:RPC called198.162.52.57:8010
[peer] 22:38:37.494853 main.go:529: 12:Announced myself to a fellow peer at port. Got latest chain
[peer] 22:38:37.494873 main.go:536: Chain length received:6
[peer] 22:38:37.494881 main.go:537: My chain length:6
[peer] 22:38:37.494954 main.go:473: 12:Calling {198.162.52.57 %!s(int=8011) }
[peer] 22:38:37.494966 main.go:492: 12:Inside callRegisterRPC
[peer] 22:38:37.494973 main.go:497: 12Making RPC call
[err] 22:38:37.495157 main.go:285: Peer offline.Couldn't connect to peer: 198.162.52.57:8011, err = dial tcp 198.162.52.57:8011: connect: connection refused
[peer] 22:38:37.495190 main.go:473: 12:Calling {198.162.52.57 %!s(int=8013) }
[peer] 22:38:37.495199 main.go:492: 12:Inside callRegisterRPC
[peer] 22:38:37.495206 main.go:497: 12Making RPC call
[peer] 22:38:37.495318 main.go:517: 12RPC dial successful
[peer] 22:38:37.495331 main.go:520: 12:Calling RPC:198.162.52.57:8013
[peer] 22:38:37.495338 main.go:522: 12:RPC called198.162.52.57:8013
[peer] 22:38:37.496005 main.go:529: 12:Announced myself to a fellow peer at port. Got latest chain
[peer] 22:38:37.496025 main.go:536: Chain length received:6
[peer] 22:38:37.496032 main.go:537: My chain length:6
[peer] 22:38:37.496125 main.go:473: 12:Calling {198.162.52.57 %!s(int=8014) }
[peer] 22:38:37.496137 main.go:492: 12:Inside callRegisterRPC
[peer] 22:38:37.496155 main.go:497: 12Making RPC call
[peer] 22:38:37.496286 main.go:517: 12RPC dial successful
[peer] 22:38:37.496310 main.go:520: 12:Calling RPC:198.162.52.57:8014
[peer] 22:38:37.496318 main.go:522: 12:RPC called198.162.52.57:8014
[peer] 22:38:37.497004 main.go:529: 12:Announced myself to a fellow peer at port. Got latest chain
[peer] 22:38:37.497063 main.go:536: Chain length received:6
[peer] 22:38:37.497074 main.go:537: My chain length:6
[peer] 22:38:37.497139 main.go:473: 12:Calling {198.162.52.57 %!s(int=8015) }
[peer] 22:38:37.497150 main.go:492: 12:Inside callRegisterRPC
[peer] 22:38:37.497156 main.go:497: 12Making RPC call
[err] 22:38:37.497258 main.go:285: Peer offline.Couldn't connect to peer: 198.162.52.57:8015, err = dial tcp 198.162.52.57:8015: connect: connection refused
[peer] 22:38:37.497284 main.go:473: 12:Calling {198.162.52.57 %!s(int=8016) }
[peer] 22:38:37.497292 main.go:492: 12:Inside callRegisterRPC
[peer] 22:38:37.497298 main.go:497: 12Making RPC call
[err] 22:38:37.497396 main.go:285: Peer offline.Couldn't connect to peer: 198.162.52.57:8016, err = dial tcp 198.162.52.57:8016: connect: connection refused
[peer] 22:38:37.497413 main.go:473: 12:Calling {198.162.52.57 %!s(int=8017) }
[peer] 22:38:37.497419 main.go:492: 12:Inside callRegisterRPC
[peer] 22:38:37.497424 main.go:497: 12Making RPC call
[peer] 22:38:37.497525 main.go:517: 12RPC dial successful
[peer] 22:38:37.497538 main.go:520: 12:Calling RPC:198.162.52.57:8017
[peer] 22:38:37.497545 main.go:522: 12:RPC called198.162.52.57:8017
[peer] 22:38:37.498263 main.go:189: 12:Registering peer:198.162.52.57:8013
[peer] 22:38:37.498281 main.go:200: Advertising chain to peer with length 6
[peer] 22:38:37.498434 main.go:529: 12:Announced myself to a fellow peer at port. Got latest chain
[peer] 22:38:37.498453 main.go:536: Chain length received:6
[peer] 22:38:37.498460 main.go:537: My chain length:6
[peer] 22:38:37.498521 main.go:473: 12:Calling {198.162.52.57 %!s(int=8018) }
[peer] 22:38:37.498532 main.go:492: 12:Inside callRegisterRPC
[peer] 22:38:37.498538 main.go:497: 12Making RPC call
[peer] 22:38:37.498699 main.go:517: 12RPC dial successful
[peer] 22:38:37.498719 main.go:520: 12:Calling RPC:198.162.52.57:8018
[peer] 22:38:37.498727 main.go:522: 12:RPC called198.162.52.57:8018
[peer] 22:38:37.499941 main.go:529: 12:Announced myself to a fellow peer at port. Got latest chain
[peer] 22:38:37.499966 main.go:536: Chain length received:6
[peer] 22:38:37.499974 main.go:537: My chain length:6
[peer] 22:38:37.500164 main.go:473: 12:Calling {198.162.52.57 %!s(int=8019) }
[peer] 22:38:37.500185 main.go:492: 12:Inside callRegisterRPC
[peer] 22:38:37.500193 main.go:497: 12Making RPC call
[peer] 22:38:37.500428 main.go:517: 12RPC dial successful
[peer] 22:38:37.500466 main.go:520: 12:Calling RPC:198.162.52.57:8019
[peer] 22:38:37.500474 main.go:522: 12:RPC called198.162.52.57:8019
[peer] 22:38:37.501072 main.go:529: 12:Announced myself to a fellow peer at port. Got latest chain
[peer] 22:38:37.501108 main.go:536: Chain length received:5
[peer] 22:38:37.501115 main.go:537: My chain length:6
[peer] 22:38:37.501184 main.go:483: 12:Bootstrapped Network. Calling signal
[peer] 22:38:37.501197 main.go:485: 12:Bootstrapped Network. Signal called
[peer] 22:38:37.501217 main.go:590: Moving on to next iteration 5
[peer] 22:38:37.501948 main.go:167: 12:Got block message, iteration 4
[peer] 22:38:37.502054 main.go:666: Trying to acquire lock...
[peer] 22:38:37.502598 vrf.go:97: Verifier lottery winner is 13 at 134 
[peer] 22:38:37.502613 vrf.go:113: Miner lottery winner is 3 at 34 
[peer] 22:38:37.502620 vrf.go:129: Noise lottery winner is 3 at 38 
[peer] 22:38:37.502631 main.go:227: Verifiers are [%!s(int=13)]
[peer] 22:38:37.502666 main.go:228: Miners are [%!s(int=3)]
[peer] 22:38:37.502674 main.go:229: Noisers are [%!s(int=3)]
[peer] 22:38:37.502681 main.go:605: 12:I am not miner or verifier. Iteration:5
[peer] 22:38:37.502694 main.go:845: 12:Computing Update
[peer] 22:38:37.504052 main.go:852: Sending update to verifiers
[peer] 22:38:37.504343 main.go:895: 12:Making RPC Call to Verifier. Sending Update, Iteration:5
[peer] 22:38:37.512657 main.go:902: 12:Update verified. Iteration:5
[peer] 22:38:37.512757 main.go:857: Sending update to miners
[peer] 22:38:37.513115 main.go:958: 12:Making RPC Call to Miner. Sending Update, Iteration:5
[peer] 22:38:37.513930 main.go:965: 12:Update mined. Iteration:5
[peer] 22:38:37.513997 main.go:669: Got lock, processing block
[peer] 22:38:37.514010 blockchain.go:68: Returning a block
[peer] 22:38:37.514016 main.go:679: Already have block
[peer] 22:38:37.514022 blockchain.go:68: Returning a block
[peer] 22:38:37.514028 main.go:707: 12:Equal block
[peer] 22:38:37.517725 main.go:189: 12:Registering peer:198.162.52.57:8019
[peer] 22:38:37.517741 main.go:200: Advertising chain to peer with length 6
[peer] 22:38:37.524419 main.go:189: 12:Registering peer:198.162.52.57:8015
[peer] 22:38:37.524435 main.go:200: Advertising chain to peer with length 6
[peer] 22:38:37.543789 main.go:189: 12:Registering peer:198.162.52.57:8011
[peer] 22:38:37.543814 main.go:200: Advertising chain to peer with length 6
[peer] 22:38:37.606395 main.go:167: 12:Got block message, iteration 4
[peer] 22:38:37.606467 main.go:666: Trying to acquire lock...
[peer] 22:38:37.606479 main.go:669: Got lock, processing block
[peer] 22:38:37.606484 blockchain.go:68: Returning a block
[peer] 22:38:37.606490 main.go:679: Already have block
[peer] 22:38:37.606495 blockchain.go:68: Returning a block
[peer] 22:38:37.606501 main.go:707: 12:Equal block
[peer] 22:38:37.648775 main.go:189: 12:Registering peer:198.162.52.57:8016
[peer] 22:38:37.648791 main.go:200: Advertising chain to peer with length 6
[peer] 22:38:37.665654 main.go:167: 12:Got block message, iteration 4
[peer] 22:38:37.665751 main.go:666: Trying to acquire lock...
[peer] 22:38:37.665765 main.go:669: Got lock, processing block
[peer] 22:38:37.665770 blockchain.go:68: Returning a block
[peer] 22:38:37.665776 main.go:679: Already have block
[peer] 22:38:37.665782 blockchain.go:68: Returning a block
[peer] 22:38:37.665787 main.go:707: 12:Equal block
[peer] 22:38:37.675335 main.go:167: 12:Got block message, iteration 4
[peer] 22:38:37.675372 main.go:666: Trying to acquire lock...
[peer] 22:38:37.675388 main.go:669: Got lock, processing block
[peer] 22:38:37.675393 blockchain.go:68: Returning a block
[peer] 22:38:37.675399 main.go:679: Already have block
[peer] 22:38:37.675404 blockchain.go:68: Returning a block
[peer] 22:38:37.675410 main.go:707: 12:Equal block
[peer] 22:38:37.839948 main.go:167: 12:Got block message, iteration 4
[peer] 22:38:37.840036 main.go:666: Trying to acquire lock...
[peer] 22:38:37.840050 main.go:669: Got lock, processing block
[peer] 22:38:37.840056 blockchain.go:68: Returning a block
[peer] 22:38:37.840061 main.go:679: Already have block
[peer] 22:38:37.840068 blockchain.go:68: Returning a block
[peer] 22:38:37.840073 main.go:707: 12:Equal block
[peer] 22:38:37.949386 main.go:167: 12:Got block message, iteration 5
[peer] 22:38:37.949468 main.go:666: Trying to acquire lock...
[peer] 22:38:37.949483 main.go:669: Got lock, processing block
[peer] 22:38:37.949489 blockchain.go:73: Returning nil
[peer] 22:38:37.949496 main.go:718: 12:Adding block for 5, I am at 5
[peer] 22:38:37.949503 honest.go:227: Trying to append block with iteration:5
[peer] 22:38:37.949508 blockchain.go:73: Returning nil
[peer] 22:38:37.949513 honest.go:243: Append successful
[peer] 22:38:37.949526 main.go:753: 12:Sending block of iteration: 5
[peer] 22:38:37.949886 main.go:167: 12:Got block message, iteration 5
[peer] 22:38:37.949963 main.go:666: Trying to acquire lock...
[peer] 22:38:37.949976 main.go:669: Got lock, processing block
[peer] 22:38:37.949981 blockchain.go:68: Returning a block
[peer] 22:38:37.950000 main.go:679: Already have block
[peer] 22:38:37.950007 blockchain.go:68: Returning a block
[peer] 22:38:37.950012 main.go:707: 12:Equal block
[peer] 22:38:37.950269 main.go:167: 12:Got block message, iteration 5
[peer] 22:38:37.950332 main.go:666: Trying to acquire lock...
[peer] 22:38:37.950344 main.go:669: Got lock, processing block
[peer] 22:38:37.950350 blockchain.go:68: Returning a block
[peer] 22:38:37.950355 main.go:679: Already have block
[peer] 22:38:37.950361 blockchain.go:68: Returning a block
[peer] 22:38:37.950367 main.go:707: 12:Equal block
[peer] 22:38:37.950619 main.go:167: 12:Got block message, iteration 5
[peer] 22:38:37.950683 main.go:666: Trying to acquire lock...
[peer] 22:38:37.950695 main.go:669: Got lock, processing block
[peer] 22:38:37.950701 blockchain.go:68: Returning a block
[peer] 22:38:37.950706 main.go:679: Already have block
[peer] 22:38:37.950713 blockchain.go:68: Returning a block
[peer] 22:38:37.950718 main.go:707: 12:Equal block
[peer] 22:38:37.950892 main.go:167: 12:Got block message, iteration 5
[peer] 22:38:37.950956 main.go:666: Trying to acquire lock...
[peer] 22:38:37.950967 main.go:669: Got lock, processing block
[peer] 22:38:37.950973 blockchain.go:68: Returning a block
[peer] 22:38:37.950978 main.go:679: Already have block
[peer] 22:38:37.950984 blockchain.go:68: Returning a block
[peer] 22:38:37.950989 main.go:707: 12:Equal block
[peer] 22:38:37.952075 main.go:167: 12:Got block message, iteration 5
[peer] 22:38:37.952143 main.go:666: Trying to acquire lock...
[peer] 22:38:37.952156 main.go:669: Got lock, processing block
[peer] 22:38:37.952161 blockchain.go:68: Returning a block
[peer] 22:38:37.952167 main.go:679: Already have block
[peer] 22:38:37.952172 blockchain.go:68: Returning a block
[peer] 22:38:37.952178 main.go:707: 12:Equal block
[peer] 22:38:37.956650 main.go:167: 12:Got block message, iteration 5
[peer] 22:38:37.956738 main.go:666: Trying to acquire lock...
[peer] 22:38:37.956754 main.go:669: Got lock, processing block
[peer] 22:38:37.956759 blockchain.go:68: Returning a block
[peer] 22:38:37.956765 main.go:679: Already have block
[peer] 22:38:37.956771 blockchain.go:68: Returning a block
[peer] 22:38:37.956777 main.go:707: 12:Equal block
[peer] 22:38:37.956975 main.go:167: 12:Got block message, iteration 5
[peer] 22:38:37.957059 main.go:666: Trying to acquire lock...
[peer] 22:38:37.957072 main.go:669: Got lock, processing block
[peer] 22:38:37.957077 blockchain.go:68: Returning a block
[peer] 22:38:37.957083 main.go:679: Already have block
[peer] 22:38:37.957089 blockchain.go:68: Returning a block
[peer] 22:38:37.957094 main.go:707: 12:Equal block
[peer] 22:38:37.957407 main.go:801: 12:Block sent to peer successful. Peer: 198.162.52.126:8008 Iteration: 5
[peer] 22:38:37.957613 main.go:801: 12:Block sent to peer successful. Peer: 198.162.52.57:8010 Iteration: 5
[peer] 22:38:37.957851 main.go:801: 12:Block sent to peer successful. Peer: 198.162.52.126:8007 Iteration: 5
[peer] 22:38:37.958219 main.go:167: 12:Got block message, iteration 5
[peer] 22:38:37.958299 main.go:666: Trying to acquire lock...
[peer] 22:38:37.958313 main.go:669: Got lock, processing block
[peer] 22:38:37.958318 blockchain.go:68: Returning a block
[peer] 22:38:37.958324 main.go:679: Already have block
[peer] 22:38:37.958330 blockchain.go:68: Returning a block
[peer] 22:38:37.958336 main.go:707: 12:Equal block
[peer] 22:38:37.958474 main.go:167: 12:Got block message, iteration 5
[peer] 22:38:37.958544 main.go:666: Trying to acquire lock...
[peer] 22:38:37.958556 main.go:669: Got lock, processing block
[peer] 22:38:37.958561 blockchain.go:68: Returning a block
[peer] 22:38:37.958566 main.go:679: Already have block
[peer] 22:38:37.958572 blockchain.go:68: Returning a block
[peer] 22:38:37.958578 main.go:707: 12:Equal block
[peer] 22:38:37.958708 main.go:167: 12:Got block message, iteration 5
[peer] 22:38:37.958777 main.go:666: Trying to acquire lock...
[peer] 22:38:37.958790 main.go:669: Got lock, processing block
[peer] 22:38:37.958795 blockchain.go:68: Returning a block
[peer] 22:38:37.958808 main.go:679: Already have block
[peer] 22:38:37.958814 blockchain.go:68: Returning a block
[peer] 22:38:37.958819 main.go:707: 12:Equal block
[peer] 22:38:37.958864 main.go:801: 12:Block sent to peer successful. Peer: 198.162.52.57:8019 Iteration: 5
[peer] 22:38:37.958986 main.go:167: 12:Got block message, iteration 5
[peer] 22:38:37.959055 main.go:801: 12:Block sent to peer successful. Peer: 198.162.52.126:8002 Iteration: 5
[peer] 22:38:37.959057 main.go:666: Trying to acquire lock...
[peer] 22:38:37.959106 main.go:669: Got lock, processing block
[peer] 22:38:37.959113 blockchain.go:68: Returning a block
[peer] 22:38:37.959119 main.go:679: Already have block
[peer] 22:38:37.959125 blockchain.go:68: Returning a block
[peer] 22:38:37.959131 main.go:707: 12:Equal block
[peer] 22:38:37.959209 main.go:167: 12:Got block message, iteration 5
[peer] 22:38:37.959278 main.go:666: Trying to acquire lock...
[peer] 22:38:37.959291 main.go:669: Got lock, processing block
[peer] 22:38:37.959297 blockchain.go:68: Returning a block
[peer] 22:38:37.959302 main.go:679: Already have block
[peer] 22:38:37.959308 blockchain.go:68: Returning a block
[peer] 22:38:37.959308 main.go:801: 12:Block sent to peer successful. Peer: 198.162.52.57:8016 Iteration: 5
[peer] 22:38:37.959314 main.go:707: 12:Equal block
[peer] 22:38:37.959287 main.go:801: 12:Block sent to peer successful. Peer: 198.162.52.126:8004 Iteration: 5
[peer] 22:38:37.959437 main.go:801: 12:Block sent to peer successful. Peer: 198.162.52.126:8009 Iteration: 5
[peer] 22:38:37.959493 main.go:801: 12:Block sent to peer successful. Peer: 198.162.52.126:8001 Iteration: 5
[peer] 22:38:37.959612 main.go:801: 12:Block sent to peer successful. Peer: 198.162.52.126:8003 Iteration: 5
[peer] 22:38:37.959635 main.go:801: 12:Block sent to peer successful. Peer: 198.162.52.57:8011 Iteration: 5
[peer] 22:38:37.961160 main.go:801: 12:Block sent to peer successful. Peer: 198.162.52.126:8005 Iteration: 5
[peer] 22:38:37.961473 main.go:801: 12:Block sent to peer successful. Peer: 198.162.52.57:8018 Iteration: 5
[peer] 22:38:37.962072 main.go:801: 12:Block sent to peer successful. Peer: 198.162.52.126:8000 Iteration: 5
[peer] 22:38:37.962334 main.go:801: 12:Block sent to peer successful. Peer: 198.162.52.57:8013 Iteration: 5
[peer] 22:38:37.962755 main.go:801: 12:Block sent to peer successful. Peer: 198.162.52.126:8006 Iteration: 5
[peer] 22:38:37.969145 main.go:167: 12:Got block message, iteration 5
[peer] 22:38:37.969240 main.go:666: Trying to acquire lock...
[peer] 22:38:37.969254 main.go:669: Got lock, processing block
[peer] 22:38:37.969259 blockchain.go:68: Returning a block
[peer] 22:38:37.969265 main.go:679: Already have block
[peer] 22:38:37.969271 blockchain.go:68: Returning a block
[peer] 22:38:37.969277 main.go:707: 12:Equal block
[peer] 22:38:37.971386 main.go:801: 12:Block sent to peer successful. Peer: 198.162.52.57:8015 Iteration: 5
[peer] 22:38:37.979409 main.go:801: 12:Block sent to peer successful. Peer: 198.162.52.57:8014 Iteration: 5
[peer] 22:38:37.983265 main.go:167: 12:Got block message, iteration 5
[peer] 22:38:37.983347 main.go:666: Trying to acquire lock...
[peer] 22:38:37.983360 main.go:669: Got lock, processing block
[peer] 22:38:37.983366 blockchain.go:68: Returning a block
[peer] 22:38:37.983371 main.go:679: Already have block
[peer] 22:38:37.983377 blockchain.go:68: Returning a block
[peer] 22:38:37.983382 main.go:707: 12:Equal block
[peer] 22:38:38.006472 main.go:801: 12:Block sent to peer successful. Peer: 198.162.52.57:8017 Iteration: 5
[peer] 22:38:38.006518 main.go:772: 12:RPC calls successfully returned. Iteration: 5
[peer] 22:38:38.043019 honest.go:81: 12Train Error is 1.00000 in Iteration 5
[peer] 22:38:38.043042 main.go:778: 12:Preparing for next Iteration. Current Iteration: 5
[peer] 22:38:38.043050 main.go:590: Moving on to next iteration 6
[peer] 22:38:38.405167 main.go:167: 12:Got block message, iteration 6
[peer] 22:38:38.405628 main.go:666: Trying to acquire lock...
[peer] 22:38:38.406176 main.go:113: 12:Got RONI message, iteration 7
[peer] 22:38:38.407006 main.go:167: 12:Got block message, iteration 5
[peer] 22:38:38.407225 main.go:666: Trying to acquire lock...
[peer] 22:38:38.407528 main.go:167: 12:Got block message, iteration 6
[peer] 22:38:38.407750 main.go:666: Trying to acquire lock...
[peer] 22:38:38.408353 main.go:113: 12:Got RONI message, iteration 6
[peer] 22:38:38.409414 main.go:167: 12:Got block message, iteration 6
[peer] 22:38:38.410017 main.go:167: 12:Got block message, iteration 6
[peer] 22:38:38.410159 main.go:666: Trying to acquire lock...
[peer] 22:38:38.410352 main.go:167: 12:Got block message, iteration 6
[peer] 22:38:38.410469 main.go:666: Trying to acquire lock...
[peer] 22:38:38.410785 main.go:113: 12:Got RONI message, iteration 7
[peer] 22:38:38.425403 main.go:666: Trying to acquire lock...
[peer] 22:38:38.441295 main.go:167: 12:Got block message, iteration 6
[peer] 22:38:38.441428 vrf.go:97: Verifier lottery winner is 0 at 4 
[peer] 22:38:38.441447 vrf.go:113: Miner lottery winner is 6 at 67 
[peer] 22:38:38.441455 vrf.go:129: Noise lottery winner is 16 at 163 
[peer] 22:38:38.441479 main.go:227: Verifiers are [%!s(int=0)]
[peer] 22:38:38.441489 main.go:228: Miners are [%!s(int=6)]
[peer] 22:38:38.441495 main.go:229: Noisers are [%!s(int=16)]
[peer] 22:38:38.441503 main.go:605: 12:I am not miner or verifier. Iteration:6
[peer] 22:38:38.441604 main.go:113: 12:Got RONI message, iteration 6
[peer] 22:38:38.548635 main.go:167: 12:Got block message, iteration 6
[peer] 22:38:38.548788 main.go:666: Trying to acquire lock...
[peer] 22:38:38.548650 main.go:167: 12:Got block message, iteration 6
[peer] 22:38:38.548901 main.go:666: Trying to acquire lock...
[peer] 22:38:38.548915 main.go:845: 12:Computing Update
[peer] 22:38:38.548990 main.go:167: 12:Got block message, iteration 5
[peer] 22:38:38.549057 main.go:113: 12:Got RONI message, iteration 7
[peer] 22:38:38.548913 main.go:666: Trying to acquire lock...
[peer] 22:38:38.548931 main.go:113: 12:Got RONI message, iteration 6
[peer] 22:38:38.549174 main.go:666: Trying to acquire lock...
[peer] 22:38:38.549289 main.go:167: 12:Got block message, iteration 6
[peer] 22:38:38.549416 main.go:666: Trying to acquire lock...
[peer] 22:38:38.570471 main.go:167: 12:Got block message, iteration 6
[peer] 22:38:38.570613 main.go:167: 12:Got block message, iteration 6
[peer] 22:38:38.570623 main.go:666: Trying to acquire lock...
[peer] 22:38:38.570646 main.go:167: 12:Got block message, iteration 5
[peer] 22:38:38.570681 main.go:113: 12:Got RONI message, iteration 7
[peer] 22:38:38.570689 main.go:113: 12:Got RONI message, iteration 7
[peer] 22:38:38.570725 main.go:167: 12:Got block message, iteration 6
[peer] 22:38:38.570759 main.go:666: Trying to acquire lock...
[peer] 22:38:38.570777 main.go:167: 12:Got block message, iteration 5
[peer] 22:38:38.570774 main.go:666: Trying to acquire lock...
[peer] 22:38:38.570776 main.go:113: 12:Got RONI message, iteration 7
[peer] 22:38:38.570843 main.go:666: Trying to acquire lock...
[peer] 22:38:38.570860 main.go:666: Trying to acquire lock...
[peer] 22:38:38.570795 main.go:113: 12:Got RONI message, iteration 6
[peer] 22:38:38.572527 main.go:852: Sending update to verifiers
[peer] 22:38:38.573926 main.go:123: RONI for update at iteration 6 is -0.725495.
[peer] 22:38:38.575863 main.go:123: RONI for update at iteration 6 is -0.814737.
[peer] 22:38:38.577057 main.go:123: RONI for update at iteration 6 is -0.778395.
[peer] 22:38:38.577549 main.go:123: RONI for update at iteration 6 is -0.782507.
[peer] 22:38:38.583143 main.go:123: RONI for update at iteration 6 is -0.709158.
[peer] 22:38:38.584431 main.go:123: RONI for update at iteration 6 is -0.761725.
[peer] 22:38:38.591072 main.go:895: 12:Making RPC Call to Verifier. Sending Update, Iteration:6
[peer] 22:38:38.591196 main.go:113: 12:Got RONI message, iteration 7
[peer] 22:38:38.591235 main.go:113: 12:Got RONI message, iteration 7
[peer] 22:38:38.591270 main.go:113: 12:Got RONI message, iteration 7
[peer] 22:38:38.592712 main.go:902: 12:Update verified. Iteration:6
[peer] 22:38:38.592778 main.go:857: Sending update to miners
[peer] 22:38:38.592784 main.go:123: RONI for update at iteration 6 is -0.747722.
[peer] 22:38:38.593116 main.go:123: RONI for update at iteration 6 is -0.710047.
[peer] 22:38:38.593223 main.go:958: 12:Making RPC Call to Miner. Sending Update, Iteration:6
[peer] 22:38:38.593577 main.go:123: RONI for update at iteration 6 is -0.578795.
[err] 22:38:38.594088 main.go:285: Error in sending update, err = Stale Update/Block
[peer] 22:38:38.594102 main.go:991: 12:Will try and create an empty block
[peer] 22:38:38.594108 blockchain.go:73: Returning nil
[peer] 22:38:38.594154 main.go:997: 12:Sending an empty block
[peer] 22:38:38.594272 main.go:753: 12:Sending block of iteration: 6
[peer] 22:38:38.596880 main.go:669: Got lock, processing block
[peer] 22:38:38.596899 blockchain.go:68: Returning a block
[peer] 22:38:38.596906 main.go:679: Already have block
[peer] 22:38:38.596912 blockchain.go:68: Returning a block
[peer] 22:38:38.596919 main.go:695: Chain Length:8
[peer] 22:38:38.596924 main.go:698: Chain Length:8
[peer] 22:38:38.596930 main.go:699: 12:Received better block
[peer] 22:38:38.596938 main.go:669: Got lock, processing block
[peer] 22:38:38.596943 blockchain.go:68: Returning a block
[peer] 22:38:38.596949 main.go:679: Already have block
[peer] 22:38:38.596954 blockchain.go:68: Returning a block
[peer] 22:38:38.596960 main.go:707: 12:Equal block
[peer] 22:38:38.596967 main.go:669: Got lock, processing block
[peer] 22:38:38.596972 blockchain.go:68: Returning a block
[peer] 22:38:38.596977 main.go:679: Already have block
[peer] 22:38:38.596983 blockchain.go:68: Returning a block
[peer] 22:38:38.596988 main.go:695: Chain Length:8
[peer] 22:38:38.596993 main.go:698: Chain Length:8
[peer] 22:38:38.596998 main.go:699: 12:Received better block
[peer] 22:38:38.597004 main.go:669: Got lock, processing block
[peer] 22:38:38.597009 blockchain.go:68: Returning a block
[peer] 22:38:38.597015 main.go:679: Already have block
[peer] 22:38:38.597020 blockchain.go:68: Returning a block
[peer] 22:38:38.597025 main.go:695: Chain Length:8
[peer] 22:38:38.597030 main.go:698: Chain Length:8
[peer] 22:38:38.597035 main.go:699: 12:Received better block
[peer] 22:38:38.690662 main.go:669: Got lock, processing block
[peer] 22:38:38.690687 blockchain.go:68: Returning a block
[peer] 22:38:38.690699 main.go:679: Already have block
[peer] 22:38:38.690711 blockchain.go:68: Returning a block
[peer] 22:38:38.690719 main.go:695: Chain Length:8
[peer] 22:38:38.690732 main.go:698: Chain Length:8
[peer] 22:38:38.690740 main.go:699: 12:Received better block
[peer] 22:38:38.690778 main.go:669: Got lock, processing block
[peer] 22:38:38.690786 blockchain.go:68: Returning a block
[peer] 22:38:38.690793 main.go:679: Already have block
[peer] 22:38:38.690809 blockchain.go:68: Returning a block
[peer] 22:38:38.690815 main.go:695: Chain Length:8
[peer] 22:38:38.690824 main.go:698: Chain Length:8
[peer] 22:38:38.690829 main.go:699: 12:Received better block
[peer] 22:38:38.690840 main.go:669: Got lock, processing block
[peer] 22:38:38.690849 blockchain.go:68: Returning a block
[peer] 22:38:38.690863 main.go:679: Already have block
[peer] 22:38:38.690870 blockchain.go:68: Returning a block
[peer] 22:38:38.690877 main.go:695: Chain Length:8
[peer] 22:38:38.690884 main.go:698: Chain Length:8
[peer] 22:38:38.690891 main.go:699: 12:Received better block
[peer] 22:38:38.690906 main.go:669: Got lock, processing block
[peer] 22:38:38.690913 blockchain.go:68: Returning a block
[peer] 22:38:38.690922 main.go:679: Already have block
[peer] 22:38:38.690928 blockchain.go:68: Returning a block
[peer] 22:38:38.690938 main.go:695: Chain Length:8
[peer] 22:38:38.690948 main.go:698: Chain Length:8
[peer] 22:38:38.690956 main.go:699: 12:Received better block
[peer] 22:38:38.690966 main.go:669: Got lock, processing block
[peer] 22:38:38.690973 blockchain.go:68: Returning a block
[peer] 22:38:38.690981 main.go:679: Already have block
[peer] 22:38:38.690989 blockchain.go:68: Returning a block
[peer] 22:38:38.691010 main.go:695: Chain Length:8
[peer] 22:38:38.691029 main.go:698: Chain Length:8
[peer] 22:38:38.691039 main.go:699: 12:Received better block
[peer] 22:38:38.691071 main.go:669: Got lock, processing block
[peer] 22:38:38.691081 blockchain.go:68: Returning a block
[peer] 22:38:38.691107 main.go:679: Already have block
[peer] 22:38:38.691118 blockchain.go:68: Returning a block
[peer] 22:38:38.691124 main.go:707: 12:Equal block
[peer] 22:38:38.691133 main.go:669: Got lock, processing block
[peer] 22:38:38.691140 blockchain.go:68: Returning a block
[peer] 22:38:38.691153 main.go:679: Already have block
[peer] 22:38:38.691159 blockchain.go:68: Returning a block
[peer] 22:38:38.691164 main.go:695: Chain Length:8
[peer] 22:38:38.691170 main.go:698: Chain Length:8
[peer] 22:38:38.691176 main.go:699: 12:Received better block
[peer] 22:38:38.691213 main.go:801: 12:Block sent to peer successful. Peer: 198.162.52.57:8014 Iteration: 6
[peer] 22:38:38.691290 main.go:669: Got lock, processing block
[peer] 22:38:38.691312 blockchain.go:68: Returning a block
[peer] 22:38:38.691320 main.go:679: Already have block
[peer] 22:38:38.691327 blockchain.go:68: Returning a block
[peer] 22:38:38.691339 main.go:695: Chain Length:8
[peer] 22:38:38.691346 main.go:698: Chain Length:8
[peer] 22:38:38.691354 main.go:699: 12:Received better block
[peer] 22:38:38.691363 main.go:669: Got lock, processing block
[peer] 22:38:38.691372 blockchain.go:68: Returning a block
[peer] 22:38:38.691300 main.go:123: RONI for update at iteration 6 is -0.795621.
[peer] 22:38:38.691385 main.go:679: Already have block
[peer] 22:38:38.691455 main.go:801: 12:Block sent to peer successful. Peer: 198.162.52.126:8004 Iteration: 6
[peer] 22:38:38.691620 blockchain.go:68: Returning a block
[peer] 22:38:38.691656 main.go:695: Chain Length:8
[peer] 22:38:38.691715 main.go:669: Got lock, processing block
[peer] 22:38:38.691668 main.go:698: Chain Length:8
[peer] 22:38:38.691810 main.go:699: 12:Received better block
[peer] 22:38:38.691862 main.go:801: 12:Block sent to peer successful. Peer: 198.162.52.57:8015 Iteration: 6
[peer] 22:38:38.692022 main.go:801: 12:Block sent to peer successful. Peer: 198.162.52.57:8016 Iteration: 6
[peer] 22:38:38.692105 main.go:801: 12:Block sent to peer successful. Peer: 198.162.52.57:8011 Iteration: 6
[peer] 22:38:38.692161 main.go:801: 12:Block sent to peer successful. Peer: 198.162.52.57:8019 Iteration: 6
[peer] 22:38:38.692180 main.go:801: 12:Block sent to peer successful. Peer: 198.162.52.57:8010 Iteration: 6
[peer] 22:38:38.692108 main.go:801: 12:Block sent to peer successful. Peer: 198.162.52.57:8017 Iteration: 6
[peer] 22:38:38.692178 main.go:801: 12:Block sent to peer successful. Peer: 198.162.52.126:8008 Iteration: 6
[peer] 22:38:38.692285 main.go:123: RONI for update at iteration 6 is -0.614359.
[peer] 22:38:38.692239 main.go:123: RONI for update at iteration 6 is -0.828851.
[peer] 22:38:38.692678 blockchain.go:68: Returning a block
[peer] 22:38:38.692693 main.go:679: Already have block
[peer] 22:38:38.692701 blockchain.go:68: Returning a block
[peer] 22:38:38.692702 main.go:801: 12:Block sent to peer successful. Peer: 198.162.52.126:8001 Iteration: 6
[peer] 22:38:38.692716 main.go:707: 12:Equal block
[peer] 22:38:38.692725 main.go:669: Got lock, processing block
[peer] 22:38:38.692731 blockchain.go:68: Returning a block
[peer] 22:38:38.692737 main.go:679: Already have block
[peer] 22:38:38.692742 blockchain.go:68: Returning a block
[peer] 22:38:38.692748 main.go:695: Chain Length:8
[peer] 22:38:38.692753 main.go:698: Chain Length:8
[peer] 22:38:38.692758 main.go:699: 12:Received better block
[peer] 22:38:38.692765 main.go:669: Got lock, processing block
[peer] 22:38:38.692770 blockchain.go:68: Returning a block
[peer] 22:38:38.692775 main.go:679: Already have block
[peer] 22:38:38.692780 blockchain.go:68: Returning a block
[peer] 22:38:38.692785 main.go:707: 12:Equal block
[peer] 22:38:38.692960 main.go:123: RONI for update at iteration 6 is -0.729051.
[peer] 22:38:38.692978 main.go:113: 12:Got RONI message, iteration 7
[peer] 22:38:38.693001 main.go:801: 12:Block sent to peer successful. Peer: 198.162.52.57:8013 Iteration: 6
[peer] 22:38:38.693017 main.go:801: 12:Block sent to peer successful. Peer: 198.162.52.126:8003 Iteration: 6
[peer] 22:38:38.692966 main.go:113: 12:Got RONI message, iteration 7
[peer] 22:38:38.693080 main.go:113: 12:Got RONI message, iteration 7
[peer] 22:38:38.693089 main.go:801: 12:Block sent to peer successful. Peer: 198.162.52.126:8009 Iteration: 6
[peer] 22:38:38.693101 main.go:801: 12:Block sent to peer successful. Peer: 198.162.52.126:8005 Iteration: 6
[peer] 22:38:38.693679 main.go:801: 12:Block sent to peer successful. Peer: 198.162.52.126:8006 Iteration: 6
[peer] 22:38:38.693883 main.go:801: 12:Block sent to peer successful. Peer: 198.162.52.126:8007 Iteration: 6
[peer] 22:38:38.693923 main.go:801: 12:Block sent to peer successful. Peer: 198.162.52.126:8000 Iteration: 6
[peer] 22:38:38.694035 main.go:801: 12:Block sent to peer successful. Peer: 198.162.52.126:8002 Iteration: 6
[peer] 22:38:38.694082 main.go:113: 12:Got RONI message, iteration 7
[peer] 22:38:38.694112 main.go:113: 12:Got RONI message, iteration 7
[peer] 22:38:38.694112 main.go:113: 12:Got RONI message, iteration 7
[peer] 22:38:38.694175 main.go:113: 12:Got RONI message, iteration 7
[peer] 22:38:38.694435 main.go:801: 12:Block sent to peer successful. Peer: 198.162.52.57:8018 Iteration: 6
[peer] 22:38:38.694486 main.go:772: 12:RPC calls successfully returned. Iteration: 6
[peer] 22:38:38.695492 main.go:123: RONI for update at iteration 6 is -0.651034.
[peer] 22:38:38.695945 main.go:123: RONI for update at iteration 6 is -0.722716.
[peer] 22:38:38.696001 main.go:123: RONI for update at iteration 6 is -0.721383.
[peer] 22:38:38.696160 main.go:123: RONI for update at iteration 6 is -0.794621.
[peer] 22:38:38.696520 main.go:123: RONI for update at iteration 6 is -0.911980.
[peer] 22:38:38.696556 main.go:123: RONI for update at iteration 6 is -0.751834.
[peer] 22:38:38.697106 main.go:123: RONI for update at iteration 6 is -0.744388.
[peer] 22:38:38.697136 honest.go:81: 12Train Error is 1.00000 in Iteration 6
[peer] 22:38:38.697150 main.go:778: 12:Preparing for next Iteration. Current Iteration: 6
[peer] 22:38:38.697157 main.go:590: Moving on to next iteration 7
[peer] 22:38:38.698320 vrf.go:97: Verifier lottery winner is 8 at 88 
[peer] 22:38:38.698332 vrf.go:113: Miner lottery winner is 5 at 56 
[peer] 22:38:38.698339 vrf.go:129: Noise lottery winner is 4 at 41 
[peer] 22:38:38.698349 main.go:227: Verifiers are [%!s(int=8)]
[peer] 22:38:38.698357 main.go:228: Miners are [%!s(int=5)]
[peer] 22:38:38.698363 main.go:229: Noisers are [%!s(int=4)]
[peer] 22:38:38.698370 main.go:605: 12:I am not miner or verifier. Iteration:7
[peer] 22:38:38.698401 main.go:845: 12:Computing Update
[peer] 22:38:38.698855 main.go:852: Sending update to verifiers
[peer] 22:38:38.699568 main.go:895: 12:Making RPC Call to Verifier. Sending Update, Iteration:7
[peer] 22:38:38.701259 main.go:902: 12:Update verified. Iteration:7
[peer] 22:38:38.701338 main.go:857: Sending update to miners
[peer] 22:38:38.701832 main.go:958: 12:Making RPC Call to Miner. Sending Update, Iteration:7
[peer] 22:38:38.702726 main.go:965: 12:Update mined. Iteration:7
[peer] 22:38:38.794622 main.go:113: 12:Got RONI message, iteration 7
[peer] 22:38:38.794734 main.go:113: 12:Got RONI message, iteration 7
[peer] 22:38:38.795508 main.go:123: RONI for update at iteration 7 is -0.669371.
[peer] 22:38:38.796488 main.go:123: RONI for update at iteration 7 is -0.896755.
[peer] 22:38:39.583337 main.go:167: 12:Got block message, iteration 7
[peer] 22:38:39.583506 main.go:666: Trying to acquire lock...
[peer] 22:38:39.583554 main.go:669: Got lock, processing block
[peer] 22:38:39.583569 blockchain.go:73: Returning nil
[peer] 22:38:39.583618 main.go:718: 12:Adding block for 7, I am at 7
[peer] 22:38:39.583634 honest.go:227: Trying to append block with iteration:7
[peer] 22:38:39.583646 blockchain.go:73: Returning nil
[peer] 22:38:39.583668 honest.go:243: Append successful
[peer] 22:38:39.583683 main.go:728: 12:Sending block to channel
[peer] 22:38:39.583739 main.go:753: 12:Sending block of iteration: 7
[peer] 22:38:39.583763 main.go:1058: 12:Channel for block at iteration: 5
[peer] 22:38:39.585955 main.go:167: 12:Got block message, iteration 7
[peer] 22:38:39.586072 main.go:666: Trying to acquire lock...
[peer] 22:38:39.586136 main.go:669: Got lock, processing block
[peer] 22:38:39.586158 blockchain.go:68: Returning a block
[peer] 22:38:39.586177 main.go:679: Already have block
[peer] 22:38:39.586199 blockchain.go:68: Returning a block
[peer] 22:38:39.586220 main.go:707: 12:Equal block
[peer] 22:38:39.588508 main.go:167: 12:Got block message, iteration 7
[peer] 22:38:39.588765 main.go:801: 12:Block sent to peer successful. Peer: 198.162.52.57:8018 Iteration: 7
[peer] 22:38:39.589092 main.go:666: Trying to acquire lock...
[peer] 22:38:39.589161 main.go:669: Got lock, processing block
[peer] 22:38:39.589180 blockchain.go:68: Returning a block
[peer] 22:38:39.589198 main.go:679: Already have block
[peer] 22:38:39.589217 blockchain.go:68: Returning a block
[peer] 22:38:39.589236 main.go:707: 12:Equal block
[peer] 22:38:39.589460 main.go:167: 12:Got block message, iteration 7
[peer] 22:38:39.589738 main.go:666: Trying to acquire lock...
[peer] 22:38:39.589771 main.go:669: Got lock, processing block
[peer] 22:38:39.589793 blockchain.go:68: Returning a block
[peer] 22:38:39.589815 main.go:679: Already have block
[peer] 22:38:39.589838 blockchain.go:68: Returning a block
[peer] 22:38:39.589856 main.go:707: 12:Equal block
[peer] 22:38:39.589769 main.go:167: 12:Got block message, iteration 7
[peer] 22:38:39.589916 main.go:666: Trying to acquire lock...
[peer] 22:38:39.589942 main.go:669: Got lock, processing block
[peer] 22:38:39.589963 blockchain.go:68: Returning a block
[peer] 22:38:39.589979 main.go:679: Already have block
[peer] 22:38:39.590000 blockchain.go:68: Returning a block
[peer] 22:38:39.590023 main.go:707: 12:Equal block
[peer] 22:38:39.589947 main.go:167: 12:Got block message, iteration 7
[peer] 22:38:39.590093 main.go:666: Trying to acquire lock...
[peer] 22:38:39.590120 main.go:669: Got lock, processing block
[peer] 22:38:39.590101 main.go:801: 12:Block sent to peer successful. Peer: 198.162.52.57:8014 Iteration: 7
[peer] 22:38:39.590138 blockchain.go:68: Returning a block
[peer] 22:38:39.590222 main.go:679: Already have block
[peer] 22:38:39.590244 blockchain.go:68: Returning a block
[peer] 22:38:39.590857 main.go:707: 12:Equal block
[peer] 22:38:39.590881 main.go:167: 12:Got block message, iteration 7
[peer] 22:38:39.590147 main.go:801: 12:Block sent to peer successful. Peer: 198.162.52.57:8013 Iteration: 7
[peer] 22:38:39.590951 main.go:167: 12:Got block message, iteration 7
[peer] 22:38:39.590932 main.go:801: 12:Block sent to peer successful. Peer: 198.162.52.57:8010 Iteration: 7
[peer] 22:38:39.591033 main.go:666: Trying to acquire lock...
[peer] 22:38:39.591074 main.go:669: Got lock, processing block
[peer] 22:38:39.591148 blockchain.go:68: Returning a block
[peer] 22:38:39.591168 main.go:666: Trying to acquire lock...
[peer] 22:38:39.591216 main.go:669: Got lock, processing block
[peer] 22:38:39.591163 main.go:679: Already have block
[peer] 22:38:39.591249 main.go:801: 12:Block sent to peer successful. Peer: 198.162.52.57:8015 Iteration: 7
[peer] 22:38:39.591286 main.go:167: 12:Got block message, iteration 7
[peer] 22:38:39.591263 blockchain.go:68: Returning a block
[peer] 22:38:39.591414 main.go:707: 12:Equal block
[peer] 22:38:39.591228 blockchain.go:68: Returning a block
[peer] 22:38:39.591440 main.go:666: Trying to acquire lock...
[peer] 22:38:39.591469 main.go:669: Got lock, processing block
[peer] 22:38:39.591481 blockchain.go:68: Returning a block
[peer] 22:38:39.591493 main.go:679: Already have block
[peer] 22:38:39.591505 blockchain.go:68: Returning a block
[peer] 22:38:39.591526 main.go:707: 12:Equal block
[peer] 22:38:39.591446 main.go:679: Already have block
[peer] 22:38:39.591547 blockchain.go:68: Returning a block
[peer] 22:38:39.591559 main.go:707: 12:Equal block
[peer] 22:38:39.592170 main.go:167: 12:Got block message, iteration 7
[peer] 22:38:39.592333 main.go:666: Trying to acquire lock...
[peer] 22:38:39.592387 main.go:669: Got lock, processing block
[peer] 22:38:39.592400 blockchain.go:68: Returning a block
[peer] 22:38:39.592411 main.go:679: Already have block
[peer] 22:38:39.592422 blockchain.go:68: Returning a block
[peer] 22:38:39.592436 main.go:707: 12:Equal block
[peer] 22:38:39.597413 main.go:801: 12:Block sent to peer successful. Peer: 198.162.52.57:8017 Iteration: 7
[peer] 22:38:39.601710 main.go:801: 12:Block sent to peer successful. Peer: 198.162.52.57:8016 Iteration: 7
[peer] 22:38:39.601915 main.go:167: 12:Got block message, iteration 7
[peer] 22:38:39.602029 main.go:666: Trying to acquire lock...
[peer] 22:38:39.602053 main.go:669: Got lock, processing block
[peer] 22:38:39.602062 blockchain.go:68: Returning a block
[peer] 22:38:39.602070 main.go:679: Already have block
[peer] 22:38:39.602079 blockchain.go:68: Returning a block
[peer] 22:38:39.602088 main.go:707: 12:Equal block
[peer] 22:38:39.603249 main.go:167: 12:Got block message, iteration 7
[peer] 22:38:39.603417 main.go:666: Trying to acquire lock...
[peer] 22:38:39.603470 main.go:669: Got lock, processing block
[peer] 22:38:39.603493 blockchain.go:68: Returning a block
[peer] 22:38:39.603503 main.go:679: Already have block
[peer] 22:38:39.603513 blockchain.go:68: Returning a block
[peer] 22:38:39.603524 main.go:707: 12:Equal block
[peer] 22:38:39.603665 main.go:801: 12:Block sent to peer successful. Peer: 198.162.52.57:8019 Iteration: 7
[peer] 22:38:39.608362 main.go:801: 12:Block sent to peer successful. Peer: 198.162.52.57:8011 Iteration: 7
[peer] 22:38:39.615302 main.go:167: 12:Got block message, iteration 7
[peer] 22:38:39.615450 main.go:167: 12:Got block message, iteration 7
[peer] 22:38:39.615455 main.go:666: Trying to acquire lock...
[peer] 22:38:39.615595 main.go:669: Got lock, processing block
[peer] 22:38:39.615607 blockchain.go:68: Returning a block
[peer] 22:38:39.615622 main.go:679: Already have block
[peer] 22:38:39.615624 main.go:666: Trying to acquire lock...
[peer] 22:38:39.615634 blockchain.go:68: Returning a block
[peer] 22:38:39.615681 main.go:669: Got lock, processing block
[peer] 22:38:39.615697 blockchain.go:68: Returning a block
[peer] 22:38:39.615709 main.go:679: Already have block
[peer] 22:38:39.615718 blockchain.go:68: Returning a block
[peer] 22:38:39.615727 main.go:707: 12:Equal block
[peer] 22:38:39.615684 main.go:707: 12:Equal block
[peer] 22:38:39.622450 main.go:167: 12:Got block message, iteration 7
[peer] 22:38:39.622566 main.go:666: Trying to acquire lock...
[peer] 22:38:39.622611 main.go:669: Got lock, processing block
[peer] 22:38:39.622623 blockchain.go:68: Returning a block
[peer] 22:38:39.622635 main.go:679: Already have block
[peer] 22:38:39.622650 blockchain.go:68: Returning a block
[peer] 22:38:39.622661 main.go:707: 12:Equal block
[peer] 22:38:39.625702 main.go:167: 12:Got block message, iteration 7
[peer] 22:38:39.625901 main.go:666: Trying to acquire lock...
[peer] 22:38:39.625934 main.go:669: Got lock, processing block
[peer] 22:38:39.625943 blockchain.go:68: Returning a block
[peer] 22:38:39.625951 main.go:679: Already have block
[peer] 22:38:39.625960 blockchain.go:68: Returning a block
[peer] 22:38:39.625968 main.go:707: 12:Equal block
[peer] 22:38:39.629067 main.go:167: 12:Got block message, iteration 7
[peer] 22:38:39.629252 main.go:666: Trying to acquire lock...
[peer] 22:38:39.629295 main.go:669: Got lock, processing block
[peer] 22:38:39.629303 blockchain.go:68: Returning a block
[peer] 22:38:39.629315 main.go:679: Already have block
[peer] 22:38:39.629323 blockchain.go:68: Returning a block
[peer] 22:38:39.629332 main.go:707: 12:Equal block
[peer] 22:38:39.630246 main.go:167: 12:Got block message, iteration 7
[peer] 22:38:39.630420 main.go:666: Trying to acquire lock...
[peer] 22:38:39.630460 main.go:669: Got lock, processing block
[peer] 22:38:39.630469 blockchain.go:68: Returning a block
[peer] 22:38:39.630476 main.go:679: Already have block
[peer] 22:38:39.630485 blockchain.go:68: Returning a block
[peer] 22:38:39.630494 main.go:707: 12:Equal block
[peer] 22:38:39.645362 main.go:167: 12:Got block message, iteration 7
[peer] 22:38:39.645502 main.go:666: Trying to acquire lock...
[peer] 22:38:39.645539 main.go:669: Got lock, processing block
[peer] 22:38:39.645547 blockchain.go:68: Returning a block
[peer] 22:38:39.645554 main.go:679: Already have block
[peer] 22:38:39.645562 blockchain.go:68: Returning a block
[peer] 22:38:39.645581 main.go:707: 12:Equal block
[peer] 22:38:39.645517 main.go:801: 12:Block sent to peer successful. Peer: 198.162.52.126:8001 Iteration: 7
[peer] 22:38:39.646054 main.go:801: 12:Block sent to peer successful. Peer: 198.162.52.126:8002 Iteration: 7
[peer] 22:38:39.646228 main.go:801: 12:Block sent to peer successful. Peer: 198.162.52.126:8008 Iteration: 7
[peer] 22:38:39.646564 main.go:801: 12:Block sent to peer successful. Peer: 198.162.52.126:8005 Iteration: 7
[peer] 22:38:39.647658 main.go:801: 12:Block sent to peer successful. Peer: 198.162.52.126:8004 Iteration: 7
[peer] 22:38:39.652637 main.go:801: 12:Block sent to peer successful. Peer: 198.162.52.126:8006 Iteration: 7
[peer] 22:38:39.654011 main.go:801: 12:Block sent to peer successful. Peer: 198.162.52.126:8000 Iteration: 7
[peer] 22:38:39.656050 main.go:801: 12:Block sent to peer successful. Peer: 198.162.52.126:8003 Iteration: 7
[peer] 22:38:39.656677 main.go:801: 12:Block sent to peer successful. Peer: 198.162.52.126:8007 Iteration: 7
[peer] 22:38:39.659981 main.go:801: 12:Block sent to peer successful. Peer: 198.162.52.126:8009 Iteration: 7
[peer] 22:38:39.660073 main.go:772: 12:RPC calls successfully returned. Iteration: 7
[peer] 22:38:39.961203 honest.go:81: 12Train Error is 0.04029 in Iteration 7
[peer] 22:38:39.961221 main.go:778: 12:Preparing for next Iteration. Current Iteration: 7
