[peer] 22:38:32.963658 honest.go:108: 18Importing modules...
[peer] 22:38:37.122491 honest.go:124: 18Sucessfully pulled dataset. Features: 25
[peer] 22:38:37.123194 main.go:468: 18:Announcing myself to network
[peer] 22:38:37.123388 main.go:473: 18:Calling {198.162.52.126 %!s(int=8000) }
[peer] 22:38:37.123404 main.go:492: 18:Inside callRegisterRPC
[peer] 22:38:37.123416 main.go:497: 18Making RPC call
[peer] 22:38:37.123807 main.go:624: 18:Peer started. Receiving on 8018
[peer] 22:38:37.124431 main.go:517: 18RPC dial successful
[peer] 22:38:37.124451 main.go:520: 18:Calling RPC:198.162.52.126:8000
[peer] 22:38:37.124519 main.go:522: 18:RPC called198.162.52.126:8000
[peer] 22:38:37.126655 main.go:529: 18:Announced myself to a fellow peer at port. Got latest chain
[peer] 22:38:37.126690 main.go:536: Chain length received:5
[peer] 22:38:37.126698 main.go:537: My chain length:1
[peer] 22:38:37.126705 honest.go:349: Received chain length:5
[peer] 22:38:37.126712 honest.go:350: Appended chain length:5
[peer] 22:38:37.126718 main.go:550: 18Got lastest chain until iteration 3
[peer] 22:38:37.126787 main.go:473: 18:Calling {198.162.52.126 %!s(int=8001) }
[peer] 22:38:37.126798 main.go:492: 18:Inside callRegisterRPC
[peer] 22:38:37.126820 main.go:497: 18Making RPC call
[peer] 22:38:37.127293 main.go:517: 18RPC dial successful
[peer] 22:38:37.127315 main.go:520: 18:Calling RPC:198.162.52.126:8001
[peer] 22:38:37.127323 main.go:522: 18:RPC called198.162.52.126:8001
[peer] 22:38:37.128717 main.go:529: 18:Announced myself to a fellow peer at port. Got latest chain
[peer] 22:38:37.128738 main.go:536: Chain length received:5
[peer] 22:38:37.128746 main.go:537: My chain length:5
[peer] 22:38:37.128830 main.go:473: 18:Calling {198.162.52.126 %!s(int=8002) }
[peer] 22:38:37.128841 main.go:492: 18:Inside callRegisterRPC
[peer] 22:38:37.128847 main.go:497: 18Making RPC call
[peer] 22:38:37.129366 main.go:517: 18RPC dial successful
[peer] 22:38:37.129396 main.go:520: 18:Calling RPC:198.162.52.126:8002
[peer] 22:38:37.129405 main.go:522: 18:RPC called198.162.52.126:8002
[peer] 22:38:37.130964 main.go:529: 18:Announced myself to a fellow peer at port. Got latest chain
[peer] 22:38:37.130993 main.go:536: Chain length received:6
[peer] 22:38:37.131001 main.go:537: My chain length:5
[peer] 22:38:37.131007 honest.go:349: Received chain length:6
[peer] 22:38:37.131013 honest.go:350: Appended chain length:6
[peer] 22:38:37.131019 main.go:550: 18Got lastest chain until iteration 4
[peer] 22:38:37.131082 main.go:473: 18:Calling {198.162.52.126 %!s(int=8003) }
[peer] 22:38:37.131121 main.go:492: 18:Inside callRegisterRPC
[peer] 22:38:37.131149 main.go:497: 18Making RPC call
[peer] 22:38:37.131655 main.go:517: 18RPC dial successful
[peer] 22:38:37.131686 main.go:520: 18:Calling RPC:198.162.52.126:8003
[peer] 22:38:37.131694 main.go:522: 18:RPC called198.162.52.126:8003
[peer] 22:38:37.132971 main.go:529: 18:Announced myself to a fellow peer at port. Got latest chain
[peer] 22:38:37.132990 main.go:536: Chain length received:6
[peer] 22:38:37.132997 main.go:537: My chain length:6
[peer] 22:38:37.133049 main.go:473: 18:Calling {198.162.52.126 %!s(int=8004) }
[peer] 22:38:37.133059 main.go:492: 18:Inside callRegisterRPC
[peer] 22:38:37.133065 main.go:497: 18Making RPC call
[peer] 22:38:37.133560 main.go:517: 18RPC dial successful
[peer] 22:38:37.133578 main.go:520: 18:Calling RPC:198.162.52.126:8004
[peer] 22:38:37.133586 main.go:522: 18:RPC called198.162.52.126:8004
[peer] 22:38:37.134947 main.go:529: 18:Announced myself to a fellow peer at port. Got latest chain
[peer] 22:38:37.134966 main.go:536: Chain length received:5
[peer] 22:38:37.134974 main.go:537: My chain length:6
[peer] 22:38:37.135024 main.go:473: 18:Calling {198.162.52.126 %!s(int=8005) }
[peer] 22:38:37.135035 main.go:492: 18:Inside callRegisterRPC
[peer] 22:38:37.135041 main.go:497: 18Making RPC call
[peer] 22:38:37.135561 main.go:517: 18RPC dial successful
[peer] 22:38:37.135581 main.go:520: 18:Calling RPC:198.162.52.126:8005
[peer] 22:38:37.135589 main.go:522: 18:RPC called198.162.52.126:8005
[peer] 22:38:37.136962 main.go:529: 18:Announced myself to a fellow peer at port. Got latest chain
[peer] 22:38:37.136983 main.go:536: Chain length received:6
[peer] 22:38:37.136990 main.go:537: My chain length:6
[peer] 22:38:37.137058 main.go:473: 18:Calling {198.162.52.126 %!s(int=8006) }
[peer] 22:38:37.137069 main.go:492: 18:Inside callRegisterRPC
[peer] 22:38:37.137075 main.go:497: 18Making RPC call
[peer] 22:38:37.137596 main.go:517: 18RPC dial successful
[peer] 22:38:37.137615 main.go:520: 18:Calling RPC:198.162.52.126:8006
[peer] 22:38:37.137623 main.go:522: 18:RPC called198.162.52.126:8006
[peer] 22:38:37.139005 main.go:529: 18:Announced myself to a fellow peer at port. Got latest chain
[peer] 22:38:37.139025 main.go:536: Chain length received:6
[peer] 22:38:37.139033 main.go:537: My chain length:6
[peer] 22:38:37.139106 main.go:473: 18:Calling {198.162.52.126 %!s(int=8007) }
[peer] 22:38:37.139117 main.go:492: 18:Inside callRegisterRPC
[peer] 22:38:37.139123 main.go:497: 18Making RPC call
[peer] 22:38:37.139648 main.go:517: 18RPC dial successful
[peer] 22:38:37.139667 main.go:520: 18:Calling RPC:198.162.52.126:8007
[peer] 22:38:37.139675 main.go:522: 18:RPC called198.162.52.126:8007
[peer] 22:38:37.141002 main.go:529: 18:Announced myself to a fellow peer at port. Got latest chain
[peer] 22:38:37.141022 main.go:536: Chain length received:5
[peer] 22:38:37.141029 main.go:537: My chain length:6
[peer] 22:38:37.141096 main.go:473: 18:Calling {198.162.52.126 %!s(int=8008) }
[peer] 22:38:37.141107 main.go:492: 18:Inside callRegisterRPC
[peer] 22:38:37.141112 main.go:497: 18Making RPC call
[peer] 22:38:37.141618 main.go:517: 18RPC dial successful
[peer] 22:38:37.141637 main.go:520: 18:Calling RPC:198.162.52.126:8008
[peer] 22:38:37.141645 main.go:522: 18:RPC called198.162.52.126:8008
[peer] 22:38:37.143059 main.go:529: 18:Announced myself to a fellow peer at port. Got latest chain
[peer] 22:38:37.143133 main.go:536: Chain length received:5
[peer] 22:38:37.143145 main.go:537: My chain length:6
[peer] 22:38:37.143199 main.go:473: 18:Calling {198.162.52.126 %!s(int=8009) }
[peer] 22:38:37.143210 main.go:492: 18:Inside callRegisterRPC
[peer] 22:38:37.143215 main.go:497: 18Making RPC call
[peer] 22:38:37.143766 main.go:517: 18RPC dial successful
[peer] 22:38:37.143785 main.go:520: 18:Calling RPC:198.162.52.126:8009
[peer] 22:38:37.143793 main.go:522: 18:RPC called198.162.52.126:8009
[peer] 22:38:37.145062 main.go:529: 18:Announced myself to a fellow peer at port. Got latest chain
[peer] 22:38:37.145082 main.go:536: Chain length received:5
[peer] 22:38:37.145089 main.go:537: My chain length:6
[peer] 22:38:37.145154 main.go:473: 18:Calling {198.162.52.57 %!s(int=8010) }
[peer] 22:38:37.145165 main.go:492: 18:Inside callRegisterRPC
[peer] 22:38:37.145170 main.go:497: 18Making RPC call
[err] 22:38:37.145329 main.go:285: Peer offline.Couldn't connect to peer: 198.162.52.57:8010, err = dial tcp 198.162.52.57:8010: connect: connection refused
[peer] 22:38:37.145364 main.go:473: 18:Calling {198.162.52.57 %!s(int=8011) }
[peer] 22:38:37.145372 main.go:492: 18:Inside callRegisterRPC
[peer] 22:38:37.145378 main.go:497: 18Making RPC call
[err] 22:38:37.145468 main.go:285: Peer offline.Couldn't connect to peer: 198.162.52.57:8011, err = dial tcp 198.162.52.57:8011: connect: connection refused
[peer] 22:38:37.145485 main.go:473: 18:Calling {198.162.52.57 %!s(int=8012) }
[peer] 22:38:37.145492 main.go:492: 18:Inside callRegisterRPC
[peer] 22:38:37.145497 main.go:497: 18Making RPC call
[err] 22:38:37.145558 main.go:285: Peer offline.Couldn't connect to peer: 198.162.52.57:8012, err = dial tcp 198.162.52.57:8012: connect: connection refused
[peer] 22:38:37.145574 main.go:473: 18:Calling {198.162.52.57 %!s(int=8013) }
[peer] 22:38:37.145580 main.go:492: 18:Inside callRegisterRPC
[peer] 22:38:37.145586 main.go:497: 18Making RPC call
[err] 22:38:37.145657 main.go:285: Peer offline.Couldn't connect to peer: 198.162.52.57:8013, err = dial tcp 198.162.52.57:8013: connect: connection refused
[peer] 22:38:37.145673 main.go:473: 18:Calling {198.162.52.57 %!s(int=8014) }
[peer] 22:38:37.145691 main.go:492: 18:Inside callRegisterRPC
[peer] 22:38:37.145697 main.go:497: 18Making RPC call
[err] 22:38:37.145753 main.go:285: Peer offline.Couldn't connect to peer: 198.162.52.57:8014, err = dial tcp 198.162.52.57:8014: connect: connection refused
[peer] 22:38:37.145768 main.go:473: 18:Calling {198.162.52.57 %!s(int=8015) }
[peer] 22:38:37.145775 main.go:492: 18:Inside callRegisterRPC
[peer] 22:38:37.145780 main.go:497: 18Making RPC call
[err] 22:38:37.145840 main.go:285: Peer offline.Couldn't connect to peer: 198.162.52.57:8015, err = dial tcp 198.162.52.57:8015: connect: connection refused
[peer] 22:38:37.145856 main.go:473: 18:Calling {198.162.52.57 %!s(int=8016) }
[peer] 22:38:37.145862 main.go:492: 18:Inside callRegisterRPC
[peer] 22:38:37.145867 main.go:497: 18Making RPC call
[err] 22:38:37.145922 main.go:285: Peer offline.Couldn't connect to peer: 198.162.52.57:8016, err = dial tcp 198.162.52.57:8016: connect: connection refused
[peer] 22:38:37.145938 main.go:473: 18:Calling {198.162.52.57 %!s(int=8017) }
[peer] 22:38:37.145944 main.go:492: 18:Inside callRegisterRPC
[peer] 22:38:37.145949 main.go:497: 18Making RPC call
[err] 22:38:37.146010 main.go:285: Peer offline.Couldn't connect to peer: 198.162.52.57:8017, err = dial tcp 198.162.52.57:8017: connect: connection refused
[peer] 22:38:37.146025 main.go:473: 18:Calling {198.162.52.57 %!s(int=8019) }
[peer] 22:38:37.146032 main.go:492: 18:Inside callRegisterRPC
[peer] 22:38:37.146037 main.go:497: 18Making RPC call
[err] 22:38:37.146093 main.go:285: Peer offline.Couldn't connect to peer: 198.162.52.57:8019, err = dial tcp 198.162.52.57:8019: connect: connection refused
[peer] 22:38:37.146109 main.go:483: 18:Bootstrapped Network. Calling signal
[peer] 22:38:37.146121 main.go:485: 18:Bootstrapped Network. Signal called
[peer] 22:38:37.146129 main.go:590: Moving on to next iteration 5
[peer] 22:38:37.147460 vrf.go:97: Verifier lottery winner is 13 at 134 
[peer] 22:38:37.147476 vrf.go:113: Miner lottery winner is 3 at 34 
[peer] 22:38:37.147483 vrf.go:129: Noise lottery winner is 3 at 38 
[peer] 22:38:37.147493 main.go:227: Verifiers are [%!s(int=13)]
[peer] 22:38:37.147501 main.go:228: Miners are [%!s(int=3)]
[peer] 22:38:37.147508 main.go:229: Noisers are [%!s(int=3)]
[peer] 22:38:37.147515 main.go:605: 18:I am not miner or verifier. Iteration:5
[peer] 22:38:37.147523 main.go:845: 18:Computing Update
[peer] 22:38:37.148395 main.go:852: Sending update to verifiers
[err] 22:38:37.148521 main.go:285: Unable to connect to verifier, err = dial tcp 198.162.52.57:8013: connect: connection refused
[peer] 22:38:37.148533 main.go:914: GOT VERIFIER ERROR
[peer] 22:38:37.269994 main.go:167: 18:Got block message, iteration 4
[peer] 22:38:37.270132 main.go:666: Trying to acquire lock...
[peer] 22:38:37.288543 main.go:189: 18:Registering peer:198.162.52.57:8014
[peer] 22:38:37.288565 main.go:200: Advertising chain to peer with length 6
[peer] 22:38:37.435288 main.go:189: 18:Registering peer:198.162.52.57:8010
[peer] 22:38:37.435316 main.go:200: Advertising chain to peer with length 6
[peer] 22:38:37.495701 main.go:189: 18:Registering peer:198.162.52.57:8017
[peer] 22:38:37.495747 main.go:200: Advertising chain to peer with length 6
[peer] 22:38:37.498941 main.go:189: 18:Registering peer:198.162.52.57:8012
[peer] 22:38:37.498986 main.go:200: Advertising chain to peer with length 6
[peer] 22:38:37.501490 main.go:189: 18:Registering peer:198.162.52.57:8013
[peer] 22:38:37.501519 main.go:200: Advertising chain to peer with length 6
[peer] 22:38:37.501893 main.go:167: 18:Got block message, iteration 4
[peer] 22:38:37.501981 main.go:666: Trying to acquire lock...
[peer] 22:38:37.522228 main.go:189: 18:Registering peer:198.162.52.57:8019
[peer] 22:38:37.522243 main.go:200: Advertising chain to peer with length 6
[peer] 22:38:37.527431 main.go:189: 18:Registering peer:198.162.52.57:8015
[peer] 22:38:37.527445 main.go:200: Advertising chain to peer with length 6
[peer] 22:38:37.555342 main.go:189: 18:Registering peer:198.162.52.57:8011
[peer] 22:38:37.555360 main.go:200: Advertising chain to peer with length 6
[peer] 22:38:37.606127 main.go:167: 18:Got block message, iteration 4
[peer] 22:38:37.606199 main.go:666: Trying to acquire lock...
[peer] 22:38:37.652860 main.go:189: 18:Registering peer:198.162.52.57:8016
[peer] 22:38:37.652876 main.go:200: Advertising chain to peer with length 6
[peer] 22:38:37.665741 main.go:167: 18:Got block message, iteration 4
[peer] 22:38:37.665810 main.go:666: Trying to acquire lock...
[peer] 22:38:37.676877 main.go:167: 18:Got block message, iteration 4
[peer] 22:38:37.676948 main.go:666: Trying to acquire lock...
[peer] 22:38:37.840561 main.go:167: 18:Got block message, iteration 4
[peer] 22:38:37.840641 main.go:666: Trying to acquire lock...
[peer] 22:38:37.949058 main.go:167: 18:Got block message, iteration 5
[peer] 22:38:37.949155 main.go:666: Trying to acquire lock...
[peer] 22:38:37.949370 main.go:167: 18:Got block message, iteration 5
[peer] 22:38:37.949452 main.go:666: Trying to acquire lock...
[peer] 22:38:37.949511 main.go:167: 18:Got block message, iteration 5
[peer] 22:38:37.949606 main.go:666: Trying to acquire lock...
[peer] 22:38:37.949626 main.go:167: 18:Got block message, iteration 5
[peer] 22:38:37.949737 main.go:666: Trying to acquire lock...
[peer] 22:38:37.950252 main.go:167: 18:Got block message, iteration 5
[peer] 22:38:37.950338 main.go:666: Trying to acquire lock...
[peer] 22:38:37.950542 main.go:167: 18:Got block message, iteration 5
[peer] 22:38:37.950561 main.go:167: 18:Got block message, iteration 5
[peer] 22:38:37.950608 main.go:666: Trying to acquire lock...
[peer] 22:38:37.950634 main.go:666: Trying to acquire lock...
[peer] 22:38:37.950738 main.go:167: 18:Got block message, iteration 5
[peer] 22:38:37.950801 main.go:666: Trying to acquire lock...
[peer] 22:38:37.950834 main.go:167: 18:Got block message, iteration 5
[peer] 22:38:37.950925 main.go:666: Trying to acquire lock...
[peer] 22:38:37.951038 main.go:167: 18:Got block message, iteration 5
[peer] 22:38:37.951081 main.go:167: 18:Got block message, iteration 5
[peer] 22:38:37.951115 main.go:666: Trying to acquire lock...
[peer] 22:38:37.951158 main.go:666: Trying to acquire lock...
[peer] 22:38:37.951868 main.go:167: 18:Got block message, iteration 5
[peer] 22:38:37.951945 main.go:666: Trying to acquire lock...
[peer] 22:38:37.955153 main.go:167: 18:Got block message, iteration 5
[peer] 22:38:37.955239 main.go:666: Trying to acquire lock...
[peer] 22:38:37.956718 main.go:167: 18:Got block message, iteration 5
[peer] 22:38:37.956825 main.go:666: Trying to acquire lock...
[peer] 22:38:37.957977 main.go:167: 18:Got block message, iteration 5
[peer] 22:38:37.958050 main.go:666: Trying to acquire lock...
[peer] 22:38:37.983542 main.go:167: 18:Got block message, iteration 5
[peer] 22:38:37.983618 main.go:666: Trying to acquire lock...
[peer] 22:38:38.062773 main.go:167: 18:Got block message, iteration 6
[peer] 22:38:38.062861 main.go:666: Trying to acquire lock...
[peer] 22:38:38.064899 main.go:167: 18:Got block message, iteration 6
[peer] 22:38:38.065017 main.go:666: Trying to acquire lock...
[peer] 22:38:38.065258 main.go:167: 18:Got block message, iteration 6
[peer] 22:38:38.065351 main.go:666: Trying to acquire lock...
[peer] 22:38:38.066712 main.go:167: 18:Got block message, iteration 6
[peer] 22:38:38.066784 main.go:666: Trying to acquire lock...
[peer] 22:38:38.084825 main.go:167: 18:Got block message, iteration 6
[peer] 22:38:38.084916 main.go:666: Trying to acquire lock...
[peer] 22:38:38.085131 main.go:167: 18:Got block message, iteration 6
[peer] 22:38:38.085206 main.go:666: Trying to acquire lock...
[peer] 22:38:38.085433 main.go:167: 18:Got block message, iteration 6
[peer] 22:38:38.085514 main.go:666: Trying to acquire lock...
[peer] 22:38:38.085731 main.go:167: 18:Got block message, iteration 6
[peer] 22:38:38.085800 main.go:666: Trying to acquire lock...
[peer] 22:38:38.090306 main.go:167: 18:Got block message, iteration 6
[peer] 22:38:38.090388 main.go:666: Trying to acquire lock...
[peer] 22:38:38.090639 main.go:167: 18:Got block message, iteration 6
[peer] 22:38:38.090726 main.go:666: Trying to acquire lock...
[peer] 22:38:38.091463 main.go:167: 18:Got block message, iteration 6
[peer] 22:38:38.091597 main.go:666: Trying to acquire lock...
[peer] 22:38:38.106333 main.go:167: 18:Got block message, iteration 6
[peer] 22:38:38.106427 main.go:666: Trying to acquire lock...
[peer] 22:38:38.148647 main.go:924: 18:Will try and create an empty block
[peer] 22:38:38.148672 blockchain.go:73: Returning nil
[peer] 22:38:38.148801 main.go:930: 18:Sending an empty block
[peer] 22:38:38.148821 main.go:845: 18:Computing Update
[peer] 22:38:38.149019 main.go:753: 18:Sending block of iteration: 5
[peer] 22:38:38.149378 main.go:852: Sending update to verifiers
[peer] 22:38:38.154405 main.go:801: 18:Block sent to peer successful. Peer: 198.162.52.126:8001 Iteration: 5
[peer] 22:38:38.155293 main.go:801: 18:Block sent to peer successful. Peer: 198.162.52.57:8015 Iteration: 5
[peer] 22:38:38.155676 main.go:895: 18:Making RPC Call to Verifier. Sending Update, Iteration:5
[peer] 22:38:38.156027 main.go:801: 18:Block sent to peer successful. Peer: 198.162.52.126:8006 Iteration: 5
[peer] 22:38:38.156197 main.go:801: 18:Block sent to peer successful. Peer: 198.162.52.126:8000 Iteration: 5
[peer] 22:38:38.156701 main.go:801: 18:Block sent to peer successful. Peer: 198.162.52.126:8004 Iteration: 5
[peer] 22:38:38.156775 main.go:801: 18:Block sent to peer successful. Peer: 198.162.52.126:8009 Iteration: 5
[peer] 22:38:38.157166 main.go:801: 18:Block sent to peer successful. Peer: 198.162.52.126:8005 Iteration: 5
[peer] 22:38:38.157169 main.go:801: 18:Block sent to peer successful. Peer: 198.162.52.57:8019 Iteration: 5
[peer] 22:38:38.157390 main.go:801: 18:Block sent to peer successful. Peer: 198.162.52.57:8017 Iteration: 5
[peer] 22:38:38.157531 main.go:902: 18:Update verified. Iteration:5
[peer] 22:38:38.157591 main.go:857: Sending update to miners
[peer] 22:38:38.157703 main.go:801: 18:Block sent to peer successful. Peer: 198.162.52.57:8013 Iteration: 5
[peer] 22:38:38.157816 main.go:801: 18:Block sent to peer successful. Peer: 198.162.52.57:8011 Iteration: 5
[peer] 22:38:38.157840 main.go:801: 18:Block sent to peer successful. Peer: 198.162.52.57:8010 Iteration: 5
[peer] 22:38:38.157868 main.go:801: 18:Block sent to peer successful. Peer: 198.162.52.126:8003 Iteration: 5
[peer] 22:38:38.157892 main.go:958: 18:Making RPC Call to Miner. Sending Update, Iteration:5
[peer] 22:38:38.157926 main.go:801: 18:Block sent to peer successful. Peer: 198.162.52.57:8014 Iteration: 5
[peer] 22:38:38.158107 main.go:801: 18:Block sent to peer successful. Peer: 198.162.52.126:8002 Iteration: 5
[peer] 22:38:38.158283 main.go:801: 18:Block sent to peer successful. Peer: 198.162.52.126:8008 Iteration: 5
[err] 22:38:38.158669 main.go:285: Error in sending update, err = Stale Update/Block
[peer] 22:38:38.158681 main.go:991: 18:Will try and create an empty block
[peer] 22:38:38.158688 blockchain.go:68: Returning a block
[err] 22:38:38.158696 main.go:285: Iteration: 5, err = Forbidden overwrite of block foiled
[peer] 22:38:38.158747 main.go:669: Got lock, processing block
[peer] 22:38:38.158761 blockchain.go:68: Returning a block
[peer] 22:38:38.158768 main.go:679: Already have block
[peer] 22:38:38.158775 blockchain.go:68: Returning a block
[peer] 22:38:38.158781 main.go:707: 18:Equal block
[peer] 22:38:38.158790 main.go:669: Got lock, processing block
[peer] 22:38:38.158796 blockchain.go:68: Returning a block
[peer] 22:38:38.158807 main.go:679: Already have block
[peer] 22:38:38.158813 blockchain.go:68: Returning a block
[peer] 22:38:38.158818 main.go:707: 18:Equal block
[peer] 22:38:38.158825 main.go:669: Got lock, processing block
[peer] 22:38:38.158831 blockchain.go:68: Returning a block
[peer] 22:38:38.158837 main.go:679: Already have block
[peer] 22:38:38.158842 blockchain.go:68: Returning a block
[peer] 22:38:38.158847 main.go:707: 18:Equal block
[peer] 22:38:38.158854 main.go:669: Got lock, processing block
[peer] 22:38:38.158860 blockchain.go:68: Returning a block
[peer] 22:38:38.158865 main.go:679: Already have block
[peer] 22:38:38.158889 blockchain.go:68: Returning a block
[peer] 22:38:38.158894 main.go:707: 18:Equal block
[peer] 22:38:38.158901 main.go:669: Got lock, processing block
[peer] 22:38:38.158906 blockchain.go:68: Returning a block
[peer] 22:38:38.158912 main.go:679: Already have block
[peer] 22:38:38.158917 blockchain.go:68: Returning a block
[peer] 22:38:38.158922 main.go:707: 18:Equal block
[peer] 22:38:38.158930 main.go:669: Got lock, processing block
[peer] 22:38:38.158936 blockchain.go:68: Returning a block
[peer] 22:38:38.158941 main.go:679: Already have block
[peer] 22:38:38.158946 blockchain.go:68: Returning a block
[peer] 22:38:38.158951 main.go:707: 18:Equal block
[peer] 22:38:38.158958 main.go:669: Got lock, processing block
[peer] 22:38:38.158963 blockchain.go:68: Returning a block
[peer] 22:38:38.158968 main.go:679: Already have block
[peer] 22:38:38.158974 blockchain.go:68: Returning a block
[peer] 22:38:38.158979 main.go:707: 18:Equal block
[peer] 22:38:38.158985 main.go:669: Got lock, processing block
[peer] 22:38:38.158991 blockchain.go:68: Returning a block
[peer] 22:38:38.158996 main.go:679: Already have block
[peer] 22:38:38.159001 blockchain.go:68: Returning a block
[peer] 22:38:38.159006 main.go:707: 18:Equal block
[peer] 22:38:38.159012 main.go:669: Got lock, processing block
[peer] 22:38:38.159018 blockchain.go:68: Returning a block
[peer] 22:38:38.159025 main.go:679: Already have block
[peer] 22:38:38.159030 blockchain.go:68: Returning a block
[peer] 22:38:38.159035 main.go:707: 18:Equal block
[peer] 22:38:38.159042 main.go:669: Got lock, processing block
[peer] 22:38:38.159047 blockchain.go:68: Returning a block
[peer] 22:38:38.159053 main.go:679: Already have block
[peer] 22:38:38.159058 blockchain.go:68: Returning a block
[peer] 22:38:38.159063 main.go:707: 18:Equal block
[peer] 22:38:38.159069 main.go:669: Got lock, processing block
[peer] 22:38:38.159074 blockchain.go:68: Returning a block
[peer] 22:38:38.159081 main.go:679: Already have block
[peer] 22:38:38.159087 blockchain.go:68: Returning a block
[peer] 22:38:38.159110 main.go:707: 18:Equal block
[peer] 22:38:38.159118 main.go:669: Got lock, processing block
[peer] 22:38:38.159124 blockchain.go:68: Returning a block
[peer] 22:38:38.159129 main.go:679: Already have block
[peer] 22:38:38.159135 blockchain.go:68: Returning a block
[peer] 22:38:38.159140 main.go:707: 18:Equal block
[peer] 22:38:38.159146 main.go:669: Got lock, processing block
[peer] 22:38:38.159151 blockchain.go:68: Returning a block
[peer] 22:38:38.159156 main.go:679: Already have block
[peer] 22:38:38.159161 blockchain.go:68: Returning a block
[peer] 22:38:38.159167 main.go:707: 18:Equal block
[peer] 22:38:38.159173 main.go:669: Got lock, processing block
[peer] 22:38:38.159178 blockchain.go:68: Returning a block
[peer] 22:38:38.159184 main.go:679: Already have block
[peer] 22:38:38.159189 blockchain.go:68: Returning a block
[peer] 22:38:38.159194 main.go:707: 18:Equal block
[peer] 22:38:38.159200 main.go:669: Got lock, processing block
[peer] 22:38:38.159206 blockchain.go:68: Returning a block
[peer] 22:38:38.159211 main.go:679: Already have block
[peer] 22:38:38.159217 blockchain.go:68: Returning a block
[peer] 22:38:38.159226 main.go:707: 18:Equal block
[peer] 22:38:38.159233 main.go:669: Got lock, processing block
[peer] 22:38:38.159238 blockchain.go:68: Returning a block
[peer] 22:38:38.159244 main.go:679: Already have block
[peer] 22:38:38.159249 blockchain.go:68: Returning a block
[peer] 22:38:38.159254 main.go:707: 18:Equal block
[peer] 22:38:38.159260 main.go:669: Got lock, processing block
[peer] 22:38:38.159266 blockchain.go:68: Returning a block
[peer] 22:38:38.159271 main.go:679: Already have block
[peer] 22:38:38.159276 blockchain.go:68: Returning a block
[peer] 22:38:38.159281 main.go:707: 18:Equal block
[peer] 22:38:38.159288 main.go:669: Got lock, processing block
[peer] 22:38:38.159293 blockchain.go:68: Returning a block
[peer] 22:38:38.159298 main.go:679: Already have block
[peer] 22:38:38.159304 blockchain.go:68: Returning a block
[peer] 22:38:38.159314 main.go:707: 18:Equal block
[peer] 22:38:38.159321 main.go:669: Got lock, processing block
[peer] 22:38:38.159326 blockchain.go:68: Returning a block
[peer] 22:38:38.159332 main.go:679: Already have block
[peer] 22:38:38.159337 blockchain.go:68: Returning a block
[peer] 22:38:38.159343 main.go:707: 18:Equal block
[peer] 22:38:38.159348 main.go:669: Got lock, processing block
[peer] 22:38:38.159353 blockchain.go:68: Returning a block
[peer] 22:38:38.159352 main.go:801: 18:Block sent to peer successful. Peer: 198.162.52.126:8007 Iteration: 5
[peer] 22:38:38.159359 main.go:679: Already have block
[peer] 22:38:38.159406 blockchain.go:68: Returning a block
[peer] 22:38:38.159413 main.go:707: 18:Equal block
[peer] 22:38:38.159360 main.go:669: Got lock, processing block
[peer] 22:38:38.159425 blockchain.go:68: Returning a block
[peer] 22:38:38.159430 main.go:679: Already have block
[peer] 22:38:38.159436 blockchain.go:68: Returning a block
[peer] 22:38:38.159441 main.go:707: 18:Equal block
[peer] 22:38:38.159447 main.go:669: Got lock, processing block
[peer] 22:38:38.159453 blockchain.go:68: Returning a block
[peer] 22:38:38.159458 main.go:679: Already have block
[peer] 22:38:38.159463 blockchain.go:68: Returning a block
[peer] 22:38:38.159468 main.go:707: 18:Equal block
[peer] 22:38:38.159474 main.go:669: Got lock, processing block
[peer] 22:38:38.159480 blockchain.go:73: Returning nil
[peer] 22:38:38.159486 main.go:718: 18:Adding block for 6, I am at 5
[peer] 22:38:38.159492 honest.go:227: Trying to append block with iteration:6
[peer] 22:38:38.159498 blockchain.go:73: Returning nil
[peer] 22:38:38.159503 honest.go:243: Append successful
[peer] 22:38:38.159511 main.go:669: Got lock, processing block
[peer] 22:38:38.159517 blockchain.go:68: Returning a block
[peer] 22:38:38.159522 main.go:679: Already have block
[peer] 22:38:38.159527 blockchain.go:68: Returning a block
[peer] 22:38:38.159532 main.go:707: 18:Equal block
[peer] 22:38:38.159538 main.go:669: Got lock, processing block
[peer] 22:38:38.159544 blockchain.go:68: Returning a block
[peer] 22:38:38.159549 main.go:679: Already have block
[peer] 22:38:38.159554 blockchain.go:68: Returning a block
[peer] 22:38:38.159559 main.go:707: 18:Equal block
[peer] 22:38:38.159566 main.go:669: Got lock, processing block
[peer] 22:38:38.159571 blockchain.go:68: Returning a block
[peer] 22:38:38.159576 main.go:679: Already have block
[peer] 22:38:38.159582 blockchain.go:68: Returning a block
[peer] 22:38:38.159587 main.go:707: 18:Equal block
[peer] 22:38:38.159593 main.go:669: Got lock, processing block
[peer] 22:38:38.159598 blockchain.go:68: Returning a block
[peer] 22:38:38.159603 main.go:679: Already have block
[peer] 22:38:38.159609 blockchain.go:68: Returning a block
[peer] 22:38:38.159614 main.go:707: 18:Equal block
[peer] 22:38:38.159619 main.go:669: Got lock, processing block
[peer] 22:38:38.159625 blockchain.go:68: Returning a block
[peer] 22:38:38.159630 main.go:679: Already have block
[peer] 22:38:38.159636 blockchain.go:68: Returning a block
[peer] 22:38:38.159641 main.go:707: 18:Equal block
[peer] 22:38:38.159647 main.go:669: Got lock, processing block
[peer] 22:38:38.159653 blockchain.go:68: Returning a block
[peer] 22:38:38.159658 main.go:679: Already have block
[peer] 22:38:38.159664 blockchain.go:68: Returning a block
[peer] 22:38:38.159669 main.go:707: 18:Equal block
[peer] 22:38:38.159675 main.go:669: Got lock, processing block
[peer] 22:38:38.159680 blockchain.go:68: Returning a block
[peer] 22:38:38.159685 main.go:679: Already have block
[peer] 22:38:38.159690 blockchain.go:68: Returning a block
[peer] 22:38:38.159695 main.go:707: 18:Equal block
[peer] 22:38:38.159701 main.go:669: Got lock, processing block
[peer] 22:38:38.159713 blockchain.go:68: Returning a block
[peer] 22:38:38.159719 main.go:679: Already have block
[peer] 22:38:38.159724 blockchain.go:68: Returning a block
[peer] 22:38:38.159729 main.go:707: 18:Equal block
[peer] 22:38:38.159735 main.go:669: Got lock, processing block
[peer] 22:38:38.159740 blockchain.go:68: Returning a block
[peer] 22:38:38.159754 main.go:679: Already have block
[peer] 22:38:38.159760 blockchain.go:68: Returning a block
[peer] 22:38:38.159753 main.go:801: 18:Block sent to peer successful. Peer: 198.162.52.57:8016 Iteration: 5
[peer] 22:38:38.159762 main.go:669: Got lock, processing block
[peer] 22:38:38.159821 blockchain.go:68: Returning a block
[peer] 22:38:38.159827 main.go:679: Already have block
[peer] 22:38:38.159833 blockchain.go:68: Returning a block
[peer] 22:38:38.159838 main.go:707: 18:Equal block
[peer] 22:38:38.159845 main.go:669: Got lock, processing block
[peer] 22:38:38.159850 blockchain.go:68: Returning a block
[peer] 22:38:38.159856 main.go:679: Already have block
[peer] 22:38:38.159861 blockchain.go:68: Returning a block
[peer] 22:38:38.159866 main.go:707: 18:Equal block
[peer] 22:38:38.159899 main.go:590: Moving on to next iteration 6
[peer] 22:38:38.161109 vrf.go:97: Verifier lottery winner is 12 at 129 
[peer] 22:38:38.161121 vrf.go:113: Miner lottery winner is 5 at 51 
[peer] 22:38:38.161128 vrf.go:129: Noise lottery winner is 9 at 95 
[peer] 22:38:38.161138 main.go:227: Verifiers are [%!s(int=12)]
[peer] 22:38:38.161145 main.go:228: Miners are [%!s(int=5)]
[peer] 22:38:38.161152 main.go:229: Noisers are [%!s(int=9)]
[peer] 22:38:38.161159 main.go:605: 18:I am not miner or verifier. Iteration:6
[peer] 22:38:38.159766 main.go:707: 18:Equal block
[peer] 22:38:38.260005 main.go:845: 18:Computing Update
[peer] 22:38:38.260517 main.go:852: Sending update to verifiers
[peer] 22:38:38.260699 main.go:895: 18:Making RPC Call to Verifier. Sending Update, Iteration:6
[peer] 22:38:38.285068 main.go:167: 18:Got block message, iteration 5
[peer] 22:38:38.285156 main.go:666: Trying to acquire lock...
[peer] 22:38:38.295229 main.go:167: 18:Got block message, iteration 5
[peer] 22:38:38.295319 main.go:666: Trying to acquire lock...
[peer] 22:38:38.454616 main.go:167: 18:Got block message, iteration 5
[peer] 22:38:38.454697 main.go:666: Trying to acquire lock...
[peer] 22:38:38.570971 main.go:801: 18:Block sent to peer successful. Peer: 198.162.52.57:8012 Iteration: 5
[peer] 22:38:38.571025 main.go:772: 18:RPC calls successfully returned. Iteration: 6
[peer] 22:38:38.689693 honest.go:81: 18Train Error is 0.17025 in Iteration 6
[peer] 22:38:38.689728 main.go:778: 18:Preparing for next Iteration. Current Iteration: 6
[peer] 22:38:38.691629 main.go:902: 18:Update verified. Iteration:6
[peer] 22:38:38.691724 main.go:857: Sending update to miners
[peer] 22:38:38.692411 main.go:958: 18:Making RPC Call to Miner. Sending Update, Iteration:6
[peer] 22:38:38.693290 main.go:167: 18:Got block message, iteration 6
[err] 22:38:38.693401 main.go:285: Error in sending update, err = Stale Update/Block
[peer] 22:38:38.693426 main.go:991: 18:Will try and create an empty block
[peer] 22:38:38.693434 blockchain.go:68: Returning a block
[err] 22:38:38.693460 main.go:285: Iteration: 6, err = Forbidden overwrite of block foiled
[peer] 22:38:38.693463 main.go:666: Trying to acquire lock...
[peer] 22:38:38.693528 main.go:669: Got lock, processing block
[peer] 22:38:38.693541 blockchain.go:68: Returning a block
[peer] 22:38:38.693548 main.go:679: Already have block
[peer] 22:38:38.693555 blockchain.go:68: Returning a block
[peer] 22:38:38.693562 main.go:707: 18:Equal block
[peer] 22:38:38.693565 main.go:669: Got lock, processing block
[peer] 22:38:38.693574 blockchain.go:68: Returning a block
[peer] 22:38:38.693583 main.go:679: Already have block
[peer] 22:38:38.693589 blockchain.go:68: Returning a block
[peer] 22:38:38.693594 main.go:707: 18:Equal block
[peer] 22:38:38.693592 main.go:669: Got lock, processing block
[peer] 22:38:38.693608 blockchain.go:68: Returning a block
[peer] 22:38:38.693613 main.go:679: Already have block
[peer] 22:38:38.693618 blockchain.go:68: Returning a block
[peer] 22:38:38.693624 main.go:707: 18:Equal block
[peer] 22:38:38.693659 main.go:590: Moving on to next iteration 7
[peer] 22:38:38.694845 vrf.go:97: Verifier lottery winner is 12 at 129 
[peer] 22:38:38.694864 vrf.go:113: Miner lottery winner is 5 at 51 
[peer] 22:38:38.694880 vrf.go:129: Noise lottery winner is 9 at 95 
[peer] 22:38:38.694891 main.go:227: Verifiers are [%!s(int=12)]
[peer] 22:38:38.694899 main.go:228: Miners are [%!s(int=5)]
[peer] 22:38:38.694905 main.go:229: Noisers are [%!s(int=9)]
[peer] 22:38:38.694912 main.go:605: 18:I am not miner or verifier. Iteration:7
[peer] 22:38:38.694942 main.go:669: Got lock, processing block
[peer] 22:38:38.694957 blockchain.go:68: Returning a block
[peer] 22:38:38.694963 main.go:679: Already have block
[peer] 22:38:38.694969 blockchain.go:68: Returning a block
[peer] 22:38:38.694975 main.go:707: 18:Equal block
[peer] 22:38:38.793708 main.go:845: 18:Computing Update
[peer] 22:38:38.794194 main.go:852: Sending update to verifiers
[peer] 22:38:38.794388 main.go:895: 18:Making RPC Call to Verifier. Sending Update, Iteration:7
[peer] 22:38:38.795795 main.go:902: 18:Update verified. Iteration:7
[peer] 22:38:38.795887 main.go:857: Sending update to miners
[peer] 22:38:38.796533 main.go:958: 18:Making RPC Call to Miner. Sending Update, Iteration:7
[peer] 22:38:38.797586 main.go:965: 18:Update mined. Iteration:7
[peer] 22:38:39.583261 main.go:167: 18:Got block message, iteration 7
[peer] 22:38:39.583410 main.go:666: Trying to acquire lock...
[peer] 22:38:39.583455 main.go:669: Got lock, processing block
[peer] 22:38:39.583470 blockchain.go:73: Returning nil
[peer] 22:38:39.583522 main.go:718: 18:Adding block for 7, I am at 7
[peer] 22:38:39.583538 honest.go:227: Trying to append block with iteration:7
[peer] 22:38:39.583553 blockchain.go:73: Returning nil
[peer] 22:38:39.583566 honest.go:243: Append successful
[peer] 22:38:39.583614 main.go:728: 18:Sending block to channel
[peer] 22:38:39.583659 main.go:753: 18:Sending block of iteration: 7
[peer] 22:38:39.583698 main.go:1058: 18:Channel for block at iteration: 5
[peer] 22:38:39.584819 main.go:167: 18:Got block message, iteration 7
[peer] 22:38:39.585197 main.go:666: Trying to acquire lock...
[peer] 22:38:39.585231 main.go:669: Got lock, processing block
[peer] 22:38:39.585244 blockchain.go:68: Returning a block
[peer] 22:38:39.585256 main.go:679: Already have block
[peer] 22:38:39.585270 blockchain.go:68: Returning a block
[peer] 22:38:39.585283 main.go:707: 18:Equal block
[peer] 22:38:39.585935 main.go:167: 18:Got block message, iteration 7
[peer] 22:38:39.586545 main.go:666: Trying to acquire lock...
[peer] 22:38:39.586595 main.go:669: Got lock, processing block
[peer] 22:38:39.586610 blockchain.go:68: Returning a block
[peer] 22:38:39.586629 main.go:679: Already have block
[peer] 22:38:39.586644 blockchain.go:68: Returning a block
[peer] 22:38:39.586664 main.go:707: 18:Equal block
[peer] 22:38:39.586779 main.go:801: 18:Block sent to peer successful. Peer: 198.162.52.57:8010 Iteration: 7
[peer] 22:38:39.586926 main.go:167: 18:Got block message, iteration 7
[peer] 22:38:39.587072 main.go:666: Trying to acquire lock...
[peer] 22:38:39.587172 main.go:669: Got lock, processing block
[peer] 22:38:39.587188 blockchain.go:68: Returning a block
[peer] 22:38:39.587201 main.go:679: Already have block
[peer] 22:38:39.587214 blockchain.go:68: Returning a block
[peer] 22:38:39.587228 main.go:707: 18:Equal block
[peer] 22:38:39.587155 main.go:167: 18:Got block message, iteration 7
[peer] 22:38:39.587155 main.go:167: 18:Got block message, iteration 7
[peer] 22:38:39.587437 main.go:666: Trying to acquire lock...
[peer] 22:38:39.587479 main.go:669: Got lock, processing block
[peer] 22:38:39.587499 blockchain.go:68: Returning a block
[peer] 22:38:39.587513 main.go:679: Already have block
[peer] 22:38:39.587526 blockchain.go:68: Returning a block
[peer] 22:38:39.587541 main.go:707: 18:Equal block
[peer] 22:38:39.587570 main.go:666: Trying to acquire lock...
[peer] 22:38:39.587608 main.go:669: Got lock, processing block
[peer] 22:38:39.587621 blockchain.go:68: Returning a block
[peer] 22:38:39.587634 main.go:679: Already have block
[peer] 22:38:39.587649 blockchain.go:68: Returning a block
[peer] 22:38:39.587664 main.go:707: 18:Equal block
[peer] 22:38:39.587890 main.go:167: 18:Got block message, iteration 7
[peer] 22:38:39.588024 main.go:167: 18:Got block message, iteration 7
[peer] 22:38:39.588051 main.go:666: Trying to acquire lock...
[peer] 22:38:39.588101 main.go:669: Got lock, processing block
[peer] 22:38:39.588114 blockchain.go:68: Returning a block
[peer] 22:38:39.588129 main.go:679: Already have block
[peer] 22:38:39.588144 blockchain.go:68: Returning a block
[peer] 22:38:39.588158 main.go:707: 18:Equal block
[peer] 22:38:39.588324 main.go:666: Trying to acquire lock...
[peer] 22:38:39.588353 main.go:669: Got lock, processing block
[peer] 22:38:39.588365 blockchain.go:68: Returning a block
[peer] 22:38:39.588394 main.go:679: Already have block
[peer] 22:38:39.588409 blockchain.go:68: Returning a block
[peer] 22:38:39.588422 main.go:707: 18:Equal block
[peer] 22:38:39.588818 main.go:801: 18:Block sent to peer successful. Peer: 198.162.52.57:8013 Iteration: 7
[peer] 22:38:39.589273 main.go:167: 18:Got block message, iteration 7
[peer] 22:38:39.589575 main.go:666: Trying to acquire lock...
[peer] 22:38:39.589607 main.go:669: Got lock, processing block
[peer] 22:38:39.589721 blockchain.go:68: Returning a block
[peer] 22:38:39.589737 main.go:679: Already have block
[peer] 22:38:39.589753 blockchain.go:68: Returning a block
[peer] 22:38:39.589629 main.go:801: 18:Block sent to peer successful. Peer: 198.162.52.57:8019 Iteration: 7
[peer] 22:38:39.589643 main.go:801: 18:Block sent to peer successful. Peer: 198.162.52.57:8012 Iteration: 7
[peer] 22:38:39.589770 main.go:707: 18:Equal block
[peer] 22:38:39.590061 main.go:167: 18:Got block message, iteration 7
[peer] 22:38:39.590216 main.go:666: Trying to acquire lock...
[peer] 22:38:39.590250 main.go:669: Got lock, processing block
[peer] 22:38:39.590263 blockchain.go:68: Returning a block
[peer] 22:38:39.590275 main.go:679: Already have block
[peer] 22:38:39.590288 blockchain.go:68: Returning a block
[peer] 22:38:39.590302 main.go:707: 18:Equal block
[peer] 22:38:39.590796 main.go:801: 18:Block sent to peer successful. Peer: 198.162.52.57:8015 Iteration: 7
[peer] 22:38:39.594498 main.go:801: 18:Block sent to peer successful. Peer: 198.162.52.57:8014 Iteration: 7
[peer] 22:38:39.594542 main.go:801: 18:Block sent to peer successful. Peer: 198.162.52.57:8016 Iteration: 7
[peer] 22:38:39.600844 main.go:167: 18:Got block message, iteration 7
[peer] 22:38:39.600918 main.go:666: Trying to acquire lock...
[peer] 22:38:39.600959 main.go:669: Got lock, processing block
[peer] 22:38:39.600974 blockchain.go:68: Returning a block
[peer] 22:38:39.600988 main.go:679: Already have block
[peer] 22:38:39.601002 blockchain.go:68: Returning a block
[peer] 22:38:39.601014 main.go:707: 18:Equal block
[peer] 22:38:39.602866 main.go:801: 18:Block sent to peer successful. Peer: 198.162.52.57:8017 Iteration: 7
[peer] 22:38:39.608300 main.go:801: 18:Block sent to peer successful. Peer: 198.162.52.57:8011 Iteration: 7
[peer] 22:38:39.617886 main.go:167: 18:Got block message, iteration 7
[peer] 22:38:39.618004 main.go:666: Trying to acquire lock...
[peer] 22:38:39.618037 main.go:669: Got lock, processing block
[peer] 22:38:39.618067 blockchain.go:68: Returning a block
[peer] 22:38:39.618079 main.go:679: Already have block
[peer] 22:38:39.618089 blockchain.go:68: Returning a block
[peer] 22:38:39.618099 main.go:707: 18:Equal block
[peer] 22:38:39.623861 main.go:167: 18:Got block message, iteration 7
[peer] 22:38:39.623981 main.go:666: Trying to acquire lock...
[peer] 22:38:39.624021 main.go:669: Got lock, processing block
[peer] 22:38:39.624030 blockchain.go:68: Returning a block
[peer] 22:38:39.624040 main.go:679: Already have block
[peer] 22:38:39.624064 blockchain.go:68: Returning a block
[peer] 22:38:39.624079 main.go:707: 18:Equal block
[peer] 22:38:39.624967 main.go:167: 18:Got block message, iteration 7
[peer] 22:38:39.625155 main.go:666: Trying to acquire lock...
[peer] 22:38:39.625180 main.go:669: Got lock, processing block
[peer] 22:38:39.625188 blockchain.go:68: Returning a block
[peer] 22:38:39.625197 main.go:679: Already have block
[peer] 22:38:39.625206 blockchain.go:68: Returning a block
[peer] 22:38:39.625228 main.go:707: 18:Equal block
[peer] 22:38:39.629738 main.go:167: 18:Got block message, iteration 7
[peer] 22:38:39.629877 main.go:666: Trying to acquire lock...
[peer] 22:38:39.629914 main.go:669: Got lock, processing block
[peer] 22:38:39.629924 blockchain.go:68: Returning a block
[peer] 22:38:39.629935 main.go:679: Already have block
[peer] 22:38:39.629945 blockchain.go:68: Returning a block
[peer] 22:38:39.629955 main.go:707: 18:Equal block
[peer] 22:38:39.630367 main.go:167: 18:Got block message, iteration 7
[peer] 22:38:39.630491 main.go:666: Trying to acquire lock...
[peer] 22:38:39.630529 main.go:669: Got lock, processing block
[peer] 22:38:39.630538 blockchain.go:68: Returning a block
[peer] 22:38:39.630547 main.go:679: Already have block
[peer] 22:38:39.630556 blockchain.go:68: Returning a block
[peer] 22:38:39.630565 main.go:707: 18:Equal block
[peer] 22:38:39.630728 main.go:167: 18:Got block message, iteration 7
[peer] 22:38:39.630837 main.go:666: Trying to acquire lock...
[peer] 22:38:39.630856 main.go:669: Got lock, processing block
[peer] 22:38:39.630864 blockchain.go:68: Returning a block
[peer] 22:38:39.630872 main.go:679: Already have block
[peer] 22:38:39.630880 blockchain.go:68: Returning a block
[peer] 22:38:39.630888 main.go:707: 18:Equal block
[peer] 22:38:39.639468 main.go:167: 18:Got block message, iteration 7
[peer] 22:38:39.639575 main.go:666: Trying to acquire lock...
[peer] 22:38:39.639611 main.go:669: Got lock, processing block
[peer] 22:38:39.639620 blockchain.go:68: Returning a block
[peer] 22:38:39.639628 main.go:679: Already have block
[peer] 22:38:39.639637 blockchain.go:68: Returning a block
[peer] 22:38:39.639645 main.go:707: 18:Equal block
[peer] 22:38:39.644769 main.go:801: 18:Block sent to peer successful. Peer: 198.162.52.126:8006 Iteration: 7
[peer] 22:38:39.645962 main.go:801: 18:Block sent to peer successful. Peer: 198.162.52.126:8001 Iteration: 7
[peer] 22:38:39.649538 main.go:801: 18:Block sent to peer successful. Peer: 198.162.52.126:8002 Iteration: 7
[peer] 22:38:39.649712 main.go:801: 18:Block sent to peer successful. Peer: 198.162.52.126:8004 Iteration: 7
[peer] 22:38:39.649727 main.go:801: 18:Block sent to peer successful. Peer: 198.162.52.126:8005 Iteration: 7
[peer] 22:38:39.649799 main.go:801: 18:Block sent to peer successful. Peer: 198.162.52.126:8009 Iteration: 7
[peer] 22:38:39.649994 main.go:801: 18:Block sent to peer successful. Peer: 198.162.52.126:8007 Iteration: 7
[peer] 22:38:39.650099 main.go:801: 18:Block sent to peer successful. Peer: 198.162.52.126:8000 Iteration: 7
[peer] 22:38:39.655158 main.go:801: 18:Block sent to peer successful. Peer: 198.162.52.126:8003 Iteration: 7
[peer] 22:38:39.656467 main.go:801: 18:Block sent to peer successful. Peer: 198.162.52.126:8008 Iteration: 7
[peer] 22:38:39.656523 main.go:772: 18:RPC calls successfully returned. Iteration: 7
[peer] 22:38:39.673186 main.go:167: 18:Got block message, iteration 7
[peer] 22:38:39.673358 main.go:666: Trying to acquire lock...
[peer] 22:38:39.673373 main.go:669: Got lock, processing block
[peer] 22:38:39.673379 blockchain.go:68: Returning a block
[peer] 22:38:39.673384 main.go:679: Already have block
[peer] 22:38:39.673391 blockchain.go:68: Returning a block
[peer] 22:38:39.673397 main.go:707: 18:Equal block
[peer] 22:38:39.926993 honest.go:81: 18Train Error is 0.04029 in Iteration 7
[peer] 22:38:39.927015 main.go:778: 18:Preparing for next Iteration. Current Iteration: 7
