[peer] 20:04:19.939641 honest.go:156: 6Importing modules...
[peer] 20:04:27.464196 honest.go:192: 6Sucessfully pulled dataset. Features: 25
[peer] 20:04:27.466473 main.go:502: 6:Announcing myself to network
[peer] 20:04:27.466564 main.go:662: 6:Peer started. Receiving on 8006
[peer] 20:04:27.466568 main.go:507: 6:Calling {198.162.52.126 %!s(int=8000) }
[peer] 20:04:27.466604 main.go:526: 6:Inside callRegisterRPC
[peer] 20:04:27.466615 main.go:531: 6Making RPC call
[peer] 20:04:27.466766 main.go:551: 6RPC dial successful
[peer] 20:04:27.466779 main.go:554: 6:Calling RPC:198.162.52.126:8000
[peer] 20:04:27.466793 main.go:556: 6:RPC called198.162.52.126:8000
[peer] 20:04:27.467446 main.go:563: 6:Announced myself to a fellow peer at port. Got latest chain
[peer] 20:04:27.467457 main.go:570: Chain length received:1
[peer] 20:04:27.467462 main.go:571: My chain length:1
[peer] 20:04:27.467495 main.go:507: 6:Calling {198.162.52.126 %!s(int=8001) }
[peer] 20:04:27.467502 main.go:526: 6:Inside callRegisterRPC
[peer] 20:04:27.467507 main.go:531: 6Making RPC call
[peer] 20:04:27.467573 main.go:551: 6RPC dial successful
[peer] 20:04:27.467587 main.go:554: 6:Calling RPC:198.162.52.126:8001
[peer] 20:04:27.467597 main.go:556: 6:RPC called198.162.52.126:8001
[peer] 20:04:27.468105 main.go:563: 6:Announced myself to a fellow peer at port. Got latest chain
[peer] 20:04:27.468119 main.go:570: Chain length received:1
[peer] 20:04:27.468128 main.go:571: My chain length:1
[peer] 20:04:27.468172 main.go:507: 6:Calling {198.162.52.126 %!s(int=8002) }
[peer] 20:04:27.468184 main.go:526: 6:Inside callRegisterRPC
[peer] 20:04:27.468192 main.go:531: 6Making RPC call
[peer] 20:04:27.468269 main.go:551: 6RPC dial successful
[peer] 20:04:27.468289 main.go:554: 6:Calling RPC:198.162.52.126:8002
[peer] 20:04:27.468295 main.go:556: 6:RPC called198.162.52.126:8002
[peer] 20:04:27.468663 main.go:563: 6:Announced myself to a fellow peer at port. Got latest chain
[peer] 20:04:27.468673 main.go:570: Chain length received:1
[peer] 20:04:27.468678 main.go:571: My chain length:1
[peer] 20:04:27.468709 main.go:507: 6:Calling {198.162.52.126 %!s(int=8003) }
[peer] 20:04:27.468716 main.go:526: 6:Inside callRegisterRPC
[peer] 20:04:27.468725 main.go:531: 6Making RPC call
[err] 20:04:27.468787 main.go:296: Peer offline.Couldn't connect to peer: 198.162.52.126:8003, err = dial tcp 198.162.52.126:8003: connect: connection refused
[peer] 20:04:27.468802 main.go:507: 6:Calling {198.162.52.126 %!s(int=8004) }
[peer] 20:04:27.468807 main.go:526: 6:Inside callRegisterRPC
[peer] 20:04:27.468811 main.go:531: 6Making RPC call
[err] 20:04:27.468849 main.go:296: Peer offline.Couldn't connect to peer: 198.162.52.126:8004, err = dial tcp 198.162.52.126:8004: connect: connection refused
[peer] 20:04:27.468858 main.go:507: 6:Calling {198.162.52.126 %!s(int=8005) }
[peer] 20:04:27.468863 main.go:526: 6:Inside callRegisterRPC
[peer] 20:04:27.468867 main.go:531: 6Making RPC call
[err] 20:04:27.468899 main.go:296: Peer offline.Couldn't connect to peer: 198.162.52.126:8005, err = dial tcp 198.162.52.126:8005: connect: connection refused
[peer] 20:04:27.468909 main.go:507: 6:Calling {198.162.52.126 %!s(int=8007) }
[peer] 20:04:27.468913 main.go:526: 6:Inside callRegisterRPC
[peer] 20:04:27.468918 main.go:531: 6Making RPC call
[peer] 20:04:27.468971 main.go:551: 6RPC dial successful
[peer] 20:04:27.468979 main.go:554: 6:Calling RPC:198.162.52.126:8007
[peer] 20:04:27.468997 main.go:556: 6:RPC called198.162.52.126:8007
[peer] 20:04:27.469358 main.go:563: 6:Announced myself to a fellow peer at port. Got latest chain
[peer] 20:04:27.469368 main.go:570: Chain length received:1
[peer] 20:04:27.469373 main.go:571: My chain length:1
[peer] 20:04:27.469454 main.go:507: 6:Calling {198.162.52.126 %!s(int=8008) }
[peer] 20:04:27.469461 main.go:526: 6:Inside callRegisterRPC
[peer] 20:04:27.469466 main.go:531: 6Making RPC call
[err] 20:04:27.469519 main.go:296: Peer offline.Couldn't connect to peer: 198.162.52.126:8008, err = dial tcp 198.162.52.126:8008: connect: connection refused
[peer] 20:04:27.469538 main.go:507: 6:Calling {198.162.52.126 %!s(int=8009) }
[peer] 20:04:27.469556 main.go:526: 6:Inside callRegisterRPC
[peer] 20:04:27.469563 main.go:531: 6Making RPC call
[peer] 20:04:27.469644 main.go:551: 6RPC dial successful
[peer] 20:04:27.469657 main.go:554: 6:Calling RPC:198.162.52.126:8009
[peer] 20:04:27.469667 main.go:556: 6:RPC called198.162.52.126:8009
[peer] 20:04:27.470162 main.go:563: 6:Announced myself to a fellow peer at port. Got latest chain
[peer] 20:04:27.470176 main.go:570: Chain length received:1
[peer] 20:04:27.470186 main.go:571: My chain length:1
[peer] 20:04:27.470231 main.go:507: 6:Calling {198.162.52.57 %!s(int=8010) }
[peer] 20:04:27.470242 main.go:526: 6:Inside callRegisterRPC
[peer] 20:04:27.470250 main.go:531: 6Making RPC call
[err] 20:04:27.470774 main.go:296: Peer offline.Couldn't connect to peer: 198.162.52.57:8010, err = dial tcp 198.162.52.57:8010: connect: connection refused
[peer] 20:04:27.470787 main.go:507: 6:Calling {198.162.52.57 %!s(int=8011) }
[peer] 20:04:27.470792 main.go:526: 6:Inside callRegisterRPC
[peer] 20:04:27.470796 main.go:531: 6Making RPC call
[err] 20:04:27.471329 main.go:296: Peer offline.Couldn't connect to peer: 198.162.52.57:8011, err = dial tcp 198.162.52.57:8011: connect: connection refused
[peer] 20:04:27.471339 main.go:507: 6:Calling {198.162.52.57 %!s(int=8012) }
[peer] 20:04:27.471344 main.go:526: 6:Inside callRegisterRPC
[peer] 20:04:27.471348 main.go:531: 6Making RPC call
[err] 20:04:27.471630 main.go:296: Peer offline.Couldn't connect to peer: 198.162.52.57:8012, err = dial tcp 198.162.52.57:8012: connect: connection refused
[peer] 20:04:27.471640 main.go:507: 6:Calling {198.162.52.57 %!s(int=8013) }
[peer] 20:04:27.471645 main.go:526: 6:Inside callRegisterRPC
[peer] 20:04:27.471649 main.go:531: 6Making RPC call
[err] 20:04:27.471926 main.go:296: Peer offline.Couldn't connect to peer: 198.162.52.57:8013, err = dial tcp 198.162.52.57:8013: connect: connection refused
[peer] 20:04:27.471936 main.go:507: 6:Calling {198.162.52.57 %!s(int=8014) }
[peer] 20:04:27.471940 main.go:526: 6:Inside callRegisterRPC
[peer] 20:04:27.471945 main.go:531: 6Making RPC call
[err] 20:04:27.472226 main.go:296: Peer offline.Couldn't connect to peer: 198.162.52.57:8014, err = dial tcp 198.162.52.57:8014: connect: connection refused
[peer] 20:04:27.472236 main.go:507: 6:Calling {198.162.52.57 %!s(int=8015) }
[peer] 20:04:27.472241 main.go:526: 6:Inside callRegisterRPC
[peer] 20:04:27.472245 main.go:531: 6Making RPC call
[err] 20:04:27.472566 main.go:296: Peer offline.Couldn't connect to peer: 198.162.52.57:8015, err = dial tcp 198.162.52.57:8015: connect: connection refused
[peer] 20:04:27.472585 main.go:507: 6:Calling {198.162.52.57 %!s(int=8016) }
[peer] 20:04:27.472593 main.go:526: 6:Inside callRegisterRPC
[peer] 20:04:27.472598 main.go:531: 6Making RPC call
[err] 20:04:27.472897 main.go:296: Peer offline.Couldn't connect to peer: 198.162.52.57:8016, err = dial tcp 198.162.52.57:8016: connect: connection refused
[peer] 20:04:27.472916 main.go:507: 6:Calling {198.162.52.57 %!s(int=8017) }
[peer] 20:04:27.472923 main.go:526: 6:Inside callRegisterRPC
[peer] 20:04:27.472929 main.go:531: 6Making RPC call
[err] 20:04:27.473472 main.go:296: Peer offline.Couldn't connect to peer: 198.162.52.57:8017, err = dial tcp 198.162.52.57:8017: connect: connection refused
[peer] 20:04:27.473484 main.go:507: 6:Calling {198.162.52.57 %!s(int=8018) }
[peer] 20:04:27.473491 main.go:526: 6:Inside callRegisterRPC
[peer] 20:04:27.473497 main.go:531: 6Making RPC call
[err] 20:04:27.473784 main.go:296: Peer offline.Couldn't connect to peer: 198.162.52.57:8018, err = dial tcp 198.162.52.57:8018: connect: connection refused
[peer] 20:04:27.473795 main.go:507: 6:Calling {198.162.52.57 %!s(int=8019) }
[peer] 20:04:27.473802 main.go:526: 6:Inside callRegisterRPC
[peer] 20:04:27.473808 main.go:531: 6Making RPC call
[err] 20:04:27.474335 main.go:296: Peer offline.Couldn't connect to peer: 198.162.52.57:8019, err = dial tcp 198.162.52.57:8019: connect: connection refused
[peer] 20:04:27.474343 main.go:517: 6:Bootstrapped Network. Calling signal
[peer] 20:04:27.474355 main.go:519: 6:Bootstrapped Network. Signal called
[peer] 20:04:27.474362 main.go:628: Moving on to next iteration 0
[peer] 20:04:27.474385 blockchain.go:51: Latest Block Hash is: 6d0aeacf2af374576f7988ac5751b82a08de2c4138f5dc3f3e4c6a12ddb034d6
[peer] 20:04:27.475328 vrf.go:97: Verifier lottery winner is 11 at 114 
[peer] 20:04:27.475335 vrf.go:113: Miner lottery winner is 19 at 194 
[peer] 20:04:27.475341 vrf.go:113: Miner lottery winner is 11 at 111 
[peer] 20:04:27.475346 vrf.go:129: Noise lottery winner is 3 at 34 
[peer] 20:04:27.475353 main.go:238: Verifiers are [%!s(int=11)]
[peer] 20:04:27.475358 main.go:239: Miners are [%!s(int=19) %!s(int=11)]
[peer] 20:04:27.475363 main.go:240: Noisers are [%!s(int=3)]
[peer] 20:04:27.475368 main.go:643: 6:I am not miner or verifier. Iteration:0
[peer] 20:04:27.475374 main.go:990: 6:Computing Update
[peer] 20:04:27.475680 main.go:997: Sending update to verifiers
[err] 20:04:27.476009 main.go:296: Unable to connect to verifier, err = dial tcp 198.162.52.57:8011: connect: connection refused
[peer] 20:04:27.476022 main.go:1064: GOT VERIFIER ERROR
[peer] 20:04:27.544037 main.go:200: 6:Registering peer:198.162.52.126:8003
[peer] 20:04:27.544052 main.go:211: Advertising chain to peer with length 1
[peer] 20:04:27.587792 main.go:200: 6:Registering peer:198.162.52.126:8008
[peer] 20:04:27.587804 main.go:211: Advertising chain to peer with length 1
[peer] 20:04:27.727709 main.go:200: 6:Registering peer:198.162.52.126:8004
[peer] 20:04:27.727724 main.go:211: Advertising chain to peer with length 1
[peer] 20:04:27.877471 main.go:178: 6:Got block message, iteration 0
[peer] 20:04:27.877567 main.go:776: Trying to acquire lock...
[peer] 20:04:27.886117 main.go:178: 6:Got block message, iteration 0
[peer] 20:04:27.886224 main.go:776: Trying to acquire lock...
[peer] 20:04:27.909087 main.go:200: 6:Registering peer:198.162.52.126:8005
[peer] 20:04:27.909109 main.go:211: Advertising chain to peer with length 1
[peer] 20:04:28.109177 main.go:178: 6:Got block message, iteration 0
[peer] 20:04:28.109273 main.go:776: Trying to acquire lock...
[peer] 20:04:28.260627 main.go:178: 6:Got block message, iteration 0
[peer] 20:04:28.260702 main.go:776: Trying to acquire lock...
[peer] 20:04:28.454667 main.go:178: 6:Got block message, iteration 0
[peer] 20:04:28.454764 main.go:776: Trying to acquire lock...
[peer] 20:04:28.476123 main.go:1074: 6:Will try and create an empty block
[peer] 20:04:28.476138 blockchain.go:81: Returning nil
[peer] 20:04:28.476205 main.go:1080: 6:Sending an empty block
[peer] 20:04:28.476217 main.go:990: 6:Computing Update
[peer] 20:04:28.476229 main.go:899: 6:Sending block of iteration: 0
[peer] 20:04:28.476675 main.go:997: Sending update to verifiers
[peer] 20:04:28.477773 main.go:946: 6:Block sent to peer successful. Peer: 198.162.52.126:8002 Iteration: 0
[peer] 20:04:28.477808 main.go:946: 6:Block sent to peer successful. Peer: 198.162.52.126:8009 Iteration: 0
[err] 20:04:28.477829 main.go:296: Unable to connect to verifier, err = dial tcp 198.162.52.57:8011: connect: connection refused
[peer] 20:04:28.477841 main.go:1064: GOT VERIFIER ERROR
[peer] 20:04:28.477984 main.go:946: 6:Block sent to peer successful. Peer: 198.162.52.126:8007 Iteration: 0
[peer] 20:04:28.478255 main.go:946: 6:Block sent to peer successful. Peer: 198.162.52.126:8005 Iteration: 0
[peer] 20:04:28.478425 main.go:946: 6:Block sent to peer successful. Peer: 198.162.52.126:8004 Iteration: 0
[peer] 20:04:28.478587 main.go:946: 6:Block sent to peer successful. Peer: 198.162.52.126:8003 Iteration: 0
[peer] 20:04:28.479230 main.go:946: 6:Block sent to peer successful. Peer: 198.162.52.126:8000 Iteration: 0
[peer] 20:04:28.479326 main.go:946: 6:Block sent to peer successful. Peer: 198.162.52.126:8001 Iteration: 0
[peer] 20:04:28.479539 main.go:946: 6:Block sent to peer successful. Peer: 198.162.52.126:8008 Iteration: 0
[peer] 20:04:28.479616 main.go:917: 6:RPC calls successfully returned. Iteration: 0
[peer] 20:04:28.488684 honest.go:130: 6Train Error is 1.00000 in Iteration 0
[peer] 20:04:28.488717 main.go:923: 6:Preparing for next Iteration. Current Iteration: 0
[peer] 20:04:28.555079 main.go:178: 6:Got block message, iteration 0
[peer] 20:04:28.555158 main.go:776: Trying to acquire lock...
[peer] 20:04:28.596524 main.go:178: 6:Got block message, iteration 0
[peer] 20:04:28.596611 main.go:776: Trying to acquire lock...
[peer] 20:04:28.739352 main.go:178: 6:Got block message, iteration 0
[peer] 20:04:28.739434 main.go:776: Trying to acquire lock...
[peer] 20:04:28.922919 main.go:178: 6:Got block message, iteration 1
[peer] 20:04:28.923011 main.go:776: Trying to acquire lock...
[peer] 20:04:29.111429 main.go:178: 6:Got block message, iteration 1
[peer] 20:04:29.111547 main.go:776: Trying to acquire lock...
[peer] 20:04:29.263066 main.go:178: 6:Got block message, iteration 1
[peer] 20:04:29.263154 main.go:776: Trying to acquire lock...
[peer] 20:04:29.457174 main.go:178: 6:Got block message, iteration 1
[peer] 20:04:29.457263 main.go:776: Trying to acquire lock...
[peer] 20:04:29.477935 main.go:1074: 6:Will try and create an empty block
[peer] 20:04:29.477951 blockchain.go:70: Returning a block
[err] 20:04:29.477960 main.go:296: Iteration: 0, err = Forbidden overwrite of block foiled
[peer] 20:04:29.477978 main.go:779: Got lock, processing block
[peer] 20:04:29.477988 blockchain.go:70: Returning a block
[peer] 20:04:29.477993 main.go:786: Already have block
[peer] 20:04:29.478004 main.go:790: Released bool lock
[peer] 20:04:29.478012 blockchain.go:70: Returning a block
[peer] 20:04:29.478017 blockchain.go:70: Returning a block
[peer] 20:04:29.478022 main.go:818: 6:Equal block
[peer] 20:04:29.478028 main.go:779: Got lock, processing block
[peer] 20:04:29.478032 blockchain.go:70: Returning a block
[peer] 20:04:29.478036 main.go:786: Already have block
[peer] 20:04:29.478041 main.go:790: Released bool lock
[peer] 20:04:29.478045 blockchain.go:70: Returning a block
[peer] 20:04:29.478049 blockchain.go:70: Returning a block
[peer] 20:04:29.478053 main.go:818: 6:Equal block
[peer] 20:04:29.478058 main.go:779: Got lock, processing block
[peer] 20:04:29.478065 blockchain.go:70: Returning a block
[peer] 20:04:29.478072 main.go:786: Already have block
[peer] 20:04:29.478080 main.go:790: Released bool lock
[peer] 20:04:29.478088 blockchain.go:70: Returning a block
[peer] 20:04:29.478093 blockchain.go:70: Returning a block
[peer] 20:04:29.478097 main.go:818: 6:Equal block
[peer] 20:04:29.478102 main.go:779: Got lock, processing block
[peer] 20:04:29.478106 blockchain.go:70: Returning a block
[peer] 20:04:29.478110 main.go:786: Already have block
[peer] 20:04:29.478115 main.go:790: Released bool lock
[peer] 20:04:29.478119 blockchain.go:70: Returning a block
[peer] 20:04:29.478122 blockchain.go:70: Returning a block
[peer] 20:04:29.478126 main.go:818: 6:Equal block
[peer] 20:04:29.478131 main.go:779: Got lock, processing block
[peer] 20:04:29.478135 blockchain.go:70: Returning a block
[peer] 20:04:29.478141 main.go:786: Already have block
[peer] 20:04:29.478152 main.go:790: Released bool lock
[peer] 20:04:29.478159 blockchain.go:70: Returning a block
[peer] 20:04:29.478163 blockchain.go:70: Returning a block
[peer] 20:04:29.478167 main.go:818: 6:Equal block
[peer] 20:04:29.478179 main.go:628: Moving on to next iteration 1
[peer] 20:04:29.478227 blockchain.go:51: Latest Block Hash is: c2ec7ca41e40c55a35433946c2302814596448c7d3dcc50c6f89da0b0af866bc
[peer] 20:04:29.479781 vrf.go:97: Verifier lottery winner is 10 at 100 
[peer] 20:04:29.479791 vrf.go:113: Miner lottery winner is 14 at 140 
[peer] 20:04:29.479799 vrf.go:113: Miner lottery winner is 10 at 108 
[peer] 20:04:29.479806 vrf.go:129: Noise lottery winner is 1 at 14 
[peer] 20:04:29.479819 main.go:238: Verifiers are [%!s(int=10)]
[peer] 20:04:29.479827 main.go:239: Miners are [%!s(int=14) %!s(int=10)]
[peer] 20:04:29.479835 main.go:240: Noisers are [%!s(int=1)]
[peer] 20:04:29.479842 main.go:643: 6:I am not miner or verifier. Iteration:1
[peer] 20:04:29.479861 main.go:779: Got lock, processing block
[peer] 20:04:29.479873 blockchain.go:70: Returning a block
[peer] 20:04:29.479891 main.go:786: Already have block
[peer] 20:04:29.479903 main.go:790: Released bool lock
[peer] 20:04:29.479910 blockchain.go:70: Returning a block
[peer] 20:04:29.479915 blockchain.go:70: Returning a block
[peer] 20:04:29.479919 main.go:818: 6:Equal block
[peer] 20:04:29.479924 main.go:779: Got lock, processing block
[peer] 20:04:29.479928 blockchain.go:70: Returning a block
[peer] 20:04:29.479932 main.go:786: Already have block
[peer] 20:04:29.479937 main.go:790: Released bool lock
[peer] 20:04:29.479941 blockchain.go:70: Returning a block
[peer] 20:04:29.479945 blockchain.go:70: Returning a block
[peer] 20:04:29.479949 main.go:818: 6:Equal block
[peer] 20:04:29.479954 main.go:779: Got lock, processing block
[peer] 20:04:29.479958 blockchain.go:70: Returning a block
[peer] 20:04:29.479964 main.go:786: Already have block
[peer] 20:04:29.479974 main.go:790: Released bool lock
[peer] 20:04:29.479982 blockchain.go:70: Returning a block
[peer] 20:04:29.479986 blockchain.go:70: Returning a block
[peer] 20:04:29.479990 main.go:818: 6:Equal block
[peer] 20:04:29.479996 main.go:779: Got lock, processing block
[peer] 20:04:29.480003 blockchain.go:81: Returning nil
[peer] 20:04:29.480009 main.go:868: 6:Adding block for 1, I am at 1
[peer] 20:04:29.480019 honest.go:303: Trying to append block with iteration:1
[peer] 20:04:29.480023 blockchain.go:81: Returning nil
[peer] 20:04:29.480027 honest.go:319: Append successful
[peer] 20:04:29.480042 main.go:899: 6:Sending block of iteration: 1
[peer] 20:04:29.480044 main.go:779: Got lock, processing block
[peer] 20:04:29.480149 blockchain.go:70: Returning a block
[peer] 20:04:29.480157 main.go:786: Already have block
[peer] 20:04:29.480166 main.go:790: Released bool lock
[peer] 20:04:29.480174 blockchain.go:70: Returning a block
[peer] 20:04:29.480181 blockchain.go:70: Returning a block
[peer] 20:04:29.480188 main.go:818: 6:Equal block
[peer] 20:04:29.480197 main.go:779: Got lock, processing block
[peer] 20:04:29.480204 blockchain.go:70: Returning a block
[peer] 20:04:29.480211 main.go:786: Already have block
[peer] 20:04:29.480220 main.go:790: Released bool lock
[peer] 20:04:29.480228 blockchain.go:70: Returning a block
[peer] 20:04:29.480235 blockchain.go:70: Returning a block
[peer] 20:04:29.480242 main.go:818: 6:Equal block
[peer] 20:04:29.480250 main.go:779: Got lock, processing block
[peer] 20:04:29.480257 blockchain.go:70: Returning a block
[peer] 20:04:29.480265 main.go:786: Already have block
[peer] 20:04:29.480280 main.go:790: Released bool lock
[peer] 20:04:29.480288 blockchain.go:70: Returning a block
[peer] 20:04:29.480294 blockchain.go:70: Returning a block
[peer] 20:04:29.480301 main.go:818: 6:Equal block
[peer] 20:04:29.480383 main.go:990: 6:Computing Update
[peer] 20:04:29.480869 main.go:997: Sending update to verifiers
[peer] 20:04:29.481126 main.go:946: 6:Block sent to peer successful. Peer: 198.162.52.126:8003 Iteration: 1
[peer] 20:04:29.481135 main.go:946: 6:Block sent to peer successful. Peer: 198.162.52.126:8007 Iteration: 1
[peer] 20:04:29.481126 main.go:946: 6:Block sent to peer successful. Peer: 198.162.52.126:8005 Iteration: 1
[err] 20:04:29.481190 main.go:296: Unable to connect to verifier, err = dial tcp 198.162.52.57:8010: connect: connection refused
[peer] 20:04:29.481201 main.go:1064: GOT VERIFIER ERROR
[peer] 20:04:29.481267 main.go:946: 6:Block sent to peer successful. Peer: 198.162.52.126:8004 Iteration: 1
[peer] 20:04:29.481279 main.go:946: 6:Block sent to peer successful. Peer: 198.162.52.126:8001 Iteration: 1
[peer] 20:04:29.481147 main.go:946: 6:Block sent to peer successful. Peer: 198.162.52.126:8008 Iteration: 1
[peer] 20:04:29.481782 main.go:946: 6:Block sent to peer successful. Peer: 198.162.52.126:8002 Iteration: 1
[peer] 20:04:29.482152 main.go:946: 6:Block sent to peer successful. Peer: 198.162.52.126:8009 Iteration: 1
[peer] 20:04:29.482182 main.go:946: 6:Block sent to peer successful. Peer: 198.162.52.126:8000 Iteration: 1
[peer] 20:04:29.482212 main.go:917: 6:RPC calls successfully returned. Iteration: 1
[peer] 20:04:29.483224 honest.go:130: 6Train Error is 1.00000 in Iteration 1
[peer] 20:04:29.483243 main.go:923: 6:Preparing for next Iteration. Current Iteration: 1
[peer] 20:04:29.558770 main.go:178: 6:Got block message, iteration 1
[peer] 20:04:29.558855 main.go:776: Trying to acquire lock...
[peer] 20:04:29.600505 main.go:178: 6:Got block message, iteration 1
[peer] 20:04:29.600584 main.go:776: Trying to acquire lock...
[peer] 20:04:29.742649 main.go:178: 6:Got block message, iteration 1
[peer] 20:04:29.742823 main.go:776: Trying to acquire lock...
[peer] 20:04:29.881693 main.go:178: 6:Got block message, iteration 1
[peer] 20:04:29.881754 main.go:776: Trying to acquire lock...
[peer] 20:04:29.891143 main.go:178: 6:Got block message, iteration 1
[peer] 20:04:29.891269 main.go:776: Trying to acquire lock...
[peer] 20:04:30.481345 main.go:1074: 6:Will try and create an empty block
[peer] 20:04:30.481378 blockchain.go:70: Returning a block
[err] 20:04:30.481392 main.go:296: Iteration: 1, err = Forbidden overwrite of block foiled
[peer] 20:04:30.481410 main.go:990: 6:Computing Update
[peer] 20:04:30.481942 main.go:997: Sending update to verifiers
[err] 20:04:30.482661 main.go:296: Unable to connect to verifier, err = dial tcp 198.162.52.57:8010: connect: connection refused
[peer] 20:04:30.482687 main.go:1064: GOT VERIFIER ERROR
[peer] 20:04:31.482810 main.go:1074: 6:Will try and create an empty block
[peer] 20:04:31.482867 blockchain.go:70: Returning a block
[err] 20:04:31.482883 main.go:296: Iteration: 1, err = Forbidden overwrite of block foiled
[peer] 20:04:31.482940 main.go:628: Moving on to next iteration 2
[peer] 20:04:31.483012 blockchain.go:51: Latest Block Hash is: 5b53d343914a3c1095fa27fcfff51ac9f10536a6a45c08eaa22f8681a5cbeabc
[peer] 20:04:31.485301 vrf.go:97: Verifier lottery winner is 17 at 179 
[peer] 20:04:31.485327 vrf.go:113: Miner lottery winner is 5 at 59 
[peer] 20:04:31.485340 vrf.go:113: Miner lottery winner is 8 at 83 
[peer] 20:04:31.485350 vrf.go:129: Noise lottery winner is 9 at 97 
[peer] 20:04:31.485369 main.go:238: Verifiers are [%!s(int=17)]
[peer] 20:04:31.485383 main.go:239: Miners are [%!s(int=5) %!s(int=8)]
[peer] 20:04:31.485402 main.go:240: Noisers are [%!s(int=9)]
[peer] 20:04:31.485415 main.go:643: 6:I am not miner or verifier. Iteration:2
[peer] 20:04:31.485453 main.go:779: Got lock, processing block
[peer] 20:04:31.485494 blockchain.go:70: Returning a block
[peer] 20:04:31.485503 main.go:786: Already have block
[peer] 20:04:31.485515 main.go:790: Released bool lock
[peer] 20:04:31.485523 blockchain.go:70: Returning a block
[peer] 20:04:31.485529 blockchain.go:70: Returning a block
[peer] 20:04:31.485537 main.go:818: 6:Equal block
[peer] 20:04:31.485546 main.go:779: Got lock, processing block
[peer] 20:04:31.485553 blockchain.go:70: Returning a block
[peer] 20:04:31.485559 main.go:786: Already have block
[peer] 20:04:31.485566 main.go:790: Released bool lock
[peer] 20:04:31.485573 blockchain.go:70: Returning a block
[peer] 20:04:31.485578 blockchain.go:70: Returning a block
[peer] 20:04:31.485585 main.go:818: 6:Equal block
[peer] 20:04:31.485585 main.go:779: Got lock, processing block
[peer] 20:04:31.485600 blockchain.go:70: Returning a block
[peer] 20:04:31.485607 main.go:786: Already have block
[peer] 20:04:31.485619 main.go:790: Released bool lock
[peer] 20:04:31.485626 blockchain.go:70: Returning a block
[peer] 20:04:31.485633 blockchain.go:70: Returning a block
[peer] 20:04:31.485640 main.go:818: 6:Equal block
[peer] 20:04:31.485661 main.go:779: Got lock, processing block
[peer] 20:04:31.485670 blockchain.go:70: Returning a block
[peer] 20:04:31.485678 main.go:786: Already have block
[peer] 20:04:31.485692 main.go:790: Released bool lock
[peer] 20:04:31.485702 blockchain.go:70: Returning a block
[peer] 20:04:31.485710 blockchain.go:70: Returning a block
[peer] 20:04:31.485719 main.go:818: 6:Equal block
[peer] 20:04:31.485730 main.go:779: Got lock, processing block
[peer] 20:04:31.485739 blockchain.go:70: Returning a block
[peer] 20:04:31.485747 main.go:786: Already have block
[peer] 20:04:31.485775 main.go:790: Released bool lock
[peer] 20:04:31.485786 blockchain.go:70: Returning a block
[peer] 20:04:31.485803 blockchain.go:70: Returning a block
[peer] 20:04:31.485822 main.go:818: 6:Equal block
[peer] 20:04:31.485847 main.go:990: 6:Computing Update
[peer] 20:04:31.486426 main.go:997: Sending update to verifiers
[err] 20:04:31.486872 main.go:296: Unable to connect to verifier, err = dial tcp 198.162.52.57:8017: connect: connection refused
[peer] 20:04:31.486888 main.go:1064: GOT VERIFIER ERROR
[peer] 20:04:31.898276 main.go:178: 6:Got block message, iteration 2
[peer] 20:04:31.898395 main.go:776: Trying to acquire lock...
[peer] 20:04:31.901603 main.go:178: 6:Got block message, iteration 2
[peer] 20:04:31.901742 main.go:178: 6:Got block message, iteration 2
[peer] 20:04:31.901773 main.go:776: Trying to acquire lock...
[peer] 20:04:31.901886 main.go:776: Trying to acquire lock...
[peer] 20:04:32.118678 main.go:178: 6:Got block message, iteration 2
[peer] 20:04:32.118803 main.go:776: Trying to acquire lock...
[peer] 20:04:32.270854 main.go:178: 6:Got block message, iteration 2
[peer] 20:04:32.270931 main.go:776: Trying to acquire lock...
[peer] 20:04:32.464725 main.go:178: 6:Got block message, iteration 2
[peer] 20:04:32.464840 main.go:776: Trying to acquire lock...
[peer] 20:04:32.486973 main.go:1074: 6:Will try and create an empty block
[peer] 20:04:32.486991 blockchain.go:81: Returning nil
[peer] 20:04:32.487068 main.go:1080: 6:Sending an empty block
[peer] 20:04:32.487083 main.go:990: 6:Computing Update
[peer] 20:04:32.487097 main.go:899: 6:Sending block of iteration: 2
[peer] 20:04:32.487521 main.go:997: Sending update to verifiers
[peer] 20:04:32.488538 main.go:946: 6:Block sent to peer successful. Peer: 198.162.52.126:8002 Iteration: 2
[err] 20:04:32.488602 main.go:296: Unable to connect to verifier, err = dial tcp 198.162.52.57:8017: connect: connection refused
[peer] 20:04:32.488604 main.go:946: 6:Block sent to peer successful. Peer: 198.162.52.126:8008 Iteration: 2
[peer] 20:04:32.488613 main.go:1064: GOT VERIFIER ERROR
[peer] 20:04:32.489381 main.go:946: 6:Block sent to peer successful. Peer: 198.162.52.126:8004 Iteration: 2
[peer] 20:04:32.489532 main.go:946: 6:Block sent to peer successful. Peer: 198.162.52.126:8009 Iteration: 2
[peer] 20:04:32.489540 main.go:946: 6:Block sent to peer successful. Peer: 198.162.52.126:8003 Iteration: 2
[peer] 20:04:32.489632 main.go:946: 6:Block sent to peer successful. Peer: 198.162.52.126:8000 Iteration: 2
[peer] 20:04:32.489715 main.go:946: 6:Block sent to peer successful. Peer: 198.162.52.126:8005 Iteration: 2
[peer] 20:04:32.489874 main.go:946: 6:Block sent to peer successful. Peer: 198.162.52.126:8007 Iteration: 2
[peer] 20:04:32.490186 main.go:946: 6:Block sent to peer successful. Peer: 198.162.52.126:8001 Iteration: 2
[peer] 20:04:32.490214 main.go:917: 6:RPC calls successfully returned. Iteration: 2
[peer] 20:04:32.491222 honest.go:130: 6Train Error is 1.00000 in Iteration 2
[peer] 20:04:32.491242 main.go:923: 6:Preparing for next Iteration. Current Iteration: 2
[peer] 20:04:32.570770 main.go:178: 6:Got block message, iteration 2
[peer] 20:04:32.570839 main.go:776: Trying to acquire lock...
[peer] 20:04:32.752313 main.go:178: 6:Got block message, iteration 2
[peer] 20:04:32.752410 main.go:776: Trying to acquire lock...
[peer] 20:04:32.889378 main.go:178: 6:Got block message, iteration 2
[peer] 20:04:32.889460 main.go:776: Trying to acquire lock...
[peer] 20:04:32.930335 main.go:178: 6:Got block message, iteration 3
[peer] 20:04:32.930419 main.go:776: Trying to acquire lock...
[peer] 20:04:33.008246 main.go:178: 6:Got block message, iteration 3
[peer] 20:04:33.008358 main.go:776: Trying to acquire lock...
[peer] 20:04:33.120869 main.go:178: 6:Got block message, iteration 3
[peer] 20:04:33.120941 main.go:776: Trying to acquire lock...
[peer] 20:04:33.274170 main.go:178: 6:Got block message, iteration 3
[peer] 20:04:33.274279 main.go:776: Trying to acquire lock...
[peer] 20:04:33.467851 main.go:178: 6:Got block message, iteration 3
[peer] 20:04:33.467977 main.go:776: Trying to acquire lock...
[peer] 20:04:33.488987 main.go:1074: 6:Will try and create an empty block
[peer] 20:04:33.489003 blockchain.go:70: Returning a block
[err] 20:04:33.489012 main.go:296: Iteration: 2, err = Forbidden overwrite of block foiled
[peer] 20:04:33.489027 main.go:779: Got lock, processing block
[peer] 20:04:33.489037 blockchain.go:70: Returning a block
[peer] 20:04:33.489043 main.go:786: Already have block
[peer] 20:04:33.489051 main.go:790: Released bool lock
[peer] 20:04:33.489057 blockchain.go:70: Returning a block
[peer] 20:04:33.489063 blockchain.go:70: Returning a block
[peer] 20:04:33.489070 main.go:818: 6:Equal block
[peer] 20:04:33.489078 main.go:779: Got lock, processing block
[peer] 20:04:33.489083 blockchain.go:70: Returning a block
[peer] 20:04:33.489089 main.go:786: Already have block
[peer] 20:04:33.489096 main.go:790: Released bool lock
[peer] 20:04:33.489103 blockchain.go:70: Returning a block
[peer] 20:04:33.489108 blockchain.go:70: Returning a block
[peer] 20:04:33.489114 main.go:818: 6:Equal block
[peer] 20:04:33.489121 main.go:779: Got lock, processing block
[peer] 20:04:33.489126 blockchain.go:70: Returning a block
[peer] 20:04:33.489132 main.go:786: Already have block
[peer] 20:04:33.489139 main.go:790: Released bool lock
[peer] 20:04:33.489145 blockchain.go:70: Returning a block
[peer] 20:04:33.489150 blockchain.go:70: Returning a block
[peer] 20:04:33.489156 main.go:818: 6:Equal block
[peer] 20:04:33.489163 main.go:779: Got lock, processing block
[peer] 20:04:33.489169 blockchain.go:70: Returning a block
[peer] 20:04:33.489175 main.go:786: Already have block
[peer] 20:04:33.489181 main.go:790: Released bool lock
[peer] 20:04:33.489187 blockchain.go:70: Returning a block
[peer] 20:04:33.489193 blockchain.go:70: Returning a block
[peer] 20:04:33.489199 main.go:818: 6:Equal block
[peer] 20:04:33.489206 main.go:779: Got lock, processing block
[peer] 20:04:33.489211 blockchain.go:70: Returning a block
[peer] 20:04:33.489217 main.go:786: Already have block
[peer] 20:04:33.489223 main.go:790: Released bool lock
[peer] 20:04:33.489229 blockchain.go:70: Returning a block
[peer] 20:04:33.489234 blockchain.go:70: Returning a block
[peer] 20:04:33.489240 main.go:818: 6:Equal block
[peer] 20:04:33.489247 main.go:779: Got lock, processing block
[peer] 20:04:33.489253 blockchain.go:70: Returning a block
[peer] 20:04:33.489258 main.go:786: Already have block
[peer] 20:04:33.489265 main.go:790: Released bool lock
[peer] 20:04:33.489271 blockchain.go:70: Returning a block
[peer] 20:04:33.489277 blockchain.go:70: Returning a block
[peer] 20:04:33.489282 main.go:818: 6:Equal block
[peer] 20:04:33.489298 main.go:628: Moving on to next iteration 3
[peer] 20:04:33.489327 blockchain.go:51: Latest Block Hash is: 338744069f09320cf329736e7865b8a986cf826ec4f21487bf76cd1742c85b38
[peer] 20:04:33.490319 vrf.go:97: Verifier lottery winner is 19 at 191 
[peer] 20:04:33.490327 vrf.go:113: Miner lottery winner is 2 at 28 
[peer] 20:04:33.490336 vrf.go:113: Miner lottery winner is 1 at 14 
[peer] 20:04:33.490342 vrf.go:129: Noise lottery winner is 9 at 95 
[peer] 20:04:33.490353 main.go:238: Verifiers are [%!s(int=19)]
[peer] 20:04:33.490359 main.go:239: Miners are [%!s(int=2) %!s(int=1)]
[peer] 20:04:33.490364 main.go:240: Noisers are [%!s(int=9)]
[peer] 20:04:33.490369 main.go:643: 6:I am not miner or verifier. Iteration:3
[peer] 20:04:33.490387 main.go:779: Got lock, processing block
[peer] 20:04:33.490399 blockchain.go:70: Returning a block
[peer] 20:04:33.490412 main.go:786: Already have block
[peer] 20:04:33.490420 main.go:790: Released bool lock
[peer] 20:04:33.490426 blockchain.go:70: Returning a block
[peer] 20:04:33.490432 blockchain.go:70: Returning a block
[peer] 20:04:33.490438 main.go:818: 6:Equal block
[peer] 20:04:33.490446 main.go:779: Got lock, processing block
[peer] 20:04:33.490451 blockchain.go:70: Returning a block
[peer] 20:04:33.490457 main.go:786: Already have block
[peer] 20:04:33.490463 main.go:790: Released bool lock
[peer] 20:04:33.490469 blockchain.go:70: Returning a block
[peer] 20:04:33.490483 blockchain.go:70: Returning a block
[peer] 20:04:33.490489 main.go:818: 6:Equal block
[peer] 20:04:33.490498 main.go:779: Got lock, processing block
[peer] 20:04:33.490504 blockchain.go:70: Returning a block
[peer] 20:04:33.490509 main.go:786: Already have block
[peer] 20:04:33.490516 main.go:790: Released bool lock
[peer] 20:04:33.490522 blockchain.go:70: Returning a block
[peer] 20:04:33.490527 blockchain.go:70: Returning a block
[peer] 20:04:33.490533 main.go:818: 6:Equal block
[peer] 20:04:33.490540 main.go:779: Got lock, processing block
[peer] 20:04:33.490546 blockchain.go:81: Returning nil
[peer] 20:04:33.490554 main.go:868: 6:Adding block for 3, I am at 3
[peer] 20:04:33.490567 honest.go:303: Trying to append block with iteration:3
[peer] 20:04:33.490573 blockchain.go:81: Returning nil
[peer] 20:04:33.490579 honest.go:319: Append successful
[peer] 20:04:33.490593 main.go:899: 6:Sending block of iteration: 3
[peer] 20:04:33.490681 main.go:779: Got lock, processing block
[peer] 20:04:33.490690 blockchain.go:70: Returning a block
[peer] 20:04:33.490696 main.go:786: Already have block
[peer] 20:04:33.490703 main.go:790: Released bool lock
[peer] 20:04:33.490709 blockchain.go:70: Returning a block
[peer] 20:04:33.490715 blockchain.go:70: Returning a block
[peer] 20:04:33.490721 main.go:818: 6:Equal block
[peer] 20:04:33.490728 main.go:779: Got lock, processing block
[peer] 20:04:33.490734 blockchain.go:70: Returning a block
[peer] 20:04:33.490739 main.go:786: Already have block
[peer] 20:04:33.490746 main.go:790: Released bool lock
[peer] 20:04:33.490752 blockchain.go:70: Returning a block
[peer] 20:04:33.490758 blockchain.go:70: Returning a block
[peer] 20:04:33.490763 main.go:818: 6:Equal block
[peer] 20:04:33.490770 main.go:779: Got lock, processing block
[peer] 20:04:33.490776 blockchain.go:70: Returning a block
[peer] 20:04:33.490781 main.go:786: Already have block
[peer] 20:04:33.490788 main.go:790: Released bool lock
[peer] 20:04:33.490794 blockchain.go:70: Returning a block
[peer] 20:04:33.490800 blockchain.go:70: Returning a block
[peer] 20:04:33.490806 main.go:818: 6:Equal block
[peer] 20:04:33.490812 main.go:779: Got lock, processing block
[peer] 20:04:33.490818 blockchain.go:70: Returning a block
[peer] 20:04:33.490824 main.go:786: Already have block
[peer] 20:04:33.490831 main.go:790: Released bool lock
[peer] 20:04:33.490837 blockchain.go:70: Returning a block
[peer] 20:04:33.490843 blockchain.go:70: Returning a block
[peer] 20:04:33.490848 main.go:818: 6:Equal block
[peer] 20:04:33.492197 main.go:946: 6:Block sent to peer successful. Peer: 198.162.52.126:8009 Iteration: 3
[peer] 20:04:33.492247 main.go:946: 6:Block sent to peer successful. Peer: 198.162.52.126:8004 Iteration: 3
[peer] 20:04:33.492369 main.go:946: 6:Block sent to peer successful. Peer: 198.162.52.126:8001 Iteration: 3
[peer] 20:04:33.492527 main.go:946: 6:Block sent to peer successful. Peer: 198.162.52.126:8002 Iteration: 3
[peer] 20:04:33.493425 main.go:990: 6:Computing Update
[peer] 20:04:33.493815 main.go:997: Sending update to verifiers
[peer] 20:04:33.494280 main.go:946: 6:Block sent to peer successful. Peer: 198.162.52.126:8008 Iteration: 3
[peer] 20:04:33.494436 main.go:946: 6:Block sent to peer successful. Peer: 198.162.52.126:8000 Iteration: 3
[peer] 20:04:33.494581 main.go:946: 6:Block sent to peer successful. Peer: 198.162.52.126:8005 Iteration: 3
[peer] 20:04:33.494720 main.go:946: 6:Block sent to peer successful. Peer: 198.162.52.126:8003 Iteration: 3
[peer] 20:04:33.494863 main.go:946: 6:Block sent to peer successful. Peer: 198.162.52.126:8007 Iteration: 3
[err] 20:04:33.494963 main.go:296: Unable to connect to verifier, err = dial tcp 198.162.52.57:8019: connect: connection refused
[peer] 20:04:33.494972 main.go:1064: GOT VERIFIER ERROR
[peer] 20:04:33.495015 main.go:917: 6:RPC calls successfully returned. Iteration: 3
[peer] 20:04:33.495857 honest.go:130: 6Train Error is 1.00000 in Iteration 3
[peer] 20:04:33.495876 main.go:923: 6:Preparing for next Iteration. Current Iteration: 3
[peer] 20:04:33.570298 main.go:178: 6:Got block message, iteration 3
[peer] 20:04:33.570383 main.go:776: Trying to acquire lock...
[peer] 20:04:33.754314 main.go:178: 6:Got block message, iteration 3
[peer] 20:04:33.754399 main.go:776: Trying to acquire lock...
[peer] 20:04:33.893739 main.go:178: 6:Got block message, iteration 3
[peer] 20:04:33.893815 main.go:776: Trying to acquire lock...
[peer] 20:04:33.904040 main.go:178: 6:Got block message, iteration 3
[peer] 20:04:33.904133 main.go:776: Trying to acquire lock...
[peer] 20:04:34.222126 main.go:178: 6:Got block message, iteration 4
[peer] 20:04:34.222257 main.go:776: Trying to acquire lock...
[peer] 20:04:34.495074 main.go:1074: 6:Will try and create an empty block
[peer] 20:04:34.495093 blockchain.go:70: Returning a block
[err] 20:04:34.495102 main.go:296: Iteration: 3, err = Forbidden overwrite of block foiled
[peer] 20:04:34.495110 main.go:990: 6:Computing Update
[peer] 20:04:34.495405 main.go:997: Sending update to verifiers
[err] 20:04:34.495742 main.go:296: Unable to connect to verifier, err = dial tcp 198.162.52.57:8019: connect: connection refused
[peer] 20:04:34.495753 main.go:1064: GOT VERIFIER ERROR
[peer] 20:04:34.937763 main.go:178: 6:Got block message, iteration 4
[peer] 20:04:34.937905 main.go:776: Trying to acquire lock...
[peer] 20:04:35.006506 main.go:178: 6:Got block message, iteration 4
[peer] 20:04:35.006582 main.go:776: Trying to acquire lock...
[peer] 20:04:35.017211 main.go:178: 6:Got block message, iteration 4
[peer] 20:04:35.017281 main.go:776: Trying to acquire lock...
[peer] 20:04:35.185299 main.go:200: 6:Registering peer:198.162.52.57:8012
[peer] 20:04:35.185319 main.go:211: Advertising chain to peer with length 5
[peer] 20:04:35.215656 main.go:200: 6:Registering peer:198.162.52.57:8014
[peer] 20:04:35.215687 main.go:211: Advertising chain to peer with length 5
[peer] 20:04:35.225559 main.go:200: 6:Registering peer:198.162.52.57:8013
[peer] 20:04:35.225586 main.go:211: Advertising chain to peer with length 5
[peer] 20:04:35.277602 main.go:178: 6:Got block message, iteration 4
[peer] 20:04:35.277681 main.go:776: Trying to acquire lock...
[peer] 20:04:35.291791 main.go:200: 6:Registering peer:198.162.52.57:8010
[peer] 20:04:35.291805 main.go:211: Advertising chain to peer with length 5
[peer] 20:04:35.336463 main.go:200: 6:Registering peer:198.162.52.57:8011
[peer] 20:04:35.336485 main.go:211: Advertising chain to peer with length 5
[peer] 20:04:35.390709 main.go:200: 6:Registering peer:198.162.52.57:8017
[peer] 20:04:35.390734 main.go:211: Advertising chain to peer with length 5
[peer] 20:04:35.396337 main.go:200: 6:Registering peer:198.162.52.57:8016
[peer] 20:04:35.396358 main.go:211: Advertising chain to peer with length 5
[peer] 20:04:35.442735 main.go:200: 6:Registering peer:198.162.52.57:8018
[peer] 20:04:35.442757 main.go:211: Advertising chain to peer with length 5
[peer] 20:04:35.451112 main.go:200: 6:Registering peer:198.162.52.57:8015
[peer] 20:04:35.451130 main.go:211: Advertising chain to peer with length 5
[peer] 20:04:35.474579 main.go:178: 6:Got block message, iteration 4
[peer] 20:04:35.474742 main.go:776: Trying to acquire lock...
[peer] 20:04:35.495844 main.go:1074: 6:Will try and create an empty block
[peer] 20:04:35.495862 blockchain.go:70: Returning a block
[err] 20:04:35.495872 main.go:296: Iteration: 3, err = Forbidden overwrite of block foiled
[peer] 20:04:35.495900 main.go:628: Moving on to next iteration 4
[peer] 20:04:35.495924 blockchain.go:51: Latest Block Hash is: fbf8681661f99974639acc160d1f2e2a3d4d8b58af6f7e6a552daf58d690fb4a
[peer] 20:04:35.497492 vrf.go:97: Verifier lottery winner is 10 at 104 
[peer] 20:04:35.497504 vrf.go:113: Miner lottery winner is 19 at 192 
[peer] 20:04:35.497511 vrf.go:113: Miner lottery winner is 4 at 46 
[peer] 20:04:35.497518 vrf.go:129: Noise lottery winner is 12 at 129 
[peer] 20:04:35.497531 main.go:238: Verifiers are [%!s(int=10)]
[peer] 20:04:35.497540 main.go:239: Miners are [%!s(int=19) %!s(int=4)]
[peer] 20:04:35.497547 main.go:240: Noisers are [%!s(int=12)]
[peer] 20:04:35.497556 main.go:643: 6:I am not miner or verifier. Iteration:4
[peer] 20:04:35.497631 main.go:779: Got lock, processing block
[peer] 20:04:35.497641 blockchain.go:70: Returning a block
[peer] 20:04:35.497648 main.go:786: Already have block
[peer] 20:04:35.497655 main.go:790: Released bool lock
[peer] 20:04:35.497662 blockchain.go:70: Returning a block
[peer] 20:04:35.497667 blockchain.go:70: Returning a block
[peer] 20:04:35.497674 main.go:818: 6:Equal block
[peer] 20:04:35.497682 main.go:779: Got lock, processing block
[peer] 20:04:35.497688 blockchain.go:70: Returning a block
[peer] 20:04:35.497693 main.go:786: Already have block
[peer] 20:04:35.497700 main.go:790: Released bool lock
[peer] 20:04:35.497706 blockchain.go:70: Returning a block
[peer] 20:04:35.497712 blockchain.go:70: Returning a block
[peer] 20:04:35.497718 main.go:818: 6:Equal block
[peer] 20:04:35.497725 main.go:779: Got lock, processing block
[peer] 20:04:35.497731 blockchain.go:70: Returning a block
[peer] 20:04:35.497737 main.go:786: Already have block
[peer] 20:04:35.497743 main.go:790: Released bool lock
[peer] 20:04:35.497749 blockchain.go:70: Returning a block
[peer] 20:04:35.497755 blockchain.go:70: Returning a block
[peer] 20:04:35.497761 main.go:818: 6:Equal block
[peer] 20:04:35.497768 main.go:779: Got lock, processing block
[peer] 20:04:35.497774 blockchain.go:70: Returning a block
[peer] 20:04:35.497779 main.go:786: Already have block
[peer] 20:04:35.497786 main.go:790: Released bool lock
[peer] 20:04:35.497792 blockchain.go:70: Returning a block
[peer] 20:04:35.497797 blockchain.go:70: Returning a block
[peer] 20:04:35.497803 main.go:818: 6:Equal block
[peer] 20:04:35.497810 main.go:779: Got lock, processing block
[peer] 20:04:35.497816 blockchain.go:81: Returning nil
[peer] 20:04:35.497824 main.go:868: 6:Adding block for 4, I am at 4
[peer] 20:04:35.497837 honest.go:303: Trying to append block with iteration:4
[peer] 20:04:35.497843 blockchain.go:81: Returning nil
[peer] 20:04:35.497849 honest.go:319: Append successful
[peer] 20:04:35.497863 main.go:899: 6:Sending block of iteration: 4
[peer] 20:04:35.497939 main.go:779: Got lock, processing block
[peer] 20:04:35.497947 blockchain.go:70: Returning a block
[peer] 20:04:35.497953 main.go:786: Already have block
[peer] 20:04:35.497960 main.go:790: Released bool lock
[peer] 20:04:35.497966 blockchain.go:70: Returning a block
[peer] 20:04:35.497971 blockchain.go:70: Returning a block
[peer] 20:04:35.497977 main.go:818: 6:Equal block
[peer] 20:04:35.497986 main.go:779: Got lock, processing block
[peer] 20:04:35.497992 blockchain.go:70: Returning a block
[peer] 20:04:35.497997 main.go:786: Already have block
[peer] 20:04:35.498004 main.go:790: Released bool lock
[peer] 20:04:35.498010 blockchain.go:70: Returning a block
[peer] 20:04:35.498015 blockchain.go:70: Returning a block
[peer] 20:04:35.498021 main.go:818: 6:Equal block
[peer] 20:04:35.498028 main.go:779: Got lock, processing block
[peer] 20:04:35.498034 blockchain.go:70: Returning a block
[peer] 20:04:35.498040 main.go:786: Already have block
[peer] 20:04:35.498047 main.go:790: Released bool lock
[peer] 20:04:35.498053 blockchain.go:70: Returning a block
[peer] 20:04:35.498058 blockchain.go:70: Returning a block
[peer] 20:04:35.498064 main.go:818: 6:Equal block
[peer] 20:04:35.498072 main.go:779: Got lock, processing block
[peer] 20:04:35.498077 blockchain.go:70: Returning a block
[peer] 20:04:35.498083 main.go:786: Already have block
[peer] 20:04:35.498090 main.go:790: Released bool lock
[peer] 20:04:35.498096 blockchain.go:70: Returning a block
[peer] 20:04:35.498101 blockchain.go:70: Returning a block
[peer] 20:04:35.498107 main.go:818: 6:Equal block
[peer] 20:04:35.498114 main.go:779: Got lock, processing block
[peer] 20:04:35.498120 blockchain.go:70: Returning a block
[peer] 20:04:35.498126 main.go:786: Already have block
[peer] 20:04:35.498133 main.go:790: Released bool lock
[peer] 20:04:35.498138 blockchain.go:70: Returning a block
[peer] 20:04:35.498144 blockchain.go:70: Returning a block
[peer] 20:04:35.498150 main.go:818: 6:Equal block
[err] 20:04:35.498574 main.go:296: rpc Dial, err = dial tcp 198.162.52.57:8018: connect: connection refused
[peer] 20:04:35.498588 main.go:968: 6:Peer Unresponsive. Removed Peer:198.162.52.57:8018
[err] 20:04:35.498726 main.go:296: rpc Dial, err = dial tcp 198.162.52.57:8011: connect: connection refused
[peer] 20:04:35.498740 main.go:968: 6:Peer Unresponsive. Removed Peer:198.162.52.57:8011
[err] 20:04:35.498865 main.go:296: rpc Dial, err = dial tcp 198.162.52.57:8014: connect: connection refused
[peer] 20:04:35.498878 main.go:968: 6:Peer Unresponsive. Removed Peer:198.162.52.57:8014
[err] 20:04:35.498899 main.go:296: rpc Dial, err = dial tcp 198.162.52.57:8017: connect: connection refused
[peer] 20:04:35.498909 main.go:968: 6:Peer Unresponsive. Removed Peer:198.162.52.57:8017
[peer] 20:04:35.499045 main.go:946: 6:Block sent to peer successful. Peer: 198.162.52.126:8009 Iteration: 4
[peer] 20:04:35.499055 main.go:946: 6:Block sent to peer successful. Peer: 198.162.52.126:8002 Iteration: 4
[peer] 20:04:35.499200 main.go:946: 6:Block sent to peer successful. Peer: 198.162.52.126:8003 Iteration: 4
[peer] 20:04:35.499219 main.go:946: 6:Block sent to peer successful. Peer: 198.162.52.126:8000 Iteration: 4
[err] 20:04:35.499277 main.go:296: rpc Dial, err = dial tcp 198.162.52.57:8010: connect: connection refused
[peer] 20:04:35.499288 main.go:968: 6:Peer Unresponsive. Removed Peer:198.162.52.57:8010
[err] 20:04:35.499370 main.go:296: rpc Dial, err = dial tcp 198.162.52.126:8001: connect: connection refused
[peer] 20:04:35.499382 main.go:968: 6:Peer Unresponsive. Removed Peer:198.162.52.126:8001
[peer] 20:04:35.499414 main.go:946: 6:Block sent to peer successful. Peer: 198.162.52.57:8012 Iteration: 4
[peer] 20:04:35.499559 main.go:990: 6:Computing Update
[peer] 20:04:35.499872 main.go:946: 6:Block sent to peer successful. Peer: 198.162.52.126:8008 Iteration: 4
[peer] 20:04:35.499959 main.go:997: Sending update to verifiers
[peer] 20:04:35.500125 main.go:946: 6:Block sent to peer successful. Peer: 198.162.52.57:8016 Iteration: 4
[peer] 20:04:35.500291 main.go:946: 6:Block sent to peer successful. Peer: 198.162.52.57:8013 Iteration: 4
[err] 20:04:35.500345 main.go:296: Unable to connect to verifier, err = dial tcp 198.162.52.57:8010: connect: connection refused
[peer] 20:04:35.500356 main.go:1064: GOT VERIFIER ERROR
[peer] 20:04:35.500449 main.go:946: 6:Block sent to peer successful. Peer: 198.162.52.126:8007 Iteration: 4
[peer] 20:04:35.500727 main.go:946: 6:Block sent to peer successful. Peer: 198.162.52.126:8005 Iteration: 4
[peer] 20:04:35.500747 main.go:946: 6:Block sent to peer successful. Peer: 198.162.52.126:8004 Iteration: 4
[peer] 20:04:35.509552 main.go:946: 6:Block sent to peer successful. Peer: 198.162.52.57:8015 Iteration: 4
[err] 20:04:35.509572 main.go:296: Error in sending block, err = read tcp 198.162.52.126:44958->198.162.52.57:8015: read: connection reset by peer
[peer] 20:04:35.509590 main.go:917: 6:RPC calls successfully returned. Iteration: 4
[peer] 20:04:35.511554 honest.go:130: 6Train Error is 1.00000 in Iteration 4
[peer] 20:04:35.511574 main.go:923: 6:Preparing for next Iteration. Current Iteration: 4
[peer] 20:04:35.539876 main.go:200: 6:Registering peer:198.162.52.57:8019
[peer] 20:04:35.539892 main.go:211: Advertising chain to peer with length 6
[peer] 20:04:35.575901 main.go:178: 6:Got block message, iteration 4
[peer] 20:04:35.575977 main.go:776: Trying to acquire lock...
[peer] 20:04:35.758950 main.go:178: 6:Got block message, iteration 4
[peer] 20:04:35.759061 main.go:776: Trying to acquire lock...
[peer] 20:04:35.898433 main.go:178: 6:Got block message, iteration 4
[peer] 20:04:35.898497 main.go:776: Trying to acquire lock...
[peer] 20:04:36.201732 main.go:178: 6:Got block message, iteration 5
[peer] 20:04:36.201841 main.go:776: Trying to acquire lock...
[peer] 20:04:36.204193 main.go:178: 6:Got block message, iteration 5
[peer] 20:04:36.204298 main.go:776: Trying to acquire lock...
[peer] 20:04:36.205545 main.go:178: 6:Got block message, iteration 5
[peer] 20:04:36.205617 main.go:776: Trying to acquire lock...
[peer] 20:04:36.500516 main.go:1074: 6:Will try and create an empty block
[peer] 20:04:36.500560 blockchain.go:70: Returning a block
[err] 20:04:36.500579 main.go:296: Iteration: 4, err = Forbidden overwrite of block foiled
[peer] 20:04:36.500599 main.go:990: 6:Computing Update
[peer] 20:04:36.501145 main.go:997: Sending update to verifiers
[err] 20:04:36.501550 main.go:296: Unable to connect to verifier, err = dial tcp 198.162.52.57:8010: connect: connection refused
[peer] 20:04:36.501575 main.go:1064: GOT VERIFIER ERROR
[peer] 20:04:37.283274 main.go:178: 6:Got block message, iteration 5
[peer] 20:04:37.283408 main.go:776: Trying to acquire lock...
[peer] 20:04:37.479047 main.go:178: 6:Got block message, iteration 5
[peer] 20:04:37.479164 main.go:776: Trying to acquire lock...
[peer] 20:04:37.501684 main.go:1074: 6:Will try and create an empty block
[peer] 20:04:37.501700 blockchain.go:70: Returning a block
[err] 20:04:37.501710 main.go:296: Iteration: 4, err = Forbidden overwrite of block foiled
[peer] 20:04:37.501733 main.go:628: Moving on to next iteration 5
[peer] 20:04:37.501755 blockchain.go:51: Latest Block Hash is: 80a68a6ecbc9bfb947b6160c42231d1350895abe309bf9ac8c41c03f8d6f58bd
[peer] 20:04:37.503312 vrf.go:97: Verifier lottery winner is 13 at 134 
[peer] 20:04:37.503322 vrf.go:113: Miner lottery winner is 3 at 34 
[peer] 20:04:37.503330 vrf.go:113: Miner lottery winner is 3 at 38 
[peer] 20:04:37.503336 vrf.go:113: Miner lottery winner is 16 at 163 
[peer] 20:04:37.503343 vrf.go:129: Noise lottery winner is 16 at 169 
[peer] 20:04:37.503356 main.go:238: Verifiers are [%!s(int=13)]
[peer] 20:04:37.503365 main.go:239: Miners are [%!s(int=3) %!s(int=16)]
[peer] 20:04:37.503373 main.go:240: Noisers are [%!s(int=16)]
[peer] 20:04:37.503380 main.go:643: 6:I am not miner or verifier. Iteration:5
[peer] 20:04:37.503437 main.go:779: Got lock, processing block
[peer] 20:04:37.503446 blockchain.go:70: Returning a block
[peer] 20:04:37.503453 main.go:786: Already have block
[peer] 20:04:37.503460 main.go:790: Released bool lock
[peer] 20:04:37.503467 blockchain.go:70: Returning a block
[peer] 20:04:37.503473 blockchain.go:70: Returning a block
[peer] 20:04:37.503479 main.go:818: 6:Equal block
[peer] 20:04:37.503487 main.go:779: Got lock, processing block
[peer] 20:04:37.503493 blockchain.go:70: Returning a block
[peer] 20:04:37.503499 main.go:786: Already have block
[peer] 20:04:37.503506 main.go:790: Released bool lock
[peer] 20:04:37.503512 blockchain.go:70: Returning a block
[peer] 20:04:37.503518 blockchain.go:70: Returning a block
[peer] 20:04:37.503524 main.go:818: 6:Equal block
[peer] 20:04:37.503531 main.go:779: Got lock, processing block
[peer] 20:04:37.503537 blockchain.go:70: Returning a block
[peer] 20:04:37.503542 main.go:786: Already have block
[peer] 20:04:37.503549 main.go:790: Released bool lock
[peer] 20:04:37.503555 blockchain.go:70: Returning a block
[peer] 20:04:37.503561 blockchain.go:70: Returning a block
[peer] 20:04:37.503567 main.go:818: 6:Equal block
[peer] 20:04:37.503574 main.go:779: Got lock, processing block
[peer] 20:04:37.503580 blockchain.go:81: Returning nil
[peer] 20:04:37.503588 main.go:868: 6:Adding block for 5, I am at 5
[peer] 20:04:37.503601 honest.go:303: Trying to append block with iteration:5
[peer] 20:04:37.503607 blockchain.go:81: Returning nil
[peer] 20:04:37.503613 honest.go:319: Append successful
[peer] 20:04:37.503627 main.go:899: 6:Sending block of iteration: 5
[peer] 20:04:37.503727 main.go:779: Got lock, processing block
[peer] 20:04:37.503735 blockchain.go:70: Returning a block
[peer] 20:04:37.503742 main.go:786: Already have block
[peer] 20:04:37.503749 main.go:790: Released bool lock
[peer] 20:04:37.503755 blockchain.go:70: Returning a block
[peer] 20:04:37.503761 blockchain.go:70: Returning a block
[peer] 20:04:37.503766 main.go:818: 6:Equal block
[peer] 20:04:37.503774 main.go:779: Got lock, processing block
[peer] 20:04:37.503780 blockchain.go:70: Returning a block
[peer] 20:04:37.503785 main.go:786: Already have block
[peer] 20:04:37.503792 main.go:790: Released bool lock
[peer] 20:04:37.503807 blockchain.go:70: Returning a block
[peer] 20:04:37.503814 blockchain.go:70: Returning a block
[peer] 20:04:37.503820 main.go:818: 6:Equal block
[peer] 20:04:37.503827 main.go:779: Got lock, processing block
[peer] 20:04:37.503832 blockchain.go:70: Returning a block
[peer] 20:04:37.503838 main.go:786: Already have block
[peer] 20:04:37.503845 main.go:790: Released bool lock
[peer] 20:04:37.503851 blockchain.go:70: Returning a block
[peer] 20:04:37.503856 blockchain.go:70: Returning a block
[peer] 20:04:37.503862 main.go:818: 6:Equal block
[peer] 20:04:37.503869 main.go:779: Got lock, processing block
[peer] 20:04:37.503875 blockchain.go:70: Returning a block
[peer] 20:04:37.503880 main.go:786: Already have block
[peer] 20:04:37.503888 main.go:790: Released bool lock
[peer] 20:04:37.503896 blockchain.go:70: Returning a block
[peer] 20:04:37.503902 blockchain.go:70: Returning a block
[peer] 20:04:37.503907 main.go:818: 6:Equal block
[err] 20:04:37.503943 main.go:296: rpc Dial, err = dial tcp 198.162.52.126:8005: connect: connection refused
[peer] 20:04:37.503954 main.go:968: 6:Peer Unresponsive. Removed Peer:198.162.52.126:8005
[err] 20:04:37.504308 main.go:296: rpc Dial, err = dial tcp 198.162.52.126:8002: connect: connection refused
[peer] 20:04:37.504321 main.go:968: 6:Peer Unresponsive. Removed Peer:198.162.52.126:8002
[err] 20:04:37.504605 main.go:296: rpc Dial, err = dial tcp 198.162.52.57:8015: connect: connection refused
[peer] 20:04:37.504617 main.go:968: 6:Peer Unresponsive. Removed Peer:198.162.52.57:8015
[err] 20:04:37.504633 main.go:296: rpc Dial, err = dial tcp 198.162.52.57:8019: connect: connection refused
[peer] 20:04:37.504642 main.go:968: 6:Peer Unresponsive. Removed Peer:198.162.52.57:8019
[err] 20:04:37.504657 main.go:296: rpc Dial, err = dial tcp 198.162.52.126:8008: connect: connection refused
[peer] 20:04:37.504666 main.go:968: 6:Peer Unresponsive. Removed Peer:198.162.52.126:8008
[err] 20:04:37.504753 main.go:296: rpc Dial, err = dial tcp 198.162.52.126:8004: connect: connection refused
[peer] 20:04:37.504764 main.go:968: 6:Peer Unresponsive. Removed Peer:198.162.52.126:8004
[err] 20:04:37.504888 main.go:296: rpc Dial, err = dial tcp 198.162.52.57:8013: connect: connection refused
[peer] 20:04:37.504899 main.go:968: 6:Peer Unresponsive. Removed Peer:198.162.52.57:8013
[peer] 20:04:37.506247 main.go:990: 6:Computing Update
[peer] 20:04:37.506641 main.go:997: Sending update to verifiers
[peer] 20:04:37.506861 main.go:946: 6:Block sent to peer successful. Peer: 198.162.52.126:8009 Iteration: 5
[peer] 20:04:37.507036 main.go:946: 6:Block sent to peer successful. Peer: 198.162.52.126:8007 Iteration: 5
[peer] 20:04:37.507179 main.go:946: 6:Block sent to peer successful. Peer: 198.162.52.57:8016 Iteration: 5
[peer] 20:04:37.507317 main.go:946: 6:Block sent to peer successful. Peer: 198.162.52.126:8000 Iteration: 5
[peer] 20:04:37.507475 main.go:946: 6:Block sent to peer successful. Peer: 198.162.52.126:8003 Iteration: 5
[err] 20:04:37.507512 main.go:296: rpc Dial, err = dial tcp 198.162.52.57:8012: connect: connection refused
[peer] 20:04:37.507523 main.go:968: 6:Peer Unresponsive. Removed Peer:198.162.52.57:8012
[peer] 20:04:37.507531 main.go:917: 6:RPC calls successfully returned. Iteration: 5
[err] 20:04:37.508114 main.go:296: Unable to connect to verifier, err = dial tcp 198.162.52.57:8013: connect: connection refused
[peer] 20:04:37.508128 main.go:1064: GOT VERIFIER ERROR
[peer] 20:04:37.508626 honest.go:130: 6Train Error is 1.00000 in Iteration 5
[peer] 20:04:37.508640 main.go:923: 6:Preparing for next Iteration. Current Iteration: 5
[peer] 20:04:37.579668 main.go:178: 6:Got block message, iteration 5
[peer] 20:04:37.579743 main.go:776: Trying to acquire lock...
[peer] 20:04:37.903833 main.go:178: 6:Got block message, iteration 5
[peer] 20:04:37.903972 main.go:776: Trying to acquire lock...
[peer] 20:04:38.508250 main.go:1074: 6:Will try and create an empty block
[peer] 20:04:38.508303 blockchain.go:70: Returning a block
[err] 20:04:38.508316 main.go:296: Iteration: 5, err = Forbidden overwrite of block foiled
[peer] 20:04:38.508345 main.go:990: 6:Computing Update
[peer] 20:04:38.508800 main.go:997: Sending update to verifiers
[err] 20:04:38.509421 main.go:296: Unable to connect to verifier, err = dial tcp 198.162.52.57:8013: connect: connection refused
[peer] 20:04:38.509437 main.go:1064: GOT VERIFIER ERROR
[peer] 20:04:39.509524 main.go:1074: 6:Will try and create an empty block
[peer] 20:04:39.509541 blockchain.go:70: Returning a block
[err] 20:04:39.509550 main.go:296: Iteration: 5, err = Forbidden overwrite of block foiled
[peer] 20:04:39.509576 main.go:628: Moving on to next iteration 6
[peer] 20:04:39.509606 blockchain.go:51: Latest Block Hash is: 4eec336ba304c31d59ef9a297b6562412cf7bdd0ac5ab0eb61a8bac35a861045
[peer] 20:04:39.511143 vrf.go:97: Verifier lottery winner is 0 at 4 
[peer] 20:04:39.511153 vrf.go:113: Miner lottery winner is 6 at 67 
[peer] 20:04:39.511160 vrf.go:113: Miner lottery winner is 16 at 163 
[peer] 20:04:39.511167 vrf.go:129: Noise lottery winner is 15 at 155 
[peer] 20:04:39.511179 main.go:238: Verifiers are [%!s(int=0)]
[peer] 20:04:39.511187 main.go:239: Miners are [%!s(int=6) %!s(int=16)]
[peer] 20:04:39.511195 main.go:240: Noisers are [%!s(int=15)]
[peer] 20:04:39.511202 main.go:636: 6:I am miner. Iteration:6
[peer] 20:04:39.511226 main.go:779: Got lock, processing block
[peer] 20:04:39.511244 blockchain.go:70: Returning a block
[peer] 20:04:39.511251 main.go:786: Already have block
[peer] 20:04:39.511260 main.go:790: Released bool lock
[peer] 20:04:39.511266 blockchain.go:70: Returning a block
[peer] 20:04:39.511273 blockchain.go:70: Returning a block
[peer] 20:04:39.511280 main.go:818: 6:Equal block
[peer] 20:04:39.511288 main.go:779: Got lock, processing block
[peer] 20:04:39.511294 blockchain.go:70: Returning a block
[peer] 20:04:39.511300 main.go:786: Already have block
[peer] 20:04:39.511307 main.go:790: Released bool lock
[peer] 20:04:39.511313 blockchain.go:70: Returning a block
[peer] 20:04:39.511319 blockchain.go:70: Returning a block
[peer] 20:04:39.511325 main.go:818: 6:Equal block
[peer] 20:04:49.511313 main.go:1248: 6:Timeout. Didn't receive expected number of updates. Preparing to send block. Iteration: 6..
[peer] 20:04:49.511363 main.go:1271: 6:Received no updates from peers. I WILL DIE
