[peer] 01:25:58.016738 honest.go:107: 8Importing modules...
../ML/code/utils.py:223: FutureWarning: Method .as_matrix will be removed in a future version. Use .values instead.
  data = data.as_matrix()
../ML/code/utils.py:94: FutureWarning: Method .as_matrix will be removed in a future version. Use .values instead.
  credit = df.ix[1:nn, 1:dd].as_matrix()
[peer] 01:26:12.552614 honest.go:122: 8Sucessfully pulled dataset. Features: 25
[peer] 01:26:12.552811 main.go:487: 8:Announcing myself to network
[peer] 01:26:12.552853 main.go:492: 8:Calling {198.162.52.126 %!s(int=8000) }
[peer] 01:26:12.552862 main.go:511: 8:Inside callRegisterRPC
[peer] 01:26:12.552871 main.go:516: 8Making RPC call
[peer] 01:26:12.552867 main.go:629: 8:Peer started. Receiving on 8008
[peer] 01:26:12.552977 main.go:522: 8RPC dial successful
[peer] 01:26:12.552991 main.go:525: 8:Calling RPC:198.162.52.126:8000
[peer] 01:26:12.553003 main.go:527: 8:RPC called198.162.52.126:8000
[peer] 01:26:12.553612 main.go:534: 8:Announced myself to a fellow peer at port. Got lastest chain
[peer] 01:26:12.553626 main.go:541: Chain length received:7
[peer] 01:26:12.553631 main.go:542: My chain length:1
[peer] 01:26:12.553636 honest.go:340: Received chain length:7
[peer] 01:26:12.553641 honest.go:341: Appended chain length:7
[peer] 01:26:12.553645 main.go:555: 8Got lastest chain until iteration 5
[peer] 01:26:12.553693 main.go:492: 8:Calling {198.162.52.126 %!s(int=8001) }
[peer] 01:26:12.553706 main.go:511: 8:Inside callRegisterRPC
[peer] 01:26:12.553716 main.go:516: 8Making RPC call
[peer] 01:26:12.553783 main.go:522: 8RPC dial successful
[peer] 01:26:12.553795 main.go:525: 8:Calling RPC:198.162.52.126:8001
[peer] 01:26:12.553804 main.go:527: 8:RPC called198.162.52.126:8001
[peer] 01:26:12.554159 main.go:534: 8:Announced myself to a fellow peer at port. Got lastest chain
[peer] 01:26:12.554170 main.go:541: Chain length received:7
[peer] 01:26:12.554181 main.go:542: My chain length:7
[peer] 01:26:12.554215 main.go:492: 8:Calling {198.162.52.126 %!s(int=8002) }
[peer] 01:26:12.554224 main.go:511: 8:Inside callRegisterRPC
[peer] 01:26:12.554232 main.go:516: 8Making RPC call
[err] 01:26:12.554287 main.go:302: Peer offline.Couldn't connect to peer: 198.162.52.126:8002, err = dial tcp 198.162.52.126:8002: connect: connection refused
[peer] 01:26:12.554301 main.go:492: 8:Calling {198.162.52.126 %!s(int=8003) }
[peer] 01:26:12.554307 main.go:511: 8:Inside callRegisterRPC
[peer] 01:26:12.554311 main.go:516: 8Making RPC call
[peer] 01:26:12.554361 main.go:522: 8RPC dial successful
[peer] 01:26:12.554373 main.go:525: 8:Calling RPC:198.162.52.126:8003
[peer] 01:26:12.554378 main.go:527: 8:RPC called198.162.52.126:8003
[peer] 01:26:12.554734 main.go:534: 8:Announced myself to a fellow peer at port. Got lastest chain
[peer] 01:26:12.554746 main.go:541: Chain length received:7
[peer] 01:26:12.554751 main.go:542: My chain length:7
[peer] 01:26:12.554775 main.go:492: 8:Calling {198.162.52.126 %!s(int=8004) }
[peer] 01:26:12.554783 main.go:511: 8:Inside callRegisterRPC
[peer] 01:26:12.554788 main.go:516: 8Making RPC call
[err] 01:26:12.554826 main.go:302: Peer offline.Couldn't connect to peer: 198.162.52.126:8004, err = dial tcp 198.162.52.126:8004: connect: connection refused
[peer] 01:26:12.554841 main.go:492: 8:Calling {198.162.52.126 %!s(int=8005) }
[peer] 01:26:12.554850 main.go:511: 8:Inside callRegisterRPC
[peer] 01:26:12.554858 main.go:516: 8Making RPC call
[peer] 01:26:12.554920 main.go:522: 8RPC dial successful
[peer] 01:26:12.554934 main.go:525: 8:Calling RPC:198.162.52.126:8005
[peer] 01:26:12.554943 main.go:527: 8:RPC called198.162.52.126:8005
[peer] 01:26:12.555390 main.go:534: 8:Announced myself to a fellow peer at port. Got lastest chain
[peer] 01:26:12.555401 main.go:541: Chain length received:7
[peer] 01:26:12.555406 main.go:542: My chain length:7
[peer] 01:26:12.555433 main.go:492: 8:Calling {198.162.52.126 %!s(int=8006) }
[peer] 01:26:12.555444 main.go:511: 8:Inside callRegisterRPC
[peer] 01:26:12.555455 main.go:516: 8Making RPC call
[peer] 01:26:12.555523 main.go:522: 8RPC dial successful
[peer] 01:26:12.555543 main.go:525: 8:Calling RPC:198.162.52.126:8006
[peer] 01:26:12.555555 main.go:527: 8:RPC called198.162.52.126:8006
[peer] 01:26:12.555882 main.go:534: 8:Announced myself to a fellow peer at port. Got lastest chain
[peer] 01:26:12.555895 main.go:541: Chain length received:7
[peer] 01:26:12.555904 main.go:542: My chain length:7
[peer] 01:26:12.555938 main.go:492: 8:Calling {198.162.52.126 %!s(int=8007) }
[peer] 01:26:12.555948 main.go:511: 8:Inside callRegisterRPC
[peer] 01:26:12.555956 main.go:516: 8Making RPC call
[peer] 01:26:12.556021 main.go:522: 8RPC dial successful
[peer] 01:26:12.556033 main.go:525: 8:Calling RPC:198.162.52.126:8007
[peer] 01:26:12.556042 main.go:527: 8:RPC called198.162.52.126:8007
[peer] 01:26:12.556369 main.go:534: 8:Announced myself to a fellow peer at port. Got lastest chain
[peer] 01:26:12.556382 main.go:541: Chain length received:7
[peer] 01:26:12.556387 main.go:542: My chain length:7
[peer] 01:26:12.556410 main.go:492: 8:Calling {198.162.52.126 %!s(int=8009) }
[peer] 01:26:12.556418 main.go:511: 8:Inside callRegisterRPC
[peer] 01:26:12.556423 main.go:516: 8Making RPC call
[peer] 01:26:12.556498 main.go:522: 8RPC dial successful
[peer] 01:26:12.556514 main.go:525: 8:Calling RPC:198.162.52.126:8009
[peer] 01:26:12.556523 main.go:527: 8:RPC called198.162.52.126:8009
[peer] 01:26:12.556853 main.go:534: 8:Announced myself to a fellow peer at port. Got lastest chain
[peer] 01:26:12.556864 main.go:541: Chain length received:7
[peer] 01:26:12.556873 main.go:542: My chain length:7
[peer] 01:26:12.556907 main.go:492: 8:Calling {198.162.52.126 %!s(int=8010) }
[peer] 01:26:12.556916 main.go:511: 8:Inside callRegisterRPC
[peer] 01:26:12.556924 main.go:516: 8Making RPC call
[peer] 01:26:12.556985 main.go:522: 8RPC dial successful
[peer] 01:26:12.556996 main.go:525: 8:Calling RPC:198.162.52.126:8010
[peer] 01:26:12.557002 main.go:527: 8:RPC called198.162.52.126:8010
[peer] 01:26:12.557333 main.go:534: 8:Announced myself to a fellow peer at port. Got lastest chain
[peer] 01:26:12.557347 main.go:541: Chain length received:7
[peer] 01:26:12.557352 main.go:542: My chain length:7
[peer] 01:26:12.557382 main.go:492: 8:Calling {198.162.52.126 %!s(int=8011) }
[peer] 01:26:12.557391 main.go:511: 8:Inside callRegisterRPC
[peer] 01:26:12.557399 main.go:516: 8Making RPC call
[peer] 01:26:12.557490 main.go:522: 8RPC dial successful
[peer] 01:26:12.557503 main.go:525: 8:Calling RPC:198.162.52.126:8011
[peer] 01:26:12.557510 main.go:527: 8:RPC called198.162.52.126:8011
[peer] 01:26:12.557858 main.go:534: 8:Announced myself to a fellow peer at port. Got lastest chain
[peer] 01:26:12.557873 main.go:541: Chain length received:7
[peer] 01:26:12.557878 main.go:542: My chain length:7
[peer] 01:26:12.557908 main.go:492: 8:Calling {198.162.52.126 %!s(int=8012) }
[peer] 01:26:12.557919 main.go:511: 8:Inside callRegisterRPC
[peer] 01:26:12.557926 main.go:516: 8Making RPC call
[peer] 01:26:12.557983 main.go:522: 8RPC dial successful
[peer] 01:26:12.557997 main.go:525: 8:Calling RPC:198.162.52.126:8012
[peer] 01:26:12.558007 main.go:527: 8:RPC called198.162.52.126:8012
[peer] 01:26:12.558342 main.go:534: 8:Announced myself to a fellow peer at port. Got lastest chain
[peer] 01:26:12.558353 main.go:541: Chain length received:7
[peer] 01:26:12.558358 main.go:542: My chain length:7
[peer] 01:26:12.558385 main.go:492: 8:Calling {198.162.52.126 %!s(int=8013) }
[peer] 01:26:12.558393 main.go:511: 8:Inside callRegisterRPC
[peer] 01:26:12.558398 main.go:516: 8Making RPC call
[peer] 01:26:12.558499 main.go:522: 8RPC dial successful
[peer] 01:26:12.558514 main.go:525: 8:Calling RPC:198.162.52.126:8013
[peer] 01:26:12.558521 main.go:527: 8:RPC called198.162.52.126:8013
[peer] 01:26:12.558901 main.go:534: 8:Announced myself to a fellow peer at port. Got lastest chain
[peer] 01:26:12.558911 main.go:541: Chain length received:7
[peer] 01:26:12.558916 main.go:542: My chain length:7
[peer] 01:26:12.558947 main.go:492: 8:Calling {198.162.52.126 %!s(int=8014) }
[peer] 01:26:12.558956 main.go:511: 8:Inside callRegisterRPC
[peer] 01:26:12.558966 main.go:516: 8Making RPC call
[peer] 01:26:12.559023 main.go:522: 8RPC dial successful
[peer] 01:26:12.559034 main.go:525: 8:Calling RPC:198.162.52.126:8014
[peer] 01:26:12.559044 main.go:527: 8:RPC called198.162.52.126:8014
[peer] 01:26:12.559354 main.go:534: 8:Announced myself to a fellow peer at port. Got lastest chain
[peer] 01:26:12.559365 main.go:541: Chain length received:7
[peer] 01:26:12.559371 main.go:542: My chain length:7
[peer] 01:26:12.559405 main.go:492: 8:Calling {198.162.52.126 %!s(int=8015) }
[peer] 01:26:12.559418 main.go:511: 8:Inside callRegisterRPC
[peer] 01:26:12.559426 main.go:516: 8Making RPC call
[err] 01:26:12.559470 main.go:302: Peer offline.Couldn't connect to peer: 198.162.52.126:8015, err = dial tcp 198.162.52.126:8015: connect: connection refused
[peer] 01:26:12.559483 main.go:492: 8:Calling {198.162.52.126 %!s(int=8016) }
[peer] 01:26:12.559488 main.go:511: 8:Inside callRegisterRPC
[peer] 01:26:12.559492 main.go:516: 8Making RPC call
[err] 01:26:12.559531 main.go:302: Peer offline.Couldn't connect to peer: 198.162.52.126:8016, err = dial tcp 198.162.52.126:8016: connect: connection refused
[peer] 01:26:12.559543 main.go:492: 8:Calling {198.162.52.126 %!s(int=8017) }
[peer] 01:26:12.559548 main.go:511: 8:Inside callRegisterRPC
[peer] 01:26:12.559552 main.go:516: 8Making RPC call
[peer] 01:26:12.559602 main.go:522: 8RPC dial successful
[peer] 01:26:12.559614 main.go:525: 8:Calling RPC:198.162.52.126:8017
[peer] 01:26:12.559623 main.go:527: 8:RPC called198.162.52.126:8017
[peer] 01:26:12.559940 main.go:534: 8:Announced myself to a fellow peer at port. Got lastest chain
[peer] 01:26:12.559952 main.go:541: Chain length received:7
[peer] 01:26:12.559961 main.go:542: My chain length:7
[peer] 01:26:12.560000 main.go:492: 8:Calling {198.162.52.126 %!s(int=8018) }
[peer] 01:26:12.560020 main.go:511: 8:Inside callRegisterRPC
[peer] 01:26:12.560029 main.go:516: 8Making RPC call
[peer] 01:26:12.560096 main.go:522: 8RPC dial successful
[peer] 01:26:12.560130 main.go:525: 8:Calling RPC:198.162.52.126:8018
[peer] 01:26:12.560140 main.go:527: 8:RPC called198.162.52.126:8018
[peer] 01:26:12.560469 main.go:534: 8:Announced myself to a fellow peer at port. Got lastest chain
[peer] 01:26:12.560484 main.go:541: Chain length received:7
[peer] 01:26:12.560490 main.go:542: My chain length:7
[peer] 01:26:12.560523 main.go:492: 8:Calling {198.162.52.126 %!s(int=8019) }
[peer] 01:26:12.560536 main.go:511: 8:Inside callRegisterRPC
[peer] 01:26:12.560544 main.go:516: 8Making RPC call
[peer] 01:26:12.560602 main.go:522: 8RPC dial successful
[peer] 01:26:12.560615 main.go:525: 8:Calling RPC:198.162.52.126:8019
[peer] 01:26:12.560625 main.go:527: 8:RPC called198.162.52.126:8019
[peer] 01:26:12.560986 main.go:534: 8:Announced myself to a fellow peer at port. Got lastest chain
[peer] 01:26:12.560998 main.go:541: Chain length received:7
[peer] 01:26:12.561007 main.go:542: My chain length:7
[peer] 01:26:12.561041 main.go:492: 8:Calling {198.162.52.57 %!s(int=8020) }
[peer] 01:26:12.561051 main.go:511: 8:Inside callRegisterRPC
[peer] 01:26:12.561059 main.go:516: 8Making RPC call
[peer] 01:26:12.561372 main.go:522: 8RPC dial successful
[peer] 01:26:12.561385 main.go:525: 8:Calling RPC:198.162.52.57:8020
[peer] 01:26:12.561397 main.go:527: 8:RPC called198.162.52.57:8020
[peer] 01:26:12.562483 main.go:534: 8:Announced myself to a fellow peer at port. Got lastest chain
[peer] 01:26:12.562500 main.go:541: Chain length received:7
[peer] 01:26:12.562510 main.go:542: My chain length:7
[peer] 01:26:12.562545 main.go:492: 8:Calling {198.162.52.57 %!s(int=8021) }
[peer] 01:26:12.562556 main.go:511: 8:Inside callRegisterRPC
[peer] 01:26:12.562568 main.go:516: 8Making RPC call
[peer] 01:26:12.562891 main.go:522: 8RPC dial successful
[peer] 01:26:12.562906 main.go:525: 8:Calling RPC:198.162.52.57:8021
[peer] 01:26:12.562916 main.go:527: 8:RPC called198.162.52.57:8021
[peer] 01:26:12.564127 main.go:534: 8:Announced myself to a fellow peer at port. Got lastest chain
[peer] 01:26:12.564143 main.go:541: Chain length received:7
[peer] 01:26:12.564160 main.go:542: My chain length:7
[peer] 01:26:12.564193 main.go:492: 8:Calling {198.162.52.57 %!s(int=8022) }
[peer] 01:26:12.564206 main.go:511: 8:Inside callRegisterRPC
[peer] 01:26:12.564214 main.go:516: 8Making RPC call
[peer] 01:26:12.564545 main.go:522: 8RPC dial successful
[peer] 01:26:12.564560 main.go:525: 8:Calling RPC:198.162.52.57:8022
[peer] 01:26:12.564570 main.go:527: 8:RPC called198.162.52.57:8022
[peer] 01:26:12.565659 main.go:534: 8:Announced myself to a fellow peer at port. Got lastest chain
[peer] 01:26:12.565676 main.go:541: Chain length received:7
[peer] 01:26:12.565682 main.go:542: My chain length:7
[peer] 01:26:12.565708 main.go:492: 8:Calling {198.162.52.57 %!s(int=8023) }
[peer] 01:26:12.565716 main.go:511: 8:Inside callRegisterRPC
[peer] 01:26:12.565726 main.go:516: 8Making RPC call
[peer] 01:26:12.566026 main.go:522: 8RPC dial successful
[peer] 01:26:12.566037 main.go:525: 8:Calling RPC:198.162.52.57:8023
[peer] 01:26:12.566043 main.go:527: 8:RPC called198.162.52.57:8023
[peer] 01:26:12.567132 main.go:534: 8:Announced myself to a fellow peer at port. Got lastest chain
[peer] 01:26:12.567153 main.go:541: Chain length received:7
[peer] 01:26:12.567163 main.go:542: My chain length:7
[peer] 01:26:12.567200 main.go:492: 8:Calling {198.162.52.57 %!s(int=8024) }
[peer] 01:26:12.567213 main.go:511: 8:Inside callRegisterRPC
[peer] 01:26:12.567222 main.go:516: 8Making RPC call
[peer] 01:26:12.567538 main.go:522: 8RPC dial successful
[peer] 01:26:12.567553 main.go:525: 8:Calling RPC:198.162.52.57:8024
[peer] 01:26:12.567567 main.go:527: 8:RPC called198.162.52.57:8024
[peer] 01:26:12.568594 main.go:534: 8:Announced myself to a fellow peer at port. Got lastest chain
[peer] 01:26:12.568608 main.go:541: Chain length received:7
[peer] 01:26:12.568617 main.go:542: My chain length:7
[peer] 01:26:12.568649 main.go:492: 8:Calling {198.162.52.57 %!s(int=8025) }
[peer] 01:26:12.568658 main.go:511: 8:Inside callRegisterRPC
[peer] 01:26:12.568665 main.go:516: 8Making RPC call
[peer] 01:26:12.569087 main.go:522: 8RPC dial successful
[peer] 01:26:12.569101 main.go:525: 8:Calling RPC:198.162.52.57:8025
[peer] 01:26:12.569111 main.go:527: 8:RPC called198.162.52.57:8025
[peer] 01:26:12.570133 main.go:534: 8:Announced myself to a fellow peer at port. Got lastest chain
[peer] 01:26:12.570146 main.go:541: Chain length received:7
[peer] 01:26:12.570155 main.go:542: My chain length:7
[peer] 01:26:12.570189 main.go:492: 8:Calling {198.162.52.57 %!s(int=8026) }
[peer] 01:26:12.570197 main.go:511: 8:Inside callRegisterRPC
[peer] 01:26:12.570204 main.go:516: 8Making RPC call
[peer] 01:26:12.570612 main.go:522: 8RPC dial successful
[peer] 01:26:12.570623 main.go:525: 8:Calling RPC:198.162.52.57:8026
[peer] 01:26:12.570634 main.go:527: 8:RPC called198.162.52.57:8026
[peer] 01:26:12.571717 main.go:534: 8:Announced myself to a fellow peer at port. Got lastest chain
[peer] 01:26:12.571728 main.go:541: Chain length received:7
[peer] 01:26:12.571737 main.go:542: My chain length:7
[peer] 01:26:12.571770 main.go:492: 8:Calling {198.162.52.57 %!s(int=8027) }
[peer] 01:26:12.571779 main.go:511: 8:Inside callRegisterRPC
[peer] 01:26:12.571787 main.go:516: 8Making RPC call
[peer] 01:26:12.572218 main.go:522: 8RPC dial successful
[peer] 01:26:12.572233 main.go:525: 8:Calling RPC:198.162.52.57:8027
[peer] 01:26:12.572245 main.go:527: 8:RPC called198.162.52.57:8027
[peer] 01:26:12.573269 main.go:534: 8:Announced myself to a fellow peer at port. Got lastest chain
[peer] 01:26:12.573285 main.go:541: Chain length received:7
[peer] 01:26:12.573294 main.go:542: My chain length:7
[peer] 01:26:12.573322 main.go:492: 8:Calling {198.162.52.57 %!s(int=8028) }
[peer] 01:26:12.573333 main.go:511: 8:Inside callRegisterRPC
[peer] 01:26:12.573342 main.go:516: 8Making RPC call
[peer] 01:26:12.573806 main.go:522: 8RPC dial successful
[peer] 01:26:12.573820 main.go:525: 8:Calling RPC:198.162.52.57:8028
[peer] 01:26:12.573828 main.go:527: 8:RPC called198.162.52.57:8028
[peer] 01:26:12.574862 main.go:534: 8:Announced myself to a fellow peer at port. Got lastest chain
[peer] 01:26:12.574882 main.go:541: Chain length received:7
[peer] 01:26:12.574887 main.go:542: My chain length:7
[peer] 01:26:12.574907 main.go:492: 8:Calling {198.162.52.57 %!s(int=8029) }
[peer] 01:26:12.574915 main.go:511: 8:Inside callRegisterRPC
[peer] 01:26:12.574920 main.go:516: 8Making RPC call
[peer] 01:26:12.575361 main.go:522: 8RPC dial successful
[peer] 01:26:12.575373 main.go:525: 8:Calling RPC:198.162.52.57:8029
[peer] 01:26:12.575385 main.go:527: 8:RPC called198.162.52.57:8029
[peer] 01:26:12.576461 main.go:534: 8:Announced myself to a fellow peer at port. Got lastest chain
[peer] 01:26:12.576474 main.go:541: Chain length received:7
[peer] 01:26:12.576479 main.go:542: My chain length:7
[peer] 01:26:12.576499 main.go:492: 8:Calling {198.162.52.57 %!s(int=8030) }
[peer] 01:26:12.576506 main.go:511: 8:Inside callRegisterRPC
[peer] 01:26:12.576511 main.go:516: 8Making RPC call
[peer] 01:26:12.576939 main.go:522: 8RPC dial successful
[peer] 01:26:12.576949 main.go:525: 8:Calling RPC:198.162.52.57:8030
[peer] 01:26:12.576957 main.go:527: 8:RPC called198.162.52.57:8030
[peer] 01:26:12.578010 main.go:534: 8:Announced myself to a fellow peer at port. Got lastest chain
[peer] 01:26:12.578025 main.go:541: Chain length received:7
[peer] 01:26:12.578031 main.go:542: My chain length:7
[peer] 01:26:12.578053 main.go:492: 8:Calling {198.162.52.57 %!s(int=8031) }
[peer] 01:26:12.578060 main.go:511: 8:Inside callRegisterRPC
[peer] 01:26:12.578065 main.go:516: 8Making RPC call
[peer] 01:26:12.578529 main.go:522: 8RPC dial successful
[peer] 01:26:12.578543 main.go:525: 8:Calling RPC:198.162.52.57:8031
[peer] 01:26:12.578551 main.go:527: 8:RPC called198.162.52.57:8031
[peer] 01:26:12.579551 main.go:534: 8:Announced myself to a fellow peer at port. Got lastest chain
[peer] 01:26:12.579566 main.go:541: Chain length received:7
[peer] 01:26:12.579571 main.go:542: My chain length:7
[peer] 01:26:12.579598 main.go:492: 8:Calling {198.162.52.57 %!s(int=8032) }
[peer] 01:26:12.579606 main.go:511: 8:Inside callRegisterRPC
[peer] 01:26:12.579611 main.go:516: 8Making RPC call
[peer] 01:26:12.580039 main.go:522: 8RPC dial successful
[peer] 01:26:12.580051 main.go:525: 8:Calling RPC:198.162.52.57:8032
[peer] 01:26:12.580056 main.go:527: 8:RPC called198.162.52.57:8032
[peer] 01:26:12.581064 main.go:534: 8:Announced myself to a fellow peer at port. Got lastest chain
[peer] 01:26:12.581077 main.go:541: Chain length received:7
[peer] 01:26:12.581082 main.go:542: My chain length:7
[peer] 01:26:12.581100 main.go:492: 8:Calling {198.162.52.57 %!s(int=8033) }
[peer] 01:26:12.581107 main.go:511: 8:Inside callRegisterRPC
[peer] 01:26:12.581112 main.go:516: 8Making RPC call
[peer] 01:26:12.581561 main.go:522: 8RPC dial successful
[peer] 01:26:12.581575 main.go:525: 8:Calling RPC:198.162.52.57:8033
[peer] 01:26:12.581583 main.go:527: 8:RPC called198.162.52.57:8033
[peer] 01:26:12.582584 main.go:534: 8:Announced myself to a fellow peer at port. Got lastest chain
[peer] 01:26:12.582597 main.go:541: Chain length received:7
[peer] 01:26:12.582606 main.go:542: My chain length:7
[peer] 01:26:12.582637 main.go:492: 8:Calling {198.162.52.57 %!s(int=8034) }
[peer] 01:26:12.582646 main.go:511: 8:Inside callRegisterRPC
[peer] 01:26:12.582654 main.go:516: 8Making RPC call
[peer] 01:26:12.583101 main.go:522: 8RPC dial successful
[peer] 01:26:12.583114 main.go:525: 8:Calling RPC:198.162.52.57:8034
[peer] 01:26:12.583124 main.go:527: 8:RPC called198.162.52.57:8034
[peer] 01:26:12.584197 main.go:534: 8:Announced myself to a fellow peer at port. Got lastest chain
[peer] 01:26:12.584271 main.go:541: Chain length received:7
[peer] 01:26:12.584282 main.go:542: My chain length:7
[peer] 01:26:12.584322 main.go:492: 8:Calling {198.162.52.57 %!s(int=8035) }
[peer] 01:26:12.584336 main.go:511: 8:Inside callRegisterRPC
[peer] 01:26:12.584345 main.go:516: 8Making RPC call
[peer] 01:26:12.584592 main.go:522: 8RPC dial successful
[peer] 01:26:12.584602 main.go:525: 8:Calling RPC:198.162.52.57:8035
[peer] 01:26:12.584612 main.go:527: 8:RPC called198.162.52.57:8035
[peer] 01:26:12.585665 main.go:534: 8:Announced myself to a fellow peer at port. Got lastest chain
[peer] 01:26:12.585674 main.go:633: 8:Accepted new Connection
[peer] 01:26:12.585677 main.go:541: Chain length received:7
[peer] 01:26:12.585698 main.go:542: My chain length:7
[peer] 01:26:12.585719 main.go:492: 8:Calling {198.162.52.57 %!s(int=8036) }
[peer] 01:26:12.585726 main.go:511: 8:Inside callRegisterRPC
[peer] 01:26:12.585731 main.go:516: 8Making RPC call
[peer] 01:26:12.585810 main.go:213: 8:Registering peer:198.162.52.126:8002
[peer] 01:26:12.585820 main.go:223: Advertising chain to peer with length 7
[peer] 01:26:12.586030 main.go:522: 8RPC dial successful
[peer] 01:26:12.586044 main.go:525: 8:Calling RPC:198.162.52.57:8036
[peer] 01:26:12.586053 main.go:527: 8:RPC called198.162.52.57:8036
[peer] 01:26:12.587116 main.go:534: 8:Announced myself to a fellow peer at port. Got lastest chain
[peer] 01:26:12.587132 main.go:541: Chain length received:7
[peer] 01:26:12.587138 main.go:542: My chain length:7
[peer] 01:26:12.587165 main.go:492: 8:Calling {198.162.52.57 %!s(int=8037) }
[peer] 01:26:12.587174 main.go:511: 8:Inside callRegisterRPC
[peer] 01:26:12.587179 main.go:516: 8Making RPC call
[peer] 01:26:12.587771 main.go:522: 8RPC dial successful
[peer] 01:26:12.587986 main.go:525: 8:Calling RPC:198.162.52.57:8037
[peer] 01:26:12.588036 main.go:527: 8:RPC called198.162.52.57:8037
[peer] 01:26:12.589130 main.go:534: 8:Announced myself to a fellow peer at port. Got lastest chain
[peer] 01:26:12.589142 main.go:541: Chain length received:7
[peer] 01:26:12.589147 main.go:542: My chain length:7
[peer] 01:26:12.589177 main.go:492: 8:Calling {198.162.52.57 %!s(int=8038) }
[peer] 01:26:12.589186 main.go:511: 8:Inside callRegisterRPC
[peer] 01:26:12.589191 main.go:516: 8Making RPC call
[peer] 01:26:12.589645 main.go:522: 8RPC dial successful
[peer] 01:26:12.589662 main.go:525: 8:Calling RPC:198.162.52.57:8038
[peer] 01:26:12.589671 main.go:527: 8:RPC called198.162.52.57:8038
[peer] 01:26:12.590919 main.go:534: 8:Announced myself to a fellow peer at port. Got lastest chain
[peer] 01:26:12.590933 main.go:541: Chain length received:7
[peer] 01:26:12.590944 main.go:542: My chain length:7
[peer] 01:26:12.590970 main.go:492: 8:Calling {198.162.52.57 %!s(int=8039) }
[peer] 01:26:12.590983 main.go:511: 8:Inside callRegisterRPC
[peer] 01:26:12.590991 main.go:516: 8Making RPC call
[peer] 01:26:12.591272 main.go:522: 8RPC dial successful
[peer] 01:26:12.591342 main.go:525: 8:Calling RPC:198.162.52.57:8039
[peer] 01:26:12.591375 main.go:527: 8:RPC called198.162.52.57:8039
[peer] 01:26:12.592579 main.go:534: 8:Announced myself to a fellow peer at port. Got lastest chain
[peer] 01:26:12.592591 main.go:541: Chain length received:7
[peer] 01:26:12.592596 main.go:542: My chain length:7
[peer] 01:26:12.592611 main.go:502: 8:Bootstrapped Network. Calling signal
[peer] 01:26:12.592619 main.go:504: 8:Bootstrapped Network. Signal called
[peer] 01:26:12.592624 main.go:588: 8:Acquiring bool lock
[peer] 01:26:12.592629 main.go:590: 8:Acquired bool lock
[peer] 01:26:12.593777 main.go:609: 8:I am not verifier IterationCount:6
[peer] 01:26:12.593789 main.go:614: 8:Bool lock released
[peer] 01:26:12.593794 main.go:824: 8:Computing Update
[peer] 01:26:12.594211 main.go:270: 8 : VRF returned ID map[31:{}]
[peer] 01:26:12.594227 main.go:280: 8 :Verifiers [198.162.52.57:8031] returned.
[peer] 01:26:12.594564 main.go:869: 8:Making RPC Call to Verifier. Sending Update, Iteration:6
[peer] 01:26:12.598195 main.go:876: 8:Update sent successfully
[peer] 01:26:12.625349 main.go:633: 8:Accepted new Connection
[peer] 01:26:12.625521 main.go:213: 8:Registering peer:198.162.52.126:8015
[peer] 01:26:12.625533 main.go:223: Advertising chain to peer with length 7
[peer] 01:26:12.635400 main.go:633: 8:Accepted new Connection
[peer] 01:26:12.635551 main.go:213: 8:Registering peer:198.162.52.126:8004
[peer] 01:26:12.635562 main.go:223: Advertising chain to peer with length 7
[peer] 01:26:12.644690 main.go:633: 8:Accepted new Connection
[peer] 01:26:12.644842 main.go:213: 8:Registering peer:198.162.52.126:8016
[peer] 01:26:12.644857 main.go:223: Advertising chain to peer with length 7
[peer] 01:26:12.686145 main.go:633: 8:Accepted new Connection
[peer] 01:26:12.690197 main.go:633: 8:Accepted new Connection
[peer] 01:26:12.800063 main.go:130: 8:Got block message, iteration 6
[peer] 01:26:12.800089 main.go:137: 8:Acquiring bool lock
[peer] 01:26:12.800063 main.go:130: 8:Got block message, iteration 6
[peer] 01:26:12.800107 main.go:137: 8:Acquiring bool lock
[peer] 01:26:12.800092 main.go:633: 8:Accepted new Connection
[peer] 01:26:12.800147 main.go:633: 8:Accepted new Connection
[peer] 01:26:12.800167 main.go:633: 8:Accepted new Connection
[peer] 01:26:12.800191 main.go:633: 8:Accepted new Connection
[peer] 01:26:12.800210 main.go:633: 8:Accepted new Connection
[peer] 01:26:12.800230 main.go:633: 8:Accepted new Connection
[peer] 01:26:12.800249 main.go:633: 8:Accepted new Connection
[peer] 01:26:12.800271 main.go:633: 8:Accepted new Connection
[peer] 01:26:12.800289 main.go:633: 8:Accepted new Connection
[peer] 01:26:12.800306 main.go:633: 8:Accepted new Connection
[peer] 01:26:12.800327 main.go:633: 8:Accepted new Connection
[peer] 01:26:12.800348 main.go:633: 8:Accepted new Connection
[peer] 01:26:12.800369 main.go:633: 8:Accepted new Connection
[peer] 01:26:12.800389 main.go:633: 8:Accepted new Connection
[peer] 01:26:12.800409 main.go:633: 8:Accepted new Connection
[peer] 01:26:12.800429 main.go:633: 8:Accepted new Connection
[peer] 01:26:12.800456 main.go:633: 8:Accepted new Connection
[peer] 01:26:12.800475 main.go:633: 8:Accepted new Connection
[peer] 01:26:12.800718 main.go:130: 8:Got block message, iteration 6
[peer] 01:26:12.800740 main.go:137: 8:Acquiring bool lock
[peer] 01:26:12.800098 main.go:139: 8:Acquired bool lock
[peer] 01:26:12.800757 main.go:140: Chain Length:7
[peer] 01:26:12.800764 blockchain.go:71: Returning nil
[peer] 01:26:12.800772 main.go:142: Chain Length:7
[peer] 01:26:12.800779 main.go:187: 8:Sending to channel
[peer] 01:26:12.800789 main.go:193: 8:Sent to channel
[peer] 01:26:12.800798 main.go:195: 8:Returning
[peer] 01:26:12.800962 main.go:777: 8:Adding block to chain
[peer] 01:26:12.800979 honest.go:222: Trying to append block with iteration:6
[peer] 01:26:12.800987 blockchain.go:71: Returning nil
[peer] 01:26:12.800995 honest.go:238: Append successful
[peer] 01:26:12.801004 main.go:781: 8:Adding block to chain
[peer] 01:26:12.801012 main.go:787: 8:Checking convergence
[peer] 01:26:12.801550 main.go:130: 8:Got block message, iteration 6
[peer] 01:26:12.801572 main.go:137: 8:Acquiring bool lock
[peer] 01:26:12.801779 main.go:130: 8:Got block message, iteration 6
[peer] 01:26:12.801800 main.go:137: 8:Acquiring bool lock
[peer] 01:26:12.802012 main.go:130: 8:Got block message, iteration 6
[peer] 01:26:12.802032 main.go:137: 8:Acquiring bool lock
[peer] 01:26:12.802251 main.go:130: 8:Got block message, iteration 6
[peer] 01:26:12.802270 main.go:137: 8:Acquiring bool lock
[peer] 01:26:12.802489 main.go:130: 8:Got block message, iteration 6
[peer] 01:26:12.802510 main.go:137: 8:Acquiring bool lock
[peer] 01:26:12.802676 main.go:130: 8:Got block message, iteration 6
[peer] 01:26:12.802700 main.go:137: 8:Acquiring bool lock
[peer] 01:26:12.802724 main.go:130: 8:Got block message, iteration 6
[peer] 01:26:12.802744 main.go:137: 8:Acquiring bool lock
[peer] 01:26:12.802912 main.go:130: 8:Got block message, iteration 6
[peer] 01:26:12.802934 main.go:137: 8:Acquiring bool lock
[peer] 01:26:12.802966 main.go:130: 8:Got block message, iteration 6
[peer] 01:26:12.802985 main.go:137: 8:Acquiring bool lock
[peer] 01:26:12.803142 main.go:130: 8:Got block message, iteration 6
[peer] 01:26:12.803162 main.go:137: 8:Acquiring bool lock
[peer] 01:26:12.803196 main.go:130: 8:Got block message, iteration 6
[peer] 01:26:12.803215 main.go:137: 8:Acquiring bool lock
[peer] 01:26:12.803366 main.go:130: 8:Got block message, iteration 6
[peer] 01:26:12.803385 main.go:137: 8:Acquiring bool lock
[peer] 01:26:12.803411 main.go:955: 8:Block Received. Appending to chain and moving on to the next iteration. 6
[peer] 01:26:12.803429 main.go:130: 8:Got block message, iteration 6
[peer] 01:26:12.803459 main.go:137: 8:Acquiring bool lock
[peer] 01:26:12.803629 main.go:130: 8:Got block message, iteration 6
[peer] 01:26:12.803650 main.go:137: 8:Acquiring bool lock
[peer] 01:26:12.812756 honest.go:81: 8Train Error is 0.04934 in Iteration 6
[peer] 01:26:12.812775 main.go:790: 8:Convergence checked
[peer] 01:26:12.812791 main.go:793: 8:Bool lock released
[peer] 01:26:12.812813 main.go:139: 8:Acquired bool lock
[peer] 01:26:12.812824 main.go:140: Chain Length:8
[peer] 01:26:12.812832 blockchain.go:68: Returning a block
[peer] 01:26:12.812838 main.go:664: 8:Sending block. Iteration: 6
[peer] 01:26:12.812839 main.go:142: Chain Length:8
[peer] 01:26:12.813671 main.go:147: Already have block
[peer] 01:26:12.813708 main.go:152: 8:Bool lock released
[peer] 01:26:12.813751 blockchain.go:68: Returning a block
[peer] 01:26:12.813777 blockchain.go:68: Returning a block
[peer] 01:26:12.813804 main.go:179: 8:Equal block
[peer] 01:26:12.814440 main.go:139: 8:Acquired bool lock
[peer] 01:26:12.814474 main.go:140: Chain Length:8
[peer] 01:26:12.814500 blockchain.go:68: Returning a block
[peer] 01:26:12.814526 main.go:142: Chain Length:8
[peer] 01:26:12.814551 main.go:147: Already have block
[peer] 01:26:12.814579 main.go:152: 8:Bool lock released
[peer] 01:26:12.814649 blockchain.go:68: Returning a block
[peer] 01:26:12.814679 blockchain.go:68: Returning a block
[peer] 01:26:12.814705 main.go:179: 8:Equal block
[peer] 01:26:12.814759 main.go:139: 8:Acquired bool lock
[peer] 01:26:12.814788 main.go:140: Chain Length:8
[peer] 01:26:12.814815 blockchain.go:68: Returning a block
[peer] 01:26:12.814840 main.go:142: Chain Length:8
[peer] 01:26:12.814864 main.go:147: Already have block
[peer] 01:26:12.814918 main.go:152: 8:Bool lock released
[peer] 01:26:12.814943 blockchain.go:68: Returning a block
[peer] 01:26:12.814969 blockchain.go:68: Returning a block
[peer] 01:26:12.814994 main.go:179: 8:Equal block
[peer] 01:26:12.815053 main.go:139: 8:Acquired bool lock
[peer] 01:26:12.815083 main.go:140: Chain Length:8
[peer] 01:26:12.815109 blockchain.go:68: Returning a block
[peer] 01:26:12.815154 main.go:142: Chain Length:8
[peer] 01:26:12.815181 main.go:147: Already have block
[peer] 01:26:12.815208 main.go:152: 8:Bool lock released
[peer] 01:26:12.815233 blockchain.go:68: Returning a block
[peer] 01:26:12.815258 blockchain.go:68: Returning a block
[peer] 01:26:12.815283 main.go:179: 8:Equal block
[peer] 01:26:12.815333 main.go:139: 8:Acquired bool lock
[peer] 01:26:12.815363 main.go:140: Chain Length:8
[peer] 01:26:12.815402 blockchain.go:68: Returning a block
[peer] 01:26:12.815444 main.go:142: Chain Length:8
[peer] 01:26:12.815469 main.go:147: Already have block
[peer] 01:26:12.815495 main.go:152: 8:Bool lock released
[peer] 01:26:12.815520 blockchain.go:68: Returning a block
[peer] 01:26:12.815548 blockchain.go:68: Returning a block
[peer] 01:26:12.815573 main.go:179: 8:Equal block
[peer] 01:26:12.815641 main.go:139: 8:Acquired bool lock
[peer] 01:26:12.815704 main.go:140: Chain Length:8
[peer] 01:26:12.815730 blockchain.go:68: Returning a block
[peer] 01:26:12.815754 main.go:142: Chain Length:8
[peer] 01:26:12.815779 main.go:147: Already have block
[peer] 01:26:12.815805 main.go:152: 8:Bool lock released
[peer] 01:26:12.815830 blockchain.go:68: Returning a block
[peer] 01:26:12.815855 blockchain.go:68: Returning a block
[peer] 01:26:12.815898 main.go:179: 8:Equal block
[peer] 01:26:12.877114 main.go:729: 8:Block sent to peer successful
[err] 01:26:12.877132 main.go:302: Error in sending block, err = Stale Update/Block
[peer] 01:26:12.880709 main.go:729: 8:Block sent to peer successful
[err] 01:26:12.880724 main.go:302: Error in sending block, err = Stale Update/Block
[peer] 01:26:12.880816 main.go:729: 8:Block sent to peer successful
[err] 01:26:12.880828 main.go:302: Error in sending block, err = Stale Update/Block
[peer] 01:26:12.880942 main.go:729: 8:Block sent to peer successful
[err] 01:26:12.880956 main.go:302: Error in sending block, err = Stale Update/Block
[peer] 01:26:12.881169 main.go:729: 8:Block sent to peer successful
[err] 01:26:12.881185 main.go:302: Error in sending block, err = Stale Update/Block
[peer] 01:26:12.881347 main.go:729: 8:Block sent to peer successful
[peer] 01:26:12.881347 main.go:130: 8:Got block message, iteration 6
[peer] 01:26:12.881368 main.go:137: 8:Acquiring bool lock
[err] 01:26:12.881360 main.go:302: Error in sending block, err = Stale Update/Block
[peer] 01:26:12.881509 main.go:729: 8:Block sent to peer successful
[err] 01:26:12.881524 main.go:302: Error in sending block, err = Stale Update/Block
[peer] 01:26:12.881632 main.go:729: 8:Block sent to peer successful
[err] 01:26:12.881645 main.go:302: Error in sending block, err = Stale Update/Block
[peer] 01:26:12.882035 main.go:729: 8:Block sent to peer successful
[err] 01:26:12.882048 main.go:302: Error in sending block, err = Stale Update/Block
[peer] 01:26:12.882468 main.go:139: 8:Acquired bool lock
[peer] 01:26:12.882483 main.go:140: Chain Length:8
[peer] 01:26:12.882490 blockchain.go:68: Returning a block
[peer] 01:26:12.882498 main.go:142: Chain Length:8
[peer] 01:26:12.882505 main.go:147: Already have block
[peer] 01:26:12.882514 main.go:152: 8:Bool lock released
[peer] 01:26:12.882522 blockchain.go:68: Returning a block
[peer] 01:26:12.882530 blockchain.go:68: Returning a block
[peer] 01:26:12.882537 main.go:179: 8:Equal block
[peer] 01:26:12.882518 main.go:130: 8:Got block message, iteration 6
[peer] 01:26:12.882603 main.go:137: 8:Acquiring bool lock
[peer] 01:26:12.882611 main.go:139: 8:Acquired bool lock
[peer] 01:26:12.882618 main.go:140: Chain Length:8
[peer] 01:26:12.882855 blockchain.go:68: Returning a block
[peer] 01:26:12.882863 main.go:142: Chain Length:8
[peer] 01:26:12.882967 main.go:147: Already have block
[peer] 01:26:12.882982 main.go:152: 8:Bool lock released
[peer] 01:26:12.882990 blockchain.go:68: Returning a block
[peer] 01:26:12.882997 blockchain.go:68: Returning a block
[peer] 01:26:12.883003 main.go:179: 8:Equal block
[peer] 01:26:12.882044 main.go:633: 8:Accepted new Connection
[peer] 01:26:12.883075 main.go:633: 8:Accepted new Connection
[peer] 01:26:12.883093 main.go:633: 8:Accepted new Connection
[peer] 01:26:12.883110 main.go:633: 8:Accepted new Connection
[peer] 01:26:12.883160 main.go:729: 8:Block sent to peer successful
[err] 01:26:12.883171 main.go:302: Error in sending block, err = Stale Update/Block
[peer] 01:26:12.883222 main.go:633: 8:Accepted new Connection
[peer] 01:26:12.883241 main.go:633: 8:Accepted new Connection
[peer] 01:26:12.883258 main.go:633: 8:Accepted new Connection
[peer] 01:26:12.883275 main.go:633: 8:Accepted new Connection
[peer] 01:26:12.883317 main.go:139: 8:Acquired bool lock
[peer] 01:26:12.883327 main.go:140: Chain Length:8
[peer] 01:26:12.883333 blockchain.go:68: Returning a block
[peer] 01:26:12.883340 main.go:142: Chain Length:8
[peer] 01:26:12.883347 main.go:147: Already have block
[peer] 01:26:12.883355 main.go:152: 8:Bool lock released
[peer] 01:26:12.883362 blockchain.go:68: Returning a block
[peer] 01:26:12.883369 blockchain.go:68: Returning a block
[peer] 01:26:12.883425 main.go:179: 8:Equal block
[peer] 01:26:12.883465 main.go:139: 8:Acquired bool lock
[peer] 01:26:12.883475 main.go:140: Chain Length:8
[peer] 01:26:12.883482 blockchain.go:68: Returning a block
[peer] 01:26:12.883489 main.go:142: Chain Length:8
[peer] 01:26:12.883495 main.go:147: Already have block
[peer] 01:26:12.883503 main.go:152: 8:Bool lock released
[peer] 01:26:12.883510 blockchain.go:68: Returning a block
[peer] 01:26:12.883517 blockchain.go:68: Returning a block
[peer] 01:26:12.883523 main.go:179: 8:Equal block
[peer] 01:26:12.883560 main.go:139: 8:Acquired bool lock
[peer] 01:26:12.883570 main.go:140: Chain Length:8
[peer] 01:26:12.883577 blockchain.go:68: Returning a block
[peer] 01:26:12.883584 main.go:142: Chain Length:8
[peer] 01:26:12.883591 main.go:147: Already have block
[peer] 01:26:12.883599 main.go:152: 8:Bool lock released
[peer] 01:26:12.883606 blockchain.go:68: Returning a block
[peer] 01:26:12.883667 main.go:729: 8:Block sent to peer successful
[err] 01:26:12.888721 main.go:302: Error in sending block, err = Stale Update/Block
[peer] 01:26:12.883619 blockchain.go:68: Returning a block
[peer] 01:26:12.888865 main.go:179: 8:Equal block
[peer] 01:26:12.889321 main.go:729: 8:Block sent to peer successful
[err] 01:26:12.889339 main.go:302: Error in sending block, err = Stale Update/Block
[peer] 01:26:12.888850 main.go:130: 8:Got block message, iteration 6
[peer] 01:26:12.889411 main.go:137: 8:Acquiring bool lock
[peer] 01:26:12.889422 main.go:139: 8:Acquired bool lock
[peer] 01:26:12.889432 main.go:140: Chain Length:8
[peer] 01:26:12.889478 blockchain.go:68: Returning a block
[peer] 01:26:12.889491 main.go:142: Chain Length:8
[peer] 01:26:12.889503 main.go:147: Already have block
[peer] 01:26:12.889514 main.go:152: 8:Bool lock released
[peer] 01:26:12.889524 blockchain.go:68: Returning a block
[peer] 01:26:12.889535 blockchain.go:68: Returning a block
[peer] 01:26:12.889546 main.go:179: 8:Equal block
[peer] 01:26:12.889731 main.go:729: 8:Block sent to peer successful
[err] 01:26:12.889747 main.go:302: Error in sending block, err = Stale Update/Block
[peer] 01:26:12.889795 main.go:729: 8:Block sent to peer successful
[err] 01:26:12.889811 main.go:302: Error in sending block, err = Stale Update/Block
[peer] 01:26:12.890923 main.go:130: 8:Got block message, iteration 6
[peer] 01:26:12.890946 main.go:137: 8:Acquiring bool lock
[peer] 01:26:12.890957 main.go:139: 8:Acquired bool lock
[peer] 01:26:12.890967 main.go:140: Chain Length:8
[peer] 01:26:12.890977 blockchain.go:68: Returning a block
[peer] 01:26:12.890987 main.go:142: Chain Length:8
[peer] 01:26:12.890997 main.go:147: Already have block
[peer] 01:26:12.891009 main.go:152: 8:Bool lock released
[peer] 01:26:12.891019 blockchain.go:68: Returning a block
[peer] 01:26:12.891029 blockchain.go:68: Returning a block
[peer] 01:26:12.891039 main.go:179: 8:Equal block
[peer] 01:26:12.891199 main.go:130: 8:Got block message, iteration 6
[peer] 01:26:12.891222 main.go:137: 8:Acquiring bool lock
[peer] 01:26:12.891232 main.go:139: 8:Acquired bool lock
[peer] 01:26:12.891243 main.go:140: Chain Length:8
[peer] 01:26:12.891255 blockchain.go:68: Returning a block
[peer] 01:26:12.891265 main.go:142: Chain Length:8
[peer] 01:26:12.891275 main.go:147: Already have block
[peer] 01:26:12.891286 main.go:152: 8:Bool lock released
[peer] 01:26:12.891296 blockchain.go:68: Returning a block
[peer] 01:26:12.891305 blockchain.go:68: Returning a block
[peer] 01:26:12.891315 main.go:179: 8:Equal block
[peer] 01:26:12.891544 main.go:130: 8:Got block message, iteration 6
[peer] 01:26:12.891567 main.go:137: 8:Acquiring bool lock
[peer] 01:26:12.891577 main.go:139: 8:Acquired bool lock
[peer] 01:26:12.891587 main.go:140: Chain Length:8
[peer] 01:26:12.891597 blockchain.go:68: Returning a block
[peer] 01:26:12.891607 main.go:142: Chain Length:8
[peer] 01:26:12.891617 main.go:147: Already have block
[peer] 01:26:12.891628 main.go:152: 8:Bool lock released
[peer] 01:26:12.891638 blockchain.go:68: Returning a block
[peer] 01:26:12.891648 blockchain.go:68: Returning a block
[peer] 01:26:12.891658 main.go:179: 8:Equal block
[peer] 01:26:12.891882 main.go:130: 8:Got block message, iteration 6
[peer] 01:26:12.891905 main.go:137: 8:Acquiring bool lock
[peer] 01:26:12.891921 main.go:139: 8:Acquired bool lock
[peer] 01:26:12.891931 main.go:140: Chain Length:8
[peer] 01:26:12.891944 blockchain.go:68: Returning a block
[peer] 01:26:12.891955 main.go:142: Chain Length:8
[peer] 01:26:12.891966 main.go:147: Already have block
[peer] 01:26:12.891981 main.go:152: 8:Bool lock released
[peer] 01:26:12.891992 blockchain.go:68: Returning a block
[peer] 01:26:12.892003 blockchain.go:68: Returning a block
[peer] 01:26:12.892014 main.go:179: 8:Equal block
[peer] 01:26:12.883583 main.go:729: 8:Block sent to peer successful
[err] 01:26:12.892219 main.go:302: Error in sending block, err = Stale Update/Block
[peer] 01:26:12.892247 main.go:130: 8:Got block message, iteration 6
[peer] 01:26:12.883571 main.go:729: 8:Block sent to peer successful
[err] 01:26:12.892306 main.go:302: Error in sending block, err = Stale Update/Block
[peer] 01:26:12.892329 main.go:139: 8:Acquired bool lock
[peer] 01:26:12.892343 main.go:140: Chain Length:8
[peer] 01:26:12.892356 blockchain.go:68: Returning a block
[peer] 01:26:12.892368 main.go:142: Chain Length:8
[peer] 01:26:12.892380 main.go:147: Already have block
[peer] 01:26:12.892394 main.go:152: 8:Bool lock released
[peer] 01:26:12.892407 blockchain.go:68: Returning a block
[peer] 01:26:12.892420 blockchain.go:68: Returning a block
[peer] 01:26:12.892432 main.go:179: 8:Equal block
[peer] 01:26:12.892263 main.go:729: 8:Block sent to peer successful
[err] 01:26:12.892502 main.go:302: Error in sending block, err = Stale Update/Block
[peer] 01:26:12.892406 main.go:139: 8:Acquired bool lock
[peer] 01:26:12.892566 main.go:140: Chain Length:8
[peer] 01:26:12.892579 blockchain.go:68: Returning a block
[peer] 01:26:12.892591 main.go:142: Chain Length:8
[peer] 01:26:12.892602 main.go:147: Already have block
[peer] 01:26:12.892626 main.go:152: 8:Bool lock released
[peer] 01:26:12.892638 blockchain.go:68: Returning a block
[peer] 01:26:12.892650 blockchain.go:68: Returning a block
[peer] 01:26:12.892661 main.go:179: 8:Equal block
[peer] 01:26:12.892753 main.go:139: 8:Acquired bool lock
[peer] 01:26:12.892775 main.go:140: Chain Length:8
[peer] 01:26:12.892274 main.go:137: 8:Acquiring bool lock
[peer] 01:26:12.892788 blockchain.go:68: Returning a block
[peer] 01:26:12.892818 main.go:142: Chain Length:8
[peer] 01:26:12.892828 main.go:147: Already have block
[peer] 01:26:12.892840 main.go:152: 8:Bool lock released
[peer] 01:26:12.892847 blockchain.go:68: Returning a block
[peer] 01:26:12.892854 blockchain.go:68: Returning a block
[peer] 01:26:12.892860 main.go:179: 8:Equal block
[peer] 01:26:12.892904 main.go:139: 8:Acquired bool lock
[peer] 01:26:12.892917 main.go:140: Chain Length:8
[peer] 01:26:12.892924 blockchain.go:68: Returning a block
[peer] 01:26:12.892931 main.go:142: Chain Length:8
[peer] 01:26:12.892941 main.go:147: Already have block
[peer] 01:26:12.892958 main.go:152: 8:Bool lock released
[peer] 01:26:12.892972 blockchain.go:68: Returning a block
[peer] 01:26:12.892984 blockchain.go:68: Returning a block
[peer] 01:26:12.892997 main.go:179: 8:Equal block
[peer] 01:26:12.893023 main.go:139: 8:Acquired bool lock
[peer] 01:26:12.893038 main.go:140: Chain Length:8
[peer] 01:26:12.893048 blockchain.go:68: Returning a block
[peer] 01:26:12.893058 main.go:142: Chain Length:8
[peer] 01:26:12.893072 main.go:147: Already have block
[peer] 01:26:12.893086 main.go:152: 8:Bool lock released
[peer] 01:26:12.893097 blockchain.go:68: Returning a block
[peer] 01:26:12.893104 blockchain.go:68: Returning a block
[peer] 01:26:12.893111 main.go:179: 8:Equal block
[peer] 01:26:12.893162 main.go:139: 8:Acquired bool lock
[peer] 01:26:12.893176 main.go:140: Chain Length:8
[peer] 01:26:12.893183 blockchain.go:68: Returning a block
[peer] 01:26:12.893190 main.go:142: Chain Length:8
[peer] 01:26:12.893196 main.go:147: Already have block
[peer] 01:26:12.893204 main.go:152: 8:Bool lock released
[peer] 01:26:12.893210 blockchain.go:68: Returning a block
[peer] 01:26:12.893211 main.go:139: 8:Acquired bool lock
[peer] 01:26:12.893229 main.go:140: Chain Length:8
[peer] 01:26:12.893242 blockchain.go:68: Returning a block
[peer] 01:26:12.893253 main.go:142: Chain Length:8
[peer] 01:26:12.893264 main.go:147: Already have block
[peer] 01:26:12.893276 main.go:152: 8:Bool lock released
[peer] 01:26:12.893290 blockchain.go:68: Returning a block
[peer] 01:26:12.893303 blockchain.go:68: Returning a block
[peer] 01:26:12.893315 main.go:179: 8:Equal block
[peer] 01:26:12.893217 blockchain.go:68: Returning a block
[peer] 01:26:12.893405 main.go:179: 8:Equal block
[peer] 01:26:12.893288 main.go:139: 8:Acquired bool lock
[peer] 01:26:12.893938 main.go:140: Chain Length:8
[peer] 01:26:12.893949 blockchain.go:68: Returning a block
[peer] 01:26:12.893957 main.go:142: Chain Length:8
[peer] 01:26:12.893965 main.go:147: Already have block
[peer] 01:26:12.893974 main.go:152: 8:Bool lock released
[peer] 01:26:12.893997 blockchain.go:68: Returning a block
[peer] 01:26:12.894005 blockchain.go:68: Returning a block
[peer] 01:26:12.894014 main.go:179: 8:Equal block
[peer] 01:26:12.894030 main.go:729: 8:Block sent to peer successful
[err] 01:26:12.894044 main.go:302: Error in sending block, err = Stale Update/Block
[peer] 01:26:12.896547 main.go:729: 8:Block sent to peer successful
[err] 01:26:12.896561 main.go:302: Error in sending block, err = Stale Update/Block
[peer] 01:26:12.933756 main.go:130: 8:Got block message, iteration 6
[peer] 01:26:12.933777 main.go:137: 8:Acquiring bool lock
[peer] 01:26:12.933784 main.go:139: 8:Acquired bool lock
[peer] 01:26:12.933790 main.go:140: Chain Length:8
[peer] 01:26:12.933796 blockchain.go:68: Returning a block
[peer] 01:26:12.933802 main.go:142: Chain Length:8
[peer] 01:26:12.933808 main.go:147: Already have block
[peer] 01:26:12.933815 main.go:152: 8:Bool lock released
[peer] 01:26:12.933821 blockchain.go:68: Returning a block
[peer] 01:26:12.933827 blockchain.go:68: Returning a block
[peer] 01:26:12.933833 main.go:179: 8:Equal block
[peer] 01:26:12.950985 main.go:130: 8:Got block message, iteration 6
[peer] 01:26:12.951004 main.go:137: 8:Acquiring bool lock
[peer] 01:26:12.951010 main.go:139: 8:Acquired bool lock
[peer] 01:26:12.951014 main.go:140: Chain Length:8
[peer] 01:26:12.951019 blockchain.go:68: Returning a block
[peer] 01:26:12.951024 main.go:142: Chain Length:8
[peer] 01:26:12.951028 main.go:147: Already have block
[peer] 01:26:12.951033 main.go:152: 8:Bool lock released
[peer] 01:26:12.951038 blockchain.go:68: Returning a block
[peer] 01:26:12.951043 blockchain.go:68: Returning a block
[peer] 01:26:12.951047 main.go:179: 8:Equal block
[peer] 01:26:13.010761 main.go:633: 8:Accepted new Connection
[peer] 01:26:13.014243 main.go:130: 8:Got block message, iteration 6
[peer] 01:26:13.014259 main.go:137: 8:Acquiring bool lock
[peer] 01:26:13.014265 main.go:139: 8:Acquired bool lock
[peer] 01:26:13.014270 main.go:140: Chain Length:8
[peer] 01:26:13.014275 blockchain.go:68: Returning a block
[peer] 01:26:13.014280 main.go:142: Chain Length:8
[peer] 01:26:13.014285 main.go:147: Already have block
[peer] 01:26:13.014291 main.go:152: 8:Bool lock released
[peer] 01:26:13.014295 blockchain.go:68: Returning a block
[peer] 01:26:13.014300 blockchain.go:68: Returning a block
[peer] 01:26:13.014305 main.go:179: 8:Equal block
[peer] 01:26:13.014752 main.go:633: 8:Accepted new Connection
[peer] 01:26:13.014776 main.go:633: 8:Accepted new Connection
[peer] 01:26:13.017726 main.go:130: 8:Got block message, iteration 6
[peer] 01:26:13.017741 main.go:137: 8:Acquiring bool lock
[peer] 01:26:13.017746 main.go:139: 8:Acquired bool lock
[peer] 01:26:13.017751 main.go:140: Chain Length:8
[peer] 01:26:13.017755 blockchain.go:68: Returning a block
[peer] 01:26:13.017760 main.go:142: Chain Length:8
[peer] 01:26:13.017764 main.go:147: Already have block
[peer] 01:26:13.017769 main.go:152: 8:Bool lock released
[peer] 01:26:13.017774 blockchain.go:68: Returning a block
[peer] 01:26:13.017778 blockchain.go:68: Returning a block
[peer] 01:26:13.017782 main.go:179: 8:Equal block
[peer] 01:26:13.040909 main.go:633: 8:Accepted new Connection
[peer] 01:26:13.044165 main.go:130: 8:Got block message, iteration 6
[peer] 01:26:13.044189 main.go:137: 8:Acquiring bool lock
[peer] 01:26:13.044194 main.go:139: 8:Acquired bool lock
[peer] 01:26:13.044199 main.go:140: Chain Length:8
[peer] 01:26:13.044204 blockchain.go:68: Returning a block
[peer] 01:26:13.044209 main.go:142: Chain Length:8
[peer] 01:26:13.044214 main.go:147: Already have block
[peer] 01:26:13.044222 main.go:152: 8:Bool lock released
[peer] 01:26:13.044227 blockchain.go:68: Returning a block
[peer] 01:26:13.044232 blockchain.go:68: Returning a block
[peer] 01:26:13.044237 main.go:179: 8:Equal block
[peer] 01:26:13.047439 main.go:729: 8:Block sent to peer successful
[err] 01:26:13.047457 main.go:302: Error in sending block, err = Stale Update/Block
[peer] 01:26:13.047441 main.go:729: 8:Block sent to peer successful
[peer] 01:26:13.047522 main.go:729: 8:Block sent to peer successful
[peer] 01:26:13.047527 main.go:729: 8:Block sent to peer successful
[peer] 01:26:13.047504 main.go:729: 8:Block sent to peer successful
[peer] 01:26:13.047440 main.go:729: 8:Block sent to peer successful
[peer] 01:26:13.047533 main.go:729: 8:Block sent to peer successful
[peer] 01:26:13.047604 main.go:729: 8:Block sent to peer successful
[err] 01:26:13.047526 main.go:302: Error in sending block, err = Stale Update/Block
[peer] 01:26:13.047654 main.go:729: 8:Block sent to peer successful
[err] 01:26:13.047677 main.go:302: Error in sending block, err = Stale Update/Block
[peer] 01:26:13.047667 main.go:729: 8:Block sent to peer successful
[err] 01:26:13.047698 main.go:302: Error in sending block, err = Stale Update/Block
[err] 01:26:13.047540 main.go:302: Error in sending block, err = Stale Update/Block
[err] 01:26:13.047554 main.go:302: Error in sending block, err = Stale Update/Block
[err] 01:26:13.047566 main.go:302: Error in sending block, err = Stale Update/Block
[err] 01:26:13.047573 main.go:302: Error in sending block, err = Stale Update/Block
[err] 01:26:13.047586 main.go:302: Error in sending block, err = Stale Update/Block
[err] 01:26:13.047617 main.go:302: Error in sending block, err = Stale Update/Block
[peer] 01:26:13.049854 main.go:729: 8:Block sent to peer successful
[err] 01:26:13.049867 main.go:302: Error in sending block, err = Stale Update/Block
[peer] 01:26:13.050229 main.go:633: 8:Accepted new Connection
[peer] 01:26:13.050396 main.go:633: 8:Accepted new Connection
[peer] 01:26:13.053080 main.go:633: 8:Accepted new Connection
[peer] 01:26:13.053880 main.go:130: 8:Got block message, iteration 6
[peer] 01:26:13.053896 main.go:137: 8:Acquiring bool lock
[peer] 01:26:13.053901 main.go:139: 8:Acquired bool lock
[peer] 01:26:13.053905 main.go:140: Chain Length:8
[peer] 01:26:13.053910 blockchain.go:68: Returning a block
[peer] 01:26:13.053915 main.go:142: Chain Length:8
[peer] 01:26:13.053919 main.go:147: Already have block
[peer] 01:26:13.053925 main.go:152: 8:Bool lock released
[peer] 01:26:13.053929 blockchain.go:68: Returning a block
[peer] 01:26:13.053934 blockchain.go:68: Returning a block
[peer] 01:26:13.053939 main.go:179: 8:Equal block
[peer] 01:26:13.062812 main.go:633: 8:Accepted new Connection
[peer] 01:26:13.070664 main.go:130: 8:Got block message, iteration 6
[peer] 01:26:13.070686 main.go:137: 8:Acquiring bool lock
[peer] 01:26:13.070693 main.go:139: 8:Acquired bool lock
[peer] 01:26:13.070701 main.go:140: Chain Length:8
[peer] 01:26:13.070706 blockchain.go:68: Returning a block
[peer] 01:26:13.070711 main.go:142: Chain Length:8
[peer] 01:26:13.070716 main.go:147: Already have block
[peer] 01:26:13.070722 main.go:152: 8:Bool lock released
[peer] 01:26:13.070727 blockchain.go:68: Returning a block
[peer] 01:26:13.070731 blockchain.go:68: Returning a block
[peer] 01:26:13.070736 main.go:179: 8:Equal block
[peer] 01:26:13.071125 main.go:729: 8:Block sent to peer successful
[err] 01:26:13.071139 main.go:302: Error in sending block, err = Stale Update/Block
[peer] 01:26:13.078917 main.go:130: 8:Got block message, iteration 6
[peer] 01:26:13.078938 main.go:137: 8:Acquiring bool lock
[peer] 01:26:13.078944 main.go:139: 8:Acquired bool lock
[peer] 01:26:13.078949 main.go:140: Chain Length:8
[peer] 01:26:13.078954 blockchain.go:68: Returning a block
[peer] 01:26:13.078959 main.go:142: Chain Length:8
[peer] 01:26:13.078964 main.go:147: Already have block
[peer] 01:26:13.078969 main.go:152: 8:Bool lock released
[peer] 01:26:13.078974 blockchain.go:68: Returning a block
[peer] 01:26:13.078980 blockchain.go:68: Returning a block
[peer] 01:26:13.078988 main.go:179: 8:Equal block
[peer] 01:26:13.093482 main.go:729: 8:Block sent to peer successful
[err] 01:26:13.093500 main.go:302: Error in sending block, err = Stale Update/Block
[peer] 01:26:13.093477 main.go:130: 8:Got block message, iteration 6
[peer] 01:26:13.093523 main.go:137: 8:Acquiring bool lock
[peer] 01:26:13.093528 main.go:139: 8:Acquired bool lock
[peer] 01:26:13.093533 main.go:140: Chain Length:8
[peer] 01:26:13.093756 blockchain.go:68: Returning a block
[peer] 01:26:13.093765 main.go:142: Chain Length:8
[peer] 01:26:13.093773 main.go:147: Already have block
[peer] 01:26:13.093781 main.go:152: 8:Bool lock released
[peer] 01:26:13.093951 blockchain.go:68: Returning a block
[peer] 01:26:13.093960 blockchain.go:68: Returning a block
[peer] 01:26:13.093969 main.go:179: 8:Equal block
[peer] 01:26:13.094265 main.go:729: 8:Block sent to peer successful
[err] 01:26:13.094277 main.go:302: Error in sending block, err = Stale Update/Block
[peer] 01:26:13.118903 main.go:729: 8:Block sent to peer successful
[err] 01:26:13.118964 main.go:302: Error in sending block, err = Stale Update/Block
[peer] 01:26:13.119122 main.go:729: 8:Block sent to peer successful
[err] 01:26:13.119157 main.go:302: Error in sending block, err = Stale Update/Block
[peer] 01:26:13.123282 main.go:130: 8:Got block message, iteration 6
[peer] 01:26:13.123326 main.go:137: 8:Acquiring bool lock
[peer] 01:26:13.123335 main.go:139: 8:Acquired bool lock
[peer] 01:26:13.123342 main.go:140: Chain Length:8
[peer] 01:26:13.123348 blockchain.go:68: Returning a block
[peer] 01:26:13.123355 main.go:142: Chain Length:8
[peer] 01:26:13.123361 main.go:147: Already have block
[peer] 01:26:13.123368 main.go:152: 8:Bool lock released
[peer] 01:26:13.123375 blockchain.go:68: Returning a block
[peer] 01:26:13.123383 blockchain.go:68: Returning a block
[peer] 01:26:13.123390 main.go:179: 8:Equal block
[peer] 01:26:13.138361 main.go:633: 8:Accepted new Connection
[peer] 01:26:13.140818 main.go:729: 8:Block sent to peer successful
[err] 01:26:13.140831 main.go:302: Error in sending block, err = Stale Update/Block
[peer] 01:26:13.143336 main.go:633: 8:Accepted new Connection
[peer] 01:26:13.145398 main.go:130: 8:Got block message, iteration 6
[peer] 01:26:13.145419 main.go:137: 8:Acquiring bool lock
[peer] 01:26:13.145426 main.go:139: 8:Acquired bool lock
[peer] 01:26:13.145433 main.go:140: Chain Length:8
[peer] 01:26:13.145444 blockchain.go:68: Returning a block
[peer] 01:26:13.145452 main.go:142: Chain Length:8
[peer] 01:26:13.145459 main.go:147: Already have block
[peer] 01:26:13.145467 main.go:152: 8:Bool lock released
[peer] 01:26:13.145473 blockchain.go:68: Returning a block
[peer] 01:26:13.145479 blockchain.go:68: Returning a block
[peer] 01:26:13.145486 main.go:179: 8:Equal block
[peer] 01:26:13.148428 main.go:729: 8:Block sent to peer successful
[err] 01:26:13.148439 main.go:302: Error in sending block, err = Stale Update/Block
[peer] 01:26:13.155956 main.go:729: 8:Block sent to peer successful
[err] 01:26:13.155970 main.go:302: Error in sending block, err = Stale Update/Block
[peer] 01:26:13.173198 main.go:130: 8:Got block message, iteration 6
[peer] 01:26:13.173223 main.go:137: 8:Acquiring bool lock
[peer] 01:26:13.173230 main.go:139: 8:Acquired bool lock
[peer] 01:26:13.173238 main.go:140: Chain Length:8
[peer] 01:26:13.173245 blockchain.go:68: Returning a block
[peer] 01:26:13.173253 main.go:142: Chain Length:8
[peer] 01:26:13.173260 main.go:147: Already have block
[peer] 01:26:13.173269 main.go:152: 8:Bool lock released
[peer] 01:26:13.173277 blockchain.go:68: Returning a block
[peer] 01:26:13.173285 blockchain.go:68: Returning a block
[peer] 01:26:13.173292 main.go:179: 8:Equal block
[peer] 01:26:13.173417 main.go:729: 8:Block sent to peer successful
[err] 01:26:13.173431 main.go:302: Error in sending block, err = Stale Update/Block
[peer] 01:26:13.173468 main.go:684: 8:RPC calls successfully returned. Iteration: 6
[peer] 01:26:13.232220 honest.go:81: 8Train Error is 0.04934 in Iteration 6
[peer] 01:26:13.232240 main.go:692: 8:Preparing for next Iteration. Current Iteration: 6
[peer] 01:26:13.250012 main.go:130: 8:Got block message, iteration 6
[peer] 01:26:13.250057 main.go:137: 8:Acquiring bool lock
[peer] 01:26:13.250084 main.go:139: 8:Acquired bool lock
[peer] 01:26:13.250108 main.go:140: Chain Length:8
[peer] 01:26:13.250147 blockchain.go:68: Returning a block
[peer] 01:26:13.250176 main.go:142: Chain Length:8
[peer] 01:26:13.250200 main.go:147: Already have block
[peer] 01:26:13.250233 main.go:152: 8:Bool lock released
[peer] 01:26:13.250258 blockchain.go:68: Returning a block
[peer] 01:26:13.250283 blockchain.go:68: Returning a block
[peer] 01:26:13.250308 main.go:179: 8:Equal block
[peer] 01:26:13.956594 main.go:633: 8:Accepted new Connection
[peer] 01:26:13.963691 main.go:130: 8:Got block message, iteration 6
[peer] 01:26:13.963756 main.go:137: 8:Acquiring bool lock
[peer] 01:26:13.963773 main.go:139: 8:Acquired bool lock
[peer] 01:26:13.963789 main.go:140: Chain Length:8
[peer] 01:26:13.963803 blockchain.go:68: Returning a block
[peer] 01:26:13.963817 main.go:142: Chain Length:8
[peer] 01:26:13.963830 main.go:147: Already have block
[peer] 01:26:13.963847 main.go:152: 8:Bool lock released
[peer] 01:26:13.963861 blockchain.go:68: Returning a block
[peer] 01:26:13.963875 blockchain.go:68: Returning a block
[peer] 01:26:13.963889 main.go:179: 8:Equal block
