[peer] 02:00:37.349340 honest.go:107: 1Importing modules...
../ML/code/utils.py:223: FutureWarning: Method .as_matrix will be removed in a future version. Use .values instead.
  data = data.as_matrix()
../ML/code/utils.py:94: FutureWarning: Method .as_matrix will be removed in a future version. Use .values instead.
  credit = df.ix[1:nn, 1:dd].as_matrix()
[peer] 02:00:44.475234 honest.go:122: 1Sucessfully pulled dataset. Features: 25
[peer] 02:00:44.475572 main.go:487: 1:Announcing myself to network
[peer] 02:00:44.475733 main.go:492: 1:Calling {198.162.52.126 %!s(int=8000) }
[peer] 02:00:44.475782 main.go:511: 1:Inside callRegisterRPC
[peer] 02:00:44.475809 main.go:516: 1Making RPC call
[peer] 02:00:44.475670 main.go:629: 1:Peer started. Receiving on 8001
[peer] 02:00:44.476099 main.go:522: 1RPC dial successful
[peer] 02:00:44.476129 main.go:525: 1:Calling RPC:198.162.52.126:8000
[peer] 02:00:44.476195 main.go:527: 1:RPC called198.162.52.126:8000
[peer] 02:00:44.476872 main.go:534: 1:Announced myself to a fellow peer at port. Got lastest chain
[peer] 02:00:44.476909 main.go:541: Chain length received:7
[peer] 02:00:44.476955 main.go:542: My chain length:1
[peer] 02:00:44.476982 honest.go:340: Received chain length:7
[peer] 02:00:44.477007 honest.go:341: Appended chain length:7
[peer] 02:00:44.477035 main.go:555: 1Got lastest chain until iteration 5
[peer] 02:00:44.477134 main.go:492: 1:Calling {198.162.52.126 %!s(int=8002) }
[peer] 02:00:44.477164 main.go:511: 1:Inside callRegisterRPC
[peer] 02:00:44.477196 main.go:516: 1Making RPC call
[peer] 02:00:44.477376 main.go:522: 1RPC dial successful
[peer] 02:00:44.477432 main.go:525: 1:Calling RPC:198.162.52.126:8002
[peer] 02:00:44.477474 main.go:527: 1:RPC called198.162.52.126:8002
[peer] 02:00:44.478009 main.go:534: 1:Announced myself to a fellow peer at port. Got lastest chain
[peer] 02:00:44.478042 main.go:541: Chain length received:7
[peer] 02:00:44.478074 main.go:542: My chain length:7
[peer] 02:00:44.478166 main.go:492: 1:Calling {198.162.52.126 %!s(int=8003) }
[peer] 02:00:44.478196 main.go:511: 1:Inside callRegisterRPC
[peer] 02:00:44.478231 main.go:516: 1Making RPC call
[peer] 02:00:44.478408 main.go:522: 1RPC dial successful
[peer] 02:00:44.478464 main.go:525: 1:Calling RPC:198.162.52.126:8003
[peer] 02:00:44.478499 main.go:527: 1:RPC called198.162.52.126:8003
[peer] 02:00:44.479046 main.go:534: 1:Announced myself to a fellow peer at port. Got lastest chain
[peer] 02:00:44.479078 main.go:541: Chain length received:7
[peer] 02:00:44.479114 main.go:542: My chain length:7
[peer] 02:00:44.479205 main.go:492: 1:Calling {198.162.52.126 %!s(int=8004) }
[peer] 02:00:44.479235 main.go:511: 1:Inside callRegisterRPC
[peer] 02:00:44.479270 main.go:516: 1Making RPC call
[err] 02:00:44.479344 main.go:302: Peer offline.Couldn't connect to peer: 198.162.52.126:8004, err = dial tcp 198.162.52.126:8004: connect: connection refused
[peer] 02:00:44.479378 main.go:492: 1:Calling {198.162.52.126 %!s(int=8005) }
[peer] 02:00:44.479404 main.go:511: 1:Inside callRegisterRPC
[peer] 02:00:44.479432 main.go:516: 1Making RPC call
[peer] 02:00:44.479521 main.go:522: 1RPC dial successful
[peer] 02:00:44.479532 main.go:525: 1:Calling RPC:198.162.52.126:8005
[peer] 02:00:44.479541 main.go:527: 1:RPC called198.162.52.126:8005
[peer] 02:00:44.480062 main.go:534: 1:Announced myself to a fellow peer at port. Got lastest chain
[peer] 02:00:44.480099 main.go:541: Chain length received:7
[peer] 02:00:44.480125 main.go:542: My chain length:7
[peer] 02:00:44.480178 main.go:492: 1:Calling {198.162.52.126 %!s(int=8006) }
[peer] 02:00:44.480243 main.go:511: 1:Inside callRegisterRPC
[peer] 02:00:44.480272 main.go:516: 1Making RPC call
[peer] 02:00:44.480358 main.go:522: 1RPC dial successful
[peer] 02:00:44.480484 main.go:525: 1:Calling RPC:198.162.52.126:8006
[peer] 02:00:44.480517 main.go:527: 1:RPC called198.162.52.126:8006
[peer] 02:00:44.481037 main.go:534: 1:Announced myself to a fellow peer at port. Got lastest chain
[peer] 02:00:44.481073 main.go:541: Chain length received:7
[peer] 02:00:44.481100 main.go:542: My chain length:7
[peer] 02:00:44.481162 main.go:492: 1:Calling {198.162.52.126 %!s(int=8007) }
[peer] 02:00:44.481225 main.go:511: 1:Inside callRegisterRPC
[peer] 02:00:44.481254 main.go:516: 1Making RPC call
[peer] 02:00:44.481331 main.go:522: 1RPC dial successful
[peer] 02:00:44.481431 main.go:525: 1:Calling RPC:198.162.52.126:8007
[peer] 02:00:44.481472 main.go:527: 1:RPC called198.162.52.126:8007
[peer] 02:00:44.481963 main.go:534: 1:Announced myself to a fellow peer at port. Got lastest chain
[peer] 02:00:44.482002 main.go:541: Chain length received:7
[peer] 02:00:44.482029 main.go:542: My chain length:7
[peer] 02:00:44.482077 main.go:492: 1:Calling {198.162.52.126 %!s(int=8008) }
[peer] 02:00:44.482139 main.go:511: 1:Inside callRegisterRPC
[peer] 02:00:44.482170 main.go:516: 1Making RPC call
[peer] 02:00:44.482248 main.go:522: 1RPC dial successful
[peer] 02:00:44.482290 main.go:525: 1:Calling RPC:198.162.52.126:8008
[peer] 02:00:44.482317 main.go:527: 1:RPC called198.162.52.126:8008
[peer] 02:00:44.482788 main.go:534: 1:Announced myself to a fellow peer at port. Got lastest chain
[peer] 02:00:44.482824 main.go:541: Chain length received:7
[peer] 02:00:44.482851 main.go:542: My chain length:7
[peer] 02:00:44.482900 main.go:492: 1:Calling {198.162.52.126 %!s(int=8009) }
[peer] 02:00:44.482932 main.go:511: 1:Inside callRegisterRPC
[peer] 02:00:44.482956 main.go:516: 1Making RPC call
[peer] 02:00:44.483039 main.go:522: 1RPC dial successful
[peer] 02:00:44.483076 main.go:525: 1:Calling RPC:198.162.52.126:8009
[peer] 02:00:44.483102 main.go:527: 1:RPC called198.162.52.126:8009
[peer] 02:00:44.483606 main.go:534: 1:Announced myself to a fellow peer at port. Got lastest chain
[peer] 02:00:44.483642 main.go:541: Chain length received:7
[peer] 02:00:44.483668 main.go:542: My chain length:7
[peer] 02:00:44.483717 main.go:492: 1:Calling {198.162.52.57 %!s(int=8010) }
[peer] 02:00:44.483749 main.go:511: 1:Inside callRegisterRPC
[peer] 02:00:44.483773 main.go:516: 1Making RPC call
[err] 02:00:44.484088 main.go:302: Peer offline.Couldn't connect to peer: 198.162.52.57:8010, err = dial tcp 198.162.52.57:8010: connect: connection refused
[peer] 02:00:44.484125 main.go:492: 1:Calling {198.162.52.57 %!s(int=8011) }
[peer] 02:00:44.484151 main.go:511: 1:Inside callRegisterRPC
[peer] 02:00:44.484175 main.go:516: 1Making RPC call
[err] 02:00:44.484479 main.go:302: Peer offline.Couldn't connect to peer: 198.162.52.57:8011, err = dial tcp 198.162.52.57:8011: connect: connection refused
[peer] 02:00:44.484515 main.go:492: 1:Calling {198.162.52.57 %!s(int=8012) }
[peer] 02:00:44.484541 main.go:511: 1:Inside callRegisterRPC
[peer] 02:00:44.484565 main.go:516: 1Making RPC call
[err] 02:00:44.484871 main.go:302: Peer offline.Couldn't connect to peer: 198.162.52.57:8012, err = dial tcp 198.162.52.57:8012: connect: connection refused
[peer] 02:00:44.484907 main.go:492: 1:Calling {198.162.52.57 %!s(int=8013) }
[peer] 02:00:44.484933 main.go:511: 1:Inside callRegisterRPC
[peer] 02:00:44.484959 main.go:516: 1Making RPC call
[err] 02:00:44.485264 main.go:302: Peer offline.Couldn't connect to peer: 198.162.52.57:8013, err = dial tcp 198.162.52.57:8013: connect: connection refused
[peer] 02:00:44.485300 main.go:492: 1:Calling {198.162.52.57 %!s(int=8014) }
[peer] 02:00:44.485325 main.go:511: 1:Inside callRegisterRPC
[peer] 02:00:44.485349 main.go:516: 1Making RPC call
[err] 02:00:44.485656 main.go:302: Peer offline.Couldn't connect to peer: 198.162.52.57:8014, err = dial tcp 198.162.52.57:8014: connect: connection refused
[peer] 02:00:44.485694 main.go:492: 1:Calling {198.162.52.57 %!s(int=8015) }
[peer] 02:00:44.485720 main.go:511: 1:Inside callRegisterRPC
[peer] 02:00:44.485743 main.go:516: 1Making RPC call
[err] 02:00:44.486050 main.go:302: Peer offline.Couldn't connect to peer: 198.162.52.57:8015, err = dial tcp 198.162.52.57:8015: connect: connection refused
[peer] 02:00:44.486086 main.go:492: 1:Calling {198.162.52.57 %!s(int=8016) }
[peer] 02:00:44.486112 main.go:511: 1:Inside callRegisterRPC
[peer] 02:00:44.486136 main.go:516: 1Making RPC call
[err] 02:00:44.486449 main.go:302: Peer offline.Couldn't connect to peer: 198.162.52.57:8016, err = dial tcp 198.162.52.57:8016: connect: connection refused
[peer] 02:00:44.486485 main.go:492: 1:Calling {198.162.52.57 %!s(int=8017) }
[peer] 02:00:44.486511 main.go:511: 1:Inside callRegisterRPC
[peer] 02:00:44.486534 main.go:516: 1Making RPC call
[err] 02:00:44.486839 main.go:302: Peer offline.Couldn't connect to peer: 198.162.52.57:8017, err = dial tcp 198.162.52.57:8017: connect: connection refused
[peer] 02:00:44.486875 main.go:492: 1:Calling {198.162.52.57 %!s(int=8018) }
[peer] 02:00:44.486901 main.go:511: 1:Inside callRegisterRPC
[peer] 02:00:44.486924 main.go:516: 1Making RPC call
[err] 02:00:44.487229 main.go:302: Peer offline.Couldn't connect to peer: 198.162.52.57:8018, err = dial tcp 198.162.52.57:8018: connect: connection refused
[peer] 02:00:44.487265 main.go:492: 1:Calling {198.162.52.57 %!s(int=8019) }
[peer] 02:00:44.487291 main.go:511: 1:Inside callRegisterRPC
[peer] 02:00:44.487300 main.go:516: 1Making RPC call
[err] 02:00:44.487585 main.go:302: Peer offline.Couldn't connect to peer: 198.162.52.57:8019, err = dial tcp 198.162.52.57:8019: connect: connection refused
[peer] 02:00:44.487594 main.go:502: 1:Bootstrapped Network. Calling signal
[peer] 02:00:44.487605 main.go:504: 1:Bootstrapped Network. Signal called
[peer] 02:00:44.487615 main.go:588: 1:Acquiring bool lock
[peer] 02:00:44.487623 main.go:590: 1:Acquired bool lock
[peer] 02:00:44.488544 main.go:609: 1:I am not verifier IterationCount:6
[peer] 02:00:44.488553 main.go:614: 1:Bool lock released
[peer] 02:00:44.488560 main.go:824: 1:Computing Update
[peer] 02:00:44.488852 main.go:270: 1 : VRF returned ID map[5:{}]
[peer] 02:00:44.488868 main.go:280: 1 :Verifiers [198.162.52.126:8005] returned.
[peer] 02:00:44.488966 main.go:869: 1:Making RPC Call to Verifier. Sending Update, Iteration:6
[peer] 02:00:44.489771 main.go:876: 1:Update sent successfully
[peer] 02:00:44.627939 main.go:633: 1:Accepted new Connection
[peer] 02:00:44.628234 main.go:213: 1:Registering peer:198.162.52.126:8004
[peer] 02:00:44.628253 main.go:223: Advertising chain to peer with length 7
[peer] 02:00:45.015357 main.go:633: 1:Accepted new Connection
[peer] 02:00:45.016050 main.go:213: 1:Registering peer:198.162.52.57:8018
[peer] 02:00:45.016087 main.go:223: Advertising chain to peer with length 7
[peer] 02:00:45.077007 main.go:633: 1:Accepted new Connection
[peer] 02:00:45.077746 main.go:213: 1:Registering peer:198.162.52.57:8012
[peer] 02:00:45.077816 main.go:223: Advertising chain to peer with length 7
[peer] 02:00:45.091179 main.go:633: 1:Accepted new Connection
[peer] 02:00:45.091852 main.go:213: 1:Registering peer:198.162.52.57:8019
[peer] 02:00:45.091871 main.go:223: Advertising chain to peer with length 7
[peer] 02:00:45.161628 main.go:633: 1:Accepted new Connection
[peer] 02:00:45.162180 main.go:213: 1:Registering peer:198.162.52.57:8017
[peer] 02:00:45.162229 main.go:223: Advertising chain to peer with length 7
[peer] 02:00:45.251734 main.go:633: 1:Accepted new Connection
[peer] 02:00:45.252423 main.go:213: 1:Registering peer:198.162.52.57:8016
[peer] 02:00:45.252469 main.go:223: Advertising chain to peer with length 7
[peer] 02:00:45.275625 main.go:633: 1:Accepted new Connection
[peer] 02:00:45.275985 main.go:213: 1:Registering peer:198.162.52.57:8011
[peer] 02:00:45.275997 main.go:223: Advertising chain to peer with length 7
[peer] 02:00:45.283404 main.go:633: 1:Accepted new Connection
[peer] 02:00:45.284152 main.go:213: 1:Registering peer:198.162.52.57:8013
[peer] 02:00:45.284165 main.go:223: Advertising chain to peer with length 7
[peer] 02:00:45.292535 main.go:633: 1:Accepted new Connection
[peer] 02:00:45.293130 main.go:213: 1:Registering peer:198.162.52.57:8015
[peer] 02:00:45.293143 main.go:223: Advertising chain to peer with length 7
[peer] 02:00:45.298827 main.go:633: 1:Accepted new Connection
[peer] 02:00:45.299280 main.go:213: 1:Registering peer:198.162.52.57:8010
[peer] 02:00:45.299293 main.go:223: Advertising chain to peer with length 7
[peer] 02:00:45.449852 main.go:633: 1:Accepted new Connection
[peer] 02:00:45.450952 main.go:213: 1:Registering peer:198.162.52.57:8014
[peer] 02:00:45.450986 main.go:223: Advertising chain to peer with length 7
[peer] 02:00:45.489604 main.go:633: 1:Accepted new Connection
[peer] 02:00:45.494469 main.go:130: 1:Got block message, iteration 6
[peer] 02:00:45.494504 main.go:137: 1:Acquiring bool lock
[peer] 02:00:45.494517 main.go:139: 1:Acquired bool lock
[peer] 02:00:45.494529 main.go:140: Chain Length:7
[peer] 02:00:45.494539 blockchain.go:71: Returning nil
[peer] 02:00:45.494551 main.go:142: Chain Length:7
[peer] 02:00:45.494562 main.go:187: 1:Sending to channel
[peer] 02:00:45.494581 main.go:193: 1:Sent to channel
[peer] 02:00:45.494600 main.go:195: 1:Returning
[peer] 02:00:45.494743 main.go:955: 1:Block Received. Appending to chain and moving on to the next iteration. 6
[peer] 02:00:45.494787 main.go:777: 1:Adding block to chain
[peer] 02:00:45.494820 honest.go:222: Trying to append block with iteration:6
[peer] 02:00:45.494838 blockchain.go:71: Returning nil
[peer] 02:00:45.495007 honest.go:238: Append successful
[peer] 02:00:45.495036 main.go:781: 1:Adding block to chain
[peer] 02:00:45.495057 main.go:787: 1:Checking convergence
[peer] 02:00:45.497604 honest.go:81: 1Train Error is 0.09162 in Iteration 6
[peer] 02:00:45.497632 main.go:790: 1:Convergence checked
[peer] 02:00:45.497644 main.go:793: 1:Bool lock released
[peer] 02:00:45.497785 main.go:664: 1:Sending block. Iteration: 6
[peer] 02:00:45.504932 main.go:729: 1:Block sent to peer successful
[peer] 02:00:45.519219 main.go:729: 1:Block sent to peer successful
[err] 02:00:45.519245 main.go:302: Error in sending block, err = Stale Update/Block
[peer] 02:00:45.519392 main.go:729: 1:Block sent to peer successful
[err] 02:00:45.519408 main.go:302: Error in sending block, err = Stale Update/Block
[peer] 02:00:45.519465 main.go:633: 1:Accepted new Connection
[peer] 02:00:45.519492 main.go:633: 1:Accepted new Connection
[peer] 02:00:45.519517 main.go:633: 1:Accepted new Connection
[peer] 02:00:45.519781 main.go:130: 1:Got block message, iteration 6
[peer] 02:00:45.519810 main.go:137: 1:Acquiring bool lock
[peer] 02:00:45.519820 main.go:139: 1:Acquired bool lock
[peer] 02:00:45.519830 main.go:140: Chain Length:8
[peer] 02:00:45.519839 blockchain.go:68: Returning a block
[peer] 02:00:45.519849 main.go:142: Chain Length:8
[peer] 02:00:45.519858 main.go:147: Already have block
[peer] 02:00:45.519869 main.go:152: 1:Bool lock released
[peer] 02:00:45.519878 blockchain.go:68: Returning a block
[peer] 02:00:45.519887 blockchain.go:68: Returning a block
[peer] 02:00:45.519896 main.go:179: 1:Equal block
[peer] 02:00:45.520217 main.go:130: 1:Got block message, iteration 6
[peer] 02:00:45.520246 main.go:137: 1:Acquiring bool lock
[peer] 02:00:45.520255 main.go:139: 1:Acquired bool lock
[peer] 02:00:45.520264 main.go:140: Chain Length:8
[peer] 02:00:45.520272 blockchain.go:68: Returning a block
[peer] 02:00:45.520281 main.go:142: Chain Length:8
[peer] 02:00:45.520290 main.go:147: Already have block
[peer] 02:00:45.520301 main.go:152: 1:Bool lock released
[peer] 02:00:45.520310 blockchain.go:68: Returning a block
[peer] 02:00:45.520319 blockchain.go:68: Returning a block
[peer] 02:00:45.520328 main.go:179: 1:Equal block
[peer] 02:00:45.520614 main.go:130: 1:Got block message, iteration 6
[peer] 02:00:45.520642 main.go:137: 1:Acquiring bool lock
[peer] 02:00:45.520652 main.go:139: 1:Acquired bool lock
[peer] 02:00:45.520662 main.go:140: Chain Length:8
[peer] 02:00:45.520673 blockchain.go:68: Returning a block
[peer] 02:00:45.520683 main.go:142: Chain Length:8
[peer] 02:00:45.520692 main.go:147: Already have block
[peer] 02:00:45.520703 main.go:152: 1:Bool lock released
[peer] 02:00:45.520712 blockchain.go:68: Returning a block
[peer] 02:00:45.520721 blockchain.go:68: Returning a block
[peer] 02:00:45.520730 main.go:179: 1:Equal block
[peer] 02:00:45.520885 main.go:729: 1:Block sent to peer successful
[err] 02:00:45.520903 main.go:302: Error in sending block, err = Stale Update/Block
[peer] 02:00:45.521045 main.go:729: 1:Block sent to peer successful
[err] 02:00:45.521076 main.go:302: Error in sending block, err = Stale Update/Block
[peer] 02:00:45.588059 main.go:729: 1:Block sent to peer successful
[err] 02:00:45.588082 main.go:302: Error in sending block, err = Stale Update/Block
[peer] 02:00:45.588086 main.go:729: 1:Block sent to peer successful
[err] 02:00:45.588103 main.go:302: Error in sending block, err = Stale Update/Block
[peer] 02:00:45.588059 main.go:729: 1:Block sent to peer successful
[err] 02:00:45.588124 main.go:302: Error in sending block, err = Stale Update/Block
[peer] 02:00:45.588063 main.go:729: 1:Block sent to peer successful
[err] 02:00:45.588159 main.go:302: Error in sending block, err = Stale Update/Block
[peer] 02:00:45.588116 main.go:633: 1:Accepted new Connection
[peer] 02:00:45.588211 main.go:633: 1:Accepted new Connection
[peer] 02:00:45.588238 main.go:633: 1:Accepted new Connection
[peer] 02:00:45.588263 main.go:633: 1:Accepted new Connection
[peer] 02:00:45.588288 main.go:633: 1:Accepted new Connection
[peer] 02:00:45.588312 main.go:633: 1:Accepted new Connection
[peer] 02:00:45.588329 main.go:729: 1:Block sent to peer successful
[err] 02:00:45.588345 main.go:302: Error in sending block, err = Stale Update/Block
[peer] 02:00:45.588336 main.go:633: 1:Accepted new Connection
[peer] 02:00:45.588511 main.go:130: 1:Got block message, iteration 6
[peer] 02:00:45.588536 main.go:137: 1:Acquiring bool lock
[peer] 02:00:45.588544 main.go:139: 1:Acquired bool lock
[peer] 02:00:45.588552 main.go:140: Chain Length:8
[peer] 02:00:45.588559 blockchain.go:68: Returning a block
[peer] 02:00:45.588567 main.go:142: Chain Length:8
[peer] 02:00:45.588575 main.go:147: Already have block
[peer] 02:00:45.588583 main.go:152: 1:Bool lock released
[peer] 02:00:45.588146 main.go:729: 1:Block sent to peer successful
[err] 02:00:45.588601 main.go:302: Error in sending block, err = Stale Update/Block
[peer] 02:00:45.588611 main.go:130: 1:Got block message, iteration 6
[peer] 02:00:45.588636 main.go:137: 1:Acquiring bool lock
[peer] 02:00:45.588645 main.go:139: 1:Acquired bool lock
[peer] 02:00:45.588653 main.go:140: Chain Length:8
[peer] 02:00:45.588661 blockchain.go:68: Returning a block
[peer] 02:00:45.588669 main.go:142: Chain Length:8
[peer] 02:00:45.588676 main.go:147: Already have block
[peer] 02:00:45.588684 main.go:152: 1:Bool lock released
[peer] 02:00:45.588692 blockchain.go:68: Returning a block
[peer] 02:00:45.588699 blockchain.go:68: Returning a block
[peer] 02:00:45.588707 main.go:179: 1:Equal block
[peer] 02:00:45.588574 main.go:130: 1:Got block message, iteration 6
[peer] 02:00:45.588763 main.go:137: 1:Acquiring bool lock
[peer] 02:00:45.588773 main.go:139: 1:Acquired bool lock
[peer] 02:00:45.588781 main.go:140: Chain Length:8
[peer] 02:00:45.588788 blockchain.go:68: Returning a block
[peer] 02:00:45.588796 main.go:142: Chain Length:8
[peer] 02:00:45.588803 main.go:147: Already have block
[peer] 02:00:45.588811 main.go:152: 1:Bool lock released
[peer] 02:00:45.588819 blockchain.go:68: Returning a block
[peer] 02:00:45.588827 blockchain.go:68: Returning a block
[peer] 02:00:45.588835 main.go:179: 1:Equal block
[peer] 02:00:45.588850 main.go:130: 1:Got block message, iteration 6
[peer] 02:00:45.589091 main.go:137: 1:Acquiring bool lock
[peer] 02:00:45.589104 main.go:139: 1:Acquired bool lock
[peer] 02:00:45.589113 main.go:140: Chain Length:8
[peer] 02:00:45.589121 blockchain.go:68: Returning a block
[peer] 02:00:45.589130 main.go:142: Chain Length:8
[peer] 02:00:45.589139 main.go:147: Already have block
[peer] 02:00:45.589149 main.go:152: 1:Bool lock released
[peer] 02:00:45.589157 blockchain.go:68: Returning a block
[peer] 02:00:45.589166 blockchain.go:68: Returning a block
[peer] 02:00:45.589175 main.go:179: 1:Equal block
[peer] 02:00:45.588824 main.go:130: 1:Got block message, iteration 6
[peer] 02:00:45.589214 main.go:137: 1:Acquiring bool lock
[peer] 02:00:45.589223 main.go:139: 1:Acquired bool lock
[peer] 02:00:45.589231 main.go:140: Chain Length:8
[peer] 02:00:45.589238 blockchain.go:68: Returning a block
[peer] 02:00:45.589257 main.go:142: Chain Length:8
[peer] 02:00:45.589265 main.go:147: Already have block
[peer] 02:00:45.589274 main.go:152: 1:Bool lock released
[peer] 02:00:45.589282 blockchain.go:68: Returning a block
[peer] 02:00:45.589289 blockchain.go:68: Returning a block
[peer] 02:00:45.589297 main.go:179: 1:Equal block
[peer] 02:00:45.588591 blockchain.go:68: Returning a block
[peer] 02:00:45.589360 blockchain.go:68: Returning a block
[peer] 02:00:45.589369 main.go:179: 1:Equal block
[peer] 02:00:45.588905 main.go:130: 1:Got block message, iteration 6
[peer] 02:00:45.589432 main.go:137: 1:Acquiring bool lock
[peer] 02:00:45.589477 main.go:139: 1:Acquired bool lock
[peer] 02:00:45.589489 main.go:140: Chain Length:8
[peer] 02:00:45.589496 blockchain.go:68: Returning a block
[peer] 02:00:45.589504 main.go:142: Chain Length:8
[peer] 02:00:45.589511 main.go:147: Already have block
[peer] 02:00:45.589519 main.go:152: 1:Bool lock released
[peer] 02:00:45.589526 blockchain.go:68: Returning a block
[peer] 02:00:45.589533 blockchain.go:68: Returning a block
[peer] 02:00:45.589541 main.go:179: 1:Equal block
[peer] 02:00:45.588151 main.go:729: 1:Block sent to peer successful
[err] 02:00:45.589584 main.go:302: Error in sending block, err = Stale Update/Block
[peer] 02:00:45.589026 main.go:130: 1:Got block message, iteration 6
[peer] 02:00:45.589656 main.go:137: 1:Acquiring bool lock
[peer] 02:00:45.589664 main.go:139: 1:Acquired bool lock
[peer] 02:00:45.589672 main.go:140: Chain Length:8
[peer] 02:00:45.589679 blockchain.go:68: Returning a block
[peer] 02:00:45.589687 main.go:142: Chain Length:8
[peer] 02:00:45.589694 main.go:147: Already have block
[peer] 02:00:45.589702 main.go:152: 1:Bool lock released
[peer] 02:00:45.589710 blockchain.go:68: Returning a block
[peer] 02:00:45.589717 blockchain.go:68: Returning a block
[peer] 02:00:45.589724 main.go:179: 1:Equal block
[peer] 02:00:45.623544 main.go:729: 1:Block sent to peer successful
[err] 02:00:45.623562 main.go:302: Error in sending block, err = Stale Update/Block
[peer] 02:00:45.623724 main.go:633: 1:Accepted new Connection
[peer] 02:00:45.627411 main.go:130: 1:Got block message, iteration 6
[peer] 02:00:45.627449 main.go:137: 1:Acquiring bool lock
[peer] 02:00:45.627460 main.go:139: 1:Acquired bool lock
[peer] 02:00:45.627469 main.go:140: Chain Length:8
[peer] 02:00:45.627478 blockchain.go:68: Returning a block
[peer] 02:00:45.627488 main.go:142: Chain Length:8
[peer] 02:00:45.627497 main.go:147: Already have block
[peer] 02:00:45.627508 main.go:152: 1:Bool lock released
[peer] 02:00:45.627517 blockchain.go:68: Returning a block
[peer] 02:00:45.627526 blockchain.go:68: Returning a block
[peer] 02:00:45.627536 main.go:179: 1:Equal block
[peer] 02:00:45.702660 main.go:729: 1:Block sent to peer successful
[err] 02:00:45.702678 main.go:302: Error in sending block, err = Stale Update/Block
[peer] 02:00:45.703105 main.go:633: 1:Accepted new Connection
[peer] 02:00:45.715095 main.go:130: 1:Got block message, iteration 6
[peer] 02:00:45.715116 main.go:137: 1:Acquiring bool lock
[peer] 02:00:45.715122 main.go:139: 1:Acquired bool lock
[peer] 02:00:45.715127 main.go:140: Chain Length:8
[peer] 02:00:45.715132 blockchain.go:68: Returning a block
[peer] 02:00:45.715137 main.go:142: Chain Length:8
[peer] 02:00:45.715142 main.go:147: Already have block
[peer] 02:00:45.715147 main.go:152: 1:Bool lock released
[peer] 02:00:45.715152 blockchain.go:68: Returning a block
[peer] 02:00:45.715157 blockchain.go:68: Returning a block
[peer] 02:00:45.715162 main.go:179: 1:Equal block
[peer] 02:00:45.756412 main.go:729: 1:Block sent to peer successful
[err] 02:00:45.756434 main.go:302: Error in sending block, err = Stale Update/Block
[peer] 02:00:45.757867 main.go:633: 1:Accepted new Connection
[peer] 02:00:45.759794 main.go:130: 1:Got block message, iteration 6
[peer] 02:00:45.759821 main.go:137: 1:Acquiring bool lock
[peer] 02:00:45.759829 main.go:139: 1:Acquired bool lock
[peer] 02:00:45.759836 main.go:140: Chain Length:8
[peer] 02:00:45.759842 blockchain.go:68: Returning a block
[peer] 02:00:45.759862 main.go:142: Chain Length:8
[peer] 02:00:45.759870 main.go:147: Already have block
[peer] 02:00:45.759878 main.go:152: 1:Bool lock released
[peer] 02:00:45.759884 blockchain.go:68: Returning a block
[peer] 02:00:45.759891 blockchain.go:68: Returning a block
[peer] 02:00:45.759897 main.go:179: 1:Equal block
[peer] 02:00:45.767470 main.go:633: 1:Accepted new Connection
[peer] 02:00:45.813376 main.go:130: 1:Got block message, iteration 6
[peer] 02:00:45.813403 main.go:137: 1:Acquiring bool lock
[peer] 02:00:45.813410 main.go:139: 1:Acquired bool lock
[peer] 02:00:45.813417 main.go:140: Chain Length:8
[peer] 02:00:45.813425 blockchain.go:68: Returning a block
[peer] 02:00:45.813460 main.go:142: Chain Length:8
[peer] 02:00:45.813468 main.go:147: Already have block
[peer] 02:00:45.813474 main.go:152: 1:Bool lock released
[peer] 02:00:45.813480 blockchain.go:68: Returning a block
[peer] 02:00:45.813485 blockchain.go:68: Returning a block
[peer] 02:00:45.813490 main.go:179: 1:Equal block
[peer] 02:00:45.831566 main.go:729: 1:Block sent to peer successful
[err] 02:00:45.831599 main.go:302: Error in sending block, err = Stale Update/Block
[peer] 02:00:45.832655 main.go:633: 1:Accepted new Connection
[peer] 02:00:45.889714 main.go:729: 1:Block sent to peer successful
[err] 02:00:45.889734 main.go:302: Error in sending block, err = Stale Update/Block
[peer] 02:00:45.890131 main.go:633: 1:Accepted new Connection
[peer] 02:00:45.891117 main.go:130: 1:Got block message, iteration 6
[peer] 02:00:45.891141 main.go:137: 1:Acquiring bool lock
[peer] 02:00:45.891149 main.go:139: 1:Acquired bool lock
[peer] 02:00:45.891157 main.go:140: Chain Length:8
[peer] 02:00:45.891164 blockchain.go:68: Returning a block
[peer] 02:00:45.891171 main.go:142: Chain Length:8
[peer] 02:00:45.891178 main.go:147: Already have block
[peer] 02:00:45.891187 main.go:152: 1:Bool lock released
[peer] 02:00:45.891194 blockchain.go:68: Returning a block
[peer] 02:00:45.891201 blockchain.go:68: Returning a block
[peer] 02:00:45.891208 main.go:179: 1:Equal block
[peer] 02:00:45.894366 main.go:729: 1:Block sent to peer successful
[err] 02:00:45.894380 main.go:302: Error in sending block, err = Stale Update/Block
[peer] 02:00:45.895319 main.go:633: 1:Accepted new Connection
[peer] 02:00:45.917230 main.go:130: 1:Got block message, iteration 6
[peer] 02:00:45.917247 main.go:137: 1:Acquiring bool lock
[peer] 02:00:45.917255 main.go:139: 1:Acquired bool lock
[peer] 02:00:45.917263 main.go:140: Chain Length:8
[peer] 02:00:45.917270 blockchain.go:68: Returning a block
[peer] 02:00:45.917278 main.go:142: Chain Length:8
[peer] 02:00:45.917286 main.go:147: Already have block
[peer] 02:00:45.917295 main.go:152: 1:Bool lock released
[peer] 02:00:45.917303 blockchain.go:68: Returning a block
[peer] 02:00:45.917311 blockchain.go:68: Returning a block
[peer] 02:00:45.917319 main.go:179: 1:Equal block
[peer] 02:00:45.925238 main.go:130: 1:Got block message, iteration 6
[peer] 02:00:45.925263 main.go:137: 1:Acquiring bool lock
[peer] 02:00:45.925271 main.go:139: 1:Acquired bool lock
[peer] 02:00:45.925279 main.go:140: Chain Length:8
[peer] 02:00:45.925286 blockchain.go:68: Returning a block
[peer] 02:00:45.925294 main.go:142: Chain Length:8
[peer] 02:00:45.925302 main.go:147: Already have block
[peer] 02:00:45.925311 main.go:152: 1:Bool lock released
[peer] 02:00:45.925318 blockchain.go:68: Returning a block
[peer] 02:00:45.925326 blockchain.go:68: Returning a block
[peer] 02:00:45.925333 main.go:179: 1:Equal block
[peer] 02:00:45.927778 main.go:729: 1:Block sent to peer successful
[err] 02:00:45.933282 main.go:302: Error in sending block, err = Stale Update/Block
[peer] 02:00:45.930194 main.go:633: 1:Accepted new Connection
[peer] 02:00:45.935279 main.go:130: 1:Got block message, iteration 6
[peer] 02:00:45.937345 main.go:137: 1:Acquiring bool lock
[peer] 02:00:45.937551 main.go:139: 1:Acquired bool lock
[peer] 02:00:45.937689 main.go:140: Chain Length:8
[peer] 02:00:45.938007 blockchain.go:68: Returning a block
[peer] 02:00:45.938119 main.go:142: Chain Length:8
[peer] 02:00:45.938315 main.go:147: Already have block
[peer] 02:00:45.938421 main.go:152: 1:Bool lock released
[peer] 02:00:45.933589 main.go:684: 1:RPC calls successfully returned. Iteration: 6
[peer] 02:00:45.938535 blockchain.go:68: Returning a block
[peer] 02:00:45.939370 blockchain.go:68: Returning a block
[peer] 02:00:45.939397 main.go:179: 1:Equal block
[peer] 02:00:45.946270 honest.go:81: 1Train Error is 0.09162 in Iteration 6
[peer] 02:00:45.946286 main.go:692: 1:Preparing for next Iteration. Current Iteration: 6
[peer] 02:00:45.946293 main.go:588: 1:Acquiring bool lock
[peer] 02:00:45.946300 main.go:590: 1:Acquired bool lock
[peer] 02:00:45.952174 main.go:609: 1:I am not verifier IterationCount:7
[peer] 02:00:45.952188 main.go:614: 1:Bool lock released
[peer] 02:00:45.991386 main.go:824: 1:Computing Update
[peer] 02:00:45.991787 main.go:270: 1 : VRF returned ID map[8:{}]
[peer] 02:00:45.991808 main.go:280: 1 :Verifiers [198.162.52.126:8008] returned.
[peer] 02:00:45.991898 main.go:869: 1:Making RPC Call to Verifier. Sending Update, Iteration:7
[peer] 02:00:46.007932 main.go:876: 1:Update sent successfully
[peer] 02:00:51.021594 main.go:633: 1:Accepted new Connection
[peer] 02:00:51.025642 main.go:130: 1:Got block message, iteration 7
[peer] 02:00:51.026818 main.go:137: 1:Acquiring bool lock
[peer] 02:00:51.026846 main.go:139: 1:Acquired bool lock
[peer] 02:00:51.026862 main.go:140: Chain Length:8
[peer] 02:00:51.026876 blockchain.go:71: Returning nil
[peer] 02:00:51.026891 main.go:142: Chain Length:8
[peer] 02:00:51.026906 main.go:187: 1:Sending to channel
[peer] 02:00:51.026925 main.go:193: 1:Sent to channel
[peer] 02:00:51.026943 main.go:195: 1:Returning
[peer] 02:00:51.027177 main.go:777: 1:Adding block to chain
[peer] 02:00:51.027213 honest.go:222: Trying to append block with iteration:7
[peer] 02:00:51.027229 blockchain.go:71: Returning nil
[peer] 02:00:51.027242 honest.go:238: Append successful
[peer] 02:00:51.027262 main.go:781: 1:Adding block to chain
[peer] 02:00:51.027284 main.go:787: 1:Checking convergence
[peer] 02:00:51.030120 main.go:633: 1:Accepted new Connection
[peer] 02:00:51.030116 main.go:955: 1:Block Received. Appending to chain and moving on to the next iteration. 7
[peer] 02:00:51.030503 main.go:130: 1:Got block message, iteration 7
[peer] 02:00:51.030540 main.go:137: 1:Acquiring bool lock
[peer] 02:00:51.042174 main.go:633: 1:Accepted new Connection
[peer] 02:00:51.042506 main.go:130: 1:Got block message, iteration 7
[peer] 02:00:51.042538 main.go:137: 1:Acquiring bool lock
[peer] 02:00:51.045790 main.go:633: 1:Accepted new Connection
[peer] 02:00:51.046156 main.go:130: 1:Got block message, iteration 7
[peer] 02:00:51.046193 main.go:137: 1:Acquiring bool lock
[peer] 02:00:51.048274 honest.go:81: 1Train Error is 0.06929 in Iteration 7
[peer] 02:00:51.048300 main.go:790: 1:Convergence checked
[peer] 02:00:51.048321 main.go:793: 1:Bool lock released
[peer] 02:00:51.048374 main.go:139: 1:Acquired bool lock
[peer] 02:00:51.048392 main.go:140: Chain Length:9
[peer] 02:00:51.048403 blockchain.go:68: Returning a block
[peer] 02:00:51.048413 main.go:142: Chain Length:9
[peer] 02:00:51.048424 main.go:147: Already have block
[peer] 02:00:51.048437 main.go:152: 1:Bool lock released
[peer] 02:00:51.048448 blockchain.go:68: Returning a block
[peer] 02:00:51.048459 blockchain.go:68: Returning a block
[peer] 02:00:51.048469 main.go:179: 1:Equal block
[peer] 02:00:51.048546 main.go:139: 1:Acquired bool lock
[peer] 02:00:51.048562 main.go:140: Chain Length:9
[peer] 02:00:51.048573 blockchain.go:68: Returning a block
[peer] 02:00:51.048584 main.go:142: Chain Length:9
[peer] 02:00:51.048594 main.go:147: Already have block
[peer] 02:00:51.048606 main.go:152: 1:Bool lock released
[peer] 02:00:51.048617 blockchain.go:68: Returning a block
[peer] 02:00:51.048627 blockchain.go:68: Returning a block
[peer] 02:00:51.048638 main.go:179: 1:Equal block
[peer] 02:00:51.048696 main.go:139: 1:Acquired bool lock
[peer] 02:00:51.048712 main.go:140: Chain Length:9
[peer] 02:00:51.048722 blockchain.go:68: Returning a block
[peer] 02:00:51.048749 main.go:142: Chain Length:9
[peer] 02:00:51.048760 main.go:147: Already have block
[peer] 02:00:51.048771 main.go:152: 1:Bool lock released
[peer] 02:00:51.048781 blockchain.go:68: Returning a block
[peer] 02:00:51.048792 blockchain.go:68: Returning a block
[peer] 02:00:51.048802 main.go:179: 1:Equal block
[peer] 02:00:51.048873 main.go:664: 1:Sending block. Iteration: 7
[peer] 02:00:51.049718 main.go:633: 1:Accepted new Connection
[peer] 02:00:51.049754 main.go:633: 1:Accepted new Connection
[peer] 02:00:51.050066 main.go:130: 1:Got block message, iteration 7
[peer] 02:00:51.050099 main.go:137: 1:Acquiring bool lock
[peer] 02:00:51.050109 main.go:139: 1:Acquired bool lock
[peer] 02:00:51.050120 main.go:140: Chain Length:9
[peer] 02:00:51.050131 blockchain.go:68: Returning a block
[peer] 02:00:51.050141 main.go:142: Chain Length:9
[peer] 02:00:51.050151 main.go:147: Already have block
[peer] 02:00:51.050163 main.go:152: 1:Bool lock released
[peer] 02:00:51.050174 blockchain.go:68: Returning a block
[peer] 02:00:51.050183 blockchain.go:68: Returning a block
[peer] 02:00:51.050194 main.go:179: 1:Equal block
[peer] 02:00:51.052621 main.go:729: 1:Block sent to peer successful
[err] 02:00:51.052644 main.go:302: Error in sending block, err = Stale Update/Block
[peer] 02:00:51.054042 main.go:633: 1:Accepted new Connection
[peer] 02:00:51.055467 main.go:130: 1:Got block message, iteration 7
[peer] 02:00:51.055502 main.go:137: 1:Acquiring bool lock
[peer] 02:00:51.055515 main.go:139: 1:Acquired bool lock
[peer] 02:00:51.055528 main.go:140: Chain Length:9
[peer] 02:00:51.055540 blockchain.go:68: Returning a block
[peer] 02:00:51.055552 main.go:142: Chain Length:9
[peer] 02:00:51.055564 main.go:147: Already have block
[peer] 02:00:51.055578 main.go:152: 1:Bool lock released
[peer] 02:00:51.055591 blockchain.go:68: Returning a block
[peer] 02:00:51.055602 blockchain.go:68: Returning a block
[peer] 02:00:51.055614 main.go:179: 1:Equal block
[peer] 02:00:51.055824 main.go:729: 1:Block sent to peer successful
[err] 02:00:51.055846 main.go:302: Error in sending block, err = Stale Update/Block
[peer] 02:00:51.056007 main.go:729: 1:Block sent to peer successful
[err] 02:00:51.056027 main.go:302: Error in sending block, err = Stale Update/Block
[peer] 02:00:51.060436 main.go:633: 1:Accepted new Connection
[peer] 02:00:51.060505 main.go:130: 1:Got block message, iteration 7
[peer] 02:00:51.060535 main.go:137: 1:Acquiring bool lock
[peer] 02:00:51.060546 main.go:139: 1:Acquired bool lock
[peer] 02:00:51.060556 main.go:140: Chain Length:9
[peer] 02:00:51.060566 blockchain.go:68: Returning a block
[peer] 02:00:51.060576 main.go:142: Chain Length:9
[peer] 02:00:51.060586 main.go:147: Already have block
[peer] 02:00:51.060598 main.go:152: 1:Bool lock released
[peer] 02:00:51.060608 blockchain.go:68: Returning a block
[peer] 02:00:51.060618 blockchain.go:68: Returning a block
[peer] 02:00:51.060628 main.go:179: 1:Equal block
[peer] 02:00:51.060803 main.go:729: 1:Block sent to peer successful
[err] 02:00:51.060822 main.go:302: Error in sending block, err = Stale Update/Block
[peer] 02:00:51.060968 main.go:729: 1:Block sent to peer successful
[err] 02:00:51.060988 main.go:302: Error in sending block, err = Stale Update/Block
[peer] 02:00:51.071446 main.go:729: 1:Block sent to peer successful
[err] 02:00:51.071469 main.go:302: Error in sending block, err = Stale Update/Block
[peer] 02:00:51.071644 main.go:729: 1:Block sent to peer successful
[err] 02:00:51.071663 main.go:302: Error in sending block, err = Stale Update/Block
[peer] 02:00:51.071805 main.go:729: 1:Block sent to peer successful
[err] 02:00:51.071824 main.go:302: Error in sending block, err = Stale Update/Block
[peer] 02:00:51.072111 main.go:130: 1:Got block message, iteration 7
[peer] 02:00:51.072141 main.go:137: 1:Acquiring bool lock
[peer] 02:00:51.072151 main.go:139: 1:Acquired bool lock
[peer] 02:00:51.072160 main.go:140: Chain Length:9
[peer] 02:00:51.072170 blockchain.go:68: Returning a block
[peer] 02:00:51.072180 main.go:142: Chain Length:9
[peer] 02:00:51.072189 main.go:147: Already have block
[peer] 02:00:51.072211 main.go:152: 1:Bool lock released
[peer] 02:00:51.072221 blockchain.go:68: Returning a block
[peer] 02:00:51.072231 blockchain.go:68: Returning a block
[peer] 02:00:51.072240 main.go:179: 1:Equal block
[peer] 02:00:51.083187 main.go:633: 1:Accepted new Connection
[peer] 02:00:51.083353 main.go:729: 1:Block sent to peer successful
[err] 02:00:51.083371 main.go:302: Error in sending block, err = Stale Update/Block
[peer] 02:00:51.091257 main.go:729: 1:Block sent to peer successful
[err] 02:00:51.091275 main.go:302: Error in sending block, err = Stale Update/Block
[peer] 02:00:51.091281 main.go:633: 1:Accepted new Connection
[peer] 02:00:51.091259 main.go:729: 1:Block sent to peer successful
[err] 02:00:51.091320 main.go:302: Error in sending block, err = Stale Update/Block
[peer] 02:00:51.091559 main.go:130: 1:Got block message, iteration 7
[peer] 02:00:51.091587 main.go:137: 1:Acquiring bool lock
[peer] 02:00:51.091597 main.go:139: 1:Acquired bool lock
[peer] 02:00:51.091607 main.go:140: Chain Length:9
[peer] 02:00:51.091616 blockchain.go:68: Returning a block
[peer] 02:00:51.091625 main.go:142: Chain Length:9
[peer] 02:00:51.091634 main.go:147: Already have block
[peer] 02:00:51.091644 main.go:152: 1:Bool lock released
[peer] 02:00:51.091653 blockchain.go:68: Returning a block
[peer] 02:00:51.091662 blockchain.go:68: Returning a block
[peer] 02:00:51.091671 main.go:179: 1:Equal block
[peer] 02:00:51.096744 main.go:633: 1:Accepted new Connection
[peer] 02:00:51.099192 main.go:130: 1:Got block message, iteration 7
[peer] 02:00:51.099219 main.go:137: 1:Acquiring bool lock
[peer] 02:00:51.099228 main.go:139: 1:Acquired bool lock
[peer] 02:00:51.099237 main.go:140: Chain Length:9
[peer] 02:00:51.099246 blockchain.go:68: Returning a block
[peer] 02:00:51.099255 main.go:142: Chain Length:9
[peer] 02:00:51.099264 main.go:147: Already have block
[peer] 02:00:51.099275 main.go:152: 1:Bool lock released
[peer] 02:00:51.099283 blockchain.go:68: Returning a block
[peer] 02:00:51.099292 blockchain.go:68: Returning a block
[peer] 02:00:51.099301 main.go:179: 1:Equal block
[peer] 02:00:51.108519 main.go:729: 1:Block sent to peer successful
[err] 02:00:51.108538 main.go:302: Error in sending block, err = Stale Update/Block
[peer] 02:00:51.109453 main.go:633: 1:Accepted new Connection
[peer] 02:00:51.114549 main.go:729: 1:Block sent to peer successful
[err] 02:00:51.114863 main.go:302: Error in sending block, err = Stale Update/Block
[peer] 02:00:51.126046 main.go:633: 1:Accepted new Connection
[peer] 02:00:51.128744 main.go:130: 1:Got block message, iteration 7
[peer] 02:00:51.128762 main.go:137: 1:Acquiring bool lock
[peer] 02:00:51.128768 main.go:139: 1:Acquired bool lock
[peer] 02:00:51.128773 main.go:140: Chain Length:9
[peer] 02:00:51.128779 blockchain.go:68: Returning a block
[peer] 02:00:51.128784 main.go:142: Chain Length:9
[peer] 02:00:51.128789 main.go:147: Already have block
[peer] 02:00:51.128795 main.go:152: 1:Bool lock released
[peer] 02:00:51.128801 blockchain.go:68: Returning a block
[peer] 02:00:51.128806 blockchain.go:68: Returning a block
[peer] 02:00:51.128811 main.go:179: 1:Equal block
[peer] 02:00:51.139082 main.go:130: 1:Got block message, iteration 7
[peer] 02:00:51.139107 main.go:137: 1:Acquiring bool lock
[peer] 02:00:51.139114 main.go:139: 1:Acquired bool lock
[peer] 02:00:51.139122 main.go:140: Chain Length:9
[peer] 02:00:51.139129 blockchain.go:68: Returning a block
[peer] 02:00:51.139136 main.go:142: Chain Length:9
[peer] 02:00:51.139143 main.go:147: Already have block
[peer] 02:00:51.139152 main.go:152: 1:Bool lock released
[peer] 02:00:51.139159 blockchain.go:68: Returning a block
[peer] 02:00:51.139166 blockchain.go:68: Returning a block
[peer] 02:00:51.139174 main.go:179: 1:Equal block
[peer] 02:00:51.148593 main.go:729: 1:Block sent to peer successful
[err] 02:00:51.148607 main.go:302: Error in sending block, err = Stale Update/Block
[peer] 02:00:51.149522 main.go:633: 1:Accepted new Connection
[peer] 02:00:51.152145 main.go:130: 1:Got block message, iteration 7
[peer] 02:00:51.152173 main.go:137: 1:Acquiring bool lock
[peer] 02:00:51.152181 main.go:139: 1:Acquired bool lock
[peer] 02:00:51.152188 main.go:140: Chain Length:9
[peer] 02:00:51.152195 blockchain.go:68: Returning a block
[peer] 02:00:51.152202 main.go:142: Chain Length:9
[peer] 02:00:51.152209 main.go:147: Already have block
[peer] 02:00:51.152218 main.go:152: 1:Bool lock released
[peer] 02:00:51.152225 blockchain.go:68: Returning a block
[peer] 02:00:51.152233 blockchain.go:68: Returning a block
[peer] 02:00:51.152240 main.go:179: 1:Equal block
[peer] 02:00:51.156408 main.go:729: 1:Block sent to peer successful
[err] 02:00:51.156424 main.go:302: Error in sending block, err = Stale Update/Block
[peer] 02:00:51.156631 main.go:633: 1:Accepted new Connection
[peer] 02:00:51.159444 main.go:130: 1:Got block message, iteration 7
[peer] 02:00:51.159473 main.go:137: 1:Acquiring bool lock
[peer] 02:00:51.159481 main.go:139: 1:Acquired bool lock
[peer] 02:00:51.159489 main.go:140: Chain Length:9
[peer] 02:00:51.159495 blockchain.go:68: Returning a block
[peer] 02:00:51.159503 main.go:142: Chain Length:9
[peer] 02:00:51.159509 main.go:147: Already have block
[peer] 02:00:51.159518 main.go:152: 1:Bool lock released
[peer] 02:00:51.159524 blockchain.go:68: Returning a block
[peer] 02:00:51.159531 blockchain.go:68: Returning a block
[peer] 02:00:51.159538 main.go:179: 1:Equal block
[peer] 02:00:51.160945 main.go:130: 1:Got block message, iteration 7
[peer] 02:00:51.160966 main.go:137: 1:Acquiring bool lock
[peer] 02:00:51.160973 main.go:139: 1:Acquired bool lock
[peer] 02:00:51.160980 main.go:140: Chain Length:9
[peer] 02:00:51.160987 blockchain.go:68: Returning a block
[peer] 02:00:51.160993 main.go:142: Chain Length:9
[peer] 02:00:51.161000 main.go:147: Already have block
[peer] 02:00:51.161008 main.go:152: 1:Bool lock released
[peer] 02:00:51.161015 blockchain.go:68: Returning a block
[peer] 02:00:51.161022 blockchain.go:68: Returning a block
[peer] 02:00:51.161029 main.go:179: 1:Equal block
[peer] 02:00:51.195073 main.go:729: 1:Block sent to peer successful
[err] 02:00:51.195085 main.go:302: Error in sending block, err = Stale Update/Block
[peer] 02:00:51.195121 main.go:633: 1:Accepted new Connection
[peer] 02:00:51.195219 main.go:729: 1:Block sent to peer successful
[err] 02:00:51.195231 main.go:302: Error in sending block, err = Stale Update/Block
[peer] 02:00:51.197941 main.go:130: 1:Got block message, iteration 7
[peer] 02:00:51.197961 main.go:137: 1:Acquiring bool lock
[peer] 02:00:51.197968 main.go:139: 1:Acquired bool lock
[peer] 02:00:51.197975 main.go:140: Chain Length:9
[peer] 02:00:51.197981 blockchain.go:68: Returning a block
[peer] 02:00:51.197988 main.go:142: Chain Length:9
[peer] 02:00:51.197994 main.go:147: Already have block
[peer] 02:00:51.198002 main.go:152: 1:Bool lock released
[peer] 02:00:51.198008 blockchain.go:68: Returning a block
[peer] 02:00:51.198015 blockchain.go:68: Returning a block
[peer] 02:00:51.198021 main.go:179: 1:Equal block
[peer] 02:00:51.198480 main.go:633: 1:Accepted new Connection
[peer] 02:00:51.220827 main.go:130: 1:Got block message, iteration 7
[peer] 02:00:51.220849 main.go:137: 1:Acquiring bool lock
[peer] 02:00:51.220855 main.go:139: 1:Acquired bool lock
[peer] 02:00:51.220860 main.go:140: Chain Length:9
[peer] 02:00:51.220865 blockchain.go:68: Returning a block
[peer] 02:00:51.220869 main.go:142: Chain Length:9
[peer] 02:00:51.220874 main.go:147: Already have block
[peer] 02:00:51.220879 main.go:152: 1:Bool lock released
[peer] 02:00:51.220883 blockchain.go:68: Returning a block
[peer] 02:00:51.220888 blockchain.go:68: Returning a block
[peer] 02:00:51.220893 main.go:179: 1:Equal block
[peer] 02:00:51.248547 main.go:729: 1:Block sent to peer successful
[err] 02:00:51.248573 main.go:302: Error in sending block, err = Stale Update/Block
[peer] 02:00:51.251437 main.go:633: 1:Accepted new Connection
[peer] 02:00:51.254138 main.go:729: 1:Block sent to peer successful
[err] 02:00:51.254153 main.go:302: Error in sending block, err = Stale Update/Block
[peer] 02:00:51.254177 main.go:684: 1:RPC calls successfully returned. Iteration: 7
[peer] 02:00:51.255872 main.go:130: 1:Got block message, iteration 7
[peer] 02:00:51.255906 main.go:137: 1:Acquiring bool lock
[peer] 02:00:51.255914 main.go:139: 1:Acquired bool lock
[peer] 02:00:51.255922 main.go:140: Chain Length:9
[peer] 02:00:51.255929 blockchain.go:68: Returning a block
[peer] 02:00:51.255937 main.go:142: Chain Length:9
[peer] 02:00:51.255944 main.go:147: Already have block
[peer] 02:00:51.255952 main.go:152: 1:Bool lock released
[peer] 02:00:51.255959 blockchain.go:68: Returning a block
[peer] 02:00:51.255967 blockchain.go:68: Returning a block
[peer] 02:00:51.255974 main.go:179: 1:Equal block
[peer] 02:00:51.269094 honest.go:81: 1Train Error is 0.06929 in Iteration 7
[peer] 02:00:51.270111 main.go:692: 1:Preparing for next Iteration. Current Iteration: 7
[peer] 02:00:51.270293 main.go:588: 1:Acquiring bool lock
[peer] 02:00:51.270392 main.go:590: 1:Acquired bool lock
[peer] 02:00:51.274077 main.go:609: 1:I am not verifier IterationCount:8
[peer] 02:00:51.283478 main.go:614: 1:Bool lock released
[peer] 02:00:51.274867 main.go:633: 1:Accepted new Connection
[peer] 02:00:51.283774 main.go:130: 1:Got block message, iteration 7
[peer] 02:00:51.283796 main.go:137: 1:Acquiring bool lock
[peer] 02:00:51.283802 main.go:139: 1:Acquired bool lock
[peer] 02:00:51.283809 main.go:140: Chain Length:9
[peer] 02:00:51.283815 blockchain.go:68: Returning a block
[peer] 02:00:51.283822 main.go:142: Chain Length:9
[peer] 02:00:51.283828 main.go:147: Already have block
[peer] 02:00:51.283836 main.go:152: 1:Bool lock released
[peer] 02:00:51.283842 blockchain.go:68: Returning a block
[peer] 02:00:51.283849 blockchain.go:68: Returning a block
[peer] 02:00:51.283856 main.go:179: 1:Equal block
[peer] 02:00:51.313636 main.go:824: 1:Computing Update
[peer] 02:00:51.314045 main.go:270: 1 : VRF returned ID map[12:{}]
[peer] 02:00:51.314065 main.go:280: 1 :Verifiers [198.162.52.57:8012] returned.
[peer] 02:00:51.314413 main.go:869: 1:Making RPC Call to Verifier. Sending Update, Iteration:8
[peer] 02:00:51.315803 main.go:876: 1:Update sent successfully
[peer] 02:00:56.429913 main.go:633: 1:Accepted new Connection
[peer] 02:00:56.429960 main.go:633: 1:Accepted new Connection
[peer] 02:00:56.431053 main.go:633: 1:Accepted new Connection
[peer] 02:00:56.438467 main.go:130: 1:Got block message, iteration 8
[peer] 02:00:56.438502 main.go:137: 1:Acquiring bool lock
[peer] 02:00:56.438514 main.go:139: 1:Acquired bool lock
[peer] 02:00:56.438527 main.go:140: Chain Length:9
[peer] 02:00:56.438538 blockchain.go:71: Returning nil
[peer] 02:00:56.438551 main.go:142: Chain Length:9
[peer] 02:00:56.438564 main.go:187: 1:Sending to channel
[peer] 02:00:56.438579 main.go:193: 1:Sent to channel
[peer] 02:00:56.438595 main.go:195: 1:Returning
[peer] 02:00:56.438801 main.go:777: 1:Adding block to chain
[peer] 02:00:56.438833 honest.go:222: Trying to append block with iteration:8
[peer] 02:00:56.438848 blockchain.go:71: Returning nil
[peer] 02:00:56.438860 honest.go:238: Append successful
[peer] 02:00:56.438874 main.go:781: 1:Adding block to chain
[peer] 02:00:56.438886 main.go:787: 1:Checking convergence
[peer] 02:00:56.439511 main.go:130: 1:Got block message, iteration 8
[peer] 02:00:56.439557 main.go:137: 1:Acquiring bool lock
[peer] 02:00:56.439617 main.go:633: 1:Accepted new Connection
[peer] 02:00:56.439969 main.go:130: 1:Got block message, iteration 8
[peer] 02:00:56.440005 main.go:137: 1:Acquiring bool lock
[peer] 02:00:56.440088 main.go:955: 1:Block Received. Appending to chain and moving on to the next iteration. 8
[peer] 02:00:56.445346 main.go:633: 1:Accepted new Connection
[peer] 02:00:56.445728 main.go:130: 1:Got block message, iteration 8
[peer] 02:00:56.445764 main.go:137: 1:Acquiring bool lock
[peer] 02:00:56.449723 main.go:633: 1:Accepted new Connection
[peer] 02:00:56.450002 main.go:130: 1:Got block message, iteration 8
[peer] 02:00:56.450042 main.go:137: 1:Acquiring bool lock
[peer] 02:00:56.450102 main.go:130: 1:Got block message, iteration 8
[peer] 02:00:56.450132 main.go:137: 1:Acquiring bool lock
[peer] 02:00:56.454671 main.go:633: 1:Accepted new Connection
[peer] 02:00:56.455005 main.go:130: 1:Got block message, iteration 8
[peer] 02:00:56.455042 main.go:137: 1:Acquiring bool lock
[peer] 02:00:56.474962 main.go:633: 1:Accepted new Connection
[peer] 02:00:56.475302 main.go:130: 1:Got block message, iteration 8
[peer] 02:00:56.475338 main.go:137: 1:Acquiring bool lock
[peer] 02:00:56.505500 honest.go:81: 1Train Error is 0.06434 in Iteration 8
[peer] 02:00:56.505519 main.go:790: 1:Convergence checked
[peer] 02:00:56.505543 main.go:793: 1:Bool lock released
[peer] 02:00:56.505579 main.go:664: 1:Sending block. Iteration: 8
[peer] 02:00:56.505604 main.go:139: 1:Acquired bool lock
[peer] 02:00:56.505620 main.go:140: Chain Length:10
[peer] 02:00:56.505630 blockchain.go:68: Returning a block
[peer] 02:00:56.505639 main.go:142: Chain Length:10
[peer] 02:00:56.505648 main.go:147: Already have block
[peer] 02:00:56.505659 main.go:152: 1:Bool lock released
[peer] 02:00:56.505669 blockchain.go:68: Returning a block
[peer] 02:00:56.505678 blockchain.go:68: Returning a block
[peer] 02:00:56.505687 main.go:179: 1:Equal block
[peer] 02:00:56.505750 main.go:139: 1:Acquired bool lock
[peer] 02:00:56.505764 main.go:140: Chain Length:10
[peer] 02:00:56.505774 blockchain.go:68: Returning a block
[peer] 02:00:56.505786 main.go:142: Chain Length:10
[peer] 02:00:56.505796 main.go:147: Already have block
[peer] 02:00:56.505809 main.go:152: 1:Bool lock released
[peer] 02:00:56.505819 blockchain.go:68: Returning a block
[peer] 02:00:56.505830 blockchain.go:68: Returning a block
[peer] 02:00:56.505841 main.go:179: 1:Equal block
[peer] 02:00:56.505900 main.go:139: 1:Acquired bool lock
[peer] 02:00:56.505917 main.go:140: Chain Length:10
[peer] 02:00:56.505929 blockchain.go:68: Returning a block
[peer] 02:00:56.505941 main.go:142: Chain Length:10
[peer] 02:00:56.505951 main.go:147: Already have block
[peer] 02:00:56.505963 main.go:152: 1:Bool lock released
[peer] 02:00:56.505974 blockchain.go:68: Returning a block
[peer] 02:00:56.505985 blockchain.go:68: Returning a block
[peer] 02:00:56.505995 main.go:179: 1:Equal block
[peer] 02:00:56.506052 main.go:139: 1:Acquired bool lock
[peer] 02:00:56.506067 main.go:140: Chain Length:10
[peer] 02:00:56.506077 blockchain.go:68: Returning a block
[peer] 02:00:56.506088 main.go:142: Chain Length:10
[peer] 02:00:56.506098 main.go:147: Already have block
[peer] 02:00:56.506111 main.go:152: 1:Bool lock released
[peer] 02:00:56.506121 blockchain.go:68: Returning a block
[peer] 02:00:56.506131 blockchain.go:68: Returning a block
[peer] 02:00:56.506141 main.go:179: 1:Equal block
[peer] 02:00:56.506189 main.go:139: 1:Acquired bool lock
[peer] 02:00:56.506206 main.go:140: Chain Length:10
[peer] 02:00:56.506217 blockchain.go:68: Returning a block
[peer] 02:00:56.506226 main.go:142: Chain Length:10
[peer] 02:00:56.506237 main.go:147: Already have block
[peer] 02:00:56.506250 main.go:152: 1:Bool lock released
[peer] 02:00:56.506261 blockchain.go:68: Returning a block
[peer] 02:00:56.506271 blockchain.go:68: Returning a block
[peer] 02:00:56.506280 main.go:179: 1:Equal block
[peer] 02:00:56.506336 main.go:139: 1:Acquired bool lock
[peer] 02:00:56.506353 main.go:140: Chain Length:10
[peer] 02:00:56.506364 blockchain.go:68: Returning a block
[peer] 02:00:56.506375 main.go:142: Chain Length:10
[peer] 02:00:56.506385 main.go:147: Already have block
[peer] 02:00:56.506396 main.go:152: 1:Bool lock released
[peer] 02:00:56.506406 blockchain.go:68: Returning a block
[peer] 02:00:56.506416 blockchain.go:68: Returning a block
[peer] 02:00:56.506425 main.go:179: 1:Equal block
[peer] 02:00:56.506479 main.go:139: 1:Acquired bool lock
[peer] 02:00:56.506497 main.go:140: Chain Length:10
[peer] 02:00:56.506507 blockchain.go:68: Returning a block
[peer] 02:00:56.506517 main.go:142: Chain Length:10
[peer] 02:00:56.506527 main.go:147: Already have block
[peer] 02:00:56.506537 main.go:152: 1:Bool lock released
[peer] 02:00:56.506546 blockchain.go:68: Returning a block
[peer] 02:00:56.506555 blockchain.go:68: Returning a block
[peer] 02:00:56.506579 main.go:179: 1:Equal block
[peer] 02:00:56.508240 main.go:633: 1:Accepted new Connection
[peer] 02:00:56.508537 main.go:130: 1:Got block message, iteration 8
[peer] 02:00:56.508569 main.go:137: 1:Acquiring bool lock
[peer] 02:00:56.508579 main.go:139: 1:Acquired bool lock
[peer] 02:00:56.508590 main.go:140: Chain Length:10
[peer] 02:00:56.508600 blockchain.go:68: Returning a block
[peer] 02:00:56.508609 main.go:142: Chain Length:10
[peer] 02:00:56.508619 main.go:147: Already have block
[peer] 02:00:56.508630 main.go:152: 1:Bool lock released
[peer] 02:00:56.508640 blockchain.go:68: Returning a block
[peer] 02:00:56.508650 blockchain.go:68: Returning a block
[peer] 02:00:56.508660 main.go:179: 1:Equal block
[peer] 02:00:56.512806 main.go:729: 1:Block sent to peer successful
[err] 02:00:56.513559 main.go:302: Error in sending block, err = Stale Update/Block
[peer] 02:00:56.513656 main.go:729: 1:Block sent to peer successful
[err] 02:00:56.513803 main.go:302: Error in sending block, err = Stale Update/Block
[peer] 02:00:56.512859 main.go:633: 1:Accepted new Connection
[peer] 02:00:56.514216 main.go:130: 1:Got block message, iteration 8
[peer] 02:00:56.514271 main.go:137: 1:Acquiring bool lock
[peer] 02:00:56.514310 main.go:139: 1:Acquired bool lock
[peer] 02:00:56.514368 main.go:140: Chain Length:10
[peer] 02:00:56.514408 blockchain.go:68: Returning a block
[peer] 02:00:56.514449 main.go:142: Chain Length:10
[peer] 02:00:56.514487 main.go:147: Already have block
[peer] 02:00:56.514530 main.go:152: 1:Bool lock released
[peer] 02:00:56.514573 blockchain.go:68: Returning a block
[peer] 02:00:56.514615 blockchain.go:68: Returning a block
[peer] 02:00:56.514661 main.go:179: 1:Equal block
[peer] 02:00:56.513058 main.go:729: 1:Block sent to peer successful
[err] 02:00:56.514805 main.go:302: Error in sending block, err = Stale Update/Block
[peer] 02:00:56.513223 main.go:729: 1:Block sent to peer successful
[err] 02:00:56.514962 main.go:302: Error in sending block, err = Stale Update/Block
[peer] 02:00:56.513312 main.go:729: 1:Block sent to peer successful
[err] 02:00:56.515075 main.go:302: Error in sending block, err = Stale Update/Block
[peer] 02:00:56.515539 main.go:729: 1:Block sent to peer successful
[err] 02:00:56.515947 main.go:302: Error in sending block, err = Stale Update/Block
[peer] 02:00:56.516298 main.go:729: 1:Block sent to peer successful
[err] 02:00:56.516340 main.go:302: Error in sending block, err = Stale Update/Block
[peer] 02:00:56.516531 main.go:729: 1:Block sent to peer successful
[err] 02:00:56.516593 main.go:302: Error in sending block, err = Stale Update/Block
[peer] 02:00:56.516796 main.go:729: 1:Block sent to peer successful
[err] 02:00:56.516903 main.go:302: Error in sending block, err = Stale Update/Block
[peer] 02:00:56.517030 main.go:633: 1:Accepted new Connection
[peer] 02:00:56.521850 main.go:130: 1:Got block message, iteration 8
[peer] 02:00:56.521876 main.go:137: 1:Acquiring bool lock
[peer] 02:00:56.521885 main.go:139: 1:Acquired bool lock
[peer] 02:00:56.521893 main.go:140: Chain Length:10
[peer] 02:00:56.521901 blockchain.go:68: Returning a block
[peer] 02:00:56.521910 main.go:142: Chain Length:10
[peer] 02:00:56.521918 main.go:147: Already have block
[peer] 02:00:56.521927 main.go:152: 1:Bool lock released
[peer] 02:00:56.521936 blockchain.go:68: Returning a block
[peer] 02:00:56.521944 blockchain.go:68: Returning a block
[peer] 02:00:56.521974 main.go:179: 1:Equal block
[peer] 02:00:56.532777 main.go:729: 1:Block sent to peer successful
[err] 02:00:56.532799 main.go:302: Error in sending block, err = Stale Update/Block
[peer] 02:00:56.532803 main.go:633: 1:Accepted new Connection
[peer] 02:00:56.532780 main.go:729: 1:Block sent to peer successful
[err] 02:00:56.532841 main.go:302: Error in sending block, err = Stale Update/Block
[peer] 02:00:56.532974 main.go:729: 1:Block sent to peer successful
[err] 02:00:56.532987 main.go:302: Error in sending block, err = Stale Update/Block
[peer] 02:00:56.533059 main.go:130: 1:Got block message, iteration 8
[peer] 02:00:56.533094 main.go:137: 1:Acquiring bool lock
[peer] 02:00:56.533104 main.go:139: 1:Acquired bool lock
[peer] 02:00:56.533114 main.go:140: Chain Length:10
[peer] 02:00:56.533123 blockchain.go:68: Returning a block
[peer] 02:00:56.533132 main.go:142: Chain Length:10
[peer] 02:00:56.533141 main.go:147: Already have block
[peer] 02:00:56.533152 main.go:152: 1:Bool lock released
[peer] 02:00:56.533161 blockchain.go:68: Returning a block
[peer] 02:00:56.533170 blockchain.go:68: Returning a block
[peer] 02:00:56.533179 main.go:179: 1:Equal block
[peer] 02:00:56.533890 main.go:729: 1:Block sent to peer successful
[err] 02:00:56.533906 main.go:302: Error in sending block, err = Stale Update/Block
[peer] 02:00:56.533944 main.go:633: 1:Accepted new Connection
[peer] 02:00:56.534851 main.go:729: 1:Block sent to peer successful
[err] 02:00:56.534865 main.go:302: Error in sending block, err = Stale Update/Block
[peer] 02:00:56.535592 main.go:729: 1:Block sent to peer successful
[err] 02:00:56.535608 main.go:302: Error in sending block, err = Stale Update/Block
[peer] 02:00:56.536781 main.go:633: 1:Accepted new Connection
[peer] 02:00:56.536934 main.go:633: 1:Accepted new Connection
[peer] 02:00:56.537612 main.go:729: 1:Block sent to peer successful
[err] 02:00:56.537626 main.go:302: Error in sending block, err = Stale Update/Block
[peer] 02:00:56.541578 main.go:130: 1:Got block message, iteration 8
[peer] 02:00:56.541603 main.go:137: 1:Acquiring bool lock
[peer] 02:00:56.541612 main.go:139: 1:Acquired bool lock
[peer] 02:00:56.541621 main.go:140: Chain Length:10
[peer] 02:00:56.541629 blockchain.go:68: Returning a block
[peer] 02:00:56.541637 main.go:142: Chain Length:10
[peer] 02:00:56.541646 main.go:147: Already have block
[peer] 02:00:56.541655 main.go:152: 1:Bool lock released
[peer] 02:00:56.541665 blockchain.go:68: Returning a block
[peer] 02:00:56.541673 blockchain.go:68: Returning a block
[peer] 02:00:56.541681 main.go:179: 1:Equal block
[peer] 02:00:56.541824 main.go:130: 1:Got block message, iteration 8
[peer] 02:00:56.541847 main.go:137: 1:Acquiring bool lock
[peer] 02:00:56.541858 main.go:139: 1:Acquired bool lock
[peer] 02:00:56.541866 main.go:140: Chain Length:10
[peer] 02:00:56.541875 blockchain.go:68: Returning a block
[peer] 02:00:56.541884 main.go:142: Chain Length:10
[peer] 02:00:56.541893 main.go:147: Already have block
[peer] 02:00:56.541902 main.go:152: 1:Bool lock released
[peer] 02:00:56.541911 blockchain.go:68: Returning a block
[peer] 02:00:56.541919 blockchain.go:68: Returning a block
[peer] 02:00:56.541927 main.go:179: 1:Equal block
[peer] 02:00:56.544514 main.go:633: 1:Accepted new Connection
[peer] 02:00:56.545831 main.go:130: 1:Got block message, iteration 8
[peer] 02:00:56.545855 main.go:137: 1:Acquiring bool lock
[peer] 02:00:56.545863 main.go:139: 1:Acquired bool lock
[peer] 02:00:56.545871 main.go:140: Chain Length:10
[peer] 02:00:56.545880 blockchain.go:68: Returning a block
[peer] 02:00:56.545888 main.go:142: Chain Length:10
[peer] 02:00:56.545896 main.go:147: Already have block
[peer] 02:00:56.545905 main.go:152: 1:Bool lock released
[peer] 02:00:56.545913 blockchain.go:68: Returning a block
[peer] 02:00:56.545922 blockchain.go:68: Returning a block
[peer] 02:00:56.545930 main.go:179: 1:Equal block
[peer] 02:00:56.551573 main.go:130: 1:Got block message, iteration 8
[peer] 02:00:56.551600 main.go:137: 1:Acquiring bool lock
[peer] 02:00:56.551609 main.go:139: 1:Acquired bool lock
[peer] 02:00:56.551617 main.go:140: Chain Length:10
[peer] 02:00:56.551625 blockchain.go:68: Returning a block
[peer] 02:00:56.551633 main.go:142: Chain Length:10
[peer] 02:00:56.551641 main.go:147: Already have block
[peer] 02:00:56.551650 main.go:152: 1:Bool lock released
[peer] 02:00:56.551658 blockchain.go:68: Returning a block
[peer] 02:00:56.551665 blockchain.go:68: Returning a block
[peer] 02:00:56.551673 main.go:179: 1:Equal block
[peer] 02:00:56.578440 main.go:633: 1:Accepted new Connection
[peer] 02:00:56.580984 main.go:130: 1:Got block message, iteration 8
[peer] 02:00:56.583150 main.go:137: 1:Acquiring bool lock
[peer] 02:00:56.583225 main.go:139: 1:Acquired bool lock
[peer] 02:00:56.583257 main.go:140: Chain Length:10
[peer] 02:00:56.583346 blockchain.go:68: Returning a block
[peer] 02:00:56.583567 main.go:142: Chain Length:10
[peer] 02:00:56.583615 main.go:147: Already have block
[peer] 02:00:56.583645 main.go:152: 1:Bool lock released
[peer] 02:00:56.583671 blockchain.go:68: Returning a block
[peer] 02:00:56.584244 blockchain.go:68: Returning a block
[peer] 02:00:56.585711 main.go:179: 1:Equal block
[peer] 02:00:56.581551 main.go:729: 1:Block sent to peer successful
[err] 02:00:56.585785 main.go:302: Error in sending block, err = Stale Update/Block
[peer] 02:00:56.584787 main.go:729: 1:Block sent to peer successful
[err] 02:00:56.585827 main.go:302: Error in sending block, err = Stale Update/Block
[peer] 02:00:56.583905 main.go:633: 1:Accepted new Connection
[peer] 02:00:56.588028 main.go:130: 1:Got block message, iteration 8
[peer] 02:00:56.588053 main.go:137: 1:Acquiring bool lock
[peer] 02:00:56.588060 main.go:139: 1:Acquired bool lock
[peer] 02:00:56.588067 main.go:140: Chain Length:10
[peer] 02:00:56.588075 blockchain.go:68: Returning a block
[peer] 02:00:56.588082 main.go:142: Chain Length:10
[peer] 02:00:56.588089 main.go:147: Already have block
[peer] 02:00:56.588097 main.go:152: 1:Bool lock released
[peer] 02:00:56.588104 blockchain.go:68: Returning a block
[peer] 02:00:56.588111 blockchain.go:68: Returning a block
[peer] 02:00:56.588118 main.go:179: 1:Equal block
[peer] 02:00:56.593093 main.go:633: 1:Accepted new Connection
[peer] 02:00:56.596725 main.go:130: 1:Got block message, iteration 8
[peer] 02:00:56.596781 main.go:137: 1:Acquiring bool lock
[peer] 02:00:56.596809 main.go:139: 1:Acquired bool lock
[peer] 02:00:56.596836 main.go:140: Chain Length:10
[peer] 02:00:56.596861 blockchain.go:68: Returning a block
[peer] 02:00:56.596965 main.go:142: Chain Length:10
[peer] 02:00:56.596990 main.go:147: Already have block
[peer] 02:00:56.597016 main.go:152: 1:Bool lock released
[peer] 02:00:56.597041 blockchain.go:68: Returning a block
[peer] 02:00:56.597067 blockchain.go:68: Returning a block
[peer] 02:00:56.597107 main.go:179: 1:Equal block
[peer] 02:00:56.598924 main.go:729: 1:Block sent to peer successful
[err] 02:00:56.598956 main.go:302: Error in sending block, err = Stale Update/Block
[peer] 02:00:56.599004 main.go:684: 1:RPC calls successfully returned. Iteration: 8
[peer] 02:00:56.674816 honest.go:81: 1Train Error is 0.06434 in Iteration 8
[peer] 02:00:56.674932 main.go:692: 1:Preparing for next Iteration. Current Iteration: 8
[peer] 02:00:56.674960 main.go:588: 1:Acquiring bool lock
[peer] 02:00:56.674989 main.go:590: 1:Acquired bool lock
[peer] 02:00:56.677677 main.go:609: 1:I am not verifier IterationCount:9
[peer] 02:00:56.677710 main.go:614: 1:Bool lock released
[peer] 02:00:56.722934 main.go:824: 1:Computing Update
[peer] 02:00:56.723367 main.go:270: 1 : VRF returned ID map[13:{}]
[peer] 02:00:56.723387 main.go:280: 1 :Verifiers [198.162.52.57:8013] returned.
[peer] 02:00:56.723736 main.go:869: 1:Making RPC Call to Verifier. Sending Update, Iteration:9
[peer] 02:00:56.725193 main.go:876: 1:Update sent successfully
[peer] 02:00:56.818467 main.go:633: 1:Accepted new Connection
[peer] 02:00:56.828961 main.go:633: 1:Accepted new Connection
[peer] 02:00:56.830848 main.go:130: 1:Got block message, iteration 9
[peer] 02:00:56.830881 main.go:137: 1:Acquiring bool lock
[peer] 02:00:56.830889 main.go:139: 1:Acquired bool lock
[peer] 02:00:56.830896 main.go:140: Chain Length:10
[peer] 02:00:56.830903 blockchain.go:71: Returning nil
[peer] 02:00:56.830910 main.go:142: Chain Length:10
[peer] 02:00:56.830917 main.go:187: 1:Sending to channel
[peer] 02:00:56.830928 main.go:193: 1:Sent to channel
[peer] 02:00:56.830942 main.go:195: 1:Returning
[peer] 02:00:56.831127 main.go:777: 1:Adding block to chain
[peer] 02:00:56.831152 honest.go:222: Trying to append block with iteration:9
[peer] 02:00:56.831160 blockchain.go:71: Returning nil
[peer] 02:00:56.831167 honest.go:238: Append successful
[peer] 02:00:56.831194 main.go:781: 1:Adding block to chain
[peer] 02:00:56.831201 main.go:787: 1:Checking convergence
[peer] 02:00:56.831396 main.go:955: 1:Block Received. Appending to chain and moving on to the next iteration. 9
[peer] 02:00:56.831822 main.go:130: 1:Got block message, iteration 9
[peer] 02:00:56.831844 main.go:137: 1:Acquiring bool lock
[peer] 02:00:56.835028 main.go:633: 1:Accepted new Connection
[peer] 02:00:56.849366 main.go:633: 1:Accepted new Connection
[peer] 02:00:56.849505 main.go:633: 1:Accepted new Connection
[peer] 02:00:56.849528 main.go:633: 1:Accepted new Connection
[peer] 02:00:56.849565 main.go:130: 1:Got block message, iteration 9
[peer] 02:00:56.849585 main.go:137: 1:Acquiring bool lock
[peer] 02:00:56.849767 main.go:130: 1:Got block message, iteration 9
[peer] 02:00:56.849775 main.go:130: 1:Got block message, iteration 9
[peer] 02:00:56.849795 main.go:137: 1:Acquiring bool lock
[peer] 02:00:56.849784 main.go:137: 1:Acquiring bool lock
[peer] 02:00:56.849971 main.go:130: 1:Got block message, iteration 9
[peer] 02:00:56.849994 main.go:137: 1:Acquiring bool lock
[peer] 02:00:56.851919 main.go:633: 1:Accepted new Connection
[peer] 02:00:56.854005 main.go:633: 1:Accepted new Connection
[peer] 02:00:56.855696 main.go:130: 1:Got block message, iteration 9
[peer] 02:00:56.855767 main.go:137: 1:Acquiring bool lock
[peer] 02:00:56.855757 main.go:633: 1:Accepted new Connection
[peer] 02:00:56.858545 main.go:130: 1:Got block message, iteration 9
[peer] 02:00:56.858589 main.go:137: 1:Acquiring bool lock
[peer] 02:00:56.859112 main.go:130: 1:Got block message, iteration 9
[peer] 02:00:56.859220 main.go:137: 1:Acquiring bool lock
[peer] 02:00:56.872645 main.go:633: 1:Accepted new Connection
[peer] 02:00:56.875242 main.go:130: 1:Got block message, iteration 9
[peer] 02:00:56.875263 main.go:137: 1:Acquiring bool lock
[peer] 02:00:56.876214 main.go:633: 1:Accepted new Connection
[peer] 02:00:56.878569 main.go:130: 1:Got block message, iteration 9
[peer] 02:00:56.878591 main.go:137: 1:Acquiring bool lock
[peer] 02:00:56.882805 main.go:633: 1:Accepted new Connection
[peer] 02:00:56.882826 main.go:633: 1:Accepted new Connection
[peer] 02:00:56.887659 main.go:130: 1:Got block message, iteration 9
[peer] 02:00:56.887681 main.go:137: 1:Acquiring bool lock
[peer] 02:00:56.893056 main.go:130: 1:Got block message, iteration 9
[peer] 02:00:56.893078 main.go:137: 1:Acquiring bool lock
[peer] 02:00:56.931610 honest.go:81: 1Train Error is 0.05453 in Iteration 9
[peer] 02:00:56.931910 main.go:790: 1:Convergence checked
[peer] 02:00:56.931965 main.go:139: 1:Acquired bool lock
[peer] 02:00:56.931976 main.go:140: Chain Length:11
[peer] 02:00:56.931982 blockchain.go:68: Returning a block
[peer] 02:00:56.931990 main.go:142: Chain Length:11
[peer] 02:00:56.931997 main.go:147: Already have block
[peer] 02:00:56.932005 main.go:152: 1:Bool lock released
[peer] 02:00:56.932012 blockchain.go:68: Returning a block
[peer] 02:00:56.932019 blockchain.go:68: Returning a block
[peer] 02:00:56.932026 main.go:179: 1:Equal block
[peer] 02:00:56.932083 main.go:139: 1:Acquired bool lock
[peer] 02:00:56.932092 main.go:140: Chain Length:11
[peer] 02:00:56.932099 blockchain.go:68: Returning a block
[peer] 02:00:56.932105 main.go:142: Chain Length:11
[peer] 02:00:56.932112 main.go:147: Already have block
[peer] 02:00:56.932120 main.go:152: 1:Bool lock released
[peer] 02:00:56.932126 blockchain.go:68: Returning a block
[peer] 02:00:56.932133 blockchain.go:68: Returning a block
[peer] 02:00:56.932139 main.go:179: 1:Equal block
[peer] 02:00:56.932172 main.go:139: 1:Acquired bool lock
[peer] 02:00:56.932182 main.go:140: Chain Length:11
[peer] 02:00:56.932188 blockchain.go:68: Returning a block
[peer] 02:00:56.932195 main.go:142: Chain Length:11
[peer] 02:00:56.932201 main.go:147: Already have block
[peer] 02:00:56.932209 main.go:152: 1:Bool lock released
[peer] 02:00:56.932216 blockchain.go:68: Returning a block
[peer] 02:00:56.932223 blockchain.go:68: Returning a block
[peer] 02:00:56.932230 main.go:179: 1:Equal block
[peer] 02:00:56.932270 main.go:139: 1:Acquired bool lock
[peer] 02:00:56.932285 main.go:140: Chain Length:11
[peer] 02:00:56.932292 blockchain.go:68: Returning a block
[peer] 02:00:56.932299 main.go:142: Chain Length:11
[peer] 02:00:56.932306 main.go:147: Already have block
[peer] 02:00:56.932314 main.go:152: 1:Bool lock released
[peer] 02:00:56.932320 blockchain.go:68: Returning a block
[peer] 02:00:56.932327 blockchain.go:68: Returning a block
[peer] 02:00:56.932333 main.go:179: 1:Equal block
[peer] 02:00:56.932372 main.go:139: 1:Acquired bool lock
[peer] 02:00:56.932383 main.go:140: Chain Length:11
[peer] 02:00:56.932389 blockchain.go:68: Returning a block
[peer] 02:00:56.932396 main.go:142: Chain Length:11
[peer] 02:00:56.932403 main.go:147: Already have block
[peer] 02:00:56.932411 main.go:152: 1:Bool lock released
[peer] 02:00:56.932417 blockchain.go:68: Returning a block
[peer] 02:00:56.932424 blockchain.go:68: Returning a block
[peer] 02:00:56.932430 main.go:179: 1:Equal block
[peer] 02:00:56.932468 main.go:139: 1:Acquired bool lock
[peer] 02:00:56.932478 main.go:140: Chain Length:11
[peer] 02:00:56.932485 blockchain.go:68: Returning a block
[peer] 02:00:56.932491 main.go:142: Chain Length:11
[peer] 02:00:56.932498 main.go:147: Already have block
[peer] 02:00:56.932506 main.go:152: 1:Bool lock released
[peer] 02:00:56.932513 blockchain.go:68: Returning a block
[peer] 02:00:56.932520 blockchain.go:68: Returning a block
[peer] 02:00:56.932526 main.go:179: 1:Equal block
[peer] 02:00:56.932558 main.go:139: 1:Acquired bool lock
[peer] 02:00:56.932616 main.go:140: Chain Length:11
[peer] 02:00:56.932651 blockchain.go:68: Returning a block
[peer] 02:00:56.932695 main.go:142: Chain Length:11
[peer] 02:00:56.932918 main.go:147: Already have block
[peer] 02:00:56.933039 main.go:152: 1:Bool lock released
[peer] 02:00:56.933067 blockchain.go:68: Returning a block
[peer] 02:00:56.933092 blockchain.go:68: Returning a block
[peer] 02:00:56.933154 main.go:179: 1:Equal block
[peer] 02:00:56.932598 main.go:793: 1:Bool lock released
[peer] 02:00:56.933252 main.go:664: 1:Sending block. Iteration: 9
[peer] 02:00:56.933047 main.go:139: 1:Acquired bool lock
[peer] 02:00:56.933336 main.go:140: Chain Length:11
[peer] 02:00:56.933343 blockchain.go:68: Returning a block
[peer] 02:00:56.933350 main.go:142: Chain Length:11
[peer] 02:00:56.933356 main.go:147: Already have block
[peer] 02:00:56.933365 main.go:152: 1:Bool lock released
[peer] 02:00:56.933372 blockchain.go:68: Returning a block
[peer] 02:00:56.933378 blockchain.go:68: Returning a block
[peer] 02:00:56.933385 main.go:179: 1:Equal block
[peer] 02:00:56.933428 main.go:139: 1:Acquired bool lock
[peer] 02:00:56.933438 main.go:140: Chain Length:11
[peer] 02:00:56.933489 blockchain.go:68: Returning a block
[peer] 02:00:56.933496 main.go:142: Chain Length:11
[peer] 02:00:56.933502 main.go:147: Already have block
[peer] 02:00:56.933511 main.go:152: 1:Bool lock released
[peer] 02:00:56.933518 blockchain.go:68: Returning a block
[peer] 02:00:56.933524 blockchain.go:68: Returning a block
[peer] 02:00:56.933531 main.go:179: 1:Equal block
[peer] 02:00:56.933564 main.go:139: 1:Acquired bool lock
[peer] 02:00:56.933575 main.go:140: Chain Length:11
[peer] 02:00:56.933581 blockchain.go:68: Returning a block
[peer] 02:00:56.933588 main.go:142: Chain Length:11
[peer] 02:00:56.933594 main.go:147: Already have block
[peer] 02:00:56.933602 main.go:152: 1:Bool lock released
[peer] 02:00:56.933609 blockchain.go:68: Returning a block
[peer] 02:00:56.933615 blockchain.go:68: Returning a block
[peer] 02:00:56.933622 main.go:179: 1:Equal block
[peer] 02:00:56.933661 main.go:139: 1:Acquired bool lock
[peer] 02:00:56.933676 main.go:140: Chain Length:11
[peer] 02:00:56.933686 blockchain.go:68: Returning a block
[peer] 02:00:56.933697 main.go:142: Chain Length:11
[peer] 02:00:56.933707 main.go:147: Already have block
[peer] 02:00:56.933719 main.go:152: 1:Bool lock released
[peer] 02:00:56.933728 blockchain.go:68: Returning a block
[peer] 02:00:56.933734 blockchain.go:68: Returning a block
[peer] 02:00:56.933739 main.go:179: 1:Equal block
[peer] 02:00:56.933782 main.go:139: 1:Acquired bool lock
[peer] 02:00:56.933793 main.go:140: Chain Length:11
[peer] 02:00:56.933799 blockchain.go:68: Returning a block
[peer] 02:00:56.933805 main.go:142: Chain Length:11
[peer] 02:00:56.933811 main.go:147: Already have block
[peer] 02:00:56.933818 main.go:152: 1:Bool lock released
[peer] 02:00:56.933824 blockchain.go:68: Returning a block
[peer] 02:00:56.933829 blockchain.go:68: Returning a block
[peer] 02:00:56.933835 main.go:179: 1:Equal block
[peer] 02:00:56.934281 main.go:633: 1:Accepted new Connection
[peer] 02:00:56.937238 main.go:729: 1:Block sent to peer successful
[err] 02:00:56.937252 main.go:302: Error in sending block, err = Stale Update/Block
[peer] 02:00:56.938079 main.go:729: 1:Block sent to peer successful
[err] 02:00:56.938092 main.go:302: Error in sending block, err = Stale Update/Block
[peer] 02:00:56.938178 main.go:729: 1:Block sent to peer successful
[err] 02:00:56.938189 main.go:302: Error in sending block, err = Stale Update/Block
[peer] 02:00:56.938767 main.go:729: 1:Block sent to peer successful
[err] 02:00:56.938780 main.go:302: Error in sending block, err = Stale Update/Block
[peer] 02:00:56.939137 main.go:130: 1:Got block message, iteration 9
[peer] 02:00:56.939155 main.go:137: 1:Acquiring bool lock
[peer] 02:00:56.939162 main.go:139: 1:Acquired bool lock
[peer] 02:00:56.939169 main.go:140: Chain Length:11
[peer] 02:00:56.939176 blockchain.go:68: Returning a block
[peer] 02:00:56.939182 main.go:142: Chain Length:11
[peer] 02:00:56.939189 main.go:147: Already have block
[peer] 02:00:56.939197 main.go:152: 1:Bool lock released
[peer] 02:00:56.939204 blockchain.go:68: Returning a block
[peer] 02:00:56.939210 blockchain.go:68: Returning a block
[peer] 02:00:56.939217 main.go:179: 1:Equal block
[peer] 02:00:56.939775 main.go:729: 1:Block sent to peer successful
[err] 02:00:56.939786 main.go:302: Error in sending block, err = Stale Update/Block
[peer] 02:00:56.939848 main.go:729: 1:Block sent to peer successful
[err] 02:00:56.939859 main.go:302: Error in sending block, err = Stale Update/Block
[peer] 02:00:56.940065 main.go:729: 1:Block sent to peer successful
[err] 02:00:56.940076 main.go:302: Error in sending block, err = Stale Update/Block
[peer] 02:00:56.940644 main.go:729: 1:Block sent to peer successful
[err] 02:00:56.940655 main.go:302: Error in sending block, err = Stale Update/Block
[peer] 02:00:56.940877 main.go:729: 1:Block sent to peer successful
[err] 02:00:56.940888 main.go:302: Error in sending block, err = Stale Update/Block
[peer] 02:00:56.941125 main.go:729: 1:Block sent to peer successful
[err] 02:00:56.941136 main.go:302: Error in sending block, err = Stale Update/Block
[peer] 02:00:56.941204 main.go:633: 1:Accepted new Connection
[peer] 02:00:56.941481 main.go:729: 1:Block sent to peer successful
[err] 02:00:56.941495 main.go:302: Error in sending block, err = Stale Update/Block
[peer] 02:00:56.941588 main.go:729: 1:Block sent to peer successful
[err] 02:00:56.941601 main.go:302: Error in sending block, err = Stale Update/Block
[peer] 02:00:56.941696 main.go:729: 1:Block sent to peer successful
[err] 02:00:56.941708 main.go:302: Error in sending block, err = Stale Update/Block
[peer] 02:00:56.943888 main.go:130: 1:Got block message, iteration 9
[peer] 02:00:56.943909 main.go:137: 1:Acquiring bool lock
[peer] 02:00:56.943916 main.go:139: 1:Acquired bool lock
[peer] 02:00:56.943924 main.go:140: Chain Length:11
[peer] 02:00:56.943930 blockchain.go:68: Returning a block
[peer] 02:00:56.943937 main.go:142: Chain Length:11
[peer] 02:00:56.943944 main.go:147: Already have block
[peer] 02:00:56.943951 main.go:152: 1:Bool lock released
[peer] 02:00:56.943958 blockchain.go:68: Returning a block
[peer] 02:00:56.943965 blockchain.go:68: Returning a block
[peer] 02:00:56.943972 main.go:179: 1:Equal block
[peer] 02:00:56.944676 main.go:729: 1:Block sent to peer successful
[err] 02:00:56.944688 main.go:302: Error in sending block, err = Stale Update/Block
[peer] 02:00:56.953171 main.go:729: 1:Block sent to peer successful
[err] 02:00:56.953185 main.go:302: Error in sending block, err = Stale Update/Block
[peer] 02:00:56.953223 main.go:633: 1:Accepted new Connection
[peer] 02:00:56.953426 main.go:130: 1:Got block message, iteration 9
[peer] 02:00:56.953471 main.go:137: 1:Acquiring bool lock
[peer] 02:00:56.953479 main.go:139: 1:Acquired bool lock
[peer] 02:00:56.953486 main.go:140: Chain Length:11
[peer] 02:00:56.953492 blockchain.go:68: Returning a block
[peer] 02:00:56.953499 main.go:142: Chain Length:11
[peer] 02:00:56.953506 main.go:147: Already have block
[peer] 02:00:56.953514 main.go:152: 1:Bool lock released
[peer] 02:00:56.953521 blockchain.go:68: Returning a block
[peer] 02:00:56.953527 blockchain.go:68: Returning a block
[peer] 02:00:56.953534 main.go:179: 1:Equal block
[peer] 02:00:56.955775 main.go:729: 1:Block sent to peer successful
[err] 02:00:56.955786 main.go:302: Error in sending block, err = Stale Update/Block
[peer] 02:00:56.971666 main.go:729: 1:Block sent to peer successful
[err] 02:00:56.971680 main.go:302: Error in sending block, err = Stale Update/Block
[peer] 02:00:56.975414 main.go:633: 1:Accepted new Connection
[peer] 02:00:56.975618 main.go:130: 1:Got block message, iteration 9
[peer] 02:00:56.975639 main.go:137: 1:Acquiring bool lock
[peer] 02:00:56.975647 main.go:139: 1:Acquired bool lock
[peer] 02:00:56.975653 main.go:140: Chain Length:11
[peer] 02:00:56.975660 blockchain.go:68: Returning a block
[peer] 02:00:56.975667 main.go:142: Chain Length:11
[peer] 02:00:56.975673 main.go:147: Already have block
[peer] 02:00:56.975681 main.go:152: 1:Bool lock released
[peer] 02:00:56.975687 blockchain.go:68: Returning a block
[peer] 02:00:56.975694 blockchain.go:68: Returning a block
[peer] 02:00:56.975701 main.go:179: 1:Equal block
[peer] 02:00:57.116685 main.go:633: 1:Accepted new Connection
[peer] 02:00:57.119090 main.go:130: 1:Got block message, iteration 9
[peer] 02:00:57.119109 main.go:137: 1:Acquiring bool lock
[peer] 02:00:57.119115 main.go:139: 1:Acquired bool lock
[peer] 02:00:57.119119 main.go:140: Chain Length:11
[peer] 02:00:57.119124 blockchain.go:68: Returning a block
[peer] 02:00:57.119128 main.go:142: Chain Length:11
[peer] 02:00:57.119133 main.go:147: Already have block
[peer] 02:00:57.119138 main.go:152: 1:Bool lock released
[peer] 02:00:57.119143 blockchain.go:68: Returning a block
[peer] 02:00:57.119147 blockchain.go:68: Returning a block
[peer] 02:00:57.119151 main.go:179: 1:Equal block
[peer] 02:00:57.120058 main.go:729: 1:Block sent to peer successful
[err] 02:00:57.120097 main.go:302: Error in sending block, err = Stale Update/Block
[peer] 02:00:57.125012 main.go:633: 1:Accepted new Connection
[peer] 02:00:57.125233 main.go:729: 1:Block sent to peer successful
[err] 02:00:57.125248 main.go:302: Error in sending block, err = Stale Update/Block
[peer] 02:00:57.125279 main.go:684: 1:RPC calls successfully returned. Iteration: 9
[peer] 02:00:57.138809 honest.go:81: 1Train Error is 0.05453 in Iteration 9
[peer] 02:00:57.138825 main.go:692: 1:Preparing for next Iteration. Current Iteration: 9
[peer] 02:00:57.138833 main.go:588: 1:Acquiring bool lock
[peer] 02:00:57.138839 main.go:590: 1:Acquired bool lock
[peer] 02:00:57.140410 main.go:609: 1:I am not verifier IterationCount:10
[peer] 02:00:57.140424 main.go:614: 1:Bool lock released
[peer] 02:00:57.235990 main.go:824: 1:Computing Update
[peer] 02:00:57.236362 main.go:270: 1 : VRF returned ID map[4:{}]
[peer] 02:00:57.236382 main.go:280: 1 :Verifiers [198.162.52.126:8004] returned.
[peer] 02:00:57.236475 main.go:869: 1:Making RPC Call to Verifier. Sending Update, Iteration:10
[peer] 02:00:57.240722 main.go:876: 1:Update sent successfully
[peer] 02:00:57.246684 main.go:130: 1:Got block message, iteration 9
[peer] 02:00:57.246709 main.go:137: 1:Acquiring bool lock
[peer] 02:00:57.246717 main.go:139: 1:Acquired bool lock
[peer] 02:00:57.246724 main.go:140: Chain Length:11
[peer] 02:00:57.246730 blockchain.go:68: Returning a block
[peer] 02:00:57.246737 main.go:142: Chain Length:11
[peer] 02:00:57.246743 main.go:147: Already have block
[peer] 02:00:57.246755 main.go:152: 1:Bool lock released
[peer] 02:00:57.246774 blockchain.go:68: Returning a block
[peer] 02:00:57.246782 blockchain.go:68: Returning a block
[peer] 02:00:57.246788 main.go:179: 1:Equal block
[peer] 02:01:02.214197 main.go:633: 1:Accepted new Connection
[peer] 02:01:02.218668 main.go:130: 1:Got block message, iteration 10
[peer] 02:01:02.218718 main.go:137: 1:Acquiring bool lock
[peer] 02:01:02.218734 main.go:139: 1:Acquired bool lock
[peer] 02:01:02.218749 main.go:140: Chain Length:11
[peer] 02:01:02.218764 blockchain.go:71: Returning nil
[peer] 02:01:02.218780 main.go:142: Chain Length:11
[peer] 02:01:02.218795 main.go:187: 1:Sending to channel
[peer] 02:01:02.218816 main.go:193: 1:Sent to channel
[peer] 02:01:02.218835 main.go:195: 1:Returning
[peer] 02:01:02.219100 main.go:777: 1:Adding block to chain
[peer] 02:01:02.219134 honest.go:222: Trying to append block with iteration:10
[peer] 02:01:02.219148 blockchain.go:71: Returning nil
[peer] 02:01:02.219164 honest.go:238: Append successful
[peer] 02:01:02.219186 main.go:781: 1:Adding block to chain
[peer] 02:01:02.219203 main.go:787: 1:Checking convergence
[peer] 02:01:02.219449 main.go:955: 1:Block Received. Appending to chain and moving on to the next iteration. 10
[peer] 02:01:02.224884 main.go:633: 1:Accepted new Connection
[peer] 02:01:02.228085 main.go:633: 1:Accepted new Connection
[peer] 02:01:02.228437 main.go:130: 1:Got block message, iteration 10
[peer] 02:01:02.228475 main.go:137: 1:Acquiring bool lock
[peer] 02:01:02.228468 main.go:130: 1:Got block message, iteration 10
[peer] 02:01:02.228519 main.go:137: 1:Acquiring bool lock
[peer] 02:01:02.232182 main.go:633: 1:Accepted new Connection
[peer] 02:01:02.232604 main.go:633: 1:Accepted new Connection
[peer] 02:01:02.233703 main.go:130: 1:Got block message, iteration 10
[peer] 02:01:02.234007 main.go:137: 1:Acquiring bool lock
[peer] 02:01:02.239015 main.go:633: 1:Accepted new Connection
[peer] 02:01:02.240559 main.go:633: 1:Accepted new Connection
[peer] 02:01:02.241339 main.go:130: 1:Got block message, iteration 10
[peer] 02:01:02.241372 main.go:137: 1:Acquiring bool lock
[peer] 02:01:02.244567 main.go:633: 1:Accepted new Connection
[peer] 02:01:02.244909 main.go:130: 1:Got block message, iteration 10
[peer] 02:01:02.244939 main.go:137: 1:Acquiring bool lock
[peer] 02:01:02.245222 main.go:130: 1:Got block message, iteration 10
[peer] 02:01:02.245255 main.go:137: 1:Acquiring bool lock
[peer] 02:01:02.245370 main.go:130: 1:Got block message, iteration 10
[peer] 02:01:02.245399 main.go:137: 1:Acquiring bool lock
[peer] 02:01:02.253672 main.go:633: 1:Accepted new Connection
[peer] 02:01:02.253708 main.go:633: 1:Accepted new Connection
[peer] 02:01:02.254013 main.go:130: 1:Got block message, iteration 10
[peer] 02:01:02.254040 main.go:137: 1:Acquiring bool lock
[peer] 02:01:02.254324 main.go:130: 1:Got block message, iteration 10
[peer] 02:01:02.254351 main.go:137: 1:Acquiring bool lock
[peer] 02:01:02.261802 main.go:633: 1:Accepted new Connection
[peer] 02:01:02.264479 main.go:130: 1:Got block message, iteration 10
[peer] 02:01:02.264511 main.go:137: 1:Acquiring bool lock
[peer] 02:01:02.270273 main.go:633: 1:Accepted new Connection
[peer] 02:01:02.270571 main.go:130: 1:Got block message, iteration 10
[peer] 02:01:02.270597 main.go:137: 1:Acquiring bool lock
[peer] 02:01:02.277772 honest.go:81: 1Train Error is 0.04529 in Iteration 10
[peer] 02:01:02.277798 main.go:790: 1:Convergence checked
[peer] 02:01:02.277816 main.go:793: 1:Bool lock released
[peer] 02:01:02.277842 main.go:139: 1:Acquired bool lock
[peer] 02:01:02.277862 main.go:140: Chain Length:12
[peer] 02:01:02.277874 blockchain.go:68: Returning a block
[peer] 02:01:02.277885 main.go:142: Chain Length:12
[peer] 02:01:02.277895 main.go:147: Already have block
[peer] 02:01:02.277916 main.go:152: 1:Bool lock released
[peer] 02:01:02.277935 blockchain.go:68: Returning a block
[peer] 02:01:02.277945 blockchain.go:68: Returning a block
[peer] 02:01:02.277887 main.go:664: 1:Sending block. Iteration: 10
[peer] 02:01:02.277954 main.go:179: 1:Equal block
[peer] 02:01:02.277962 main.go:139: 1:Acquired bool lock
[peer] 02:01:02.278113 main.go:140: Chain Length:12
[peer] 02:01:02.278123 blockchain.go:68: Returning a block
[peer] 02:01:02.278132 main.go:142: Chain Length:12
[peer] 02:01:02.278141 main.go:147: Already have block
[peer] 02:01:02.278152 main.go:152: 1:Bool lock released
[peer] 02:01:02.278162 blockchain.go:68: Returning a block
[peer] 02:01:02.278171 blockchain.go:68: Returning a block
[peer] 02:01:02.278180 main.go:179: 1:Equal block
[peer] 02:01:02.278235 main.go:139: 1:Acquired bool lock
[peer] 02:01:02.278249 main.go:140: Chain Length:12
[peer] 02:01:02.278259 blockchain.go:68: Returning a block
[peer] 02:01:02.278268 main.go:142: Chain Length:12
[peer] 02:01:02.278276 main.go:147: Already have block
[peer] 02:01:02.278287 main.go:152: 1:Bool lock released
[peer] 02:01:02.278297 blockchain.go:68: Returning a block
[peer] 02:01:02.278306 blockchain.go:68: Returning a block
[peer] 02:01:02.278315 main.go:179: 1:Equal block
[peer] 02:01:02.278367 main.go:139: 1:Acquired bool lock
[peer] 02:01:02.278381 main.go:140: Chain Length:12
[peer] 02:01:02.278391 blockchain.go:68: Returning a block
[peer] 02:01:02.278400 main.go:142: Chain Length:12
[peer] 02:01:02.278409 main.go:147: Already have block
[peer] 02:01:02.278419 main.go:152: 1:Bool lock released
[peer] 02:01:02.278429 blockchain.go:68: Returning a block
[peer] 02:01:02.278438 blockchain.go:68: Returning a block
[peer] 02:01:02.278447 main.go:179: 1:Equal block
[peer] 02:01:02.278498 main.go:139: 1:Acquired bool lock
[peer] 02:01:02.278513 main.go:140: Chain Length:12
[peer] 02:01:02.278522 blockchain.go:68: Returning a block
[peer] 02:01:02.278531 main.go:142: Chain Length:12
[peer] 02:01:02.278540 main.go:147: Already have block
[peer] 02:01:02.278551 main.go:152: 1:Bool lock released
[peer] 02:01:02.278561 blockchain.go:68: Returning a block
[peer] 02:01:02.278570 blockchain.go:68: Returning a block
[peer] 02:01:02.278579 main.go:179: 1:Equal block
[peer] 02:01:02.278620 main.go:139: 1:Acquired bool lock
[peer] 02:01:02.278634 main.go:140: Chain Length:12
[peer] 02:01:02.278643 blockchain.go:68: Returning a block
[peer] 02:01:02.278652 main.go:142: Chain Length:12
[peer] 02:01:02.278661 main.go:147: Already have block
[peer] 02:01:02.278671 main.go:152: 1:Bool lock released
[peer] 02:01:02.278681 blockchain.go:68: Returning a block
[peer] 02:01:02.278690 blockchain.go:68: Returning a block
[peer] 02:01:02.278699 main.go:179: 1:Equal block
[peer] 02:01:02.278688 main.go:139: 1:Acquired bool lock
[peer] 02:01:02.278757 main.go:140: Chain Length:12
[peer] 02:01:02.278768 blockchain.go:68: Returning a block
[peer] 02:01:02.278777 main.go:142: Chain Length:12
[peer] 02:01:02.278786 main.go:147: Already have block
[peer] 02:01:02.278797 main.go:152: 1:Bool lock released
[peer] 02:01:02.278806 blockchain.go:68: Returning a block
[peer] 02:01:02.278815 blockchain.go:68: Returning a block
[peer] 02:01:02.278824 main.go:179: 1:Equal block
[peer] 02:01:02.278981 main.go:139: 1:Acquired bool lock
[peer] 02:01:02.278997 main.go:140: Chain Length:12
[peer] 02:01:02.279007 blockchain.go:68: Returning a block
[peer] 02:01:02.279016 main.go:142: Chain Length:12
[peer] 02:01:02.279025 main.go:147: Already have block
[peer] 02:01:02.279036 main.go:152: 1:Bool lock released
[peer] 02:01:02.279051 blockchain.go:68: Returning a block
[peer] 02:01:02.279061 blockchain.go:68: Returning a block
[peer] 02:01:02.279070 main.go:179: 1:Equal block
[peer] 02:01:02.279124 main.go:139: 1:Acquired bool lock
[peer] 02:01:02.279138 main.go:140: Chain Length:12
[peer] 02:01:02.279148 blockchain.go:68: Returning a block
[peer] 02:01:02.279157 main.go:142: Chain Length:12
[peer] 02:01:02.279166 main.go:147: Already have block
[peer] 02:01:02.279177 main.go:152: 1:Bool lock released
[peer] 02:01:02.279187 blockchain.go:68: Returning a block
[peer] 02:01:02.279196 blockchain.go:68: Returning a block
[peer] 02:01:02.279205 main.go:179: 1:Equal block
[peer] 02:01:02.279252 main.go:139: 1:Acquired bool lock
[peer] 02:01:02.279267 main.go:140: Chain Length:12
[peer] 02:01:02.279283 blockchain.go:68: Returning a block
[peer] 02:01:02.279292 main.go:142: Chain Length:12
[peer] 02:01:02.279301 main.go:147: Already have block
[peer] 02:01:02.279312 main.go:152: 1:Bool lock released
[peer] 02:01:02.279322 blockchain.go:68: Returning a block
[peer] 02:01:02.279330 blockchain.go:68: Returning a block
[peer] 02:01:02.279340 main.go:179: 1:Equal block
[peer] 02:01:02.279381 main.go:139: 1:Acquired bool lock
[peer] 02:01:02.279395 main.go:140: Chain Length:12
[peer] 02:01:02.279404 blockchain.go:68: Returning a block
[peer] 02:01:02.279413 main.go:142: Chain Length:12
[peer] 02:01:02.279422 main.go:147: Already have block
[peer] 02:01:02.279432 main.go:152: 1:Bool lock released
[peer] 02:01:02.279441 blockchain.go:68: Returning a block
[peer] 02:01:02.279450 blockchain.go:68: Returning a block
[peer] 02:01:02.279459 main.go:179: 1:Equal block
[peer] 02:01:02.282851 main.go:633: 1:Accepted new Connection
[peer] 02:01:02.283139 main.go:130: 1:Got block message, iteration 10
[peer] 02:01:02.283168 main.go:137: 1:Acquiring bool lock
[peer] 02:01:02.283179 main.go:139: 1:Acquired bool lock
[peer] 02:01:02.283188 main.go:140: Chain Length:12
[peer] 02:01:02.283197 blockchain.go:68: Returning a block
[peer] 02:01:02.283207 main.go:142: Chain Length:12
[peer] 02:01:02.283216 main.go:147: Already have block
[peer] 02:01:02.283227 main.go:152: 1:Bool lock released
[peer] 02:01:02.283237 blockchain.go:68: Returning a block
[peer] 02:01:02.283246 blockchain.go:68: Returning a block
[peer] 02:01:02.283255 main.go:179: 1:Equal block
[peer] 02:01:02.283560 main.go:729: 1:Block sent to peer successful
[err] 02:01:02.283581 main.go:302: Error in sending block, err = Stale Update/Block
[peer] 02:01:02.292275 main.go:729: 1:Block sent to peer successful
[err] 02:01:02.292294 main.go:302: Error in sending block, err = Stale Update/Block
[peer] 02:01:02.292448 main.go:729: 1:Block sent to peer successful
[err] 02:01:02.292466 main.go:302: Error in sending block, err = Stale Update/Block
[peer] 02:01:02.292639 main.go:729: 1:Block sent to peer successful
[err] 02:01:02.292656 main.go:302: Error in sending block, err = Stale Update/Block
[peer] 02:01:02.292774 main.go:729: 1:Block sent to peer successful
[err] 02:01:02.292790 main.go:302: Error in sending block, err = Stale Update/Block
[peer] 02:01:02.292935 main.go:729: 1:Block sent to peer successful
[err] 02:01:02.292952 main.go:302: Error in sending block, err = Stale Update/Block
[peer] 02:01:02.293132 main.go:729: 1:Block sent to peer successful
[err] 02:01:02.293149 main.go:302: Error in sending block, err = Stale Update/Block
[peer] 02:01:02.293276 main.go:729: 1:Block sent to peer successful
[err] 02:01:02.293293 main.go:302: Error in sending block, err = Stale Update/Block
[peer] 02:01:02.293420 main.go:729: 1:Block sent to peer successful
[err] 02:01:02.293437 main.go:302: Error in sending block, err = Stale Update/Block
[peer] 02:01:02.293726 main.go:729: 1:Block sent to peer successful
[err] 02:01:02.293744 main.go:302: Error in sending block, err = Stale Update/Block
[peer] 02:01:02.297507 main.go:729: 1:Block sent to peer successful
[err] 02:01:02.297526 main.go:302: Error in sending block, err = Stale Update/Block
[peer] 02:01:02.299577 main.go:729: 1:Block sent to peer successful
[err] 02:01:02.299627 main.go:302: Error in sending block, err = Stale Update/Block
[peer] 02:01:02.309991 main.go:729: 1:Block sent to peer successful
[err] 02:01:02.310010 main.go:302: Error in sending block, err = Stale Update/Block
[peer] 02:01:02.328493 main.go:633: 1:Accepted new Connection
[peer] 02:01:02.333936 main.go:130: 1:Got block message, iteration 10
[peer] 02:01:02.333967 main.go:137: 1:Acquiring bool lock
[peer] 02:01:02.333976 main.go:139: 1:Acquired bool lock
[peer] 02:01:02.333986 main.go:140: Chain Length:12
[peer] 02:01:02.333995 blockchain.go:68: Returning a block
[peer] 02:01:02.334003 main.go:142: Chain Length:12
[peer] 02:01:02.334014 main.go:147: Already have block
[peer] 02:01:02.334027 main.go:152: 1:Bool lock released
[peer] 02:01:02.334036 blockchain.go:68: Returning a block
[peer] 02:01:02.334055 blockchain.go:68: Returning a block
[peer] 02:01:02.334065 main.go:179: 1:Equal block
[peer] 02:01:02.350856 main.go:729: 1:Block sent to peer successful
[err] 02:01:02.350871 main.go:302: Error in sending block, err = Stale Update/Block
[peer] 02:01:02.366136 main.go:633: 1:Accepted new Connection
[peer] 02:01:02.367710 main.go:130: 1:Got block message, iteration 10
[peer] 02:01:02.367732 main.go:137: 1:Acquiring bool lock
[peer] 02:01:02.367739 main.go:139: 1:Acquired bool lock
[peer] 02:01:02.367747 main.go:140: Chain Length:12
[peer] 02:01:02.367755 blockchain.go:68: Returning a block
[peer] 02:01:02.367762 main.go:142: Chain Length:12
[peer] 02:01:02.367770 main.go:147: Already have block
[peer] 02:01:02.367778 main.go:152: 1:Bool lock released
[peer] 02:01:02.367785 blockchain.go:68: Returning a block
[peer] 02:01:02.367792 blockchain.go:68: Returning a block
[peer] 02:01:02.367800 main.go:179: 1:Equal block
[peer] 02:01:02.374240 main.go:729: 1:Block sent to peer successful
[err] 02:01:02.374255 main.go:302: Error in sending block, err = Stale Update/Block
[peer] 02:01:02.377591 main.go:633: 1:Accepted new Connection
[peer] 02:01:02.379314 main.go:130: 1:Got block message, iteration 10
[peer] 02:01:02.379330 main.go:137: 1:Acquiring bool lock
[peer] 02:01:02.379339 main.go:139: 1:Acquired bool lock
[peer] 02:01:02.379347 main.go:140: Chain Length:12
[peer] 02:01:02.379355 blockchain.go:68: Returning a block
[peer] 02:01:02.379363 main.go:142: Chain Length:12
[peer] 02:01:02.379371 main.go:147: Already have block
[peer] 02:01:02.379380 main.go:152: 1:Bool lock released
[peer] 02:01:02.379389 blockchain.go:68: Returning a block
[peer] 02:01:02.379397 blockchain.go:68: Returning a block
[peer] 02:01:02.379406 main.go:179: 1:Equal block
[peer] 02:01:02.404030 main.go:729: 1:Block sent to peer successful
[err] 02:01:02.404043 main.go:302: Error in sending block, err = Stale Update/Block
[peer] 02:01:02.424897 main.go:729: 1:Block sent to peer successful
[err] 02:01:02.424909 main.go:302: Error in sending block, err = Stale Update/Block
[peer] 02:01:02.425090 main.go:633: 1:Accepted new Connection
[peer] 02:01:02.429804 main.go:130: 1:Got block message, iteration 10
[peer] 02:01:02.429834 main.go:137: 1:Acquiring bool lock
[peer] 02:01:02.429844 main.go:139: 1:Acquired bool lock
[peer] 02:01:02.429859 main.go:140: Chain Length:12
[peer] 02:01:02.429866 blockchain.go:68: Returning a block
[peer] 02:01:02.429873 main.go:142: Chain Length:12
[peer] 02:01:02.429888 main.go:147: Already have block
[peer] 02:01:02.429901 main.go:152: 1:Bool lock released
[peer] 02:01:02.429909 blockchain.go:68: Returning a block
[peer] 02:01:02.429917 blockchain.go:68: Returning a block
[peer] 02:01:02.429925 main.go:179: 1:Equal block
[peer] 02:01:02.454768 main.go:633: 1:Accepted new Connection
[peer] 02:01:02.459282 main.go:130: 1:Got block message, iteration 10
[peer] 02:01:02.459307 main.go:137: 1:Acquiring bool lock
[peer] 02:01:02.459313 main.go:139: 1:Acquired bool lock
[peer] 02:01:02.459319 main.go:140: Chain Length:12
[peer] 02:01:02.459324 blockchain.go:68: Returning a block
[peer] 02:01:02.459329 main.go:142: Chain Length:12
[peer] 02:01:02.459333 main.go:147: Already have block
[peer] 02:01:02.459339 main.go:152: 1:Bool lock released
[peer] 02:01:02.459344 blockchain.go:68: Returning a block
[peer] 02:01:02.459350 blockchain.go:68: Returning a block
[peer] 02:01:02.459359 main.go:179: 1:Equal block
[peer] 02:01:02.460873 main.go:729: 1:Block sent to peer successful
[err] 02:01:02.460888 main.go:302: Error in sending block, err = Stale Update/Block
[peer] 02:01:02.462057 main.go:633: 1:Accepted new Connection
[peer] 02:01:02.466595 main.go:130: 1:Got block message, iteration 10
[peer] 02:01:02.466616 main.go:137: 1:Acquiring bool lock
[peer] 02:01:02.466622 main.go:139: 1:Acquired bool lock
[peer] 02:01:02.466627 main.go:140: Chain Length:12
[peer] 02:01:02.466632 blockchain.go:68: Returning a block
[peer] 02:01:02.466637 main.go:142: Chain Length:12
[peer] 02:01:02.466642 main.go:147: Already have block
[peer] 02:01:02.466653 main.go:152: 1:Bool lock released
[peer] 02:01:02.466659 blockchain.go:68: Returning a block
[peer] 02:01:02.466664 blockchain.go:68: Returning a block
[peer] 02:01:02.466669 main.go:179: 1:Equal block
[peer] 02:01:02.470234 main.go:729: 1:Block sent to peer successful
[err] 02:01:02.470259 main.go:302: Error in sending block, err = Stale Update/Block
[peer] 02:01:02.470298 main.go:684: 1:RPC calls successfully returned. Iteration: 10
[peer] 02:01:02.554402 honest.go:81: 1Train Error is 0.04529 in Iteration 10
[peer] 02:01:02.554434 main.go:692: 1:Preparing for next Iteration. Current Iteration: 10
