[peer] 22:55:38.362968 honest.go:107: 17Importing modules...
[peer] 22:55:42.819351 honest.go:122: 17Sucessfully pulled dataset. Features: 25
[peer] 22:55:42.819958 main.go:487: 17:Announcing myself to network
[peer] 22:55:42.820118 main.go:492: 17:Calling {198.162.52.126 %!s(int=8000) }
[peer] 22:55:42.820132 main.go:511: 17:Inside callRegisterRPC
[peer] 22:55:42.820144 main.go:516: 17Making RPC call
[peer] 22:55:42.820668 main.go:629: 17:Peer started. Receiving on 8017
[peer] 22:55:42.820960 main.go:522: 17RPC dial successful
[peer] 22:55:42.820981 main.go:525: 17:Calling RPC:198.162.52.126:8000
[peer] 22:55:42.821018 main.go:527: 17:RPC called198.162.52.126:8000
[peer] 22:55:42.822539 main.go:534: 17:Announced myself to a fellow peer at port. Got lastest chain
[peer] 22:55:42.822579 main.go:541: Chain length received:3
[peer] 22:55:42.822589 main.go:542: My chain length:1
[peer] 22:55:42.822596 honest.go:340: Received chain length:3
[peer] 22:55:42.822603 honest.go:341: Appended chain length:3
[peer] 22:55:42.822609 main.go:555: 17Got lastest chain until iteration 1
[peer] 22:55:42.822667 main.go:492: 17:Calling {198.162.52.126 %!s(int=8001) }
[peer] 22:55:42.822678 main.go:511: 17:Inside callRegisterRPC
[peer] 22:55:42.822685 main.go:516: 17Making RPC call
[err] 22:55:42.823156 main.go:302: Peer offline.Couldn't connect to peer: 198.162.52.126:8001, err = dial tcp 198.162.52.126:8001: connect: connection refused
[peer] 22:55:42.823193 main.go:492: 17:Calling {198.162.52.126 %!s(int=8002) }
[peer] 22:55:42.823202 main.go:511: 17:Inside callRegisterRPC
[peer] 22:55:42.823208 main.go:516: 17Making RPC call
[err] 22:55:42.823638 main.go:302: Peer offline.Couldn't connect to peer: 198.162.52.126:8002, err = dial tcp 198.162.52.126:8002: connect: connection refused
[peer] 22:55:42.823663 main.go:492: 17:Calling {198.162.52.126 %!s(int=8003) }
[peer] 22:55:42.823671 main.go:511: 17:Inside callRegisterRPC
[peer] 22:55:42.823677 main.go:516: 17Making RPC call
[peer] 22:55:42.824271 main.go:522: 17RPC dial successful
[peer] 22:55:42.824290 main.go:525: 17:Calling RPC:198.162.52.126:8003
[peer] 22:55:42.824298 main.go:527: 17:RPC called198.162.52.126:8003
[peer] 22:55:42.826086 main.go:534: 17:Announced myself to a fellow peer at port. Got lastest chain
[peer] 22:55:42.826107 main.go:541: Chain length received:4
[peer] 22:55:42.826114 main.go:542: My chain length:3
[peer] 22:55:42.826120 honest.go:340: Received chain length:4
[peer] 22:55:42.826126 honest.go:341: Appended chain length:4
[peer] 22:55:42.826132 main.go:555: 17Got lastest chain until iteration 2
[peer] 22:55:42.826189 main.go:492: 17:Calling {198.162.52.126 %!s(int=8004) }
[peer] 22:55:42.826201 main.go:511: 17:Inside callRegisterRPC
[peer] 22:55:42.826237 main.go:516: 17Making RPC call
[err] 22:55:42.826665 main.go:302: Peer offline.Couldn't connect to peer: 198.162.52.126:8004, err = dial tcp 198.162.52.126:8004: connect: connection refused
[peer] 22:55:42.826691 main.go:492: 17:Calling {198.162.52.126 %!s(int=8005) }
[peer] 22:55:42.826699 main.go:511: 17:Inside callRegisterRPC
[peer] 22:55:42.826706 main.go:516: 17Making RPC call
[err] 22:55:42.827173 main.go:302: Peer offline.Couldn't connect to peer: 198.162.52.126:8005, err = dial tcp 198.162.52.126:8005: connect: connection refused
[peer] 22:55:42.827198 main.go:492: 17:Calling {198.162.52.126 %!s(int=8006) }
[peer] 22:55:42.827206 main.go:511: 17:Inside callRegisterRPC
[peer] 22:55:42.827213 main.go:516: 17Making RPC call
[peer] 22:55:42.827707 main.go:522: 17RPC dial successful
[peer] 22:55:42.827727 main.go:525: 17:Calling RPC:198.162.52.126:8006
[peer] 22:55:42.827790 main.go:527: 17:RPC called198.162.52.126:8006
[peer] 22:55:42.830896 main.go:633: 17:Accepted new Connection
[peer] 22:55:42.831462 main.go:130: 17:Got block message, iteration 3
[peer] 22:55:42.831484 main.go:137: 17:Acquiring bool lock
[peer] 22:55:42.831491 main.go:139: 17:Acquired bool lock
[peer] 22:55:42.831497 main.go:140: Chain Length:4
[peer] 22:55:42.831502 blockchain.go:71: Returning nil
[peer] 22:55:42.831508 main.go:142: Chain Length:4
[peer] 22:55:42.831523 main.go:187: 17:Sending to channel
[peer] 22:55:42.831530 main.go:193: 17:Sent to channel
[peer] 22:55:42.831541 main.go:195: 17:Returning
[peer] 22:55:42.831573 main.go:768: 17:Blocking. Got block for 3, I am at 2
[peer] 22:55:42.891110 main.go:534: 17:Announced myself to a fellow peer at port. Got lastest chain
[peer] 22:55:42.891139 main.go:541: Chain length received:5
[peer] 22:55:42.891146 main.go:542: My chain length:4
[peer] 22:55:42.891152 honest.go:340: Received chain length:5
[peer] 22:55:42.891158 honest.go:341: Appended chain length:5
[peer] 22:55:42.891164 main.go:555: 17Got lastest chain until iteration 3
[peer] 22:55:42.891261 main.go:492: 17:Calling {198.162.52.126 %!s(int=8007) }
[peer] 22:55:42.891273 main.go:511: 17:Inside callRegisterRPC
[peer] 22:55:42.891314 main.go:516: 17Making RPC call
[err] 22:55:42.891813 main.go:302: Peer offline.Couldn't connect to peer: 198.162.52.126:8007, err = dial tcp 198.162.52.126:8007: connect: connection refused
[peer] 22:55:42.891843 main.go:492: 17:Calling {198.162.52.126 %!s(int=8008) }
[peer] 22:55:42.891850 main.go:511: 17:Inside callRegisterRPC
[peer] 22:55:42.891856 main.go:516: 17Making RPC call
[err] 22:55:42.892331 main.go:302: Peer offline.Couldn't connect to peer: 198.162.52.126:8008, err = dial tcp 198.162.52.126:8008: connect: connection refused
[peer] 22:55:42.892348 main.go:492: 17:Calling {198.162.52.126 %!s(int=8009) }
[peer] 22:55:42.892354 main.go:511: 17:Inside callRegisterRPC
[peer] 22:55:42.892360 main.go:516: 17Making RPC call
[err] 22:55:42.892749 main.go:302: Peer offline.Couldn't connect to peer: 198.162.52.126:8009, err = dial tcp 198.162.52.126:8009: connect: connection refused
[peer] 22:55:42.892765 main.go:492: 17:Calling {198.162.52.57 %!s(int=8010) }
[peer] 22:55:42.892771 main.go:511: 17:Inside callRegisterRPC
[peer] 22:55:42.892777 main.go:516: 17Making RPC call
[peer] 22:55:42.892924 main.go:522: 17RPC dial successful
[peer] 22:55:42.892937 main.go:525: 17:Calling RPC:198.162.52.57:8010
[peer] 22:55:42.892945 main.go:527: 17:RPC called198.162.52.57:8010
[peer] 22:55:42.894193 main.go:534: 17:Announced myself to a fellow peer at port. Got lastest chain
[peer] 22:55:42.894215 main.go:541: Chain length received:1
[peer] 22:55:42.894223 main.go:542: My chain length:5
[peer] 22:55:42.894314 main.go:492: 17:Calling {198.162.52.57 %!s(int=8011) }
[peer] 22:55:42.894326 main.go:511: 17:Inside callRegisterRPC
[peer] 22:55:42.894333 main.go:516: 17Making RPC call
[peer] 22:55:42.894516 main.go:522: 17RPC dial successful
[peer] 22:55:42.894544 main.go:525: 17:Calling RPC:198.162.52.57:8011
[peer] 22:55:42.894553 main.go:527: 17:RPC called198.162.52.57:8011
[peer] 22:55:42.895382 main.go:534: 17:Announced myself to a fellow peer at port. Got lastest chain
[peer] 22:55:42.895403 main.go:541: Chain length received:5
[peer] 22:55:42.895410 main.go:542: My chain length:5
[peer] 22:55:42.895492 main.go:492: 17:Calling {198.162.52.57 %!s(int=8012) }
[peer] 22:55:42.895503 main.go:511: 17:Inside callRegisterRPC
[peer] 22:55:42.895511 main.go:516: 17Making RPC call
[peer] 22:55:42.895681 main.go:522: 17RPC dial successful
[peer] 22:55:42.895701 main.go:525: 17:Calling RPC:198.162.52.57:8012
[peer] 22:55:42.895709 main.go:527: 17:RPC called198.162.52.57:8012
[peer] 22:55:42.896422 main.go:534: 17:Announced myself to a fellow peer at port. Got lastest chain
[peer] 22:55:42.896442 main.go:541: Chain length received:5
[peer] 22:55:42.896449 main.go:542: My chain length:5
[peer] 22:55:42.896535 main.go:492: 17:Calling {198.162.52.57 %!s(int=8013) }
[peer] 22:55:42.896547 main.go:511: 17:Inside callRegisterRPC
[peer] 22:55:42.896553 main.go:516: 17Making RPC call
[err] 22:55:42.896668 main.go:302: Peer offline.Couldn't connect to peer: 198.162.52.57:8013, err = dial tcp 198.162.52.57:8013: connect: connection refused
[peer] 22:55:42.896700 main.go:492: 17:Calling {198.162.52.57 %!s(int=8014) }
[peer] 22:55:42.896708 main.go:511: 17:Inside callRegisterRPC
[peer] 22:55:42.896715 main.go:516: 17Making RPC call
[err] 22:55:42.896805 main.go:302: Peer offline.Couldn't connect to peer: 198.162.52.57:8014, err = dial tcp 198.162.52.57:8014: connect: connection refused
[peer] 22:55:42.896835 main.go:492: 17:Calling {198.162.52.57 %!s(int=8015) }
[peer] 22:55:42.896843 main.go:511: 17:Inside callRegisterRPC
[peer] 22:55:42.896848 main.go:516: 17Making RPC call
[peer] 22:55:42.896989 main.go:522: 17RPC dial successful
[peer] 22:55:42.897003 main.go:525: 17:Calling RPC:198.162.52.57:8015
[peer] 22:55:42.897011 main.go:527: 17:RPC called198.162.52.57:8015
[peer] 22:55:42.897600 main.go:534: 17:Announced myself to a fellow peer at port. Got lastest chain
[peer] 22:55:42.897620 main.go:541: Chain length received:4
[peer] 22:55:42.897627 main.go:542: My chain length:5
[peer] 22:55:42.897702 main.go:492: 17:Calling {198.162.52.57 %!s(int=8016) }
[peer] 22:55:42.897716 main.go:511: 17:Inside callRegisterRPC
[peer] 22:55:42.897722 main.go:516: 17Making RPC call
[err] 22:55:42.897852 main.go:302: Peer offline.Couldn't connect to peer: 198.162.52.57:8016, err = dial tcp 198.162.52.57:8016: connect: connection refused
[peer] 22:55:42.897871 main.go:492: 17:Calling {198.162.52.57 %!s(int=8018) }
[peer] 22:55:42.897878 main.go:511: 17:Inside callRegisterRPC
[peer] 22:55:42.897884 main.go:516: 17Making RPC call
[peer] 22:55:42.898019 main.go:522: 17RPC dial successful
[peer] 22:55:42.898033 main.go:525: 17:Calling RPC:198.162.52.57:8018
[peer] 22:55:42.898040 main.go:527: 17:RPC called198.162.52.57:8018
[peer] 22:55:42.898661 main.go:534: 17:Announced myself to a fellow peer at port. Got lastest chain
[peer] 22:55:42.898677 main.go:541: Chain length received:5
[peer] 22:55:42.898683 main.go:542: My chain length:5
[peer] 22:55:42.898729 main.go:492: 17:Calling {198.162.52.57 %!s(int=8019) }
[peer] 22:55:42.898765 main.go:511: 17:Inside callRegisterRPC
[peer] 22:55:42.898772 main.go:516: 17Making RPC call
[peer] 22:55:42.898889 main.go:522: 17RPC dial successful
[peer] 22:55:42.898903 main.go:525: 17:Calling RPC:198.162.52.57:8019
[peer] 22:55:42.898910 main.go:527: 17:RPC called198.162.52.57:8019
[peer] 22:55:42.900007 main.go:534: 17:Announced myself to a fellow peer at port. Got lastest chain
[peer] 22:55:42.900027 main.go:541: Chain length received:5
[peer] 22:55:42.900034 main.go:542: My chain length:5
[peer] 22:55:42.900074 main.go:502: 17:Bootstrapped Network. Calling signal
[peer] 22:55:42.900088 main.go:504: 17:Bootstrapped Network. Signal called
[peer] 22:55:42.900105 main.go:588: 17:Acquiring bool lock
[peer] 22:55:42.900118 main.go:590: 17:Acquired bool lock
[peer] 22:55:42.900932 main.go:633: 17:Accepted new Connection
[peer] 22:55:42.901188 main.go:213: 17:Registering peer:198.162.52.57:8019
[peer] 22:55:42.901204 main.go:223: Advertising chain to peer with length 5
[peer] 22:55:42.901314 main.go:609: 17:I am not verifier IterationCount:4
[peer] 22:55:42.901326 main.go:614: 17:Bool lock released
[peer] 22:55:42.901332 main.go:824: 17:Computing Update
[peer] 22:55:42.901800 main.go:633: 17:Accepted new Connection
[peer] 22:55:42.902050 main.go:213: 17:Registering peer:198.162.52.57:8010
[peer] 22:55:42.902066 main.go:223: Advertising chain to peer with length 5
[peer] 22:55:42.902094 main.go:633: 17:Accepted new Connection
[peer] 22:55:42.902234 main.go:633: 17:Accepted new Connection
[peer] 22:55:42.902363 main.go:213: 17:Registering peer:198.162.52.57:8011
[peer] 22:55:42.902377 main.go:223: Advertising chain to peer with length 5
[peer] 22:55:42.902443 main.go:270: 17 : VRF returned ID map[4:{}]
[peer] 22:55:42.902464 main.go:280: 17 :Verifiers [198.162.52.126:8004] returned.
[peer] 22:55:42.902478 main.go:213: 17:Registering peer:198.162.52.57:8012
[peer] 22:55:42.902492 main.go:223: Advertising chain to peer with length 5
[err] 22:55:42.902949 main.go:302: Unable to connect to verifier, err = dial tcp 198.162.52.126:8004: connect: connection refused
[peer] 22:55:42.902962 main.go:896: 17:Will try and create an empty block
[peer] 22:55:42.902968 blockchain.go:71: Returning nil
[peer] 22:55:42.903076 main.go:903: 17:Will try and create an empty block
[peer] 22:55:42.903156 main.go:664: 17:Sending block. Iteration: 4
[peer] 22:55:42.904503 main.go:729: 17:Block sent to peer successful
[peer] 22:55:42.904523 main.go:633: 17:Accepted new Connection
[peer] 22:55:42.904536 main.go:729: 17:Block sent to peer successful
[peer] 22:55:42.904542 main.go:729: 17:Block sent to peer successful
[err] 22:55:42.904558 main.go:302: rpc Dial, err = dial tcp 198.162.52.126:8000: connect: connection refused
[peer] 22:55:42.904641 main.go:751: 17:Peer Unresponsive. Removed Peer:198.162.52.126:8000
[peer] 22:55:42.904844 main.go:213: 17:Registering peer:198.162.52.57:8018
[peer] 22:55:42.905219 main.go:729: 17:Block sent to peer successful
[peer] 22:55:42.905331 main.go:729: 17:Block sent to peer successful
[err] 22:55:42.905344 main.go:302: Error in sending block, err = Stale Update/Block
[peer] 22:55:42.905399 main.go:633: 17:Accepted new Connection
[peer] 22:55:42.906022 main.go:130: 17:Got block message, iteration 4
[peer] 22:55:42.906042 main.go:137: 17:Acquiring bool lock
[peer] 22:55:42.906048 main.go:139: 17:Acquired bool lock
[peer] 22:55:42.906053 main.go:140: Chain Length:6
[peer] 22:55:42.906058 blockchain.go:68: Returning a block
[peer] 22:55:42.906064 main.go:142: Chain Length:6
[peer] 22:55:42.906069 main.go:147: Already have block
[peer] 22:55:42.906075 main.go:152: 17:Bool lock released
[peer] 22:55:42.906080 blockchain.go:68: Returning a block
[peer] 22:55:42.906086 blockchain.go:68: Returning a block
[peer] 22:55:42.906091 main.go:179: 17:Equal block
[peer] 22:55:42.906155 main.go:729: 17:Block sent to peer successful
[peer] 22:55:42.907015 main.go:633: 17:Accepted new Connection
[peer] 22:55:42.907324 main.go:729: 17:Block sent to peer successful
[err] 22:55:42.907335 main.go:302: Error in sending block, err = Stale Update/Block
[peer] 22:55:42.907425 main.go:633: 17:Accepted new Connection
[peer] 22:55:42.907462 main.go:130: 17:Got block message, iteration 4
[peer] 22:55:42.907480 main.go:137: 17:Acquiring bool lock
[peer] 22:55:42.907486 main.go:139: 17:Acquired bool lock
[peer] 22:55:42.907491 main.go:140: Chain Length:6
[peer] 22:55:42.907497 blockchain.go:68: Returning a block
[peer] 22:55:42.907502 main.go:142: Chain Length:6
[peer] 22:55:42.907507 main.go:147: Already have block
[peer] 22:55:42.907513 main.go:152: 17:Bool lock released
[peer] 22:55:42.907518 blockchain.go:68: Returning a block
[peer] 22:55:42.907523 blockchain.go:68: Returning a block
[peer] 22:55:42.907529 main.go:179: 17:Equal block
[peer] 22:55:42.908127 main.go:633: 17:Accepted new Connection
[peer] 22:55:42.908400 main.go:130: 17:Got block message, iteration 4
[peer] 22:55:42.908418 main.go:137: 17:Acquiring bool lock
[peer] 22:55:42.908424 main.go:139: 17:Acquired bool lock
[peer] 22:55:42.908429 main.go:140: Chain Length:6
[peer] 22:55:42.908434 blockchain.go:68: Returning a block
[peer] 22:55:42.908440 main.go:142: Chain Length:6
[peer] 22:55:42.908445 main.go:147: Already have block
[peer] 22:55:42.908452 main.go:152: 17:Bool lock released
[peer] 22:55:42.908457 blockchain.go:68: Returning a block
[peer] 22:55:42.908463 blockchain.go:68: Returning a block
[peer] 22:55:42.908468 main.go:179: 17:Equal block
[peer] 22:55:42.908475 main.go:633: 17:Accepted new Connection
[peer] 22:55:42.908955 main.go:130: 17:Got block message, iteration 4
[peer] 22:55:42.908974 main.go:137: 17:Acquiring bool lock
[peer] 22:55:42.908980 main.go:139: 17:Acquired bool lock
[peer] 22:55:42.908986 main.go:140: Chain Length:6
[peer] 22:55:42.908991 blockchain.go:68: Returning a block
[peer] 22:55:42.908997 main.go:142: Chain Length:6
[peer] 22:55:42.909002 main.go:147: Already have block
[peer] 22:55:42.909009 main.go:152: 17:Bool lock released
[peer] 22:55:42.909015 blockchain.go:68: Returning a block
[peer] 22:55:42.909020 blockchain.go:68: Returning a block
[peer] 22:55:42.909022 main.go:729: 17:Block sent to peer successful
[err] 22:55:42.909035 main.go:302: Error in sending block, err = Stale Update/Block
[peer] 22:55:42.909073 main.go:684: 17:RPC calls successfully returned. Iteration: 4
[peer] 22:55:42.909026 main.go:179: 17:Equal block
[peer] 22:55:42.909005 main.go:633: 17:Accepted new Connection
[peer] 22:55:42.909168 main.go:223: Advertising chain to peer with length 6
[peer] 22:55:42.911588 main.go:130: 17:Got block message, iteration 4
[peer] 22:55:42.911611 main.go:137: 17:Acquiring bool lock
[peer] 22:55:42.911618 main.go:139: 17:Acquired bool lock
[peer] 22:55:42.911625 main.go:140: Chain Length:6
[peer] 22:55:42.911633 blockchain.go:68: Returning a block
[peer] 22:55:42.911640 main.go:142: Chain Length:6
[peer] 22:55:42.911647 main.go:147: Already have block
[peer] 22:55:42.911655 main.go:152: 17:Bool lock released
[peer] 22:55:42.911663 blockchain.go:68: Returning a block
[peer] 22:55:42.911670 blockchain.go:68: Returning a block
[peer] 22:55:42.911676 main.go:179: 17:Equal block
[peer] 22:55:42.916251 main.go:130: 17:Got block message, iteration 4
[peer] 22:55:42.916276 main.go:137: 17:Acquiring bool lock
[peer] 22:55:42.916284 main.go:139: 17:Acquired bool lock
[peer] 22:55:42.916292 main.go:140: Chain Length:6
[peer] 22:55:42.916299 blockchain.go:68: Returning a block
[peer] 22:55:42.916307 main.go:142: Chain Length:6
[peer] 22:55:42.916314 main.go:147: Already have block
[peer] 22:55:42.916322 main.go:152: 17:Bool lock released
[peer] 22:55:42.916329 blockchain.go:68: Returning a block
[peer] 22:55:42.916336 blockchain.go:68: Returning a block
[peer] 22:55:42.916343 main.go:179: 17:Equal block
[peer] 22:55:42.949608 main.go:633: 17:Accepted new Connection
[peer] 22:55:42.953337 main.go:130: 17:Got block message, iteration 3
[peer] 22:55:42.953358 main.go:137: 17:Acquiring bool lock
[peer] 22:55:42.953364 main.go:139: 17:Acquired bool lock
[peer] 22:55:42.953370 main.go:140: Chain Length:6
[peer] 22:55:42.953375 blockchain.go:68: Returning a block
[peer] 22:55:42.953381 main.go:142: Chain Length:6
[peer] 22:55:42.953386 main.go:147: Already have block
[peer] 22:55:42.953392 main.go:152: 17:Bool lock released
[peer] 22:55:42.953397 blockchain.go:68: Returning a block
[peer] 22:55:42.953403 blockchain.go:68: Returning a block
[peer] 22:55:42.953408 main.go:179: 17:Equal block
[peer] 22:55:42.980973 main.go:633: 17:Accepted new Connection
[peer] 22:55:42.981157 main.go:213: 17:Registering peer:198.162.52.57:8013
[peer] 22:55:42.981170 main.go:223: Advertising chain to peer with length 6
[peer] 22:55:43.050759 main.go:633: 17:Accepted new Connection
[peer] 22:55:43.050957 main.go:130: 17:Got block message, iteration 4
[peer] 22:55:43.050975 main.go:137: 17:Acquiring bool lock
[peer] 22:55:43.050981 main.go:139: 17:Acquired bool lock
[peer] 22:55:43.050986 main.go:140: Chain Length:6
[peer] 22:55:43.050992 blockchain.go:68: Returning a block
[peer] 22:55:43.050997 main.go:142: Chain Length:6
[peer] 22:55:43.051005 main.go:147: Already have block
[peer] 22:55:43.051012 main.go:152: 17:Bool lock released
[peer] 22:55:43.051020 blockchain.go:68: Returning a block
[peer] 22:55:43.051028 blockchain.go:68: Returning a block
[peer] 22:55:43.051037 main.go:179: 17:Equal block
[peer] 22:55:43.080862 main.go:633: 17:Accepted new Connection
[peer] 22:55:43.081204 main.go:213: 17:Registering peer:198.162.52.126:8002
[peer] 22:55:43.081220 main.go:223: Advertising chain to peer with length 6
[peer] 22:55:43.149351 main.go:633: 17:Accepted new Connection
[peer] 22:55:43.149501 main.go:213: 17:Registering peer:198.162.52.57:8014
[peer] 22:55:43.149514 main.go:223: Advertising chain to peer with length 6
[peer] 22:55:43.151572 main.go:633: 17:Accepted new Connection
[peer] 22:55:43.151796 main.go:130: 17:Got block message, iteration 5
[peer] 22:55:43.151815 main.go:137: 17:Acquiring bool lock
[peer] 22:55:43.151821 main.go:139: 17:Acquired bool lock
[peer] 22:55:43.151827 main.go:140: Chain Length:6
[peer] 22:55:43.151832 blockchain.go:71: Returning nil
[peer] 22:55:43.151838 main.go:142: Chain Length:6
[peer] 22:55:43.151843 main.go:187: 17:Sending to channel
[peer] 22:55:43.151849 main.go:193: 17:Sent to channel
[peer] 22:55:43.151856 main.go:195: 17:Returning
[peer] 22:55:43.151930 main.go:768: 17:Blocking. Got block for 5, I am at 4
[peer] 22:55:43.169265 honest.go:81: 17Train Error is 1.00000 in Iteration 4
[peer] 22:55:43.169287 main.go:692: 17:Preparing for next Iteration. Current Iteration: 4
[peer] 22:55:43.169294 main.go:588: 17:Acquiring bool lock
[peer] 22:55:43.169300 main.go:590: 17:Acquired bool lock
[peer] 22:55:43.173368 main.go:609: 17:I am not verifier IterationCount:5
[peer] 22:55:43.173382 main.go:614: 17:Bool lock released
[peer] 22:55:43.173837 main.go:633: 17:Accepted new Connection
[peer] 22:55:43.173869 main.go:633: 17:Accepted new Connection
[peer] 22:55:43.173887 main.go:633: 17:Accepted new Connection
[peer] 22:55:43.174065 main.go:130: 17:Got block message, iteration 5
[peer] 22:55:43.174082 main.go:137: 17:Acquiring bool lock
[peer] 22:55:43.174088 main.go:139: 17:Acquired bool lock
[peer] 22:55:43.174093 main.go:140: Chain Length:6
[peer] 22:55:43.174098 blockchain.go:71: Returning nil
[peer] 22:55:43.174104 main.go:142: Chain Length:6
[peer] 22:55:43.174109 main.go:187: 17:Sending to channel
[peer] 22:55:43.174115 main.go:193: 17:Sent to channel
[peer] 22:55:43.174132 main.go:195: 17:Returning
[peer] 22:55:43.174188 main.go:777: 17:Adding block to chain
[peer] 22:55:43.174202 honest.go:222: Trying to append block with iteration:5
[peer] 22:55:43.174208 blockchain.go:71: Returning nil
[peer] 22:55:43.174213 honest.go:238: Append successful
[peer] 22:55:43.174220 main.go:781: 17:Adding block to chain
[peer] 22:55:43.174225 main.go:787: 17:Checking convergence
[peer] 22:55:43.174561 main.go:130: 17:Got block message, iteration 5
[peer] 22:55:43.174581 main.go:137: 17:Acquiring bool lock
[peer] 22:55:43.174664 main.go:130: 17:Got block message, iteration 5
[peer] 22:55:43.174683 main.go:137: 17:Acquiring bool lock
[peer] 22:55:43.178227 main.go:633: 17:Accepted new Connection
[peer] 22:55:43.179509 main.go:130: 17:Got block message, iteration 5
[peer] 22:55:43.179536 main.go:137: 17:Acquiring bool lock
[peer] 22:55:43.194909 main.go:633: 17:Accepted new Connection
[peer] 22:55:43.198306 main.go:130: 17:Got block message, iteration 5
[peer] 22:55:43.198323 main.go:137: 17:Acquiring bool lock
[peer] 22:55:43.221936 main.go:633: 17:Accepted new Connection
[peer] 22:55:43.226177 main.go:130: 17:Got block message, iteration 5
[peer] 22:55:43.226198 main.go:137: 17:Acquiring bool lock
[peer] 22:55:43.251413 main.go:633: 17:Accepted new Connection
[peer] 22:55:43.251640 main.go:130: 17:Got block message, iteration 5
[peer] 22:55:43.251657 main.go:137: 17:Acquiring bool lock
[peer] 22:55:43.300142 honest.go:81: 17Train Error is 1.00000 in Iteration 5
[peer] 22:55:43.300160 main.go:790: 17:Convergence checked
[peer] 22:55:43.300181 main.go:633: 17:Accepted new Connection
[peer] 22:55:43.300205 main.go:793: 17:Bool lock released
[peer] 22:55:43.300229 main.go:139: 17:Acquired bool lock
[peer] 22:55:43.300245 main.go:140: Chain Length:7
[peer] 22:55:43.300246 main.go:664: 17:Sending block. Iteration: 5
[peer] 22:55:43.300252 blockchain.go:68: Returning a block
[peer] 22:55:43.300285 main.go:142: Chain Length:7
[peer] 22:55:43.300290 main.go:147: Already have block
[peer] 22:55:43.300298 main.go:152: 17:Bool lock released
[peer] 22:55:43.300304 blockchain.go:68: Returning a block
[peer] 22:55:43.300309 blockchain.go:68: Returning a block
[peer] 22:55:43.300315 main.go:179: 17:Equal block
[peer] 22:55:43.300364 main.go:139: 17:Acquired bool lock
[peer] 22:55:43.300374 main.go:140: Chain Length:7
[peer] 22:55:43.300379 blockchain.go:68: Returning a block
[peer] 22:55:43.300384 main.go:142: Chain Length:7
[peer] 22:55:43.300390 main.go:147: Already have block
[peer] 22:55:43.300396 main.go:152: 17:Bool lock released
[peer] 22:55:43.300401 blockchain.go:68: Returning a block
[peer] 22:55:43.300407 blockchain.go:68: Returning a block
[peer] 22:55:43.300412 main.go:179: 17:Equal block
[peer] 22:55:43.300453 main.go:139: 17:Acquired bool lock
[peer] 22:55:43.300462 main.go:140: Chain Length:7
[peer] 22:55:43.300467 blockchain.go:68: Returning a block
[peer] 22:55:43.300472 main.go:142: Chain Length:7
[peer] 22:55:43.300478 main.go:147: Already have block
[peer] 22:55:43.300491 main.go:152: 17:Bool lock released
[peer] 22:55:43.300497 blockchain.go:68: Returning a block
[peer] 22:55:43.300502 blockchain.go:68: Returning a block
[peer] 22:55:43.300508 main.go:179: 17:Equal block
[peer] 22:55:43.300576 main.go:139: 17:Acquired bool lock
[peer] 22:55:43.300587 main.go:140: Chain Length:7
[peer] 22:55:43.300593 blockchain.go:68: Returning a block
[peer] 22:55:43.300598 main.go:142: Chain Length:7
[peer] 22:55:43.300604 main.go:147: Already have block
[peer] 22:55:43.300611 main.go:152: 17:Bool lock released
[peer] 22:55:43.300617 blockchain.go:68: Returning a block
[peer] 22:55:43.300622 blockchain.go:68: Returning a block
[peer] 22:55:43.300628 main.go:179: 17:Equal block
[peer] 22:55:43.300846 main.go:824: 17:Computing Update
[peer] 22:55:43.301356 main.go:270: 17 : VRF returned ID map[3:{}]
[peer] 22:55:43.301376 main.go:280: 17 :Verifiers [198.162.52.126:8003] returned.
[peer] 22:55:43.302118 main.go:869: 17:Making RPC Call to Verifier. Sending Update, Iteration:5
[peer] 22:55:43.302430 main.go:729: 17:Block sent to peer successful
[peer] 22:55:43.306281 main.go:130: 17:Got block message, iteration 5
[peer] 22:55:43.306302 main.go:137: 17:Acquiring bool lock
[peer] 22:55:43.308640 main.go:729: 17:Block sent to peer successful
[err] 22:55:43.308657 main.go:302: Error in sending block, err = Stale Update/Block
[peer] 22:55:43.308664 main.go:729: 17:Block sent to peer successful
[err] 22:55:43.308678 main.go:302: Error in sending block, err = Stale Update/Block
[peer] 22:55:43.308686 main.go:729: 17:Block sent to peer successful
[err] 22:55:43.308702 main.go:302: Error in sending block, err = Stale Update/Block
[peer] 22:55:43.308691 main.go:729: 17:Block sent to peer successful
[err] 22:55:43.308728 main.go:302: Error in sending block, err = Stale Update/Block
[peer] 22:55:43.308715 main.go:729: 17:Block sent to peer successful
[err] 22:55:43.308757 main.go:302: Error in sending block, err = Stale Update/Block
[peer] 22:55:43.308792 main.go:729: 17:Block sent to peer successful
[peer] 22:55:43.308817 main.go:729: 17:Block sent to peer successful
[err] 22:55:43.308830 main.go:302: Error in sending block, err = Stale Update/Block
[peer] 22:55:43.310980 main.go:729: 17:Block sent to peer successful
[err] 22:55:43.310994 main.go:302: Error in sending block, err = Stale Update/Block
[peer] 22:55:43.312796 main.go:729: 17:Block sent to peer successful
[err] 22:55:43.312810 main.go:302: Error in sending block, err = Stale Update/Block
[peer] 22:55:43.329754 main.go:729: 17:Block sent to peer successful
[err] 22:55:43.329767 main.go:302: Error in sending block, err = Stale Update/Block
[peer] 22:55:43.329806 main.go:684: 17:RPC calls successfully returned. Iteration: 5
[err] 22:55:43.361417 main.go:294: Error in sending update, err = unexpected EOF
