[peer] 02:00:40.806446 honest.go:107: 14Importing modules...
[peer] 02:00:45.459813 honest.go:122: 14Sucessfully pulled dataset. Features: 25
[peer] 02:00:45.460136 main.go:487: 14:Announcing myself to network
[peer] 02:00:45.460206 main.go:492: 14:Calling {198.162.52.126 %!s(int=8000) }
[peer] 02:00:45.460217 main.go:511: 14:Inside callRegisterRPC
[peer] 02:00:45.460224 main.go:516: 14Making RPC call
[peer] 02:00:45.460640 main.go:629: 14:Peer started. Receiving on 8014
[peer] 02:00:45.461193 main.go:522: 14RPC dial successful
[peer] 02:00:45.461219 main.go:525: 14:Calling RPC:198.162.52.126:8000
[peer] 02:00:45.461235 main.go:527: 14:RPC called198.162.52.126:8000
[peer] 02:00:45.463390 main.go:534: 14:Announced myself to a fellow peer at port. Got lastest chain
[peer] 02:00:45.463444 main.go:541: Chain length received:7
[peer] 02:00:45.463454 main.go:542: My chain length:1
[peer] 02:00:45.463460 honest.go:340: Received chain length:7
[peer] 02:00:45.463466 honest.go:341: Appended chain length:7
[peer] 02:00:45.463472 main.go:555: 14Got lastest chain until iteration 5
[peer] 02:00:45.463549 main.go:492: 14:Calling {198.162.52.126 %!s(int=8001) }
[peer] 02:00:45.463561 main.go:511: 14:Inside callRegisterRPC
[peer] 02:00:45.463603 main.go:516: 14Making RPC call
[peer] 02:00:45.464388 main.go:522: 14RPC dial successful
[peer] 02:00:45.464431 main.go:525: 14:Calling RPC:198.162.52.126:8001
[peer] 02:00:45.464451 main.go:527: 14:RPC called198.162.52.126:8001
[peer] 02:00:45.466785 main.go:534: 14:Announced myself to a fellow peer at port. Got lastest chain
[peer] 02:00:45.466837 main.go:541: Chain length received:7
[peer] 02:00:45.466855 main.go:542: My chain length:7
[peer] 02:00:45.467020 main.go:492: 14:Calling {198.162.52.126 %!s(int=8002) }
[peer] 02:00:45.467046 main.go:511: 14:Inside callRegisterRPC
[peer] 02:00:45.467145 main.go:516: 14Making RPC call
[peer] 02:00:45.467887 main.go:522: 14RPC dial successful
[peer] 02:00:45.467933 main.go:525: 14:Calling RPC:198.162.52.126:8002
[peer] 02:00:45.467953 main.go:527: 14:RPC called198.162.52.126:8002
[peer] 02:00:45.469636 main.go:534: 14:Announced myself to a fellow peer at port. Got lastest chain
[peer] 02:00:45.469662 main.go:541: Chain length received:7
[peer] 02:00:45.469670 main.go:542: My chain length:7
[peer] 02:00:45.469729 main.go:492: 14:Calling {198.162.52.126 %!s(int=8003) }
[peer] 02:00:45.469740 main.go:511: 14:Inside callRegisterRPC
[peer] 02:00:45.469746 main.go:516: 14Making RPC call
[peer] 02:00:45.470208 main.go:522: 14RPC dial successful
[peer] 02:00:45.470230 main.go:525: 14:Calling RPC:198.162.52.126:8003
[peer] 02:00:45.470238 main.go:527: 14:RPC called198.162.52.126:8003
[peer] 02:00:45.471779 main.go:534: 14:Announced myself to a fellow peer at port. Got lastest chain
[peer] 02:00:45.471799 main.go:541: Chain length received:7
[peer] 02:00:45.471806 main.go:542: My chain length:7
[peer] 02:00:45.471926 main.go:492: 14:Calling {198.162.52.126 %!s(int=8004) }
[peer] 02:00:45.471951 main.go:511: 14:Inside callRegisterRPC
[peer] 02:00:45.471965 main.go:516: 14Making RPC call
[peer] 02:00:45.472418 main.go:522: 14RPC dial successful
[peer] 02:00:45.472437 main.go:525: 14:Calling RPC:198.162.52.126:8004
[peer] 02:00:45.472446 main.go:527: 14:RPC called198.162.52.126:8004
[peer] 02:00:45.474181 main.go:534: 14:Announced myself to a fellow peer at port. Got lastest chain
[peer] 02:00:45.474228 main.go:541: Chain length received:7
[peer] 02:00:45.474246 main.go:542: My chain length:7
[peer] 02:00:45.474372 main.go:492: 14:Calling {198.162.52.126 %!s(int=8005) }
[peer] 02:00:45.474383 main.go:511: 14:Inside callRegisterRPC
[peer] 02:00:45.474390 main.go:516: 14Making RPC call
[peer] 02:00:45.474958 main.go:522: 14RPC dial successful
[peer] 02:00:45.474978 main.go:525: 14:Calling RPC:198.162.52.126:8005
[peer] 02:00:45.474986 main.go:527: 14:RPC called198.162.52.126:8005
[peer] 02:00:45.476756 main.go:534: 14:Announced myself to a fellow peer at port. Got lastest chain
[peer] 02:00:45.476776 main.go:541: Chain length received:7
[peer] 02:00:45.476785 main.go:542: My chain length:7
[peer] 02:00:45.476954 main.go:492: 14:Calling {198.162.52.126 %!s(int=8006) }
[peer] 02:00:45.476966 main.go:511: 14:Inside callRegisterRPC
[peer] 02:00:45.476972 main.go:516: 14Making RPC call
[peer] 02:00:45.477496 main.go:522: 14RPC dial successful
[peer] 02:00:45.477545 main.go:525: 14:Calling RPC:198.162.52.126:8006
[peer] 02:00:45.477554 main.go:527: 14:RPC called198.162.52.126:8006
[peer] 02:00:45.479070 main.go:534: 14:Announced myself to a fellow peer at port. Got lastest chain
[peer] 02:00:45.479091 main.go:541: Chain length received:7
[peer] 02:00:45.479099 main.go:542: My chain length:7
[peer] 02:00:45.479144 main.go:492: 14:Calling {198.162.52.126 %!s(int=8007) }
[peer] 02:00:45.479155 main.go:511: 14:Inside callRegisterRPC
[peer] 02:00:45.479161 main.go:516: 14Making RPC call
[peer] 02:00:45.479779 main.go:522: 14RPC dial successful
[peer] 02:00:45.479799 main.go:525: 14:Calling RPC:198.162.52.126:8007
[peer] 02:00:45.479807 main.go:527: 14:RPC called198.162.52.126:8007
[peer] 02:00:45.481039 main.go:534: 14:Announced myself to a fellow peer at port. Got lastest chain
[peer] 02:00:45.481058 main.go:541: Chain length received:7
[peer] 02:00:45.481065 main.go:542: My chain length:7
[peer] 02:00:45.481110 main.go:492: 14:Calling {198.162.52.126 %!s(int=8008) }
[peer] 02:00:45.481120 main.go:511: 14:Inside callRegisterRPC
[peer] 02:00:45.481126 main.go:516: 14Making RPC call
[peer] 02:00:45.481694 main.go:522: 14RPC dial successful
[peer] 02:00:45.481726 main.go:525: 14:Calling RPC:198.162.52.126:8008
[peer] 02:00:45.481734 main.go:527: 14:RPC called198.162.52.126:8008
[peer] 02:00:45.483088 main.go:534: 14:Announced myself to a fellow peer at port. Got lastest chain
[peer] 02:00:45.483136 main.go:541: Chain length received:7
[peer] 02:00:45.483146 main.go:542: My chain length:7
[peer] 02:00:45.483189 main.go:492: 14:Calling {198.162.52.126 %!s(int=8009) }
[peer] 02:00:45.483200 main.go:511: 14:Inside callRegisterRPC
[peer] 02:00:45.483207 main.go:516: 14Making RPC call
[peer] 02:00:45.483728 main.go:522: 14RPC dial successful
[peer] 02:00:45.483746 main.go:525: 14:Calling RPC:198.162.52.126:8009
[peer] 02:00:45.483768 main.go:527: 14:RPC called198.162.52.126:8009
[peer] 02:00:45.485200 main.go:534: 14:Announced myself to a fellow peer at port. Got lastest chain
[peer] 02:00:45.485219 main.go:541: Chain length received:7
[peer] 02:00:45.485227 main.go:542: My chain length:7
[peer] 02:00:45.485269 main.go:492: 14:Calling {198.162.52.57 %!s(int=8010) }
[peer] 02:00:45.485279 main.go:511: 14:Inside callRegisterRPC
[peer] 02:00:45.485285 main.go:516: 14Making RPC call
[peer] 02:00:45.485404 main.go:522: 14RPC dial successful
[peer] 02:00:45.485423 main.go:525: 14:Calling RPC:198.162.52.57:8010
[peer] 02:00:45.485431 main.go:527: 14:RPC called198.162.52.57:8010
[peer] 02:00:45.486489 main.go:534: 14:Announced myself to a fellow peer at port. Got lastest chain
[peer] 02:00:45.486517 main.go:541: Chain length received:7
[peer] 02:00:45.486528 main.go:542: My chain length:7
[peer] 02:00:45.486621 main.go:492: 14:Calling {198.162.52.57 %!s(int=8011) }
[peer] 02:00:45.486633 main.go:511: 14:Inside callRegisterRPC
[peer] 02:00:45.486639 main.go:516: 14Making RPC call
[peer] 02:00:45.486784 main.go:522: 14RPC dial successful
[peer] 02:00:45.486806 main.go:525: 14:Calling RPC:198.162.52.57:8011
[peer] 02:00:45.486814 main.go:527: 14:RPC called198.162.52.57:8011
[peer] 02:00:45.487793 main.go:534: 14:Announced myself to a fellow peer at port. Got lastest chain
[peer] 02:00:45.487813 main.go:541: Chain length received:7
[peer] 02:00:45.487821 main.go:542: My chain length:7
[peer] 02:00:45.487889 main.go:492: 14:Calling {198.162.52.57 %!s(int=8012) }
[peer] 02:00:45.487899 main.go:511: 14:Inside callRegisterRPC
[peer] 02:00:45.487906 main.go:516: 14Making RPC call
[peer] 02:00:45.488030 main.go:522: 14RPC dial successful
[peer] 02:00:45.488048 main.go:525: 14:Calling RPC:198.162.52.57:8012
[peer] 02:00:45.488058 main.go:527: 14:RPC called198.162.52.57:8012
[peer] 02:00:45.489185 main.go:534: 14:Announced myself to a fellow peer at port. Got lastest chain
[peer] 02:00:45.489262 main.go:541: Chain length received:7
[peer] 02:00:45.489280 main.go:542: My chain length:7
[peer] 02:00:45.489414 main.go:492: 14:Calling {198.162.52.57 %!s(int=8013) }
[peer] 02:00:45.489439 main.go:511: 14:Inside callRegisterRPC
[peer] 02:00:45.489453 main.go:516: 14Making RPC call
[peer] 02:00:45.489746 main.go:522: 14RPC dial successful
[peer] 02:00:45.489797 main.go:525: 14:Calling RPC:198.162.52.57:8013
[peer] 02:00:45.489812 main.go:527: 14:RPC called198.162.52.57:8013
[peer] 02:00:45.490588 main.go:534: 14:Announced myself to a fellow peer at port. Got lastest chain
[peer] 02:00:45.490646 main.go:541: Chain length received:7
[peer] 02:00:45.490657 main.go:542: My chain length:7
[peer] 02:00:45.490725 main.go:492: 14:Calling {198.162.52.57 %!s(int=8015) }
[peer] 02:00:45.490736 main.go:511: 14:Inside callRegisterRPC
[peer] 02:00:45.490742 main.go:516: 14Making RPC call
[peer] 02:00:45.490983 main.go:522: 14RPC dial successful
[peer] 02:00:45.491028 main.go:525: 14:Calling RPC:198.162.52.57:8015
[peer] 02:00:45.491049 main.go:527: 14:RPC called198.162.52.57:8015
[peer] 02:00:45.491890 main.go:534: 14:Announced myself to a fellow peer at port. Got lastest chain
[peer] 02:00:45.491917 main.go:541: Chain length received:7
[peer] 02:00:45.491925 main.go:542: My chain length:7
[peer] 02:00:45.491981 main.go:492: 14:Calling {198.162.52.57 %!s(int=8016) }
[peer] 02:00:45.491991 main.go:511: 14:Inside callRegisterRPC
[peer] 02:00:45.491997 main.go:516: 14Making RPC call
[peer] 02:00:45.492259 main.go:522: 14RPC dial successful
[peer] 02:00:45.492304 main.go:525: 14:Calling RPC:198.162.52.57:8016
[peer] 02:00:45.492378 main.go:527: 14:RPC called198.162.52.57:8016
[peer] 02:00:45.493125 main.go:534: 14:Announced myself to a fellow peer at port. Got lastest chain
[peer] 02:00:45.493143 main.go:541: Chain length received:7
[peer] 02:00:45.493149 main.go:542: My chain length:7
[peer] 02:00:45.493217 main.go:492: 14:Calling {198.162.52.57 %!s(int=8017) }
[peer] 02:00:45.493227 main.go:511: 14:Inside callRegisterRPC
[peer] 02:00:45.493233 main.go:516: 14Making RPC call
[peer] 02:00:45.493439 main.go:522: 14RPC dial successful
[peer] 02:00:45.493474 main.go:525: 14:Calling RPC:198.162.52.57:8017
[peer] 02:00:45.493490 main.go:527: 14:RPC called198.162.52.57:8017
[peer] 02:00:45.494304 main.go:534: 14:Announced myself to a fellow peer at port. Got lastest chain
[peer] 02:00:45.494336 main.go:541: Chain length received:7
[peer] 02:00:45.494345 main.go:542: My chain length:7
[peer] 02:00:45.494427 main.go:492: 14:Calling {198.162.52.57 %!s(int=8018) }
[peer] 02:00:45.494438 main.go:511: 14:Inside callRegisterRPC
[peer] 02:00:45.494444 main.go:516: 14Making RPC call
[peer] 02:00:45.494690 main.go:522: 14RPC dial successful
[peer] 02:00:45.494735 main.go:525: 14:Calling RPC:198.162.52.57:8018
[peer] 02:00:45.494754 main.go:527: 14:RPC called198.162.52.57:8018
[peer] 02:00:45.495693 main.go:534: 14:Announced myself to a fellow peer at port. Got lastest chain
[peer] 02:00:45.495726 main.go:541: Chain length received:7
[peer] 02:00:45.495734 main.go:542: My chain length:7
[peer] 02:00:45.495794 main.go:492: 14:Calling {198.162.52.57 %!s(int=8019) }
[peer] 02:00:45.495805 main.go:511: 14:Inside callRegisterRPC
[peer] 02:00:45.495811 main.go:516: 14Making RPC call
[peer] 02:00:45.496034 main.go:522: 14RPC dial successful
[peer] 02:00:45.496080 main.go:525: 14:Calling RPC:198.162.52.57:8019
[peer] 02:00:45.496117 main.go:527: 14:RPC called198.162.52.57:8019
[peer] 02:00:45.497004 main.go:534: 14:Announced myself to a fellow peer at port. Got lastest chain
[peer] 02:00:45.497056 main.go:541: Chain length received:7
[peer] 02:00:45.497063 main.go:542: My chain length:7
[peer] 02:00:45.497134 main.go:502: 14:Bootstrapped Network. Calling signal
[peer] 02:00:45.497147 main.go:504: 14:Bootstrapped Network. Signal called
[peer] 02:00:45.497161 main.go:588: 14:Acquiring bool lock
[peer] 02:00:45.497179 main.go:590: 14:Acquired bool lock
[peer] 02:00:45.498424 main.go:609: 14:I am not verifier IterationCount:6
[peer] 02:00:45.498445 main.go:614: 14:Bool lock released
[peer] 02:00:45.498453 main.go:824: 14:Computing Update
[peer] 02:00:45.499420 main.go:270: 14 : VRF returned ID map[5:{}]
[peer] 02:00:45.499438 main.go:280: 14 :Verifiers [198.162.52.126:8005] returned.
[peer] 02:00:45.500274 main.go:869: 14:Making RPC Call to Verifier. Sending Update, Iteration:6
[peer] 02:00:45.502475 main.go:876: 14:Update sent successfully
[peer] 02:00:45.503807 main.go:633: 14:Accepted new Connection
[peer] 02:00:45.506010 main.go:130: 14:Got block message, iteration 6
[peer] 02:00:45.506037 main.go:137: 14:Acquiring bool lock
[peer] 02:00:45.506044 main.go:139: 14:Acquired bool lock
[peer] 02:00:45.506050 main.go:140: Chain Length:7
[peer] 02:00:45.506056 main.go:142: Chain Length:7
[peer] 02:00:45.506066 main.go:187: 14:Sending to channel
[peer] 02:00:45.506172 main.go:193: 14:Sent to channel
[peer] 02:00:45.506186 main.go:195: 14:Returning
[peer] 02:00:45.506270 main.go:955: 14:Block Received. Appending to chain and moving on to the next iteration. 6
[peer] 02:00:45.506380 main.go:777: 14:Adding block to chain
[peer] 02:00:45.506395 honest.go:222: Trying to append block with iteration:6
[peer] 02:00:45.506402 honest.go:238: Append successful
[peer] 02:00:45.506411 main.go:781: 14:Adding block to chain
[peer] 02:00:45.506416 main.go:787: 14:Checking convergence
[peer] 02:00:45.513233 main.go:633: 14:Accepted new Connection
[peer] 02:00:45.515806 main.go:130: 14:Got block message, iteration 6
[peer] 02:00:45.515830 main.go:137: 14:Acquiring bool lock
[peer] 02:00:45.523964 main.go:633: 14:Accepted new Connection
[peer] 02:00:45.530327 main.go:130: 14:Got block message, iteration 6
[peer] 02:00:45.530356 main.go:137: 14:Acquiring bool lock
[peer] 02:00:45.530465 main.go:633: 14:Accepted new Connection
[peer] 02:00:45.534995 main.go:130: 14:Got block message, iteration 6
[peer] 02:00:45.535014 main.go:137: 14:Acquiring bool lock
[peer] 02:00:45.535133 main.go:633: 14:Accepted new Connection
[peer] 02:00:45.536035 main.go:633: 14:Accepted new Connection
[peer] 02:00:45.539758 main.go:130: 14:Got block message, iteration 6
[peer] 02:00:45.539776 main.go:137: 14:Acquiring bool lock
[peer] 02:00:45.541113 main.go:633: 14:Accepted new Connection
[peer] 02:00:45.542552 main.go:633: 14:Accepted new Connection
[peer] 02:00:45.545837 main.go:633: 14:Accepted new Connection
[peer] 02:00:45.545861 main.go:633: 14:Accepted new Connection
[peer] 02:00:45.546290 main.go:130: 14:Got block message, iteration 6
[peer] 02:00:45.546307 main.go:137: 14:Acquiring bool lock
[peer] 02:00:45.552597 main.go:130: 14:Got block message, iteration 6
[peer] 02:00:45.552616 main.go:137: 14:Acquiring bool lock
[peer] 02:00:45.554691 main.go:130: 14:Got block message, iteration 6
[peer] 02:00:45.554712 main.go:137: 14:Acquiring bool lock
[peer] 02:00:45.562295 main.go:130: 14:Got block message, iteration 6
[peer] 02:00:45.562313 main.go:137: 14:Acquiring bool lock
[peer] 02:00:45.564018 main.go:633: 14:Accepted new Connection
[peer] 02:00:45.567250 main.go:130: 14:Got block message, iteration 6
[peer] 02:00:45.567268 main.go:137: 14:Acquiring bool lock
[peer] 02:00:45.578978 main.go:130: 14:Got block message, iteration 6
[peer] 02:00:45.579007 main.go:137: 14:Acquiring bool lock
[peer] 02:00:45.585962 main.go:633: 14:Accepted new Connection
[peer] 02:00:45.587395 main.go:130: 14:Got block message, iteration 6
[peer] 02:00:45.587414 main.go:137: 14:Acquiring bool lock
[peer] 02:00:45.638531 main.go:633: 14:Accepted new Connection
[peer] 02:00:45.647794 main.go:130: 14:Got block message, iteration 6
[peer] 02:00:45.647814 main.go:137: 14:Acquiring bool lock
[peer] 02:00:45.717028 main.go:633: 14:Accepted new Connection
[peer] 02:00:45.720141 main.go:130: 14:Got block message, iteration 6
[peer] 02:00:45.720160 main.go:137: 14:Acquiring bool lock
[peer] 02:00:45.769936 honest.go:81: 14Train Error is 0.09162 in Iteration 6
[peer] 02:00:45.769954 main.go:790: 14:Convergence checked
[peer] 02:00:45.769969 main.go:793: 14:Bool lock released
[peer] 02:00:45.770045 main.go:664: 14:Sending block. Iteration: 6
[peer] 02:00:45.770280 main.go:139: 14:Acquired bool lock
[peer] 02:00:45.770295 main.go:140: Chain Length:8
[peer] 02:00:45.770301 main.go:142: Chain Length:8
[peer] 02:00:45.770307 main.go:147: Already have block
[peer] 02:00:45.770315 main.go:152: 14:Bool lock released
[peer] 02:00:45.770321 main.go:179: 14:Equal block
[peer] 02:00:45.770409 main.go:139: 14:Acquired bool lock
[peer] 02:00:45.770420 main.go:140: Chain Length:8
[peer] 02:00:45.770426 main.go:142: Chain Length:8
[peer] 02:00:45.770432 main.go:147: Already have block
[peer] 02:00:45.770439 main.go:152: 14:Bool lock released
[peer] 02:00:45.770446 main.go:179: 14:Equal block
[peer] 02:00:45.770485 main.go:139: 14:Acquired bool lock
[peer] 02:00:45.770493 main.go:140: Chain Length:8
[peer] 02:00:45.770499 main.go:142: Chain Length:8
[peer] 02:00:45.770504 main.go:147: Already have block
[peer] 02:00:45.770511 main.go:152: 14:Bool lock released
[peer] 02:00:45.770517 main.go:179: 14:Equal block
[peer] 02:00:45.770562 main.go:139: 14:Acquired bool lock
[peer] 02:00:45.770570 main.go:140: Chain Length:8
[peer] 02:00:45.770576 main.go:142: Chain Length:8
[peer] 02:00:45.770581 main.go:147: Already have block
[peer] 02:00:45.770588 main.go:152: 14:Bool lock released
[peer] 02:00:45.770594 main.go:179: 14:Equal block
[peer] 02:00:45.770628 main.go:139: 14:Acquired bool lock
[peer] 02:00:45.770636 main.go:140: Chain Length:8
[peer] 02:00:45.770641 main.go:142: Chain Length:8
[peer] 02:00:45.770647 main.go:147: Already have block
[peer] 02:00:45.770654 main.go:152: 14:Bool lock released
[peer] 02:00:45.770660 main.go:179: 14:Equal block
[peer] 02:00:45.770693 main.go:139: 14:Acquired bool lock
[peer] 02:00:45.770702 main.go:140: Chain Length:8
[peer] 02:00:45.770707 main.go:142: Chain Length:8
[peer] 02:00:45.770713 main.go:147: Already have block
[peer] 02:00:45.770719 main.go:152: 14:Bool lock released
[peer] 02:00:45.770725 main.go:179: 14:Equal block
[peer] 02:00:45.770759 main.go:139: 14:Acquired bool lock
[peer] 02:00:45.770768 main.go:140: Chain Length:8
[peer] 02:00:45.770773 main.go:142: Chain Length:8
[peer] 02:00:45.770779 main.go:147: Already have block
[peer] 02:00:45.770786 main.go:152: 14:Bool lock released
[peer] 02:00:45.770791 main.go:179: 14:Equal block
[peer] 02:00:45.770824 main.go:139: 14:Acquired bool lock
[peer] 02:00:45.770833 main.go:140: Chain Length:8
[peer] 02:00:45.770838 main.go:142: Chain Length:8
[peer] 02:00:45.770844 main.go:147: Already have block
[peer] 02:00:45.770851 main.go:152: 14:Bool lock released
[peer] 02:00:45.770856 main.go:179: 14:Equal block
[peer] 02:00:45.770890 main.go:139: 14:Acquired bool lock
[peer] 02:00:45.770898 main.go:140: Chain Length:8
[peer] 02:00:45.770904 main.go:142: Chain Length:8
[peer] 02:00:45.770909 main.go:147: Already have block
[peer] 02:00:45.770916 main.go:152: 14:Bool lock released
[peer] 02:00:45.770922 main.go:179: 14:Equal block
[peer] 02:00:45.770965 main.go:139: 14:Acquired bool lock
[peer] 02:00:45.770974 main.go:140: Chain Length:8
[peer] 02:00:45.770980 main.go:142: Chain Length:8
[peer] 02:00:45.770985 main.go:147: Already have block
[peer] 02:00:45.770992 main.go:152: 14:Bool lock released
[peer] 02:00:45.770998 main.go:179: 14:Equal block
[peer] 02:00:45.771058 main.go:139: 14:Acquired bool lock
[peer] 02:00:45.771068 main.go:140: Chain Length:8
[peer] 02:00:45.771074 main.go:142: Chain Length:8
[peer] 02:00:45.771079 main.go:147: Already have block
[peer] 02:00:45.771086 main.go:152: 14:Bool lock released
[peer] 02:00:45.771092 main.go:179: 14:Equal block
[peer] 02:00:45.774571 main.go:729: 14:Block sent to peer successful
[err] 02:00:45.774593 main.go:302: Error in sending block, err = Stale Update/Block
[peer] 02:00:45.777066 main.go:139: 14:Acquired bool lock
[peer] 02:00:45.777080 main.go:140: Chain Length:8
[peer] 02:00:45.777089 main.go:142: Chain Length:8
[peer] 02:00:45.777095 main.go:147: Already have block
[peer] 02:00:45.777104 main.go:152: 14:Bool lock released
[peer] 02:00:45.777110 main.go:179: 14:Equal block
[peer] 02:00:45.777182 main.go:139: 14:Acquired bool lock
[peer] 02:00:45.777192 main.go:140: Chain Length:8
[peer] 02:00:45.777198 main.go:142: Chain Length:8
[peer] 02:00:45.777203 main.go:147: Already have block
[peer] 02:00:45.777210 main.go:152: 14:Bool lock released
[peer] 02:00:45.777216 main.go:179: 14:Equal block
[peer] 02:00:45.777433 main.go:729: 14:Block sent to peer successful
[err] 02:00:45.777446 main.go:302: Error in sending block, err = Stale Update/Block
[peer] 02:00:45.778229 main.go:729: 14:Block sent to peer successful
[err] 02:00:45.778241 main.go:302: Error in sending block, err = Stale Update/Block
[peer] 02:00:45.778725 main.go:729: 14:Block sent to peer successful
[err] 02:00:45.778739 main.go:302: Error in sending block, err = Stale Update/Block
[peer] 02:00:45.779985 main.go:729: 14:Block sent to peer successful
[err] 02:00:45.779999 main.go:302: Error in sending block, err = Stale Update/Block
[peer] 02:00:45.780167 main.go:729: 14:Block sent to peer successful
[err] 02:00:45.780179 main.go:302: Error in sending block, err = Stale Update/Block
[peer] 02:00:45.780354 main.go:729: 14:Block sent to peer successful
[err] 02:00:45.780366 main.go:302: Error in sending block, err = Stale Update/Block
[peer] 02:00:45.780555 main.go:729: 14:Block sent to peer successful
[err] 02:00:45.780567 main.go:302: Error in sending block, err = Stale Update/Block
[peer] 02:00:45.780790 main.go:729: 14:Block sent to peer successful
[err] 02:00:45.780802 main.go:302: Error in sending block, err = Stale Update/Block
[peer] 02:00:45.781160 main.go:729: 14:Block sent to peer successful
[err] 02:00:45.781172 main.go:302: Error in sending block, err = Stale Update/Block
[peer] 02:00:45.781594 main.go:633: 14:Accepted new Connection
[peer] 02:00:45.782892 main.go:729: 14:Block sent to peer successful
[err] 02:00:45.782905 main.go:302: Error in sending block, err = Stale Update/Block
[peer] 02:00:45.783255 main.go:729: 14:Block sent to peer successful
[err] 02:00:45.783267 main.go:302: Error in sending block, err = Stale Update/Block
[peer] 02:00:45.783283 main.go:729: 14:Block sent to peer successful
[err] 02:00:45.783296 main.go:302: Error in sending block, err = Stale Update/Block
[peer] 02:00:45.783615 main.go:729: 14:Block sent to peer successful
[err] 02:00:45.783626 main.go:302: Error in sending block, err = Stale Update/Block
[peer] 02:00:45.784355 main.go:729: 14:Block sent to peer successful
[err] 02:00:45.784366 main.go:302: Error in sending block, err = Stale Update/Block
[peer] 02:00:45.823383 main.go:130: 14:Got block message, iteration 6
[peer] 02:00:45.823404 main.go:137: 14:Acquiring bool lock
[peer] 02:00:45.823410 main.go:139: 14:Acquired bool lock
[peer] 02:00:45.823416 main.go:140: Chain Length:8
[peer] 02:00:45.823422 main.go:142: Chain Length:8
[peer] 02:00:45.823427 main.go:147: Already have block
[peer] 02:00:45.823434 main.go:152: 14:Bool lock released
[peer] 02:00:45.823440 main.go:179: 14:Equal block
[peer] 02:00:45.847254 main.go:633: 14:Accepted new Connection
[peer] 02:00:45.858276 main.go:729: 14:Block sent to peer successful
[err] 02:00:45.858299 main.go:302: Error in sending block, err = Stale Update/Block
[peer] 02:00:45.906035 main.go:633: 14:Accepted new Connection
[peer] 02:00:45.907523 main.go:130: 14:Got block message, iteration 6
[peer] 02:00:45.907542 main.go:137: 14:Acquiring bool lock
[peer] 02:00:45.907547 main.go:139: 14:Acquired bool lock
[peer] 02:00:45.907553 main.go:140: Chain Length:8
[peer] 02:00:45.907558 main.go:142: Chain Length:8
[peer] 02:00:45.907564 main.go:147: Already have block
[peer] 02:00:45.907571 main.go:152: 14:Bool lock released
[peer] 02:00:45.907576 main.go:179: 14:Equal block
[peer] 02:00:45.911229 main.go:633: 14:Accepted new Connection
[peer] 02:00:45.911295 main.go:729: 14:Block sent to peer successful
[err] 02:00:45.911307 main.go:302: Error in sending block, err = Stale Update/Block
[peer] 02:00:45.912266 main.go:729: 14:Block sent to peer successful
[err] 02:00:45.912279 main.go:302: Error in sending block, err = Stale Update/Block
[peer] 02:00:45.913794 main.go:130: 14:Got block message, iteration 6
[peer] 02:00:45.913830 main.go:137: 14:Acquiring bool lock
[peer] 02:00:45.913837 main.go:139: 14:Acquired bool lock
[peer] 02:00:45.913843 main.go:140: Chain Length:8
[peer] 02:00:45.913848 main.go:142: Chain Length:8
[peer] 02:00:45.913854 main.go:147: Already have block
[peer] 02:00:45.913861 main.go:152: 14:Bool lock released
[peer] 02:00:45.913868 main.go:179: 14:Equal block
[peer] 02:00:45.939644 main.go:130: 14:Got block message, iteration 6
[peer] 02:00:45.939680 main.go:137: 14:Acquiring bool lock
[peer] 02:00:45.939686 main.go:139: 14:Acquired bool lock
[peer] 02:00:45.939692 main.go:140: Chain Length:8
[peer] 02:00:45.939698 main.go:142: Chain Length:8
[peer] 02:00:45.939703 main.go:147: Already have block
[peer] 02:00:45.939711 main.go:152: 14:Bool lock released
[peer] 02:00:45.939717 main.go:179: 14:Equal block
[peer] 02:00:45.941310 main.go:633: 14:Accepted new Connection
[peer] 02:00:45.941562 main.go:130: 14:Got block message, iteration 6
[peer] 02:00:45.941585 main.go:137: 14:Acquiring bool lock
[peer] 02:00:45.941593 main.go:139: 14:Acquired bool lock
[peer] 02:00:45.941598 main.go:140: Chain Length:8
[peer] 02:00:45.941604 main.go:142: Chain Length:8
[peer] 02:00:45.941609 main.go:147: Already have block
[peer] 02:00:45.941617 main.go:152: 14:Bool lock released
[peer] 02:00:45.941623 main.go:179: 14:Equal block
[peer] 02:00:45.941789 main.go:729: 14:Block sent to peer successful
[err] 02:00:45.941802 main.go:302: Error in sending block, err = Stale Update/Block
[peer] 02:00:45.941840 main.go:684: 14:RPC calls successfully returned. Iteration: 6
[peer] 02:00:45.989751 honest.go:81: 14Train Error is 0.09162 in Iteration 6
[peer] 02:00:45.989768 main.go:692: 14:Preparing for next Iteration. Current Iteration: 6
[peer] 02:00:45.989775 main.go:588: 14:Acquiring bool lock
[peer] 02:00:45.989791 main.go:590: 14:Acquired bool lock
[peer] 02:00:45.990967 main.go:609: 14:I am not verifier IterationCount:7
[peer] 02:00:45.990979 main.go:614: 14:Bool lock released
[peer] 02:00:46.077525 main.go:824: 14:Computing Update
[peer] 02:00:46.078213 main.go:270: 14 : VRF returned ID map[8:{}]
[peer] 02:00:46.078236 main.go:280: 14 :Verifiers [198.162.52.126:8008] returned.
[peer] 02:00:46.078889 main.go:869: 14:Making RPC Call to Verifier. Sending Update, Iteration:7
[peer] 02:00:46.080318 main.go:876: 14:Update sent successfully
[peer] 02:00:51.036676 main.go:633: 14:Accepted new Connection
[peer] 02:00:51.041506 main.go:130: 14:Got block message, iteration 7
[peer] 02:00:51.041592 main.go:137: 14:Acquiring bool lock
[peer] 02:00:51.041606 main.go:139: 14:Acquired bool lock
[peer] 02:00:51.041627 main.go:140: Chain Length:8
[peer] 02:00:51.041641 main.go:142: Chain Length:8
[peer] 02:00:51.041654 main.go:187: 14:Sending to channel
[peer] 02:00:51.041683 main.go:193: 14:Sent to channel
[peer] 02:00:51.041745 main.go:633: 14:Accepted new Connection
[peer] 02:00:51.041762 main.go:955: 14:Block Received. Appending to chain and moving on to the next iteration. 7
[peer] 02:00:51.041864 main.go:195: 14:Returning
[peer] 02:00:51.041878 main.go:777: 14:Adding block to chain
[peer] 02:00:51.042251 honest.go:222: Trying to append block with iteration:7
[peer] 02:00:51.042276 honest.go:238: Append successful
[peer] 02:00:51.042300 main.go:781: 14:Adding block to chain
[peer] 02:00:51.042313 main.go:787: 14:Checking convergence
[peer] 02:00:51.046848 main.go:130: 14:Got block message, iteration 7
[peer] 02:00:51.046881 main.go:137: 14:Acquiring bool lock
[peer] 02:00:51.056810 main.go:633: 14:Accepted new Connection
[peer] 02:00:51.060632 main.go:633: 14:Accepted new Connection
[peer] 02:00:51.061268 main.go:130: 14:Got block message, iteration 7
[peer] 02:00:51.061295 main.go:137: 14:Acquiring bool lock
[peer] 02:00:51.061936 main.go:633: 14:Accepted new Connection
[peer] 02:00:51.063223 main.go:633: 14:Accepted new Connection
[peer] 02:00:51.063620 main.go:130: 14:Got block message, iteration 7
[peer] 02:00:51.063694 main.go:137: 14:Acquiring bool lock
[peer] 02:00:51.066992 main.go:633: 14:Accepted new Connection
[peer] 02:00:51.073529 main.go:130: 14:Got block message, iteration 7
[peer] 02:00:51.073548 main.go:137: 14:Acquiring bool lock
[peer] 02:00:51.077357 main.go:633: 14:Accepted new Connection
[peer] 02:00:51.082391 main.go:633: 14:Accepted new Connection
[peer] 02:00:51.082691 main.go:130: 14:Got block message, iteration 7
[peer] 02:00:51.082709 main.go:137: 14:Acquiring bool lock
[peer] 02:00:51.082832 main.go:130: 14:Got block message, iteration 7
[peer] 02:00:51.082850 main.go:137: 14:Acquiring bool lock
[peer] 02:00:51.084894 main.go:130: 14:Got block message, iteration 7
[peer] 02:00:51.084914 main.go:137: 14:Acquiring bool lock
[peer] 02:00:51.087135 main.go:130: 14:Got block message, iteration 7
[peer] 02:00:51.087157 main.go:137: 14:Acquiring bool lock
[peer] 02:00:51.095875 main.go:633: 14:Accepted new Connection
[peer] 02:00:51.099625 main.go:633: 14:Accepted new Connection
[peer] 02:00:51.103759 main.go:130: 14:Got block message, iteration 7
[peer] 02:00:51.103787 main.go:137: 14:Acquiring bool lock
[peer] 02:00:51.105133 main.go:633: 14:Accepted new Connection
[peer] 02:00:51.111267 main.go:130: 14:Got block message, iteration 7
[peer] 02:00:51.111290 main.go:137: 14:Acquiring bool lock
[peer] 02:00:51.123997 main.go:633: 14:Accepted new Connection
[peer] 02:00:51.147733 main.go:130: 14:Got block message, iteration 7
[peer] 02:00:51.147760 main.go:137: 14:Acquiring bool lock
[peer] 02:00:51.147791 main.go:633: 14:Accepted new Connection
[peer] 02:00:51.154020 main.go:130: 14:Got block message, iteration 7
[peer] 02:00:51.154042 main.go:137: 14:Acquiring bool lock
[peer] 02:00:51.165498 main.go:633: 14:Accepted new Connection
[peer] 02:00:51.170969 main.go:130: 14:Got block message, iteration 7
[peer] 02:00:51.170989 main.go:137: 14:Acquiring bool lock
[peer] 02:00:51.171016 main.go:633: 14:Accepted new Connection
[peer] 02:00:51.174449 main.go:130: 14:Got block message, iteration 7
[peer] 02:00:51.174472 main.go:137: 14:Acquiring bool lock
[peer] 02:00:51.186079 main.go:130: 14:Got block message, iteration 7
[peer] 02:00:51.186099 main.go:137: 14:Acquiring bool lock
[peer] 02:00:51.212776 main.go:633: 14:Accepted new Connection
[peer] 02:00:51.212816 main.go:633: 14:Accepted new Connection
[peer] 02:00:51.213124 main.go:130: 14:Got block message, iteration 7
[peer] 02:00:51.213145 main.go:137: 14:Acquiring bool lock
[peer] 02:00:51.213458 main.go:130: 14:Got block message, iteration 7
[peer] 02:00:51.213479 main.go:137: 14:Acquiring bool lock
[peer] 02:00:51.265891 main.go:633: 14:Accepted new Connection
[peer] 02:00:51.266114 honest.go:81: 14Train Error is 0.06929 in Iteration 7
[peer] 02:00:51.266136 main.go:790: 14:Convergence checked
[peer] 02:00:51.266137 main.go:130: 14:Got block message, iteration 7
[peer] 02:00:51.266157 main.go:137: 14:Acquiring bool lock
[peer] 02:00:51.266161 main.go:139: 14:Acquired bool lock
[peer] 02:00:51.266177 main.go:140: Chain Length:9
[peer] 02:00:51.266182 main.go:142: Chain Length:9
[peer] 02:00:51.266188 main.go:147: Already have block
[peer] 02:00:51.266195 main.go:152: 14:Bool lock released
[peer] 02:00:51.266201 main.go:179: 14:Equal block
[peer] 02:00:51.266251 main.go:139: 14:Acquired bool lock
[peer] 02:00:51.266260 main.go:140: Chain Length:9
[peer] 02:00:51.266266 main.go:142: Chain Length:9
[peer] 02:00:51.266271 main.go:147: Already have block
[peer] 02:00:51.266278 main.go:152: 14:Bool lock released
[peer] 02:00:51.266284 main.go:179: 14:Equal block
[peer] 02:00:51.266322 main.go:139: 14:Acquired bool lock
[peer] 02:00:51.266331 main.go:140: Chain Length:9
[peer] 02:00:51.266336 main.go:142: Chain Length:9
[peer] 02:00:51.266342 main.go:147: Already have block
[peer] 02:00:51.266349 main.go:152: 14:Bool lock released
[peer] 02:00:51.266355 main.go:179: 14:Equal block
[peer] 02:00:51.266393 main.go:139: 14:Acquired bool lock
[peer] 02:00:51.266402 main.go:140: Chain Length:9
[peer] 02:00:51.266408 main.go:142: Chain Length:9
[peer] 02:00:51.266413 main.go:147: Already have block
[peer] 02:00:51.266421 main.go:152: 14:Bool lock released
[peer] 02:00:51.266438 main.go:179: 14:Equal block
[peer] 02:00:51.266484 main.go:139: 14:Acquired bool lock
[peer] 02:00:51.266494 main.go:140: Chain Length:9
[peer] 02:00:51.266499 main.go:142: Chain Length:9
[peer] 02:00:51.266504 main.go:147: Already have block
[peer] 02:00:51.266511 main.go:152: 14:Bool lock released
[peer] 02:00:51.266517 main.go:179: 14:Equal block
[peer] 02:00:51.266553 main.go:139: 14:Acquired bool lock
[peer] 02:00:51.266562 main.go:140: Chain Length:9
[peer] 02:00:51.266567 main.go:142: Chain Length:9
[peer] 02:00:51.266572 main.go:147: Already have block
[peer] 02:00:51.266579 main.go:152: 14:Bool lock released
[peer] 02:00:51.266585 main.go:179: 14:Equal block
[peer] 02:00:51.266620 main.go:139: 14:Acquired bool lock
[peer] 02:00:51.266629 main.go:140: Chain Length:9
[peer] 02:00:51.266634 main.go:142: Chain Length:9
[peer] 02:00:51.266639 main.go:147: Already have block
[peer] 02:00:51.266646 main.go:152: 14:Bool lock released
[peer] 02:00:51.266651 main.go:179: 14:Equal block
[peer] 02:00:51.266687 main.go:139: 14:Acquired bool lock
[peer] 02:00:51.266696 main.go:140: Chain Length:9
[peer] 02:00:51.266701 main.go:142: Chain Length:9
[peer] 02:00:51.266707 main.go:147: Already have block
[peer] 02:00:51.266714 main.go:152: 14:Bool lock released
[peer] 02:00:51.266720 main.go:179: 14:Equal block
[peer] 02:00:51.266759 main.go:139: 14:Acquired bool lock
[peer] 02:00:51.266775 main.go:140: Chain Length:9
[peer] 02:00:51.266781 main.go:142: Chain Length:9
[peer] 02:00:51.266787 main.go:147: Already have block
[peer] 02:00:51.266794 main.go:152: 14:Bool lock released
[peer] 02:00:51.266801 main.go:179: 14:Equal block
[peer] 02:00:51.266858 main.go:139: 14:Acquired bool lock
[peer] 02:00:51.266868 main.go:140: Chain Length:9
[peer] 02:00:51.266873 main.go:142: Chain Length:9
[peer] 02:00:51.266879 main.go:147: Already have block
[peer] 02:00:51.266886 main.go:152: 14:Bool lock released
[peer] 02:00:51.266892 main.go:179: 14:Equal block
[peer] 02:00:51.266946 main.go:139: 14:Acquired bool lock
[peer] 02:00:51.266957 main.go:140: Chain Length:9
[peer] 02:00:51.266963 main.go:142: Chain Length:9
[peer] 02:00:51.266969 main.go:147: Already have block
[peer] 02:00:51.266976 main.go:152: 14:Bool lock released
[peer] 02:00:51.266983 main.go:179: 14:Equal block
[peer] 02:00:51.267035 main.go:139: 14:Acquired bool lock
[peer] 02:00:51.267046 main.go:140: Chain Length:9
[peer] 02:00:51.267052 main.go:142: Chain Length:9
[peer] 02:00:51.267058 main.go:147: Already have block
[peer] 02:00:51.267065 main.go:152: 14:Bool lock released
[peer] 02:00:51.267071 main.go:179: 14:Equal block
[peer] 02:00:51.267128 main.go:139: 14:Acquired bool lock
[peer] 02:00:51.267138 main.go:140: Chain Length:9
[peer] 02:00:51.267143 main.go:142: Chain Length:9
[peer] 02:00:51.267149 main.go:147: Already have block
[peer] 02:00:51.267156 main.go:152: 14:Bool lock released
[peer] 02:00:51.267162 main.go:179: 14:Equal block
[peer] 02:00:51.267224 main.go:139: 14:Acquired bool lock
[peer] 02:00:51.267235 main.go:140: Chain Length:9
[peer] 02:00:51.267240 main.go:142: Chain Length:9
[peer] 02:00:51.267246 main.go:147: Already have block
[peer] 02:00:51.267253 main.go:152: 14:Bool lock released
[peer] 02:00:51.267259 main.go:179: 14:Equal block
[peer] 02:00:51.267311 main.go:139: 14:Acquired bool lock
[peer] 02:00:51.267321 main.go:140: Chain Length:9
[peer] 02:00:51.267327 main.go:142: Chain Length:9
[peer] 02:00:51.267338 main.go:147: Already have block
[peer] 02:00:51.267347 main.go:152: 14:Bool lock released
[peer] 02:00:51.267353 main.go:179: 14:Equal block
[peer] 02:00:51.267404 main.go:139: 14:Acquired bool lock
[peer] 02:00:51.267415 main.go:140: Chain Length:9
[peer] 02:00:51.267421 main.go:142: Chain Length:9
[peer] 02:00:51.267426 main.go:147: Already have block
[peer] 02:00:51.267434 main.go:152: 14:Bool lock released
[peer] 02:00:51.267440 main.go:179: 14:Equal block
[peer] 02:00:51.267483 main.go:139: 14:Acquired bool lock
[peer] 02:00:51.267492 main.go:140: Chain Length:9
[peer] 02:00:51.267498 main.go:142: Chain Length:9
[peer] 02:00:51.267511 main.go:147: Already have block
[peer] 02:00:51.267519 main.go:152: 14:Bool lock released
[peer] 02:00:51.267524 main.go:179: 14:Equal block
[peer] 02:00:51.267578 main.go:139: 14:Acquired bool lock
[peer] 02:00:51.267588 main.go:140: Chain Length:9
[peer] 02:00:51.267593 main.go:142: Chain Length:9
[peer] 02:00:51.267599 main.go:147: Already have block
[peer] 02:00:51.267605 main.go:152: 14:Bool lock released
[peer] 02:00:51.267611 main.go:179: 14:Equal block
[peer] 02:00:51.266146 main.go:793: 14:Bool lock released
[peer] 02:00:51.288163 main.go:664: 14:Sending block. Iteration: 7
[peer] 02:00:51.290308 main.go:729: 14:Block sent to peer successful
[err] 02:00:51.290325 main.go:302: Error in sending block, err = Stale Update/Block
[peer] 02:00:51.290521 main.go:729: 14:Block sent to peer successful
[err] 02:00:51.290541 main.go:302: Error in sending block, err = Stale Update/Block
[peer] 02:00:51.313308 main.go:729: 14:Block sent to peer successful
[err] 02:00:51.313384 main.go:302: Error in sending block, err = Stale Update/Block
[peer] 02:00:51.313541 main.go:729: 14:Block sent to peer successful
[err] 02:00:51.313553 main.go:302: Error in sending block, err = Stale Update/Block
[peer] 02:00:51.313661 main.go:729: 14:Block sent to peer successful
[err] 02:00:51.313673 main.go:302: Error in sending block, err = Stale Update/Block
[peer] 02:00:51.313673 main.go:729: 14:Block sent to peer successful
[err] 02:00:51.313695 main.go:302: Error in sending block, err = Stale Update/Block
[peer] 02:00:51.313798 main.go:729: 14:Block sent to peer successful
[err] 02:00:51.313811 main.go:302: Error in sending block, err = Stale Update/Block
[peer] 02:00:51.313832 main.go:729: 14:Block sent to peer successful
[err] 02:00:51.313846 main.go:302: Error in sending block, err = Stale Update/Block
[peer] 02:00:51.313928 main.go:729: 14:Block sent to peer successful
[err] 02:00:51.313939 main.go:302: Error in sending block, err = Stale Update/Block
[peer] 02:00:51.313973 main.go:729: 14:Block sent to peer successful
[err] 02:00:51.313986 main.go:302: Error in sending block, err = Stale Update/Block
[peer] 02:00:51.314044 main.go:729: 14:Block sent to peer successful
[err] 02:00:51.314055 main.go:302: Error in sending block, err = Stale Update/Block
[peer] 02:00:51.314113 main.go:729: 14:Block sent to peer successful
[err] 02:00:51.314125 main.go:302: Error in sending block, err = Stale Update/Block
[peer] 02:00:51.314274 main.go:729: 14:Block sent to peer successful
[err] 02:00:51.314287 main.go:302: Error in sending block, err = Stale Update/Block
[peer] 02:00:51.314547 main.go:729: 14:Block sent to peer successful
[err] 02:00:51.314563 main.go:302: Error in sending block, err = Stale Update/Block
[peer] 02:00:51.314776 main.go:729: 14:Block sent to peer successful
[err] 02:00:51.314790 main.go:302: Error in sending block, err = Stale Update/Block
[peer] 02:00:51.315101 main.go:729: 14:Block sent to peer successful
[err] 02:00:51.315117 main.go:302: Error in sending block, err = Stale Update/Block
[peer] 02:00:51.315521 main.go:729: 14:Block sent to peer successful
[err] 02:00:51.315534 main.go:302: Error in sending block, err = Stale Update/Block
[peer] 02:00:51.316788 main.go:729: 14:Block sent to peer successful
[err] 02:00:51.316803 main.go:302: Error in sending block, err = Stale Update/Block
[peer] 02:00:51.318610 main.go:729: 14:Block sent to peer successful
[err] 02:00:51.318627 main.go:302: Error in sending block, err = Stale Update/Block
[peer] 02:00:51.318662 main.go:684: 14:RPC calls successfully returned. Iteration: 7
[peer] 02:00:51.416150 honest.go:81: 14Train Error is 0.06929 in Iteration 7
[peer] 02:00:51.416170 main.go:692: 14:Preparing for next Iteration. Current Iteration: 7
[peer] 02:00:51.416177 main.go:588: 14:Acquiring bool lock
[peer] 02:00:51.416183 main.go:590: 14:Acquired bool lock
[peer] 02:00:51.417367 main.go:609: 14:I am not verifier IterationCount:8
[peer] 02:00:51.417380 main.go:614: 14:Bool lock released
[peer] 02:00:51.466968 main.go:824: 14:Computing Update
[peer] 02:00:51.467605 main.go:270: 14 : VRF returned ID map[12:{}]
[peer] 02:00:51.467644 main.go:280: 14 :Verifiers [198.162.52.57:8012] returned.
[peer] 02:00:51.467910 main.go:869: 14:Making RPC Call to Verifier. Sending Update, Iteration:8
[peer] 02:00:51.476556 main.go:876: 14:Update sent successfully
[peer] 02:00:56.424751 main.go:633: 14:Accepted new Connection
[peer] 02:00:56.425913 main.go:130: 14:Got block message, iteration 8
[peer] 02:00:56.425972 main.go:137: 14:Acquiring bool lock
[peer] 02:00:56.425996 main.go:139: 14:Acquired bool lock
[peer] 02:00:56.426009 main.go:140: Chain Length:9
[peer] 02:00:56.426044 main.go:142: Chain Length:9
[peer] 02:00:56.426061 main.go:187: 14:Sending to channel
[peer] 02:00:56.426089 main.go:193: 14:Sent to channel
[peer] 02:00:56.426115 main.go:195: 14:Returning
[peer] 02:00:56.426167 main.go:955: 14:Block Received. Appending to chain and moving on to the next iteration. 8
[peer] 02:00:56.426249 main.go:777: 14:Adding block to chain
[peer] 02:00:56.426321 honest.go:222: Trying to append block with iteration:8
[peer] 02:00:56.426335 honest.go:238: Append successful
[peer] 02:00:56.426357 main.go:781: 14:Adding block to chain
[peer] 02:00:56.426375 main.go:787: 14:Checking convergence
[peer] 02:00:56.446695 main.go:633: 14:Accepted new Connection
[peer] 02:00:56.448933 main.go:633: 14:Accepted new Connection
[peer] 02:00:56.454862 main.go:130: 14:Got block message, iteration 8
[peer] 02:00:56.454899 main.go:137: 14:Acquiring bool lock
[peer] 02:00:56.456250 main.go:130: 14:Got block message, iteration 8
[peer] 02:00:56.456280 main.go:137: 14:Acquiring bool lock
[peer] 02:00:56.457940 main.go:633: 14:Accepted new Connection
[peer] 02:00:56.464953 main.go:130: 14:Got block message, iteration 8
[peer] 02:00:56.464987 main.go:137: 14:Acquiring bool lock
[peer] 02:00:56.465028 main.go:633: 14:Accepted new Connection
[peer] 02:00:56.465060 main.go:633: 14:Accepted new Connection
[peer] 02:00:56.470044 main.go:130: 14:Got block message, iteration 8
[peer] 02:00:56.470080 main.go:137: 14:Acquiring bool lock
[peer] 02:00:56.470434 main.go:130: 14:Got block message, iteration 8
[peer] 02:00:56.470463 main.go:137: 14:Acquiring bool lock
[peer] 02:00:56.470508 main.go:633: 14:Accepted new Connection
[peer] 02:00:56.477142 main.go:130: 14:Got block message, iteration 8
[peer] 02:00:56.477175 main.go:137: 14:Acquiring bool lock
[peer] 02:00:56.492690 main.go:633: 14:Accepted new Connection
[peer] 02:00:56.493174 main.go:130: 14:Got block message, iteration 8
[peer] 02:00:56.493202 main.go:137: 14:Acquiring bool lock
[peer] 02:00:56.521080 main.go:633: 14:Accepted new Connection
[peer] 02:00:56.521803 main.go:633: 14:Accepted new Connection
[peer] 02:00:56.521837 main.go:633: 14:Accepted new Connection
[peer] 02:00:56.523613 main.go:130: 14:Got block message, iteration 8
[peer] 02:00:56.523634 main.go:137: 14:Acquiring bool lock
[peer] 02:00:56.530248 main.go:633: 14:Accepted new Connection
[peer] 02:00:56.530554 main.go:130: 14:Got block message, iteration 8
[peer] 02:00:56.530577 main.go:137: 14:Acquiring bool lock
[peer] 02:00:56.530706 main.go:130: 14:Got block message, iteration 8
[peer] 02:00:56.530728 main.go:137: 14:Acquiring bool lock
[peer] 02:00:56.531048 main.go:130: 14:Got block message, iteration 8
[peer] 02:00:56.531069 main.go:137: 14:Acquiring bool lock
[peer] 02:00:56.557362 main.go:633: 14:Accepted new Connection
[peer] 02:00:56.557398 main.go:633: 14:Accepted new Connection
[peer] 02:00:56.557419 main.go:633: 14:Accepted new Connection
[peer] 02:00:56.557437 main.go:633: 14:Accepted new Connection
[peer] 02:00:56.557461 main.go:633: 14:Accepted new Connection
[peer] 02:00:56.557677 main.go:130: 14:Got block message, iteration 8
[peer] 02:00:56.557695 main.go:137: 14:Acquiring bool lock
[peer] 02:00:56.557694 main.go:130: 14:Got block message, iteration 8
[peer] 02:00:56.557721 main.go:137: 14:Acquiring bool lock
[peer] 02:00:56.557955 main.go:130: 14:Got block message, iteration 8
[peer] 02:00:56.557974 main.go:137: 14:Acquiring bool lock
[peer] 02:00:56.557985 main.go:130: 14:Got block message, iteration 8
[peer] 02:00:56.558012 main.go:137: 14:Acquiring bool lock
[peer] 02:00:56.564650 main.go:130: 14:Got block message, iteration 8
[peer] 02:00:56.564671 main.go:137: 14:Acquiring bool lock
[peer] 02:00:56.593172 main.go:633: 14:Accepted new Connection
[peer] 02:00:56.595088 main.go:633: 14:Accepted new Connection
[peer] 02:00:56.597010 main.go:130: 14:Got block message, iteration 8
[peer] 02:00:56.597053 main.go:137: 14:Acquiring bool lock
[peer] 02:00:56.598229 honest.go:81: 14Train Error is 0.06434 in Iteration 8
[peer] 02:00:56.598249 main.go:790: 14:Convergence checked
[peer] 02:00:56.598275 main.go:793: 14:Bool lock released
[peer] 02:00:56.598300 main.go:139: 14:Acquired bool lock
[peer] 02:00:56.598309 main.go:140: Chain Length:10
[peer] 02:00:56.598315 main.go:142: Chain Length:10
[peer] 02:00:56.598320 main.go:147: Already have block
[peer] 02:00:56.598328 main.go:152: 14:Bool lock released
[peer] 02:00:56.598334 main.go:179: 14:Equal block
[peer] 02:00:56.598394 main.go:139: 14:Acquired bool lock
[peer] 02:00:56.598404 main.go:140: Chain Length:10
[peer] 02:00:56.598409 main.go:142: Chain Length:10
[peer] 02:00:56.598415 main.go:147: Already have block
[peer] 02:00:56.598422 main.go:152: 14:Bool lock released
[peer] 02:00:56.598428 main.go:179: 14:Equal block
[peer] 02:00:56.598464 main.go:139: 14:Acquired bool lock
[peer] 02:00:56.598473 main.go:140: Chain Length:10
[peer] 02:00:56.598478 main.go:142: Chain Length:10
[peer] 02:00:56.598484 main.go:147: Already have block
[peer] 02:00:56.598491 main.go:152: 14:Bool lock released
[peer] 02:00:56.598497 main.go:179: 14:Equal block
[peer] 02:00:56.598531 main.go:139: 14:Acquired bool lock
[peer] 02:00:56.598539 main.go:140: Chain Length:10
[peer] 02:00:56.598545 main.go:142: Chain Length:10
[peer] 02:00:56.598550 main.go:147: Already have block
[peer] 02:00:56.598557 main.go:152: 14:Bool lock released
[peer] 02:00:56.598563 main.go:179: 14:Equal block
[peer] 02:00:56.598605 main.go:139: 14:Acquired bool lock
[peer] 02:00:56.598615 main.go:140: Chain Length:10
[peer] 02:00:56.598620 main.go:142: Chain Length:10
[peer] 02:00:56.598625 main.go:147: Already have block
[peer] 02:00:56.598632 main.go:152: 14:Bool lock released
[peer] 02:00:56.598638 main.go:179: 14:Equal block
[peer] 02:00:56.598689 main.go:139: 14:Acquired bool lock
[peer] 02:00:56.598699 main.go:140: Chain Length:10
[peer] 02:00:56.598704 main.go:142: Chain Length:10
[peer] 02:00:56.598709 main.go:147: Already have block
[peer] 02:00:56.598716 main.go:152: 14:Bool lock released
[peer] 02:00:56.598722 main.go:179: 14:Equal block
[peer] 02:00:56.598809 main.go:139: 14:Acquired bool lock
[peer] 02:00:56.598823 main.go:140: Chain Length:10
[peer] 02:00:56.598829 main.go:142: Chain Length:10
[peer] 02:00:56.598834 main.go:147: Already have block
[peer] 02:00:56.598843 main.go:152: 14:Bool lock released
[peer] 02:00:56.598849 main.go:179: 14:Equal block
[peer] 02:00:56.598856 main.go:139: 14:Acquired bool lock
[peer] 02:00:56.598868 main.go:140: Chain Length:10
[peer] 02:00:56.598873 main.go:142: Chain Length:10
[peer] 02:00:56.598879 main.go:147: Already have block
[peer] 02:00:56.598886 main.go:152: 14:Bool lock released
[peer] 02:00:56.598892 main.go:179: 14:Equal block
[peer] 02:00:56.598942 main.go:139: 14:Acquired bool lock
[peer] 02:00:56.598952 main.go:140: Chain Length:10
[peer] 02:00:56.598958 main.go:142: Chain Length:10
[peer] 02:00:56.598963 main.go:147: Already have block
[peer] 02:00:56.598970 main.go:152: 14:Bool lock released
[peer] 02:00:56.598976 main.go:179: 14:Equal block
[peer] 02:00:56.599013 main.go:139: 14:Acquired bool lock
[peer] 02:00:56.599022 main.go:140: Chain Length:10
[peer] 02:00:56.599027 main.go:142: Chain Length:10
[peer] 02:00:56.599033 main.go:147: Already have block
[peer] 02:00:56.599040 main.go:152: 14:Bool lock released
[peer] 02:00:56.599046 main.go:179: 14:Equal block
[peer] 02:00:56.599080 main.go:139: 14:Acquired bool lock
[peer] 02:00:56.599088 main.go:140: Chain Length:10
[peer] 02:00:56.599094 main.go:142: Chain Length:10
[peer] 02:00:56.599109 main.go:147: Already have block
[peer] 02:00:56.599116 main.go:152: 14:Bool lock released
[peer] 02:00:56.599122 main.go:179: 14:Equal block
[peer] 02:00:56.599168 main.go:139: 14:Acquired bool lock
[peer] 02:00:56.599177 main.go:140: Chain Length:10
[peer] 02:00:56.599183 main.go:142: Chain Length:10
[peer] 02:00:56.599188 main.go:147: Already have block
[peer] 02:00:56.599195 main.go:152: 14:Bool lock released
[peer] 02:00:56.599200 main.go:179: 14:Equal block
[peer] 02:00:56.599237 main.go:139: 14:Acquired bool lock
[peer] 02:00:56.599246 main.go:140: Chain Length:10
[peer] 02:00:56.599251 main.go:142: Chain Length:10
[peer] 02:00:56.599256 main.go:147: Already have block
[peer] 02:00:56.599263 main.go:152: 14:Bool lock released
[peer] 02:00:56.599269 main.go:179: 14:Equal block
[peer] 02:00:56.599310 main.go:139: 14:Acquired bool lock
[peer] 02:00:56.599319 main.go:140: Chain Length:10
[peer] 02:00:56.599325 main.go:142: Chain Length:10
[peer] 02:00:56.599330 main.go:147: Already have block
[peer] 02:00:56.599337 main.go:152: 14:Bool lock released
[peer] 02:00:56.599343 main.go:179: 14:Equal block
[peer] 02:00:56.599387 main.go:139: 14:Acquired bool lock
[peer] 02:00:56.599397 main.go:140: Chain Length:10
[peer] 02:00:56.599402 main.go:142: Chain Length:10
[peer] 02:00:56.599407 main.go:147: Already have block
[peer] 02:00:56.599414 main.go:152: 14:Bool lock released
[peer] 02:00:56.599420 main.go:179: 14:Equal block
[peer] 02:00:56.599462 main.go:139: 14:Acquired bool lock
[peer] 02:00:56.599471 main.go:140: Chain Length:10
[peer] 02:00:56.599477 main.go:142: Chain Length:10
[peer] 02:00:56.599482 main.go:147: Already have block
[peer] 02:00:56.599489 main.go:152: 14:Bool lock released
[peer] 02:00:56.599495 main.go:179: 14:Equal block
[peer] 02:00:56.599536 main.go:139: 14:Acquired bool lock
[peer] 02:00:56.599545 main.go:140: Chain Length:10
[peer] 02:00:56.599550 main.go:142: Chain Length:10
[peer] 02:00:56.599555 main.go:147: Already have block
[peer] 02:00:56.599562 main.go:152: 14:Bool lock released
[peer] 02:00:56.599567 main.go:179: 14:Equal block
[peer] 02:00:56.600112 main.go:664: 14:Sending block. Iteration: 8
[peer] 02:00:56.600612 main.go:130: 14:Got block message, iteration 8
[peer] 02:00:56.600632 main.go:137: 14:Acquiring bool lock
[peer] 02:00:56.600638 main.go:139: 14:Acquired bool lock
[peer] 02:00:56.600644 main.go:140: Chain Length:10
[peer] 02:00:56.600649 main.go:142: Chain Length:10
[peer] 02:00:56.600655 main.go:147: Already have block
[peer] 02:00:56.600662 main.go:152: 14:Bool lock released
[peer] 02:00:56.600668 main.go:179: 14:Equal block
[peer] 02:00:56.601772 main.go:729: 14:Block sent to peer successful
[err] 02:00:56.601793 main.go:302: Error in sending block, err = Stale Update/Block
[peer] 02:00:56.601898 main.go:729: 14:Block sent to peer successful
[err] 02:00:56.601908 main.go:302: Error in sending block, err = Stale Update/Block
[peer] 02:00:56.602157 main.go:729: 14:Block sent to peer successful
[err] 02:00:56.602169 main.go:302: Error in sending block, err = Stale Update/Block
[peer] 02:00:56.603440 main.go:729: 14:Block sent to peer successful
[err] 02:00:56.603453 main.go:302: Error in sending block, err = Stale Update/Block
[peer] 02:00:56.603624 main.go:729: 14:Block sent to peer successful
[err] 02:00:56.603636 main.go:302: Error in sending block, err = Stale Update/Block
[peer] 02:00:56.603730 main.go:729: 14:Block sent to peer successful
[err] 02:00:56.603740 main.go:302: Error in sending block, err = Stale Update/Block
[peer] 02:00:56.606927 main.go:729: 14:Block sent to peer successful
[err] 02:00:56.606947 main.go:302: Error in sending block, err = Stale Update/Block
[peer] 02:00:56.609359 main.go:729: 14:Block sent to peer successful
[err] 02:00:56.609378 main.go:302: Error in sending block, err = Stale Update/Block
[peer] 02:00:56.609587 main.go:729: 14:Block sent to peer successful
[err] 02:00:56.609603 main.go:302: Error in sending block, err = Stale Update/Block
[peer] 02:00:56.609771 main.go:729: 14:Block sent to peer successful
[err] 02:00:56.609801 main.go:302: Error in sending block, err = Stale Update/Block
[peer] 02:00:56.609956 main.go:729: 14:Block sent to peer successful
[err] 02:00:56.609970 main.go:302: Error in sending block, err = Stale Update/Block
[peer] 02:00:56.611484 main.go:729: 14:Block sent to peer successful
[err] 02:00:56.611499 main.go:302: Error in sending block, err = Stale Update/Block
[peer] 02:00:56.611954 main.go:729: 14:Block sent to peer successful
[err] 02:00:56.611969 main.go:302: Error in sending block, err = Stale Update/Block
[peer] 02:00:56.621472 main.go:729: 14:Block sent to peer successful
[err] 02:00:56.621485 main.go:302: Error in sending block, err = Stale Update/Block
[peer] 02:00:56.621677 main.go:729: 14:Block sent to peer successful
[err] 02:00:56.621692 main.go:302: Error in sending block, err = Stale Update/Block
[peer] 02:00:56.623488 main.go:729: 14:Block sent to peer successful
[err] 02:00:56.623501 main.go:302: Error in sending block, err = Stale Update/Block
[peer] 02:00:56.623865 main.go:729: 14:Block sent to peer successful
[err] 02:00:56.623878 main.go:302: Error in sending block, err = Stale Update/Block
[peer] 02:00:56.642486 main.go:729: 14:Block sent to peer successful
[err] 02:00:56.642502 main.go:302: Error in sending block, err = Stale Update/Block
[peer] 02:00:56.643846 main.go:729: 14:Block sent to peer successful
[err] 02:00:56.643860 main.go:302: Error in sending block, err = Stale Update/Block
[peer] 02:00:56.643893 main.go:684: 14:RPC calls successfully returned. Iteration: 8
[peer] 02:00:56.651947 honest.go:81: 14Train Error is 0.06434 in Iteration 8
[peer] 02:00:56.651963 main.go:692: 14:Preparing for next Iteration. Current Iteration: 8
[peer] 02:00:56.651970 main.go:588: 14:Acquiring bool lock
[peer] 02:00:56.651976 main.go:590: 14:Acquired bool lock
[peer] 02:00:56.653123 main.go:609: 14:I am not verifier IterationCount:9
[peer] 02:00:56.653133 main.go:614: 14:Bool lock released
[peer] 02:00:56.698871 main.go:824: 14:Computing Update
[peer] 02:00:56.699391 main.go:270: 14 : VRF returned ID map[13:{}]
[peer] 02:00:56.699425 main.go:280: 14 :Verifiers [198.162.52.57:8013] returned.
[peer] 02:00:56.699539 main.go:869: 14:Making RPC Call to Verifier. Sending Update, Iteration:9
[peer] 02:00:56.700880 main.go:876: 14:Update sent successfully
[peer] 02:00:56.833636 main.go:633: 14:Accepted new Connection
[peer] 02:00:56.844532 main.go:633: 14:Accepted new Connection
[peer] 02:00:56.858111 main.go:130: 14:Got block message, iteration 9
[peer] 02:00:56.858131 main.go:137: 14:Acquiring bool lock
[peer] 02:00:56.858138 main.go:139: 14:Acquired bool lock
[peer] 02:00:56.858143 main.go:140: Chain Length:10
[peer] 02:00:56.858148 main.go:142: Chain Length:10
[peer] 02:00:56.858154 main.go:187: 14:Sending to channel
[peer] 02:00:56.858162 main.go:193: 14:Sent to channel
[peer] 02:00:56.858169 main.go:195: 14:Returning
[peer] 02:00:56.858283 main.go:777: 14:Adding block to chain
[peer] 02:00:56.858299 honest.go:222: Trying to append block with iteration:9
[peer] 02:00:56.858305 honest.go:238: Append successful
[peer] 02:00:56.858311 main.go:781: 14:Adding block to chain
[peer] 02:00:56.858317 main.go:787: 14:Checking convergence
[peer] 02:00:56.858732 main.go:633: 14:Accepted new Connection
[peer] 02:00:56.858756 main.go:633: 14:Accepted new Connection
[peer] 02:00:56.858774 main.go:633: 14:Accepted new Connection
[peer] 02:00:56.858973 main.go:130: 14:Got block message, iteration 9
[peer] 02:00:56.858990 main.go:137: 14:Acquiring bool lock
[peer] 02:00:56.859158 main.go:130: 14:Got block message, iteration 9
[peer] 02:00:56.859174 main.go:137: 14:Acquiring bool lock
[peer] 02:00:56.859356 main.go:130: 14:Got block message, iteration 9
[peer] 02:00:56.859372 main.go:137: 14:Acquiring bool lock
[peer] 02:00:56.859395 main.go:633: 14:Accepted new Connection
[peer] 02:00:56.859438 main.go:955: 14:Block Received. Appending to chain and moving on to the next iteration. 9
[peer] 02:00:56.862771 main.go:130: 14:Got block message, iteration 9
[peer] 02:00:56.862790 main.go:137: 14:Acquiring bool lock
[peer] 02:00:56.867591 main.go:130: 14:Got block message, iteration 9
[peer] 02:00:56.867607 main.go:137: 14:Acquiring bool lock
[peer] 02:00:56.868472 main.go:633: 14:Accepted new Connection
[peer] 02:00:56.868499 main.go:633: 14:Accepted new Connection
[peer] 02:00:56.875042 main.go:130: 14:Got block message, iteration 9
[peer] 02:00:56.875060 main.go:137: 14:Acquiring bool lock
[peer] 02:00:56.877039 main.go:130: 14:Got block message, iteration 9
[peer] 02:00:56.877056 main.go:137: 14:Acquiring bool lock
[peer] 02:00:56.877764 main.go:633: 14:Accepted new Connection
[peer] 02:00:56.881306 main.go:130: 14:Got block message, iteration 9
[peer] 02:00:56.881325 main.go:137: 14:Acquiring bool lock
[peer] 02:00:56.885859 honest.go:81: 14Train Error is 0.05453 in Iteration 9
[peer] 02:00:56.885882 main.go:790: 14:Convergence checked
[peer] 02:00:56.885900 main.go:793: 14:Bool lock released
[peer] 02:00:56.885967 main.go:139: 14:Acquired bool lock
[peer] 02:00:56.885979 main.go:140: Chain Length:11
[peer] 02:00:56.885985 main.go:142: Chain Length:11
[peer] 02:00:56.885991 main.go:147: Already have block
[peer] 02:00:56.885999 main.go:152: 14:Bool lock released
[peer] 02:00:56.886006 main.go:179: 14:Equal block
[peer] 02:00:56.886063 main.go:139: 14:Acquired bool lock
[peer] 02:00:56.886072 main.go:140: Chain Length:11
[peer] 02:00:56.886078 main.go:142: Chain Length:11
[peer] 02:00:56.886083 main.go:147: Already have block
[peer] 02:00:56.886090 main.go:152: 14:Bool lock released
[peer] 02:00:56.886096 main.go:179: 14:Equal block
[peer] 02:00:56.886147 main.go:139: 14:Acquired bool lock
[peer] 02:00:56.886157 main.go:140: Chain Length:11
[peer] 02:00:56.886163 main.go:142: Chain Length:11
[peer] 02:00:56.886168 main.go:147: Already have block
[peer] 02:00:56.886175 main.go:152: 14:Bool lock released
[peer] 02:00:56.886181 main.go:179: 14:Equal block
[peer] 02:00:56.886230 main.go:139: 14:Acquired bool lock
[peer] 02:00:56.886240 main.go:140: Chain Length:11
[peer] 02:00:56.886246 main.go:142: Chain Length:11
[peer] 02:00:56.886251 main.go:147: Already have block
[peer] 02:00:56.886258 main.go:152: 14:Bool lock released
[peer] 02:00:56.886264 main.go:179: 14:Equal block
[peer] 02:00:56.886303 main.go:139: 14:Acquired bool lock
[peer] 02:00:56.886312 main.go:140: Chain Length:11
[peer] 02:00:56.886317 main.go:142: Chain Length:11
[peer] 02:00:56.886323 main.go:147: Already have block
[peer] 02:00:56.886329 main.go:152: 14:Bool lock released
[peer] 02:00:56.886335 main.go:179: 14:Equal block
[peer] 02:00:56.886369 main.go:139: 14:Acquired bool lock
[peer] 02:00:56.886378 main.go:140: Chain Length:11
[peer] 02:00:56.886383 main.go:142: Chain Length:11
[peer] 02:00:56.886388 main.go:147: Already have block
[peer] 02:00:56.886395 main.go:152: 14:Bool lock released
[peer] 02:00:56.886401 main.go:179: 14:Equal block
[peer] 02:00:56.886436 main.go:139: 14:Acquired bool lock
[peer] 02:00:56.886445 main.go:140: Chain Length:11
[peer] 02:00:56.886450 main.go:142: Chain Length:11
[peer] 02:00:56.886456 main.go:147: Already have block
[peer] 02:00:56.886463 main.go:152: 14:Bool lock released
[peer] 02:00:56.886468 main.go:179: 14:Equal block
[peer] 02:00:56.886501 main.go:139: 14:Acquired bool lock
[peer] 02:00:56.886510 main.go:140: Chain Length:11
[peer] 02:00:56.886515 main.go:142: Chain Length:11
[peer] 02:00:56.886520 main.go:147: Already have block
[peer] 02:00:56.886527 main.go:152: 14:Bool lock released
[peer] 02:00:56.886532 main.go:179: 14:Equal block
[peer] 02:00:56.886577 main.go:664: 14:Sending block. Iteration: 9
[peer] 02:00:56.889303 main.go:633: 14:Accepted new Connection
[peer] 02:00:56.894957 main.go:729: 14:Block sent to peer successful
[err] 02:00:56.894978 main.go:302: Error in sending block, err = Stale Update/Block
[peer] 02:00:56.895117 main.go:729: 14:Block sent to peer successful
[err] 02:00:56.895129 main.go:302: Error in sending block, err = Stale Update/Block
[peer] 02:00:56.895150 main.go:729: 14:Block sent to peer successful
[err] 02:00:56.895171 main.go:302: Error in sending block, err = Stale Update/Block
[peer] 02:00:56.895228 main.go:729: 14:Block sent to peer successful
[err] 02:00:56.895243 main.go:302: Error in sending block, err = Stale Update/Block
[peer] 02:00:56.895232 main.go:729: 14:Block sent to peer successful
[err] 02:00:56.895282 main.go:302: Error in sending block, err = Stale Update/Block
[peer] 02:00:56.895445 main.go:633: 14:Accepted new Connection
[peer] 02:00:56.964698 main.go:633: 14:Accepted new Connection
[peer] 02:00:56.964726 main.go:633: 14:Accepted new Connection
[peer] 02:00:56.964745 main.go:633: 14:Accepted new Connection
[peer] 02:00:56.964762 main.go:633: 14:Accepted new Connection
[peer] 02:00:56.964779 main.go:633: 14:Accepted new Connection
[peer] 02:00:56.965025 main.go:130: 14:Got block message, iteration 9
[peer] 02:00:56.965043 main.go:137: 14:Acquiring bool lock
[peer] 02:00:56.965049 main.go:139: 14:Acquired bool lock
[peer] 02:00:56.965054 main.go:140: Chain Length:11
[peer] 02:00:56.965059 main.go:142: Chain Length:11
[peer] 02:00:56.965065 main.go:147: Already have block
[peer] 02:00:56.965072 main.go:152: 14:Bool lock released
[peer] 02:00:56.965078 main.go:179: 14:Equal block
[peer] 02:00:56.965291 main.go:130: 14:Got block message, iteration 9
[peer] 02:00:56.965309 main.go:137: 14:Acquiring bool lock
[peer] 02:00:56.965314 main.go:139: 14:Acquired bool lock
[peer] 02:00:56.965319 main.go:140: Chain Length:11
[peer] 02:00:56.965324 main.go:142: Chain Length:11
[peer] 02:00:56.965330 main.go:147: Already have block
[peer] 02:00:56.965337 main.go:152: 14:Bool lock released
[peer] 02:00:56.965343 main.go:179: 14:Equal block
[peer] 02:00:56.965554 main.go:130: 14:Got block message, iteration 9
[peer] 02:00:56.965571 main.go:137: 14:Acquiring bool lock
[peer] 02:00:56.965577 main.go:139: 14:Acquired bool lock
[peer] 02:00:56.965582 main.go:140: Chain Length:11
[peer] 02:00:56.965587 main.go:142: Chain Length:11
[peer] 02:00:56.965592 main.go:147: Already have block
[peer] 02:00:56.965599 main.go:152: 14:Bool lock released
[peer] 02:00:56.965605 main.go:179: 14:Equal block
[peer] 02:00:56.965888 main.go:130: 14:Got block message, iteration 9
[peer] 02:00:56.965906 main.go:137: 14:Acquiring bool lock
[peer] 02:00:56.965912 main.go:139: 14:Acquired bool lock
[peer] 02:00:56.965917 main.go:140: Chain Length:11
[peer] 02:00:56.965922 main.go:142: Chain Length:11
[peer] 02:00:56.965928 main.go:147: Already have block
[peer] 02:00:56.965934 main.go:152: 14:Bool lock released
[peer] 02:00:56.965940 main.go:179: 14:Equal block
[peer] 02:00:56.966079 main.go:729: 14:Block sent to peer successful
[err] 02:00:56.966091 main.go:302: Error in sending block, err = Stale Update/Block
[peer] 02:00:56.966421 main.go:729: 14:Block sent to peer successful
[err] 02:00:56.966454 main.go:302: Error in sending block, err = Stale Update/Block
[peer] 02:00:56.966539 main.go:130: 14:Got block message, iteration 9
[peer] 02:00:56.966567 main.go:137: 14:Acquiring bool lock
[peer] 02:00:56.966574 main.go:139: 14:Acquired bool lock
[peer] 02:00:56.966579 main.go:140: Chain Length:11
[peer] 02:00:56.966584 main.go:142: Chain Length:11
[peer] 02:00:56.966590 main.go:147: Already have block
[peer] 02:00:56.966598 main.go:152: 14:Bool lock released
[peer] 02:00:56.966604 main.go:179: 14:Equal block
[peer] 02:00:56.966609 main.go:729: 14:Block sent to peer successful
[err] 02:00:56.966632 main.go:302: Error in sending block, err = Stale Update/Block
[peer] 02:00:56.966693 main.go:729: 14:Block sent to peer successful
[err] 02:00:56.966706 main.go:302: Error in sending block, err = Stale Update/Block
[peer] 02:00:56.966760 main.go:729: 14:Block sent to peer successful
[err] 02:00:56.966797 main.go:302: Error in sending block, err = Stale Update/Block
[peer] 02:00:56.966591 main.go:729: 14:Block sent to peer successful
[err] 02:00:56.966833 main.go:302: Error in sending block, err = Stale Update/Block
[peer] 02:00:56.966880 main.go:729: 14:Block sent to peer successful
[err] 02:00:56.966893 main.go:302: Error in sending block, err = Stale Update/Block
[peer] 02:00:56.966982 main.go:729: 14:Block sent to peer successful
[err] 02:00:56.967011 main.go:302: Error in sending block, err = Stale Update/Block
[peer] 02:00:56.967024 main.go:729: 14:Block sent to peer successful
[err] 02:00:56.967037 main.go:302: Error in sending block, err = Stale Update/Block
[peer] 02:00:56.966988 main.go:729: 14:Block sent to peer successful
[err] 02:00:56.967058 main.go:302: Error in sending block, err = Stale Update/Block
[peer] 02:00:56.967159 main.go:130: 14:Got block message, iteration 9
[peer] 02:00:56.967177 main.go:137: 14:Acquiring bool lock
[peer] 02:00:56.967183 main.go:139: 14:Acquired bool lock
[peer] 02:00:56.967189 main.go:140: Chain Length:11
[peer] 02:00:56.967194 main.go:142: Chain Length:11
[peer] 02:00:56.967199 main.go:147: Already have block
[peer] 02:00:56.967206 main.go:152: 14:Bool lock released
[peer] 02:00:56.967212 main.go:179: 14:Equal block
[peer] 02:00:56.967402 main.go:130: 14:Got block message, iteration 9
[peer] 02:00:56.967421 main.go:137: 14:Acquiring bool lock
[peer] 02:00:56.967428 main.go:139: 14:Acquired bool lock
[peer] 02:00:56.967433 main.go:140: Chain Length:11
[peer] 02:00:56.967439 main.go:142: Chain Length:11
[peer] 02:00:56.967445 main.go:147: Already have block
[peer] 02:00:56.967452 main.go:152: 14:Bool lock released
[peer] 02:00:56.967458 main.go:179: 14:Equal block
[peer] 02:00:56.969049 main.go:729: 14:Block sent to peer successful
[err] 02:00:56.969062 main.go:302: Error in sending block, err = Stale Update/Block
[peer] 02:00:56.986316 main.go:729: 14:Block sent to peer successful
[err] 02:00:56.986330 main.go:302: Error in sending block, err = Stale Update/Block
[peer] 02:00:56.987187 main.go:633: 14:Accepted new Connection
[peer] 02:00:56.991195 main.go:130: 14:Got block message, iteration 9
[peer] 02:00:56.991216 main.go:137: 14:Acquiring bool lock
[peer] 02:00:56.991223 main.go:139: 14:Acquired bool lock
[peer] 02:00:56.991244 main.go:140: Chain Length:11
[peer] 02:00:56.991252 main.go:142: Chain Length:11
[peer] 02:00:56.991257 main.go:147: Already have block
[peer] 02:00:56.991265 main.go:152: 14:Bool lock released
[peer] 02:00:56.991271 main.go:179: 14:Equal block
[peer] 02:00:57.132804 main.go:729: 14:Block sent to peer successful
[err] 02:00:57.132821 main.go:302: Error in sending block, err = Stale Update/Block
[peer] 02:00:57.132895 main.go:633: 14:Accepted new Connection
[peer] 02:00:57.133088 main.go:130: 14:Got block message, iteration 9
[peer] 02:00:57.133106 main.go:137: 14:Acquiring bool lock
[peer] 02:00:57.133111 main.go:139: 14:Acquired bool lock
[peer] 02:00:57.133116 main.go:140: Chain Length:11
[peer] 02:00:57.133122 main.go:142: Chain Length:11
[peer] 02:00:57.133127 main.go:147: Already have block
[peer] 02:00:57.133135 main.go:152: 14:Bool lock released
[peer] 02:00:57.133142 main.go:179: 14:Equal block
[peer] 02:00:57.150243 main.go:633: 14:Accepted new Connection
[peer] 02:00:57.150271 main.go:729: 14:Block sent to peer successful
[err] 02:00:57.150288 main.go:302: Error in sending block, err = Stale Update/Block
[peer] 02:00:57.150341 main.go:684: 14:RPC calls successfully returned. Iteration: 9
[peer] 02:00:57.252455 honest.go:81: 14Train Error is 0.05453 in Iteration 9
[peer] 02:00:57.252485 main.go:692: 14:Preparing for next Iteration. Current Iteration: 9
[peer] 02:00:57.252493 main.go:588: 14:Acquiring bool lock
[peer] 02:00:57.252499 main.go:590: 14:Acquired bool lock
[peer] 02:00:57.253655 main.go:609: 14:I am not verifier IterationCount:10
[peer] 02:00:57.253665 main.go:614: 14:Bool lock released
[peer] 02:00:57.258344 main.go:130: 14:Got block message, iteration 9
[peer] 02:00:57.258368 main.go:137: 14:Acquiring bool lock
[peer] 02:00:57.258375 main.go:139: 14:Acquired bool lock
[peer] 02:00:57.258380 main.go:140: Chain Length:11
[peer] 02:00:57.258386 main.go:142: Chain Length:11
[peer] 02:00:57.258392 main.go:147: Already have block
[peer] 02:00:57.258399 main.go:152: 14:Bool lock released
[peer] 02:00:57.258405 main.go:179: 14:Equal block
[peer] 02:00:57.266600 main.go:824: 14:Computing Update
[peer] 02:00:57.267113 main.go:270: 14 : VRF returned ID map[4:{}]
[peer] 02:00:57.267175 main.go:280: 14 :Verifiers [198.162.52.126:8004] returned.
[peer] 02:00:57.267716 main.go:869: 14:Making RPC Call to Verifier. Sending Update, Iteration:10
[peer] 02:00:57.276974 main.go:876: 14:Update sent successfully
[peer] 02:01:02.229337 main.go:633: 14:Accepted new Connection
[peer] 02:01:02.234324 main.go:130: 14:Got block message, iteration 10
[peer] 02:01:02.234383 main.go:137: 14:Acquiring bool lock
[peer] 02:01:02.234398 main.go:139: 14:Acquired bool lock
[peer] 02:01:02.234415 main.go:140: Chain Length:11
[peer] 02:01:02.234428 main.go:142: Chain Length:11
[peer] 02:01:02.234478 main.go:187: 14:Sending to channel
[peer] 02:01:02.234505 main.go:193: 14:Sent to channel
[peer] 02:01:02.234547 main.go:195: 14:Returning
[peer] 02:01:02.234598 main.go:955: 14:Block Received. Appending to chain and moving on to the next iteration. 10
[peer] 02:01:02.234607 main.go:777: 14:Adding block to chain
[peer] 02:01:02.234709 honest.go:222: Trying to append block with iteration:10
[peer] 02:01:02.234727 honest.go:238: Append successful
[peer] 02:01:02.234749 main.go:781: 14:Adding block to chain
[peer] 02:01:02.234781 main.go:787: 14:Checking convergence
[peer] 02:01:02.251875 main.go:633: 14:Accepted new Connection
[peer] 02:01:02.251930 main.go:633: 14:Accepted new Connection
[peer] 02:01:02.251962 main.go:633: 14:Accepted new Connection
[peer] 02:01:02.251991 main.go:633: 14:Accepted new Connection
[peer] 02:01:02.252366 main.go:130: 14:Got block message, iteration 10
[peer] 02:01:02.252397 main.go:137: 14:Acquiring bool lock
[peer] 02:01:02.252674 main.go:130: 14:Got block message, iteration 10
[peer] 02:01:02.252701 main.go:137: 14:Acquiring bool lock
[peer] 02:01:02.252985 main.go:130: 14:Got block message, iteration 10
[peer] 02:01:02.253011 main.go:137: 14:Acquiring bool lock
[peer] 02:01:02.253051 main.go:633: 14:Accepted new Connection
[peer] 02:01:02.254767 main.go:130: 14:Got block message, iteration 10
[peer] 02:01:02.254810 main.go:137: 14:Acquiring bool lock
[peer] 02:01:02.257233 main.go:130: 14:Got block message, iteration 10
[peer] 02:01:02.257268 main.go:137: 14:Acquiring bool lock
[peer] 02:01:02.258244 main.go:633: 14:Accepted new Connection
[peer] 02:01:02.258295 main.go:633: 14:Accepted new Connection
[peer] 02:01:02.263460 main.go:130: 14:Got block message, iteration 10
[peer] 02:01:02.263494 main.go:137: 14:Acquiring bool lock
[peer] 02:01:02.266139 main.go:130: 14:Got block message, iteration 10
[peer] 02:01:02.266172 main.go:137: 14:Acquiring bool lock
[peer] 02:01:02.268033 main.go:633: 14:Accepted new Connection
[peer] 02:01:02.268081 main.go:633: 14:Accepted new Connection
[peer] 02:01:02.269026 main.go:130: 14:Got block message, iteration 10
[peer] 02:01:02.269065 main.go:137: 14:Acquiring bool lock
[peer] 02:01:02.282049 main.go:633: 14:Accepted new Connection
[peer] 02:01:02.282313 main.go:130: 14:Got block message, iteration 10
[peer] 02:01:02.282333 main.go:137: 14:Acquiring bool lock
[peer] 02:01:02.282360 main.go:633: 14:Accepted new Connection
[peer] 02:01:02.287121 main.go:130: 14:Got block message, iteration 10
[peer] 02:01:02.287153 main.go:137: 14:Acquiring bool lock
[peer] 02:01:02.298161 main.go:633: 14:Accepted new Connection
[peer] 02:01:02.298206 main.go:633: 14:Accepted new Connection
[peer] 02:01:02.298471 main.go:130: 14:Got block message, iteration 10
[peer] 02:01:02.298495 main.go:137: 14:Acquiring bool lock
[peer] 02:01:02.298721 main.go:130: 14:Got block message, iteration 10
[peer] 02:01:02.298742 main.go:137: 14:Acquiring bool lock
[peer] 02:01:02.323724 main.go:130: 14:Got block message, iteration 10
[peer] 02:01:02.323748 main.go:137: 14:Acquiring bool lock
[peer] 02:01:02.342281 main.go:633: 14:Accepted new Connection
[peer] 02:01:02.360226 main.go:130: 14:Got block message, iteration 10
[peer] 02:01:02.360246 main.go:137: 14:Acquiring bool lock
[peer] 02:01:02.378127 honest.go:81: 14Train Error is 0.04529 in Iteration 10
[peer] 02:01:02.378176 main.go:790: 14:Convergence checked
[peer] 02:01:02.378190 main.go:793: 14:Bool lock released
[peer] 02:01:02.378287 main.go:664: 14:Sending block. Iteration: 10
[peer] 02:01:02.378437 main.go:139: 14:Acquired bool lock
[peer] 02:01:02.378450 main.go:140: Chain Length:12
[peer] 02:01:02.378456 main.go:142: Chain Length:12
[peer] 02:01:02.378462 main.go:147: Already have block
[peer] 02:01:02.378471 main.go:152: 14:Bool lock released
[peer] 02:01:02.378478 main.go:179: 14:Equal block
[peer] 02:01:02.378538 main.go:139: 14:Acquired bool lock
[peer] 02:01:02.378548 main.go:140: Chain Length:12
[peer] 02:01:02.378554 main.go:142: Chain Length:12
[peer] 02:01:02.378560 main.go:147: Already have block
[peer] 02:01:02.378568 main.go:152: 14:Bool lock released
[peer] 02:01:02.378574 main.go:179: 14:Equal block
[peer] 02:01:02.378614 main.go:139: 14:Acquired bool lock
[peer] 02:01:02.378623 main.go:140: Chain Length:12
[peer] 02:01:02.378629 main.go:142: Chain Length:12
[peer] 02:01:02.378634 main.go:147: Already have block
[peer] 02:01:02.378642 main.go:152: 14:Bool lock released
[peer] 02:01:02.378648 main.go:179: 14:Equal block
[peer] 02:01:02.378702 main.go:139: 14:Acquired bool lock
[peer] 02:01:02.378714 main.go:140: Chain Length:12
[peer] 02:01:02.378719 main.go:142: Chain Length:12
[peer] 02:01:02.378725 main.go:147: Already have block
[peer] 02:01:02.378733 main.go:152: 14:Bool lock released
[peer] 02:01:02.378739 main.go:179: 14:Equal block
[peer] 02:01:02.378805 main.go:139: 14:Acquired bool lock
[peer] 02:01:02.378816 main.go:140: Chain Length:12
[peer] 02:01:02.378822 main.go:142: Chain Length:12
[peer] 02:01:02.378828 main.go:147: Already have block
[peer] 02:01:02.378835 main.go:152: 14:Bool lock released
[peer] 02:01:02.378842 main.go:179: 14:Equal block
[peer] 02:01:02.378882 main.go:139: 14:Acquired bool lock
[peer] 02:01:02.378891 main.go:140: Chain Length:12
[peer] 02:01:02.378897 main.go:142: Chain Length:12
[peer] 02:01:02.378903 main.go:147: Already have block
[peer] 02:01:02.378910 main.go:152: 14:Bool lock released
[peer] 02:01:02.378917 main.go:179: 14:Equal block
[peer] 02:01:02.378955 main.go:139: 14:Acquired bool lock
[peer] 02:01:02.378965 main.go:140: Chain Length:12
[peer] 02:01:02.378970 main.go:142: Chain Length:12
[peer] 02:01:02.378976 main.go:147: Already have block
[peer] 02:01:02.378983 main.go:152: 14:Bool lock released
[peer] 02:01:02.378990 main.go:179: 14:Equal block
[peer] 02:01:02.379027 main.go:139: 14:Acquired bool lock
[peer] 02:01:02.379036 main.go:140: Chain Length:12
[peer] 02:01:02.379042 main.go:142: Chain Length:12
[peer] 02:01:02.379048 main.go:147: Already have block
[peer] 02:01:02.379055 main.go:152: 14:Bool lock released
[peer] 02:01:02.379061 main.go:179: 14:Equal block
[peer] 02:01:02.379099 main.go:139: 14:Acquired bool lock
[peer] 02:01:02.379108 main.go:140: Chain Length:12
[peer] 02:01:02.379114 main.go:142: Chain Length:12
[peer] 02:01:02.379120 main.go:147: Already have block
[peer] 02:01:02.379127 main.go:152: 14:Bool lock released
[peer] 02:01:02.379133 main.go:179: 14:Equal block
[peer] 02:01:02.379184 main.go:139: 14:Acquired bool lock
[peer] 02:01:02.379195 main.go:140: Chain Length:12
[peer] 02:01:02.379201 main.go:142: Chain Length:12
[peer] 02:01:02.379207 main.go:147: Already have block
[peer] 02:01:02.379214 main.go:152: 14:Bool lock released
[peer] 02:01:02.379221 main.go:179: 14:Equal block
[peer] 02:01:02.382704 main.go:729: 14:Block sent to peer successful
[err] 02:01:02.382724 main.go:302: Error in sending block, err = Stale Update/Block
[peer] 02:01:02.382722 main.go:729: 14:Block sent to peer successful
[err] 02:01:02.382772 main.go:302: Error in sending block, err = Stale Update/Block
[peer] 02:01:02.382712 main.go:729: 14:Block sent to peer successful
[err] 02:01:02.382815 main.go:302: Error in sending block, err = Stale Update/Block
[peer] 02:01:02.385964 main.go:729: 14:Block sent to peer successful
[err] 02:01:02.385989 main.go:302: Error in sending block, err = Stale Update/Block
[peer] 02:01:02.386098 main.go:139: 14:Acquired bool lock
[peer] 02:01:02.386129 main.go:140: Chain Length:12
[peer] 02:01:02.386143 main.go:142: Chain Length:12
[peer] 02:01:02.386289 main.go:147: Already have block
[peer] 02:01:02.386309 main.go:152: 14:Bool lock released
[peer] 02:01:02.386322 main.go:179: 14:Equal block
[peer] 02:01:02.386433 main.go:139: 14:Acquired bool lock
[peer] 02:01:02.386454 main.go:140: Chain Length:12
[peer] 02:01:02.386464 main.go:142: Chain Length:12
[peer] 02:01:02.386476 main.go:147: Already have block
[peer] 02:01:02.386492 main.go:152: 14:Bool lock released
[peer] 02:01:02.386511 main.go:139: 14:Acquired bool lock
[peer] 02:01:02.386523 main.go:140: Chain Length:12
[peer] 02:01:02.386533 main.go:142: Chain Length:12
[peer] 02:01:02.386544 main.go:147: Already have block
[peer] 02:01:02.386558 main.go:152: 14:Bool lock released
[peer] 02:01:02.386143 main.go:729: 14:Block sent to peer successful
[err] 02:01:02.386643 main.go:302: Error in sending block, err = Stale Update/Block
[peer] 02:01:02.386574 main.go:179: 14:Equal block
[peer] 02:01:02.386258 main.go:729: 14:Block sent to peer successful
[err] 02:01:02.386848 main.go:302: Error in sending block, err = Stale Update/Block
[peer] 02:01:02.386503 main.go:179: 14:Equal block
[peer] 02:01:02.387179 main.go:729: 14:Block sent to peer successful
[err] 02:01:02.387206 main.go:302: Error in sending block, err = Stale Update/Block
[peer] 02:01:02.387259 main.go:729: 14:Block sent to peer successful
[err] 02:01:02.387285 main.go:302: Error in sending block, err = Stale Update/Block
[peer] 02:01:02.386144 main.go:729: 14:Block sent to peer successful
[err] 02:01:02.387315 main.go:302: Error in sending block, err = Stale Update/Block
[peer] 02:01:02.387748 main.go:139: 14:Acquired bool lock
[peer] 02:01:02.387764 main.go:140: Chain Length:12
[peer] 02:01:02.387770 main.go:142: Chain Length:12
[peer] 02:01:02.387776 main.go:147: Already have block
[peer] 02:01:02.387783 main.go:152: 14:Bool lock released
[peer] 02:01:02.387789 main.go:179: 14:Equal block
[peer] 02:01:02.388648 main.go:729: 14:Block sent to peer successful
[err] 02:01:02.388661 main.go:302: Error in sending block, err = Stale Update/Block
[peer] 02:01:02.388764 main.go:729: 14:Block sent to peer successful
[err] 02:01:02.388778 main.go:302: Error in sending block, err = Stale Update/Block
[peer] 02:01:02.389277 main.go:729: 14:Block sent to peer successful
[err] 02:01:02.389290 main.go:302: Error in sending block, err = Stale Update/Block
[peer] 02:01:02.389898 main.go:729: 14:Block sent to peer successful
[err] 02:01:02.389912 main.go:302: Error in sending block, err = Stale Update/Block
[peer] 02:01:02.390135 main.go:729: 14:Block sent to peer successful
[err] 02:01:02.390147 main.go:302: Error in sending block, err = Stale Update/Block
[peer] 02:01:02.390236 main.go:729: 14:Block sent to peer successful
[err] 02:01:02.390248 main.go:302: Error in sending block, err = Stale Update/Block
[peer] 02:01:02.391933 main.go:633: 14:Accepted new Connection
[peer] 02:01:02.392516 main.go:130: 14:Got block message, iteration 10
[peer] 02:01:02.392537 main.go:137: 14:Acquiring bool lock
[peer] 02:01:02.392543 main.go:139: 14:Acquired bool lock
[peer] 02:01:02.392549 main.go:140: Chain Length:12
[peer] 02:01:02.392555 main.go:142: Chain Length:12
[peer] 02:01:02.392560 main.go:147: Already have block
[peer] 02:01:02.392568 main.go:152: 14:Bool lock released
[peer] 02:01:02.392574 main.go:179: 14:Equal block
[peer] 02:01:02.421986 main.go:729: 14:Block sent to peer successful
[err] 02:01:02.421999 main.go:302: Error in sending block, err = Stale Update/Block
[peer] 02:01:02.440246 main.go:633: 14:Accepted new Connection
[peer] 02:01:02.440452 main.go:130: 14:Got block message, iteration 10
[peer] 02:01:02.440469 main.go:137: 14:Acquiring bool lock
[peer] 02:01:02.440475 main.go:139: 14:Acquired bool lock
[peer] 02:01:02.440480 main.go:140: Chain Length:12
[peer] 02:01:02.440485 main.go:142: Chain Length:12
[peer] 02:01:02.440491 main.go:147: Already have block
[peer] 02:01:02.440498 main.go:152: 14:Bool lock released
[peer] 02:01:02.440504 main.go:179: 14:Equal block
[peer] 02:01:02.440624 main.go:729: 14:Block sent to peer successful
[err] 02:01:02.440636 main.go:302: Error in sending block, err = Stale Update/Block
[peer] 02:01:02.473665 main.go:729: 14:Block sent to peer successful
[err] 02:01:02.473678 main.go:302: Error in sending block, err = Stale Update/Block
[peer] 02:01:02.473726 main.go:633: 14:Accepted new Connection
[peer] 02:01:02.473936 main.go:130: 14:Got block message, iteration 10
[peer] 02:01:02.473953 main.go:137: 14:Acquiring bool lock
[peer] 02:01:02.473959 main.go:139: 14:Acquired bool lock
[peer] 02:01:02.473964 main.go:140: Chain Length:12
[peer] 02:01:02.473969 main.go:142: Chain Length:12
[peer] 02:01:02.473974 main.go:147: Already have block
[peer] 02:01:02.473980 main.go:152: 14:Bool lock released
[peer] 02:01:02.473986 main.go:179: 14:Equal block
[peer] 02:01:02.476557 main.go:633: 14:Accepted new Connection
[peer] 02:01:02.592426 main.go:729: 14:Block sent to peer successful
[err] 02:01:02.592445 main.go:302: Error in sending block, err = Stale Update/Block
[peer] 02:01:02.592491 main.go:684: 14:RPC calls successfully returned. Iteration: 10
[peer] 02:01:02.593150 main.go:130: 14:Got block message, iteration 10
[peer] 02:01:02.593168 main.go:137: 14:Acquiring bool lock
[peer] 02:01:02.593175 main.go:139: 14:Acquired bool lock
[peer] 02:01:02.593180 main.go:140: Chain Length:12
[peer] 02:01:02.593186 main.go:142: Chain Length:12
[peer] 02:01:02.593192 main.go:147: Already have block
[peer] 02:01:02.593199 main.go:152: 14:Bool lock released
[peer] 02:01:02.593205 main.go:179: 14:Equal block
[peer] 02:01:02.621921 honest.go:81: 14Train Error is 0.04529 in Iteration 10
[peer] 02:01:02.621936 main.go:692: 14:Preparing for next Iteration. Current Iteration: 10
