[peer] 02:08:27.187736 honest.go:107: 15Importing modules...
[peer] 02:08:31.811845 honest.go:122: 15Sucessfully pulled dataset. Features: 25
[peer] 02:08:31.812407 main.go:487: 15:Announcing myself to network
[peer] 02:08:31.812518 main.go:492: 15:Calling {198.162.52.126 %!s(int=8000) }
[peer] 02:08:31.812537 main.go:511: 15:Inside callRegisterRPC
[peer] 02:08:31.812547 main.go:516: 15Making RPC call
[peer] 02:08:31.812966 main.go:629: 15:Peer started. Receiving on 8015
[peer] 02:08:31.813388 main.go:522: 15RPC dial successful
[peer] 02:08:31.813418 main.go:525: 15:Calling RPC:198.162.52.126:8000
[peer] 02:08:31.813482 main.go:527: 15:RPC called198.162.52.126:8000
[peer] 02:08:31.815468 main.go:534: 15:Announced myself to a fellow peer at port. Got lastest chain
[peer] 02:08:31.815494 main.go:541: Chain length received:3
[peer] 02:08:31.815502 main.go:542: My chain length:1
[peer] 02:08:31.815509 honest.go:340: Received chain length:3
[peer] 02:08:31.815515 honest.go:341: Appended chain length:3
[peer] 02:08:31.815521 main.go:555: 15Got lastest chain until iteration 1
[peer] 02:08:31.815577 main.go:492: 15:Calling {198.162.52.126 %!s(int=8001) }
[peer] 02:08:31.815589 main.go:511: 15:Inside callRegisterRPC
[peer] 02:08:31.815603 main.go:516: 15Making RPC call
[err] 02:08:31.816111 main.go:302: Peer offline.Couldn't connect to peer: 198.162.52.126:8001, err = dial tcp 198.162.52.126:8001: connect: connection refused
[peer] 02:08:31.816169 main.go:492: 15:Calling {198.162.52.126 %!s(int=8002) }
[peer] 02:08:31.816178 main.go:511: 15:Inside callRegisterRPC
[peer] 02:08:31.816185 main.go:516: 15Making RPC call
[err] 02:08:31.816746 main.go:302: Peer offline.Couldn't connect to peer: 198.162.52.126:8002, err = dial tcp 198.162.52.126:8002: connect: connection refused
[peer] 02:08:31.816770 main.go:492: 15:Calling {198.162.52.126 %!s(int=8003) }
[peer] 02:08:31.816778 main.go:511: 15:Inside callRegisterRPC
[peer] 02:08:31.816784 main.go:516: 15Making RPC call
[err] 02:08:31.817302 main.go:302: Peer offline.Couldn't connect to peer: 198.162.52.126:8003, err = dial tcp 198.162.52.126:8003: connect: connection refused
[peer] 02:08:31.817326 main.go:492: 15:Calling {198.162.52.126 %!s(int=8004) }
[peer] 02:08:31.817334 main.go:511: 15:Inside callRegisterRPC
[peer] 02:08:31.817341 main.go:516: 15Making RPC call
[err] 02:08:31.817832 main.go:302: Peer offline.Couldn't connect to peer: 198.162.52.126:8004, err = dial tcp 198.162.52.126:8004: connect: connection refused
[peer] 02:08:31.817850 main.go:492: 15:Calling {198.162.52.126 %!s(int=8005) }
[peer] 02:08:31.817856 main.go:511: 15:Inside callRegisterRPC
[peer] 02:08:31.817862 main.go:516: 15Making RPC call
[err] 02:08:31.818359 main.go:302: Peer offline.Couldn't connect to peer: 198.162.52.126:8005, err = dial tcp 198.162.52.126:8005: connect: connection refused
[peer] 02:08:31.818383 main.go:492: 15:Calling {198.162.52.126 %!s(int=8006) }
[peer] 02:08:31.818391 main.go:511: 15:Inside callRegisterRPC
[peer] 02:08:31.818397 main.go:516: 15Making RPC call
[err] 02:08:31.818918 main.go:302: Peer offline.Couldn't connect to peer: 198.162.52.126:8006, err = dial tcp 198.162.52.126:8006: connect: connection refused
[peer] 02:08:31.818942 main.go:492: 15:Calling {198.162.52.126 %!s(int=8007) }
[peer] 02:08:31.818950 main.go:511: 15:Inside callRegisterRPC
[peer] 02:08:31.818957 main.go:516: 15Making RPC call
[err] 02:08:31.819490 main.go:302: Peer offline.Couldn't connect to peer: 198.162.52.126:8007, err = dial tcp 198.162.52.126:8007: connect: connection refused
[peer] 02:08:31.819514 main.go:492: 15:Calling {198.162.52.126 %!s(int=8008) }
[peer] 02:08:31.819523 main.go:511: 15:Inside callRegisterRPC
[peer] 02:08:31.819529 main.go:516: 15Making RPC call
[err] 02:08:31.820078 main.go:302: Peer offline.Couldn't connect to peer: 198.162.52.126:8008, err = dial tcp 198.162.52.126:8008: connect: connection refused
[peer] 02:08:31.820103 main.go:492: 15:Calling {198.162.52.126 %!s(int=8009) }
[peer] 02:08:31.820111 main.go:511: 15:Inside callRegisterRPC
[peer] 02:08:31.820117 main.go:516: 15Making RPC call
[err] 02:08:31.820668 main.go:302: Peer offline.Couldn't connect to peer: 198.162.52.126:8009, err = dial tcp 198.162.52.126:8009: connect: connection refused
[peer] 02:08:31.820692 main.go:492: 15:Calling {198.162.52.57 %!s(int=8010) }
[peer] 02:08:31.820700 main.go:511: 15:Inside callRegisterRPC
[peer] 02:08:31.820706 main.go:516: 15Making RPC call
[peer] 02:08:31.820864 main.go:522: 15RPC dial successful
[peer] 02:08:31.820877 main.go:525: 15:Calling RPC:198.162.52.57:8010
[peer] 02:08:31.820972 main.go:527: 15:RPC called198.162.52.57:8010
[peer] 02:08:31.821944 main.go:534: 15:Announced myself to a fellow peer at port. Got lastest chain
[peer] 02:08:31.821969 main.go:541: Chain length received:3
[peer] 02:08:31.821977 main.go:542: My chain length:3
[peer] 02:08:31.822041 main.go:492: 15:Calling {198.162.52.57 %!s(int=8011) }
[peer] 02:08:31.822053 main.go:511: 15:Inside callRegisterRPC
[peer] 02:08:31.822060 main.go:516: 15Making RPC call
[peer] 02:08:31.822255 main.go:522: 15RPC dial successful
[peer] 02:08:31.822271 main.go:525: 15:Calling RPC:198.162.52.57:8011
[peer] 02:08:31.822279 main.go:527: 15:RPC called198.162.52.57:8011
[peer] 02:08:31.822890 main.go:534: 15:Announced myself to a fellow peer at port. Got lastest chain
[peer] 02:08:31.822906 main.go:541: Chain length received:3
[peer] 02:08:31.822913 main.go:542: My chain length:3
[peer] 02:08:31.822995 main.go:492: 15:Calling {198.162.52.57 %!s(int=8012) }
[peer] 02:08:31.823009 main.go:511: 15:Inside callRegisterRPC
[peer] 02:08:31.823015 main.go:516: 15Making RPC call
[peer] 02:08:31.823142 main.go:522: 15RPC dial successful
[peer] 02:08:31.823168 main.go:525: 15:Calling RPC:198.162.52.57:8012
[peer] 02:08:31.823177 main.go:527: 15:RPC called198.162.52.57:8012
[peer] 02:08:31.823735 main.go:534: 15:Announced myself to a fellow peer at port. Got lastest chain
[peer] 02:08:31.823752 main.go:541: Chain length received:3
[peer] 02:08:31.823759 main.go:542: My chain length:3
[peer] 02:08:31.823809 main.go:492: 15:Calling {198.162.52.57 %!s(int=8013) }
[peer] 02:08:31.823820 main.go:511: 15:Inside callRegisterRPC
[peer] 02:08:31.823826 main.go:516: 15Making RPC call
[peer] 02:08:31.823986 main.go:522: 15RPC dial successful
[peer] 02:08:31.824005 main.go:525: 15:Calling RPC:198.162.52.57:8013
[peer] 02:08:31.824013 main.go:527: 15:RPC called198.162.52.57:8013
[peer] 02:08:31.824579 main.go:534: 15:Announced myself to a fellow peer at port. Got lastest chain
[peer] 02:08:31.824598 main.go:541: Chain length received:3
[peer] 02:08:31.824605 main.go:542: My chain length:3
[peer] 02:08:31.824668 main.go:492: 15:Calling {198.162.52.57 %!s(int=8014) }
[peer] 02:08:31.824680 main.go:511: 15:Inside callRegisterRPC
[peer] 02:08:31.824686 main.go:516: 15Making RPC call
[peer] 02:08:31.824817 main.go:522: 15RPC dial successful
[peer] 02:08:31.824836 main.go:525: 15:Calling RPC:198.162.52.57:8014
[peer] 02:08:31.824844 main.go:527: 15:RPC called198.162.52.57:8014
[peer] 02:08:31.825564 main.go:534: 15:Announced myself to a fellow peer at port. Got lastest chain
[peer] 02:08:31.825579 main.go:541: Chain length received:2
[peer] 02:08:31.825586 main.go:542: My chain length:3
[peer] 02:08:31.825640 main.go:492: 15:Calling {198.162.52.57 %!s(int=8016) }
[peer] 02:08:31.825652 main.go:511: 15:Inside callRegisterRPC
[peer] 02:08:31.825689 main.go:516: 15Making RPC call
[err] 02:08:31.825812 main.go:302: Peer offline.Couldn't connect to peer: 198.162.52.57:8016, err = dial tcp 198.162.52.57:8016: connect: connection refused
[peer] 02:08:31.825839 main.go:492: 15:Calling {198.162.52.57 %!s(int=8017) }
[peer] 02:08:31.825847 main.go:511: 15:Inside callRegisterRPC
[peer] 02:08:31.825853 main.go:516: 15Making RPC call
[peer] 02:08:31.825997 main.go:522: 15RPC dial successful
[peer] 02:08:31.826011 main.go:525: 15:Calling RPC:198.162.52.57:8017
[peer] 02:08:31.826018 main.go:527: 15:RPC called198.162.52.57:8017
[peer] 02:08:31.826735 main.go:534: 15:Announced myself to a fellow peer at port. Got lastest chain
[peer] 02:08:31.826754 main.go:541: Chain length received:3
[peer] 02:08:31.826771 main.go:542: My chain length:3
[peer] 02:08:31.826827 main.go:492: 15:Calling {198.162.52.57 %!s(int=8018) }
[peer] 02:08:31.826839 main.go:511: 15:Inside callRegisterRPC
[peer] 02:08:31.826845 main.go:516: 15Making RPC call
[peer] 02:08:31.826977 main.go:522: 15RPC dial successful
[peer] 02:08:31.826996 main.go:525: 15:Calling RPC:198.162.52.57:8018
[peer] 02:08:31.827005 main.go:527: 15:RPC called198.162.52.57:8018
[peer] 02:08:31.827561 main.go:534: 15:Announced myself to a fellow peer at port. Got lastest chain
[peer] 02:08:31.827580 main.go:541: Chain length received:3
[peer] 02:08:31.827588 main.go:542: My chain length:3
[peer] 02:08:31.827649 main.go:492: 15:Calling {198.162.52.57 %!s(int=8019) }
[peer] 02:08:31.827660 main.go:511: 15:Inside callRegisterRPC
[peer] 02:08:31.827667 main.go:516: 15Making RPC call
[peer] 02:08:31.827813 main.go:522: 15RPC dial successful
[peer] 02:08:31.827832 main.go:525: 15:Calling RPC:198.162.52.57:8019
[peer] 02:08:31.827841 main.go:527: 15:RPC called198.162.52.57:8019
[peer] 02:08:31.828425 main.go:534: 15:Announced myself to a fellow peer at port. Got lastest chain
[peer] 02:08:31.828456 main.go:541: Chain length received:3
[peer] 02:08:31.828466 main.go:542: My chain length:3
[peer] 02:08:31.828514 main.go:502: 15:Bootstrapped Network. Calling signal
[peer] 02:08:31.828528 main.go:504: 15:Bootstrapped Network. Signal called
[peer] 02:08:31.828541 main.go:588: 15:Acquiring bool lock
[peer] 02:08:31.828555 main.go:590: 15:Acquired bool lock
[peer] 02:08:31.829734 main.go:609: 15:I am not verifier IterationCount:2
[peer] 02:08:31.829747 main.go:614: 15:Bool lock released
[peer] 02:08:31.829753 main.go:824: 15:Computing Update
[peer] 02:08:31.830787 main.go:270: 15 : VRF returned ID map[0:{}]
[peer] 02:08:31.830807 main.go:280: 15 :Verifiers [198.162.52.126:8000] returned.
[peer] 02:08:31.831390 main.go:869: 15:Making RPC Call to Verifier. Sending Update, Iteration:2
[peer] 02:08:31.842698 main.go:876: 15:Update sent successfully
[peer] 02:08:31.857387 main.go:633: 15:Accepted new Connection
[peer] 02:08:31.857632 main.go:213: 15:Registering peer:198.162.52.57:8016
[peer] 02:08:31.857650 main.go:223: Advertising chain to peer with length 3
[peer] 02:08:31.968001 main.go:633: 15:Accepted new Connection
[peer] 02:08:31.968433 main.go:130: 15:Got block message, iteration 1
[peer] 02:08:31.968470 main.go:137: 15:Acquiring bool lock
[peer] 02:08:31.968477 main.go:139: 15:Acquired bool lock
[peer] 02:08:31.968493 main.go:140: Chain Length:3
[peer] 02:08:31.968499 main.go:142: Chain Length:3
[peer] 02:08:31.968504 main.go:147: Already have block
[peer] 02:08:31.968512 main.go:152: 15:Bool lock released
[peer] 02:08:31.968519 main.go:179: 15:Equal block
[peer] 02:08:38.500249 main.go:633: 15:Accepted new Connection
[peer] 02:08:38.500707 main.go:213: 15:Registering peer:198.162.52.126:8001
[peer] 02:08:38.500744 main.go:223: Advertising chain to peer with length 3
[peer] 02:08:38.737471 main.go:633: 15:Accepted new Connection
[peer] 02:08:38.738007 main.go:213: 15:Registering peer:198.162.52.126:8005
[peer] 02:08:38.738039 main.go:223: Advertising chain to peer with length 3
[peer] 02:08:38.881045 main.go:633: 15:Accepted new Connection
[peer] 02:08:38.881607 main.go:213: 15:Registering peer:198.162.52.126:8002
[peer] 02:08:38.881642 main.go:223: Advertising chain to peer with length 3
[peer] 02:08:38.999899 main.go:633: 15:Accepted new Connection
[peer] 02:08:39.000323 main.go:213: 15:Registering peer:198.162.52.126:8003
[peer] 02:08:39.000413 main.go:223: Advertising chain to peer with length 3
[peer] 02:08:39.018549 main.go:633: 15:Accepted new Connection
[peer] 02:08:39.019057 main.go:213: 15:Registering peer:198.162.52.126:8009
[peer] 02:08:39.019087 main.go:223: Advertising chain to peer with length 3
[peer] 02:08:39.355303 main.go:633: 15:Accepted new Connection
[peer] 02:08:39.355868 main.go:213: 15:Registering peer:198.162.52.126:8007
[peer] 02:08:39.355913 main.go:223: Advertising chain to peer with length 3
[peer] 02:08:39.364885 main.go:633: 15:Accepted new Connection
[peer] 02:08:39.365279 main.go:213: 15:Registering peer:198.162.52.126:8008
[peer] 02:08:39.365307 main.go:223: Advertising chain to peer with length 3
[peer] 02:08:39.416887 main.go:633: 15:Accepted new Connection
[peer] 02:08:39.417249 main.go:213: 15:Registering peer:198.162.52.126:8004
[peer] 02:08:39.417275 main.go:223: Advertising chain to peer with length 3
[peer] 02:08:39.421826 main.go:633: 15:Accepted new Connection
[peer] 02:08:39.422133 main.go:213: 15:Registering peer:198.162.52.126:8006
[peer] 02:08:39.422166 main.go:223: Advertising chain to peer with length 3
[peer] 02:08:39.444955 main.go:633: 15:Accepted new Connection
[peer] 02:08:39.458610 main.go:633: 15:Accepted new Connection
[peer] 02:08:39.458771 main.go:130: 15:Got block message, iteration 2
[peer] 02:08:39.458797 main.go:137: 15:Acquiring bool lock
[peer] 02:08:39.458805 main.go:139: 15:Acquired bool lock
[peer] 02:08:39.458812 main.go:140: Chain Length:3
[peer] 02:08:39.458818 main.go:142: Chain Length:3
[peer] 02:08:39.458825 main.go:187: 15:Sending to channel
[peer] 02:08:39.458837 main.go:193: 15:Sent to channel
[peer] 02:08:39.458846 main.go:195: 15:Returning
[peer] 02:08:39.459087 main.go:777: 15:Adding block to chain
[peer] 02:08:39.459109 honest.go:222: Trying to append block with iteration:2
[peer] 02:08:39.459117 honest.go:238: Append successful
[peer] 02:08:39.459127 main.go:781: 15:Adding block to chain
[peer] 02:08:39.459134 main.go:787: 15:Checking convergence
[peer] 02:08:39.460288 main.go:633: 15:Accepted new Connection
[peer] 02:08:39.460733 main.go:130: 15:Got block message, iteration 2
[peer] 02:08:39.460758 main.go:137: 15:Acquiring bool lock
[peer] 02:08:39.460777 main.go:955: 15:Block Received. Appending to chain and moving on to the next iteration. 2
[peer] 02:08:39.619540 main.go:130: 15:Got block message, iteration 2
[peer] 02:08:39.619566 main.go:137: 15:Acquiring bool lock
[peer] 02:08:39.619648 main.go:633: 15:Accepted new Connection
[peer] 02:08:39.619671 main.go:633: 15:Accepted new Connection
[peer] 02:08:39.619688 main.go:633: 15:Accepted new Connection
[peer] 02:08:39.619721 main.go:633: 15:Accepted new Connection
[peer] 02:08:39.619739 main.go:633: 15:Accepted new Connection
[peer] 02:08:39.619754 main.go:633: 15:Accepted new Connection
[peer] 02:08:39.619770 main.go:633: 15:Accepted new Connection
[peer] 02:08:39.619785 main.go:633: 15:Accepted new Connection
[peer] 02:08:39.619805 main.go:633: 15:Accepted new Connection
[peer] 02:08:39.620185 main.go:130: 15:Got block message, iteration 2
[peer] 02:08:39.620203 main.go:137: 15:Acquiring bool lock
[peer] 02:08:39.620420 main.go:130: 15:Got block message, iteration 2
[peer] 02:08:39.620436 main.go:137: 15:Acquiring bool lock
[peer] 02:08:39.620686 main.go:130: 15:Got block message, iteration 2
[peer] 02:08:39.620701 main.go:137: 15:Acquiring bool lock
[peer] 02:08:39.620884 main.go:130: 15:Got block message, iteration 2
[peer] 02:08:39.620899 main.go:137: 15:Acquiring bool lock
[peer] 02:08:39.621144 main.go:130: 15:Got block message, iteration 2
[peer] 02:08:39.621159 main.go:137: 15:Acquiring bool lock
[peer] 02:08:39.621357 main.go:130: 15:Got block message, iteration 2
[peer] 02:08:39.621373 main.go:137: 15:Acquiring bool lock
[peer] 02:08:39.621614 main.go:130: 15:Got block message, iteration 2
[peer] 02:08:39.621629 main.go:137: 15:Acquiring bool lock
[peer] 02:08:39.621909 main.go:130: 15:Got block message, iteration 2
[peer] 02:08:39.621926 main.go:137: 15:Acquiring bool lock
[peer] 02:08:39.628499 main.go:633: 15:Accepted new Connection
[peer] 02:08:39.628847 main.go:130: 15:Got block message, iteration 2
[peer] 02:08:39.628864 main.go:137: 15:Acquiring bool lock
[peer] 02:08:39.640670 main.go:633: 15:Accepted new Connection
[peer] 02:08:39.640721 main.go:633: 15:Accepted new Connection
[peer] 02:08:39.641537 main.go:130: 15:Got block message, iteration 2
[peer] 02:08:39.641555 main.go:137: 15:Acquiring bool lock
[peer] 02:08:39.729096 honest.go:81: 15Train Error is 0.05872 in Iteration 2
[peer] 02:08:39.729114 main.go:790: 15:Convergence checked
[peer] 02:08:39.729136 main.go:793: 15:Bool lock released
[peer] 02:08:39.729192 main.go:664: 15:Sending block. Iteration: 2
[peer] 02:08:39.729379 main.go:139: 15:Acquired bool lock
[peer] 02:08:39.729397 main.go:140: Chain Length:4
[peer] 02:08:39.729405 main.go:142: Chain Length:4
[peer] 02:08:39.729421 main.go:147: Already have block
[peer] 02:08:39.729431 main.go:152: 15:Bool lock released
[peer] 02:08:39.729439 main.go:179: 15:Equal block
[peer] 02:08:39.729545 main.go:139: 15:Acquired bool lock
[peer] 02:08:39.729558 main.go:140: Chain Length:4
[peer] 02:08:39.729566 main.go:142: Chain Length:4
[peer] 02:08:39.729573 main.go:147: Already have block
[peer] 02:08:39.729582 main.go:152: 15:Bool lock released
[peer] 02:08:39.729589 main.go:179: 15:Equal block
[peer] 02:08:39.729641 main.go:139: 15:Acquired bool lock
[peer] 02:08:39.729654 main.go:140: Chain Length:4
[peer] 02:08:39.729659 main.go:142: Chain Length:4
[peer] 02:08:39.729665 main.go:147: Already have block
[peer] 02:08:39.729673 main.go:152: 15:Bool lock released
[peer] 02:08:39.729680 main.go:179: 15:Equal block
[peer] 02:08:39.729734 main.go:139: 15:Acquired bool lock
[peer] 02:08:39.729748 main.go:140: Chain Length:4
[peer] 02:08:39.729754 main.go:142: Chain Length:4
[peer] 02:08:39.729760 main.go:147: Already have block
[peer] 02:08:39.729769 main.go:152: 15:Bool lock released
[peer] 02:08:39.729775 main.go:179: 15:Equal block
[peer] 02:08:39.729826 main.go:139: 15:Acquired bool lock
[peer] 02:08:39.729838 main.go:140: Chain Length:4
[peer] 02:08:39.729846 main.go:142: Chain Length:4
[peer] 02:08:39.729852 main.go:147: Already have block
[peer] 02:08:39.729861 main.go:152: 15:Bool lock released
[peer] 02:08:39.729868 main.go:179: 15:Equal block
[peer] 02:08:39.729907 main.go:139: 15:Acquired bool lock
[peer] 02:08:39.729918 main.go:140: Chain Length:4
[peer] 02:08:39.729923 main.go:142: Chain Length:4
[peer] 02:08:39.729935 main.go:147: Already have block
[peer] 02:08:39.729967 main.go:152: 15:Bool lock released
[peer] 02:08:39.729972 main.go:179: 15:Equal block
[peer] 02:08:39.730038 main.go:139: 15:Acquired bool lock
[peer] 02:08:39.730049 main.go:140: Chain Length:4
[peer] 02:08:39.730055 main.go:142: Chain Length:4
[peer] 02:08:39.730063 main.go:147: Already have block
[peer] 02:08:39.730070 main.go:152: 15:Bool lock released
[peer] 02:08:39.730076 main.go:179: 15:Equal block
[peer] 02:08:39.730173 main.go:139: 15:Acquired bool lock
[peer] 02:08:39.730185 main.go:140: Chain Length:4
[peer] 02:08:39.730192 main.go:142: Chain Length:4
[peer] 02:08:39.730198 main.go:147: Already have block
[peer] 02:08:39.730208 main.go:152: 15:Bool lock released
[peer] 02:08:39.730214 main.go:179: 15:Equal block
[peer] 02:08:39.730795 main.go:139: 15:Acquired bool lock
[peer] 02:08:39.730808 main.go:140: Chain Length:4
[peer] 02:08:39.730814 main.go:142: Chain Length:4
[peer] 02:08:39.730819 main.go:147: Already have block
[peer] 02:08:39.730827 main.go:152: 15:Bool lock released
[peer] 02:08:39.730833 main.go:179: 15:Equal block
[peer] 02:08:39.730899 main.go:139: 15:Acquired bool lock
[peer] 02:08:39.730909 main.go:140: Chain Length:4
[peer] 02:08:39.730918 main.go:142: Chain Length:4
[peer] 02:08:39.730923 main.go:147: Already have block
[peer] 02:08:39.730931 main.go:152: 15:Bool lock released
[peer] 02:08:39.730937 main.go:179: 15:Equal block
[peer] 02:08:39.730992 main.go:139: 15:Acquired bool lock
[peer] 02:08:39.731002 main.go:140: Chain Length:4
[peer] 02:08:39.731011 main.go:142: Chain Length:4
[peer] 02:08:39.731017 main.go:147: Already have block
[peer] 02:08:39.731026 main.go:152: 15:Bool lock released
[peer] 02:08:39.731046 main.go:179: 15:Equal block
[peer] 02:08:39.731099 main.go:139: 15:Acquired bool lock
[peer] 02:08:39.731110 main.go:140: Chain Length:4
[peer] 02:08:39.731116 main.go:142: Chain Length:4
[peer] 02:08:39.731121 main.go:147: Already have block
[peer] 02:08:39.731128 main.go:152: 15:Bool lock released
[peer] 02:08:39.731137 main.go:179: 15:Equal block
[peer] 02:08:39.734213 main.go:729: 15:Block sent to peer successful
[err] 02:08:39.734231 main.go:302: Error in sending block, err = Stale Update/Block
[peer] 02:08:39.734344 main.go:729: 15:Block sent to peer successful
[err] 02:08:39.734365 main.go:302: Error in sending block, err = Stale Update/Block
[peer] 02:08:39.734517 main.go:729: 15:Block sent to peer successful
[err] 02:08:39.734539 main.go:302: Error in sending block, err = Stale Update/Block
[peer] 02:08:39.736285 main.go:729: 15:Block sent to peer successful
[err] 02:08:39.736305 main.go:302: Error in sending block, err = Stale Update/Block
[peer] 02:08:39.736482 main.go:130: 15:Got block message, iteration 2
[peer] 02:08:39.736515 main.go:137: 15:Acquiring bool lock
[peer] 02:08:39.736524 main.go:139: 15:Acquired bool lock
[peer] 02:08:39.736530 main.go:140: Chain Length:4
[peer] 02:08:39.736535 main.go:142: Chain Length:4
[peer] 02:08:39.736541 main.go:147: Already have block
[peer] 02:08:39.736548 main.go:152: 15:Bool lock released
[peer] 02:08:39.736554 main.go:179: 15:Equal block
[peer] 02:08:39.736728 main.go:729: 15:Block sent to peer successful
[err] 02:08:39.736741 main.go:302: Error in sending block, err = Stale Update/Block
[peer] 02:08:39.736741 main.go:729: 15:Block sent to peer successful
[err] 02:08:39.736756 main.go:302: Error in sending block, err = Stale Update/Block
[peer] 02:08:39.737030 main.go:729: 15:Block sent to peer successful
[err] 02:08:39.737052 main.go:302: Error in sending block, err = Stale Update/Block
[peer] 02:08:39.737114 main.go:729: 15:Block sent to peer successful
[err] 02:08:39.737126 main.go:302: Error in sending block, err = Stale Update/Block
[peer] 02:08:39.737210 main.go:729: 15:Block sent to peer successful
[err] 02:08:39.737251 main.go:302: Error in sending block, err = Stale Update/Block
[peer] 02:08:39.737398 main.go:729: 15:Block sent to peer successful
[err] 02:08:39.737411 main.go:302: Error in sending block, err = Stale Update/Block
[peer] 02:08:39.737806 main.go:729: 15:Block sent to peer successful
[err] 02:08:39.737821 main.go:302: Error in sending block, err = Stale Update/Block
[peer] 02:08:39.738222 main.go:729: 15:Block sent to peer successful
[err] 02:08:39.738234 main.go:302: Error in sending block, err = Stale Update/Block
[peer] 02:08:39.738356 main.go:729: 15:Block sent to peer successful
[err] 02:08:39.738368 main.go:302: Error in sending block, err = Stale Update/Block
[peer] 02:08:39.738906 main.go:729: 15:Block sent to peer successful
[err] 02:08:39.738919 main.go:302: Error in sending block, err = Stale Update/Block
[peer] 02:08:39.749374 main.go:130: 15:Got block message, iteration 2
[peer] 02:08:39.749399 main.go:137: 15:Acquiring bool lock
[peer] 02:08:39.749405 main.go:139: 15:Acquired bool lock
[peer] 02:08:39.749411 main.go:140: Chain Length:4
[peer] 02:08:39.749416 main.go:142: Chain Length:4
[peer] 02:08:39.749422 main.go:147: Already have block
[peer] 02:08:39.749429 main.go:152: 15:Bool lock released
[peer] 02:08:39.749435 main.go:179: 15:Equal block
[peer] 02:08:39.750296 main.go:729: 15:Block sent to peer successful
[err] 02:08:39.750311 main.go:302: Error in sending block, err = Stale Update/Block
[peer] 02:08:39.758418 main.go:729: 15:Block sent to peer successful
[err] 02:08:39.758432 main.go:302: Error in sending block, err = Stale Update/Block
[peer] 02:08:39.758486 main.go:633: 15:Accepted new Connection
[peer] 02:08:39.758507 main.go:633: 15:Accepted new Connection
[peer] 02:08:39.760228 main.go:130: 15:Got block message, iteration 2
[peer] 02:08:39.760251 main.go:137: 15:Acquiring bool lock
[peer] 02:08:39.760258 main.go:139: 15:Acquired bool lock
[peer] 02:08:39.760263 main.go:140: Chain Length:4
[peer] 02:08:39.760269 main.go:142: Chain Length:4
[peer] 02:08:39.760274 main.go:147: Already have block
[peer] 02:08:39.760282 main.go:152: 15:Bool lock released
[peer] 02:08:39.760288 main.go:179: 15:Equal block
[peer] 02:08:39.761351 main.go:130: 15:Got block message, iteration 2
[peer] 02:08:39.761371 main.go:137: 15:Acquiring bool lock
[peer] 02:08:39.761377 main.go:139: 15:Acquired bool lock
[peer] 02:08:39.761411 main.go:140: Chain Length:4
[peer] 02:08:39.761426 main.go:142: Chain Length:4
[peer] 02:08:39.761433 main.go:147: Already have block
[peer] 02:08:39.761440 main.go:152: 15:Bool lock released
[peer] 02:08:39.761446 main.go:179: 15:Equal block
[peer] 02:08:39.762436 main.go:729: 15:Block sent to peer successful
[err] 02:08:39.762451 main.go:302: Error in sending block, err = Stale Update/Block
[peer] 02:08:39.779623 main.go:729: 15:Block sent to peer successful
[err] 02:08:39.779637 main.go:302: Error in sending block, err = Stale Update/Block
[peer] 02:08:39.779690 main.go:633: 15:Accepted new Connection
[peer] 02:08:39.785173 main.go:130: 15:Got block message, iteration 2
[peer] 02:08:39.785196 main.go:137: 15:Acquiring bool lock
[peer] 02:08:39.785203 main.go:139: 15:Acquired bool lock
[peer] 02:08:39.785209 main.go:140: Chain Length:4
[peer] 02:08:39.785215 main.go:142: Chain Length:4
[peer] 02:08:39.785220 main.go:147: Already have block
[peer] 02:08:39.785227 main.go:152: 15:Bool lock released
[peer] 02:08:39.785233 main.go:179: 15:Equal block
[peer] 02:08:39.878276 main.go:633: 15:Accepted new Connection
[peer] 02:08:39.885773 main.go:729: 15:Block sent to peer successful
[err] 02:08:39.885801 main.go:302: Error in sending block, err = Stale Update/Block
[peer] 02:08:39.885853 main.go:684: 15:RPC calls successfully returned. Iteration: 2
[peer] 02:08:39.984336 honest.go:81: 15Train Error is 0.05872 in Iteration 2
[peer] 02:08:39.984352 main.go:692: 15:Preparing for next Iteration. Current Iteration: 2
[peer] 02:08:39.984358 main.go:588: 15:Acquiring bool lock
[peer] 02:08:39.984364 main.go:590: 15:Acquired bool lock
[peer] 02:08:39.985508 main.go:609: 15:I am not verifier IterationCount:3
[peer] 02:08:39.985517 main.go:614: 15:Bool lock released
[peer] 02:08:40.016849 main.go:130: 15:Got block message, iteration 2
[peer] 02:08:40.016869 main.go:137: 15:Acquiring bool lock
[peer] 02:08:40.016875 main.go:139: 15:Acquired bool lock
[peer] 02:08:40.016880 main.go:140: Chain Length:4
[peer] 02:08:40.016886 main.go:142: Chain Length:4
[peer] 02:08:40.016891 main.go:147: Already have block
[peer] 02:08:40.016898 main.go:152: 15:Bool lock released
[peer] 02:08:40.016904 main.go:179: 15:Equal block
[peer] 02:08:40.029750 main.go:824: 15:Computing Update
[peer] 02:08:40.030618 main.go:270: 15 : VRF returned ID map[8:{}]
[peer] 02:08:40.030664 main.go:280: 15 :Verifiers [198.162.52.126:8008] returned.
[peer] 02:08:40.040648 main.go:869: 15:Making RPC Call to Verifier. Sending Update, Iteration:3
[peer] 02:08:40.041967 main.go:876: 15:Update sent successfully
[peer] 02:08:44.967408 main.go:633: 15:Accepted new Connection
[peer] 02:08:44.970146 main.go:130: 15:Got block message, iteration 3
[peer] 02:08:44.970215 main.go:137: 15:Acquiring bool lock
[peer] 02:08:44.970231 main.go:139: 15:Acquired bool lock
[peer] 02:08:44.970244 main.go:140: Chain Length:4
[peer] 02:08:44.970256 main.go:142: Chain Length:4
[peer] 02:08:44.970270 main.go:187: 15:Sending to channel
[peer] 02:08:44.970297 main.go:193: 15:Sent to channel
[peer] 02:08:44.970316 main.go:195: 15:Returning
[peer] 02:08:44.970475 main.go:955: 15:Block Received. Appending to chain and moving on to the next iteration. 3
[peer] 02:08:44.970496 main.go:777: 15:Adding block to chain
[peer] 02:08:44.970578 honest.go:222: Trying to append block with iteration:3
[peer] 02:08:44.970604 honest.go:238: Append successful
[peer] 02:08:44.970645 main.go:781: 15:Adding block to chain
[peer] 02:08:44.970662 main.go:787: 15:Checking convergence
[peer] 02:08:44.989380 main.go:633: 15:Accepted new Connection
[peer] 02:08:44.989451 main.go:633: 15:Accepted new Connection
[peer] 02:08:44.989828 main.go:130: 15:Got block message, iteration 3
[peer] 02:08:44.989855 main.go:137: 15:Acquiring bool lock
[peer] 02:08:44.990492 main.go:130: 15:Got block message, iteration 3
[peer] 02:08:44.990516 main.go:137: 15:Acquiring bool lock
[peer] 02:08:44.990878 main.go:633: 15:Accepted new Connection
[peer] 02:08:44.994379 main.go:130: 15:Got block message, iteration 3
[peer] 02:08:44.994405 main.go:137: 15:Acquiring bool lock
[peer] 02:08:44.996704 main.go:633: 15:Accepted new Connection
[peer] 02:08:44.997614 main.go:633: 15:Accepted new Connection
[peer] 02:08:45.003323 main.go:130: 15:Got block message, iteration 3
[peer] 02:08:45.003361 main.go:137: 15:Acquiring bool lock
[peer] 02:08:45.003420 main.go:633: 15:Accepted new Connection
[peer] 02:08:45.003461 main.go:633: 15:Accepted new Connection
[peer] 02:08:45.004733 main.go:633: 15:Accepted new Connection
[peer] 02:08:45.013643 main.go:130: 15:Got block message, iteration 3
[peer] 02:08:45.013670 main.go:137: 15:Acquiring bool lock
[peer] 02:08:45.014014 main.go:633: 15:Accepted new Connection
[peer] 02:08:45.017410 main.go:633: 15:Accepted new Connection
[peer] 02:08:45.019374 main.go:130: 15:Got block message, iteration 3
[peer] 02:08:45.019396 main.go:137: 15:Acquiring bool lock
[peer] 02:08:45.019513 main.go:130: 15:Got block message, iteration 3
[peer] 02:08:45.019555 main.go:137: 15:Acquiring bool lock
[peer] 02:08:45.019585 main.go:633: 15:Accepted new Connection
[peer] 02:08:45.026358 main.go:130: 15:Got block message, iteration 3
[peer] 02:08:45.026380 main.go:137: 15:Acquiring bool lock
[peer] 02:08:45.026423 main.go:130: 15:Got block message, iteration 3
[peer] 02:08:45.026439 main.go:137: 15:Acquiring bool lock
[peer] 02:08:45.033190 main.go:633: 15:Accepted new Connection
[peer] 02:08:45.078132 main.go:633: 15:Accepted new Connection
[peer] 02:08:45.081893 main.go:130: 15:Got block message, iteration 3
[peer] 02:08:45.081913 main.go:137: 15:Acquiring bool lock
[peer] 02:08:45.085061 main.go:130: 15:Got block message, iteration 3
[peer] 02:08:45.085081 main.go:137: 15:Acquiring bool lock
[peer] 02:08:45.097917 main.go:130: 15:Got block message, iteration 3
[peer] 02:08:45.097937 main.go:137: 15:Acquiring bool lock
[peer] 02:08:45.099187 honest.go:81: 15Train Error is 0.04791 in Iteration 3
[peer] 02:08:45.099203 main.go:790: 15:Convergence checked
[peer] 02:08:45.099226 main.go:793: 15:Bool lock released
[peer] 02:08:45.099260 main.go:664: 15:Sending block. Iteration: 3
[peer] 02:08:45.099437 main.go:139: 15:Acquired bool lock
[peer] 02:08:45.099450 main.go:140: Chain Length:5
[peer] 02:08:45.099455 main.go:142: Chain Length:5
[peer] 02:08:45.099461 main.go:147: Already have block
[peer] 02:08:45.099470 main.go:152: 15:Bool lock released
[peer] 02:08:45.099477 main.go:179: 15:Equal block
[peer] 02:08:45.099517 main.go:633: 15:Accepted new Connection
[peer] 02:08:45.099534 main.go:139: 15:Acquired bool lock
[peer] 02:08:45.099543 main.go:140: Chain Length:5
[peer] 02:08:45.099553 main.go:142: Chain Length:5
[peer] 02:08:45.099558 main.go:147: Already have block
[peer] 02:08:45.099566 main.go:152: 15:Bool lock released
[peer] 02:08:45.099574 main.go:179: 15:Equal block
[peer] 02:08:45.099621 main.go:139: 15:Acquired bool lock
[peer] 02:08:45.099630 main.go:140: Chain Length:5
[peer] 02:08:45.099636 main.go:142: Chain Length:5
[peer] 02:08:45.099641 main.go:147: Already have block
[peer] 02:08:45.099648 main.go:152: 15:Bool lock released
[peer] 02:08:45.099654 main.go:179: 15:Equal block
[peer] 02:08:45.099693 main.go:139: 15:Acquired bool lock
[peer] 02:08:45.099702 main.go:140: Chain Length:5
[peer] 02:08:45.099708 main.go:142: Chain Length:5
[peer] 02:08:45.099713 main.go:147: Already have block
[peer] 02:08:45.099720 main.go:152: 15:Bool lock released
[peer] 02:08:45.099726 main.go:179: 15:Equal block
[peer] 02:08:45.099766 main.go:139: 15:Acquired bool lock
[peer] 02:08:45.099775 main.go:140: Chain Length:5
[peer] 02:08:45.099780 main.go:142: Chain Length:5
[peer] 02:08:45.099786 main.go:147: Already have block
[peer] 02:08:45.099793 main.go:152: 15:Bool lock released
[peer] 02:08:45.099799 main.go:179: 15:Equal block
[peer] 02:08:45.099837 main.go:139: 15:Acquired bool lock
[peer] 02:08:45.099846 main.go:140: Chain Length:5
[peer] 02:08:45.099851 main.go:142: Chain Length:5
[peer] 02:08:45.099856 main.go:147: Already have block
[peer] 02:08:45.099863 main.go:152: 15:Bool lock released
[peer] 02:08:45.099869 main.go:179: 15:Equal block
[peer] 02:08:45.099911 main.go:139: 15:Acquired bool lock
[peer] 02:08:45.099929 main.go:140: Chain Length:5
[peer] 02:08:45.099935 main.go:142: Chain Length:5
[peer] 02:08:45.099940 main.go:147: Already have block
[peer] 02:08:45.099947 main.go:152: 15:Bool lock released
[peer] 02:08:45.099953 main.go:179: 15:Equal block
[peer] 02:08:45.099989 main.go:139: 15:Acquired bool lock
[peer] 02:08:45.099998 main.go:140: Chain Length:5
[peer] 02:08:45.100004 main.go:142: Chain Length:5
[peer] 02:08:45.100009 main.go:147: Already have block
[peer] 02:08:45.100016 main.go:152: 15:Bool lock released
[peer] 02:08:45.100021 main.go:179: 15:Equal block
[peer] 02:08:45.100058 main.go:139: 15:Acquired bool lock
[peer] 02:08:45.100067 main.go:140: Chain Length:5
[peer] 02:08:45.100072 main.go:142: Chain Length:5
[peer] 02:08:45.100077 main.go:147: Already have block
[peer] 02:08:45.100088 main.go:152: 15:Bool lock released
[peer] 02:08:45.100094 main.go:179: 15:Equal block
[peer] 02:08:45.101161 main.go:139: 15:Acquired bool lock
[peer] 02:08:45.101174 main.go:140: Chain Length:5
[peer] 02:08:45.101179 main.go:142: Chain Length:5
[peer] 02:08:45.101185 main.go:147: Already have block
[peer] 02:08:45.101192 main.go:152: 15:Bool lock released
[peer] 02:08:45.101198 main.go:179: 15:Equal block
[peer] 02:08:45.101228 main.go:139: 15:Acquired bool lock
[peer] 02:08:45.101242 main.go:140: Chain Length:5
[peer] 02:08:45.101254 main.go:142: Chain Length:5
[peer] 02:08:45.101260 main.go:147: Already have block
[peer] 02:08:45.101268 main.go:152: 15:Bool lock released
[peer] 02:08:45.101274 main.go:179: 15:Equal block
[peer] 02:08:45.101331 main.go:139: 15:Acquired bool lock
[peer] 02:08:45.101341 main.go:140: Chain Length:5
[peer] 02:08:45.101346 main.go:142: Chain Length:5
[peer] 02:08:45.101352 main.go:147: Already have block
[peer] 02:08:45.101359 main.go:152: 15:Bool lock released
[peer] 02:08:45.101364 main.go:179: 15:Equal block
[peer] 02:08:45.103327 main.go:729: 15:Block sent to peer successful
[err] 02:08:45.103339 main.go:302: Error in sending block, err = Stale Update/Block
[peer] 02:08:45.104988 main.go:729: 15:Block sent to peer successful
[err] 02:08:45.105001 main.go:302: Error in sending block, err = Stale Update/Block
[peer] 02:08:45.108701 main.go:729: 15:Block sent to peer successful
[err] 02:08:45.108714 main.go:302: Error in sending block, err = Stale Update/Block
[peer] 02:08:45.108817 main.go:729: 15:Block sent to peer successful
[err] 02:08:45.108828 main.go:302: Error in sending block, err = Stale Update/Block
[peer] 02:08:45.108914 main.go:729: 15:Block sent to peer successful
[err] 02:08:45.108924 main.go:302: Error in sending block, err = Stale Update/Block
[peer] 02:08:45.109019 main.go:729: 15:Block sent to peer successful
[err] 02:08:45.109029 main.go:302: Error in sending block, err = Stale Update/Block
[peer] 02:08:45.109123 main.go:729: 15:Block sent to peer successful
[err] 02:08:45.109133 main.go:302: Error in sending block, err = Stale Update/Block
[peer] 02:08:45.109322 main.go:130: 15:Got block message, iteration 3
[peer] 02:08:45.109339 main.go:137: 15:Acquiring bool lock
[peer] 02:08:45.109345 main.go:139: 15:Acquired bool lock
[peer] 02:08:45.109350 main.go:140: Chain Length:5
[peer] 02:08:45.109355 main.go:142: Chain Length:5
[peer] 02:08:45.109361 main.go:147: Already have block
[peer] 02:08:45.109368 main.go:152: 15:Bool lock released
[peer] 02:08:45.109373 main.go:179: 15:Equal block
[peer] 02:08:45.109485 main.go:729: 15:Block sent to peer successful
[err] 02:08:45.109496 main.go:302: Error in sending block, err = Stale Update/Block
[peer] 02:08:45.109591 main.go:729: 15:Block sent to peer successful
[err] 02:08:45.109602 main.go:302: Error in sending block, err = Stale Update/Block
[peer] 02:08:45.109701 main.go:729: 15:Block sent to peer successful
[err] 02:08:45.109711 main.go:302: Error in sending block, err = Stale Update/Block
[peer] 02:08:45.109809 main.go:729: 15:Block sent to peer successful
[err] 02:08:45.109820 main.go:302: Error in sending block, err = Stale Update/Block
[peer] 02:08:45.109925 main.go:729: 15:Block sent to peer successful
[err] 02:08:45.109943 main.go:302: Error in sending block, err = Stale Update/Block
[peer] 02:08:45.110041 main.go:729: 15:Block sent to peer successful
[err] 02:08:45.110054 main.go:302: Error in sending block, err = Stale Update/Block
[peer] 02:08:45.110168 main.go:729: 15:Block sent to peer successful
[err] 02:08:45.110182 main.go:302: Error in sending block, err = Stale Update/Block
[peer] 02:08:45.124472 main.go:729: 15:Block sent to peer successful
[err] 02:08:45.124583 main.go:302: Error in sending block, err = Stale Update/Block
[peer] 02:08:45.125293 main.go:130: 15:Got block message, iteration 3
[peer] 02:08:45.125312 main.go:137: 15:Acquiring bool lock
[peer] 02:08:45.125318 main.go:139: 15:Acquired bool lock
[peer] 02:08:45.125323 main.go:140: Chain Length:5
[peer] 02:08:45.125328 main.go:142: Chain Length:5
[peer] 02:08:45.125334 main.go:147: Already have block
[peer] 02:08:45.125341 main.go:152: 15:Bool lock released
[peer] 02:08:45.125347 main.go:179: 15:Equal block
[peer] 02:08:45.127695 main.go:633: 15:Accepted new Connection
[peer] 02:08:45.141879 main.go:633: 15:Accepted new Connection
[peer] 02:08:45.143064 main.go:130: 15:Got block message, iteration 3
[peer] 02:08:45.143084 main.go:137: 15:Acquiring bool lock
[peer] 02:08:45.143090 main.go:139: 15:Acquired bool lock
[peer] 02:08:45.143096 main.go:140: Chain Length:5
[peer] 02:08:45.143110 main.go:142: Chain Length:5
[peer] 02:08:45.143116 main.go:147: Already have block
[peer] 02:08:45.143123 main.go:152: 15:Bool lock released
[peer] 02:08:45.143130 main.go:179: 15:Equal block
[peer] 02:08:45.144891 main.go:729: 15:Block sent to peer successful
[err] 02:08:45.144906 main.go:302: Error in sending block, err = Stale Update/Block
[peer] 02:08:45.149819 main.go:729: 15:Block sent to peer successful
[err] 02:08:45.149837 main.go:302: Error in sending block, err = Stale Update/Block
[peer] 02:08:45.149902 main.go:633: 15:Accepted new Connection
[peer] 02:08:45.161271 main.go:130: 15:Got block message, iteration 3
[peer] 02:08:45.161293 main.go:137: 15:Acquiring bool lock
[peer] 02:08:45.161299 main.go:139: 15:Acquired bool lock
[peer] 02:08:45.161304 main.go:140: Chain Length:5
[peer] 02:08:45.161310 main.go:142: Chain Length:5
[peer] 02:08:45.161315 main.go:147: Already have block
[peer] 02:08:45.161323 main.go:152: 15:Bool lock released
[peer] 02:08:45.161329 main.go:179: 15:Equal block
[peer] 02:08:45.164615 main.go:130: 15:Got block message, iteration 3
[peer] 02:08:45.164633 main.go:137: 15:Acquiring bool lock
[peer] 02:08:45.164639 main.go:139: 15:Acquired bool lock
[peer] 02:08:45.164644 main.go:140: Chain Length:5
[peer] 02:08:45.164649 main.go:142: Chain Length:5
[peer] 02:08:45.164655 main.go:147: Already have block
[peer] 02:08:45.164662 main.go:152: 15:Bool lock released
[peer] 02:08:45.164667 main.go:179: 15:Equal block
[peer] 02:08:45.168318 main.go:729: 15:Block sent to peer successful
[err] 02:08:45.168335 main.go:302: Error in sending block, err = Stale Update/Block
[peer] 02:08:45.236110 main.go:633: 15:Accepted new Connection
[peer] 02:08:45.236585 main.go:130: 15:Got block message, iteration 3
[peer] 02:08:45.236608 main.go:137: 15:Acquiring bool lock
[peer] 02:08:45.236615 main.go:139: 15:Acquired bool lock
[peer] 02:08:45.236621 main.go:140: Chain Length:5
[peer] 02:08:45.236626 main.go:142: Chain Length:5
[peer] 02:08:45.236632 main.go:147: Already have block
[peer] 02:08:45.236639 main.go:152: 15:Bool lock released
[peer] 02:08:45.236646 main.go:179: 15:Equal block
[peer] 02:08:45.236815 main.go:729: 15:Block sent to peer successful
[err] 02:08:45.236828 main.go:302: Error in sending block, err = Stale Update/Block
[peer] 02:08:45.236869 main.go:684: 15:RPC calls successfully returned. Iteration: 3
[peer] 02:08:45.548841 honest.go:81: 15Train Error is 0.04791 in Iteration 3
[peer] 02:08:45.548871 main.go:692: 15:Preparing for next Iteration. Current Iteration: 3
