[peer] 01:25:58.006483 honest.go:107: 15Importing modules...
../ML/code/utils.py:223: FutureWarning: Method .as_matrix will be removed in a future version. Use .values instead.
  data = data.as_matrix()
../ML/code/utils.py:94: FutureWarning: Method .as_matrix will be removed in a future version. Use .values instead.
  credit = df.ix[1:nn, 1:dd].as_matrix()
[peer] 01:26:12.620579 honest.go:122: 15Sucessfully pulled dataset. Features: 25
[peer] 01:26:12.620841 main.go:487: 15:Announcing myself to network
[peer] 01:26:12.620881 main.go:492: 15:Calling {198.162.52.126 %!s(int=8000) }
[peer] 01:26:12.620892 main.go:629: 15:Peer started. Receiving on 8015
[peer] 01:26:12.620892 main.go:511: 15:Inside callRegisterRPC
[peer] 01:26:12.620922 main.go:516: 15Making RPC call
[peer] 01:26:12.621021 main.go:522: 15RPC dial successful
[peer] 01:26:12.621036 main.go:525: 15:Calling RPC:198.162.52.126:8000
[peer] 01:26:12.621050 main.go:527: 15:RPC called198.162.52.126:8000
[peer] 01:26:12.621562 main.go:534: 15:Announced myself to a fellow peer at port. Got lastest chain
[peer] 01:26:12.621577 main.go:541: Chain length received:7
[peer] 01:26:12.621583 main.go:542: My chain length:1
[peer] 01:26:12.621588 honest.go:340: Received chain length:7
[peer] 01:26:12.621592 honest.go:341: Appended chain length:7
[peer] 01:26:12.621596 main.go:555: 15Got lastest chain until iteration 5
[peer] 01:26:12.621631 main.go:492: 15:Calling {198.162.52.126 %!s(int=8001) }
[peer] 01:26:12.621639 main.go:511: 15:Inside callRegisterRPC
[peer] 01:26:12.621646 main.go:516: 15Making RPC call
[peer] 01:26:12.621751 main.go:522: 15RPC dial successful
[peer] 01:26:12.621764 main.go:525: 15:Calling RPC:198.162.52.126:8001
[peer] 01:26:12.621776 main.go:527: 15:RPC called198.162.52.126:8001
[peer] 01:26:12.622134 main.go:534: 15:Announced myself to a fellow peer at port. Got lastest chain
[peer] 01:26:12.622145 main.go:541: Chain length received:7
[peer] 01:26:12.622150 main.go:542: My chain length:7
[peer] 01:26:12.622181 main.go:492: 15:Calling {198.162.52.126 %!s(int=8002) }
[peer] 01:26:12.622193 main.go:511: 15:Inside callRegisterRPC
[peer] 01:26:12.622201 main.go:516: 15Making RPC call
[peer] 01:26:12.622277 main.go:522: 15RPC dial successful
[peer] 01:26:12.622294 main.go:525: 15:Calling RPC:198.162.52.126:8002
[peer] 01:26:12.622306 main.go:527: 15:RPC called198.162.52.126:8002
[peer] 01:26:12.622838 main.go:534: 15:Announced myself to a fellow peer at port. Got lastest chain
[peer] 01:26:12.622853 main.go:541: Chain length received:7
[peer] 01:26:12.622862 main.go:542: My chain length:7
[peer] 01:26:12.622900 main.go:492: 15:Calling {198.162.52.126 %!s(int=8003) }
[peer] 01:26:12.622913 main.go:511: 15:Inside callRegisterRPC
[peer] 01:26:12.622922 main.go:516: 15Making RPC call
[peer] 01:26:12.622991 main.go:522: 15RPC dial successful
[peer] 01:26:12.623007 main.go:525: 15:Calling RPC:198.162.52.126:8003
[peer] 01:26:12.623018 main.go:527: 15:RPC called198.162.52.126:8003
[peer] 01:26:12.623422 main.go:534: 15:Announced myself to a fellow peer at port. Got lastest chain
[peer] 01:26:12.623434 main.go:541: Chain length received:7
[peer] 01:26:12.623444 main.go:542: My chain length:7
[peer] 01:26:12.623483 main.go:492: 15:Calling {198.162.52.126 %!s(int=8004) }
[peer] 01:26:12.623493 main.go:511: 15:Inside callRegisterRPC
[peer] 01:26:12.623501 main.go:516: 15Making RPC call
[err] 01:26:12.623555 main.go:302: Peer offline.Couldn't connect to peer: 198.162.52.126:8004, err = dial tcp 198.162.52.126:8004: connect: connection refused
[peer] 01:26:12.623577 main.go:492: 15:Calling {198.162.52.126 %!s(int=8005) }
[peer] 01:26:12.623592 main.go:511: 15:Inside callRegisterRPC
[peer] 01:26:12.623601 main.go:516: 15Making RPC call
[peer] 01:26:12.623680 main.go:522: 15RPC dial successful
[peer] 01:26:12.623693 main.go:525: 15:Calling RPC:198.162.52.126:8005
[peer] 01:26:12.623704 main.go:527: 15:RPC called198.162.52.126:8005
[peer] 01:26:12.624134 main.go:534: 15:Announced myself to a fellow peer at port. Got lastest chain
[peer] 01:26:12.624147 main.go:541: Chain length received:7
[peer] 01:26:12.624169 main.go:542: My chain length:7
[peer] 01:26:12.624204 main.go:492: 15:Calling {198.162.52.126 %!s(int=8006) }
[peer] 01:26:12.624213 main.go:511: 15:Inside callRegisterRPC
[peer] 01:26:12.624221 main.go:516: 15Making RPC call
[peer] 01:26:12.624289 main.go:522: 15RPC dial successful
[peer] 01:26:12.624304 main.go:525: 15:Calling RPC:198.162.52.126:8006
[peer] 01:26:12.624315 main.go:527: 15:RPC called198.162.52.126:8006
[peer] 01:26:12.624708 main.go:534: 15:Announced myself to a fellow peer at port. Got lastest chain
[peer] 01:26:12.624720 main.go:541: Chain length received:7
[peer] 01:26:12.624729 main.go:542: My chain length:7
[peer] 01:26:12.624765 main.go:492: 15:Calling {198.162.52.126 %!s(int=8007) }
[peer] 01:26:12.624774 main.go:511: 15:Inside callRegisterRPC
[peer] 01:26:12.624782 main.go:516: 15Making RPC call
[peer] 01:26:12.624844 main.go:522: 15RPC dial successful
[peer] 01:26:12.624855 main.go:525: 15:Calling RPC:198.162.52.126:8007
[peer] 01:26:12.624861 main.go:527: 15:RPC called198.162.52.126:8007
[peer] 01:26:12.625241 main.go:534: 15:Announced myself to a fellow peer at port. Got lastest chain
[peer] 01:26:12.625253 main.go:541: Chain length received:7
[peer] 01:26:12.625258 main.go:542: My chain length:7
[peer] 01:26:12.625282 main.go:492: 15:Calling {198.162.52.126 %!s(int=8008) }
[peer] 01:26:12.625289 main.go:511: 15:Inside callRegisterRPC
[peer] 01:26:12.625294 main.go:516: 15Making RPC call
[peer] 01:26:12.625344 main.go:522: 15RPC dial successful
[peer] 01:26:12.625355 main.go:525: 15:Calling RPC:198.162.52.126:8008
[peer] 01:26:12.625365 main.go:527: 15:RPC called198.162.52.126:8008
[peer] 01:26:12.625782 main.go:534: 15:Announced myself to a fellow peer at port. Got lastest chain
[peer] 01:26:12.625794 main.go:541: Chain length received:7
[peer] 01:26:12.625799 main.go:542: My chain length:7
[peer] 01:26:12.625829 main.go:492: 15:Calling {198.162.52.126 %!s(int=8009) }
[peer] 01:26:12.625837 main.go:511: 15:Inside callRegisterRPC
[peer] 01:26:12.625842 main.go:516: 15Making RPC call
[peer] 01:26:12.625905 main.go:522: 15RPC dial successful
[peer] 01:26:12.625921 main.go:525: 15:Calling RPC:198.162.52.126:8009
[peer] 01:26:12.625931 main.go:527: 15:RPC called198.162.52.126:8009
[peer] 01:26:12.626270 main.go:534: 15:Announced myself to a fellow peer at port. Got lastest chain
[peer] 01:26:12.626282 main.go:541: Chain length received:7
[peer] 01:26:12.626288 main.go:542: My chain length:7
[peer] 01:26:12.626314 main.go:492: 15:Calling {198.162.52.126 %!s(int=8010) }
[peer] 01:26:12.626322 main.go:511: 15:Inside callRegisterRPC
[peer] 01:26:12.626327 main.go:516: 15Making RPC call
[peer] 01:26:12.626388 main.go:522: 15RPC dial successful
[peer] 01:26:12.626402 main.go:525: 15:Calling RPC:198.162.52.126:8010
[peer] 01:26:12.626414 main.go:527: 15:RPC called198.162.52.126:8010
[peer] 01:26:12.626743 main.go:534: 15:Announced myself to a fellow peer at port. Got lastest chain
[peer] 01:26:12.626753 main.go:541: Chain length received:7
[peer] 01:26:12.626759 main.go:542: My chain length:7
[peer] 01:26:12.626789 main.go:492: 15:Calling {198.162.52.126 %!s(int=8011) }
[peer] 01:26:12.626798 main.go:511: 15:Inside callRegisterRPC
[peer] 01:26:12.626803 main.go:516: 15Making RPC call
[peer] 01:26:12.626858 main.go:522: 15RPC dial successful
[peer] 01:26:12.626871 main.go:525: 15:Calling RPC:198.162.52.126:8011
[peer] 01:26:12.626881 main.go:527: 15:RPC called198.162.52.126:8011
[peer] 01:26:12.627189 main.go:534: 15:Announced myself to a fellow peer at port. Got lastest chain
[peer] 01:26:12.627201 main.go:541: Chain length received:7
[peer] 01:26:12.627209 main.go:542: My chain length:7
[peer] 01:26:12.627247 main.go:492: 15:Calling {198.162.52.126 %!s(int=8012) }
[peer] 01:26:12.627257 main.go:511: 15:Inside callRegisterRPC
[peer] 01:26:12.627264 main.go:516: 15Making RPC call
[peer] 01:26:12.627324 main.go:522: 15RPC dial successful
[peer] 01:26:12.627337 main.go:525: 15:Calling RPC:198.162.52.126:8012
[peer] 01:26:12.627348 main.go:527: 15:RPC called198.162.52.126:8012
[peer] 01:26:12.627672 main.go:534: 15:Announced myself to a fellow peer at port. Got lastest chain
[peer] 01:26:12.627683 main.go:541: Chain length received:7
[peer] 01:26:12.627690 main.go:542: My chain length:7
[peer] 01:26:12.627721 main.go:492: 15:Calling {198.162.52.126 %!s(int=8013) }
[peer] 01:26:12.627730 main.go:511: 15:Inside callRegisterRPC
[peer] 01:26:12.627735 main.go:516: 15Making RPC call
[peer] 01:26:12.627792 main.go:522: 15RPC dial successful
[peer] 01:26:12.627806 main.go:525: 15:Calling RPC:198.162.52.126:8013
[peer] 01:26:12.627817 main.go:527: 15:RPC called198.162.52.126:8013
[peer] 01:26:12.628158 main.go:534: 15:Announced myself to a fellow peer at port. Got lastest chain
[peer] 01:26:12.628171 main.go:541: Chain length received:7
[peer] 01:26:12.628176 main.go:542: My chain length:7
[peer] 01:26:12.628207 main.go:492: 15:Calling {198.162.52.126 %!s(int=8014) }
[peer] 01:26:12.628216 main.go:511: 15:Inside callRegisterRPC
[peer] 01:26:12.628221 main.go:516: 15Making RPC call
[peer] 01:26:12.628275 main.go:522: 15RPC dial successful
[peer] 01:26:12.628289 main.go:525: 15:Calling RPC:198.162.52.126:8014
[peer] 01:26:12.628299 main.go:527: 15:RPC called198.162.52.126:8014
[peer] 01:26:12.628610 main.go:534: 15:Announced myself to a fellow peer at port. Got lastest chain
[peer] 01:26:12.628625 main.go:541: Chain length received:7
[peer] 01:26:12.628634 main.go:542: My chain length:7
[peer] 01:26:12.628667 main.go:492: 15:Calling {198.162.52.126 %!s(int=8016) }
[peer] 01:26:12.628675 main.go:511: 15:Inside callRegisterRPC
[peer] 01:26:12.628683 main.go:516: 15Making RPC call
[err] 01:26:12.628736 main.go:302: Peer offline.Couldn't connect to peer: 198.162.52.126:8016, err = dial tcp 198.162.52.126:8016: connect: connection refused
[peer] 01:26:12.628750 main.go:492: 15:Calling {198.162.52.126 %!s(int=8017) }
[peer] 01:26:12.628756 main.go:511: 15:Inside callRegisterRPC
[peer] 01:26:12.628760 main.go:516: 15Making RPC call
[peer] 01:26:12.628813 main.go:522: 15RPC dial successful
[peer] 01:26:12.628823 main.go:525: 15:Calling RPC:198.162.52.126:8017
[peer] 01:26:12.628829 main.go:527: 15:RPC called198.162.52.126:8017
[peer] 01:26:12.629126 main.go:534: 15:Announced myself to a fellow peer at port. Got lastest chain
[peer] 01:26:12.629137 main.go:541: Chain length received:7
[peer] 01:26:12.629142 main.go:542: My chain length:7
[peer] 01:26:12.629167 main.go:492: 15:Calling {198.162.52.126 %!s(int=8018) }
[peer] 01:26:12.629176 main.go:511: 15:Inside callRegisterRPC
[peer] 01:26:12.629181 main.go:516: 15Making RPC call
[peer] 01:26:12.629235 main.go:522: 15RPC dial successful
[peer] 01:26:12.629249 main.go:525: 15:Calling RPC:198.162.52.126:8018
[peer] 01:26:12.629259 main.go:527: 15:RPC called198.162.52.126:8018
[peer] 01:26:12.629679 main.go:534: 15:Announced myself to a fellow peer at port. Got lastest chain
[peer] 01:26:12.629691 main.go:541: Chain length received:7
[peer] 01:26:12.629696 main.go:542: My chain length:7
[peer] 01:26:12.629726 main.go:492: 15:Calling {198.162.52.126 %!s(int=8019) }
[peer] 01:26:12.629738 main.go:511: 15:Inside callRegisterRPC
[peer] 01:26:12.629747 main.go:516: 15Making RPC call
[peer] 01:26:12.629808 main.go:522: 15RPC dial successful
[peer] 01:26:12.629823 main.go:525: 15:Calling RPC:198.162.52.126:8019
[peer] 01:26:12.629834 main.go:527: 15:RPC called198.162.52.126:8019
[peer] 01:26:12.630141 main.go:534: 15:Announced myself to a fellow peer at port. Got lastest chain
[peer] 01:26:12.630152 main.go:541: Chain length received:7
[peer] 01:26:12.630157 main.go:542: My chain length:7
[peer] 01:26:12.630185 main.go:492: 15:Calling {198.162.52.57 %!s(int=8020) }
[peer] 01:26:12.630193 main.go:511: 15:Inside callRegisterRPC
[peer] 01:26:12.630198 main.go:516: 15Making RPC call
[peer] 01:26:12.630488 main.go:522: 15RPC dial successful
[peer] 01:26:12.630499 main.go:525: 15:Calling RPC:198.162.52.57:8020
[peer] 01:26:12.630504 main.go:527: 15:RPC called198.162.52.57:8020
[peer] 01:26:12.631503 main.go:534: 15:Announced myself to a fellow peer at port. Got lastest chain
[peer] 01:26:12.631520 main.go:541: Chain length received:7
[peer] 01:26:12.631526 main.go:542: My chain length:7
[peer] 01:26:12.631552 main.go:492: 15:Calling {198.162.52.57 %!s(int=8021) }
[peer] 01:26:12.631561 main.go:511: 15:Inside callRegisterRPC
[peer] 01:26:12.631566 main.go:516: 15Making RPC call
[peer] 01:26:12.632002 main.go:522: 15RPC dial successful
[peer] 01:26:12.632016 main.go:525: 15:Calling RPC:198.162.52.57:8021
[peer] 01:26:12.632022 main.go:527: 15:RPC called198.162.52.57:8021
[peer] 01:26:12.633089 main.go:534: 15:Announced myself to a fellow peer at port. Got lastest chain
[peer] 01:26:12.633100 main.go:541: Chain length received:7
[peer] 01:26:12.633105 main.go:542: My chain length:7
[peer] 01:26:12.633125 main.go:492: 15:Calling {198.162.52.57 %!s(int=8022) }
[peer] 01:26:12.633132 main.go:511: 15:Inside callRegisterRPC
[peer] 01:26:12.633136 main.go:516: 15Making RPC call
[peer] 01:26:12.633583 main.go:522: 15RPC dial successful
[peer] 01:26:12.633596 main.go:525: 15:Calling RPC:198.162.52.57:8022
[peer] 01:26:12.633605 main.go:527: 15:RPC called198.162.52.57:8022
[peer] 01:26:12.634577 main.go:534: 15:Announced myself to a fellow peer at port. Got lastest chain
[peer] 01:26:12.634589 main.go:541: Chain length received:7
[peer] 01:26:12.634594 main.go:542: My chain length:7
[peer] 01:26:12.634619 main.go:492: 15:Calling {198.162.52.57 %!s(int=8023) }
[peer] 01:26:12.634627 main.go:511: 15:Inside callRegisterRPC
[peer] 01:26:12.634632 main.go:516: 15Making RPC call
[peer] 01:26:12.635099 main.go:522: 15RPC dial successful
[peer] 01:26:12.635116 main.go:525: 15:Calling RPC:198.162.52.57:8023
[peer] 01:26:12.635127 main.go:527: 15:RPC called198.162.52.57:8023
[peer] 01:26:12.636155 main.go:534: 15:Announced myself to a fellow peer at port. Got lastest chain
[peer] 01:26:12.636166 main.go:541: Chain length received:7
[peer] 01:26:12.636171 main.go:542: My chain length:7
[peer] 01:26:12.636192 main.go:492: 15:Calling {198.162.52.57 %!s(int=8024) }
[peer] 01:26:12.636200 main.go:511: 15:Inside callRegisterRPC
[peer] 01:26:12.636207 main.go:516: 15Making RPC call
[peer] 01:26:12.636639 main.go:522: 15RPC dial successful
[peer] 01:26:12.636651 main.go:525: 15:Calling RPC:198.162.52.57:8024
[peer] 01:26:12.636658 main.go:527: 15:RPC called198.162.52.57:8024
[peer] 01:26:12.637683 main.go:534: 15:Announced myself to a fellow peer at port. Got lastest chain
[peer] 01:26:12.637696 main.go:541: Chain length received:7
[peer] 01:26:12.637704 main.go:542: My chain length:7
[peer] 01:26:12.637739 main.go:492: 15:Calling {198.162.52.57 %!s(int=8025) }
[peer] 01:26:12.637751 main.go:511: 15:Inside callRegisterRPC
[peer] 01:26:12.637759 main.go:516: 15Making RPC call
[peer] 01:26:12.638227 main.go:522: 15RPC dial successful
[peer] 01:26:12.638241 main.go:525: 15:Calling RPC:198.162.52.57:8025
[peer] 01:26:12.638250 main.go:527: 15:RPC called198.162.52.57:8025
[peer] 01:26:12.638591 main.go:633: 15:Accepted new Connection
[peer] 01:26:12.638743 main.go:213: 15:Registering peer:198.162.52.126:8004
[peer] 01:26:12.638754 main.go:223: Advertising chain to peer with length 7
[peer] 01:26:12.639365 main.go:534: 15:Announced myself to a fellow peer at port. Got lastest chain
[peer] 01:26:12.639376 main.go:541: Chain length received:7
[peer] 01:26:12.639381 main.go:542: My chain length:7
[peer] 01:26:12.639410 main.go:492: 15:Calling {198.162.52.57 %!s(int=8026) }
[peer] 01:26:12.639421 main.go:511: 15:Inside callRegisterRPC
[peer] 01:26:12.639430 main.go:516: 15Making RPC call
[peer] 01:26:12.639858 main.go:522: 15RPC dial successful
[peer] 01:26:12.639869 main.go:525: 15:Calling RPC:198.162.52.57:8026
[peer] 01:26:12.639875 main.go:527: 15:RPC called198.162.52.57:8026
[peer] 01:26:12.640889 main.go:534: 15:Announced myself to a fellow peer at port. Got lastest chain
[peer] 01:26:12.640900 main.go:541: Chain length received:7
[peer] 01:26:12.640906 main.go:542: My chain length:7
[peer] 01:26:12.640930 main.go:492: 15:Calling {198.162.52.57 %!s(int=8027) }
[peer] 01:26:12.640939 main.go:511: 15:Inside callRegisterRPC
[peer] 01:26:12.640949 main.go:516: 15Making RPC call
[peer] 01:26:12.641303 main.go:522: 15RPC dial successful
[peer] 01:26:12.641314 main.go:525: 15:Calling RPC:198.162.52.57:8027
[peer] 01:26:12.641320 main.go:527: 15:RPC called198.162.52.57:8027
[peer] 01:26:12.642404 main.go:534: 15:Announced myself to a fellow peer at port. Got lastest chain
[peer] 01:26:12.642417 main.go:541: Chain length received:7
[peer] 01:26:12.642422 main.go:542: My chain length:7
[peer] 01:26:12.642443 main.go:492: 15:Calling {198.162.52.57 %!s(int=8028) }
[peer] 01:26:12.642450 main.go:511: 15:Inside callRegisterRPC
[peer] 01:26:12.642455 main.go:516: 15Making RPC call
[peer] 01:26:12.642811 main.go:522: 15RPC dial successful
[peer] 01:26:12.642819 main.go:525: 15:Calling RPC:198.162.52.57:8028
[peer] 01:26:12.642824 main.go:527: 15:RPC called198.162.52.57:8028
[peer] 01:26:12.643926 main.go:534: 15:Announced myself to a fellow peer at port. Got lastest chain
[peer] 01:26:12.643940 main.go:541: Chain length received:7
[peer] 01:26:12.643949 main.go:542: My chain length:7
[peer] 01:26:12.643971 main.go:492: 15:Calling {198.162.52.57 %!s(int=8029) }
[peer] 01:26:12.643979 main.go:511: 15:Inside callRegisterRPC
[peer] 01:26:12.643986 main.go:516: 15Making RPC call
[peer] 01:26:12.644349 main.go:522: 15RPC dial successful
[peer] 01:26:12.644358 main.go:525: 15:Calling RPC:198.162.52.57:8029
[peer] 01:26:12.644364 main.go:527: 15:RPC called198.162.52.57:8029
[peer] 01:26:12.645177 main.go:534: 15:Announced myself to a fellow peer at port. Got lastest chain
[peer] 01:26:12.645189 main.go:541: Chain length received:7
[peer] 01:26:12.645194 main.go:542: My chain length:7
[peer] 01:26:12.645214 main.go:492: 15:Calling {198.162.52.57 %!s(int=8030) }
[peer] 01:26:12.645220 main.go:511: 15:Inside callRegisterRPC
[peer] 01:26:12.645224 main.go:516: 15Making RPC call
[peer] 01:26:12.645618 main.go:522: 15RPC dial successful
[peer] 01:26:12.645632 main.go:525: 15:Calling RPC:198.162.52.57:8030
[peer] 01:26:12.645642 main.go:527: 15:RPC called198.162.52.57:8030
[peer] 01:26:12.646635 main.go:534: 15:Announced myself to a fellow peer at port. Got lastest chain
[peer] 01:26:12.646645 main.go:541: Chain length received:7
[peer] 01:26:12.646650 main.go:542: My chain length:7
[peer] 01:26:12.646669 main.go:492: 15:Calling {198.162.52.57 %!s(int=8031) }
[peer] 01:26:12.646675 main.go:511: 15:Inside callRegisterRPC
[peer] 01:26:12.646680 main.go:516: 15Making RPC call
[peer] 01:26:12.647065 main.go:522: 15RPC dial successful
[peer] 01:26:12.647074 main.go:525: 15:Calling RPC:198.162.52.57:8031
[peer] 01:26:12.647079 main.go:527: 15:RPC called198.162.52.57:8031
[peer] 01:26:12.647936 main.go:633: 15:Accepted new Connection
[peer] 01:26:12.648075 main.go:213: 15:Registering peer:198.162.52.126:8016
[peer] 01:26:12.648084 main.go:223: Advertising chain to peer with length 7
[peer] 01:26:12.648645 main.go:534: 15:Announced myself to a fellow peer at port. Got lastest chain
[peer] 01:26:12.648655 main.go:541: Chain length received:7
[peer] 01:26:12.648660 main.go:542: My chain length:7
[peer] 01:26:12.648682 main.go:492: 15:Calling {198.162.52.57 %!s(int=8032) }
[peer] 01:26:12.648688 main.go:511: 15:Inside callRegisterRPC
[peer] 01:26:12.648694 main.go:516: 15Making RPC call
[peer] 01:26:12.649130 main.go:522: 15RPC dial successful
[peer] 01:26:12.649138 main.go:525: 15:Calling RPC:198.162.52.57:8032
[peer] 01:26:12.649144 main.go:527: 15:RPC called198.162.52.57:8032
[peer] 01:26:12.650135 main.go:534: 15:Announced myself to a fellow peer at port. Got lastest chain
[peer] 01:26:12.650147 main.go:541: Chain length received:7
[peer] 01:26:12.650152 main.go:542: My chain length:7
[peer] 01:26:12.650171 main.go:492: 15:Calling {198.162.52.57 %!s(int=8033) }
[peer] 01:26:12.650182 main.go:511: 15:Inside callRegisterRPC
[peer] 01:26:12.650187 main.go:516: 15Making RPC call
[peer] 01:26:12.650570 main.go:522: 15RPC dial successful
[peer] 01:26:12.650579 main.go:525: 15:Calling RPC:198.162.52.57:8033
[peer] 01:26:12.650584 main.go:527: 15:RPC called198.162.52.57:8033
[peer] 01:26:12.651755 main.go:534: 15:Announced myself to a fellow peer at port. Got lastest chain
[peer] 01:26:12.651770 main.go:541: Chain length received:7
[peer] 01:26:12.651775 main.go:542: My chain length:7
[peer] 01:26:12.651798 main.go:492: 15:Calling {198.162.52.57 %!s(int=8034) }
[peer] 01:26:12.651805 main.go:511: 15:Inside callRegisterRPC
[peer] 01:26:12.651810 main.go:516: 15Making RPC call
[peer] 01:26:12.652115 main.go:522: 15RPC dial successful
[peer] 01:26:12.652131 main.go:525: 15:Calling RPC:198.162.52.57:8034
[peer] 01:26:12.652144 main.go:527: 15:RPC called198.162.52.57:8034
[peer] 01:26:12.653224 main.go:534: 15:Announced myself to a fellow peer at port. Got lastest chain
[peer] 01:26:12.653234 main.go:541: Chain length received:7
[peer] 01:26:12.653240 main.go:542: My chain length:7
[peer] 01:26:12.653261 main.go:492: 15:Calling {198.162.52.57 %!s(int=8035) }
[peer] 01:26:12.653268 main.go:511: 15:Inside callRegisterRPC
[peer] 01:26:12.653273 main.go:516: 15Making RPC call
[peer] 01:26:12.653631 main.go:522: 15RPC dial successful
[peer] 01:26:12.653640 main.go:525: 15:Calling RPC:198.162.52.57:8035
[peer] 01:26:12.653646 main.go:527: 15:RPC called198.162.52.57:8035
[peer] 01:26:12.654525 main.go:534: 15:Announced myself to a fellow peer at port. Got lastest chain
[peer] 01:26:12.654536 main.go:541: Chain length received:7
[peer] 01:26:12.654541 main.go:542: My chain length:7
[peer] 01:26:12.654560 main.go:492: 15:Calling {198.162.52.57 %!s(int=8036) }
[peer] 01:26:12.654567 main.go:511: 15:Inside callRegisterRPC
[peer] 01:26:12.654572 main.go:516: 15Making RPC call
[peer] 01:26:12.654973 main.go:522: 15RPC dial successful
[peer] 01:26:12.654993 main.go:525: 15:Calling RPC:198.162.52.57:8036
[peer] 01:26:12.655013 main.go:527: 15:RPC called198.162.52.57:8036
[peer] 01:26:12.655907 main.go:534: 15:Announced myself to a fellow peer at port. Got lastest chain
[peer] 01:26:12.655919 main.go:541: Chain length received:7
[peer] 01:26:12.655924 main.go:542: My chain length:7
[peer] 01:26:12.655947 main.go:492: 15:Calling {198.162.52.57 %!s(int=8037) }
[peer] 01:26:12.655955 main.go:511: 15:Inside callRegisterRPC
[peer] 01:26:12.655959 main.go:516: 15Making RPC call
[peer] 01:26:12.656371 main.go:522: 15RPC dial successful
[peer] 01:26:12.656382 main.go:525: 15:Calling RPC:198.162.52.57:8037
[peer] 01:26:12.656389 main.go:527: 15:RPC called198.162.52.57:8037
[peer] 01:26:12.657489 main.go:534: 15:Announced myself to a fellow peer at port. Got lastest chain
[peer] 01:26:12.657501 main.go:541: Chain length received:7
[peer] 01:26:12.657506 main.go:542: My chain length:7
[peer] 01:26:12.657525 main.go:492: 15:Calling {198.162.52.57 %!s(int=8038) }
[peer] 01:26:12.657532 main.go:511: 15:Inside callRegisterRPC
[peer] 01:26:12.657536 main.go:516: 15Making RPC call
[peer] 01:26:12.657887 main.go:522: 15RPC dial successful
[peer] 01:26:12.657899 main.go:525: 15:Calling RPC:198.162.52.57:8038
[peer] 01:26:12.657904 main.go:527: 15:RPC called198.162.52.57:8038
[peer] 01:26:12.658877 main.go:534: 15:Announced myself to a fellow peer at port. Got lastest chain
[peer] 01:26:12.658888 main.go:541: Chain length received:7
[peer] 01:26:12.658893 main.go:542: My chain length:7
[peer] 01:26:12.658915 main.go:492: 15:Calling {198.162.52.57 %!s(int=8039) }
[peer] 01:26:12.658922 main.go:511: 15:Inside callRegisterRPC
[peer] 01:26:12.658926 main.go:516: 15Making RPC call
[peer] 01:26:12.659304 main.go:522: 15RPC dial successful
[peer] 01:26:12.659316 main.go:525: 15:Calling RPC:198.162.52.57:8039
[peer] 01:26:12.659321 main.go:527: 15:RPC called198.162.52.57:8039
[peer] 01:26:12.660342 main.go:534: 15:Announced myself to a fellow peer at port. Got lastest chain
[peer] 01:26:12.660353 main.go:541: Chain length received:7
[peer] 01:26:12.660358 main.go:542: My chain length:7
[peer] 01:26:12.660378 main.go:502: 15:Bootstrapped Network. Calling signal
[peer] 01:26:12.660385 main.go:504: 15:Bootstrapped Network. Signal called
[peer] 01:26:12.660390 main.go:588: 15:Acquiring bool lock
[peer] 01:26:12.660397 main.go:590: 15:Acquired bool lock
[peer] 01:26:12.661570 main.go:609: 15:I am not verifier IterationCount:6
[peer] 01:26:12.661582 main.go:614: 15:Bool lock released
[peer] 01:26:12.661587 main.go:824: 15:Computing Update
[peer] 01:26:12.662049 main.go:270: 15 : VRF returned ID map[31:{}]
[peer] 01:26:12.662062 main.go:280: 15 :Verifiers [198.162.52.57:8031] returned.
[peer] 01:26:12.662510 main.go:869: 15:Making RPC Call to Verifier. Sending Update, Iteration:6
[peer] 01:26:12.663841 main.go:876: 15:Update sent successfully
[peer] 01:26:12.697578 main.go:633: 15:Accepted new Connection
[peer] 01:26:12.697615 main.go:633: 15:Accepted new Connection
[peer] 01:26:12.697636 main.go:633: 15:Accepted new Connection
[peer] 01:26:12.697924 main.go:130: 15:Got block message, iteration 6
[peer] 01:26:12.697947 main.go:137: 15:Acquiring bool lock
[peer] 01:26:12.697956 main.go:139: 15:Acquired bool lock
[peer] 01:26:12.697964 main.go:140: Chain Length:7
[peer] 01:26:12.697971 blockchain.go:71: Returning nil
[peer] 01:26:12.697978 main.go:142: Chain Length:7
[peer] 01:26:12.697986 main.go:187: 15:Sending to channel
[peer] 01:26:12.697995 main.go:193: 15:Sent to channel
[peer] 01:26:12.698004 main.go:195: 15:Returning
[peer] 01:26:12.698150 main.go:777: 15:Adding block to chain
[peer] 01:26:12.698168 honest.go:222: Trying to append block with iteration:6
[peer] 01:26:12.698176 blockchain.go:71: Returning nil
[peer] 01:26:12.698183 honest.go:238: Append successful
[peer] 01:26:12.698192 main.go:781: 15:Adding block to chain
[peer] 01:26:12.698198 main.go:787: 15:Checking convergence
[peer] 01:26:12.698835 main.go:955: 15:Block Received. Appending to chain and moving on to the next iteration. 6
[peer] 01:26:12.706218 main.go:633: 15:Accepted new Connection
[peer] 01:26:12.711834 main.go:633: 15:Accepted new Connection
[peer] 01:26:12.711859 main.go:633: 15:Accepted new Connection
[peer] 01:26:12.712114 main.go:130: 15:Got block message, iteration 6
[peer] 01:26:12.712132 main.go:137: 15:Acquiring bool lock
[peer] 01:26:12.712338 main.go:130: 15:Got block message, iteration 6
[peer] 01:26:12.712358 main.go:137: 15:Acquiring bool lock
[peer] 01:26:12.715635 main.go:633: 15:Accepted new Connection
[peer] 01:26:12.715890 main.go:130: 15:Got block message, iteration 6
[peer] 01:26:12.715911 main.go:137: 15:Acquiring bool lock
[peer] 01:26:12.727975 main.go:633: 15:Accepted new Connection
[peer] 01:26:12.728135 main.go:633: 15:Accepted new Connection
[peer] 01:26:12.728224 main.go:633: 15:Accepted new Connection
[peer] 01:26:12.728702 main.go:633: 15:Accepted new Connection
[peer] 01:26:12.737233 main.go:130: 15:Got block message, iteration 6
[peer] 01:26:12.737352 main.go:137: 15:Acquiring bool lock
[peer] 01:26:12.737402 main.go:633: 15:Accepted new Connection
[peer] 01:26:12.739757 main.go:633: 15:Accepted new Connection
[peer] 01:26:12.737730 main.go:130: 15:Got block message, iteration 6
[peer] 01:26:12.743305 main.go:137: 15:Acquiring bool lock
[peer] 01:26:12.739722 main.go:130: 15:Got block message, iteration 6
[peer] 01:26:12.743368 main.go:137: 15:Acquiring bool lock
[peer] 01:26:12.743616 main.go:130: 15:Got block message, iteration 6
[peer] 01:26:12.743658 main.go:137: 15:Acquiring bool lock
[peer] 01:26:12.743744 main.go:130: 15:Got block message, iteration 6
[peer] 01:26:12.744340 main.go:137: 15:Acquiring bool lock
[peer] 01:26:12.744783 main.go:130: 15:Got block message, iteration 6
[peer] 01:26:12.744802 main.go:137: 15:Acquiring bool lock
[peer] 01:26:12.745472 main.go:633: 15:Accepted new Connection
[peer] 01:26:12.753233 main.go:130: 15:Got block message, iteration 6
[peer] 01:26:12.753259 main.go:137: 15:Acquiring bool lock
[peer] 01:26:12.761750 main.go:633: 15:Accepted new Connection
[peer] 01:26:12.761776 main.go:633: 15:Accepted new Connection
[peer] 01:26:12.761802 main.go:633: 15:Accepted new Connection
[peer] 01:26:12.762077 main.go:130: 15:Got block message, iteration 6
[peer] 01:26:12.762097 main.go:137: 15:Acquiring bool lock
[peer] 01:26:12.765710 main.go:130: 15:Got block message, iteration 6
[peer] 01:26:12.765734 main.go:137: 15:Acquiring bool lock
[peer] 01:26:12.765953 main.go:130: 15:Got block message, iteration 6
[peer] 01:26:12.765976 main.go:137: 15:Acquiring bool lock
[peer] 01:26:12.771714 honest.go:81: 15Train Error is 0.04934 in Iteration 6
[peer] 01:26:12.771736 main.go:790: 15:Convergence checked
[peer] 01:26:12.771746 main.go:793: 15:Bool lock released
[peer] 01:26:12.774002 main.go:664: 15:Sending block. Iteration: 6
[peer] 01:26:12.774129 main.go:139: 15:Acquired bool lock
[peer] 01:26:12.774143 main.go:140: Chain Length:8
[peer] 01:26:12.774151 blockchain.go:68: Returning a block
[peer] 01:26:12.774159 main.go:142: Chain Length:8
[peer] 01:26:12.774166 main.go:147: Already have block
[peer] 01:26:12.774177 main.go:152: 15:Bool lock released
[peer] 01:26:12.774184 blockchain.go:68: Returning a block
[peer] 01:26:12.774192 blockchain.go:68: Returning a block
[peer] 01:26:12.774199 main.go:179: 15:Equal block
[peer] 01:26:12.774272 main.go:139: 15:Acquired bool lock
[peer] 01:26:12.774283 main.go:140: Chain Length:8
[peer] 01:26:12.774291 blockchain.go:68: Returning a block
[peer] 01:26:12.774298 main.go:142: Chain Length:8
[peer] 01:26:12.774306 main.go:147: Already have block
[peer] 01:26:12.774315 main.go:152: 15:Bool lock released
[peer] 01:26:12.774325 blockchain.go:68: Returning a block
[peer] 01:26:12.774332 blockchain.go:68: Returning a block
[peer] 01:26:12.774339 main.go:179: 15:Equal block
[peer] 01:26:12.774380 main.go:139: 15:Acquired bool lock
[peer] 01:26:12.774390 main.go:140: Chain Length:8
[peer] 01:26:12.774397 blockchain.go:68: Returning a block
[peer] 01:26:12.774404 main.go:142: Chain Length:8
[peer] 01:26:12.774412 main.go:147: Already have block
[peer] 01:26:12.774422 main.go:152: 15:Bool lock released
[peer] 01:26:12.774428 blockchain.go:68: Returning a block
[peer] 01:26:12.774435 blockchain.go:68: Returning a block
[peer] 01:26:12.774442 main.go:179: 15:Equal block
[peer] 01:26:12.774484 main.go:139: 15:Acquired bool lock
[peer] 01:26:12.774495 main.go:140: Chain Length:8
[peer] 01:26:12.774502 blockchain.go:68: Returning a block
[peer] 01:26:12.774509 main.go:142: Chain Length:8
[peer] 01:26:12.774516 main.go:147: Already have block
[peer] 01:26:12.774524 main.go:152: 15:Bool lock released
[peer] 01:26:12.774531 blockchain.go:68: Returning a block
[peer] 01:26:12.774538 blockchain.go:68: Returning a block
[peer] 01:26:12.774544 main.go:179: 15:Equal block
[peer] 01:26:12.774586 main.go:139: 15:Acquired bool lock
[peer] 01:26:12.774596 main.go:140: Chain Length:8
[peer] 01:26:12.774603 blockchain.go:68: Returning a block
[peer] 01:26:12.774610 main.go:142: Chain Length:8
[peer] 01:26:12.774617 main.go:147: Already have block
[peer] 01:26:12.774627 main.go:152: 15:Bool lock released
[peer] 01:26:12.774635 blockchain.go:68: Returning a block
[peer] 01:26:12.774642 blockchain.go:68: Returning a block
[peer] 01:26:12.774650 main.go:179: 15:Equal block
[peer] 01:26:12.774691 main.go:139: 15:Acquired bool lock
[peer] 01:26:12.774701 main.go:140: Chain Length:8
[peer] 01:26:12.774707 blockchain.go:68: Returning a block
[peer] 01:26:12.774715 main.go:142: Chain Length:8
[peer] 01:26:12.774722 main.go:147: Already have block
[peer] 01:26:12.774731 main.go:152: 15:Bool lock released
[peer] 01:26:12.774738 blockchain.go:68: Returning a block
[peer] 01:26:12.774745 blockchain.go:68: Returning a block
[peer] 01:26:12.774753 main.go:179: 15:Equal block
[peer] 01:26:12.774792 main.go:139: 15:Acquired bool lock
[peer] 01:26:12.774801 main.go:140: Chain Length:8
[peer] 01:26:12.774809 blockchain.go:68: Returning a block
[peer] 01:26:12.774818 main.go:142: Chain Length:8
[peer] 01:26:12.774830 main.go:147: Already have block
[peer] 01:26:12.774839 main.go:152: 15:Bool lock released
[peer] 01:26:12.774847 blockchain.go:68: Returning a block
[peer] 01:26:12.774855 blockchain.go:68: Returning a block
[peer] 01:26:12.774862 main.go:179: 15:Equal block
[peer] 01:26:12.774904 main.go:139: 15:Acquired bool lock
[peer] 01:26:12.774914 main.go:140: Chain Length:8
[peer] 01:26:12.774922 blockchain.go:68: Returning a block
[peer] 01:26:12.774929 main.go:142: Chain Length:8
[peer] 01:26:12.774943 main.go:147: Already have block
[peer] 01:26:12.774952 main.go:152: 15:Bool lock released
[peer] 01:26:12.774960 blockchain.go:68: Returning a block
[peer] 01:26:12.774968 blockchain.go:68: Returning a block
[peer] 01:26:12.774975 main.go:179: 15:Equal block
[peer] 01:26:12.775018 main.go:139: 15:Acquired bool lock
[peer] 01:26:12.775030 main.go:140: Chain Length:8
[peer] 01:26:12.775036 blockchain.go:68: Returning a block
[peer] 01:26:12.775043 main.go:142: Chain Length:8
[peer] 01:26:12.775051 main.go:147: Already have block
[peer] 01:26:12.775059 main.go:152: 15:Bool lock released
[peer] 01:26:12.775066 blockchain.go:68: Returning a block
[peer] 01:26:12.775073 blockchain.go:68: Returning a block
[peer] 01:26:12.775080 main.go:179: 15:Equal block
[peer] 01:26:12.775114 main.go:139: 15:Acquired bool lock
[peer] 01:26:12.775124 main.go:140: Chain Length:8
[peer] 01:26:12.775132 blockchain.go:68: Returning a block
[peer] 01:26:12.775139 main.go:142: Chain Length:8
[peer] 01:26:12.775147 main.go:147: Already have block
[peer] 01:26:12.775157 main.go:152: 15:Bool lock released
[peer] 01:26:12.775166 blockchain.go:68: Returning a block
[peer] 01:26:12.775174 blockchain.go:68: Returning a block
[peer] 01:26:12.775181 main.go:179: 15:Equal block
[peer] 01:26:12.775222 main.go:139: 15:Acquired bool lock
[peer] 01:26:12.775232 main.go:140: Chain Length:8
[peer] 01:26:12.775239 blockchain.go:68: Returning a block
[peer] 01:26:12.775246 main.go:142: Chain Length:8
[peer] 01:26:12.775254 main.go:147: Already have block
[peer] 01:26:12.775262 main.go:152: 15:Bool lock released
[peer] 01:26:12.775269 blockchain.go:68: Returning a block
[peer] 01:26:12.775275 blockchain.go:68: Returning a block
[peer] 01:26:12.775283 main.go:179: 15:Equal block
[peer] 01:26:12.775378 main.go:139: 15:Acquired bool lock
[peer] 01:26:12.775388 main.go:140: Chain Length:8
[peer] 01:26:12.775395 blockchain.go:68: Returning a block
[peer] 01:26:12.775401 main.go:142: Chain Length:8
[peer] 01:26:12.775408 main.go:147: Already have block
[peer] 01:26:12.775416 main.go:152: 15:Bool lock released
[peer] 01:26:12.775423 blockchain.go:68: Returning a block
[peer] 01:26:12.775430 blockchain.go:68: Returning a block
[peer] 01:26:12.775438 main.go:179: 15:Equal block
[peer] 01:26:12.775477 main.go:139: 15:Acquired bool lock
[peer] 01:26:12.775488 main.go:140: Chain Length:8
[peer] 01:26:12.775494 blockchain.go:68: Returning a block
[peer] 01:26:12.775501 main.go:142: Chain Length:8
[peer] 01:26:12.775508 main.go:147: Already have block
[peer] 01:26:12.775516 main.go:152: 15:Bool lock released
[peer] 01:26:12.775523 blockchain.go:68: Returning a block
[peer] 01:26:12.775530 blockchain.go:68: Returning a block
[peer] 01:26:12.775537 main.go:179: 15:Equal block
[peer] 01:26:12.782204 main.go:130: 15:Got block message, iteration 6
[peer] 01:26:12.782229 main.go:137: 15:Acquiring bool lock
[peer] 01:26:12.782236 main.go:139: 15:Acquired bool lock
[peer] 01:26:12.782243 main.go:140: Chain Length:8
[peer] 01:26:12.782250 blockchain.go:68: Returning a block
[peer] 01:26:12.782257 main.go:142: Chain Length:8
[peer] 01:26:12.782264 main.go:147: Already have block
[peer] 01:26:12.782272 main.go:152: 15:Bool lock released
[peer] 01:26:12.782279 blockchain.go:68: Returning a block
[peer] 01:26:12.782285 blockchain.go:68: Returning a block
[peer] 01:26:12.782291 main.go:179: 15:Equal block
[peer] 01:26:12.782518 main.go:130: 15:Got block message, iteration 6
[peer] 01:26:12.782539 main.go:137: 15:Acquiring bool lock
[peer] 01:26:12.782546 main.go:139: 15:Acquired bool lock
[peer] 01:26:12.782553 main.go:140: Chain Length:8
[peer] 01:26:12.782559 blockchain.go:68: Returning a block
[peer] 01:26:12.782566 main.go:142: Chain Length:8
[peer] 01:26:12.782573 main.go:147: Already have block
[peer] 01:26:12.782580 main.go:152: 15:Bool lock released
[peer] 01:26:12.782587 blockchain.go:68: Returning a block
[peer] 01:26:12.782593 blockchain.go:68: Returning a block
[peer] 01:26:12.782600 main.go:179: 15:Equal block
[peer] 01:26:12.818831 main.go:729: 15:Block sent to peer successful
[err] 01:26:12.818855 main.go:302: Error in sending block, err = Stale Update/Block
[peer] 01:26:12.818960 main.go:729: 15:Block sent to peer successful
[err] 01:26:12.818974 main.go:302: Error in sending block, err = Stale Update/Block
[peer] 01:26:12.819078 main.go:729: 15:Block sent to peer successful
[err] 01:26:12.819091 main.go:302: Error in sending block, err = Stale Update/Block
[peer] 01:26:12.819191 main.go:729: 15:Block sent to peer successful
[err] 01:26:12.819205 main.go:302: Error in sending block, err = Stale Update/Block
[peer] 01:26:12.819340 main.go:729: 15:Block sent to peer successful
[err] 01:26:12.819352 main.go:302: Error in sending block, err = Stale Update/Block
[peer] 01:26:12.819527 main.go:729: 15:Block sent to peer successful
[err] 01:26:12.819541 main.go:302: Error in sending block, err = Stale Update/Block
[peer] 01:26:12.819579 main.go:633: 15:Accepted new Connection
[peer] 01:26:12.819602 main.go:633: 15:Accepted new Connection
[peer] 01:26:12.819621 main.go:633: 15:Accepted new Connection
[peer] 01:26:12.819639 main.go:633: 15:Accepted new Connection
[peer] 01:26:12.819656 main.go:633: 15:Accepted new Connection
[peer] 01:26:12.819903 main.go:130: 15:Got block message, iteration 6
[peer] 01:26:12.819926 main.go:137: 15:Acquiring bool lock
[peer] 01:26:12.819933 main.go:139: 15:Acquired bool lock
[peer] 01:26:12.819941 main.go:140: Chain Length:8
[peer] 01:26:12.819948 blockchain.go:68: Returning a block
[peer] 01:26:12.819956 main.go:142: Chain Length:8
[peer] 01:26:12.819964 main.go:147: Already have block
[peer] 01:26:12.819973 main.go:152: 15:Bool lock released
[peer] 01:26:12.819980 blockchain.go:68: Returning a block
[peer] 01:26:12.819987 blockchain.go:68: Returning a block
[peer] 01:26:12.819993 main.go:179: 15:Equal block
[peer] 01:26:12.820249 main.go:130: 15:Got block message, iteration 6
[peer] 01:26:12.820270 main.go:137: 15:Acquiring bool lock
[peer] 01:26:12.820278 main.go:139: 15:Acquired bool lock
[peer] 01:26:12.820286 main.go:140: Chain Length:8
[peer] 01:26:12.820292 blockchain.go:68: Returning a block
[peer] 01:26:12.820299 main.go:142: Chain Length:8
[peer] 01:26:12.820307 main.go:147: Already have block
[peer] 01:26:12.820316 main.go:152: 15:Bool lock released
[peer] 01:26:12.820323 blockchain.go:68: Returning a block
[peer] 01:26:12.820330 blockchain.go:68: Returning a block
[peer] 01:26:12.820338 main.go:179: 15:Equal block
[peer] 01:26:12.869226 main.go:729: 15:Block sent to peer successful
[err] 01:26:12.870641 main.go:302: Error in sending block, err = Stale Update/Block
[peer] 01:26:12.869379 main.go:729: 15:Block sent to peer successful
[err] 01:26:12.870998 main.go:302: Error in sending block, err = Stale Update/Block
[peer] 01:26:12.871126 main.go:633: 15:Accepted new Connection
[peer] 01:26:12.870792 main.go:729: 15:Block sent to peer successful
[peer] 01:26:12.871180 main.go:633: 15:Accepted new Connection
[peer] 01:26:12.871392 main.go:633: 15:Accepted new Connection
[err] 01:26:12.871345 main.go:302: Error in sending block, err = Stale Update/Block
[peer] 01:26:12.871687 main.go:130: 15:Got block message, iteration 6
[peer] 01:26:12.872064 main.go:137: 15:Acquiring bool lock
[peer] 01:26:12.872090 main.go:139: 15:Acquired bool lock
[peer] 01:26:12.872114 main.go:140: Chain Length:8
[peer] 01:26:12.872142 blockchain.go:68: Returning a block
[peer] 01:26:12.872167 main.go:142: Chain Length:8
[peer] 01:26:12.872191 main.go:147: Already have block
[peer] 01:26:12.872220 main.go:152: 15:Bool lock released
[peer] 01:26:12.872246 blockchain.go:68: Returning a block
[peer] 01:26:12.872343 blockchain.go:68: Returning a block
[peer] 01:26:12.872368 main.go:179: 15:Equal block
[peer] 01:26:12.872162 main.go:729: 15:Block sent to peer successful
[err] 01:26:12.872455 main.go:302: Error in sending block, err = Stale Update/Block
[peer] 01:26:12.871919 main.go:130: 15:Got block message, iteration 6
[peer] 01:26:12.872541 main.go:137: 15:Acquiring bool lock
[peer] 01:26:12.872566 main.go:139: 15:Acquired bool lock
[peer] 01:26:12.872600 main.go:140: Chain Length:8
[peer] 01:26:12.872628 blockchain.go:68: Returning a block
[peer] 01:26:12.872653 main.go:142: Chain Length:8
[peer] 01:26:12.872677 main.go:147: Already have block
[peer] 01:26:12.872706 main.go:152: 15:Bool lock released
[peer] 01:26:12.872731 blockchain.go:68: Returning a block
[peer] 01:26:12.872754 blockchain.go:68: Returning a block
[peer] 01:26:12.872782 main.go:179: 15:Equal block
[peer] 01:26:12.869788 main.go:729: 15:Block sent to peer successful
[err] 01:26:12.872859 main.go:302: Error in sending block, err = Stale Update/Block
[peer] 01:26:12.870060 main.go:729: 15:Block sent to peer successful
[err] 01:26:12.872934 main.go:302: Error in sending block, err = Stale Update/Block
[peer] 01:26:12.870170 main.go:729: 15:Block sent to peer successful
[err] 01:26:12.873008 main.go:302: Error in sending block, err = Stale Update/Block
[peer] 01:26:12.870242 main.go:729: 15:Block sent to peer successful
[err] 01:26:12.873084 main.go:302: Error in sending block, err = Stale Update/Block
[peer] 01:26:12.870345 main.go:729: 15:Block sent to peer successful
[err] 01:26:12.873154 main.go:302: Error in sending block, err = Stale Update/Block
[peer] 01:26:12.870565 main.go:130: 15:Got block message, iteration 6
[peer] 01:26:12.873226 main.go:137: 15:Acquiring bool lock
[peer] 01:26:12.873256 main.go:139: 15:Acquired bool lock
[peer] 01:26:12.873280 main.go:140: Chain Length:8
[peer] 01:26:12.873304 blockchain.go:68: Returning a block
[peer] 01:26:12.873331 main.go:142: Chain Length:8
[peer] 01:26:12.873355 main.go:147: Already have block
[peer] 01:26:12.873381 main.go:152: 15:Bool lock released
[peer] 01:26:12.873409 blockchain.go:68: Returning a block
[peer] 01:26:12.873434 blockchain.go:68: Returning a block
[peer] 01:26:12.873466 main.go:179: 15:Equal block
[peer] 01:26:12.869648 main.go:729: 15:Block sent to peer successful
[err] 01:26:12.873554 main.go:302: Error in sending block, err = Stale Update/Block
[peer] 01:26:12.870984 main.go:130: 15:Got block message, iteration 6
[peer] 01:26:12.873635 main.go:137: 15:Acquiring bool lock
[peer] 01:26:12.873664 main.go:139: 15:Acquired bool lock
[peer] 01:26:12.873695 main.go:140: Chain Length:8
[peer] 01:26:12.873727 blockchain.go:68: Returning a block
[peer] 01:26:12.873757 main.go:142: Chain Length:8
[peer] 01:26:12.873786 main.go:147: Already have block
[peer] 01:26:12.873816 main.go:152: 15:Bool lock released
[peer] 01:26:12.873842 blockchain.go:68: Returning a block
[peer] 01:26:12.873866 blockchain.go:68: Returning a block
[peer] 01:26:12.873896 main.go:179: 15:Equal block
[peer] 01:26:12.869718 main.go:729: 15:Block sent to peer successful
[err] 01:26:12.873986 main.go:302: Error in sending block, err = Stale Update/Block
[peer] 01:26:12.871708 main.go:633: 15:Accepted new Connection
[peer] 01:26:12.874079 main.go:633: 15:Accepted new Connection
[peer] 01:26:12.874119 main.go:633: 15:Accepted new Connection
[peer] 01:26:12.876278 main.go:130: 15:Got block message, iteration 6
[peer] 01:26:12.876312 main.go:137: 15:Acquiring bool lock
[peer] 01:26:12.876339 main.go:139: 15:Acquired bool lock
[peer] 01:26:12.876363 main.go:140: Chain Length:8
[peer] 01:26:12.876388 blockchain.go:68: Returning a block
[peer] 01:26:12.876412 main.go:142: Chain Length:8
[peer] 01:26:12.876438 main.go:147: Already have block
[peer] 01:26:12.876463 main.go:152: 15:Bool lock released
[peer] 01:26:12.876488 blockchain.go:68: Returning a block
[peer] 01:26:12.876512 blockchain.go:68: Returning a block
[peer] 01:26:12.876536 main.go:179: 15:Equal block
[peer] 01:26:12.892528 main.go:729: 15:Block sent to peer successful
[err] 01:26:12.892541 main.go:302: Error in sending block, err = Stale Update/Block
[peer] 01:26:12.893223 main.go:729: 15:Block sent to peer successful
[err] 01:26:12.893232 main.go:302: Error in sending block, err = Stale Update/Block
[peer] 01:26:12.897613 main.go:130: 15:Got block message, iteration 6
[peer] 01:26:12.897631 main.go:137: 15:Acquiring bool lock
[peer] 01:26:12.897636 main.go:139: 15:Acquired bool lock
[peer] 01:26:12.897641 main.go:140: Chain Length:8
[peer] 01:26:12.897652 blockchain.go:68: Returning a block
[peer] 01:26:12.897657 main.go:142: Chain Length:8
[peer] 01:26:12.897661 main.go:147: Already have block
[peer] 01:26:12.897666 main.go:152: 15:Bool lock released
[peer] 01:26:12.897671 blockchain.go:68: Returning a block
[peer] 01:26:12.897675 blockchain.go:68: Returning a block
[peer] 01:26:12.897679 main.go:179: 15:Equal block
[peer] 01:26:12.925807 main.go:130: 15:Got block message, iteration 6
[peer] 01:26:12.925835 main.go:137: 15:Acquiring bool lock
[peer] 01:26:12.925840 main.go:139: 15:Acquired bool lock
[peer] 01:26:12.925845 main.go:140: Chain Length:8
[peer] 01:26:12.925849 blockchain.go:68: Returning a block
[peer] 01:26:12.925853 main.go:142: Chain Length:8
[peer] 01:26:12.925857 main.go:147: Already have block
[peer] 01:26:12.925862 main.go:152: 15:Bool lock released
[peer] 01:26:12.925867 blockchain.go:68: Returning a block
[peer] 01:26:12.925871 blockchain.go:68: Returning a block
[peer] 01:26:12.925875 main.go:179: 15:Equal block
[peer] 01:26:12.947709 main.go:130: 15:Got block message, iteration 6
[peer] 01:26:12.947725 main.go:137: 15:Acquiring bool lock
[peer] 01:26:12.947730 main.go:139: 15:Acquired bool lock
[peer] 01:26:12.947735 main.go:140: Chain Length:8
[peer] 01:26:12.947740 blockchain.go:68: Returning a block
[peer] 01:26:12.947744 main.go:142: Chain Length:8
[peer] 01:26:12.947757 main.go:147: Already have block
[peer] 01:26:12.947763 main.go:152: 15:Bool lock released
[peer] 01:26:12.947768 blockchain.go:68: Returning a block
[peer] 01:26:12.947772 blockchain.go:68: Returning a block
[peer] 01:26:12.947777 main.go:179: 15:Equal block
[peer] 01:26:12.952208 main.go:729: 15:Block sent to peer successful
[err] 01:26:12.952218 main.go:302: Error in sending block, err = Stale Update/Block
[peer] 01:26:12.958519 main.go:729: 15:Block sent to peer successful
[err] 01:26:12.958536 main.go:302: Error in sending block, err = Stale Update/Block
[peer] 01:26:12.960964 main.go:729: 15:Block sent to peer successful
[err] 01:26:12.960975 main.go:302: Error in sending block, err = Stale Update/Block
[peer] 01:26:12.968908 main.go:729: 15:Block sent to peer successful
[err] 01:26:12.968920 main.go:302: Error in sending block, err = Stale Update/Block
[peer] 01:26:12.969678 main.go:729: 15:Block sent to peer successful
[err] 01:26:12.969693 main.go:302: Error in sending block, err = Stale Update/Block
[peer] 01:26:12.969920 main.go:729: 15:Block sent to peer successful
[err] 01:26:12.969933 main.go:302: Error in sending block, err = Stale Update/Block
[peer] 01:26:12.974714 main.go:729: 15:Block sent to peer successful
[err] 01:26:12.974731 main.go:302: Error in sending block, err = Stale Update/Block
[peer] 01:26:12.980206 main.go:729: 15:Block sent to peer successful
[err] 01:26:12.980221 main.go:302: Error in sending block, err = Stale Update/Block
[peer] 01:26:12.986821 main.go:633: 15:Accepted new Connection
[peer] 01:26:12.994725 main.go:130: 15:Got block message, iteration 6
[peer] 01:26:12.994757 main.go:137: 15:Acquiring bool lock
[peer] 01:26:12.994762 main.go:139: 15:Acquired bool lock
[peer] 01:26:12.994767 main.go:140: Chain Length:8
[peer] 01:26:12.994771 blockchain.go:68: Returning a block
[peer] 01:26:12.994785 main.go:142: Chain Length:8
[peer] 01:26:12.994789 main.go:147: Already have block
[peer] 01:26:12.994794 main.go:152: 15:Bool lock released
[peer] 01:26:12.994799 blockchain.go:68: Returning a block
[peer] 01:26:12.994819 blockchain.go:68: Returning a block
[peer] 01:26:12.994824 main.go:179: 15:Equal block
[peer] 01:26:13.002663 main.go:729: 15:Block sent to peer successful
[err] 01:26:13.002675 main.go:302: Error in sending block, err = Stale Update/Block
[peer] 01:26:13.007669 main.go:130: 15:Got block message, iteration 6
[peer] 01:26:13.007685 main.go:137: 15:Acquiring bool lock
[peer] 01:26:13.007693 main.go:139: 15:Acquired bool lock
[peer] 01:26:13.007698 main.go:140: Chain Length:8
[peer] 01:26:13.007702 blockchain.go:68: Returning a block
[peer] 01:26:13.007707 main.go:142: Chain Length:8
[peer] 01:26:13.007717 main.go:147: Already have block
[peer] 01:26:13.007722 main.go:152: 15:Bool lock released
[peer] 01:26:13.007727 blockchain.go:68: Returning a block
[peer] 01:26:13.007731 blockchain.go:68: Returning a block
[peer] 01:26:13.007735 main.go:179: 15:Equal block
[peer] 01:26:13.009511 main.go:729: 15:Block sent to peer successful
[err] 01:26:13.009526 main.go:302: Error in sending block, err = Stale Update/Block
[peer] 01:26:13.009656 main.go:729: 15:Block sent to peer successful
[err] 01:26:13.009677 main.go:302: Error in sending block, err = Stale Update/Block
[peer] 01:26:13.009732 main.go:633: 15:Accepted new Connection
[peer] 01:26:13.015070 main.go:633: 15:Accepted new Connection
[peer] 01:26:13.018869 main.go:729: 15:Block sent to peer successful
[err] 01:26:13.018881 main.go:302: Error in sending block, err = Stale Update/Block
[peer] 01:26:13.028136 main.go:130: 15:Got block message, iteration 6
[peer] 01:26:13.028151 main.go:137: 15:Acquiring bool lock
[peer] 01:26:13.028156 main.go:139: 15:Acquired bool lock
[peer] 01:26:13.028161 main.go:140: Chain Length:8
[peer] 01:26:13.028167 blockchain.go:68: Returning a block
[peer] 01:26:13.028172 main.go:142: Chain Length:8
[peer] 01:26:13.028176 main.go:147: Already have block
[peer] 01:26:13.028182 main.go:152: 15:Bool lock released
[peer] 01:26:13.028186 blockchain.go:68: Returning a block
[peer] 01:26:13.028191 blockchain.go:68: Returning a block
[peer] 01:26:13.028195 main.go:179: 15:Equal block
[peer] 01:26:13.028697 main.go:729: 15:Block sent to peer successful
[err] 01:26:13.028710 main.go:302: Error in sending block, err = Stale Update/Block
[peer] 01:26:13.040886 main.go:633: 15:Accepted new Connection
[peer] 01:26:13.046866 main.go:130: 15:Got block message, iteration 6
[peer] 01:26:13.046881 main.go:137: 15:Acquiring bool lock
[peer] 01:26:13.046886 main.go:139: 15:Acquired bool lock
[peer] 01:26:13.046891 main.go:140: Chain Length:8
[peer] 01:26:13.046896 blockchain.go:68: Returning a block
[peer] 01:26:13.046901 main.go:142: Chain Length:8
[peer] 01:26:13.046906 main.go:147: Already have block
[peer] 01:26:13.046911 main.go:152: 15:Bool lock released
[peer] 01:26:13.046916 blockchain.go:68: Returning a block
[peer] 01:26:13.046921 blockchain.go:68: Returning a block
[peer] 01:26:13.046934 main.go:179: 15:Equal block
[peer] 01:26:13.053156 main.go:633: 15:Accepted new Connection
[peer] 01:26:13.062790 main.go:633: 15:Accepted new Connection
[peer] 01:26:13.062857 main.go:633: 15:Accepted new Connection
[peer] 01:26:13.070868 main.go:130: 15:Got block message, iteration 6
[peer] 01:26:13.070884 main.go:137: 15:Acquiring bool lock
[peer] 01:26:13.070889 main.go:139: 15:Acquired bool lock
[peer] 01:26:13.070894 main.go:140: Chain Length:8
[peer] 01:26:13.070903 blockchain.go:68: Returning a block
[peer] 01:26:13.070909 main.go:142: Chain Length:8
[peer] 01:26:13.070913 main.go:147: Already have block
[peer] 01:26:13.070919 main.go:152: 15:Bool lock released
[peer] 01:26:13.070924 blockchain.go:68: Returning a block
[peer] 01:26:13.070928 blockchain.go:68: Returning a block
[peer] 01:26:13.070933 main.go:179: 15:Equal block
[peer] 01:26:13.080140 main.go:130: 15:Got block message, iteration 6
[peer] 01:26:13.080157 main.go:137: 15:Acquiring bool lock
[peer] 01:26:13.080162 main.go:139: 15:Acquired bool lock
[peer] 01:26:13.080167 main.go:140: Chain Length:8
[peer] 01:26:13.080171 blockchain.go:68: Returning a block
[peer] 01:26:13.080176 main.go:142: Chain Length:8
[peer] 01:26:13.080181 main.go:147: Already have block
[peer] 01:26:13.080186 main.go:152: 15:Bool lock released
[peer] 01:26:13.080191 blockchain.go:68: Returning a block
[peer] 01:26:13.080195 blockchain.go:68: Returning a block
[peer] 01:26:13.080200 main.go:179: 15:Equal block
[peer] 01:26:13.087661 main.go:729: 15:Block sent to peer successful
[err] 01:26:13.087676 main.go:302: Error in sending block, err = Stale Update/Block
[peer] 01:26:13.089126 main.go:130: 15:Got block message, iteration 6
[peer] 01:26:13.089142 main.go:137: 15:Acquiring bool lock
[peer] 01:26:13.089147 main.go:139: 15:Acquired bool lock
[peer] 01:26:13.089158 main.go:140: Chain Length:8
[peer] 01:26:13.089163 blockchain.go:68: Returning a block
[peer] 01:26:13.089176 main.go:142: Chain Length:8
[peer] 01:26:13.089180 main.go:147: Already have block
[peer] 01:26:13.089185 main.go:152: 15:Bool lock released
[peer] 01:26:13.089190 blockchain.go:68: Returning a block
[peer] 01:26:13.089194 blockchain.go:68: Returning a block
[peer] 01:26:13.089199 main.go:179: 15:Equal block
[peer] 01:26:13.093976 main.go:729: 15:Block sent to peer successful
[err] 01:26:13.093989 main.go:302: Error in sending block, err = Stale Update/Block
[peer] 01:26:13.094217 main.go:633: 15:Accepted new Connection
[peer] 01:26:13.100699 main.go:130: 15:Got block message, iteration 6
[peer] 01:26:13.100725 main.go:137: 15:Acquiring bool lock
[peer] 01:26:13.100733 main.go:139: 15:Acquired bool lock
[peer] 01:26:13.100740 main.go:140: Chain Length:8
[peer] 01:26:13.100748 blockchain.go:68: Returning a block
[peer] 01:26:13.100755 main.go:142: Chain Length:8
[peer] 01:26:13.100762 main.go:147: Already have block
[peer] 01:26:13.100770 main.go:152: 15:Bool lock released
[peer] 01:26:13.100777 blockchain.go:68: Returning a block
[peer] 01:26:13.100785 blockchain.go:68: Returning a block
[peer] 01:26:13.100795 main.go:179: 15:Equal block
[peer] 01:26:13.103359 main.go:130: 15:Got block message, iteration 6
[peer] 01:26:13.103382 main.go:137: 15:Acquiring bool lock
[peer] 01:26:13.103390 main.go:139: 15:Acquired bool lock
[peer] 01:26:13.103398 main.go:140: Chain Length:8
[peer] 01:26:13.103406 blockchain.go:68: Returning a block
[peer] 01:26:13.103414 main.go:142: Chain Length:8
[peer] 01:26:13.103422 main.go:147: Already have block
[peer] 01:26:13.103431 main.go:152: 15:Bool lock released
[peer] 01:26:13.103439 blockchain.go:68: Returning a block
[peer] 01:26:13.103447 blockchain.go:68: Returning a block
[peer] 01:26:13.103455 main.go:179: 15:Equal block
[peer] 01:26:13.117953 main.go:729: 15:Block sent to peer successful
[err] 01:26:13.117965 main.go:302: Error in sending block, err = Stale Update/Block
[peer] 01:26:13.137399 main.go:729: 15:Block sent to peer successful
[err] 01:26:13.137415 main.go:302: Error in sending block, err = Stale Update/Block
[peer] 01:26:13.138448 main.go:633: 15:Accepted new Connection
[peer] 01:26:13.138513 main.go:633: 15:Accepted new Connection
[peer] 01:26:13.140211 main.go:130: 15:Got block message, iteration 6
[peer] 01:26:13.140235 main.go:137: 15:Acquiring bool lock
[peer] 01:26:13.140242 main.go:139: 15:Acquired bool lock
[peer] 01:26:13.140249 main.go:140: Chain Length:8
[peer] 01:26:13.140256 blockchain.go:68: Returning a block
[peer] 01:26:13.140263 main.go:142: Chain Length:8
[peer] 01:26:13.140270 main.go:147: Already have block
[peer] 01:26:13.140278 main.go:152: 15:Bool lock released
[peer] 01:26:13.140284 blockchain.go:68: Returning a block
[peer] 01:26:13.140291 blockchain.go:68: Returning a block
[peer] 01:26:13.140299 main.go:179: 15:Equal block
[peer] 01:26:13.142129 main.go:130: 15:Got block message, iteration 6
[peer] 01:26:13.142151 main.go:137: 15:Acquiring bool lock
[peer] 01:26:13.142158 main.go:139: 15:Acquired bool lock
[peer] 01:26:13.142165 main.go:140: Chain Length:8
[peer] 01:26:13.142172 blockchain.go:68: Returning a block
[peer] 01:26:13.142178 main.go:142: Chain Length:8
[peer] 01:26:13.142185 main.go:147: Already have block
[peer] 01:26:13.142193 main.go:152: 15:Bool lock released
[peer] 01:26:13.142199 blockchain.go:68: Returning a block
[peer] 01:26:13.142206 blockchain.go:68: Returning a block
[peer] 01:26:13.142212 main.go:179: 15:Equal block
[peer] 01:26:13.142322 main.go:729: 15:Block sent to peer successful
[err] 01:26:13.142335 main.go:302: Error in sending block, err = Stale Update/Block
[peer] 01:26:13.149456 main.go:729: 15:Block sent to peer successful
[err] 01:26:13.149475 main.go:302: Error in sending block, err = Stale Update/Block
[peer] 01:26:13.149601 main.go:729: 15:Block sent to peer successful
[err] 01:26:13.149617 main.go:302: Error in sending block, err = Stale Update/Block
[peer] 01:26:13.149664 main.go:684: 15:RPC calls successfully returned. Iteration: 6
[peer] 01:26:13.152187 main.go:633: 15:Accepted new Connection
[peer] 01:26:13.174725 main.go:130: 15:Got block message, iteration 6
[peer] 01:26:13.174989 main.go:137: 15:Acquiring bool lock
[peer] 01:26:13.175079 main.go:139: 15:Acquired bool lock
[peer] 01:26:13.175149 main.go:140: Chain Length:8
[peer] 01:26:13.175206 blockchain.go:68: Returning a block
[peer] 01:26:13.175269 main.go:142: Chain Length:8
[peer] 01:26:13.175363 honest.go:81: 15Train Error is 0.04934 in Iteration 6
[peer] 01:26:13.175378 main.go:692: 15:Preparing for next Iteration. Current Iteration: 6
[peer] 01:26:13.175362 main.go:147: Already have block
[peer] 01:26:13.175447 main.go:152: 15:Bool lock released
[peer] 01:26:13.175511 blockchain.go:68: Returning a block
[peer] 01:26:13.175600 blockchain.go:68: Returning a block
[peer] 01:26:13.178725 main.go:179: 15:Equal block
[peer] 01:26:13.253686 main.go:130: 15:Got block message, iteration 6
[peer] 01:26:13.253745 main.go:137: 15:Acquiring bool lock
[peer] 01:26:13.253773 main.go:139: 15:Acquired bool lock
[peer] 01:26:13.253800 main.go:140: Chain Length:8
[peer] 01:26:13.253830 blockchain.go:68: Returning a block
[peer] 01:26:13.253855 main.go:142: Chain Length:8
[peer] 01:26:13.253897 main.go:147: Already have block
[peer] 01:26:13.253941 main.go:152: 15:Bool lock released
[peer] 01:26:13.253968 blockchain.go:68: Returning a block
[peer] 01:26:13.253993 blockchain.go:68: Returning a block
[peer] 01:26:13.254025 main.go:179: 15:Equal block
