[peer] 01:25:58.245593 honest.go:107: 16Importing modules...
../ML/code/utils.py:223: FutureWarning: Method .as_matrix will be removed in a future version. Use .values instead.
  data = data.as_matrix()
../ML/code/utils.py:94: FutureWarning: Method .as_matrix will be removed in a future version. Use .values instead.
  credit = df.ix[1:nn, 1:dd].as_matrix()
[peer] 01:26:12.640217 honest.go:122: 16Sucessfully pulled dataset. Features: 25
[peer] 01:26:12.640386 main.go:487: 16:Announcing myself to network
[peer] 01:26:12.640418 main.go:492: 16:Calling {198.162.52.126 %!s(int=8000) }
[peer] 01:26:12.640426 main.go:511: 16:Inside callRegisterRPC
[peer] 01:26:12.640431 main.go:516: 16Making RPC call
[peer] 01:26:12.640450 main.go:629: 16:Peer started. Receiving on 8016
[peer] 01:26:12.640521 main.go:522: 16RPC dial successful
[peer] 01:26:12.640530 main.go:525: 16:Calling RPC:198.162.52.126:8000
[peer] 01:26:12.640537 main.go:527: 16:RPC called198.162.52.126:8000
[peer] 01:26:12.641000 main.go:534: 16:Announced myself to a fellow peer at port. Got lastest chain
[peer] 01:26:12.641015 main.go:541: Chain length received:7
[peer] 01:26:12.641020 main.go:542: My chain length:1
[peer] 01:26:12.641025 honest.go:340: Received chain length:7
[peer] 01:26:12.641030 honest.go:341: Appended chain length:7
[peer] 01:26:12.641034 main.go:555: 16Got lastest chain until iteration 5
[peer] 01:26:12.641070 main.go:492: 16:Calling {198.162.52.126 %!s(int=8001) }
[peer] 01:26:12.641083 main.go:511: 16:Inside callRegisterRPC
[peer] 01:26:12.641095 main.go:516: 16Making RPC call
[peer] 01:26:12.641158 main.go:522: 16RPC dial successful
[peer] 01:26:12.641174 main.go:525: 16:Calling RPC:198.162.52.126:8001
[peer] 01:26:12.641187 main.go:527: 16:RPC called198.162.52.126:8001
[peer] 01:26:12.641557 main.go:534: 16:Announced myself to a fellow peer at port. Got lastest chain
[peer] 01:26:12.641571 main.go:541: Chain length received:7
[peer] 01:26:12.641579 main.go:542: My chain length:7
[peer] 01:26:12.641617 main.go:492: 16:Calling {198.162.52.126 %!s(int=8002) }
[peer] 01:26:12.641625 main.go:511: 16:Inside callRegisterRPC
[peer] 01:26:12.641633 main.go:516: 16Making RPC call
[peer] 01:26:12.641692 main.go:522: 16RPC dial successful
[peer] 01:26:12.641704 main.go:525: 16:Calling RPC:198.162.52.126:8002
[peer] 01:26:12.641710 main.go:527: 16:RPC called198.162.52.126:8002
[peer] 01:26:12.642095 main.go:534: 16:Announced myself to a fellow peer at port. Got lastest chain
[peer] 01:26:12.642106 main.go:541: Chain length received:7
[peer] 01:26:12.642119 main.go:542: My chain length:7
[peer] 01:26:12.642149 main.go:492: 16:Calling {198.162.52.126 %!s(int=8003) }
[peer] 01:26:12.642156 main.go:511: 16:Inside callRegisterRPC
[peer] 01:26:12.642163 main.go:516: 16Making RPC call
[peer] 01:26:12.642220 main.go:522: 16RPC dial successful
[peer] 01:26:12.642232 main.go:525: 16:Calling RPC:198.162.52.126:8003
[peer] 01:26:12.642238 main.go:527: 16:RPC called198.162.52.126:8003
[peer] 01:26:12.642618 main.go:534: 16:Announced myself to a fellow peer at port. Got lastest chain
[peer] 01:26:12.642628 main.go:541: Chain length received:7
[peer] 01:26:12.642633 main.go:542: My chain length:7
[peer] 01:26:12.642665 main.go:492: 16:Calling {198.162.52.126 %!s(int=8004) }
[peer] 01:26:12.642677 main.go:511: 16:Inside callRegisterRPC
[peer] 01:26:12.642689 main.go:516: 16Making RPC call
[peer] 01:26:12.642770 main.go:522: 16RPC dial successful
[peer] 01:26:12.642798 main.go:525: 16:Calling RPC:198.162.52.126:8004
[peer] 01:26:12.642807 main.go:527: 16:RPC called198.162.52.126:8004
[peer] 01:26:12.643181 main.go:534: 16:Announced myself to a fellow peer at port. Got lastest chain
[peer] 01:26:12.643191 main.go:541: Chain length received:7
[peer] 01:26:12.643197 main.go:542: My chain length:7
[peer] 01:26:12.643228 main.go:492: 16:Calling {198.162.52.126 %!s(int=8005) }
[peer] 01:26:12.643235 main.go:511: 16:Inside callRegisterRPC
[peer] 01:26:12.643240 main.go:516: 16Making RPC call
[peer] 01:26:12.643290 main.go:522: 16RPC dial successful
[peer] 01:26:12.643301 main.go:525: 16:Calling RPC:198.162.52.126:8005
[peer] 01:26:12.643319 main.go:527: 16:RPC called198.162.52.126:8005
[peer] 01:26:12.643667 main.go:534: 16:Announced myself to a fellow peer at port. Got lastest chain
[peer] 01:26:12.643686 main.go:541: Chain length received:7
[peer] 01:26:12.643691 main.go:542: My chain length:7
[peer] 01:26:12.643718 main.go:492: 16:Calling {198.162.52.126 %!s(int=8006) }
[peer] 01:26:12.643725 main.go:511: 16:Inside callRegisterRPC
[peer] 01:26:12.643730 main.go:516: 16Making RPC call
[peer] 01:26:12.643784 main.go:522: 16RPC dial successful
[peer] 01:26:12.643803 main.go:525: 16:Calling RPC:198.162.52.126:8006
[peer] 01:26:12.643814 main.go:527: 16:RPC called198.162.52.126:8006
[peer] 01:26:12.644145 main.go:534: 16:Announced myself to a fellow peer at port. Got lastest chain
[peer] 01:26:12.644155 main.go:541: Chain length received:7
[peer] 01:26:12.644160 main.go:542: My chain length:7
[peer] 01:26:12.644189 main.go:492: 16:Calling {198.162.52.126 %!s(int=8007) }
[peer] 01:26:12.644200 main.go:511: 16:Inside callRegisterRPC
[peer] 01:26:12.644206 main.go:516: 16Making RPC call
[peer] 01:26:12.644256 main.go:522: 16RPC dial successful
[peer] 01:26:12.644268 main.go:525: 16:Calling RPC:198.162.52.126:8007
[peer] 01:26:12.644274 main.go:527: 16:RPC called198.162.52.126:8007
[peer] 01:26:12.644561 main.go:534: 16:Announced myself to a fellow peer at port. Got lastest chain
[peer] 01:26:12.644574 main.go:541: Chain length received:7
[peer] 01:26:12.644582 main.go:542: My chain length:7
[peer] 01:26:12.644617 main.go:492: 16:Calling {198.162.52.126 %!s(int=8008) }
[peer] 01:26:12.644626 main.go:511: 16:Inside callRegisterRPC
[peer] 01:26:12.644633 main.go:516: 16Making RPC call
[peer] 01:26:12.644691 main.go:522: 16RPC dial successful
[peer] 01:26:12.644702 main.go:525: 16:Calling RPC:198.162.52.126:8008
[peer] 01:26:12.644708 main.go:527: 16:RPC called198.162.52.126:8008
[peer] 01:26:12.645024 main.go:534: 16:Announced myself to a fellow peer at port. Got lastest chain
[peer] 01:26:12.645043 main.go:541: Chain length received:7
[peer] 01:26:12.645050 main.go:542: My chain length:7
[peer] 01:26:12.645077 main.go:492: 16:Calling {198.162.52.126 %!s(int=8009) }
[peer] 01:26:12.645085 main.go:511: 16:Inside callRegisterRPC
[peer] 01:26:12.645090 main.go:516: 16Making RPC call
[peer] 01:26:12.645145 main.go:522: 16RPC dial successful
[peer] 01:26:12.645155 main.go:525: 16:Calling RPC:198.162.52.126:8009
[peer] 01:26:12.645160 main.go:527: 16:RPC called198.162.52.126:8009
[peer] 01:26:12.645513 main.go:534: 16:Announced myself to a fellow peer at port. Got lastest chain
[peer] 01:26:12.645524 main.go:541: Chain length received:7
[peer] 01:26:12.645529 main.go:542: My chain length:7
[peer] 01:26:12.645555 main.go:492: 16:Calling {198.162.52.126 %!s(int=8010) }
[peer] 01:26:12.645562 main.go:511: 16:Inside callRegisterRPC
[peer] 01:26:12.645568 main.go:516: 16Making RPC call
[peer] 01:26:12.645624 main.go:522: 16RPC dial successful
[peer] 01:26:12.645634 main.go:525: 16:Calling RPC:198.162.52.126:8010
[peer] 01:26:12.645642 main.go:527: 16:RPC called198.162.52.126:8010
[peer] 01:26:12.645954 main.go:534: 16:Announced myself to a fellow peer at port. Got lastest chain
[peer] 01:26:12.645964 main.go:541: Chain length received:7
[peer] 01:26:12.645969 main.go:542: My chain length:7
[peer] 01:26:12.645992 main.go:492: 16:Calling {198.162.52.126 %!s(int=8011) }
[peer] 01:26:12.645999 main.go:511: 16:Inside callRegisterRPC
[peer] 01:26:12.646004 main.go:516: 16Making RPC call
[peer] 01:26:12.646051 main.go:522: 16RPC dial successful
[peer] 01:26:12.646062 main.go:525: 16:Calling RPC:198.162.52.126:8011
[peer] 01:26:12.646068 main.go:527: 16:RPC called198.162.52.126:8011
[peer] 01:26:12.646358 main.go:534: 16:Announced myself to a fellow peer at port. Got lastest chain
[peer] 01:26:12.646369 main.go:541: Chain length received:7
[peer] 01:26:12.646374 main.go:542: My chain length:7
[peer] 01:26:12.646401 main.go:492: 16:Calling {198.162.52.126 %!s(int=8012) }
[peer] 01:26:12.646409 main.go:511: 16:Inside callRegisterRPC
[peer] 01:26:12.646420 main.go:516: 16Making RPC call
[peer] 01:26:12.646475 main.go:522: 16RPC dial successful
[peer] 01:26:12.646486 main.go:525: 16:Calling RPC:198.162.52.126:8012
[peer] 01:26:12.646495 main.go:527: 16:RPC called198.162.52.126:8012
[peer] 01:26:12.646959 main.go:534: 16:Announced myself to a fellow peer at port. Got lastest chain
[peer] 01:26:12.646968 main.go:541: Chain length received:7
[peer] 01:26:12.646973 main.go:542: My chain length:7
[peer] 01:26:12.647002 main.go:492: 16:Calling {198.162.52.126 %!s(int=8013) }
[peer] 01:26:12.647009 main.go:511: 16:Inside callRegisterRPC
[peer] 01:26:12.647014 main.go:516: 16Making RPC call
[peer] 01:26:12.647068 main.go:522: 16RPC dial successful
[peer] 01:26:12.647079 main.go:525: 16:Calling RPC:198.162.52.126:8013
[peer] 01:26:12.647084 main.go:527: 16:RPC called198.162.52.126:8013
[peer] 01:26:12.647415 main.go:534: 16:Announced myself to a fellow peer at port. Got lastest chain
[peer] 01:26:12.647427 main.go:541: Chain length received:7
[peer] 01:26:12.647432 main.go:542: My chain length:7
[peer] 01:26:12.647454 main.go:492: 16:Calling {198.162.52.126 %!s(int=8014) }
[peer] 01:26:12.647461 main.go:511: 16:Inside callRegisterRPC
[peer] 01:26:12.647465 main.go:516: 16Making RPC call
[peer] 01:26:12.647514 main.go:522: 16RPC dial successful
[peer] 01:26:12.647523 main.go:525: 16:Calling RPC:198.162.52.126:8014
[peer] 01:26:12.647528 main.go:527: 16:RPC called198.162.52.126:8014
[peer] 01:26:12.647834 main.go:534: 16:Announced myself to a fellow peer at port. Got lastest chain
[peer] 01:26:12.647844 main.go:541: Chain length received:7
[peer] 01:26:12.647849 main.go:542: My chain length:7
[peer] 01:26:12.647877 main.go:492: 16:Calling {198.162.52.126 %!s(int=8015) }
[peer] 01:26:12.647886 main.go:511: 16:Inside callRegisterRPC
[peer] 01:26:12.647891 main.go:516: 16Making RPC call
[peer] 01:26:12.647939 main.go:522: 16RPC dial successful
[peer] 01:26:12.647947 main.go:525: 16:Calling RPC:198.162.52.126:8015
[peer] 01:26:12.647953 main.go:527: 16:RPC called198.162.52.126:8015
[peer] 01:26:12.648249 main.go:534: 16:Announced myself to a fellow peer at port. Got lastest chain
[peer] 01:26:12.648259 main.go:541: Chain length received:7
[peer] 01:26:12.648264 main.go:542: My chain length:7
[peer] 01:26:12.648289 main.go:492: 16:Calling {198.162.52.126 %!s(int=8017) }
[peer] 01:26:12.648295 main.go:511: 16:Inside callRegisterRPC
[peer] 01:26:12.648303 main.go:516: 16Making RPC call
[peer] 01:26:12.648361 main.go:522: 16RPC dial successful
[peer] 01:26:12.648373 main.go:525: 16:Calling RPC:198.162.52.126:8017
[peer] 01:26:12.648383 main.go:527: 16:RPC called198.162.52.126:8017
[peer] 01:26:12.648696 main.go:534: 16:Announced myself to a fellow peer at port. Got lastest chain
[peer] 01:26:12.648705 main.go:541: Chain length received:7
[peer] 01:26:12.648711 main.go:542: My chain length:7
[peer] 01:26:12.648736 main.go:492: 16:Calling {198.162.52.126 %!s(int=8018) }
[peer] 01:26:12.648743 main.go:511: 16:Inside callRegisterRPC
[peer] 01:26:12.648747 main.go:516: 16Making RPC call
[peer] 01:26:12.648799 main.go:522: 16RPC dial successful
[peer] 01:26:12.648812 main.go:525: 16:Calling RPC:198.162.52.126:8018
[peer] 01:26:12.648822 main.go:527: 16:RPC called198.162.52.126:8018
[peer] 01:26:12.649129 main.go:534: 16:Announced myself to a fellow peer at port. Got lastest chain
[peer] 01:26:12.649141 main.go:541: Chain length received:7
[peer] 01:26:12.649147 main.go:542: My chain length:7
[peer] 01:26:12.649171 main.go:492: 16:Calling {198.162.52.126 %!s(int=8019) }
[peer] 01:26:12.649181 main.go:511: 16:Inside callRegisterRPC
[peer] 01:26:12.649186 main.go:516: 16Making RPC call
[peer] 01:26:12.649233 main.go:522: 16RPC dial successful
[peer] 01:26:12.649245 main.go:525: 16:Calling RPC:198.162.52.126:8019
[peer] 01:26:12.649251 main.go:527: 16:RPC called198.162.52.126:8019
[peer] 01:26:12.649665 main.go:534: 16:Announced myself to a fellow peer at port. Got lastest chain
[peer] 01:26:12.649679 main.go:541: Chain length received:7
[peer] 01:26:12.649689 main.go:542: My chain length:7
[peer] 01:26:12.649723 main.go:492: 16:Calling {198.162.52.57 %!s(int=8020) }
[peer] 01:26:12.649731 main.go:511: 16:Inside callRegisterRPC
[peer] 01:26:12.649736 main.go:516: 16Making RPC call
[peer] 01:26:12.650037 main.go:522: 16RPC dial successful
[peer] 01:26:12.650048 main.go:525: 16:Calling RPC:198.162.52.57:8020
[peer] 01:26:12.650058 main.go:527: 16:RPC called198.162.52.57:8020
[peer] 01:26:12.651157 main.go:534: 16:Announced myself to a fellow peer at port. Got lastest chain
[peer] 01:26:12.651169 main.go:541: Chain length received:7
[peer] 01:26:12.651178 main.go:542: My chain length:7
[peer] 01:26:12.651210 main.go:492: 16:Calling {198.162.52.57 %!s(int=8021) }
[peer] 01:26:12.651219 main.go:511: 16:Inside callRegisterRPC
[peer] 01:26:12.651227 main.go:516: 16Making RPC call
[peer] 01:26:12.651590 main.go:522: 16RPC dial successful
[peer] 01:26:12.651601 main.go:525: 16:Calling RPC:198.162.52.57:8021
[peer] 01:26:12.651612 main.go:527: 16:RPC called198.162.52.57:8021
[peer] 01:26:12.652699 main.go:534: 16:Announced myself to a fellow peer at port. Got lastest chain
[peer] 01:26:12.652711 main.go:541: Chain length received:7
[peer] 01:26:12.652716 main.go:542: My chain length:7
[peer] 01:26:12.652736 main.go:492: 16:Calling {198.162.52.57 %!s(int=8022) }
[peer] 01:26:12.652742 main.go:511: 16:Inside callRegisterRPC
[peer] 01:26:12.652747 main.go:516: 16Making RPC call
[peer] 01:26:12.653140 main.go:522: 16RPC dial successful
[peer] 01:26:12.653153 main.go:525: 16:Calling RPC:198.162.52.57:8022
[peer] 01:26:12.653163 main.go:527: 16:RPC called198.162.52.57:8022
[peer] 01:26:12.654541 main.go:534: 16:Announced myself to a fellow peer at port. Got lastest chain
[peer] 01:26:12.654556 main.go:541: Chain length received:7
[peer] 01:26:12.654562 main.go:542: My chain length:7
[peer] 01:26:12.654586 main.go:492: 16:Calling {198.162.52.57 %!s(int=8023) }
[peer] 01:26:12.654595 main.go:511: 16:Inside callRegisterRPC
[peer] 01:26:12.654602 main.go:516: 16Making RPC call
[peer] 01:26:12.654978 main.go:522: 16RPC dial successful
[peer] 01:26:12.655004 main.go:525: 16:Calling RPC:198.162.52.57:8023
[peer] 01:26:12.655020 main.go:527: 16:RPC called198.162.52.57:8023
[peer] 01:26:12.656230 main.go:534: 16:Announced myself to a fellow peer at port. Got lastest chain
[peer] 01:26:12.656240 main.go:541: Chain length received:7
[peer] 01:26:12.656246 main.go:542: My chain length:7
[peer] 01:26:12.656264 main.go:492: 16:Calling {198.162.52.57 %!s(int=8024) }
[peer] 01:26:12.656271 main.go:511: 16:Inside callRegisterRPC
[peer] 01:26:12.656276 main.go:516: 16Making RPC call
[peer] 01:26:12.656680 main.go:522: 16RPC dial successful
[peer] 01:26:12.656707 main.go:525: 16:Calling RPC:198.162.52.57:8024
[peer] 01:26:12.656713 main.go:527: 16:RPC called198.162.52.57:8024
[peer] 01:26:12.657808 main.go:534: 16:Announced myself to a fellow peer at port. Got lastest chain
[peer] 01:26:12.657825 main.go:541: Chain length received:7
[peer] 01:26:12.657831 main.go:542: My chain length:7
[peer] 01:26:12.657855 main.go:492: 16:Calling {198.162.52.57 %!s(int=8025) }
[peer] 01:26:12.657864 main.go:511: 16:Inside callRegisterRPC
[peer] 01:26:12.657873 main.go:516: 16Making RPC call
[peer] 01:26:12.658174 main.go:522: 16RPC dial successful
[peer] 01:26:12.658192 main.go:525: 16:Calling RPC:198.162.52.57:8025
[peer] 01:26:12.658202 main.go:527: 16:RPC called198.162.52.57:8025
[peer] 01:26:12.659194 main.go:534: 16:Announced myself to a fellow peer at port. Got lastest chain
[peer] 01:26:12.659205 main.go:541: Chain length received:7
[peer] 01:26:12.659210 main.go:542: My chain length:7
[peer] 01:26:12.659231 main.go:492: 16:Calling {198.162.52.57 %!s(int=8026) }
[peer] 01:26:12.659240 main.go:511: 16:Inside callRegisterRPC
[peer] 01:26:12.659246 main.go:516: 16Making RPC call
[peer] 01:26:12.659686 main.go:522: 16RPC dial successful
[peer] 01:26:12.659698 main.go:525: 16:Calling RPC:198.162.52.57:8026
[peer] 01:26:12.659706 main.go:527: 16:RPC called198.162.52.57:8026
[peer] 01:26:12.660899 main.go:534: 16:Announced myself to a fellow peer at port. Got lastest chain
[peer] 01:26:12.660920 main.go:541: Chain length received:7
[peer] 01:26:12.660929 main.go:542: My chain length:7
[peer] 01:26:12.660959 main.go:492: 16:Calling {198.162.52.57 %!s(int=8027) }
[peer] 01:26:12.660970 main.go:511: 16:Inside callRegisterRPC
[peer] 01:26:12.660977 main.go:516: 16Making RPC call
[peer] 01:26:12.661264 main.go:522: 16RPC dial successful
[peer] 01:26:12.661274 main.go:525: 16:Calling RPC:198.162.52.57:8027
[peer] 01:26:12.661280 main.go:527: 16:RPC called198.162.52.57:8027
[peer] 01:26:12.662303 main.go:534: 16:Announced myself to a fellow peer at port. Got lastest chain
[peer] 01:26:12.662325 main.go:541: Chain length received:7
[peer] 01:26:12.662332 main.go:542: My chain length:7
[peer] 01:26:12.662363 main.go:492: 16:Calling {198.162.52.57 %!s(int=8028) }
[peer] 01:26:12.662370 main.go:511: 16:Inside callRegisterRPC
[peer] 01:26:12.662374 main.go:516: 16Making RPC call
[peer] 01:26:12.662749 main.go:522: 16RPC dial successful
[peer] 01:26:12.662771 main.go:525: 16:Calling RPC:198.162.52.57:8028
[peer] 01:26:12.662789 main.go:527: 16:RPC called198.162.52.57:8028
[peer] 01:26:12.663912 main.go:534: 16:Announced myself to a fellow peer at port. Got lastest chain
[peer] 01:26:12.663925 main.go:541: Chain length received:7
[peer] 01:26:12.663930 main.go:542: My chain length:7
[peer] 01:26:12.663951 main.go:492: 16:Calling {198.162.52.57 %!s(int=8029) }
[peer] 01:26:12.663958 main.go:511: 16:Inside callRegisterRPC
[peer] 01:26:12.663963 main.go:516: 16Making RPC call
[peer] 01:26:12.664296 main.go:522: 16RPC dial successful
[peer] 01:26:12.664306 main.go:525: 16:Calling RPC:198.162.52.57:8029
[peer] 01:26:12.664312 main.go:527: 16:RPC called198.162.52.57:8029
[peer] 01:26:12.665384 main.go:534: 16:Announced myself to a fellow peer at port. Got lastest chain
[peer] 01:26:12.665395 main.go:541: Chain length received:7
[peer] 01:26:12.665400 main.go:542: My chain length:7
[peer] 01:26:12.665419 main.go:492: 16:Calling {198.162.52.57 %!s(int=8030) }
[peer] 01:26:12.665426 main.go:511: 16:Inside callRegisterRPC
[peer] 01:26:12.665430 main.go:516: 16Making RPC call
[peer] 01:26:12.665837 main.go:522: 16RPC dial successful
[peer] 01:26:12.665849 main.go:525: 16:Calling RPC:198.162.52.57:8030
[peer] 01:26:12.665861 main.go:527: 16:RPC called198.162.52.57:8030
[peer] 01:26:12.666848 main.go:534: 16:Announced myself to a fellow peer at port. Got lastest chain
[peer] 01:26:12.666858 main.go:541: Chain length received:7
[peer] 01:26:12.666863 main.go:542: My chain length:7
[peer] 01:26:12.666885 main.go:492: 16:Calling {198.162.52.57 %!s(int=8031) }
[peer] 01:26:12.666892 main.go:511: 16:Inside callRegisterRPC
[peer] 01:26:12.666898 main.go:516: 16Making RPC call
[peer] 01:26:12.667275 main.go:522: 16RPC dial successful
[peer] 01:26:12.667284 main.go:525: 16:Calling RPC:198.162.52.57:8031
[peer] 01:26:12.667290 main.go:527: 16:RPC called198.162.52.57:8031
[peer] 01:26:12.668268 main.go:534: 16:Announced myself to a fellow peer at port. Got lastest chain
[peer] 01:26:12.668278 main.go:541: Chain length received:7
[peer] 01:26:12.668283 main.go:542: My chain length:7
[peer] 01:26:12.668304 main.go:492: 16:Calling {198.162.52.57 %!s(int=8032) }
[peer] 01:26:12.668311 main.go:511: 16:Inside callRegisterRPC
[peer] 01:26:12.668316 main.go:516: 16Making RPC call
[peer] 01:26:12.668717 main.go:522: 16RPC dial successful
[peer] 01:26:12.668728 main.go:525: 16:Calling RPC:198.162.52.57:8032
[peer] 01:26:12.668736 main.go:527: 16:RPC called198.162.52.57:8032
[peer] 01:26:12.669728 main.go:534: 16:Announced myself to a fellow peer at port. Got lastest chain
[peer] 01:26:12.669738 main.go:541: Chain length received:7
[peer] 01:26:12.669743 main.go:542: My chain length:7
[peer] 01:26:12.669761 main.go:492: 16:Calling {198.162.52.57 %!s(int=8033) }
[peer] 01:26:12.669768 main.go:511: 16:Inside callRegisterRPC
[peer] 01:26:12.669772 main.go:516: 16Making RPC call
[peer] 01:26:12.670158 main.go:522: 16RPC dial successful
[peer] 01:26:12.670167 main.go:525: 16:Calling RPC:198.162.52.57:8033
[peer] 01:26:12.670177 main.go:527: 16:RPC called198.162.52.57:8033
[peer] 01:26:12.671190 main.go:534: 16:Announced myself to a fellow peer at port. Got lastest chain
[peer] 01:26:12.671205 main.go:541: Chain length received:7
[peer] 01:26:12.671211 main.go:542: My chain length:7
[peer] 01:26:12.671233 main.go:492: 16:Calling {198.162.52.57 %!s(int=8034) }
[peer] 01:26:12.671241 main.go:511: 16:Inside callRegisterRPC
[peer] 01:26:12.671246 main.go:516: 16Making RPC call
[peer] 01:26:12.671595 main.go:522: 16RPC dial successful
[peer] 01:26:12.671605 main.go:525: 16:Calling RPC:198.162.52.57:8034
[peer] 01:26:12.671611 main.go:527: 16:RPC called198.162.52.57:8034
[peer] 01:26:12.672571 main.go:534: 16:Announced myself to a fellow peer at port. Got lastest chain
[peer] 01:26:12.672590 main.go:541: Chain length received:7
[peer] 01:26:12.672595 main.go:542: My chain length:7
[peer] 01:26:12.672619 main.go:492: 16:Calling {198.162.52.57 %!s(int=8035) }
[peer] 01:26:12.672627 main.go:511: 16:Inside callRegisterRPC
[peer] 01:26:12.672631 main.go:516: 16Making RPC call
[peer] 01:26:12.673004 main.go:522: 16RPC dial successful
[peer] 01:26:12.673014 main.go:525: 16:Calling RPC:198.162.52.57:8035
[peer] 01:26:12.673020 main.go:527: 16:RPC called198.162.52.57:8035
[peer] 01:26:12.674025 main.go:534: 16:Announced myself to a fellow peer at port. Got lastest chain
[peer] 01:26:12.674042 main.go:541: Chain length received:7
[peer] 01:26:12.674052 main.go:542: My chain length:7
[peer] 01:26:12.674086 main.go:492: 16:Calling {198.162.52.57 %!s(int=8036) }
[peer] 01:26:12.674097 main.go:511: 16:Inside callRegisterRPC
[peer] 01:26:12.674102 main.go:516: 16Making RPC call
[peer] 01:26:12.674415 main.go:522: 16RPC dial successful
[peer] 01:26:12.674428 main.go:525: 16:Calling RPC:198.162.52.57:8036
[peer] 01:26:12.674436 main.go:527: 16:RPC called198.162.52.57:8036
[peer] 01:26:12.675383 main.go:534: 16:Announced myself to a fellow peer at port. Got lastest chain
[peer] 01:26:12.675396 main.go:541: Chain length received:7
[peer] 01:26:12.675401 main.go:542: My chain length:7
[peer] 01:26:12.675422 main.go:492: 16:Calling {198.162.52.57 %!s(int=8037) }
[peer] 01:26:12.675429 main.go:511: 16:Inside callRegisterRPC
[peer] 01:26:12.675434 main.go:516: 16Making RPC call
[peer] 01:26:12.675859 main.go:522: 16RPC dial successful
[peer] 01:26:12.675868 main.go:525: 16:Calling RPC:198.162.52.57:8037
[peer] 01:26:12.675874 main.go:527: 16:RPC called198.162.52.57:8037
[peer] 01:26:12.676846 main.go:534: 16:Announced myself to a fellow peer at port. Got lastest chain
[peer] 01:26:12.676865 main.go:541: Chain length received:7
[peer] 01:26:12.676870 main.go:542: My chain length:7
[peer] 01:26:12.676892 main.go:492: 16:Calling {198.162.52.57 %!s(int=8038) }
[peer] 01:26:12.676899 main.go:511: 16:Inside callRegisterRPC
[peer] 01:26:12.676903 main.go:516: 16Making RPC call
[peer] 01:26:12.677326 main.go:522: 16RPC dial successful
[peer] 01:26:12.677335 main.go:525: 16:Calling RPC:198.162.52.57:8038
[peer] 01:26:12.677341 main.go:527: 16:RPC called198.162.52.57:8038
[peer] 01:26:12.678335 main.go:534: 16:Announced myself to a fellow peer at port. Got lastest chain
[peer] 01:26:12.678350 main.go:541: Chain length received:7
[peer] 01:26:12.678355 main.go:542: My chain length:7
[peer] 01:26:12.678377 main.go:492: 16:Calling {198.162.52.57 %!s(int=8039) }
[peer] 01:26:12.678384 main.go:511: 16:Inside callRegisterRPC
[peer] 01:26:12.678389 main.go:516: 16Making RPC call
[peer] 01:26:12.678806 main.go:522: 16RPC dial successful
[peer] 01:26:12.678821 main.go:525: 16:Calling RPC:198.162.52.57:8039
[peer] 01:26:12.678829 main.go:527: 16:RPC called198.162.52.57:8039
[peer] 01:26:12.679793 main.go:534: 16:Announced myself to a fellow peer at port. Got lastest chain
[peer] 01:26:12.679804 main.go:541: Chain length received:7
[peer] 01:26:12.679809 main.go:542: My chain length:7
[peer] 01:26:12.679825 main.go:502: 16:Bootstrapped Network. Calling signal
[peer] 01:26:12.679833 main.go:504: 16:Bootstrapped Network. Signal called
[peer] 01:26:12.679838 main.go:588: 16:Acquiring bool lock
[peer] 01:26:12.679848 main.go:590: 16:Acquired bool lock
[peer] 01:26:12.680801 main.go:609: 16:I am not verifier IterationCount:6
[peer] 01:26:12.680810 main.go:614: 16:Bool lock released
[peer] 01:26:12.680816 main.go:824: 16:Computing Update
[peer] 01:26:12.681111 main.go:270: 16 : VRF returned ID map[31:{}]
[peer] 01:26:12.681126 main.go:280: 16 :Verifiers [198.162.52.57:8031] returned.
[peer] 01:26:12.681431 main.go:869: 16:Making RPC Call to Verifier. Sending Update, Iteration:6
[peer] 01:26:12.683016 main.go:876: 16:Update sent successfully
[peer] 01:26:12.690903 main.go:633: 16:Accepted new Connection
[peer] 01:26:12.690929 main.go:633: 16:Accepted new Connection
[peer] 01:26:12.736757 main.go:633: 16:Accepted new Connection
[peer] 01:26:12.736790 main.go:633: 16:Accepted new Connection
[peer] 01:26:12.736808 main.go:633: 16:Accepted new Connection
[peer] 01:26:12.736825 main.go:633: 16:Accepted new Connection
[peer] 01:26:12.736842 main.go:633: 16:Accepted new Connection
[peer] 01:26:12.736861 main.go:633: 16:Accepted new Connection
[peer] 01:26:12.736883 main.go:633: 16:Accepted new Connection
[peer] 01:26:12.736901 main.go:633: 16:Accepted new Connection
[peer] 01:26:12.736922 main.go:633: 16:Accepted new Connection
[peer] 01:26:12.736942 main.go:633: 16:Accepted new Connection
[peer] 01:26:12.736959 main.go:633: 16:Accepted new Connection
[peer] 01:26:12.737229 main.go:130: 16:Got block message, iteration 6
[peer] 01:26:12.737251 main.go:137: 16:Acquiring bool lock
[peer] 01:26:12.737258 main.go:139: 16:Acquired bool lock
[peer] 01:26:12.737265 main.go:140: Chain Length:7
[peer] 01:26:12.737271 blockchain.go:71: Returning nil
[peer] 01:26:12.737279 main.go:142: Chain Length:7
[peer] 01:26:12.737286 main.go:187: 16:Sending to channel
[peer] 01:26:12.737295 main.go:193: 16:Sent to channel
[peer] 01:26:12.737303 main.go:195: 16:Returning
[peer] 01:26:12.737502 main.go:777: 16:Adding block to chain
[peer] 01:26:12.737520 honest.go:222: Trying to append block with iteration:6
[peer] 01:26:12.737527 blockchain.go:71: Returning nil
[peer] 01:26:12.737534 honest.go:238: Append successful
[peer] 01:26:12.737542 main.go:781: 16:Adding block to chain
[peer] 01:26:12.737549 main.go:787: 16:Checking convergence
[peer] 01:26:12.738467 main.go:130: 16:Got block message, iteration 6
[peer] 01:26:12.738493 main.go:137: 16:Acquiring bool lock
[peer] 01:26:12.738708 main.go:130: 16:Got block message, iteration 6
[peer] 01:26:12.738727 main.go:137: 16:Acquiring bool lock
[peer] 01:26:12.738778 main.go:130: 16:Got block message, iteration 6
[peer] 01:26:12.738819 main.go:137: 16:Acquiring bool lock
[peer] 01:26:12.738935 main.go:130: 16:Got block message, iteration 6
[peer] 01:26:12.738954 main.go:137: 16:Acquiring bool lock
[peer] 01:26:12.739094 main.go:130: 16:Got block message, iteration 6
[peer] 01:26:12.739139 main.go:137: 16:Acquiring bool lock
[peer] 01:26:12.739169 main.go:130: 16:Got block message, iteration 6
[peer] 01:26:12.739188 main.go:137: 16:Acquiring bool lock
[peer] 01:26:12.739395 main.go:130: 16:Got block message, iteration 6
[peer] 01:26:12.739415 main.go:137: 16:Acquiring bool lock
[peer] 01:26:12.739400 main.go:130: 16:Got block message, iteration 6
[peer] 01:26:12.739428 main.go:137: 16:Acquiring bool lock
[peer] 01:26:12.740505 main.go:955: 16:Block Received. Appending to chain and moving on to the next iteration. 6
[peer] 01:26:12.745533 main.go:633: 16:Accepted new Connection
[peer] 01:26:12.748500 main.go:130: 16:Got block message, iteration 6
[peer] 01:26:12.748521 main.go:137: 16:Acquiring bool lock
[peer] 01:26:12.751500 main.go:130: 16:Got block message, iteration 6
[peer] 01:26:12.751525 main.go:137: 16:Acquiring bool lock
[peer] 01:26:12.762792 main.go:633: 16:Accepted new Connection
[peer] 01:26:12.762814 main.go:633: 16:Accepted new Connection
[peer] 01:26:12.762831 main.go:633: 16:Accepted new Connection
[peer] 01:26:12.763090 main.go:130: 16:Got block message, iteration 6
[peer] 01:26:12.763109 main.go:137: 16:Acquiring bool lock
[peer] 01:26:12.766618 main.go:130: 16:Got block message, iteration 6
[peer] 01:26:12.766652 main.go:137: 16:Acquiring bool lock
[peer] 01:26:12.766853 main.go:130: 16:Got block message, iteration 6
[peer] 01:26:12.766874 main.go:137: 16:Acquiring bool lock
[peer] 01:26:12.773693 main.go:130: 16:Got block message, iteration 6
[peer] 01:26:12.773714 main.go:137: 16:Acquiring bool lock
[peer] 01:26:12.773947 main.go:130: 16:Got block message, iteration 6
[peer] 01:26:12.773967 main.go:137: 16:Acquiring bool lock
[peer] 01:26:12.776751 main.go:633: 16:Accepted new Connection
[peer] 01:26:12.782988 main.go:130: 16:Got block message, iteration 6
[peer] 01:26:12.783010 main.go:137: 16:Acquiring bool lock
[peer] 01:26:12.788241 main.go:633: 16:Accepted new Connection
[peer] 01:26:12.788271 main.go:633: 16:Accepted new Connection
[peer] 01:26:12.798601 main.go:130: 16:Got block message, iteration 6
[peer] 01:26:12.798729 main.go:137: 16:Acquiring bool lock
[peer] 01:26:12.806253 main.go:633: 16:Accepted new Connection
[peer] 01:26:12.807200 honest.go:81: 16Train Error is 0.04934 in Iteration 6
[peer] 01:26:12.807214 main.go:790: 16:Convergence checked
[peer] 01:26:12.807226 main.go:793: 16:Bool lock released
[peer] 01:26:12.807284 main.go:664: 16:Sending block. Iteration: 6
[peer] 01:26:12.807366 main.go:139: 16:Acquired bool lock
[peer] 01:26:12.807377 main.go:140: Chain Length:8
[peer] 01:26:12.807384 blockchain.go:68: Returning a block
[peer] 01:26:12.807391 main.go:142: Chain Length:8
[peer] 01:26:12.807397 main.go:147: Already have block
[peer] 01:26:12.807405 main.go:152: 16:Bool lock released
[peer] 01:26:12.807412 blockchain.go:68: Returning a block
[peer] 01:26:12.807422 blockchain.go:68: Returning a block
[peer] 01:26:12.807429 main.go:179: 16:Equal block
[peer] 01:26:12.807490 main.go:139: 16:Acquired bool lock
[peer] 01:26:12.807500 main.go:140: Chain Length:8
[peer] 01:26:12.807506 blockchain.go:68: Returning a block
[peer] 01:26:12.807513 main.go:142: Chain Length:8
[peer] 01:26:12.807519 main.go:147: Already have block
[peer] 01:26:12.807527 main.go:152: 16:Bool lock released
[peer] 01:26:12.807534 blockchain.go:68: Returning a block
[peer] 01:26:12.807540 blockchain.go:68: Returning a block
[peer] 01:26:12.807547 main.go:179: 16:Equal block
[peer] 01:26:12.807583 main.go:139: 16:Acquired bool lock
[peer] 01:26:12.807594 main.go:140: Chain Length:8
[peer] 01:26:12.807601 blockchain.go:68: Returning a block
[peer] 01:26:12.807607 main.go:142: Chain Length:8
[peer] 01:26:12.807614 main.go:147: Already have block
[peer] 01:26:12.807622 main.go:152: 16:Bool lock released
[peer] 01:26:12.807628 blockchain.go:68: Returning a block
[peer] 01:26:12.807635 blockchain.go:68: Returning a block
[peer] 01:26:12.807642 main.go:179: 16:Equal block
[peer] 01:26:12.807679 main.go:139: 16:Acquired bool lock
[peer] 01:26:12.807689 main.go:140: Chain Length:8
[peer] 01:26:12.807696 blockchain.go:68: Returning a block
[peer] 01:26:12.807703 main.go:142: Chain Length:8
[peer] 01:26:12.807709 main.go:147: Already have block
[peer] 01:26:12.807717 main.go:152: 16:Bool lock released
[peer] 01:26:12.807723 blockchain.go:68: Returning a block
[peer] 01:26:12.807730 blockchain.go:68: Returning a block
[peer] 01:26:12.807736 main.go:179: 16:Equal block
[peer] 01:26:12.807772 main.go:139: 16:Acquired bool lock
[peer] 01:26:12.807780 main.go:140: Chain Length:8
[peer] 01:26:12.807787 blockchain.go:68: Returning a block
[peer] 01:26:12.807794 main.go:142: Chain Length:8
[peer] 01:26:12.807800 main.go:147: Already have block
[peer] 01:26:12.807808 main.go:152: 16:Bool lock released
[peer] 01:26:12.807815 blockchain.go:68: Returning a block
[peer] 01:26:12.807821 blockchain.go:68: Returning a block
[peer] 01:26:12.807828 main.go:179: 16:Equal block
[peer] 01:26:12.807865 main.go:139: 16:Acquired bool lock
[peer] 01:26:12.807875 main.go:140: Chain Length:8
[peer] 01:26:12.807882 blockchain.go:68: Returning a block
[peer] 01:26:12.807888 main.go:142: Chain Length:8
[peer] 01:26:12.807895 main.go:147: Already have block
[peer] 01:26:12.807902 main.go:152: 16:Bool lock released
[peer] 01:26:12.807909 blockchain.go:68: Returning a block
[peer] 01:26:12.807923 blockchain.go:68: Returning a block
[peer] 01:26:12.807931 main.go:179: 16:Equal block
[peer] 01:26:12.807971 main.go:139: 16:Acquired bool lock
[peer] 01:26:12.807983 main.go:140: Chain Length:8
[peer] 01:26:12.807990 blockchain.go:68: Returning a block
[peer] 01:26:12.807996 main.go:142: Chain Length:8
[peer] 01:26:12.808003 main.go:147: Already have block
[peer] 01:26:12.808011 main.go:152: 16:Bool lock released
[peer] 01:26:12.808017 blockchain.go:68: Returning a block
[peer] 01:26:12.808024 blockchain.go:68: Returning a block
[peer] 01:26:12.808030 main.go:179: 16:Equal block
[peer] 01:26:12.808068 main.go:139: 16:Acquired bool lock
[peer] 01:26:12.808077 main.go:140: Chain Length:8
[peer] 01:26:12.808084 blockchain.go:68: Returning a block
[peer] 01:26:12.808090 main.go:142: Chain Length:8
[peer] 01:26:12.808096 main.go:147: Already have block
[peer] 01:26:12.808104 main.go:152: 16:Bool lock released
[peer] 01:26:12.808111 blockchain.go:68: Returning a block
[peer] 01:26:12.808118 blockchain.go:68: Returning a block
[peer] 01:26:12.808124 main.go:179: 16:Equal block
[peer] 01:26:12.808160 main.go:139: 16:Acquired bool lock
[peer] 01:26:12.808170 main.go:140: Chain Length:8
[peer] 01:26:12.808176 blockchain.go:68: Returning a block
[peer] 01:26:12.808183 main.go:142: Chain Length:8
[peer] 01:26:12.808189 main.go:147: Already have block
[peer] 01:26:12.808197 main.go:152: 16:Bool lock released
[peer] 01:26:12.808204 blockchain.go:68: Returning a block
[peer] 01:26:12.808210 blockchain.go:68: Returning a block
[peer] 01:26:12.808216 main.go:179: 16:Equal block
[peer] 01:26:12.808253 main.go:139: 16:Acquired bool lock
[peer] 01:26:12.808263 main.go:140: Chain Length:8
[peer] 01:26:12.808270 blockchain.go:68: Returning a block
[peer] 01:26:12.808276 main.go:142: Chain Length:8
[peer] 01:26:12.808282 main.go:147: Already have block
[peer] 01:26:12.808290 main.go:152: 16:Bool lock released
[peer] 01:26:12.808296 blockchain.go:68: Returning a block
[peer] 01:26:12.808303 blockchain.go:68: Returning a block
[peer] 01:26:12.808309 main.go:179: 16:Equal block
[peer] 01:26:12.808341 main.go:139: 16:Acquired bool lock
[peer] 01:26:12.808351 main.go:140: Chain Length:8
[peer] 01:26:12.808357 blockchain.go:68: Returning a block
[peer] 01:26:12.808364 main.go:142: Chain Length:8
[peer] 01:26:12.808370 main.go:147: Already have block
[peer] 01:26:12.808378 main.go:152: 16:Bool lock released
[peer] 01:26:12.808385 blockchain.go:68: Returning a block
[peer] 01:26:12.808391 blockchain.go:68: Returning a block
[peer] 01:26:12.808397 main.go:179: 16:Equal block
[peer] 01:26:12.808435 main.go:139: 16:Acquired bool lock
[peer] 01:26:12.808446 main.go:140: Chain Length:8
[peer] 01:26:12.808452 blockchain.go:68: Returning a block
[peer] 01:26:12.808459 main.go:142: Chain Length:8
[peer] 01:26:12.808465 main.go:147: Already have block
[peer] 01:26:12.808473 main.go:152: 16:Bool lock released
[peer] 01:26:12.808479 blockchain.go:68: Returning a block
[peer] 01:26:12.808486 blockchain.go:68: Returning a block
[peer] 01:26:12.808492 main.go:179: 16:Equal block
[peer] 01:26:12.808527 main.go:139: 16:Acquired bool lock
[peer] 01:26:12.808537 main.go:140: Chain Length:8
[peer] 01:26:12.808544 blockchain.go:68: Returning a block
[peer] 01:26:12.808550 main.go:142: Chain Length:8
[peer] 01:26:12.808556 main.go:147: Already have block
[peer] 01:26:12.808564 main.go:152: 16:Bool lock released
[peer] 01:26:12.808570 blockchain.go:68: Returning a block
[peer] 01:26:12.808577 blockchain.go:68: Returning a block
[peer] 01:26:12.808583 main.go:179: 16:Equal block
[peer] 01:26:12.808622 main.go:139: 16:Acquired bool lock
[peer] 01:26:12.808634 main.go:140: Chain Length:8
[peer] 01:26:12.808642 blockchain.go:68: Returning a block
[peer] 01:26:12.808649 main.go:142: Chain Length:8
[peer] 01:26:12.808708 main.go:147: Already have block
[peer] 01:26:12.808717 main.go:152: 16:Bool lock released
[peer] 01:26:12.808725 blockchain.go:68: Returning a block
[peer] 01:26:12.808732 blockchain.go:68: Returning a block
[peer] 01:26:12.808748 main.go:179: 16:Equal block
[peer] 01:26:12.808790 main.go:139: 16:Acquired bool lock
[peer] 01:26:12.808802 main.go:140: Chain Length:8
[peer] 01:26:12.808810 blockchain.go:68: Returning a block
[peer] 01:26:12.808817 main.go:142: Chain Length:8
[peer] 01:26:12.808824 main.go:147: Already have block
[peer] 01:26:12.808833 main.go:152: 16:Bool lock released
[peer] 01:26:12.808844 blockchain.go:68: Returning a block
[peer] 01:26:12.808851 blockchain.go:68: Returning a block
[peer] 01:26:12.808858 main.go:179: 16:Equal block
[peer] 01:26:12.808898 main.go:139: 16:Acquired bool lock
[peer] 01:26:12.808911 main.go:140: Chain Length:8
[peer] 01:26:12.808918 blockchain.go:68: Returning a block
[peer] 01:26:12.808926 main.go:142: Chain Length:8
[peer] 01:26:12.808933 main.go:147: Already have block
[peer] 01:26:12.808941 main.go:152: 16:Bool lock released
[peer] 01:26:12.808948 blockchain.go:68: Returning a block
[peer] 01:26:12.808958 blockchain.go:68: Returning a block
[peer] 01:26:12.808966 main.go:179: 16:Equal block
[peer] 01:26:12.809012 main.go:139: 16:Acquired bool lock
[peer] 01:26:12.809022 main.go:140: Chain Length:8
[peer] 01:26:12.809029 blockchain.go:68: Returning a block
[peer] 01:26:12.809036 main.go:142: Chain Length:8
[peer] 01:26:12.809043 main.go:147: Already have block
[peer] 01:26:12.809051 main.go:152: 16:Bool lock released
[peer] 01:26:12.809059 blockchain.go:68: Returning a block
[peer] 01:26:12.809066 blockchain.go:68: Returning a block
[peer] 01:26:12.809074 main.go:179: 16:Equal block
[peer] 01:26:12.811070 main.go:729: 16:Block sent to peer successful
[err] 01:26:12.811086 main.go:302: Error in sending block, err = Stale Update/Block
[peer] 01:26:12.811782 main.go:729: 16:Block sent to peer successful
[err] 01:26:12.812070 main.go:302: Error in sending block, err = Stale Update/Block
[peer] 01:26:12.812444 main.go:729: 16:Block sent to peer successful
[err] 01:26:12.812510 main.go:302: Error in sending block, err = Stale Update/Block
[peer] 01:26:12.817294 main.go:729: 16:Block sent to peer successful
[err] 01:26:12.817330 main.go:302: Error in sending block, err = Stale Update/Block
[peer] 01:26:12.837318 main.go:729: 16:Block sent to peer successful
[err] 01:26:12.837334 main.go:302: Error in sending block, err = Stale Update/Block
[peer] 01:26:12.838870 main.go:729: 16:Block sent to peer successful
[err] 01:26:12.838886 main.go:302: Error in sending block, err = Stale Update/Block
[peer] 01:26:12.840139 main.go:729: 16:Block sent to peer successful
[err] 01:26:12.840153 main.go:302: Error in sending block, err = Stale Update/Block
[peer] 01:26:12.845048 main.go:729: 16:Block sent to peer successful
[err] 01:26:12.845064 main.go:302: Error in sending block, err = Stale Update/Block
[peer] 01:26:12.848511 main.go:729: 16:Block sent to peer successful
[err] 01:26:12.848528 main.go:302: Error in sending block, err = Stale Update/Block
[peer] 01:26:12.848649 main.go:729: 16:Block sent to peer successful
[err] 01:26:12.848662 main.go:302: Error in sending block, err = Stale Update/Block
[peer] 01:26:12.848744 main.go:633: 16:Accepted new Connection
[peer] 01:26:12.848767 main.go:633: 16:Accepted new Connection
[peer] 01:26:12.848786 main.go:633: 16:Accepted new Connection
[peer] 01:26:12.848815 main.go:633: 16:Accepted new Connection
[peer] 01:26:12.848834 main.go:633: 16:Accepted new Connection
[peer] 01:26:12.848850 main.go:633: 16:Accepted new Connection
[peer] 01:26:12.849100 main.go:130: 16:Got block message, iteration 6
[peer] 01:26:12.849130 main.go:137: 16:Acquiring bool lock
[peer] 01:26:12.849137 main.go:139: 16:Acquired bool lock
[peer] 01:26:12.849145 main.go:140: Chain Length:8
[peer] 01:26:12.849152 blockchain.go:68: Returning a block
[peer] 01:26:12.849159 main.go:142: Chain Length:8
[peer] 01:26:12.849167 main.go:147: Already have block
[peer] 01:26:12.849175 main.go:152: 16:Bool lock released
[peer] 01:26:12.849183 blockchain.go:68: Returning a block
[peer] 01:26:12.849190 blockchain.go:68: Returning a block
[peer] 01:26:12.849197 main.go:179: 16:Equal block
[peer] 01:26:12.849499 main.go:130: 16:Got block message, iteration 6
[peer] 01:26:12.849519 main.go:137: 16:Acquiring bool lock
[peer] 01:26:12.849526 main.go:139: 16:Acquired bool lock
[peer] 01:26:12.849533 main.go:140: Chain Length:8
[peer] 01:26:12.849540 blockchain.go:68: Returning a block
[peer] 01:26:12.849546 main.go:142: Chain Length:8
[peer] 01:26:12.849553 main.go:147: Already have block
[peer] 01:26:12.849561 main.go:152: 16:Bool lock released
[peer] 01:26:12.849568 blockchain.go:68: Returning a block
[peer] 01:26:12.849582 blockchain.go:68: Returning a block
[peer] 01:26:12.849589 main.go:179: 16:Equal block
[peer] 01:26:12.849846 main.go:130: 16:Got block message, iteration 6
[peer] 01:26:12.849865 main.go:137: 16:Acquiring bool lock
[peer] 01:26:12.849873 main.go:139: 16:Acquired bool lock
[peer] 01:26:12.849879 main.go:140: Chain Length:8
[peer] 01:26:12.849896 blockchain.go:68: Returning a block
[peer] 01:26:12.849904 main.go:142: Chain Length:8
[peer] 01:26:12.849911 main.go:147: Already have block
[peer] 01:26:12.849919 main.go:152: 16:Bool lock released
[peer] 01:26:12.849927 blockchain.go:68: Returning a block
[peer] 01:26:12.849935 blockchain.go:68: Returning a block
[peer] 01:26:12.849943 main.go:179: 16:Equal block
[peer] 01:26:12.851615 main.go:729: 16:Block sent to peer successful
[err] 01:26:12.851633 main.go:302: Error in sending block, err = Stale Update/Block
[peer] 01:26:12.852223 main.go:130: 16:Got block message, iteration 6
[peer] 01:26:12.852246 main.go:137: 16:Acquiring bool lock
[peer] 01:26:12.852253 main.go:139: 16:Acquired bool lock
[peer] 01:26:12.852260 main.go:140: Chain Length:8
[peer] 01:26:12.852267 blockchain.go:68: Returning a block
[peer] 01:26:12.852275 main.go:142: Chain Length:8
[peer] 01:26:12.852283 main.go:147: Already have block
[peer] 01:26:12.852291 main.go:152: 16:Bool lock released
[peer] 01:26:12.852299 blockchain.go:68: Returning a block
[peer] 01:26:12.852306 blockchain.go:68: Returning a block
[peer] 01:26:12.852314 main.go:179: 16:Equal block
[peer] 01:26:12.852465 main.go:729: 16:Block sent to peer successful
[err] 01:26:12.852476 main.go:302: Error in sending block, err = Stale Update/Block
[peer] 01:26:12.853285 main.go:729: 16:Block sent to peer successful
[err] 01:26:12.853301 main.go:302: Error in sending block, err = Stale Update/Block
[peer] 01:26:12.853657 main.go:729: 16:Block sent to peer successful
[err] 01:26:12.853673 main.go:302: Error in sending block, err = Stale Update/Block
[peer] 01:26:12.859565 main.go:729: 16:Block sent to peer successful
[err] 01:26:12.859580 main.go:302: Error in sending block, err = Stale Update/Block
[peer] 01:26:12.864165 main.go:633: 16:Accepted new Connection
[peer] 01:26:12.877421 main.go:130: 16:Got block message, iteration 6
[peer] 01:26:12.877484 main.go:137: 16:Acquiring bool lock
[peer] 01:26:12.877494 main.go:139: 16:Acquired bool lock
[peer] 01:26:12.877501 main.go:140: Chain Length:8
[peer] 01:26:12.877507 blockchain.go:68: Returning a block
[peer] 01:26:12.877514 main.go:142: Chain Length:8
[peer] 01:26:12.877520 main.go:147: Already have block
[peer] 01:26:12.877528 main.go:152: 16:Bool lock released
[peer] 01:26:12.877535 blockchain.go:68: Returning a block
[peer] 01:26:12.877542 blockchain.go:68: Returning a block
[peer] 01:26:12.877548 main.go:179: 16:Equal block
[peer] 01:26:12.878397 main.go:729: 16:Block sent to peer successful
[err] 01:26:12.878427 main.go:302: Error in sending block, err = Stale Update/Block
[peer] 01:26:12.891218 main.go:729: 16:Block sent to peer successful
[err] 01:26:12.891233 main.go:302: Error in sending block, err = Stale Update/Block
[peer] 01:26:12.892335 main.go:729: 16:Block sent to peer successful
[err] 01:26:12.892348 main.go:302: Error in sending block, err = Stale Update/Block
[peer] 01:26:12.895638 main.go:130: 16:Got block message, iteration 6
[peer] 01:26:12.895661 main.go:137: 16:Acquiring bool lock
[peer] 01:26:12.895668 main.go:139: 16:Acquired bool lock
[peer] 01:26:12.895676 main.go:140: Chain Length:8
[peer] 01:26:12.895684 blockchain.go:68: Returning a block
[peer] 01:26:12.895701 main.go:142: Chain Length:8
[peer] 01:26:12.895708 main.go:147: Already have block
[peer] 01:26:12.895716 main.go:152: 16:Bool lock released
[peer] 01:26:12.895724 blockchain.go:68: Returning a block
[peer] 01:26:12.895733 blockchain.go:68: Returning a block
[peer] 01:26:12.895740 main.go:179: 16:Equal block
[peer] 01:26:12.897125 main.go:729: 16:Block sent to peer successful
[err] 01:26:12.897135 main.go:302: Error in sending block, err = Stale Update/Block
[peer] 01:26:12.921526 main.go:130: 16:Got block message, iteration 6
[peer] 01:26:12.921552 main.go:137: 16:Acquiring bool lock
[peer] 01:26:12.921558 main.go:139: 16:Acquired bool lock
[peer] 01:26:12.921563 main.go:140: Chain Length:8
[peer] 01:26:12.921567 blockchain.go:68: Returning a block
[peer] 01:26:12.921572 main.go:142: Chain Length:8
[peer] 01:26:12.921576 main.go:147: Already have block
[peer] 01:26:12.921581 main.go:152: 16:Bool lock released
[peer] 01:26:12.921585 blockchain.go:68: Returning a block
[peer] 01:26:12.921589 blockchain.go:68: Returning a block
[peer] 01:26:12.921594 main.go:179: 16:Equal block
[peer] 01:26:12.946438 main.go:130: 16:Got block message, iteration 6
[peer] 01:26:12.946455 main.go:137: 16:Acquiring bool lock
[peer] 01:26:12.946460 main.go:139: 16:Acquired bool lock
[peer] 01:26:12.946465 main.go:140: Chain Length:8
[peer] 01:26:12.946469 blockchain.go:68: Returning a block
[peer] 01:26:12.946474 main.go:142: Chain Length:8
[peer] 01:26:12.946487 main.go:147: Already have block
[peer] 01:26:12.946492 main.go:152: 16:Bool lock released
[peer] 01:26:12.946497 blockchain.go:68: Returning a block
[peer] 01:26:12.946502 blockchain.go:68: Returning a block
[peer] 01:26:12.946506 main.go:179: 16:Equal block
[peer] 01:26:12.986863 main.go:633: 16:Accepted new Connection
[peer] 01:26:12.992921 main.go:130: 16:Got block message, iteration 6
[peer] 01:26:12.992938 main.go:137: 16:Acquiring bool lock
[peer] 01:26:12.992946 main.go:139: 16:Acquired bool lock
[peer] 01:26:12.992954 main.go:140: Chain Length:8
[peer] 01:26:12.992962 blockchain.go:68: Returning a block
[peer] 01:26:12.992970 main.go:142: Chain Length:8
[peer] 01:26:12.992978 main.go:147: Already have block
[peer] 01:26:12.992987 main.go:152: 16:Bool lock released
[peer] 01:26:12.992995 blockchain.go:68: Returning a block
[peer] 01:26:12.993004 blockchain.go:68: Returning a block
[peer] 01:26:12.993012 main.go:179: 16:Equal block
[peer] 01:26:12.994765 main.go:130: 16:Got block message, iteration 6
[peer] 01:26:12.994789 main.go:137: 16:Acquiring bool lock
[peer] 01:26:12.994795 main.go:139: 16:Acquired bool lock
[peer] 01:26:12.994800 main.go:140: Chain Length:8
[peer] 01:26:12.994804 blockchain.go:68: Returning a block
[peer] 01:26:12.994809 main.go:142: Chain Length:8
[peer] 01:26:12.994813 main.go:147: Already have block
[peer] 01:26:12.994819 main.go:152: 16:Bool lock released
[peer] 01:26:12.994826 blockchain.go:68: Returning a block
[peer] 01:26:12.994834 blockchain.go:68: Returning a block
[peer] 01:26:12.994840 main.go:179: 16:Equal block
[peer] 01:26:13.014709 main.go:633: 16:Accepted new Connection
[peer] 01:26:13.027446 main.go:729: 16:Block sent to peer successful
[err] 01:26:13.027459 main.go:302: Error in sending block, err = Stale Update/Block
[peer] 01:26:13.028477 main.go:729: 16:Block sent to peer successful
[err] 01:26:13.028488 main.go:302: Error in sending block, err = Stale Update/Block
[peer] 01:26:13.028904 main.go:729: 16:Block sent to peer successful
[err] 01:26:13.028914 main.go:302: Error in sending block, err = Stale Update/Block
[peer] 01:26:13.029144 main.go:729: 16:Block sent to peer successful
[err] 01:26:13.029158 main.go:302: Error in sending block, err = Stale Update/Block
[peer] 01:26:13.029243 main.go:729: 16:Block sent to peer successful
[err] 01:26:13.029252 main.go:302: Error in sending block, err = Stale Update/Block
[peer] 01:26:13.030615 main.go:729: 16:Block sent to peer successful
[err] 01:26:13.030627 main.go:302: Error in sending block, err = Stale Update/Block
[peer] 01:26:13.030679 main.go:729: 16:Block sent to peer successful
[err] 01:26:13.030696 main.go:302: Error in sending block, err = Stale Update/Block
[peer] 01:26:13.031003 main.go:729: 16:Block sent to peer successful
[err] 01:26:13.031016 main.go:302: Error in sending block, err = Stale Update/Block
[peer] 01:26:13.031130 main.go:729: 16:Block sent to peer successful
[err] 01:26:13.031139 main.go:302: Error in sending block, err = Stale Update/Block
[peer] 01:26:13.031153 main.go:633: 16:Accepted new Connection
[peer] 01:26:13.031219 main.go:729: 16:Block sent to peer successful
[err] 01:26:13.031229 main.go:302: Error in sending block, err = Stale Update/Block
[peer] 01:26:13.032137 main.go:130: 16:Got block message, iteration 6
[peer] 01:26:13.032153 main.go:137: 16:Acquiring bool lock
[peer] 01:26:13.032158 main.go:139: 16:Acquired bool lock
[peer] 01:26:13.032163 main.go:140: Chain Length:8
[peer] 01:26:13.032168 blockchain.go:68: Returning a block
[peer] 01:26:13.032173 main.go:142: Chain Length:8
[peer] 01:26:13.032177 main.go:147: Already have block
[peer] 01:26:13.032183 main.go:152: 16:Bool lock released
[peer] 01:26:13.032188 blockchain.go:68: Returning a block
[peer] 01:26:13.032193 blockchain.go:68: Returning a block
[peer] 01:26:13.032198 main.go:179: 16:Equal block
[peer] 01:26:13.050069 main.go:633: 16:Accepted new Connection
[peer] 01:26:13.052348 main.go:633: 16:Accepted new Connection
[peer] 01:26:13.063930 main.go:130: 16:Got block message, iteration 6
[peer] 01:26:13.063946 main.go:137: 16:Acquiring bool lock
[peer] 01:26:13.063951 main.go:139: 16:Acquired bool lock
[peer] 01:26:13.063956 main.go:140: Chain Length:8
[peer] 01:26:13.063960 blockchain.go:68: Returning a block
[peer] 01:26:13.063965 main.go:142: Chain Length:8
[peer] 01:26:13.063970 main.go:147: Already have block
[peer] 01:26:13.063975 main.go:152: 16:Bool lock released
[peer] 01:26:13.063980 blockchain.go:68: Returning a block
[peer] 01:26:13.063985 blockchain.go:68: Returning a block
[peer] 01:26:13.063989 main.go:179: 16:Equal block
[peer] 01:26:13.072327 main.go:633: 16:Accepted new Connection
[peer] 01:26:13.078634 main.go:130: 16:Got block message, iteration 6
[peer] 01:26:13.078650 main.go:137: 16:Acquiring bool lock
[peer] 01:26:13.078656 main.go:139: 16:Acquired bool lock
[peer] 01:26:13.078660 main.go:140: Chain Length:8
[peer] 01:26:13.078665 blockchain.go:68: Returning a block
[peer] 01:26:13.078669 main.go:142: Chain Length:8
[peer] 01:26:13.078674 main.go:147: Already have block
[peer] 01:26:13.078679 main.go:152: 16:Bool lock released
[peer] 01:26:13.078684 blockchain.go:68: Returning a block
[peer] 01:26:13.078688 blockchain.go:68: Returning a block
[peer] 01:26:13.078693 main.go:179: 16:Equal block
[peer] 01:26:13.092163 main.go:729: 16:Block sent to peer successful
[err] 01:26:13.092178 main.go:302: Error in sending block, err = Stale Update/Block
[peer] 01:26:13.092952 main.go:130: 16:Got block message, iteration 6
[peer] 01:26:13.092968 main.go:137: 16:Acquiring bool lock
[peer] 01:26:13.092973 main.go:139: 16:Acquired bool lock
[peer] 01:26:13.092978 main.go:140: Chain Length:8
[peer] 01:26:13.092983 blockchain.go:68: Returning a block
[peer] 01:26:13.092988 main.go:142: Chain Length:8
[peer] 01:26:13.092992 main.go:147: Already have block
[peer] 01:26:13.093006 main.go:152: 16:Bool lock released
[peer] 01:26:13.093010 blockchain.go:68: Returning a block
[peer] 01:26:13.093014 blockchain.go:68: Returning a block
[peer] 01:26:13.093019 main.go:179: 16:Equal block
[peer] 01:26:13.094401 main.go:729: 16:Block sent to peer successful
[err] 01:26:13.094416 main.go:302: Error in sending block, err = Stale Update/Block
[peer] 01:26:13.094474 main.go:729: 16:Block sent to peer successful
[err] 01:26:13.094485 main.go:302: Error in sending block, err = Stale Update/Block
[peer] 01:26:13.117972 main.go:729: 16:Block sent to peer successful
[err] 01:26:13.117988 main.go:302: Error in sending block, err = Stale Update/Block
[peer] 01:26:13.119056 main.go:729: 16:Block sent to peer successful
[err] 01:26:13.119070 main.go:302: Error in sending block, err = Stale Update/Block
[peer] 01:26:13.128424 main.go:633: 16:Accepted new Connection
[peer] 01:26:13.136652 main.go:130: 16:Got block message, iteration 6
[peer] 01:26:13.136676 main.go:137: 16:Acquiring bool lock
[peer] 01:26:13.136683 main.go:139: 16:Acquired bool lock
[peer] 01:26:13.136690 main.go:140: Chain Length:8
[peer] 01:26:13.136696 blockchain.go:68: Returning a block
[peer] 01:26:13.136703 main.go:142: Chain Length:8
[peer] 01:26:13.136709 main.go:147: Already have block
[peer] 01:26:13.136717 main.go:152: 16:Bool lock released
[peer] 01:26:13.136724 blockchain.go:68: Returning a block
[peer] 01:26:13.136731 blockchain.go:68: Returning a block
[peer] 01:26:13.136737 main.go:179: 16:Equal block
[peer] 01:26:13.143575 main.go:729: 16:Block sent to peer successful
[err] 01:26:13.143591 main.go:302: Error in sending block, err = Stale Update/Block
[peer] 01:26:13.143644 main.go:633: 16:Accepted new Connection
[peer] 01:26:13.144141 main.go:130: 16:Got block message, iteration 6
[peer] 01:26:13.144161 main.go:137: 16:Acquiring bool lock
[peer] 01:26:13.144168 main.go:139: 16:Acquired bool lock
[peer] 01:26:13.144176 main.go:140: Chain Length:8
[peer] 01:26:13.144184 blockchain.go:68: Returning a block
[peer] 01:26:13.144192 main.go:142: Chain Length:8
[peer] 01:26:13.144281 main.go:147: Already have block
[peer] 01:26:13.144290 main.go:152: 16:Bool lock released
[peer] 01:26:13.144298 blockchain.go:68: Returning a block
[peer] 01:26:13.144306 blockchain.go:68: Returning a block
[peer] 01:26:13.144313 main.go:179: 16:Equal block
[peer] 01:26:13.155580 main.go:633: 16:Accepted new Connection
[peer] 01:26:13.155604 main.go:633: 16:Accepted new Connection
[peer] 01:26:13.155864 main.go:130: 16:Got block message, iteration 6
[peer] 01:26:13.155882 main.go:137: 16:Acquiring bool lock
[peer] 01:26:13.155889 main.go:139: 16:Acquired bool lock
[peer] 01:26:13.155896 main.go:140: Chain Length:8
[peer] 01:26:13.155903 blockchain.go:68: Returning a block
[peer] 01:26:13.155910 main.go:142: Chain Length:8
[peer] 01:26:13.155918 main.go:147: Already have block
[peer] 01:26:13.155926 main.go:152: 16:Bool lock released
[peer] 01:26:13.155934 blockchain.go:68: Returning a block
[peer] 01:26:13.155942 blockchain.go:68: Returning a block
[peer] 01:26:13.155949 main.go:179: 16:Equal block
[peer] 01:26:13.156075 main.go:729: 16:Block sent to peer successful
[err] 01:26:13.156086 main.go:302: Error in sending block, err = Stale Update/Block
[peer] 01:26:13.156179 main.go:729: 16:Block sent to peer successful
[err] 01:26:13.156189 main.go:302: Error in sending block, err = Stale Update/Block
[peer] 01:26:13.161010 main.go:130: 16:Got block message, iteration 6
[peer] 01:26:13.161033 main.go:137: 16:Acquiring bool lock
[peer] 01:26:13.161040 main.go:139: 16:Acquired bool lock
[peer] 01:26:13.161047 main.go:140: Chain Length:8
[peer] 01:26:13.161053 blockchain.go:68: Returning a block
[peer] 01:26:13.161060 main.go:142: Chain Length:8
[peer] 01:26:13.161068 main.go:147: Already have block
[peer] 01:26:13.161076 main.go:152: 16:Bool lock released
[peer] 01:26:13.161082 blockchain.go:68: Returning a block
[peer] 01:26:13.161089 blockchain.go:68: Returning a block
[peer] 01:26:13.161095 main.go:179: 16:Equal block
[peer] 01:26:13.165922 main.go:130: 16:Got block message, iteration 6
[peer] 01:26:13.165944 main.go:137: 16:Acquiring bool lock
[peer] 01:26:13.165951 main.go:139: 16:Acquired bool lock
[peer] 01:26:13.165958 main.go:140: Chain Length:8
[peer] 01:26:13.165964 blockchain.go:68: Returning a block
[peer] 01:26:13.165971 main.go:142: Chain Length:8
[peer] 01:26:13.165977 main.go:147: Already have block
[peer] 01:26:13.165985 main.go:152: 16:Bool lock released
[peer] 01:26:13.165991 blockchain.go:68: Returning a block
[peer] 01:26:13.165998 blockchain.go:68: Returning a block
[peer] 01:26:13.166005 main.go:179: 16:Equal block
[peer] 01:26:13.252247 main.go:130: 16:Got block message, iteration 6
[peer] 01:26:13.252271 main.go:137: 16:Acquiring bool lock
[peer] 01:26:13.252279 main.go:139: 16:Acquired bool lock
[peer] 01:26:13.252286 main.go:140: Chain Length:8
[peer] 01:26:13.252300 blockchain.go:68: Returning a block
[peer] 01:26:13.252307 main.go:142: Chain Length:8
[peer] 01:26:13.252313 main.go:147: Already have block
[peer] 01:26:13.252321 main.go:152: 16:Bool lock released
[peer] 01:26:13.252328 blockchain.go:68: Returning a block
[peer] 01:26:13.252334 blockchain.go:68: Returning a block
[peer] 01:26:13.252341 main.go:179: 16:Equal block
[peer] 01:26:13.308613 main.go:729: 16:Block sent to peer successful
[err] 01:26:13.308630 main.go:302: Error in sending block, err = Stale Update/Block
[peer] 01:26:13.340026 main.go:729: 16:Block sent to peer successful
[err] 01:26:13.340052 main.go:302: Error in sending block, err = Stale Update/Block
[peer] 01:26:13.340091 main.go:684: 16:RPC calls successfully returned. Iteration: 6
[peer] 01:26:13.346921 honest.go:81: 16Train Error is 0.04934 in Iteration 6
[peer] 01:26:13.346939 main.go:692: 16:Preparing for next Iteration. Current Iteration: 6
[peer] 01:26:13.956376 main.go:633: 16:Accepted new Connection
[peer] 01:26:13.964616 main.go:130: 16:Got block message, iteration 6
[peer] 01:26:13.964647 main.go:137: 16:Acquiring bool lock
[peer] 01:26:13.964657 main.go:139: 16:Acquired bool lock
[peer] 01:26:13.964666 main.go:140: Chain Length:8
[peer] 01:26:13.964674 blockchain.go:68: Returning a block
[peer] 01:26:13.964683 main.go:142: Chain Length:8
[peer] 01:26:13.964723 main.go:147: Already have block
[peer] 01:26:13.964747 main.go:152: 16:Bool lock released
[peer] 01:26:13.964771 blockchain.go:68: Returning a block
[peer] 01:26:13.964788 blockchain.go:68: Returning a block
[peer] 01:26:13.964802 main.go:179: 16:Equal block
