[peer] 01:25:57.767522 honest.go:107: 13Importing modules...
../ML/code/utils.py:223: FutureWarning: Method .as_matrix will be removed in a future version. Use .values instead.
  data = data.as_matrix()
../ML/code/utils.py:94: FutureWarning: Method .as_matrix will be removed in a future version. Use .values instead.
  credit = df.ix[1:nn, 1:dd].as_matrix()
[peer] 01:26:12.519269 honest.go:122: 13Sucessfully pulled dataset. Features: 25
[peer] 01:26:12.519540 main.go:487: 13:Announcing myself to network
[peer] 01:26:12.519580 main.go:492: 13:Calling {198.162.52.126 %!s(int=8000) }
[peer] 01:26:12.519594 main.go:511: 13:Inside callRegisterRPC
[peer] 01:26:12.519602 main.go:516: 13Making RPC call
[peer] 01:26:12.519664 main.go:629: 13:Peer started. Receiving on 8013
[peer] 01:26:12.519814 main.go:522: 13RPC dial successful
[peer] 01:26:12.519824 main.go:525: 13:Calling RPC:198.162.52.126:8000
[peer] 01:26:12.519836 main.go:527: 13:RPC called198.162.52.126:8000
[peer] 01:26:12.520426 main.go:534: 13:Announced myself to a fellow peer at port. Got lastest chain
[peer] 01:26:12.520440 main.go:541: Chain length received:7
[peer] 01:26:12.520450 main.go:542: My chain length:1
[peer] 01:26:12.520458 honest.go:340: Received chain length:7
[peer] 01:26:12.520467 honest.go:341: Appended chain length:7
[peer] 01:26:12.520475 main.go:555: 13Got lastest chain until iteration 5
[peer] 01:26:12.520513 main.go:492: 13:Calling {198.162.52.126 %!s(int=8001) }
[peer] 01:26:12.520522 main.go:511: 13:Inside callRegisterRPC
[peer] 01:26:12.520563 main.go:516: 13Making RPC call
[peer] 01:26:12.520637 main.go:522: 13RPC dial successful
[peer] 01:26:12.520654 main.go:525: 13:Calling RPC:198.162.52.126:8001
[peer] 01:26:12.520665 main.go:527: 13:RPC called198.162.52.126:8001
[peer] 01:26:12.521130 main.go:534: 13:Announced myself to a fellow peer at port. Got lastest chain
[peer] 01:26:12.521141 main.go:541: Chain length received:7
[peer] 01:26:12.521150 main.go:542: My chain length:7
[peer] 01:26:12.521189 main.go:492: 13:Calling {198.162.52.126 %!s(int=8002) }
[peer] 01:26:12.521198 main.go:511: 13:Inside callRegisterRPC
[peer] 01:26:12.521206 main.go:516: 13Making RPC call
[err] 01:26:12.521263 main.go:302: Peer offline.Couldn't connect to peer: 198.162.52.126:8002, err = dial tcp 198.162.52.126:8002: connect: connection refused
[peer] 01:26:12.521284 main.go:492: 13:Calling {198.162.52.126 %!s(int=8003) }
[peer] 01:26:12.521295 main.go:511: 13:Inside callRegisterRPC
[peer] 01:26:12.521306 main.go:516: 13Making RPC call
[peer] 01:26:12.521381 main.go:522: 13RPC dial successful
[peer] 01:26:12.521393 main.go:525: 13:Calling RPC:198.162.52.126:8003
[peer] 01:26:12.521405 main.go:527: 13:RPC called198.162.52.126:8003
[peer] 01:26:12.521991 main.go:534: 13:Announced myself to a fellow peer at port. Got lastest chain
[peer] 01:26:12.522007 main.go:541: Chain length received:7
[peer] 01:26:12.522016 main.go:542: My chain length:7
[peer] 01:26:12.522058 main.go:492: 13:Calling {198.162.52.126 %!s(int=8004) }
[peer] 01:26:12.522070 main.go:511: 13:Inside callRegisterRPC
[peer] 01:26:12.522078 main.go:516: 13Making RPC call
[err] 01:26:12.522129 main.go:302: Peer offline.Couldn't connect to peer: 198.162.52.126:8004, err = dial tcp 198.162.52.126:8004: connect: connection refused
[peer] 01:26:12.522146 main.go:492: 13:Calling {198.162.52.126 %!s(int=8005) }
[peer] 01:26:12.522156 main.go:511: 13:Inside callRegisterRPC
[peer] 01:26:12.522164 main.go:516: 13Making RPC call
[peer] 01:26:12.522226 main.go:522: 13RPC dial successful
[peer] 01:26:12.522239 main.go:525: 13:Calling RPC:198.162.52.126:8005
[peer] 01:26:12.522249 main.go:527: 13:RPC called198.162.52.126:8005
[peer] 01:26:12.522777 main.go:534: 13:Announced myself to a fellow peer at port. Got lastest chain
[peer] 01:26:12.522794 main.go:541: Chain length received:7
[peer] 01:26:12.522804 main.go:542: My chain length:7
[peer] 01:26:12.522849 main.go:492: 13:Calling {198.162.52.126 %!s(int=8006) }
[peer] 01:26:12.522862 main.go:511: 13:Inside callRegisterRPC
[peer] 01:26:12.522874 main.go:516: 13Making RPC call
[peer] 01:26:12.522955 main.go:522: 13RPC dial successful
[peer] 01:26:12.522970 main.go:525: 13:Calling RPC:198.162.52.126:8006
[peer] 01:26:12.522981 main.go:527: 13:RPC called198.162.52.126:8006
[peer] 01:26:12.523325 main.go:534: 13:Announced myself to a fellow peer at port. Got lastest chain
[peer] 01:26:12.523337 main.go:541: Chain length received:7
[peer] 01:26:12.523346 main.go:542: My chain length:7
[peer] 01:26:12.523382 main.go:492: 13:Calling {198.162.52.126 %!s(int=8007) }
[peer] 01:26:12.523391 main.go:511: 13:Inside callRegisterRPC
[peer] 01:26:12.523398 main.go:516: 13Making RPC call
[peer] 01:26:12.523467 main.go:522: 13RPC dial successful
[peer] 01:26:12.523482 main.go:525: 13:Calling RPC:198.162.52.126:8007
[peer] 01:26:12.523493 main.go:527: 13:RPC called198.162.52.126:8007
[peer] 01:26:12.523908 main.go:534: 13:Announced myself to a fellow peer at port. Got lastest chain
[peer] 01:26:12.523924 main.go:541: Chain length received:7
[peer] 01:26:12.523933 main.go:542: My chain length:7
[peer] 01:26:12.523969 main.go:492: 13:Calling {198.162.52.126 %!s(int=8008) }
[peer] 01:26:12.523981 main.go:511: 13:Inside callRegisterRPC
[peer] 01:26:12.523988 main.go:516: 13Making RPC call
[err] 01:26:12.524049 main.go:302: Peer offline.Couldn't connect to peer: 198.162.52.126:8008, err = dial tcp 198.162.52.126:8008: connect: connection refused
[peer] 01:26:12.524067 main.go:492: 13:Calling {198.162.52.126 %!s(int=8009) }
[peer] 01:26:12.524076 main.go:511: 13:Inside callRegisterRPC
[peer] 01:26:12.524083 main.go:516: 13Making RPC call
[peer] 01:26:12.524148 main.go:522: 13RPC dial successful
[peer] 01:26:12.524161 main.go:525: 13:Calling RPC:198.162.52.126:8009
[peer] 01:26:12.524171 main.go:527: 13:RPC called198.162.52.126:8009
[peer] 01:26:12.524731 main.go:534: 13:Announced myself to a fellow peer at port. Got lastest chain
[peer] 01:26:12.524747 main.go:541: Chain length received:7
[peer] 01:26:12.524757 main.go:542: My chain length:7
[peer] 01:26:12.524793 main.go:492: 13:Calling {198.162.52.126 %!s(int=8010) }
[peer] 01:26:12.524805 main.go:511: 13:Inside callRegisterRPC
[peer] 01:26:12.524814 main.go:516: 13Making RPC call
[peer] 01:26:12.525011 main.go:522: 13RPC dial successful
[peer] 01:26:12.525028 main.go:525: 13:Calling RPC:198.162.52.126:8010
[peer] 01:26:12.525039 main.go:527: 13:RPC called198.162.52.126:8010
[peer] 01:26:12.525436 main.go:534: 13:Announced myself to a fellow peer at port. Got lastest chain
[peer] 01:26:12.525474 main.go:541: Chain length received:7
[peer] 01:26:12.525484 main.go:542: My chain length:7
[peer] 01:26:12.525520 main.go:492: 13:Calling {198.162.52.126 %!s(int=8011) }
[peer] 01:26:12.525529 main.go:511: 13:Inside callRegisterRPC
[peer] 01:26:12.525536 main.go:516: 13Making RPC call
[peer] 01:26:12.525601 main.go:522: 13RPC dial successful
[peer] 01:26:12.525616 main.go:525: 13:Calling RPC:198.162.52.126:8011
[peer] 01:26:12.525626 main.go:527: 13:RPC called198.162.52.126:8011
[peer] 01:26:12.526009 main.go:534: 13:Announced myself to a fellow peer at port. Got lastest chain
[peer] 01:26:12.526028 main.go:541: Chain length received:7
[peer] 01:26:12.526037 main.go:542: My chain length:7
[peer] 01:26:12.526073 main.go:492: 13:Calling {198.162.52.126 %!s(int=8012) }
[peer] 01:26:12.526083 main.go:511: 13:Inside callRegisterRPC
[peer] 01:26:12.526091 main.go:516: 13Making RPC call
[peer] 01:26:12.526151 main.go:522: 13RPC dial successful
[peer] 01:26:12.526168 main.go:525: 13:Calling RPC:198.162.52.126:8012
[peer] 01:26:12.526178 main.go:527: 13:RPC called198.162.52.126:8012
[peer] 01:26:12.526593 main.go:534: 13:Announced myself to a fellow peer at port. Got lastest chain
[peer] 01:26:12.526610 main.go:541: Chain length received:7
[peer] 01:26:12.526619 main.go:542: My chain length:7
[peer] 01:26:12.526655 main.go:492: 13:Calling {198.162.52.126 %!s(int=8014) }
[peer] 01:26:12.526667 main.go:511: 13:Inside callRegisterRPC
[peer] 01:26:12.526675 main.go:516: 13Making RPC call
[peer] 01:26:12.526740 main.go:522: 13RPC dial successful
[peer] 01:26:12.526753 main.go:525: 13:Calling RPC:198.162.52.126:8014
[peer] 01:26:12.526774 main.go:527: 13:RPC called198.162.52.126:8014
[peer] 01:26:12.527186 main.go:534: 13:Announced myself to a fellow peer at port. Got lastest chain
[peer] 01:26:12.527200 main.go:541: Chain length received:7
[peer] 01:26:12.527210 main.go:542: My chain length:7
[peer] 01:26:12.527247 main.go:492: 13:Calling {198.162.52.126 %!s(int=8015) }
[peer] 01:26:12.527258 main.go:511: 13:Inside callRegisterRPC
[peer] 01:26:12.527266 main.go:516: 13Making RPC call
[err] 01:26:12.527319 main.go:302: Peer offline.Couldn't connect to peer: 198.162.52.126:8015, err = dial tcp 198.162.52.126:8015: connect: connection refused
[peer] 01:26:12.527337 main.go:492: 13:Calling {198.162.52.126 %!s(int=8016) }
[peer] 01:26:12.527346 main.go:511: 13:Inside callRegisterRPC
[peer] 01:26:12.527354 main.go:516: 13Making RPC call
[err] 01:26:12.527402 main.go:302: Peer offline.Couldn't connect to peer: 198.162.52.126:8016, err = dial tcp 198.162.52.126:8016: connect: connection refused
[peer] 01:26:12.527420 main.go:492: 13:Calling {198.162.52.126 %!s(int=8017) }
[peer] 01:26:12.527430 main.go:511: 13:Inside callRegisterRPC
[peer] 01:26:12.527438 main.go:516: 13Making RPC call
[peer] 01:26:12.527501 main.go:522: 13RPC dial successful
[peer] 01:26:12.527513 main.go:525: 13:Calling RPC:198.162.52.126:8017
[peer] 01:26:12.527522 main.go:527: 13:RPC called198.162.52.126:8017
[peer] 01:26:12.528005 main.go:534: 13:Announced myself to a fellow peer at port. Got lastest chain
[peer] 01:26:12.528021 main.go:541: Chain length received:7
[peer] 01:26:12.528030 main.go:542: My chain length:7
[peer] 01:26:12.528066 main.go:492: 13:Calling {198.162.52.126 %!s(int=8018) }
[peer] 01:26:12.528075 main.go:511: 13:Inside callRegisterRPC
[peer] 01:26:12.528082 main.go:516: 13Making RPC call
[peer] 01:26:12.528149 main.go:522: 13RPC dial successful
[peer] 01:26:12.528165 main.go:525: 13:Calling RPC:198.162.52.126:8018
[peer] 01:26:12.528175 main.go:527: 13:RPC called198.162.52.126:8018
[peer] 01:26:12.528590 main.go:534: 13:Announced myself to a fellow peer at port. Got lastest chain
[peer] 01:26:12.528605 main.go:541: Chain length received:7
[peer] 01:26:12.528615 main.go:542: My chain length:7
[peer] 01:26:12.528651 main.go:492: 13:Calling {198.162.52.126 %!s(int=8019) }
[peer] 01:26:12.528662 main.go:511: 13:Inside callRegisterRPC
[peer] 01:26:12.528670 main.go:516: 13Making RPC call
[peer] 01:26:12.528735 main.go:522: 13RPC dial successful
[peer] 01:26:12.528750 main.go:525: 13:Calling RPC:198.162.52.126:8019
[peer] 01:26:12.528760 main.go:527: 13:RPC called198.162.52.126:8019
[peer] 01:26:12.529298 main.go:534: 13:Announced myself to a fellow peer at port. Got lastest chain
[peer] 01:26:12.529318 main.go:541: Chain length received:7
[peer] 01:26:12.529328 main.go:542: My chain length:7
[peer] 01:26:12.529363 main.go:492: 13:Calling {198.162.52.57 %!s(int=8020) }
[peer] 01:26:12.529375 main.go:511: 13:Inside callRegisterRPC
[peer] 01:26:12.529383 main.go:516: 13Making RPC call
[peer] 01:26:12.530026 main.go:522: 13RPC dial successful
[peer] 01:26:12.530043 main.go:525: 13:Calling RPC:198.162.52.57:8020
[peer] 01:26:12.530052 main.go:527: 13:RPC called198.162.52.57:8020
[peer] 01:26:12.531169 main.go:534: 13:Announced myself to a fellow peer at port. Got lastest chain
[peer] 01:26:12.531186 main.go:541: Chain length received:7
[peer] 01:26:12.531198 main.go:542: My chain length:7
[peer] 01:26:12.531229 main.go:492: 13:Calling {198.162.52.57 %!s(int=8021) }
[peer] 01:26:12.531241 main.go:511: 13:Inside callRegisterRPC
[peer] 01:26:12.531250 main.go:516: 13Making RPC call
[peer] 01:26:12.531570 main.go:522: 13RPC dial successful
[peer] 01:26:12.531585 main.go:525: 13:Calling RPC:198.162.52.57:8021
[peer] 01:26:12.531601 main.go:527: 13:RPC called198.162.52.57:8021
[peer] 01:26:12.532706 main.go:534: 13:Announced myself to a fellow peer at port. Got lastest chain
[peer] 01:26:12.532722 main.go:541: Chain length received:7
[peer] 01:26:12.532732 main.go:542: My chain length:7
[peer] 01:26:12.532762 main.go:492: 13:Calling {198.162.52.57 %!s(int=8022) }
[peer] 01:26:12.532784 main.go:511: 13:Inside callRegisterRPC
[peer] 01:26:12.532794 main.go:516: 13Making RPC call
[peer] 01:26:12.533080 main.go:522: 13RPC dial successful
[peer] 01:26:12.533096 main.go:525: 13:Calling RPC:198.162.52.57:8022
[peer] 01:26:12.533106 main.go:527: 13:RPC called198.162.52.57:8022
[peer] 01:26:12.534220 main.go:534: 13:Announced myself to a fellow peer at port. Got lastest chain
[peer] 01:26:12.534238 main.go:541: Chain length received:7
[peer] 01:26:12.534247 main.go:542: My chain length:7
[peer] 01:26:12.534276 main.go:492: 13:Calling {198.162.52.57 %!s(int=8023) }
[peer] 01:26:12.534291 main.go:511: 13:Inside callRegisterRPC
[peer] 01:26:12.534298 main.go:516: 13Making RPC call
[peer] 01:26:12.534602 main.go:522: 13RPC dial successful
[peer] 01:26:12.534618 main.go:525: 13:Calling RPC:198.162.52.57:8023
[peer] 01:26:12.534630 main.go:527: 13:RPC called198.162.52.57:8023
[peer] 01:26:12.535794 main.go:534: 13:Announced myself to a fellow peer at port. Got lastest chain
[peer] 01:26:12.535810 main.go:541: Chain length received:7
[peer] 01:26:12.535819 main.go:542: My chain length:7
[peer] 01:26:12.535855 main.go:492: 13:Calling {198.162.52.57 %!s(int=8024) }
[peer] 01:26:12.535866 main.go:511: 13:Inside callRegisterRPC
[peer] 01:26:12.535874 main.go:516: 13Making RPC call
[peer] 01:26:12.536128 main.go:522: 13RPC dial successful
[peer] 01:26:12.536145 main.go:525: 13:Calling RPC:198.162.52.57:8024
[peer] 01:26:12.536156 main.go:527: 13:RPC called198.162.52.57:8024
[peer] 01:26:12.537111 main.go:534: 13:Announced myself to a fellow peer at port. Got lastest chain
[peer] 01:26:12.537124 main.go:541: Chain length received:7
[peer] 01:26:12.537133 main.go:542: My chain length:7
[peer] 01:26:12.537163 main.go:492: 13:Calling {198.162.52.57 %!s(int=8025) }
[peer] 01:26:12.537171 main.go:511: 13:Inside callRegisterRPC
[peer] 01:26:12.537180 main.go:516: 13Making RPC call
[peer] 01:26:12.537789 main.go:522: 13RPC dial successful
[peer] 01:26:12.537806 main.go:525: 13:Calling RPC:198.162.52.57:8025
[peer] 01:26:12.537817 main.go:527: 13:RPC called198.162.52.57:8025
[peer] 01:26:12.538911 main.go:534: 13:Announced myself to a fellow peer at port. Got lastest chain
[peer] 01:26:12.538923 main.go:541: Chain length received:7
[peer] 01:26:12.538933 main.go:542: My chain length:7
[peer] 01:26:12.538960 main.go:492: 13:Calling {198.162.52.57 %!s(int=8026) }
[peer] 01:26:12.538969 main.go:511: 13:Inside callRegisterRPC
[peer] 01:26:12.538977 main.go:516: 13Making RPC call
[peer] 01:26:12.539300 main.go:522: 13RPC dial successful
[peer] 01:26:12.539314 main.go:525: 13:Calling RPC:198.162.52.57:8026
[peer] 01:26:12.539329 main.go:527: 13:RPC called198.162.52.57:8026
[peer] 01:26:12.540419 main.go:534: 13:Announced myself to a fellow peer at port. Got lastest chain
[peer] 01:26:12.540437 main.go:541: Chain length received:7
[peer] 01:26:12.540447 main.go:542: My chain length:7
[peer] 01:26:12.540479 main.go:492: 13:Calling {198.162.52.57 %!s(int=8027) }
[peer] 01:26:12.540492 main.go:511: 13:Inside callRegisterRPC
[peer] 01:26:12.540500 main.go:516: 13Making RPC call
[peer] 01:26:12.540776 main.go:522: 13RPC dial successful
[peer] 01:26:12.540790 main.go:525: 13:Calling RPC:198.162.52.57:8027
[peer] 01:26:12.540801 main.go:527: 13:RPC called198.162.52.57:8027
[peer] 01:26:12.541734 main.go:534: 13:Announced myself to a fellow peer at port. Got lastest chain
[peer] 01:26:12.541747 main.go:541: Chain length received:7
[peer] 01:26:12.541756 main.go:542: My chain length:7
[peer] 01:26:12.541788 main.go:492: 13:Calling {198.162.52.57 %!s(int=8028) }
[peer] 01:26:12.541797 main.go:511: 13:Inside callRegisterRPC
[peer] 01:26:12.541804 main.go:516: 13Making RPC call
[peer] 01:26:12.542472 main.go:522: 13RPC dial successful
[peer] 01:26:12.542488 main.go:525: 13:Calling RPC:198.162.52.57:8028
[peer] 01:26:12.542499 main.go:527: 13:RPC called198.162.52.57:8028
[peer] 01:26:12.543679 main.go:534: 13:Announced myself to a fellow peer at port. Got lastest chain
[peer] 01:26:12.543696 main.go:541: Chain length received:7
[peer] 01:26:12.543719 main.go:542: My chain length:7
[peer] 01:26:12.543751 main.go:492: 13:Calling {198.162.52.57 %!s(int=8029) }
[peer] 01:26:12.543763 main.go:511: 13:Inside callRegisterRPC
[peer] 01:26:12.543771 main.go:516: 13Making RPC call
[peer] 01:26:12.544032 main.go:522: 13RPC dial successful
[peer] 01:26:12.544046 main.go:525: 13:Calling RPC:198.162.52.57:8029
[peer] 01:26:12.544056 main.go:527: 13:RPC called198.162.52.57:8029
[peer] 01:26:12.545195 main.go:534: 13:Announced myself to a fellow peer at port. Got lastest chain
[peer] 01:26:12.545208 main.go:541: Chain length received:7
[peer] 01:26:12.545217 main.go:542: My chain length:7
[peer] 01:26:12.545357 main.go:492: 13:Calling {198.162.52.57 %!s(int=8030) }
[peer] 01:26:12.545368 main.go:511: 13:Inside callRegisterRPC
[peer] 01:26:12.545376 main.go:516: 13Making RPC call
[peer] 01:26:12.545819 main.go:522: 13RPC dial successful
[peer] 01:26:12.545832 main.go:525: 13:Calling RPC:198.162.52.57:8030
[peer] 01:26:12.545840 main.go:527: 13:RPC called198.162.52.57:8030
[peer] 01:26:12.546971 main.go:534: 13:Announced myself to a fellow peer at port. Got lastest chain
[peer] 01:26:12.546986 main.go:541: Chain length received:7
[peer] 01:26:12.546994 main.go:542: My chain length:7
[peer] 01:26:12.547020 main.go:492: 13:Calling {198.162.52.57 %!s(int=8031) }
[peer] 01:26:12.547029 main.go:511: 13:Inside callRegisterRPC
[peer] 01:26:12.547035 main.go:516: 13Making RPC call
[peer] 01:26:12.547355 main.go:522: 13RPC dial successful
[peer] 01:26:12.547367 main.go:525: 13:Calling RPC:198.162.52.57:8031
[peer] 01:26:12.547378 main.go:527: 13:RPC called198.162.52.57:8031
[peer] 01:26:12.548623 main.go:534: 13:Announced myself to a fellow peer at port. Got lastest chain
[peer] 01:26:12.548640 main.go:541: Chain length received:7
[peer] 01:26:12.548650 main.go:542: My chain length:7
[peer] 01:26:12.548679 main.go:492: 13:Calling {198.162.52.57 %!s(int=8032) }
[peer] 01:26:12.548690 main.go:511: 13:Inside callRegisterRPC
[peer] 01:26:12.548698 main.go:516: 13Making RPC call
[peer] 01:26:12.548968 main.go:522: 13RPC dial successful
[peer] 01:26:12.548981 main.go:525: 13:Calling RPC:198.162.52.57:8032
[peer] 01:26:12.548991 main.go:527: 13:RPC called198.162.52.57:8032
[peer] 01:26:12.550083 main.go:534: 13:Announced myself to a fellow peer at port. Got lastest chain
[peer] 01:26:12.550111 main.go:541: Chain length received:7
[peer] 01:26:12.550121 main.go:542: My chain length:7
[peer] 01:26:12.550161 main.go:492: 13:Calling {198.162.52.57 %!s(int=8033) }
[peer] 01:26:12.550172 main.go:511: 13:Inside callRegisterRPC
[peer] 01:26:12.550179 main.go:516: 13Making RPC call
[peer] 01:26:12.550446 main.go:522: 13RPC dial successful
[peer] 01:26:12.550461 main.go:525: 13:Calling RPC:198.162.52.57:8033
[peer] 01:26:12.550469 main.go:527: 13:RPC called198.162.52.57:8033
[peer] 01:26:12.551564 main.go:534: 13:Announced myself to a fellow peer at port. Got lastest chain
[peer] 01:26:12.551588 main.go:541: Chain length received:7
[peer] 01:26:12.551597 main.go:542: My chain length:7
[peer] 01:26:12.551628 main.go:492: 13:Calling {198.162.52.57 %!s(int=8034) }
[peer] 01:26:12.551638 main.go:511: 13:Inside callRegisterRPC
[peer] 01:26:12.551651 main.go:516: 13Making RPC call
[peer] 01:26:12.551981 main.go:522: 13RPC dial successful
[peer] 01:26:12.551995 main.go:525: 13:Calling RPC:198.162.52.57:8034
[peer] 01:26:12.552006 main.go:527: 13:RPC called198.162.52.57:8034
[peer] 01:26:12.553068 main.go:534: 13:Announced myself to a fellow peer at port. Got lastest chain
[peer] 01:26:12.553083 main.go:541: Chain length received:7
[peer] 01:26:12.553091 main.go:542: My chain length:7
[peer] 01:26:12.553118 main.go:492: 13:Calling {198.162.52.57 %!s(int=8035) }
[peer] 01:26:12.553129 main.go:511: 13:Inside callRegisterRPC
[peer] 01:26:12.553138 main.go:516: 13Making RPC call
[peer] 01:26:12.553486 main.go:522: 13RPC dial successful
[peer] 01:26:12.553502 main.go:525: 13:Calling RPC:198.162.52.57:8035
[peer] 01:26:12.553512 main.go:527: 13:RPC called198.162.52.57:8035
[peer] 01:26:12.554554 main.go:534: 13:Announced myself to a fellow peer at port. Got lastest chain
[peer] 01:26:12.554566 main.go:541: Chain length received:7
[peer] 01:26:12.554572 main.go:542: My chain length:7
[peer] 01:26:12.554599 main.go:492: 13:Calling {198.162.52.57 %!s(int=8036) }
[peer] 01:26:12.554608 main.go:511: 13:Inside callRegisterRPC
[peer] 01:26:12.554616 main.go:516: 13Making RPC call
[peer] 01:26:12.555044 main.go:522: 13RPC dial successful
[peer] 01:26:12.555057 main.go:525: 13:Calling RPC:198.162.52.57:8036
[peer] 01:26:12.555066 main.go:527: 13:RPC called198.162.52.57:8036
[peer] 01:26:12.556121 main.go:534: 13:Announced myself to a fellow peer at port. Got lastest chain
[peer] 01:26:12.556134 main.go:541: Chain length received:7
[peer] 01:26:12.556143 main.go:542: My chain length:7
[peer] 01:26:12.556173 main.go:492: 13:Calling {198.162.52.57 %!s(int=8037) }
[peer] 01:26:12.556182 main.go:511: 13:Inside callRegisterRPC
[peer] 01:26:12.556190 main.go:516: 13Making RPC call
[peer] 01:26:12.556600 main.go:522: 13RPC dial successful
[peer] 01:26:12.556609 main.go:525: 13:Calling RPC:198.162.52.57:8037
[peer] 01:26:12.556618 main.go:527: 13:RPC called198.162.52.57:8037
[peer] 01:26:12.557715 main.go:534: 13:Announced myself to a fellow peer at port. Got lastest chain
[peer] 01:26:12.557728 main.go:541: Chain length received:7
[peer] 01:26:12.557737 main.go:542: My chain length:7
[peer] 01:26:12.557766 main.go:492: 13:Calling {198.162.52.57 %!s(int=8038) }
[peer] 01:26:12.557777 main.go:511: 13:Inside callRegisterRPC
[peer] 01:26:12.557785 main.go:516: 13Making RPC call
[peer] 01:26:12.558233 main.go:522: 13RPC dial successful
[peer] 01:26:12.558247 main.go:525: 13:Calling RPC:198.162.52.57:8038
[peer] 01:26:12.558257 main.go:527: 13:RPC called198.162.52.57:8038
[peer] 01:26:12.558444 main.go:633: 13:Accepted new Connection
[peer] 01:26:12.558646 main.go:213: 13:Registering peer:198.162.52.126:8008
[peer] 01:26:12.558658 main.go:223: Advertising chain to peer with length 7
[peer] 01:26:12.559299 main.go:534: 13:Announced myself to a fellow peer at port. Got lastest chain
[peer] 01:26:12.559312 main.go:541: Chain length received:7
[peer] 01:26:12.559321 main.go:542: My chain length:7
[peer] 01:26:12.559356 main.go:492: 13:Calling {198.162.52.57 %!s(int=8039) }
[peer] 01:26:12.559364 main.go:511: 13:Inside callRegisterRPC
[peer] 01:26:12.559372 main.go:516: 13Making RPC call
[peer] 01:26:12.559795 main.go:522: 13RPC dial successful
[peer] 01:26:12.559808 main.go:525: 13:Calling RPC:198.162.52.57:8039
[peer] 01:26:12.559817 main.go:527: 13:RPC called198.162.52.57:8039
[peer] 01:26:12.560862 main.go:534: 13:Announced myself to a fellow peer at port. Got lastest chain
[peer] 01:26:12.560874 main.go:541: Chain length received:7
[peer] 01:26:12.560880 main.go:542: My chain length:7
[peer] 01:26:12.560897 main.go:502: 13:Bootstrapped Network. Calling signal
[peer] 01:26:12.560904 main.go:504: 13:Bootstrapped Network. Signal called
[peer] 01:26:12.560909 main.go:588: 13:Acquiring bool lock
[peer] 01:26:12.560917 main.go:590: 13:Acquired bool lock
[peer] 01:26:12.561912 main.go:609: 13:I am not verifier IterationCount:6
[peer] 01:26:12.561927 main.go:614: 13:Bool lock released
[peer] 01:26:12.561936 main.go:824: 13:Computing Update
[peer] 01:26:12.562397 main.go:270: 13 : VRF returned ID map[31:{}]
[peer] 01:26:12.562418 main.go:280: 13 :Verifiers [198.162.52.57:8031] returned.
[peer] 01:26:12.562902 main.go:869: 13:Making RPC Call to Verifier. Sending Update, Iteration:6
[peer] 01:26:12.564077 main.go:876: 13:Update sent successfully
[peer] 01:26:12.588422 main.go:633: 13:Accepted new Connection
[peer] 01:26:12.588629 main.go:213: 13:Registering peer:198.162.52.126:8002
[peer] 01:26:12.588644 main.go:223: Advertising chain to peer with length 7
[peer] 01:26:12.627787 main.go:633: 13:Accepted new Connection
[peer] 01:26:12.627959 main.go:213: 13:Registering peer:198.162.52.126:8015
[peer] 01:26:12.627971 main.go:223: Advertising chain to peer with length 7
[peer] 01:26:12.637653 main.go:633: 13:Accepted new Connection
[peer] 01:26:12.637837 main.go:213: 13:Registering peer:198.162.52.126:8004
[peer] 01:26:12.637849 main.go:223: Advertising chain to peer with length 7
[peer] 01:26:12.647066 main.go:633: 13:Accepted new Connection
[peer] 01:26:12.647238 main.go:213: 13:Registering peer:198.162.52.126:8016
[peer] 01:26:12.647248 main.go:223: Advertising chain to peer with length 7
[peer] 01:26:12.686619 main.go:633: 13:Accepted new Connection
[peer] 01:26:12.691011 main.go:633: 13:Accepted new Connection
[peer] 01:26:12.776824 main.go:633: 13:Accepted new Connection
[peer] 01:26:12.776853 main.go:633: 13:Accepted new Connection
[peer] 01:26:12.776875 main.go:633: 13:Accepted new Connection
[peer] 01:26:12.776893 main.go:633: 13:Accepted new Connection
[peer] 01:26:12.776894 main.go:130: 13:Got block message, iteration 6
[peer] 01:26:12.776913 main.go:137: 13:Acquiring bool lock
[peer] 01:26:12.776921 main.go:139: 13:Acquired bool lock
[peer] 01:26:12.776927 main.go:140: Chain Length:7
[peer] 01:26:12.776934 blockchain.go:71: Returning nil
[peer] 01:26:12.776941 main.go:142: Chain Length:7
[peer] 01:26:12.776948 main.go:187: 13:Sending to channel
[peer] 01:26:12.776957 main.go:193: 13:Sent to channel
[peer] 01:26:12.776968 main.go:195: 13:Returning
[peer] 01:26:12.776990 main.go:130: 13:Got block message, iteration 6
[peer] 01:26:12.777012 main.go:137: 13:Acquiring bool lock
[peer] 01:26:12.777107 main.go:777: 13:Adding block to chain
[peer] 01:26:12.777122 honest.go:222: Trying to append block with iteration:6
[peer] 01:26:12.777130 blockchain.go:71: Returning nil
[peer] 01:26:12.777138 honest.go:238: Append successful
[peer] 01:26:12.777146 main.go:781: 13:Adding block to chain
[peer] 01:26:12.777153 main.go:787: 13:Checking convergence
[peer] 01:26:12.777225 main.go:130: 13:Got block message, iteration 6
[peer] 01:26:12.777244 main.go:137: 13:Acquiring bool lock
[peer] 01:26:12.777354 main.go:130: 13:Got block message, iteration 6
[peer] 01:26:12.777386 main.go:137: 13:Acquiring bool lock
[peer] 01:26:12.776910 main.go:633: 13:Accepted new Connection
[peer] 01:26:12.777423 main.go:633: 13:Accepted new Connection
[peer] 01:26:12.777456 main.go:633: 13:Accepted new Connection
[peer] 01:26:12.777492 main.go:633: 13:Accepted new Connection
[peer] 01:26:12.777520 main.go:633: 13:Accepted new Connection
[peer] 01:26:12.777552 main.go:633: 13:Accepted new Connection
[peer] 01:26:12.777584 main.go:633: 13:Accepted new Connection
[peer] 01:26:12.777631 main.go:633: 13:Accepted new Connection
[peer] 01:26:12.777661 main.go:633: 13:Accepted new Connection
[peer] 01:26:12.777689 main.go:633: 13:Accepted new Connection
[peer] 01:26:12.777689 main.go:130: 13:Got block message, iteration 6
[peer] 01:26:12.777707 main.go:633: 13:Accepted new Connection
[peer] 01:26:12.777719 main.go:955: 13:Block Received. Appending to chain and moving on to the next iteration. 6
[peer] 01:26:12.777723 main.go:633: 13:Accepted new Connection
[peer] 01:26:12.777960 main.go:130: 13:Got block message, iteration 6
[peer] 01:26:12.777980 main.go:137: 13:Acquiring bool lock
[peer] 01:26:12.777466 main.go:130: 13:Got block message, iteration 6
[peer] 01:26:12.778006 main.go:137: 13:Acquiring bool lock
[peer] 01:26:12.777984 main.go:130: 13:Got block message, iteration 6
[peer] 01:26:12.778031 main.go:137: 13:Acquiring bool lock
[peer] 01:26:12.778218 main.go:130: 13:Got block message, iteration 6
[peer] 01:26:12.778239 main.go:137: 13:Acquiring bool lock
[peer] 01:26:12.778237 main.go:130: 13:Got block message, iteration 6
[peer] 01:26:12.778255 main.go:137: 13:Acquiring bool lock
[peer] 01:26:12.778448 main.go:130: 13:Got block message, iteration 6
[peer] 01:26:12.778467 main.go:137: 13:Acquiring bool lock
[peer] 01:26:12.778476 main.go:130: 13:Got block message, iteration 6
[peer] 01:26:12.778495 main.go:137: 13:Acquiring bool lock
[peer] 01:26:12.778667 main.go:130: 13:Got block message, iteration 6
[peer] 01:26:12.778686 main.go:137: 13:Acquiring bool lock
[peer] 01:26:12.778700 main.go:130: 13:Got block message, iteration 6
[peer] 01:26:12.778718 main.go:137: 13:Acquiring bool lock
[peer] 01:26:12.777708 main.go:137: 13:Acquiring bool lock
[peer] 01:26:12.777144 main.go:130: 13:Got block message, iteration 6
[peer] 01:26:12.778749 main.go:137: 13:Acquiring bool lock
[peer] 01:26:12.778887 main.go:130: 13:Got block message, iteration 6
[peer] 01:26:12.778905 main.go:137: 13:Acquiring bool lock
[peer] 01:26:12.782406 honest.go:81: 13Train Error is 0.04934 in Iteration 6
[peer] 01:26:12.782424 main.go:790: 13:Convergence checked
[peer] 01:26:12.782433 main.go:793: 13:Bool lock released
[peer] 01:26:12.786961 main.go:139: 13:Acquired bool lock
[peer] 01:26:12.786981 main.go:140: Chain Length:8
[peer] 01:26:12.786991 blockchain.go:68: Returning a block
[peer] 01:26:12.786998 main.go:142: Chain Length:8
[peer] 01:26:12.787005 main.go:147: Already have block
[peer] 01:26:12.787013 main.go:152: 13:Bool lock released
[peer] 01:26:12.787020 blockchain.go:68: Returning a block
[peer] 01:26:12.787027 blockchain.go:68: Returning a block
[peer] 01:26:12.787033 main.go:179: 13:Equal block
[peer] 01:26:12.787041 main.go:139: 13:Acquired bool lock
[peer] 01:26:12.787058 main.go:140: Chain Length:8
[peer] 01:26:12.787066 blockchain.go:68: Returning a block
[peer] 01:26:12.787073 main.go:142: Chain Length:8
[peer] 01:26:12.787079 main.go:147: Already have block
[peer] 01:26:12.787088 main.go:152: 13:Bool lock released
[peer] 01:26:12.787095 blockchain.go:68: Returning a block
[peer] 01:26:12.787102 blockchain.go:68: Returning a block
[peer] 01:26:12.787108 main.go:179: 13:Equal block
[peer] 01:26:12.786971 main.go:664: 13:Sending block. Iteration: 6
[peer] 01:26:12.787149 main.go:139: 13:Acquired bool lock
[peer] 01:26:12.787161 main.go:140: Chain Length:8
[peer] 01:26:12.787168 blockchain.go:68: Returning a block
[peer] 01:26:12.787174 main.go:142: Chain Length:8
[peer] 01:26:12.787180 main.go:147: Already have block
[peer] 01:26:12.787187 main.go:152: 13:Bool lock released
[peer] 01:26:12.787194 blockchain.go:68: Returning a block
[peer] 01:26:12.787202 blockchain.go:68: Returning a block
[peer] 01:26:12.787209 main.go:179: 13:Equal block
[peer] 01:26:12.787259 main.go:139: 13:Acquired bool lock
[peer] 01:26:12.787271 main.go:140: Chain Length:8
[peer] 01:26:12.787278 blockchain.go:68: Returning a block
[peer] 01:26:12.787285 main.go:142: Chain Length:8
[peer] 01:26:12.787292 main.go:147: Already have block
[peer] 01:26:12.787300 main.go:152: 13:Bool lock released
[peer] 01:26:12.787308 blockchain.go:68: Returning a block
[peer] 01:26:12.787316 blockchain.go:68: Returning a block
[peer] 01:26:12.787323 main.go:179: 13:Equal block
[peer] 01:26:12.787363 main.go:139: 13:Acquired bool lock
[peer] 01:26:12.787374 main.go:140: Chain Length:8
[peer] 01:26:12.787381 blockchain.go:68: Returning a block
[peer] 01:26:12.787387 main.go:142: Chain Length:8
[peer] 01:26:12.787394 main.go:147: Already have block
[peer] 01:26:12.787402 main.go:152: 13:Bool lock released
[peer] 01:26:12.787409 blockchain.go:68: Returning a block
[peer] 01:26:12.787415 blockchain.go:68: Returning a block
[peer] 01:26:12.787421 main.go:179: 13:Equal block
[peer] 01:26:12.787459 main.go:139: 13:Acquired bool lock
[peer] 01:26:12.787470 main.go:140: Chain Length:8
[peer] 01:26:12.787477 blockchain.go:68: Returning a block
[peer] 01:26:12.787483 main.go:142: Chain Length:8
[peer] 01:26:12.787489 main.go:147: Already have block
[peer] 01:26:12.787497 main.go:152: 13:Bool lock released
[peer] 01:26:12.787504 blockchain.go:68: Returning a block
[peer] 01:26:12.787511 blockchain.go:68: Returning a block
[peer] 01:26:12.787517 main.go:179: 13:Equal block
[peer] 01:26:12.787555 main.go:139: 13:Acquired bool lock
[peer] 01:26:12.787565 main.go:140: Chain Length:8
[peer] 01:26:12.787574 blockchain.go:68: Returning a block
[peer] 01:26:12.787583 main.go:142: Chain Length:8
[peer] 01:26:12.787590 main.go:147: Already have block
[peer] 01:26:12.787598 main.go:152: 13:Bool lock released
[peer] 01:26:12.787604 blockchain.go:68: Returning a block
[peer] 01:26:12.787611 blockchain.go:68: Returning a block
[peer] 01:26:12.787617 main.go:179: 13:Equal block
[peer] 01:26:12.787666 main.go:139: 13:Acquired bool lock
[peer] 01:26:12.787675 main.go:140: Chain Length:8
[peer] 01:26:12.787681 blockchain.go:68: Returning a block
[peer] 01:26:12.787688 main.go:142: Chain Length:8
[peer] 01:26:12.787694 main.go:147: Already have block
[peer] 01:26:12.787702 main.go:152: 13:Bool lock released
[peer] 01:26:12.787709 blockchain.go:68: Returning a block
[peer] 01:26:12.787715 blockchain.go:68: Returning a block
[peer] 01:26:12.787722 main.go:179: 13:Equal block
[peer] 01:26:12.787760 main.go:139: 13:Acquired bool lock
[peer] 01:26:12.787770 main.go:140: Chain Length:8
[peer] 01:26:12.787777 blockchain.go:68: Returning a block
[peer] 01:26:12.787783 main.go:142: Chain Length:8
[peer] 01:26:12.787790 main.go:147: Already have block
[peer] 01:26:12.787797 main.go:152: 13:Bool lock released
[peer] 01:26:12.787804 blockchain.go:68: Returning a block
[peer] 01:26:12.787810 blockchain.go:68: Returning a block
[peer] 01:26:12.787817 main.go:179: 13:Equal block
[peer] 01:26:12.787853 main.go:139: 13:Acquired bool lock
[peer] 01:26:12.787863 main.go:140: Chain Length:8
[peer] 01:26:12.787870 blockchain.go:68: Returning a block
[peer] 01:26:12.787876 main.go:142: Chain Length:8
[peer] 01:26:12.787882 main.go:147: Already have block
[peer] 01:26:12.787890 main.go:152: 13:Bool lock released
[peer] 01:26:12.787897 blockchain.go:68: Returning a block
[peer] 01:26:12.787903 blockchain.go:68: Returning a block
[peer] 01:26:12.787910 main.go:179: 13:Equal block
[peer] 01:26:12.787952 main.go:139: 13:Acquired bool lock
[peer] 01:26:12.787964 main.go:140: Chain Length:8
[peer] 01:26:12.787972 blockchain.go:68: Returning a block
[peer] 01:26:12.787979 main.go:142: Chain Length:8
[peer] 01:26:12.787985 main.go:147: Already have block
[peer] 01:26:12.787993 main.go:152: 13:Bool lock released
[peer] 01:26:12.788000 blockchain.go:68: Returning a block
[peer] 01:26:12.788006 blockchain.go:68: Returning a block
[peer] 01:26:12.788013 main.go:179: 13:Equal block
[peer] 01:26:12.788052 main.go:139: 13:Acquired bool lock
[peer] 01:26:12.788064 main.go:140: Chain Length:8
[peer] 01:26:12.788072 blockchain.go:68: Returning a block
[peer] 01:26:12.788079 main.go:142: Chain Length:8
[peer] 01:26:12.788086 main.go:147: Already have block
[peer] 01:26:12.788094 main.go:152: 13:Bool lock released
[peer] 01:26:12.788101 blockchain.go:68: Returning a block
[peer] 01:26:12.788107 blockchain.go:68: Returning a block
[peer] 01:26:12.788114 main.go:179: 13:Equal block
[peer] 01:26:12.788153 main.go:139: 13:Acquired bool lock
[peer] 01:26:12.788164 main.go:140: Chain Length:8
[peer] 01:26:12.788170 blockchain.go:68: Returning a block
[peer] 01:26:12.788177 main.go:142: Chain Length:8
[peer] 01:26:12.788183 main.go:147: Already have block
[peer] 01:26:12.788191 main.go:152: 13:Bool lock released
[peer] 01:26:12.788197 blockchain.go:68: Returning a block
[peer] 01:26:12.788204 blockchain.go:68: Returning a block
[peer] 01:26:12.788210 main.go:179: 13:Equal block
[peer] 01:26:12.788247 main.go:139: 13:Acquired bool lock
[peer] 01:26:12.788257 main.go:140: Chain Length:8
[peer] 01:26:12.788263 blockchain.go:68: Returning a block
[peer] 01:26:12.788269 main.go:142: Chain Length:8
[peer] 01:26:12.788276 main.go:147: Already have block
[peer] 01:26:12.788284 main.go:152: 13:Bool lock released
[peer] 01:26:12.788293 blockchain.go:68: Returning a block
[peer] 01:26:12.788300 blockchain.go:68: Returning a block
[peer] 01:26:12.788306 main.go:179: 13:Equal block
[peer] 01:26:12.788346 main.go:139: 13:Acquired bool lock
[peer] 01:26:12.788358 main.go:140: Chain Length:8
[peer] 01:26:12.788365 blockchain.go:68: Returning a block
[peer] 01:26:12.788372 main.go:142: Chain Length:8
[peer] 01:26:12.788380 main.go:147: Already have block
[peer] 01:26:12.788388 main.go:152: 13:Bool lock released
[peer] 01:26:12.788395 blockchain.go:68: Returning a block
[peer] 01:26:12.788402 blockchain.go:68: Returning a block
[peer] 01:26:12.788409 main.go:179: 13:Equal block
[peer] 01:26:12.848595 main.go:130: 13:Got block message, iteration 6
[peer] 01:26:12.848647 main.go:137: 13:Acquiring bool lock
[peer] 01:26:12.848655 main.go:139: 13:Acquired bool lock
[peer] 01:26:12.848663 main.go:140: Chain Length:8
[peer] 01:26:12.848671 blockchain.go:68: Returning a block
[peer] 01:26:12.848678 main.go:142: Chain Length:8
[peer] 01:26:12.848685 main.go:147: Already have block
[peer] 01:26:12.848694 main.go:152: 13:Bool lock released
[peer] 01:26:12.848702 blockchain.go:68: Returning a block
[peer] 01:26:12.848710 blockchain.go:68: Returning a block
[peer] 01:26:12.848717 main.go:179: 13:Equal block
[peer] 01:26:12.850352 main.go:633: 13:Accepted new Connection
[peer] 01:26:12.850409 main.go:633: 13:Accepted new Connection
[peer] 01:26:12.850428 main.go:633: 13:Accepted new Connection
[peer] 01:26:12.850444 main.go:633: 13:Accepted new Connection
[peer] 01:26:12.850462 main.go:633: 13:Accepted new Connection
[peer] 01:26:12.850482 main.go:633: 13:Accepted new Connection
[peer] 01:26:12.850500 main.go:633: 13:Accepted new Connection
[peer] 01:26:12.850522 main.go:633: 13:Accepted new Connection
[peer] 01:26:12.850542 main.go:633: 13:Accepted new Connection
[peer] 01:26:12.850831 main.go:130: 13:Got block message, iteration 6
[peer] 01:26:12.850855 main.go:137: 13:Acquiring bool lock
[peer] 01:26:12.850863 main.go:139: 13:Acquired bool lock
[peer] 01:26:12.850892 main.go:140: Chain Length:8
[peer] 01:26:12.850903 blockchain.go:68: Returning a block
[peer] 01:26:12.850911 main.go:142: Chain Length:8
[peer] 01:26:12.850922 main.go:147: Already have block
[peer] 01:26:12.850931 main.go:152: 13:Bool lock released
[peer] 01:26:12.850938 blockchain.go:68: Returning a block
[peer] 01:26:12.850946 blockchain.go:68: Returning a block
[peer] 01:26:12.850953 main.go:179: 13:Equal block
[peer] 01:26:12.851230 main.go:130: 13:Got block message, iteration 6
[peer] 01:26:12.851251 main.go:137: 13:Acquiring bool lock
[peer] 01:26:12.851259 main.go:139: 13:Acquired bool lock
[peer] 01:26:12.851267 main.go:140: Chain Length:8
[peer] 01:26:12.851275 blockchain.go:68: Returning a block
[peer] 01:26:12.851282 main.go:142: Chain Length:8
[peer] 01:26:12.851290 main.go:147: Already have block
[peer] 01:26:12.851298 main.go:152: 13:Bool lock released
[peer] 01:26:12.851306 blockchain.go:68: Returning a block
[peer] 01:26:12.851313 blockchain.go:68: Returning a block
[peer] 01:26:12.851325 main.go:179: 13:Equal block
[peer] 01:26:12.851604 main.go:130: 13:Got block message, iteration 6
[peer] 01:26:12.851645 main.go:137: 13:Acquiring bool lock
[peer] 01:26:12.851654 main.go:139: 13:Acquired bool lock
[peer] 01:26:12.851661 main.go:140: Chain Length:8
[peer] 01:26:12.851668 blockchain.go:68: Returning a block
[peer] 01:26:12.851675 main.go:142: Chain Length:8
[peer] 01:26:12.851683 main.go:147: Already have block
[peer] 01:26:12.851691 main.go:152: 13:Bool lock released
[peer] 01:26:12.851698 blockchain.go:68: Returning a block
[peer] 01:26:12.851705 blockchain.go:68: Returning a block
[peer] 01:26:12.851712 main.go:179: 13:Equal block
[peer] 01:26:12.851784 main.go:130: 13:Got block message, iteration 6
[peer] 01:26:12.851807 main.go:137: 13:Acquiring bool lock
[peer] 01:26:12.851815 main.go:139: 13:Acquired bool lock
[peer] 01:26:12.851822 main.go:140: Chain Length:8
[peer] 01:26:12.851828 blockchain.go:68: Returning a block
[peer] 01:26:12.851835 main.go:142: Chain Length:8
[peer] 01:26:12.851842 main.go:147: Already have block
[peer] 01:26:12.851849 main.go:152: 13:Bool lock released
[peer] 01:26:12.851856 blockchain.go:68: Returning a block
[peer] 01:26:12.851863 blockchain.go:68: Returning a block
[peer] 01:26:12.851869 main.go:179: 13:Equal block
[peer] 01:26:12.851983 main.go:729: 13:Block sent to peer successful
[peer] 01:26:12.851982 main.go:130: 13:Got block message, iteration 6
[peer] 01:26:12.852005 main.go:137: 13:Acquiring bool lock
[peer] 01:26:12.852013 main.go:139: 13:Acquired bool lock
[peer] 01:26:12.852019 main.go:140: Chain Length:8
[peer] 01:26:12.852026 blockchain.go:68: Returning a block
[peer] 01:26:12.852033 main.go:142: Chain Length:8
[err] 01:26:12.851998 main.go:302: Error in sending block, err = Stale Update/Block
[peer] 01:26:12.852040 main.go:147: Already have block
[peer] 01:26:12.852126 main.go:152: 13:Bool lock released
[peer] 01:26:12.852134 blockchain.go:68: Returning a block
[peer] 01:26:12.852142 blockchain.go:68: Returning a block
[peer] 01:26:12.852149 main.go:179: 13:Equal block
[peer] 01:26:12.852036 main.go:729: 13:Block sent to peer successful
[err] 01:26:12.852192 main.go:302: Error in sending block, err = Stale Update/Block
[peer] 01:26:12.852132 main.go:729: 13:Block sent to peer successful
[err] 01:26:12.852224 main.go:302: Error in sending block, err = Stale Update/Block
[peer] 01:26:12.854710 main.go:729: 13:Block sent to peer successful
[err] 01:26:12.854724 main.go:302: Error in sending block, err = Stale Update/Block
[peer] 01:26:12.854716 main.go:729: 13:Block sent to peer successful
[err] 01:26:12.854763 main.go:302: Error in sending block, err = Stale Update/Block
[peer] 01:26:12.854792 main.go:729: 13:Block sent to peer successful
[err] 01:26:12.854807 main.go:302: Error in sending block, err = Stale Update/Block
[peer] 01:26:12.854751 main.go:729: 13:Block sent to peer successful
[err] 01:26:12.854844 main.go:302: Error in sending block, err = Stale Update/Block
[peer] 01:26:12.854879 main.go:729: 13:Block sent to peer successful
[err] 01:26:12.854895 main.go:302: Error in sending block, err = Stale Update/Block
[peer] 01:26:12.855009 main.go:729: 13:Block sent to peer successful
[err] 01:26:12.855022 main.go:302: Error in sending block, err = Stale Update/Block
[peer] 01:26:12.857306 main.go:130: 13:Got block message, iteration 6
[peer] 01:26:12.857319 main.go:137: 13:Acquiring bool lock
[peer] 01:26:12.857327 main.go:139: 13:Acquired bool lock
[peer] 01:26:12.857334 main.go:140: Chain Length:8
[peer] 01:26:12.857340 blockchain.go:68: Returning a block
[peer] 01:26:12.857348 main.go:142: Chain Length:8
[peer] 01:26:12.857354 main.go:147: Already have block
[peer] 01:26:12.857362 main.go:152: 13:Bool lock released
[peer] 01:26:12.857369 blockchain.go:68: Returning a block
[peer] 01:26:12.857537 blockchain.go:68: Returning a block
[peer] 01:26:12.857544 main.go:179: 13:Equal block
[peer] 01:26:12.859539 main.go:729: 13:Block sent to peer successful
[err] 01:26:12.859554 main.go:302: Error in sending block, err = Stale Update/Block
[peer] 01:26:12.859809 main.go:130: 13:Got block message, iteration 6
[peer] 01:26:12.859829 main.go:137: 13:Acquiring bool lock
[peer] 01:26:12.859837 main.go:139: 13:Acquired bool lock
[peer] 01:26:12.859844 main.go:140: Chain Length:8
[peer] 01:26:12.859850 blockchain.go:68: Returning a block
[peer] 01:26:12.859857 main.go:142: Chain Length:8
[peer] 01:26:12.859863 main.go:147: Already have block
[peer] 01:26:12.859890 main.go:152: 13:Bool lock released
[peer] 01:26:12.859898 blockchain.go:68: Returning a block
[peer] 01:26:12.859905 blockchain.go:68: Returning a block
[peer] 01:26:12.859911 main.go:179: 13:Equal block
[peer] 01:26:12.862484 main.go:729: 13:Block sent to peer successful
[err] 01:26:12.862504 main.go:302: Error in sending block, err = Stale Update/Block
[peer] 01:26:12.862524 main.go:729: 13:Block sent to peer successful
[err] 01:26:12.862536 main.go:302: Error in sending block, err = Stale Update/Block
[peer] 01:26:12.864295 main.go:633: 13:Accepted new Connection
[peer] 01:26:12.865796 main.go:729: 13:Block sent to peer successful
[err] 01:26:12.865829 main.go:302: Error in sending block, err = Stale Update/Block
[peer] 01:26:12.866061 main.go:130: 13:Got block message, iteration 6
[peer] 01:26:12.866099 main.go:137: 13:Acquiring bool lock
[peer] 01:26:12.866124 main.go:139: 13:Acquired bool lock
[peer] 01:26:12.866149 main.go:140: Chain Length:8
[peer] 01:26:12.866172 blockchain.go:68: Returning a block
[peer] 01:26:12.866197 main.go:142: Chain Length:8
[peer] 01:26:12.866221 main.go:147: Already have block
[peer] 01:26:12.866247 main.go:152: 13:Bool lock released
[peer] 01:26:12.866271 blockchain.go:68: Returning a block
[peer] 01:26:12.866295 blockchain.go:68: Returning a block
[peer] 01:26:12.866319 main.go:179: 13:Equal block
[peer] 01:26:12.874377 main.go:729: 13:Block sent to peer successful
[err] 01:26:12.874417 main.go:302: Error in sending block, err = Stale Update/Block
[peer] 01:26:12.886242 main.go:729: 13:Block sent to peer successful
[err] 01:26:12.886259 main.go:302: Error in sending block, err = Stale Update/Block
[peer] 01:26:12.886287 main.go:729: 13:Block sent to peer successful
[err] 01:26:12.886317 main.go:302: Error in sending block, err = Stale Update/Block
[peer] 01:26:12.886341 main.go:729: 13:Block sent to peer successful
[err] 01:26:12.886432 main.go:302: Error in sending block, err = Stale Update/Block
[peer] 01:26:12.891529 main.go:729: 13:Block sent to peer successful
[err] 01:26:12.891543 main.go:302: Error in sending block, err = Stale Update/Block
[peer] 01:26:12.896655 main.go:729: 13:Block sent to peer successful
[err] 01:26:12.896670 main.go:302: Error in sending block, err = Stale Update/Block
[peer] 01:26:12.936995 main.go:130: 13:Got block message, iteration 6
[peer] 01:26:12.937020 main.go:137: 13:Acquiring bool lock
[peer] 01:26:12.937031 main.go:139: 13:Acquired bool lock
[peer] 01:26:12.937042 main.go:140: Chain Length:8
[peer] 01:26:12.937054 blockchain.go:68: Returning a block
[peer] 01:26:12.937072 main.go:142: Chain Length:8
[peer] 01:26:12.937080 main.go:147: Already have block
[peer] 01:26:12.937091 main.go:152: 13:Bool lock released
[peer] 01:26:12.937127 blockchain.go:68: Returning a block
[peer] 01:26:12.937136 blockchain.go:68: Returning a block
[peer] 01:26:12.937152 main.go:179: 13:Equal block
[peer] 01:26:12.954485 main.go:130: 13:Got block message, iteration 6
[peer] 01:26:12.954510 main.go:137: 13:Acquiring bool lock
[peer] 01:26:12.954518 main.go:139: 13:Acquired bool lock
[peer] 01:26:12.954526 main.go:140: Chain Length:8
[peer] 01:26:12.954533 blockchain.go:68: Returning a block
[peer] 01:26:12.954541 main.go:142: Chain Length:8
[peer] 01:26:12.954548 main.go:147: Already have block
[peer] 01:26:12.954556 main.go:152: 13:Bool lock released
[peer] 01:26:12.954571 blockchain.go:68: Returning a block
[peer] 01:26:12.954579 blockchain.go:68: Returning a block
[peer] 01:26:12.954615 main.go:179: 13:Equal block
[peer] 01:26:12.986892 main.go:633: 13:Accepted new Connection
[peer] 01:26:12.989905 main.go:130: 13:Got block message, iteration 6
[peer] 01:26:12.989922 main.go:137: 13:Acquiring bool lock
[peer] 01:26:12.989926 main.go:139: 13:Acquired bool lock
[peer] 01:26:12.989931 main.go:140: Chain Length:8
[peer] 01:26:12.989935 blockchain.go:68: Returning a block
[peer] 01:26:12.989940 main.go:142: Chain Length:8
[peer] 01:26:12.989944 main.go:147: Already have block
[peer] 01:26:12.989950 main.go:152: 13:Bool lock released
[peer] 01:26:12.989954 blockchain.go:68: Returning a block
[peer] 01:26:12.989959 blockchain.go:68: Returning a block
[peer] 01:26:12.989963 main.go:179: 13:Equal block
[peer] 01:26:13.010612 main.go:633: 13:Accepted new Connection
[peer] 01:26:13.012638 main.go:130: 13:Got block message, iteration 6
[peer] 01:26:13.012655 main.go:137: 13:Acquiring bool lock
[peer] 01:26:13.012664 main.go:139: 13:Acquired bool lock
[peer] 01:26:13.012672 main.go:140: Chain Length:8
[peer] 01:26:13.012680 blockchain.go:68: Returning a block
[peer] 01:26:13.012689 main.go:142: Chain Length:8
[peer] 01:26:13.012697 main.go:147: Already have block
[peer] 01:26:13.012707 main.go:152: 13:Bool lock released
[peer] 01:26:13.012715 blockchain.go:68: Returning a block
[peer] 01:26:13.012724 blockchain.go:68: Returning a block
[peer] 01:26:13.012733 main.go:179: 13:Equal block
[peer] 01:26:13.014926 main.go:633: 13:Accepted new Connection
[peer] 01:26:13.023485 main.go:130: 13:Got block message, iteration 6
[peer] 01:26:13.023501 main.go:137: 13:Acquiring bool lock
[peer] 01:26:13.023506 main.go:139: 13:Acquired bool lock
[peer] 01:26:13.023511 main.go:140: Chain Length:8
[peer] 01:26:13.023517 blockchain.go:68: Returning a block
[peer] 01:26:13.023522 main.go:142: Chain Length:8
[peer] 01:26:13.023527 main.go:147: Already have block
[peer] 01:26:13.023532 main.go:152: 13:Bool lock released
[peer] 01:26:13.023545 blockchain.go:68: Returning a block
[peer] 01:26:13.023550 blockchain.go:68: Returning a block
[peer] 01:26:13.023555 main.go:179: 13:Equal block
[peer] 01:26:13.030980 main.go:729: 13:Block sent to peer successful
[err] 01:26:13.030991 main.go:302: Error in sending block, err = Stale Update/Block
[peer] 01:26:13.031052 main.go:729: 13:Block sent to peer successful
[err] 01:26:13.031063 main.go:302: Error in sending block, err = Stale Update/Block
[peer] 01:26:13.030905 main.go:729: 13:Block sent to peer successful
[err] 01:26:13.031108 main.go:302: Error in sending block, err = Stale Update/Block
[peer] 01:26:13.031125 main.go:729: 13:Block sent to peer successful
[err] 01:26:13.031136 main.go:302: Error in sending block, err = Stale Update/Block
[peer] 01:26:13.033943 main.go:633: 13:Accepted new Connection
[peer] 01:26:13.034040 main.go:729: 13:Block sent to peer successful
[err] 01:26:13.034051 main.go:302: Error in sending block, err = Stale Update/Block
[peer] 01:26:13.036425 main.go:130: 13:Got block message, iteration 6
[peer] 01:26:13.036444 main.go:137: 13:Acquiring bool lock
[peer] 01:26:13.036450 main.go:139: 13:Acquired bool lock
[peer] 01:26:13.036455 main.go:140: Chain Length:8
[peer] 01:26:13.036460 blockchain.go:68: Returning a block
[peer] 01:26:13.036469 main.go:142: Chain Length:8
[peer] 01:26:13.036475 main.go:147: Already have block
[peer] 01:26:13.036481 main.go:152: 13:Bool lock released
[peer] 01:26:13.036486 blockchain.go:68: Returning a block
[peer] 01:26:13.036491 blockchain.go:68: Returning a block
[peer] 01:26:13.036496 main.go:179: 13:Equal block
[peer] 01:26:13.040191 main.go:729: 13:Block sent to peer successful
[err] 01:26:13.040202 main.go:302: Error in sending block, err = Stale Update/Block
[peer] 01:26:13.040719 main.go:729: 13:Block sent to peer successful
[err] 01:26:13.040734 main.go:302: Error in sending block, err = Stale Update/Block
[peer] 01:26:13.040772 main.go:729: 13:Block sent to peer successful
[err] 01:26:13.040785 main.go:302: Error in sending block, err = Stale Update/Block
[peer] 01:26:13.040838 main.go:729: 13:Block sent to peer successful
[err] 01:26:13.040851 main.go:302: Error in sending block, err = Stale Update/Block
[peer] 01:26:13.041027 main.go:729: 13:Block sent to peer successful
[err] 01:26:13.041038 main.go:302: Error in sending block, err = Stale Update/Block
[peer] 01:26:13.050063 main.go:633: 13:Accepted new Connection
[peer] 01:26:13.050191 main.go:633: 13:Accepted new Connection
[peer] 01:26:13.051125 main.go:130: 13:Got block message, iteration 6
[peer] 01:26:13.051139 main.go:137: 13:Acquiring bool lock
[peer] 01:26:13.051144 main.go:139: 13:Acquired bool lock
[peer] 01:26:13.051149 main.go:140: Chain Length:8
[peer] 01:26:13.051154 blockchain.go:68: Returning a block
[peer] 01:26:13.051159 main.go:142: Chain Length:8
[peer] 01:26:13.051164 main.go:147: Already have block
[peer] 01:26:13.051169 main.go:152: 13:Bool lock released
[peer] 01:26:13.051174 blockchain.go:68: Returning a block
[peer] 01:26:13.051179 blockchain.go:68: Returning a block
[peer] 01:26:13.051183 main.go:179: 13:Equal block
[peer] 01:26:13.072151 main.go:729: 13:Block sent to peer successful
[err] 01:26:13.072165 main.go:302: Error in sending block, err = Stale Update/Block
[peer] 01:26:13.087695 main.go:729: 13:Block sent to peer successful
[err] 01:26:13.087707 main.go:302: Error in sending block, err = Stale Update/Block
[peer] 01:26:13.093408 main.go:729: 13:Block sent to peer successful
[err] 01:26:13.093421 main.go:302: Error in sending block, err = Stale Update/Block
[peer] 01:26:13.094189 main.go:729: 13:Block sent to peer successful
[err] 01:26:13.094207 main.go:302: Error in sending block, err = Stale Update/Block
[peer] 01:26:13.097413 main.go:729: 13:Block sent to peer successful
[err] 01:26:13.097423 main.go:302: Error in sending block, err = Stale Update/Block
[peer] 01:26:13.115527 main.go:633: 13:Accepted new Connection
[peer] 01:26:13.115799 main.go:130: 13:Got block message, iteration 6
[peer] 01:26:13.115820 main.go:137: 13:Acquiring bool lock
[peer] 01:26:13.115836 main.go:139: 13:Acquired bool lock
[peer] 01:26:13.115844 main.go:140: Chain Length:8
[peer] 01:26:13.115852 blockchain.go:68: Returning a block
[peer] 01:26:13.115860 main.go:142: Chain Length:8
[peer] 01:26:13.115867 main.go:147: Already have block
[peer] 01:26:13.115876 main.go:152: 13:Bool lock released
[peer] 01:26:13.115884 blockchain.go:68: Returning a block
[peer] 01:26:13.115891 blockchain.go:68: Returning a block
[peer] 01:26:13.115899 main.go:179: 13:Equal block
[peer] 01:26:13.118900 main.go:729: 13:Block sent to peer successful
[err] 01:26:13.118916 main.go:302: Error in sending block, err = Stale Update/Block
[peer] 01:26:13.125686 main.go:130: 13:Got block message, iteration 6
[peer] 01:26:13.125708 main.go:137: 13:Acquiring bool lock
[peer] 01:26:13.125716 main.go:139: 13:Acquired bool lock
[peer] 01:26:13.125723 main.go:140: Chain Length:8
[peer] 01:26:13.125731 blockchain.go:68: Returning a block
[peer] 01:26:13.125739 main.go:142: Chain Length:8
[peer] 01:26:13.125747 main.go:147: Already have block
[peer] 01:26:13.125756 main.go:152: 13:Bool lock released
[peer] 01:26:13.125763 blockchain.go:68: Returning a block
[peer] 01:26:13.125770 blockchain.go:68: Returning a block
[peer] 01:26:13.125778 main.go:179: 13:Equal block
[peer] 01:26:13.128163 main.go:633: 13:Accepted new Connection
[peer] 01:26:13.130387 main.go:729: 13:Block sent to peer successful
[err] 01:26:13.130402 main.go:302: Error in sending block, err = Stale Update/Block
[peer] 01:26:13.133902 main.go:130: 13:Got block message, iteration 6
[peer] 01:26:13.133922 main.go:137: 13:Acquiring bool lock
[peer] 01:26:13.133930 main.go:139: 13:Acquired bool lock
[peer] 01:26:13.133937 main.go:140: Chain Length:8
[peer] 01:26:13.133945 blockchain.go:68: Returning a block
[peer] 01:26:13.133953 main.go:142: Chain Length:8
[peer] 01:26:13.133961 main.go:147: Already have block
[peer] 01:26:13.133970 main.go:152: 13:Bool lock released
[peer] 01:26:13.133977 blockchain.go:68: Returning a block
[peer] 01:26:13.133984 blockchain.go:68: Returning a block
[peer] 01:26:13.133992 main.go:179: 13:Equal block
[peer] 01:26:13.138360 main.go:633: 13:Accepted new Connection
[peer] 01:26:13.140507 main.go:729: 13:Block sent to peer successful
[err] 01:26:13.140523 main.go:302: Error in sending block, err = Stale Update/Block
[peer] 01:26:13.148407 main.go:130: 13:Got block message, iteration 6
[peer] 01:26:13.148432 main.go:137: 13:Acquiring bool lock
[peer] 01:26:13.148440 main.go:139: 13:Acquired bool lock
[peer] 01:26:13.148448 main.go:140: Chain Length:8
[peer] 01:26:13.148456 blockchain.go:68: Returning a block
[peer] 01:26:13.148463 main.go:142: Chain Length:8
[peer] 01:26:13.148471 main.go:147: Already have block
[peer] 01:26:13.148479 main.go:152: 13:Bool lock released
[peer] 01:26:13.148487 blockchain.go:68: Returning a block
[peer] 01:26:13.148494 blockchain.go:68: Returning a block
[peer] 01:26:13.148502 main.go:179: 13:Equal block
[peer] 01:26:13.148620 main.go:729: 13:Block sent to peer successful
[err] 01:26:13.148631 main.go:302: Error in sending block, err = Stale Update/Block
[peer] 01:26:13.148747 main.go:729: 13:Block sent to peer successful
[err] 01:26:13.148759 main.go:302: Error in sending block, err = Stale Update/Block
[peer] 01:26:13.148799 main.go:684: 13:RPC calls successfully returned. Iteration: 6
[peer] 01:26:13.152130 main.go:633: 13:Accepted new Connection
[peer] 01:26:13.165699 honest.go:81: 13Train Error is 0.04934 in Iteration 6
[peer] 01:26:13.165714 main.go:692: 13:Preparing for next Iteration. Current Iteration: 6
[peer] 01:26:13.169192 main.go:130: 13:Got block message, iteration 6
[peer] 01:26:13.169215 main.go:137: 13:Acquiring bool lock
[peer] 01:26:13.169222 main.go:139: 13:Acquired bool lock
[peer] 01:26:13.169229 main.go:140: Chain Length:8
[peer] 01:26:13.169236 blockchain.go:68: Returning a block
[peer] 01:26:13.169242 main.go:142: Chain Length:8
[peer] 01:26:13.169249 main.go:147: Already have block
[peer] 01:26:13.169256 main.go:152: 13:Bool lock released
[peer] 01:26:13.169263 blockchain.go:68: Returning a block
[peer] 01:26:13.169276 blockchain.go:68: Returning a block
[peer] 01:26:13.169284 main.go:179: 13:Equal block
[peer] 01:26:13.244747 main.go:130: 13:Got block message, iteration 6
[peer] 01:26:13.244770 main.go:137: 13:Acquiring bool lock
[peer] 01:26:13.244777 main.go:139: 13:Acquired bool lock
[peer] 01:26:13.244783 main.go:140: Chain Length:8
[peer] 01:26:13.244790 blockchain.go:68: Returning a block
[peer] 01:26:13.244796 main.go:142: Chain Length:8
[peer] 01:26:13.244803 main.go:147: Already have block
[peer] 01:26:13.244810 main.go:152: 13:Bool lock released
[peer] 01:26:13.244817 blockchain.go:68: Returning a block
[peer] 01:26:13.244823 blockchain.go:68: Returning a block
[peer] 01:26:13.244830 main.go:179: 13:Equal block
[peer] 01:26:13.956336 main.go:633: 13:Accepted new Connection
[peer] 01:26:13.967613 main.go:130: 13:Got block message, iteration 6
[peer] 01:26:13.967649 main.go:137: 13:Acquiring bool lock
[peer] 01:26:13.967660 main.go:139: 13:Acquired bool lock
[peer] 01:26:13.967669 main.go:140: Chain Length:8
[peer] 01:26:13.967677 blockchain.go:68: Returning a block
[peer] 01:26:13.967686 main.go:142: Chain Length:8
[peer] 01:26:13.967694 main.go:147: Already have block
[peer] 01:26:13.967704 main.go:152: 13:Bool lock released
[peer] 01:26:13.967713 blockchain.go:68: Returning a block
[peer] 01:26:13.967724 blockchain.go:68: Returning a block
[peer] 01:26:13.967736 main.go:179: 13:Equal block
