[peer] 01:25:57.947144 honest.go:107: 2Importing modules...
../ML/code/utils.py:223: FutureWarning: Method .as_matrix will be removed in a future version. Use .values instead.
  data = data.as_matrix()
../ML/code/utils.py:94: FutureWarning: Method .as_matrix will be removed in a future version. Use .values instead.
  credit = df.ix[1:nn, 1:dd].as_matrix()
[peer] 01:26:12.581706 honest.go:122: 2Sucessfully pulled dataset. Features: 25
[peer] 01:26:12.581982 main.go:487: 2:Announcing myself to network
[peer] 01:26:12.582047 main.go:492: 2:Calling {198.162.52.126 %!s(int=8000) }
[peer] 01:26:12.582060 main.go:511: 2:Inside callRegisterRPC
[peer] 01:26:12.582069 main.go:516: 2Making RPC call
[peer] 01:26:12.582066 main.go:629: 2:Peer started. Receiving on 8002
[peer] 01:26:12.582173 main.go:522: 2RPC dial successful
[peer] 01:26:12.582185 main.go:525: 2:Calling RPC:198.162.52.126:8000
[peer] 01:26:12.582198 main.go:527: 2:RPC called198.162.52.126:8000
[peer] 01:26:12.582723 main.go:534: 2:Announced myself to a fellow peer at port. Got lastest chain
[peer] 01:26:12.582738 main.go:541: Chain length received:7
[peer] 01:26:12.582747 main.go:542: My chain length:1
[peer] 01:26:12.582756 honest.go:340: Received chain length:7
[peer] 01:26:12.582764 honest.go:341: Appended chain length:7
[peer] 01:26:12.582772 main.go:555: 2Got lastest chain until iteration 5
[peer] 01:26:12.582814 main.go:492: 2:Calling {198.162.52.126 %!s(int=8001) }
[peer] 01:26:12.582827 main.go:511: 2:Inside callRegisterRPC
[peer] 01:26:12.582838 main.go:516: 2Making RPC call
[peer] 01:26:12.582909 main.go:522: 2RPC dial successful
[peer] 01:26:12.582925 main.go:525: 2:Calling RPC:198.162.52.126:8001
[peer] 01:26:12.582937 main.go:527: 2:RPC called198.162.52.126:8001
[peer] 01:26:12.583294 main.go:534: 2:Announced myself to a fellow peer at port. Got lastest chain
[peer] 01:26:12.583305 main.go:541: Chain length received:7
[peer] 01:26:12.583310 main.go:542: My chain length:7
[peer] 01:26:12.583344 main.go:492: 2:Calling {198.162.52.126 %!s(int=8003) }
[peer] 01:26:12.583353 main.go:511: 2:Inside callRegisterRPC
[peer] 01:26:12.583358 main.go:516: 2Making RPC call
[peer] 01:26:12.583415 main.go:522: 2RPC dial successful
[peer] 01:26:12.583428 main.go:525: 2:Calling RPC:198.162.52.126:8003
[peer] 01:26:12.583438 main.go:527: 2:RPC called198.162.52.126:8003
[peer] 01:26:12.583776 main.go:534: 2:Announced myself to a fellow peer at port. Got lastest chain
[peer] 01:26:12.583788 main.go:541: Chain length received:7
[peer] 01:26:12.583798 main.go:542: My chain length:7
[peer] 01:26:12.583838 main.go:492: 2:Calling {198.162.52.126 %!s(int=8004) }
[peer] 01:26:12.583848 main.go:511: 2:Inside callRegisterRPC
[peer] 01:26:12.583856 main.go:516: 2Making RPC call
[err] 01:26:12.583910 main.go:302: Peer offline.Couldn't connect to peer: 198.162.52.126:8004, err = dial tcp 198.162.52.126:8004: connect: connection refused
[peer] 01:26:12.583928 main.go:492: 2:Calling {198.162.52.126 %!s(int=8005) }
[peer] 01:26:12.583934 main.go:511: 2:Inside callRegisterRPC
[peer] 01:26:12.583939 main.go:516: 2Making RPC call
[peer] 01:26:12.583993 main.go:522: 2RPC dial successful
[peer] 01:26:12.584002 main.go:525: 2:Calling RPC:198.162.52.126:8005
[peer] 01:26:12.584008 main.go:527: 2:RPC called198.162.52.126:8005
[peer] 01:26:12.584369 main.go:534: 2:Announced myself to a fellow peer at port. Got lastest chain
[peer] 01:26:12.584380 main.go:541: Chain length received:7
[peer] 01:26:12.584385 main.go:542: My chain length:7
[peer] 01:26:12.584413 main.go:492: 2:Calling {198.162.52.126 %!s(int=8006) }
[peer] 01:26:12.584421 main.go:511: 2:Inside callRegisterRPC
[peer] 01:26:12.584426 main.go:516: 2Making RPC call
[peer] 01:26:12.584481 main.go:522: 2RPC dial successful
[peer] 01:26:12.584498 main.go:525: 2:Calling RPC:198.162.52.126:8006
[peer] 01:26:12.584509 main.go:527: 2:RPC called198.162.52.126:8006
[peer] 01:26:12.584862 main.go:534: 2:Announced myself to a fellow peer at port. Got lastest chain
[peer] 01:26:12.584874 main.go:541: Chain length received:7
[peer] 01:26:12.584883 main.go:542: My chain length:7
[peer] 01:26:12.584923 main.go:492: 2:Calling {198.162.52.126 %!s(int=8007) }
[peer] 01:26:12.584932 main.go:511: 2:Inside callRegisterRPC
[peer] 01:26:12.584939 main.go:516: 2Making RPC call
[peer] 01:26:12.585044 main.go:522: 2RPC dial successful
[peer] 01:26:12.585055 main.go:525: 2:Calling RPC:198.162.52.126:8007
[peer] 01:26:12.585069 main.go:527: 2:RPC called198.162.52.126:8007
[peer] 01:26:12.585398 main.go:534: 2:Announced myself to a fellow peer at port. Got lastest chain
[peer] 01:26:12.585410 main.go:541: Chain length received:7
[peer] 01:26:12.585419 main.go:542: My chain length:7
[peer] 01:26:12.585478 main.go:492: 2:Calling {198.162.52.126 %!s(int=8008) }
[peer] 01:26:12.585488 main.go:511: 2:Inside callRegisterRPC
[peer] 01:26:12.585510 main.go:516: 2Making RPC call
[peer] 01:26:12.585574 main.go:522: 2RPC dial successful
[peer] 01:26:12.585589 main.go:525: 2:Calling RPC:198.162.52.126:8008
[peer] 01:26:12.585598 main.go:527: 2:RPC called198.162.52.126:8008
[peer] 01:26:12.586087 main.go:534: 2:Announced myself to a fellow peer at port. Got lastest chain
[peer] 01:26:12.586119 main.go:541: Chain length received:7
[peer] 01:26:12.586127 main.go:542: My chain length:7
[peer] 01:26:12.586159 main.go:492: 2:Calling {198.162.52.126 %!s(int=8009) }
[peer] 01:26:12.586170 main.go:511: 2:Inside callRegisterRPC
[peer] 01:26:12.586177 main.go:516: 2Making RPC call
[peer] 01:26:12.586236 main.go:522: 2RPC dial successful
[peer] 01:26:12.586248 main.go:525: 2:Calling RPC:198.162.52.126:8009
[peer] 01:26:12.586258 main.go:527: 2:RPC called198.162.52.126:8009
[peer] 01:26:12.586647 main.go:534: 2:Announced myself to a fellow peer at port. Got lastest chain
[peer] 01:26:12.586658 main.go:541: Chain length received:7
[peer] 01:26:12.586663 main.go:542: My chain length:7
[peer] 01:26:12.586695 main.go:492: 2:Calling {198.162.52.126 %!s(int=8010) }
[peer] 01:26:12.586708 main.go:511: 2:Inside callRegisterRPC
[peer] 01:26:12.586716 main.go:516: 2Making RPC call
[peer] 01:26:12.586835 main.go:522: 2RPC dial successful
[peer] 01:26:12.586847 main.go:525: 2:Calling RPC:198.162.52.126:8010
[peer] 01:26:12.586853 main.go:527: 2:RPC called198.162.52.126:8010
[peer] 01:26:12.587297 main.go:534: 2:Announced myself to a fellow peer at port. Got lastest chain
[peer] 01:26:12.587311 main.go:541: Chain length received:7
[peer] 01:26:12.587317 main.go:542: My chain length:7
[peer] 01:26:12.587342 main.go:492: 2:Calling {198.162.52.126 %!s(int=8011) }
[peer] 01:26:12.587354 main.go:511: 2:Inside callRegisterRPC
[peer] 01:26:12.587363 main.go:516: 2Making RPC call
[peer] 01:26:12.587422 main.go:522: 2RPC dial successful
[peer] 01:26:12.587435 main.go:525: 2:Calling RPC:198.162.52.126:8011
[peer] 01:26:12.587470 main.go:527: 2:RPC called198.162.52.126:8011
[peer] 01:26:12.587792 main.go:534: 2:Announced myself to a fellow peer at port. Got lastest chain
[peer] 01:26:12.587804 main.go:541: Chain length received:7
[peer] 01:26:12.587811 main.go:542: My chain length:7
[peer] 01:26:12.587843 main.go:492: 2:Calling {198.162.52.126 %!s(int=8012) }
[peer] 01:26:12.587852 main.go:511: 2:Inside callRegisterRPC
[peer] 01:26:12.587856 main.go:516: 2Making RPC call
[peer] 01:26:12.587911 main.go:522: 2RPC dial successful
[peer] 01:26:12.587926 main.go:525: 2:Calling RPC:198.162.52.126:8012
[peer] 01:26:12.587936 main.go:527: 2:RPC called198.162.52.126:8012
[peer] 01:26:12.588297 main.go:534: 2:Announced myself to a fellow peer at port. Got lastest chain
[peer] 01:26:12.588308 main.go:541: Chain length received:7
[peer] 01:26:12.588314 main.go:542: My chain length:7
[peer] 01:26:12.588342 main.go:492: 2:Calling {198.162.52.126 %!s(int=8013) }
[peer] 01:26:12.588354 main.go:511: 2:Inside callRegisterRPC
[peer] 01:26:12.588363 main.go:516: 2Making RPC call
[peer] 01:26:12.588486 main.go:522: 2RPC dial successful
[peer] 01:26:12.588497 main.go:525: 2:Calling RPC:198.162.52.126:8013
[peer] 01:26:12.588503 main.go:527: 2:RPC called198.162.52.126:8013
[peer] 01:26:12.588833 main.go:534: 2:Announced myself to a fellow peer at port. Got lastest chain
[peer] 01:26:12.588851 main.go:541: Chain length received:7
[peer] 01:26:12.588857 main.go:542: My chain length:7
[peer] 01:26:12.588891 main.go:492: 2:Calling {198.162.52.126 %!s(int=8014) }
[peer] 01:26:12.588904 main.go:511: 2:Inside callRegisterRPC
[peer] 01:26:12.588912 main.go:516: 2Making RPC call
[peer] 01:26:12.588983 main.go:522: 2RPC dial successful
[peer] 01:26:12.588997 main.go:525: 2:Calling RPC:198.162.52.126:8014
[peer] 01:26:12.589007 main.go:527: 2:RPC called198.162.52.126:8014
[peer] 01:26:12.589776 main.go:534: 2:Announced myself to a fellow peer at port. Got lastest chain
[peer] 01:26:12.589789 main.go:541: Chain length received:7
[peer] 01:26:12.589798 main.go:542: My chain length:7
[peer] 01:26:12.589837 main.go:492: 2:Calling {198.162.52.126 %!s(int=8015) }
[peer] 01:26:12.589851 main.go:511: 2:Inside callRegisterRPC
[peer] 01:26:12.589866 main.go:516: 2Making RPC call
[err] 01:26:12.589920 main.go:302: Peer offline.Couldn't connect to peer: 198.162.52.126:8015, err = dial tcp 198.162.52.126:8015: connect: connection refused
[peer] 01:26:12.589934 main.go:492: 2:Calling {198.162.52.126 %!s(int=8016) }
[peer] 01:26:12.589943 main.go:511: 2:Inside callRegisterRPC
[peer] 01:26:12.589951 main.go:516: 2Making RPC call
[err] 01:26:12.589992 main.go:302: Peer offline.Couldn't connect to peer: 198.162.52.126:8016, err = dial tcp 198.162.52.126:8016: connect: connection refused
[peer] 01:26:12.590005 main.go:492: 2:Calling {198.162.52.126 %!s(int=8017) }
[peer] 01:26:12.590014 main.go:511: 2:Inside callRegisterRPC
[peer] 01:26:12.590022 main.go:516: 2Making RPC call
[peer] 01:26:12.590077 main.go:522: 2RPC dial successful
[peer] 01:26:12.590091 main.go:525: 2:Calling RPC:198.162.52.126:8017
[peer] 01:26:12.590100 main.go:527: 2:RPC called198.162.52.126:8017
[peer] 01:26:12.590490 main.go:534: 2:Announced myself to a fellow peer at port. Got lastest chain
[peer] 01:26:12.590506 main.go:541: Chain length received:7
[peer] 01:26:12.590516 main.go:542: My chain length:7
[peer] 01:26:12.590549 main.go:492: 2:Calling {198.162.52.126 %!s(int=8018) }
[peer] 01:26:12.590558 main.go:511: 2:Inside callRegisterRPC
[peer] 01:26:12.590565 main.go:516: 2Making RPC call
[peer] 01:26:12.590648 main.go:522: 2RPC dial successful
[peer] 01:26:12.590660 main.go:525: 2:Calling RPC:198.162.52.126:8018
[peer] 01:26:12.590670 main.go:527: 2:RPC called198.162.52.126:8018
[peer] 01:26:12.591181 main.go:534: 2:Announced myself to a fellow peer at port. Got lastest chain
[peer] 01:26:12.591193 main.go:541: Chain length received:7
[peer] 01:26:12.591230 main.go:542: My chain length:7
[peer] 01:26:12.591264 main.go:492: 2:Calling {198.162.52.126 %!s(int=8019) }
[peer] 01:26:12.591279 main.go:511: 2:Inside callRegisterRPC
[peer] 01:26:12.591287 main.go:516: 2Making RPC call
[peer] 01:26:12.591444 main.go:522: 2RPC dial successful
[peer] 01:26:12.591465 main.go:525: 2:Calling RPC:198.162.52.126:8019
[peer] 01:26:12.591477 main.go:527: 2:RPC called198.162.52.126:8019
[peer] 01:26:12.591841 main.go:534: 2:Announced myself to a fellow peer at port. Got lastest chain
[peer] 01:26:12.591853 main.go:541: Chain length received:7
[peer] 01:26:12.591862 main.go:542: My chain length:7
[peer] 01:26:12.591895 main.go:492: 2:Calling {198.162.52.57 %!s(int=8020) }
[peer] 01:26:12.591903 main.go:511: 2:Inside callRegisterRPC
[peer] 01:26:12.591911 main.go:516: 2Making RPC call
[peer] 01:26:12.592460 main.go:522: 2RPC dial successful
[peer] 01:26:12.592474 main.go:525: 2:Calling RPC:198.162.52.57:8020
[peer] 01:26:12.592484 main.go:527: 2:RPC called198.162.52.57:8020
[peer] 01:26:12.593662 main.go:534: 2:Announced myself to a fellow peer at port. Got lastest chain
[peer] 01:26:12.593678 main.go:541: Chain length received:7
[peer] 01:26:12.593686 main.go:542: My chain length:7
[peer] 01:26:12.593712 main.go:492: 2:Calling {198.162.52.57 %!s(int=8021) }
[peer] 01:26:12.593722 main.go:511: 2:Inside callRegisterRPC
[peer] 01:26:12.593732 main.go:516: 2Making RPC call
[peer] 01:26:12.594042 main.go:522: 2RPC dial successful
[peer] 01:26:12.594056 main.go:525: 2:Calling RPC:198.162.52.57:8021
[peer] 01:26:12.594073 main.go:527: 2:RPC called198.162.52.57:8021
[peer] 01:26:12.595146 main.go:534: 2:Announced myself to a fellow peer at port. Got lastest chain
[peer] 01:26:12.595158 main.go:541: Chain length received:7
[peer] 01:26:12.595167 main.go:542: My chain length:7
[peer] 01:26:12.595197 main.go:492: 2:Calling {198.162.52.57 %!s(int=8022) }
[peer] 01:26:12.595206 main.go:511: 2:Inside callRegisterRPC
[peer] 01:26:12.595214 main.go:516: 2Making RPC call
[peer] 01:26:12.595639 main.go:522: 2RPC dial successful
[peer] 01:26:12.595653 main.go:525: 2:Calling RPC:198.162.52.57:8022
[peer] 01:26:12.595664 main.go:527: 2:RPC called198.162.52.57:8022
[peer] 01:26:12.596673 main.go:534: 2:Announced myself to a fellow peer at port. Got lastest chain
[peer] 01:26:12.596687 main.go:541: Chain length received:7
[peer] 01:26:12.596696 main.go:542: My chain length:7
[peer] 01:26:12.596726 main.go:492: 2:Calling {198.162.52.57 %!s(int=8023) }
[peer] 01:26:12.596736 main.go:511: 2:Inside callRegisterRPC
[peer] 01:26:12.596743 main.go:516: 2Making RPC call
[peer] 01:26:12.597146 main.go:522: 2RPC dial successful
[peer] 01:26:12.597159 main.go:525: 2:Calling RPC:198.162.52.57:8023
[peer] 01:26:12.597169 main.go:527: 2:RPC called198.162.52.57:8023
[peer] 01:26:12.598252 main.go:534: 2:Announced myself to a fellow peer at port. Got lastest chain
[peer] 01:26:12.598267 main.go:541: Chain length received:7
[peer] 01:26:12.598276 main.go:542: My chain length:7
[peer] 01:26:12.598311 main.go:492: 2:Calling {198.162.52.57 %!s(int=8024) }
[peer] 01:26:12.598321 main.go:511: 2:Inside callRegisterRPC
[peer] 01:26:12.598333 main.go:516: 2Making RPC call
[peer] 01:26:12.598640 main.go:522: 2RPC dial successful
[peer] 01:26:12.598652 main.go:525: 2:Calling RPC:198.162.52.57:8024
[peer] 01:26:12.598662 main.go:527: 2:RPC called198.162.52.57:8024
[peer] 01:26:12.599672 main.go:534: 2:Announced myself to a fellow peer at port. Got lastest chain
[peer] 01:26:12.599687 main.go:541: Chain length received:7
[peer] 01:26:12.599696 main.go:542: My chain length:7
[peer] 01:26:12.599728 main.go:492: 2:Calling {198.162.52.57 %!s(int=8025) }
[peer] 01:26:12.599736 main.go:511: 2:Inside callRegisterRPC
[peer] 01:26:12.599744 main.go:516: 2Making RPC call
[peer] 01:26:12.600170 main.go:522: 2RPC dial successful
[peer] 01:26:12.600184 main.go:525: 2:Calling RPC:198.162.52.57:8025
[peer] 01:26:12.600194 main.go:527: 2:RPC called198.162.52.57:8025
[peer] 01:26:12.601191 main.go:534: 2:Announced myself to a fellow peer at port. Got lastest chain
[peer] 01:26:12.601203 main.go:541: Chain length received:7
[peer] 01:26:12.601212 main.go:542: My chain length:7
[peer] 01:26:12.601241 main.go:492: 2:Calling {198.162.52.57 %!s(int=8026) }
[peer] 01:26:12.601251 main.go:511: 2:Inside callRegisterRPC
[peer] 01:26:12.601259 main.go:516: 2Making RPC call
[peer] 01:26:12.601771 main.go:522: 2RPC dial successful
[peer] 01:26:12.601813 main.go:525: 2:Calling RPC:198.162.52.57:8026
[peer] 01:26:12.601825 main.go:527: 2:RPC called198.162.52.57:8026
[peer] 01:26:12.602855 main.go:534: 2:Announced myself to a fellow peer at port. Got lastest chain
[peer] 01:26:12.602876 main.go:541: Chain length received:7
[peer] 01:26:12.602885 main.go:542: My chain length:7
[peer] 01:26:12.602932 main.go:492: 2:Calling {198.162.52.57 %!s(int=8027) }
[peer] 01:26:12.602941 main.go:511: 2:Inside callRegisterRPC
[peer] 01:26:12.602949 main.go:516: 2Making RPC call
[peer] 01:26:12.603442 main.go:522: 2RPC dial successful
[peer] 01:26:12.603452 main.go:525: 2:Calling RPC:198.162.52.57:8027
[peer] 01:26:12.603461 main.go:527: 2:RPC called198.162.52.57:8027
[peer] 01:26:12.604463 main.go:534: 2:Announced myself to a fellow peer at port. Got lastest chain
[peer] 01:26:12.604474 main.go:541: Chain length received:7
[peer] 01:26:12.604483 main.go:542: My chain length:7
[peer] 01:26:12.604510 main.go:492: 2:Calling {198.162.52.57 %!s(int=8028) }
[peer] 01:26:12.604519 main.go:511: 2:Inside callRegisterRPC
[peer] 01:26:12.604528 main.go:516: 2Making RPC call
[peer] 01:26:12.605003 main.go:522: 2RPC dial successful
[peer] 01:26:12.605013 main.go:525: 2:Calling RPC:198.162.52.57:8028
[peer] 01:26:12.605022 main.go:527: 2:RPC called198.162.52.57:8028
[peer] 01:26:12.606098 main.go:534: 2:Announced myself to a fellow peer at port. Got lastest chain
[peer] 01:26:12.606122 main.go:541: Chain length received:7
[peer] 01:26:12.606130 main.go:542: My chain length:7
[peer] 01:26:12.606176 main.go:492: 2:Calling {198.162.52.57 %!s(int=8029) }
[peer] 01:26:12.606184 main.go:511: 2:Inside callRegisterRPC
[peer] 01:26:12.606189 main.go:516: 2Making RPC call
[peer] 01:26:12.606512 main.go:522: 2RPC dial successful
[peer] 01:26:12.606528 main.go:525: 2:Calling RPC:198.162.52.57:8029
[peer] 01:26:12.606540 main.go:527: 2:RPC called198.162.52.57:8029
[peer] 01:26:12.607526 main.go:534: 2:Announced myself to a fellow peer at port. Got lastest chain
[peer] 01:26:12.607541 main.go:541: Chain length received:7
[peer] 01:26:12.607550 main.go:542: My chain length:7
[peer] 01:26:12.607584 main.go:492: 2:Calling {198.162.52.57 %!s(int=8030) }
[peer] 01:26:12.607593 main.go:511: 2:Inside callRegisterRPC
[peer] 01:26:12.607601 main.go:516: 2Making RPC call
[peer] 01:26:12.608064 main.go:522: 2RPC dial successful
[peer] 01:26:12.608075 main.go:525: 2:Calling RPC:198.162.52.57:8030
[peer] 01:26:12.608084 main.go:527: 2:RPC called198.162.52.57:8030
[peer] 01:26:12.609098 main.go:534: 2:Announced myself to a fellow peer at port. Got lastest chain
[peer] 01:26:12.609114 main.go:541: Chain length received:7
[peer] 01:26:12.609124 main.go:542: My chain length:7
[peer] 01:26:12.609151 main.go:492: 2:Calling {198.162.52.57 %!s(int=8031) }
[peer] 01:26:12.609160 main.go:511: 2:Inside callRegisterRPC
[peer] 01:26:12.609168 main.go:516: 2Making RPC call
[peer] 01:26:12.609587 main.go:522: 2RPC dial successful
[peer] 01:26:12.609600 main.go:525: 2:Calling RPC:198.162.52.57:8031
[peer] 01:26:12.609609 main.go:527: 2:RPC called198.162.52.57:8031
[peer] 01:26:12.610622 main.go:534: 2:Announced myself to a fellow peer at port. Got lastest chain
[peer] 01:26:12.610636 main.go:541: Chain length received:7
[peer] 01:26:12.610645 main.go:542: My chain length:7
[peer] 01:26:12.610672 main.go:492: 2:Calling {198.162.52.57 %!s(int=8032) }
[peer] 01:26:12.610684 main.go:511: 2:Inside callRegisterRPC
[peer] 01:26:12.610695 main.go:516: 2Making RPC call
[peer] 01:26:12.611103 main.go:522: 2RPC dial successful
[peer] 01:26:12.611112 main.go:525: 2:Calling RPC:198.162.52.57:8032
[peer] 01:26:12.611121 main.go:527: 2:RPC called198.162.52.57:8032
[peer] 01:26:12.612115 main.go:534: 2:Announced myself to a fellow peer at port. Got lastest chain
[peer] 01:26:12.612127 main.go:541: Chain length received:7
[peer] 01:26:12.612136 main.go:542: My chain length:7
[peer] 01:26:12.612167 main.go:492: 2:Calling {198.162.52.57 %!s(int=8033) }
[peer] 01:26:12.612176 main.go:511: 2:Inside callRegisterRPC
[peer] 01:26:12.612183 main.go:516: 2Making RPC call
[peer] 01:26:12.612630 main.go:522: 2RPC dial successful
[peer] 01:26:12.612640 main.go:525: 2:Calling RPC:198.162.52.57:8033
[peer] 01:26:12.612651 main.go:527: 2:RPC called198.162.52.57:8033
[peer] 01:26:12.613791 main.go:534: 2:Announced myself to a fellow peer at port. Got lastest chain
[peer] 01:26:12.613807 main.go:541: Chain length received:7
[peer] 01:26:12.613816 main.go:542: My chain length:7
[peer] 01:26:12.613850 main.go:492: 2:Calling {198.162.52.57 %!s(int=8034) }
[peer] 01:26:12.613859 main.go:511: 2:Inside callRegisterRPC
[peer] 01:26:12.613867 main.go:516: 2Making RPC call
[peer] 01:26:12.614220 main.go:522: 2RPC dial successful
[peer] 01:26:12.614236 main.go:525: 2:Calling RPC:198.162.52.57:8034
[peer] 01:26:12.614247 main.go:527: 2:RPC called198.162.52.57:8034
[peer] 01:26:12.615270 main.go:534: 2:Announced myself to a fellow peer at port. Got lastest chain
[peer] 01:26:12.615286 main.go:541: Chain length received:7
[peer] 01:26:12.615295 main.go:542: My chain length:7
[peer] 01:26:12.615324 main.go:492: 2:Calling {198.162.52.57 %!s(int=8035) }
[peer] 01:26:12.615334 main.go:511: 2:Inside callRegisterRPC
[peer] 01:26:12.615348 main.go:516: 2Making RPC call
[peer] 01:26:12.615659 main.go:522: 2RPC dial successful
[peer] 01:26:12.615670 main.go:525: 2:Calling RPC:198.162.52.57:8035
[peer] 01:26:12.615679 main.go:527: 2:RPC called198.162.52.57:8035
[peer] 01:26:12.616683 main.go:534: 2:Announced myself to a fellow peer at port. Got lastest chain
[peer] 01:26:12.616706 main.go:541: Chain length received:7
[peer] 01:26:12.616722 main.go:542: My chain length:7
[peer] 01:26:12.616763 main.go:492: 2:Calling {198.162.52.57 %!s(int=8036) }
[peer] 01:26:12.616771 main.go:511: 2:Inside callRegisterRPC
[peer] 01:26:12.616775 main.go:516: 2Making RPC call
[peer] 01:26:12.617089 main.go:522: 2RPC dial successful
[peer] 01:26:12.617100 main.go:525: 2:Calling RPC:198.162.52.57:8036
[peer] 01:26:12.617110 main.go:527: 2:RPC called198.162.52.57:8036
[peer] 01:26:12.618125 main.go:534: 2:Announced myself to a fellow peer at port. Got lastest chain
[peer] 01:26:12.618137 main.go:541: Chain length received:7
[peer] 01:26:12.618145 main.go:542: My chain length:7
[peer] 01:26:12.618176 main.go:492: 2:Calling {198.162.52.57 %!s(int=8037) }
[peer] 01:26:12.618185 main.go:511: 2:Inside callRegisterRPC
[peer] 01:26:12.618193 main.go:516: 2Making RPC call
[peer] 01:26:12.618602 main.go:522: 2RPC dial successful
[peer] 01:26:12.618614 main.go:525: 2:Calling RPC:198.162.52.57:8037
[peer] 01:26:12.618624 main.go:527: 2:RPC called198.162.52.57:8037
[peer] 01:26:12.619598 main.go:534: 2:Announced myself to a fellow peer at port. Got lastest chain
[peer] 01:26:12.619611 main.go:541: Chain length received:7
[peer] 01:26:12.619620 main.go:542: My chain length:7
[peer] 01:26:12.619651 main.go:492: 2:Calling {198.162.52.57 %!s(int=8038) }
[peer] 01:26:12.619660 main.go:511: 2:Inside callRegisterRPC
[peer] 01:26:12.619668 main.go:516: 2Making RPC call
[peer] 01:26:12.620119 main.go:522: 2RPC dial successful
[peer] 01:26:12.620130 main.go:525: 2:Calling RPC:198.162.52.57:8038
[peer] 01:26:12.620140 main.go:527: 2:RPC called198.162.52.57:8038
[peer] 01:26:12.621144 main.go:534: 2:Announced myself to a fellow peer at port. Got lastest chain
[peer] 01:26:12.621155 main.go:541: Chain length received:7
[peer] 01:26:12.621160 main.go:542: My chain length:7
[peer] 01:26:12.621183 main.go:492: 2:Calling {198.162.52.57 %!s(int=8039) }
[peer] 01:26:12.621192 main.go:511: 2:Inside callRegisterRPC
[peer] 01:26:12.621197 main.go:516: 2Making RPC call
[peer] 01:26:12.621682 main.go:522: 2RPC dial successful
[peer] 01:26:12.621696 main.go:525: 2:Calling RPC:198.162.52.57:8039
[peer] 01:26:12.621705 main.go:527: 2:RPC called198.162.52.57:8039
[peer] 01:26:12.622251 main.go:633: 2:Accepted new Connection
[peer] 01:26:12.622459 main.go:213: 2:Registering peer:198.162.52.126:8015
[peer] 01:26:12.622471 main.go:223: Advertising chain to peer with length 7
[peer] 01:26:12.622730 main.go:534: 2:Announced myself to a fellow peer at port. Got lastest chain
[peer] 01:26:12.622741 main.go:541: Chain length received:7
[peer] 01:26:12.622746 main.go:542: My chain length:7
[peer] 01:26:12.622768 main.go:502: 2:Bootstrapped Network. Calling signal
[peer] 01:26:12.622779 main.go:504: 2:Bootstrapped Network. Signal called
[peer] 01:26:12.622788 main.go:588: 2:Acquiring bool lock
[peer] 01:26:12.622793 main.go:590: 2:Acquired bool lock
[peer] 01:26:12.623884 main.go:609: 2:I am not verifier IterationCount:6
[peer] 01:26:12.623895 main.go:614: 2:Bool lock released
[peer] 01:26:12.623900 main.go:824: 2:Computing Update
[peer] 01:26:12.624221 main.go:270: 2 : VRF returned ID map[31:{}]
[peer] 01:26:12.624235 main.go:280: 2 :Verifiers [198.162.52.57:8031] returned.
[peer] 01:26:12.624531 main.go:869: 2:Making RPC Call to Verifier. Sending Update, Iteration:6
[peer] 01:26:12.625937 main.go:876: 2:Update sent successfully
[peer] 01:26:12.632860 main.go:633: 2:Accepted new Connection
[peer] 01:26:12.633059 main.go:213: 2:Registering peer:198.162.52.126:8004
[peer] 01:26:12.633071 main.go:223: Advertising chain to peer with length 7
[peer] 01:26:12.641688 main.go:633: 2:Accepted new Connection
[peer] 01:26:12.641847 main.go:213: 2:Registering peer:198.162.52.126:8016
[peer] 01:26:12.641857 main.go:223: Advertising chain to peer with length 7
[peer] 01:26:12.686109 main.go:633: 2:Accepted new Connection
[peer] 01:26:12.782206 main.go:130: 2:Got block message, iteration 6
[peer] 01:26:12.782229 main.go:137: 2:Acquiring bool lock
[peer] 01:26:12.782236 main.go:139: 2:Acquired bool lock
[peer] 01:26:12.782243 main.go:140: Chain Length:7
[peer] 01:26:12.782250 blockchain.go:71: Returning nil
[peer] 01:26:12.782256 main.go:142: Chain Length:7
[peer] 01:26:12.782263 main.go:187: 2:Sending to channel
[peer] 01:26:12.782272 main.go:193: 2:Sent to channel
[peer] 01:26:12.782280 main.go:195: 2:Returning
[peer] 01:26:12.782413 main.go:777: 2:Adding block to chain
[peer] 01:26:12.782427 honest.go:222: Trying to append block with iteration:6
[peer] 01:26:12.782434 blockchain.go:71: Returning nil
[peer] 01:26:12.782440 honest.go:238: Append successful
[peer] 01:26:12.782448 main.go:781: 2:Adding block to chain
[peer] 01:26:12.782454 main.go:787: 2:Checking convergence
[peer] 01:26:12.783075 main.go:633: 2:Accepted new Connection
[peer] 01:26:12.783105 main.go:633: 2:Accepted new Connection
[peer] 01:26:12.783127 main.go:633: 2:Accepted new Connection
[peer] 01:26:12.783143 main.go:633: 2:Accepted new Connection
[peer] 01:26:12.783158 main.go:633: 2:Accepted new Connection
[peer] 01:26:12.783175 main.go:633: 2:Accepted new Connection
[peer] 01:26:12.783193 main.go:633: 2:Accepted new Connection
[peer] 01:26:12.783209 main.go:633: 2:Accepted new Connection
[peer] 01:26:12.783226 main.go:633: 2:Accepted new Connection
[peer] 01:26:12.783244 main.go:633: 2:Accepted new Connection
[peer] 01:26:12.783260 main.go:633: 2:Accepted new Connection
[peer] 01:26:12.783276 main.go:633: 2:Accepted new Connection
[peer] 01:26:12.783292 main.go:633: 2:Accepted new Connection
[peer] 01:26:12.783308 main.go:633: 2:Accepted new Connection
[peer] 01:26:12.783324 main.go:633: 2:Accepted new Connection
[peer] 01:26:12.783341 main.go:633: 2:Accepted new Connection
[peer] 01:26:12.783357 main.go:633: 2:Accepted new Connection
[peer] 01:26:12.783606 main.go:130: 2:Got block message, iteration 6
[peer] 01:26:12.783625 main.go:137: 2:Acquiring bool lock
[peer] 01:26:12.783823 main.go:130: 2:Got block message, iteration 6
[peer] 01:26:12.783842 main.go:137: 2:Acquiring bool lock
[peer] 01:26:12.784039 main.go:130: 2:Got block message, iteration 6
[peer] 01:26:12.784057 main.go:137: 2:Acquiring bool lock
[peer] 01:26:12.784251 main.go:130: 2:Got block message, iteration 6
[peer] 01:26:12.784269 main.go:137: 2:Acquiring bool lock
[peer] 01:26:12.784488 main.go:130: 2:Got block message, iteration 6
[peer] 01:26:12.784507 main.go:137: 2:Acquiring bool lock
[peer] 01:26:12.784712 main.go:130: 2:Got block message, iteration 6
[peer] 01:26:12.784730 main.go:137: 2:Acquiring bool lock
[peer] 01:26:12.784932 main.go:130: 2:Got block message, iteration 6
[peer] 01:26:12.784950 main.go:137: 2:Acquiring bool lock
[peer] 01:26:12.785201 main.go:130: 2:Got block message, iteration 6
[peer] 01:26:12.785219 main.go:137: 2:Acquiring bool lock
[peer] 01:26:12.785415 main.go:130: 2:Got block message, iteration 6
[peer] 01:26:12.785434 main.go:137: 2:Acquiring bool lock
[peer] 01:26:12.785642 main.go:130: 2:Got block message, iteration 6
[peer] 01:26:12.785661 main.go:137: 2:Acquiring bool lock
[peer] 01:26:12.785858 main.go:130: 2:Got block message, iteration 6
[peer] 01:26:12.785876 main.go:137: 2:Acquiring bool lock
[peer] 01:26:12.786072 main.go:130: 2:Got block message, iteration 6
[peer] 01:26:12.786089 main.go:137: 2:Acquiring bool lock
[peer] 01:26:12.786295 main.go:130: 2:Got block message, iteration 6
[peer] 01:26:12.786313 main.go:137: 2:Acquiring bool lock
[peer] 01:26:12.786510 main.go:130: 2:Got block message, iteration 6
[peer] 01:26:12.786528 main.go:137: 2:Acquiring bool lock
[peer] 01:26:12.786723 main.go:130: 2:Got block message, iteration 6
[peer] 01:26:12.786740 main.go:137: 2:Acquiring bool lock
[peer] 01:26:12.791209 main.go:633: 2:Accepted new Connection
[peer] 01:26:12.791239 main.go:633: 2:Accepted new Connection
[peer] 01:26:12.791290 main.go:955: 2:Block Received. Appending to chain and moving on to the next iteration. 6
[peer] 01:26:12.804301 honest.go:81: 2Train Error is 0.04934 in Iteration 6
[peer] 01:26:12.804321 main.go:790: 2:Convergence checked
[peer] 01:26:12.804330 main.go:793: 2:Bool lock released
[peer] 01:26:12.804363 main.go:664: 2:Sending block. Iteration: 6
[peer] 01:26:12.804482 main.go:139: 2:Acquired bool lock
[peer] 01:26:12.804495 main.go:140: Chain Length:8
[peer] 01:26:12.804502 blockchain.go:68: Returning a block
[peer] 01:26:12.804509 main.go:142: Chain Length:8
[peer] 01:26:12.804516 main.go:147: Already have block
[peer] 01:26:12.804525 main.go:152: 2:Bool lock released
[peer] 01:26:12.804531 blockchain.go:68: Returning a block
[peer] 01:26:12.804538 blockchain.go:68: Returning a block
[peer] 01:26:12.804545 main.go:179: 2:Equal block
[peer] 01:26:12.804617 main.go:139: 2:Acquired bool lock
[peer] 01:26:12.804627 main.go:140: Chain Length:8
[peer] 01:26:12.804634 blockchain.go:68: Returning a block
[peer] 01:26:12.804641 main.go:142: Chain Length:8
[peer] 01:26:12.804648 main.go:147: Already have block
[peer] 01:26:12.804655 main.go:152: 2:Bool lock released
[peer] 01:26:12.804662 blockchain.go:68: Returning a block
[peer] 01:26:12.804669 blockchain.go:68: Returning a block
[peer] 01:26:12.804676 main.go:179: 2:Equal block
[peer] 01:26:12.804717 main.go:139: 2:Acquired bool lock
[peer] 01:26:12.804728 main.go:140: Chain Length:8
[peer] 01:26:12.804735 blockchain.go:68: Returning a block
[peer] 01:26:12.804742 main.go:142: Chain Length:8
[peer] 01:26:12.804748 main.go:147: Already have block
[peer] 01:26:12.804756 main.go:152: 2:Bool lock released
[peer] 01:26:12.804763 blockchain.go:68: Returning a block
[peer] 01:26:12.804769 blockchain.go:68: Returning a block
[peer] 01:26:12.804776 main.go:179: 2:Equal block
[peer] 01:26:12.804813 main.go:139: 2:Acquired bool lock
[peer] 01:26:12.804824 main.go:140: Chain Length:8
[peer] 01:26:12.804831 blockchain.go:68: Returning a block
[peer] 01:26:12.804837 main.go:142: Chain Length:8
[peer] 01:26:12.804844 main.go:147: Already have block
[peer] 01:26:12.804852 main.go:152: 2:Bool lock released
[peer] 01:26:12.804859 blockchain.go:68: Returning a block
[peer] 01:26:12.804865 blockchain.go:68: Returning a block
[peer] 01:26:12.804872 main.go:179: 2:Equal block
[peer] 01:26:12.804903 main.go:139: 2:Acquired bool lock
[peer] 01:26:12.804911 main.go:140: Chain Length:8
[peer] 01:26:12.804918 blockchain.go:68: Returning a block
[peer] 01:26:12.804925 main.go:142: Chain Length:8
[peer] 01:26:12.804931 main.go:147: Already have block
[peer] 01:26:12.804939 main.go:152: 2:Bool lock released
[peer] 01:26:12.804946 blockchain.go:68: Returning a block
[peer] 01:26:12.804952 blockchain.go:68: Returning a block
[peer] 01:26:12.804959 main.go:179: 2:Equal block
[peer] 01:26:12.804995 main.go:139: 2:Acquired bool lock
[peer] 01:26:12.805006 main.go:140: Chain Length:8
[peer] 01:26:12.805013 blockchain.go:68: Returning a block
[peer] 01:26:12.805019 main.go:142: Chain Length:8
[peer] 01:26:12.805025 main.go:147: Already have block
[peer] 01:26:12.805033 main.go:152: 2:Bool lock released
[peer] 01:26:12.805040 blockchain.go:68: Returning a block
[peer] 01:26:12.805046 blockchain.go:68: Returning a block
[peer] 01:26:12.805053 main.go:179: 2:Equal block
[peer] 01:26:12.805089 main.go:139: 2:Acquired bool lock
[peer] 01:26:12.805100 main.go:140: Chain Length:8
[peer] 01:26:12.805106 blockchain.go:68: Returning a block
[peer] 01:26:12.805113 main.go:142: Chain Length:8
[peer] 01:26:12.805119 main.go:147: Already have block
[peer] 01:26:12.805127 main.go:152: 2:Bool lock released
[peer] 01:26:12.805134 blockchain.go:68: Returning a block
[peer] 01:26:12.805140 blockchain.go:68: Returning a block
[peer] 01:26:12.805147 main.go:179: 2:Equal block
[peer] 01:26:12.805183 main.go:139: 2:Acquired bool lock
[peer] 01:26:12.805193 main.go:140: Chain Length:8
[peer] 01:26:12.805200 blockchain.go:68: Returning a block
[peer] 01:26:12.805216 main.go:142: Chain Length:8
[peer] 01:26:12.805223 main.go:147: Already have block
[peer] 01:26:12.805231 main.go:152: 2:Bool lock released
[peer] 01:26:12.805237 blockchain.go:68: Returning a block
[peer] 01:26:12.805244 blockchain.go:68: Returning a block
[peer] 01:26:12.805250 main.go:179: 2:Equal block
[peer] 01:26:12.805288 main.go:139: 2:Acquired bool lock
[peer] 01:26:12.805299 main.go:140: Chain Length:8
[peer] 01:26:12.805306 blockchain.go:68: Returning a block
[peer] 01:26:12.805316 main.go:142: Chain Length:8
[peer] 01:26:12.805323 main.go:147: Already have block
[peer] 01:26:12.805331 main.go:152: 2:Bool lock released
[peer] 01:26:12.805337 blockchain.go:68: Returning a block
[peer] 01:26:12.805344 blockchain.go:68: Returning a block
[peer] 01:26:12.805351 main.go:179: 2:Equal block
[peer] 01:26:12.805387 main.go:139: 2:Acquired bool lock
[peer] 01:26:12.805396 main.go:140: Chain Length:8
[peer] 01:26:12.805403 blockchain.go:68: Returning a block
[peer] 01:26:12.805409 main.go:142: Chain Length:8
[peer] 01:26:12.805415 main.go:147: Already have block
[peer] 01:26:12.805424 main.go:152: 2:Bool lock released
[peer] 01:26:12.805430 blockchain.go:68: Returning a block
[peer] 01:26:12.805436 blockchain.go:68: Returning a block
[peer] 01:26:12.805451 main.go:179: 2:Equal block
[peer] 01:26:12.805492 main.go:139: 2:Acquired bool lock
[peer] 01:26:12.805500 main.go:140: Chain Length:8
[peer] 01:26:12.805507 blockchain.go:68: Returning a block
[peer] 01:26:12.805514 main.go:142: Chain Length:8
[peer] 01:26:12.805521 main.go:147: Already have block
[peer] 01:26:12.805529 main.go:152: 2:Bool lock released
[peer] 01:26:12.805535 blockchain.go:68: Returning a block
[peer] 01:26:12.805542 blockchain.go:68: Returning a block
[peer] 01:26:12.805549 main.go:179: 2:Equal block
[peer] 01:26:12.805585 main.go:139: 2:Acquired bool lock
[peer] 01:26:12.805596 main.go:140: Chain Length:8
[peer] 01:26:12.805602 blockchain.go:68: Returning a block
[peer] 01:26:12.805609 main.go:142: Chain Length:8
[peer] 01:26:12.805615 main.go:147: Already have block
[peer] 01:26:12.805623 main.go:152: 2:Bool lock released
[peer] 01:26:12.805630 blockchain.go:68: Returning a block
[peer] 01:26:12.805637 blockchain.go:68: Returning a block
[peer] 01:26:12.805643 main.go:179: 2:Equal block
[peer] 01:26:12.805680 main.go:139: 2:Acquired bool lock
[peer] 01:26:12.805691 main.go:140: Chain Length:8
[peer] 01:26:12.805697 blockchain.go:68: Returning a block
[peer] 01:26:12.805704 main.go:142: Chain Length:8
[peer] 01:26:12.805710 main.go:147: Already have block
[peer] 01:26:12.805718 main.go:152: 2:Bool lock released
[peer] 01:26:12.805725 blockchain.go:68: Returning a block
[peer] 01:26:12.805731 blockchain.go:68: Returning a block
[peer] 01:26:12.805738 main.go:179: 2:Equal block
[peer] 01:26:12.805773 main.go:139: 2:Acquired bool lock
[peer] 01:26:12.805784 main.go:140: Chain Length:8
[peer] 01:26:12.805790 blockchain.go:68: Returning a block
[peer] 01:26:12.805797 main.go:142: Chain Length:8
[peer] 01:26:12.805804 main.go:147: Already have block
[peer] 01:26:12.805812 main.go:152: 2:Bool lock released
[peer] 01:26:12.805818 blockchain.go:68: Returning a block
[peer] 01:26:12.805825 blockchain.go:68: Returning a block
[peer] 01:26:12.805832 main.go:179: 2:Equal block
[peer] 01:26:12.805868 main.go:139: 2:Acquired bool lock
[peer] 01:26:12.805876 main.go:140: Chain Length:8
[peer] 01:26:12.805883 blockchain.go:68: Returning a block
[peer] 01:26:12.805890 main.go:142: Chain Length:8
[peer] 01:26:12.805896 main.go:147: Already have block
[peer] 01:26:12.805903 main.go:152: 2:Bool lock released
[peer] 01:26:12.805910 blockchain.go:68: Returning a block
[peer] 01:26:12.805916 blockchain.go:68: Returning a block
[peer] 01:26:12.805923 main.go:179: 2:Equal block
[peer] 01:26:12.846527 main.go:633: 2:Accepted new Connection
[peer] 01:26:12.846556 main.go:633: 2:Accepted new Connection
[peer] 01:26:12.846575 main.go:633: 2:Accepted new Connection
[peer] 01:26:12.846592 main.go:633: 2:Accepted new Connection
[peer] 01:26:12.846609 main.go:633: 2:Accepted new Connection
[peer] 01:26:12.846662 main.go:729: 2:Block sent to peer successful
[err] 01:26:12.846675 main.go:302: Error in sending block, err = Stale Update/Block
[peer] 01:26:12.846664 main.go:633: 2:Accepted new Connection
[peer] 01:26:12.886552 main.go:633: 2:Accepted new Connection
[peer] 01:26:12.886593 main.go:633: 2:Accepted new Connection
[peer] 01:26:12.886424 main.go:729: 2:Block sent to peer successful
[peer] 01:26:12.886810 main.go:729: 2:Block sent to peer successful
[err] 01:26:12.886833 main.go:302: Error in sending block, err = Stale Update/Block
[peer] 01:26:12.846637 main.go:729: 2:Block sent to peer successful
[peer] 01:26:12.894560 main.go:729: 2:Block sent to peer successful
[err] 01:26:12.894607 main.go:302: Error in sending block, err = Stale Update/Block
[peer] 01:26:12.894714 main.go:729: 2:Block sent to peer successful
[err] 01:26:12.894729 main.go:302: Error in sending block, err = Stale Update/Block
[peer] 01:26:12.894796 main.go:130: 2:Got block message, iteration 6
[peer] 01:26:12.894821 main.go:137: 2:Acquiring bool lock
[peer] 01:26:12.894828 main.go:139: 2:Acquired bool lock
[peer] 01:26:12.894836 main.go:140: Chain Length:8
[peer] 01:26:12.894842 blockchain.go:68: Returning a block
[peer] 01:26:12.894849 main.go:142: Chain Length:8
[peer] 01:26:12.894855 main.go:147: Already have block
[peer] 01:26:12.894864 main.go:152: 2:Bool lock released
[peer] 01:26:12.894887 blockchain.go:68: Returning a block
[peer] 01:26:12.894895 blockchain.go:68: Returning a block
[peer] 01:26:12.894901 main.go:179: 2:Equal block
[peer] 01:26:12.894798 main.go:130: 2:Got block message, iteration 6
[peer] 01:26:12.894943 main.go:137: 2:Acquiring bool lock
[peer] 01:26:12.894950 main.go:139: 2:Acquired bool lock
[peer] 01:26:12.894956 main.go:140: Chain Length:8
[peer] 01:26:12.894962 blockchain.go:68: Returning a block
[peer] 01:26:12.894969 main.go:142: Chain Length:8
[peer] 01:26:12.894975 main.go:147: Already have block
[peer] 01:26:12.895009 main.go:152: 2:Bool lock released
[peer] 01:26:12.895034 blockchain.go:68: Returning a block
[peer] 01:26:12.895059 blockchain.go:68: Returning a block
[peer] 01:26:12.895082 main.go:179: 2:Equal block
[peer] 01:26:12.895148 main.go:729: 2:Block sent to peer successful
[peer] 01:26:12.895151 main.go:130: 2:Got block message, iteration 6
[peer] 01:26:12.895172 main.go:137: 2:Acquiring bool lock
[peer] 01:26:12.895180 main.go:139: 2:Acquired bool lock
[peer] 01:26:12.895187 main.go:140: Chain Length:8
[peer] 01:26:12.895194 blockchain.go:68: Returning a block
[peer] 01:26:12.895201 main.go:142: Chain Length:8
[peer] 01:26:12.895209 main.go:147: Already have block
[peer] 01:26:12.895218 main.go:152: 2:Bool lock released
[peer] 01:26:12.895226 blockchain.go:68: Returning a block
[peer] 01:26:12.895234 blockchain.go:68: Returning a block
[peer] 01:26:12.895241 main.go:179: 2:Equal block
[peer] 01:26:12.895045 main.go:729: 2:Block sent to peer successful
[peer] 01:26:12.895367 main.go:729: 2:Block sent to peer successful
[peer] 01:26:12.895439 main.go:729: 2:Block sent to peer successful
[peer] 01:26:12.895443 main.go:729: 2:Block sent to peer successful
[peer] 01:26:12.895538 main.go:729: 2:Block sent to peer successful
[peer] 01:26:12.895646 main.go:130: 2:Got block message, iteration 6
[peer] 01:26:12.895665 main.go:137: 2:Acquiring bool lock
[peer] 01:26:12.895673 main.go:139: 2:Acquired bool lock
[peer] 01:26:12.895680 main.go:140: Chain Length:8
[peer] 01:26:12.895687 blockchain.go:68: Returning a block
[peer] 01:26:12.895695 main.go:142: Chain Length:8
[peer] 01:26:12.895703 main.go:147: Already have block
[peer] 01:26:12.895712 main.go:152: 2:Bool lock released
[peer] 01:26:12.895720 blockchain.go:68: Returning a block
[peer] 01:26:12.895728 blockchain.go:68: Returning a block
[peer] 01:26:12.895735 main.go:179: 2:Equal block
[peer] 01:26:12.895747 main.go:729: 2:Block sent to peer successful
[peer] 01:26:12.895748 main.go:729: 2:Block sent to peer successful
[err] 01:26:12.894814 main.go:302: Error in sending block, err = Stale Update/Block
[peer] 01:26:12.895654 main.go:729: 2:Block sent to peer successful
[err] 01:26:12.896268 main.go:302: Error in sending block, err = Stale Update/Block
[err] 01:26:12.895162 main.go:302: Error in sending block, err = Stale Update/Block
[peer] 01:26:12.895030 main.go:130: 2:Got block message, iteration 6
[peer] 01:26:12.896341 main.go:137: 2:Acquiring bool lock
[peer] 01:26:12.896349 main.go:139: 2:Acquired bool lock
[peer] 01:26:12.896357 main.go:140: Chain Length:8
[peer] 01:26:12.896364 blockchain.go:68: Returning a block
[peer] 01:26:12.896371 main.go:142: Chain Length:8
[peer] 01:26:12.896375 main.go:147: Already have block
[peer] 01:26:12.896380 main.go:152: 2:Bool lock released
[peer] 01:26:12.896386 blockchain.go:68: Returning a block
[peer] 01:26:12.896392 blockchain.go:68: Returning a block
[peer] 01:26:12.896400 main.go:179: 2:Equal block
[peer] 01:26:12.894972 main.go:130: 2:Got block message, iteration 6
[peer] 01:26:12.896456 main.go:137: 2:Acquiring bool lock
[peer] 01:26:12.896463 main.go:139: 2:Acquired bool lock
[peer] 01:26:12.896470 main.go:140: Chain Length:8
[peer] 01:26:12.896476 blockchain.go:68: Returning a block
[peer] 01:26:12.896483 main.go:142: Chain Length:8
[peer] 01:26:12.896491 main.go:147: Already have block
[peer] 01:26:12.896499 main.go:152: 2:Bool lock released
[peer] 01:26:12.896506 blockchain.go:68: Returning a block
[peer] 01:26:12.896513 blockchain.go:68: Returning a block
[peer] 01:26:12.896520 main.go:179: 2:Equal block
[peer] 01:26:12.895854 main.go:729: 2:Block sent to peer successful
[err] 01:26:12.896571 main.go:302: Error in sending block, err = Stale Update/Block
[err] 01:26:12.895233 main.go:302: Error in sending block, err = Stale Update/Block
[peer] 01:26:12.895980 main.go:130: 2:Got block message, iteration 6
[peer] 01:26:12.896651 main.go:137: 2:Acquiring bool lock
[err] 01:26:12.895411 main.go:302: Error in sending block, err = Stale Update/Block
[err] 01:26:12.895441 main.go:302: Error in sending block, err = Stale Update/Block
[peer] 01:26:12.896659 main.go:139: 2:Acquired bool lock
[peer] 01:26:12.896692 main.go:140: Chain Length:8
[peer] 01:26:12.896703 blockchain.go:68: Returning a block
[peer] 01:26:12.896711 main.go:142: Chain Length:8
[peer] 01:26:12.896719 main.go:147: Already have block
[peer] 01:26:12.896727 main.go:152: 2:Bool lock released
[peer] 01:26:12.896735 blockchain.go:68: Returning a block
[err] 01:26:12.895455 main.go:302: Error in sending block, err = Stale Update/Block
[err] 01:26:12.895461 main.go:302: Error in sending block, err = Stale Update/Block
[err] 01:26:12.895559 main.go:302: Error in sending block, err = Stale Update/Block
[peer] 01:26:12.896742 blockchain.go:68: Returning a block
[err] 01:26:12.895758 main.go:302: Error in sending block, err = Stale Update/Block
[err] 01:26:12.895764 main.go:302: Error in sending block, err = Stale Update/Block
[peer] 01:26:12.896809 main.go:179: 2:Equal block
[peer] 01:26:12.896017 main.go:729: 2:Block sent to peer successful
[err] 01:26:12.896877 main.go:302: Error in sending block, err = Stale Update/Block
[peer] 01:26:12.896025 main.go:130: 2:Got block message, iteration 6
[peer] 01:26:12.896920 main.go:137: 2:Acquiring bool lock
[peer] 01:26:12.896928 main.go:139: 2:Acquired bool lock
[peer] 01:26:12.896936 main.go:140: Chain Length:8
[peer] 01:26:12.896944 blockchain.go:68: Returning a block
[peer] 01:26:12.896951 main.go:142: Chain Length:8
[peer] 01:26:12.896956 main.go:147: Already have block
[peer] 01:26:12.896961 main.go:152: 2:Bool lock released
[peer] 01:26:12.896100 main.go:729: 2:Block sent to peer successful
[err] 01:26:12.896980 main.go:302: Error in sending block, err = Stale Update/Block
[peer] 01:26:12.896965 blockchain.go:68: Returning a block
[peer] 01:26:12.897012 blockchain.go:68: Returning a block
[peer] 01:26:12.897022 main.go:179: 2:Equal block
[peer] 01:26:12.897764 main.go:729: 2:Block sent to peer successful
[err] 01:26:12.897778 main.go:302: Error in sending block, err = Stale Update/Block
[peer] 01:26:12.926012 main.go:130: 2:Got block message, iteration 6
[peer] 01:26:12.926038 main.go:137: 2:Acquiring bool lock
[peer] 01:26:12.926044 main.go:139: 2:Acquired bool lock
[peer] 01:26:12.926049 main.go:140: Chain Length:8
[peer] 01:26:12.926054 blockchain.go:68: Returning a block
[peer] 01:26:12.926058 main.go:142: Chain Length:8
[peer] 01:26:12.926063 main.go:147: Already have block
[peer] 01:26:12.926069 main.go:152: 2:Bool lock released
[peer] 01:26:12.926081 blockchain.go:68: Returning a block
[peer] 01:26:12.926086 blockchain.go:68: Returning a block
[peer] 01:26:12.926091 main.go:179: 2:Equal block
[peer] 01:26:12.933969 main.go:130: 2:Got block message, iteration 6
[peer] 01:26:12.933990 main.go:137: 2:Acquiring bool lock
[peer] 01:26:12.933995 main.go:139: 2:Acquired bool lock
[peer] 01:26:12.933999 main.go:140: Chain Length:8
[peer] 01:26:12.934004 blockchain.go:68: Returning a block
[peer] 01:26:12.934008 main.go:142: Chain Length:8
[peer] 01:26:12.934013 main.go:147: Already have block
[peer] 01:26:12.934018 main.go:152: 2:Bool lock released
[peer] 01:26:12.934023 blockchain.go:68: Returning a block
[peer] 01:26:12.934027 blockchain.go:68: Returning a block
[peer] 01:26:12.934032 main.go:179: 2:Equal block
[peer] 01:26:12.953935 main.go:130: 2:Got block message, iteration 6
[peer] 01:26:12.953953 main.go:137: 2:Acquiring bool lock
[peer] 01:26:12.953958 main.go:139: 2:Acquired bool lock
[peer] 01:26:12.953963 main.go:140: Chain Length:8
[peer] 01:26:12.953968 blockchain.go:68: Returning a block
[peer] 01:26:12.953973 main.go:142: Chain Length:8
[peer] 01:26:12.953977 main.go:147: Already have block
[peer] 01:26:12.953983 main.go:152: 2:Bool lock released
[peer] 01:26:12.953987 blockchain.go:68: Returning a block
[peer] 01:26:12.953992 blockchain.go:68: Returning a block
[peer] 01:26:12.953997 main.go:179: 2:Equal block
[peer] 01:26:12.986419 main.go:633: 2:Accepted new Connection
[peer] 01:26:12.999461 main.go:130: 2:Got block message, iteration 6
[peer] 01:26:12.999480 main.go:137: 2:Acquiring bool lock
[peer] 01:26:12.999486 main.go:139: 2:Acquired bool lock
[peer] 01:26:12.999491 main.go:140: Chain Length:8
[peer] 01:26:12.999497 blockchain.go:68: Returning a block
[peer] 01:26:12.999502 main.go:142: Chain Length:8
[peer] 01:26:12.999507 main.go:147: Already have block
[peer] 01:26:12.999513 main.go:152: 2:Bool lock released
[peer] 01:26:12.999518 blockchain.go:68: Returning a block
[peer] 01:26:12.999531 blockchain.go:68: Returning a block
[peer] 01:26:12.999536 main.go:179: 2:Equal block
[peer] 01:26:13.001403 main.go:130: 2:Got block message, iteration 6
[peer] 01:26:13.001418 main.go:137: 2:Acquiring bool lock
[peer] 01:26:13.001423 main.go:139: 2:Acquired bool lock
[peer] 01:26:13.001428 main.go:140: Chain Length:8
[peer] 01:26:13.001432 blockchain.go:68: Returning a block
[peer] 01:26:13.001436 main.go:142: Chain Length:8
[peer] 01:26:13.001460 main.go:147: Already have block
[peer] 01:26:13.001469 main.go:152: 2:Bool lock released
[peer] 01:26:13.001473 blockchain.go:68: Returning a block
[peer] 01:26:13.001477 blockchain.go:68: Returning a block
[peer] 01:26:13.001482 main.go:179: 2:Equal block
[peer] 01:26:13.010736 main.go:633: 2:Accepted new Connection
[peer] 01:26:13.014728 main.go:633: 2:Accepted new Connection
[peer] 01:26:13.014758 main.go:633: 2:Accepted new Connection
[peer] 01:26:13.015887 main.go:130: 2:Got block message, iteration 6
[peer] 01:26:13.015904 main.go:137: 2:Acquiring bool lock
[peer] 01:26:13.015913 main.go:139: 2:Acquired bool lock
[peer] 01:26:13.015921 main.go:140: Chain Length:8
[peer] 01:26:13.015929 blockchain.go:68: Returning a block
[peer] 01:26:13.015938 main.go:142: Chain Length:8
[peer] 01:26:13.015953 main.go:147: Already have block
[peer] 01:26:13.015964 main.go:152: 2:Bool lock released
[peer] 01:26:13.015972 blockchain.go:68: Returning a block
[peer] 01:26:13.015980 blockchain.go:68: Returning a block
[peer] 01:26:13.015989 main.go:179: 2:Equal block
[peer] 01:26:13.020375 main.go:729: 2:Block sent to peer successful
[err] 01:26:13.020386 main.go:302: Error in sending block, err = Stale Update/Block
[peer] 01:26:13.027461 main.go:729: 2:Block sent to peer successful
[err] 01:26:13.027483 main.go:302: Error in sending block, err = Stale Update/Block
[peer] 01:26:13.028419 main.go:729: 2:Block sent to peer successful
[err] 01:26:13.028433 main.go:302: Error in sending block, err = Stale Update/Block
[peer] 01:26:13.028660 main.go:729: 2:Block sent to peer successful
[err] 01:26:13.028674 main.go:302: Error in sending block, err = Stale Update/Block
[peer] 01:26:13.028783 main.go:729: 2:Block sent to peer successful
[err] 01:26:13.028797 main.go:302: Error in sending block, err = Stale Update/Block
[peer] 01:26:13.028797 main.go:729: 2:Block sent to peer successful
[err] 01:26:13.028834 main.go:302: Error in sending block, err = Stale Update/Block
[peer] 01:26:13.028899 main.go:729: 2:Block sent to peer successful
[err] 01:26:13.028909 main.go:302: Error in sending block, err = Stale Update/Block
[peer] 01:26:13.030983 main.go:729: 2:Block sent to peer successful
[err] 01:26:13.030994 main.go:302: Error in sending block, err = Stale Update/Block
[peer] 01:26:13.031899 main.go:729: 2:Block sent to peer successful
[err] 01:26:13.031909 main.go:302: Error in sending block, err = Stale Update/Block
[peer] 01:26:13.035643 main.go:633: 2:Accepted new Connection
[peer] 01:26:13.041103 main.go:130: 2:Got block message, iteration 6
[peer] 01:26:13.041124 main.go:137: 2:Acquiring bool lock
[peer] 01:26:13.041134 main.go:139: 2:Acquired bool lock
[peer] 01:26:13.041142 main.go:140: Chain Length:8
[peer] 01:26:13.041150 blockchain.go:68: Returning a block
[peer] 01:26:13.041159 main.go:142: Chain Length:8
[peer] 01:26:13.041167 main.go:147: Already have block
[peer] 01:26:13.041173 main.go:152: 2:Bool lock released
[peer] 01:26:13.041186 blockchain.go:68: Returning a block
[peer] 01:26:13.041191 blockchain.go:68: Returning a block
[peer] 01:26:13.041196 main.go:179: 2:Equal block
[peer] 01:26:13.049691 main.go:729: 2:Block sent to peer successful
[err] 01:26:13.049702 main.go:302: Error in sending block, err = Stale Update/Block
[peer] 01:26:13.050063 main.go:633: 2:Accepted new Connection
[peer] 01:26:13.053064 main.go:633: 2:Accepted new Connection
[peer] 01:26:13.063916 main.go:130: 2:Got block message, iteration 6
[peer] 01:26:13.063933 main.go:137: 2:Acquiring bool lock
[peer] 01:26:13.063938 main.go:139: 2:Acquired bool lock
[peer] 01:26:13.063943 main.go:140: Chain Length:8
[peer] 01:26:13.063947 blockchain.go:68: Returning a block
[peer] 01:26:13.063954 main.go:142: Chain Length:8
[peer] 01:26:13.063962 main.go:147: Already have block
[peer] 01:26:13.063967 main.go:152: 2:Bool lock released
[peer] 01:26:13.063972 blockchain.go:68: Returning a block
[peer] 01:26:13.063977 blockchain.go:68: Returning a block
[peer] 01:26:13.063982 main.go:179: 2:Equal block
[peer] 01:26:13.072313 main.go:633: 2:Accepted new Connection
[peer] 01:26:13.072466 main.go:729: 2:Block sent to peer successful
[err] 01:26:13.072478 main.go:302: Error in sending block, err = Stale Update/Block
[peer] 01:26:13.075217 main.go:130: 2:Got block message, iteration 6
[peer] 01:26:13.075232 main.go:137: 2:Acquiring bool lock
[peer] 01:26:13.075237 main.go:139: 2:Acquired bool lock
[peer] 01:26:13.075236 main.go:729: 2:Block sent to peer successful
[err] 01:26:13.075251 main.go:302: Error in sending block, err = Stale Update/Block
[peer] 01:26:13.075241 main.go:140: Chain Length:8
[peer] 01:26:13.075278 blockchain.go:68: Returning a block
[peer] 01:26:13.075288 main.go:142: Chain Length:8
[peer] 01:26:13.075298 main.go:147: Already have block
[peer] 01:26:13.075329 main.go:152: 2:Bool lock released
[peer] 01:26:13.075337 blockchain.go:68: Returning a block
[peer] 01:26:13.075345 blockchain.go:68: Returning a block
[peer] 01:26:13.075353 main.go:179: 2:Equal block
[peer] 01:26:13.077381 main.go:130: 2:Got block message, iteration 6
[peer] 01:26:13.077401 main.go:137: 2:Acquiring bool lock
[peer] 01:26:13.077406 main.go:139: 2:Acquired bool lock
[peer] 01:26:13.077411 main.go:140: Chain Length:8
[peer] 01:26:13.077415 blockchain.go:68: Returning a block
[peer] 01:26:13.077420 main.go:142: Chain Length:8
[peer] 01:26:13.077432 main.go:147: Already have block
[peer] 01:26:13.077438 main.go:152: 2:Bool lock released
[peer] 01:26:13.077467 blockchain.go:68: Returning a block
[peer] 01:26:13.077474 blockchain.go:68: Returning a block
[peer] 01:26:13.077479 main.go:179: 2:Equal block
[peer] 01:26:13.098901 main.go:729: 2:Block sent to peer successful
[err] 01:26:13.098917 main.go:302: Error in sending block, err = Stale Update/Block
[peer] 01:26:13.098984 main.go:729: 2:Block sent to peer successful
[err] 01:26:13.098999 main.go:302: Error in sending block, err = Stale Update/Block
[peer] 01:26:13.099149 main.go:130: 2:Got block message, iteration 6
[peer] 01:26:13.099165 main.go:137: 2:Acquiring bool lock
[peer] 01:26:13.099173 main.go:139: 2:Acquired bool lock
[peer] 01:26:13.099181 main.go:140: Chain Length:8
[peer] 01:26:13.099186 blockchain.go:68: Returning a block
[peer] 01:26:13.099190 main.go:142: Chain Length:8
[peer] 01:26:13.099195 main.go:147: Already have block
[peer] 01:26:13.099200 main.go:152: 2:Bool lock released
[peer] 01:26:13.099204 blockchain.go:68: Returning a block
[peer] 01:26:13.099209 blockchain.go:68: Returning a block
[peer] 01:26:13.099213 main.go:179: 2:Equal block
[peer] 01:26:13.109754 main.go:729: 2:Block sent to peer successful
[err] 01:26:13.110311 main.go:302: Error in sending block, err = Stale Update/Block
[peer] 01:26:13.123903 main.go:130: 2:Got block message, iteration 6
[peer] 01:26:13.123924 main.go:137: 2:Acquiring bool lock
[peer] 01:26:13.123931 main.go:139: 2:Acquired bool lock
[peer] 01:26:13.123938 main.go:140: Chain Length:8
[peer] 01:26:13.123944 blockchain.go:68: Returning a block
[peer] 01:26:13.123951 main.go:142: Chain Length:8
[peer] 01:26:13.123958 main.go:147: Already have block
[peer] 01:26:13.123966 main.go:152: 2:Bool lock released
[peer] 01:26:13.123972 blockchain.go:68: Returning a block
[peer] 01:26:13.123979 blockchain.go:68: Returning a block
[peer] 01:26:13.123985 main.go:179: 2:Equal block
[peer] 01:26:13.128234 main.go:633: 2:Accepted new Connection
[peer] 01:26:13.130651 main.go:130: 2:Got block message, iteration 6
[peer] 01:26:13.130672 main.go:137: 2:Acquiring bool lock
[peer] 01:26:13.130679 main.go:139: 2:Acquired bool lock
[peer] 01:26:13.130686 main.go:140: Chain Length:8
[peer] 01:26:13.130693 blockchain.go:68: Returning a block
[peer] 01:26:13.130700 main.go:142: Chain Length:8
[peer] 01:26:13.130707 main.go:147: Already have block
[peer] 01:26:13.130714 main.go:152: 2:Bool lock released
[peer] 01:26:13.130721 blockchain.go:68: Returning a block
[peer] 01:26:13.130727 blockchain.go:68: Returning a block
[peer] 01:26:13.130734 main.go:179: 2:Equal block
[peer] 01:26:13.138510 main.go:633: 2:Accepted new Connection
[peer] 01:26:13.140456 main.go:729: 2:Block sent to peer successful
[err] 01:26:13.140472 main.go:302: Error in sending block, err = Stale Update/Block
[peer] 01:26:13.148581 main.go:729: 2:Block sent to peer successful
[err] 01:26:13.148594 main.go:302: Error in sending block, err = Stale Update/Block
[peer] 01:26:13.148688 main.go:729: 2:Block sent to peer successful
[err] 01:26:13.148701 main.go:302: Error in sending block, err = Stale Update/Block
[peer] 01:26:13.152649 main.go:633: 2:Accepted new Connection
[peer] 01:26:13.152929 main.go:130: 2:Got block message, iteration 6
[peer] 01:26:13.152953 main.go:137: 2:Acquiring bool lock
[peer] 01:26:13.152963 main.go:139: 2:Acquired bool lock
[peer] 01:26:13.152970 main.go:140: Chain Length:8
[peer] 01:26:13.152978 blockchain.go:68: Returning a block
[peer] 01:26:13.152987 main.go:142: Chain Length:8
[peer] 01:26:13.152994 main.go:147: Already have block
[peer] 01:26:13.153003 main.go:152: 2:Bool lock released
[peer] 01:26:13.153010 blockchain.go:68: Returning a block
[peer] 01:26:13.153017 blockchain.go:68: Returning a block
[peer] 01:26:13.153024 main.go:179: 2:Equal block
[peer] 01:26:13.252547 main.go:130: 2:Got block message, iteration 6
[peer] 01:26:13.252601 main.go:137: 2:Acquiring bool lock
[peer] 01:26:13.252627 main.go:139: 2:Acquired bool lock
[peer] 01:26:13.252821 main.go:140: Chain Length:8
[peer] 01:26:13.252850 blockchain.go:68: Returning a block
[peer] 01:26:13.252876 main.go:142: Chain Length:8
[peer] 01:26:13.252940 main.go:147: Already have block
[peer] 01:26:13.252969 main.go:152: 2:Bool lock released
[peer] 01:26:13.252994 blockchain.go:68: Returning a block
[peer] 01:26:13.253027 blockchain.go:68: Returning a block
[peer] 01:26:13.253052 main.go:179: 2:Equal block
[peer] 01:26:13.256613 main.go:729: 2:Block sent to peer successful
[err] 01:26:13.256640 main.go:302: Error in sending block, err = Stale Update/Block
[peer] 01:26:13.311642 main.go:729: 2:Block sent to peer successful
[err] 01:26:13.311660 main.go:302: Error in sending block, err = Stale Update/Block
[peer] 01:26:13.311684 main.go:684: 2:RPC calls successfully returned. Iteration: 6
[peer] 01:26:13.342737 honest.go:81: 2Train Error is 0.04934 in Iteration 6
[peer] 01:26:13.342759 main.go:692: 2:Preparing for next Iteration. Current Iteration: 6
