[peer] 20:04:19.923753 honest.go:156: 5Importing modules...
[peer] 20:04:27.903252 honest.go:192: 5Sucessfully pulled dataset. Features: 25
[peer] 20:04:27.905213 main.go:502: 5:Announcing myself to network
[peer] 20:04:27.905345 main.go:662: 5:Peer started. Receiving on 8005
[peer] 20:04:27.905414 main.go:507: 5:Calling {198.162.52.126 %!s(int=8000) }
[peer] 20:04:27.905423 main.go:526: 5:Inside callRegisterRPC
[peer] 20:04:27.905430 main.go:531: 5Making RPC call
[peer] 20:04:27.905553 main.go:551: 5RPC dial successful
[peer] 20:04:27.905564 main.go:554: 5:Calling RPC:198.162.52.126:8000
[peer] 20:04:27.905573 main.go:556: 5:RPC called198.162.52.126:8000
[peer] 20:04:27.906175 main.go:563: 5:Announced myself to a fellow peer at port. Got latest chain
[peer] 20:04:27.906187 main.go:570: Chain length received:2
[peer] 20:04:27.906195 main.go:571: My chain length:1
[peer] 20:04:27.906201 honest.go:434: Received chain length:2
[peer] 20:04:27.906207 honest.go:435: Appended chain length:2
[peer] 20:04:27.906213 main.go:584: 5Got lastest chain until iteration 0
[peer] 20:04:27.906251 main.go:507: 5:Calling {198.162.52.126 %!s(int=8001) }
[peer] 20:04:27.906260 main.go:526: 5:Inside callRegisterRPC
[peer] 20:04:27.906266 main.go:531: 5Making RPC call
[peer] 20:04:27.906334 main.go:551: 5RPC dial successful
[peer] 20:04:27.906347 main.go:554: 5:Calling RPC:198.162.52.126:8001
[peer] 20:04:27.906356 main.go:556: 5:RPC called198.162.52.126:8001
[peer] 20:04:27.906869 main.go:563: 5:Announced myself to a fellow peer at port. Got latest chain
[peer] 20:04:27.906882 main.go:570: Chain length received:1
[peer] 20:04:27.906889 main.go:571: My chain length:2
[peer] 20:04:27.906925 main.go:507: 5:Calling {198.162.52.126 %!s(int=8002) }
[peer] 20:04:27.906934 main.go:526: 5:Inside callRegisterRPC
[peer] 20:04:27.906945 main.go:531: 5Making RPC call
[peer] 20:04:27.907034 main.go:551: 5RPC dial successful
[peer] 20:04:27.907046 main.go:554: 5:Calling RPC:198.162.52.126:8002
[peer] 20:04:27.907055 main.go:556: 5:RPC called198.162.52.126:8002
[peer] 20:04:27.907555 main.go:563: 5:Announced myself to a fellow peer at port. Got latest chain
[peer] 20:04:27.907567 main.go:570: Chain length received:2
[peer] 20:04:27.907574 main.go:571: My chain length:2
[peer] 20:04:27.907607 main.go:507: 5:Calling {198.162.52.126 %!s(int=8003) }
[peer] 20:04:27.907616 main.go:526: 5:Inside callRegisterRPC
[peer] 20:04:27.907622 main.go:531: 5Making RPC call
[peer] 20:04:27.907681 main.go:551: 5RPC dial successful
[peer] 20:04:27.907691 main.go:554: 5:Calling RPC:198.162.52.126:8003
[peer] 20:04:27.907699 main.go:556: 5:RPC called198.162.52.126:8003
[peer] 20:04:27.908135 main.go:563: 5:Announced myself to a fellow peer at port. Got latest chain
[peer] 20:04:27.908146 main.go:570: Chain length received:1
[peer] 20:04:27.908153 main.go:571: My chain length:2
[peer] 20:04:27.908181 main.go:507: 5:Calling {198.162.52.126 %!s(int=8004) }
[peer] 20:04:27.908189 main.go:526: 5:Inside callRegisterRPC
[peer] 20:04:27.908195 main.go:531: 5Making RPC call
[peer] 20:04:27.908258 main.go:551: 5RPC dial successful
[peer] 20:04:27.908268 main.go:554: 5:Calling RPC:198.162.52.126:8004
[peer] 20:04:27.908285 main.go:556: 5:RPC called198.162.52.126:8004
[peer] 20:04:27.908765 main.go:563: 5:Announced myself to a fellow peer at port. Got latest chain
[peer] 20:04:27.908777 main.go:570: Chain length received:1
[peer] 20:04:27.908784 main.go:571: My chain length:2
[peer] 20:04:27.908812 main.go:507: 5:Calling {198.162.52.126 %!s(int=8006) }
[peer] 20:04:27.908820 main.go:526: 5:Inside callRegisterRPC
[peer] 20:04:27.908827 main.go:531: 5Making RPC call
[peer] 20:04:27.908888 main.go:551: 5RPC dial successful
[peer] 20:04:27.908898 main.go:554: 5:Calling RPC:198.162.52.126:8006
[peer] 20:04:27.908906 main.go:556: 5:RPC called198.162.52.126:8006
[peer] 20:04:27.909325 main.go:563: 5:Announced myself to a fellow peer at port. Got latest chain
[peer] 20:04:27.909336 main.go:570: Chain length received:1
[peer] 20:04:27.909343 main.go:571: My chain length:2
[peer] 20:04:27.909375 main.go:507: 5:Calling {198.162.52.126 %!s(int=8007) }
[peer] 20:04:27.909389 main.go:526: 5:Inside callRegisterRPC
[peer] 20:04:27.909396 main.go:531: 5Making RPC call
[peer] 20:04:27.909454 main.go:551: 5RPC dial successful
[peer] 20:04:27.909468 main.go:554: 5:Calling RPC:198.162.52.126:8007
[peer] 20:04:27.909476 main.go:556: 5:RPC called198.162.52.126:8007
[peer] 20:04:27.909904 main.go:563: 5:Announced myself to a fellow peer at port. Got latest chain
[peer] 20:04:27.909916 main.go:570: Chain length received:1
[peer] 20:04:27.909922 main.go:571: My chain length:2
[peer] 20:04:27.909951 main.go:507: 5:Calling {198.162.52.126 %!s(int=8008) }
[peer] 20:04:27.909959 main.go:526: 5:Inside callRegisterRPC
[peer] 20:04:27.909965 main.go:531: 5Making RPC call
[peer] 20:04:27.910022 main.go:551: 5RPC dial successful
[peer] 20:04:27.910032 main.go:554: 5:Calling RPC:198.162.52.126:8008
[peer] 20:04:27.910039 main.go:556: 5:RPC called198.162.52.126:8008
[peer] 20:04:27.910533 main.go:563: 5:Announced myself to a fellow peer at port. Got latest chain
[peer] 20:04:27.910544 main.go:570: Chain length received:1
[peer] 20:04:27.910552 main.go:571: My chain length:2
[peer] 20:04:27.910580 main.go:507: 5:Calling {198.162.52.126 %!s(int=8009) }
[peer] 20:04:27.910588 main.go:526: 5:Inside callRegisterRPC
[peer] 20:04:27.910594 main.go:531: 5Making RPC call
[peer] 20:04:27.910652 main.go:551: 5RPC dial successful
[peer] 20:04:27.910662 main.go:554: 5:Calling RPC:198.162.52.126:8009
[peer] 20:04:27.910669 main.go:556: 5:RPC called198.162.52.126:8009
[peer] 20:04:27.911146 main.go:563: 5:Announced myself to a fellow peer at port. Got latest chain
[peer] 20:04:27.911158 main.go:570: Chain length received:1
[peer] 20:04:27.911165 main.go:571: My chain length:2
[peer] 20:04:27.911195 main.go:507: 5:Calling {198.162.52.57 %!s(int=8010) }
[peer] 20:04:27.911205 main.go:526: 5:Inside callRegisterRPC
[peer] 20:04:27.911212 main.go:531: 5Making RPC call
[err] 20:04:27.911761 main.go:296: Peer offline.Couldn't connect to peer: 198.162.52.57:8010, err = dial tcp 198.162.52.57:8010: connect: connection refused
[peer] 20:04:27.911779 main.go:507: 5:Calling {198.162.52.57 %!s(int=8011) }
[peer] 20:04:27.911786 main.go:526: 5:Inside callRegisterRPC
[peer] 20:04:27.911792 main.go:531: 5Making RPC call
[err] 20:04:27.912337 main.go:296: Peer offline.Couldn't connect to peer: 198.162.52.57:8011, err = dial tcp 198.162.52.57:8011: connect: connection refused
[peer] 20:04:27.912352 main.go:507: 5:Calling {198.162.52.57 %!s(int=8012) }
[peer] 20:04:27.912359 main.go:526: 5:Inside callRegisterRPC
[peer] 20:04:27.912364 main.go:531: 5Making RPC call
[err] 20:04:27.912993 main.go:296: Peer offline.Couldn't connect to peer: 198.162.52.57:8012, err = dial tcp 198.162.52.57:8012: connect: connection refused
[peer] 20:04:27.913008 main.go:507: 5:Calling {198.162.52.57 %!s(int=8013) }
[peer] 20:04:27.913014 main.go:526: 5:Inside callRegisterRPC
[peer] 20:04:27.913020 main.go:531: 5Making RPC call
[err] 20:04:27.913555 main.go:296: Peer offline.Couldn't connect to peer: 198.162.52.57:8013, err = dial tcp 198.162.52.57:8013: connect: connection refused
[peer] 20:04:27.913571 main.go:507: 5:Calling {198.162.52.57 %!s(int=8014) }
[peer] 20:04:27.913578 main.go:526: 5:Inside callRegisterRPC
[peer] 20:04:27.913584 main.go:531: 5Making RPC call
[err] 20:04:27.914118 main.go:296: Peer offline.Couldn't connect to peer: 198.162.52.57:8014, err = dial tcp 198.162.52.57:8014: connect: connection refused
[peer] 20:04:27.914132 main.go:507: 5:Calling {198.162.52.57 %!s(int=8015) }
[peer] 20:04:27.914138 main.go:526: 5:Inside callRegisterRPC
[peer] 20:04:27.914145 main.go:531: 5Making RPC call
[err] 20:04:27.914677 main.go:296: Peer offline.Couldn't connect to peer: 198.162.52.57:8015, err = dial tcp 198.162.52.57:8015: connect: connection refused
[peer] 20:04:27.914691 main.go:507: 5:Calling {198.162.52.57 %!s(int=8016) }
[peer] 20:04:27.914697 main.go:526: 5:Inside callRegisterRPC
[peer] 20:04:27.914703 main.go:531: 5Making RPC call
[err] 20:04:27.915239 main.go:296: Peer offline.Couldn't connect to peer: 198.162.52.57:8016, err = dial tcp 198.162.52.57:8016: connect: connection refused
[peer] 20:04:27.915257 main.go:507: 5:Calling {198.162.52.57 %!s(int=8017) }
[peer] 20:04:27.915264 main.go:526: 5:Inside callRegisterRPC
[peer] 20:04:27.915270 main.go:531: 5Making RPC call
[err] 20:04:27.915818 main.go:296: Peer offline.Couldn't connect to peer: 198.162.52.57:8017, err = dial tcp 198.162.52.57:8017: connect: connection refused
[peer] 20:04:27.915832 main.go:507: 5:Calling {198.162.52.57 %!s(int=8018) }
[peer] 20:04:27.915839 main.go:526: 5:Inside callRegisterRPC
[peer] 20:04:27.915850 main.go:531: 5Making RPC call
[err] 20:04:27.916135 main.go:296: Peer offline.Couldn't connect to peer: 198.162.52.57:8018, err = dial tcp 198.162.52.57:8018: connect: connection refused
[peer] 20:04:27.916148 main.go:507: 5:Calling {198.162.52.57 %!s(int=8019) }
[peer] 20:04:27.916154 main.go:526: 5:Inside callRegisterRPC
[peer] 20:04:27.916160 main.go:531: 5Making RPC call
[err] 20:04:27.916700 main.go:296: Peer offline.Couldn't connect to peer: 198.162.52.57:8019, err = dial tcp 198.162.52.57:8019: connect: connection refused
[peer] 20:04:27.916711 main.go:517: 5:Bootstrapped Network. Calling signal
[peer] 20:04:27.916722 main.go:519: 5:Bootstrapped Network. Signal called
[peer] 20:04:27.916731 main.go:628: Moving on to next iteration 1
[peer] 20:04:27.916748 blockchain.go:51: Latest Block Hash is: c2ec7ca41e40c55a35433946c2302814596448c7d3dcc50c6f89da0b0af866bc
[peer] 20:04:27.918272 vrf.go:97: Verifier lottery winner is 10 at 100 
[peer] 20:04:27.918281 vrf.go:113: Miner lottery winner is 14 at 140 
[peer] 20:04:27.918289 vrf.go:113: Miner lottery winner is 10 at 108 
[peer] 20:04:27.918295 vrf.go:129: Noise lottery winner is 1 at 14 
[peer] 20:04:27.918305 main.go:238: Verifiers are [%!s(int=10)]
[peer] 20:04:27.918314 main.go:239: Miners are [%!s(int=14) %!s(int=10)]
[peer] 20:04:27.918321 main.go:240: Noisers are [%!s(int=1)]
[peer] 20:04:27.918328 main.go:643: 5:I am not miner or verifier. Iteration:1
[peer] 20:04:27.918335 main.go:990: 5:Computing Update
[peer] 20:04:27.918734 main.go:997: Sending update to verifiers
[err] 20:04:27.921810 main.go:296: Unable to connect to verifier, err = dial tcp 198.162.52.57:8010: connect: connection refused
[peer] 20:04:27.921825 main.go:1064: GOT VERIFIER ERROR
[peer] 20:04:28.109105 main.go:178: 5:Got block message, iteration 0
[peer] 20:04:28.109215 main.go:776: Trying to acquire lock...
[peer] 20:04:28.260521 main.go:178: 5:Got block message, iteration 0
[peer] 20:04:28.260615 main.go:776: Trying to acquire lock...
[peer] 20:04:28.454576 main.go:178: 5:Got block message, iteration 0
[peer] 20:04:28.454642 main.go:776: Trying to acquire lock...
[peer] 20:04:28.477991 main.go:178: 5:Got block message, iteration 0
[peer] 20:04:28.478061 main.go:776: Trying to acquire lock...
[peer] 20:04:28.553810 main.go:178: 5:Got block message, iteration 0
[peer] 20:04:28.553896 main.go:776: Trying to acquire lock...
[peer] 20:04:28.597814 main.go:178: 5:Got block message, iteration 0
[peer] 20:04:28.597894 main.go:776: Trying to acquire lock...
[peer] 20:04:28.739088 main.go:178: 5:Got block message, iteration 0
[peer] 20:04:28.739176 main.go:776: Trying to acquire lock...
[peer] 20:04:28.921947 main.go:1074: 5:Will try and create an empty block
[peer] 20:04:28.921966 blockchain.go:81: Returning nil
[peer] 20:04:28.922037 main.go:1080: 5:Sending an empty block
[peer] 20:04:28.922054 main.go:990: 5:Computing Update
[peer] 20:04:28.922095 main.go:899: 5:Sending block of iteration: 1
[peer] 20:04:28.922508 main.go:997: Sending update to verifiers
[err] 20:04:28.923203 main.go:296: Unable to connect to verifier, err = dial tcp 198.162.52.57:8010: connect: connection refused
[peer] 20:04:28.923215 main.go:1064: GOT VERIFIER ERROR
[peer] 20:04:28.923703 main.go:946: 5:Block sent to peer successful. Peer: 198.162.52.126:8006 Iteration: 1
[peer] 20:04:28.923775 main.go:946: 5:Block sent to peer successful. Peer: 198.162.52.126:8002 Iteration: 1
[peer] 20:04:28.923858 main.go:946: 5:Block sent to peer successful. Peer: 198.162.52.126:8004 Iteration: 1
[peer] 20:04:28.924087 main.go:946: 5:Block sent to peer successful. Peer: 198.162.52.126:8009 Iteration: 1
[peer] 20:04:28.924224 main.go:946: 5:Block sent to peer successful. Peer: 198.162.52.126:8003 Iteration: 1
[peer] 20:04:28.924238 main.go:946: 5:Block sent to peer successful. Peer: 198.162.52.126:8000 Iteration: 1
[peer] 20:04:28.924264 main.go:946: 5:Block sent to peer successful. Peer: 198.162.52.126:8007 Iteration: 1
[peer] 20:04:28.924348 main.go:946: 5:Block sent to peer successful. Peer: 198.162.52.126:8008 Iteration: 1
[peer] 20:04:28.924402 main.go:946: 5:Block sent to peer successful. Peer: 198.162.52.126:8001 Iteration: 1
[peer] 20:04:28.924444 main.go:917: 5:RPC calls successfully returned. Iteration: 1
[peer] 20:04:28.929500 honest.go:130: 5Train Error is 1.00000 in Iteration 1
[peer] 20:04:28.929527 main.go:923: 5:Preparing for next Iteration. Current Iteration: 1
[peer] 20:04:29.111333 main.go:178: 5:Got block message, iteration 1
[peer] 20:04:29.111446 main.go:776: Trying to acquire lock...
[peer] 20:04:29.263207 main.go:178: 5:Got block message, iteration 1
[peer] 20:04:29.263313 main.go:776: Trying to acquire lock...
[peer] 20:04:29.457014 main.go:178: 5:Got block message, iteration 1
[peer] 20:04:29.457100 main.go:776: Trying to acquire lock...
[peer] 20:04:29.480865 main.go:178: 5:Got block message, iteration 1
[peer] 20:04:29.480947 main.go:776: Trying to acquire lock...
[peer] 20:04:29.558174 main.go:178: 5:Got block message, iteration 1
[peer] 20:04:29.558258 main.go:776: Trying to acquire lock...
[peer] 20:04:29.599708 main.go:178: 5:Got block message, iteration 1
[peer] 20:04:29.599792 main.go:776: Trying to acquire lock...
[peer] 20:04:29.742786 main.go:178: 5:Got block message, iteration 1
[peer] 20:04:29.742926 main.go:776: Trying to acquire lock...
[peer] 20:04:29.881006 main.go:178: 5:Got block message, iteration 1
[peer] 20:04:29.881099 main.go:776: Trying to acquire lock...
[peer] 20:04:29.891592 main.go:178: 5:Got block message, iteration 1
[peer] 20:04:29.891673 main.go:776: Trying to acquire lock...
[peer] 20:04:29.923307 main.go:1074: 5:Will try and create an empty block
[peer] 20:04:29.923323 blockchain.go:70: Returning a block
[err] 20:04:29.923332 main.go:296: Iteration: 1, err = Forbidden overwrite of block foiled
[peer] 20:04:29.923352 main.go:779: Got lock, processing block
[peer] 20:04:29.923365 blockchain.go:70: Returning a block
[peer] 20:04:29.923372 main.go:786: Already have block
[peer] 20:04:29.923382 main.go:790: Released bool lock
[peer] 20:04:29.923390 blockchain.go:70: Returning a block
[peer] 20:04:29.923396 blockchain.go:70: Returning a block
[peer] 20:04:29.923403 main.go:818: 5:Equal block
[peer] 20:04:29.923412 main.go:779: Got lock, processing block
[peer] 20:04:29.923418 blockchain.go:70: Returning a block
[peer] 20:04:29.923424 main.go:786: Already have block
[peer] 20:04:29.923432 main.go:790: Released bool lock
[peer] 20:04:29.923438 blockchain.go:70: Returning a block
[peer] 20:04:29.923445 blockchain.go:70: Returning a block
[peer] 20:04:29.923452 main.go:818: 5:Equal block
[peer] 20:04:29.923447 main.go:779: Got lock, processing block
[peer] 20:04:29.923467 blockchain.go:70: Returning a block
[peer] 20:04:29.923473 main.go:786: Already have block
[peer] 20:04:29.923480 main.go:790: Released bool lock
[peer] 20:04:29.923486 blockchain.go:70: Returning a block
[peer] 20:04:29.923492 blockchain.go:70: Returning a block
[peer] 20:04:29.923498 main.go:818: 5:Equal block
[peer] 20:04:29.923506 main.go:779: Got lock, processing block
[peer] 20:04:29.923513 blockchain.go:70: Returning a block
[peer] 20:04:29.923519 main.go:786: Already have block
[peer] 20:04:29.923529 main.go:790: Released bool lock
[peer] 20:04:29.923536 blockchain.go:70: Returning a block
[peer] 20:04:29.923541 blockchain.go:70: Returning a block
[peer] 20:04:29.923548 main.go:818: 5:Equal block
[peer] 20:04:29.923555 main.go:779: Got lock, processing block
[peer] 20:04:29.923561 blockchain.go:70: Returning a block
[peer] 20:04:29.923567 main.go:786: Already have block
[peer] 20:04:29.923586 main.go:790: Released bool lock
[peer] 20:04:29.923593 blockchain.go:70: Returning a block
[peer] 20:04:29.923599 blockchain.go:70: Returning a block
[peer] 20:04:29.923605 main.go:818: 5:Equal block
[peer] 20:04:29.923612 main.go:779: Got lock, processing block
[peer] 20:04:29.923618 blockchain.go:70: Returning a block
[peer] 20:04:29.923624 main.go:786: Already have block
[peer] 20:04:29.923632 main.go:790: Released bool lock
[peer] 20:04:29.923638 blockchain.go:70: Returning a block
[peer] 20:04:29.923643 blockchain.go:70: Returning a block
[peer] 20:04:29.923650 main.go:818: 5:Equal block
[peer] 20:04:29.923658 main.go:779: Got lock, processing block
[peer] 20:04:29.923664 blockchain.go:70: Returning a block
[peer] 20:04:29.923670 main.go:786: Already have block
[peer] 20:04:29.923677 main.go:790: Released bool lock
[peer] 20:04:29.923683 blockchain.go:70: Returning a block
[peer] 20:04:29.923689 blockchain.go:70: Returning a block
[peer] 20:04:29.923695 main.go:818: 5:Equal block
[peer] 20:04:29.923713 main.go:628: Moving on to next iteration 2
[peer] 20:04:29.923779 blockchain.go:51: Latest Block Hash is: 5b53d343914a3c1095fa27fcfff51ac9f10536a6a45c08eaa22f8681a5cbeabc
[peer] 20:04:29.925361 vrf.go:97: Verifier lottery winner is 17 at 179 
[peer] 20:04:29.925374 vrf.go:113: Miner lottery winner is 5 at 59 
[peer] 20:04:29.925381 vrf.go:113: Miner lottery winner is 8 at 83 
[peer] 20:04:29.925389 vrf.go:129: Noise lottery winner is 9 at 97 
[peer] 20:04:29.925402 main.go:238: Verifiers are [%!s(int=17)]
[peer] 20:04:29.925411 main.go:239: Miners are [%!s(int=5) %!s(int=8)]
[peer] 20:04:29.925419 main.go:240: Noisers are [%!s(int=9)]
[peer] 20:04:29.925426 main.go:636: 5:I am miner. Iteration:2
[peer] 20:04:29.925450 main.go:779: Got lock, processing block
[peer] 20:04:29.925464 blockchain.go:70: Returning a block
[peer] 20:04:29.925471 main.go:786: Already have block
[peer] 20:04:29.925479 main.go:790: Released bool lock
[peer] 20:04:29.925485 blockchain.go:70: Returning a block
[peer] 20:04:29.925491 blockchain.go:70: Returning a block
[peer] 20:04:29.925497 main.go:818: 5:Equal block
[peer] 20:04:29.925506 main.go:779: Got lock, processing block
[peer] 20:04:29.925512 blockchain.go:70: Returning a block
[peer] 20:04:29.925518 main.go:786: Already have block
[peer] 20:04:29.925526 main.go:790: Released bool lock
[peer] 20:04:29.925533 blockchain.go:70: Returning a block
[peer] 20:04:29.925539 blockchain.go:70: Returning a block
[peer] 20:04:29.925544 main.go:779: Got lock, processing block
[peer] 20:04:29.925554 blockchain.go:70: Returning a block
[peer] 20:04:29.925561 main.go:786: Already have block
[peer] 20:04:29.925569 main.go:790: Released bool lock
[peer] 20:04:29.925575 blockchain.go:70: Returning a block
[peer] 20:04:29.925581 blockchain.go:70: Returning a block
[peer] 20:04:29.925587 main.go:818: 5:Equal block
[peer] 20:04:29.925596 main.go:779: Got lock, processing block
[peer] 20:04:29.925602 blockchain.go:70: Returning a block
[peer] 20:04:29.925608 main.go:786: Already have block
[peer] 20:04:29.925545 main.go:818: 5:Equal block
[peer] 20:04:29.925615 main.go:790: Released bool lock
[peer] 20:04:29.925628 blockchain.go:70: Returning a block
[peer] 20:04:29.925635 blockchain.go:70: Returning a block
[peer] 20:04:29.925641 main.go:818: 5:Equal block
[peer] 20:04:29.925619 main.go:779: Got lock, processing block
[peer] 20:04:29.925655 blockchain.go:70: Returning a block
[peer] 20:04:29.925661 main.go:786: Already have block
[peer] 20:04:29.925668 main.go:790: Released bool lock
[peer] 20:04:29.925674 blockchain.go:70: Returning a block
[peer] 20:04:29.925681 blockchain.go:70: Returning a block
[peer] 20:04:29.925686 main.go:818: 5:Equal block
[peer] 20:04:29.925694 main.go:779: Got lock, processing block
[peer] 20:04:29.925700 blockchain.go:70: Returning a block
[peer] 20:04:29.925706 main.go:786: Already have block
[peer] 20:04:29.925713 main.go:790: Released bool lock
[peer] 20:04:29.925720 blockchain.go:70: Returning a block
[peer] 20:04:29.925725 blockchain.go:70: Returning a block
[peer] 20:04:29.925737 main.go:818: 5:Equal block
[peer] 20:04:29.925745 main.go:779: Got lock, processing block
[peer] 20:04:29.925751 blockchain.go:70: Returning a block
[peer] 20:04:29.925757 main.go:786: Already have block
[peer] 20:04:29.925764 main.go:790: Released bool lock
[peer] 20:04:29.925770 blockchain.go:70: Returning a block
[peer] 20:04:29.925776 blockchain.go:70: Returning a block
[peer] 20:04:29.925782 main.go:818: 5:Equal block
[peer] 20:04:29.925790 main.go:779: Got lock, processing block
[peer] 20:04:29.925795 blockchain.go:70: Returning a block
[peer] 20:04:29.925802 main.go:786: Already have block
[peer] 20:04:29.925809 main.go:790: Released bool lock
[peer] 20:04:29.925815 blockchain.go:70: Returning a block
[peer] 20:04:29.925820 blockchain.go:70: Returning a block
[peer] 20:04:29.925826 main.go:818: 5:Equal block
[peer] 20:04:29.925835 main.go:779: Got lock, processing block
[peer] 20:04:29.925841 blockchain.go:70: Returning a block
[peer] 20:04:29.925847 main.go:786: Already have block
[peer] 20:04:29.925854 main.go:790: Released bool lock
[peer] 20:04:29.925860 blockchain.go:70: Returning a block
[peer] 20:04:29.925866 blockchain.go:70: Returning a block
[peer] 20:04:29.925872 main.go:818: 5:Equal block
[peer] 20:04:31.899106 main.go:178: 5:Got block message, iteration 2
[peer] 20:04:31.899275 main.go:776: Trying to acquire lock...
[peer] 20:04:31.899307 main.go:779: Got lock, processing block
[peer] 20:04:31.899323 blockchain.go:81: Returning nil
[peer] 20:04:31.899359 main.go:868: 5:Adding block for 2, I am at 2
[peer] 20:04:31.899389 honest.go:303: Trying to append block with iteration:2
[peer] 20:04:31.899405 blockchain.go:81: Returning nil
[peer] 20:04:31.899421 honest.go:319: Append successful
[peer] 20:04:31.899453 main.go:899: 5:Sending block of iteration: 2
[peer] 20:04:31.901470 main.go:178: 5:Got block message, iteration 2
[peer] 20:04:31.901534 main.go:946: 5:Block sent to peer successful. Peer: 198.162.52.126:8003 Iteration: 2
[peer] 20:04:31.901607 main.go:776: Trying to acquire lock...
[peer] 20:04:31.901635 main.go:779: Got lock, processing block
[peer] 20:04:31.901650 blockchain.go:70: Returning a block
[peer] 20:04:31.901664 main.go:786: Already have block
[peer] 20:04:31.901680 main.go:790: Released bool lock
[peer] 20:04:31.901695 blockchain.go:70: Returning a block
[peer] 20:04:31.901709 blockchain.go:70: Returning a block
[peer] 20:04:31.901724 main.go:818: 5:Equal block
[peer] 20:04:31.902025 main.go:946: 5:Block sent to peer successful. Peer: 198.162.52.126:8009 Iteration: 2
[peer] 20:04:31.902025 main.go:946: 5:Block sent to peer successful. Peer: 198.162.52.126:8002 Iteration: 2
[peer] 20:04:31.902116 main.go:946: 5:Block sent to peer successful. Peer: 198.162.52.126:8006 Iteration: 2
[peer] 20:04:31.902033 main.go:946: 5:Block sent to peer successful. Peer: 198.162.52.126:8007 Iteration: 2
[peer] 20:04:31.902371 main.go:946: 5:Block sent to peer successful. Peer: 198.162.52.126:8000 Iteration: 2
[peer] 20:04:31.902897 main.go:946: 5:Block sent to peer successful. Peer: 198.162.52.126:8004 Iteration: 2
[peer] 20:04:31.903785 main.go:946: 5:Block sent to peer successful. Peer: 198.162.52.126:8008 Iteration: 2
[peer] 20:04:31.904232 main.go:946: 5:Block sent to peer successful. Peer: 198.162.52.126:8001 Iteration: 2
[peer] 20:04:31.904282 main.go:917: 5:RPC calls successfully returned. Iteration: 2
[peer] 20:04:31.905670 honest.go:130: 5Train Error is 1.00000 in Iteration 2
[peer] 20:04:31.905697 main.go:923: 5:Preparing for next Iteration. Current Iteration: 2
[peer] 20:04:31.905706 main.go:628: Moving on to next iteration 3
[peer] 20:04:31.905746 blockchain.go:51: Latest Block Hash is: 338744069f09320cf329736e7865b8a986cf826ec4f21487bf76cd1742c85b38
[peer] 20:04:31.907778 vrf.go:97: Verifier lottery winner is 19 at 191 
[peer] 20:04:31.907792 vrf.go:113: Miner lottery winner is 2 at 28 
[peer] 20:04:31.907801 vrf.go:113: Miner lottery winner is 1 at 14 
[peer] 20:04:31.907811 vrf.go:129: Noise lottery winner is 9 at 95 
[peer] 20:04:31.907839 main.go:238: Verifiers are [%!s(int=19)]
[peer] 20:04:31.907851 main.go:239: Miners are [%!s(int=2) %!s(int=1)]
[peer] 20:04:31.907860 main.go:240: Noisers are [%!s(int=9)]
[peer] 20:04:31.907870 main.go:643: 5:I am not miner or verifier. Iteration:3
[peer] 20:04:31.928584 main.go:990: 5:Computing Update
[peer] 20:04:31.928983 main.go:997: Sending update to verifiers
[err] 20:04:31.929351 main.go:296: Unable to connect to verifier, err = dial tcp 198.162.52.57:8019: connect: connection refused
[peer] 20:04:31.929361 main.go:1064: GOT VERIFIER ERROR
[peer] 20:04:32.118444 main.go:178: 5:Got block message, iteration 2
[peer] 20:04:32.118545 main.go:776: Trying to acquire lock...
[peer] 20:04:32.270485 main.go:178: 5:Got block message, iteration 2
[peer] 20:04:32.270563 main.go:776: Trying to acquire lock...
[peer] 20:04:32.464669 main.go:178: 5:Got block message, iteration 2
[peer] 20:04:32.464775 main.go:776: Trying to acquire lock...
[peer] 20:04:32.489257 main.go:178: 5:Got block message, iteration 2
[peer] 20:04:32.489337 main.go:776: Trying to acquire lock...
[peer] 20:04:32.570370 main.go:178: 5:Got block message, iteration 2
[peer] 20:04:32.570430 main.go:776: Trying to acquire lock...
[peer] 20:04:32.750640 main.go:178: 5:Got block message, iteration 2
[peer] 20:04:32.750698 main.go:776: Trying to acquire lock...
[peer] 20:04:32.889129 main.go:178: 5:Got block message, iteration 2
[peer] 20:04:32.889229 main.go:776: Trying to acquire lock...
[peer] 20:04:32.929440 main.go:1074: 5:Will try and create an empty block
[peer] 20:04:32.929455 blockchain.go:81: Returning nil
[peer] 20:04:32.929522 main.go:1080: 5:Sending an empty block
[peer] 20:04:32.929535 main.go:990: 5:Computing Update
[peer] 20:04:32.929549 main.go:899: 5:Sending block of iteration: 3
[peer] 20:04:32.929885 main.go:997: Sending update to verifiers
[peer] 20:04:32.930681 main.go:946: 5:Block sent to peer successful. Peer: 198.162.52.126:8008 Iteration: 3
[peer] 20:04:32.930730 main.go:946: 5:Block sent to peer successful. Peer: 198.162.52.126:8000 Iteration: 3
[peer] 20:04:32.930846 main.go:946: 5:Block sent to peer successful. Peer: 198.162.52.126:8006 Iteration: 3
[peer] 20:04:32.932846 main.go:946: 5:Block sent to peer successful. Peer: 198.162.52.126:8009 Iteration: 3
[peer] 20:04:32.932870 main.go:946: 5:Block sent to peer successful. Peer: 198.162.52.126:8001 Iteration: 3
[err] 20:04:32.932901 main.go:296: Unable to connect to verifier, err = dial tcp 198.162.52.57:8019: connect: connection refused
[peer] 20:04:32.932915 main.go:1064: GOT VERIFIER ERROR
[peer] 20:04:32.933149 main.go:946: 5:Block sent to peer successful. Peer: 198.162.52.126:8003 Iteration: 3
[peer] 20:04:32.933265 main.go:946: 5:Block sent to peer successful. Peer: 198.162.52.126:8004 Iteration: 3
[peer] 20:04:32.933372 main.go:946: 5:Block sent to peer successful. Peer: 198.162.52.126:8007 Iteration: 3
[peer] 20:04:32.933491 main.go:946: 5:Block sent to peer successful. Peer: 198.162.52.126:8002 Iteration: 3
[peer] 20:04:32.933531 main.go:917: 5:RPC calls successfully returned. Iteration: 3
[peer] 20:04:32.934600 honest.go:130: 5Train Error is 1.00000 in Iteration 3
[peer] 20:04:32.934624 main.go:923: 5:Preparing for next Iteration. Current Iteration: 3
[peer] 20:04:33.007987 main.go:178: 5:Got block message, iteration 3
[peer] 20:04:33.008072 main.go:776: Trying to acquire lock...
[peer] 20:04:33.120611 main.go:178: 5:Got block message, iteration 3
[peer] 20:04:33.120693 main.go:776: Trying to acquire lock...
[peer] 20:04:33.273815 main.go:178: 5:Got block message, iteration 3
[peer] 20:04:33.273923 main.go:776: Trying to acquire lock...
[peer] 20:04:33.467578 main.go:178: 5:Got block message, iteration 3
[peer] 20:04:33.468064 main.go:776: Trying to acquire lock...
[peer] 20:04:33.493074 main.go:178: 5:Got block message, iteration 3
[peer] 20:04:33.493151 main.go:776: Trying to acquire lock...
[peer] 20:04:33.570734 main.go:178: 5:Got block message, iteration 3
[peer] 20:04:33.570812 main.go:776: Trying to acquire lock...
[peer] 20:04:33.754614 main.go:178: 5:Got block message, iteration 3
[peer] 20:04:33.754698 main.go:776: Trying to acquire lock...
[peer] 20:04:33.893645 main.go:178: 5:Got block message, iteration 3
[peer] 20:04:33.893723 main.go:776: Trying to acquire lock...
[peer] 20:04:33.904166 main.go:178: 5:Got block message, iteration 3
[peer] 20:04:33.904254 main.go:776: Trying to acquire lock...
[peer] 20:04:33.933012 main.go:1074: 5:Will try and create an empty block
[peer] 20:04:33.933027 blockchain.go:70: Returning a block
[err] 20:04:33.933037 main.go:296: Iteration: 3, err = Forbidden overwrite of block foiled
[peer] 20:04:33.933059 main.go:779: Got lock, processing block
[peer] 20:04:33.933067 blockchain.go:70: Returning a block
[peer] 20:04:33.933074 main.go:786: Already have block
[peer] 20:04:33.933082 main.go:790: Released bool lock
[peer] 20:04:33.933089 blockchain.go:70: Returning a block
[peer] 20:04:33.933095 blockchain.go:70: Returning a block
[peer] 20:04:33.933102 main.go:818: 5:Equal block
[peer] 20:04:33.933110 main.go:779: Got lock, processing block
[peer] 20:04:33.933117 blockchain.go:70: Returning a block
[peer] 20:04:33.933123 main.go:786: Already have block
[peer] 20:04:33.933130 main.go:790: Released bool lock
[peer] 20:04:33.933136 blockchain.go:70: Returning a block
[peer] 20:04:33.933143 blockchain.go:70: Returning a block
[peer] 20:04:33.933150 main.go:818: 5:Equal block
[peer] 20:04:33.933158 main.go:779: Got lock, processing block
[peer] 20:04:33.933164 blockchain.go:70: Returning a block
[peer] 20:04:33.933170 main.go:786: Already have block
[peer] 20:04:33.933177 main.go:790: Released bool lock
[peer] 20:04:33.933183 blockchain.go:70: Returning a block
[peer] 20:04:33.933189 blockchain.go:70: Returning a block
[peer] 20:04:33.933195 main.go:818: 5:Equal block
[peer] 20:04:33.933203 main.go:779: Got lock, processing block
[peer] 20:04:33.933209 blockchain.go:70: Returning a block
[peer] 20:04:33.933215 main.go:786: Already have block
[peer] 20:04:33.933223 main.go:790: Released bool lock
[peer] 20:04:33.933230 blockchain.go:70: Returning a block
[peer] 20:04:33.933236 blockchain.go:70: Returning a block
[peer] 20:04:33.933242 main.go:818: 5:Equal block
[peer] 20:04:33.933249 main.go:779: Got lock, processing block
[peer] 20:04:33.933255 blockchain.go:70: Returning a block
[peer] 20:04:33.933261 main.go:786: Already have block
[peer] 20:04:33.933268 main.go:790: Released bool lock
[peer] 20:04:33.933275 blockchain.go:70: Returning a block
[peer] 20:04:33.933281 blockchain.go:70: Returning a block
[peer] 20:04:33.933287 main.go:818: 5:Equal block
[peer] 20:04:33.933295 main.go:779: Got lock, processing block
[peer] 20:04:33.933302 blockchain.go:70: Returning a block
[peer] 20:04:33.933307 main.go:786: Already have block
[peer] 20:04:33.933315 main.go:790: Released bool lock
[peer] 20:04:33.933321 blockchain.go:70: Returning a block
[peer] 20:04:33.933327 blockchain.go:70: Returning a block
[peer] 20:04:33.933333 main.go:818: 5:Equal block
[peer] 20:04:33.933341 main.go:779: Got lock, processing block
[peer] 20:04:33.933347 blockchain.go:70: Returning a block
[peer] 20:04:33.933353 main.go:786: Already have block
[peer] 20:04:33.933360 main.go:790: Released bool lock
[peer] 20:04:33.933367 blockchain.go:70: Returning a block
[peer] 20:04:33.933373 blockchain.go:70: Returning a block
[peer] 20:04:33.933380 main.go:818: 5:Equal block
[peer] 20:04:33.933398 main.go:628: Moving on to next iteration 4
[peer] 20:04:33.933424 blockchain.go:51: Latest Block Hash is: fbf8681661f99974639acc160d1f2e2a3d4d8b58af6f7e6a552daf58d690fb4a
[peer] 20:04:33.934963 vrf.go:97: Verifier lottery winner is 10 at 104 
[peer] 20:04:33.934973 vrf.go:113: Miner lottery winner is 19 at 192 
[peer] 20:04:33.934981 vrf.go:113: Miner lottery winner is 4 at 46 
[peer] 20:04:33.934988 vrf.go:129: Noise lottery winner is 12 at 129 
[peer] 20:04:33.934997 main.go:238: Verifiers are [%!s(int=10)]
[peer] 20:04:33.935006 main.go:239: Miners are [%!s(int=19) %!s(int=4)]
[peer] 20:04:33.935013 main.go:240: Noisers are [%!s(int=12)]
[peer] 20:04:33.935021 main.go:643: 5:I am not miner or verifier. Iteration:4
[peer] 20:04:33.935049 main.go:779: Got lock, processing block
[peer] 20:04:33.935060 blockchain.go:70: Returning a block
[peer] 20:04:33.935067 main.go:786: Already have block
[peer] 20:04:33.935074 main.go:790: Released bool lock
[peer] 20:04:33.935081 blockchain.go:70: Returning a block
[peer] 20:04:33.935087 blockchain.go:70: Returning a block
[peer] 20:04:33.935093 main.go:818: 5:Equal block
[peer] 20:04:33.935104 main.go:779: Got lock, processing block
[peer] 20:04:33.935110 blockchain.go:70: Returning a block
[peer] 20:04:33.935116 main.go:786: Already have block
[peer] 20:04:33.935124 main.go:790: Released bool lock
[peer] 20:04:33.935130 blockchain.go:70: Returning a block
[peer] 20:04:33.935136 blockchain.go:70: Returning a block
[peer] 20:04:33.935142 main.go:818: 5:Equal block
[peer] 20:04:33.935150 main.go:779: Got lock, processing block
[peer] 20:04:33.935156 blockchain.go:70: Returning a block
[peer] 20:04:33.935162 main.go:786: Already have block
[peer] 20:04:33.935170 main.go:790: Released bool lock
[peer] 20:04:33.935176 blockchain.go:70: Returning a block
[peer] 20:04:33.935182 blockchain.go:70: Returning a block
[peer] 20:04:33.935188 main.go:818: 5:Equal block
[peer] 20:04:33.935195 main.go:779: Got lock, processing block
[peer] 20:04:33.935202 blockchain.go:70: Returning a block
[peer] 20:04:33.935208 main.go:786: Already have block
[peer] 20:04:33.935216 main.go:790: Released bool lock
[peer] 20:04:33.935222 blockchain.go:70: Returning a block
[peer] 20:04:33.935228 blockchain.go:70: Returning a block
[peer] 20:04:33.935234 main.go:818: 5:Equal block
[peer] 20:04:33.935242 main.go:779: Got lock, processing block
[peer] 20:04:33.935248 blockchain.go:70: Returning a block
[peer] 20:04:33.935254 main.go:786: Already have block
[peer] 20:04:33.935262 main.go:790: Released bool lock
[peer] 20:04:33.935269 blockchain.go:70: Returning a block
[peer] 20:04:33.935275 blockchain.go:70: Returning a block
[peer] 20:04:33.935281 main.go:818: 5:Equal block
[peer] 20:04:33.935289 main.go:779: Got lock, processing block
[peer] 20:04:33.935295 blockchain.go:70: Returning a block
[peer] 20:04:33.935302 main.go:786: Already have block
[peer] 20:04:33.935309 main.go:790: Released bool lock
[peer] 20:04:33.935315 blockchain.go:70: Returning a block
[peer] 20:04:33.935321 blockchain.go:70: Returning a block
[peer] 20:04:33.935328 main.go:818: 5:Equal block
[peer] 20:04:33.935335 main.go:779: Got lock, processing block
[peer] 20:04:33.935341 blockchain.go:70: Returning a block
[peer] 20:04:33.935347 main.go:786: Already have block
[peer] 20:04:33.935355 main.go:790: Released bool lock
[peer] 20:04:33.935361 blockchain.go:70: Returning a block
[peer] 20:04:33.935367 blockchain.go:70: Returning a block
[peer] 20:04:33.935373 main.go:818: 5:Equal block
[peer] 20:04:33.935381 main.go:779: Got lock, processing block
[peer] 20:04:33.935387 blockchain.go:70: Returning a block
[peer] 20:04:33.935393 main.go:786: Already have block
[peer] 20:04:33.935400 main.go:790: Released bool lock
[peer] 20:04:33.935407 blockchain.go:70: Returning a block
[peer] 20:04:33.935413 blockchain.go:70: Returning a block
[peer] 20:04:33.935419 main.go:818: 5:Equal block
[peer] 20:04:33.935427 main.go:779: Got lock, processing block
[peer] 20:04:33.935434 blockchain.go:70: Returning a block
[peer] 20:04:33.935440 main.go:786: Already have block
[peer] 20:04:33.935447 main.go:790: Released bool lock
[peer] 20:04:33.935453 blockchain.go:70: Returning a block
[peer] 20:04:33.935459 blockchain.go:70: Returning a block
[peer] 20:04:33.935465 main.go:818: 5:Equal block
[peer] 20:04:33.935478 main.go:990: 5:Computing Update
[peer] 20:04:33.935865 main.go:997: Sending update to verifiers
[err] 20:04:33.936212 main.go:296: Unable to connect to verifier, err = dial tcp 198.162.52.57:8010: connect: connection refused
[peer] 20:04:33.936222 main.go:1064: GOT VERIFIER ERROR
[peer] 20:04:34.222098 main.go:178: 5:Got block message, iteration 4
[peer] 20:04:34.222216 main.go:776: Trying to acquire lock...
[peer] 20:04:34.936358 main.go:1074: 5:Will try and create an empty block
[peer] 20:04:34.936402 blockchain.go:81: Returning nil
[peer] 20:04:34.936489 main.go:1080: 5:Sending an empty block
[peer] 20:04:34.936510 main.go:990: 5:Computing Update
[peer] 20:04:34.936577 main.go:899: 5:Sending block of iteration: 4
[peer] 20:04:34.937339 main.go:997: Sending update to verifiers
[err] 20:04:34.937728 main.go:296: Unable to connect to verifier, err = dial tcp 198.162.52.57:8010: connect: connection refused
[peer] 20:04:34.937761 main.go:1064: GOT VERIFIER ERROR
[peer] 20:04:34.937949 main.go:946: 5:Block sent to peer successful. Peer: 198.162.52.126:8000 Iteration: 4
[peer] 20:04:34.938124 main.go:946: 5:Block sent to peer successful. Peer: 198.162.52.126:8008 Iteration: 4
[peer] 20:04:34.938163 main.go:946: 5:Block sent to peer successful. Peer: 198.162.52.126:8001 Iteration: 4
[peer] 20:04:34.938162 main.go:946: 5:Block sent to peer successful. Peer: 198.162.52.126:8002 Iteration: 4
[peer] 20:04:34.938171 main.go:946: 5:Block sent to peer successful. Peer: 198.162.52.126:8004 Iteration: 4
[peer] 20:04:34.938331 main.go:946: 5:Block sent to peer successful. Peer: 198.162.52.126:8003 Iteration: 4
[peer] 20:04:34.938460 main.go:946: 5:Block sent to peer successful. Peer: 198.162.52.126:8006 Iteration: 4
[peer] 20:04:34.938464 main.go:946: 5:Block sent to peer successful. Peer: 198.162.52.126:8009 Iteration: 4
[peer] 20:04:34.938930 main.go:946: 5:Block sent to peer successful. Peer: 198.162.52.126:8007 Iteration: 4
[peer] 20:04:34.938983 main.go:917: 5:RPC calls successfully returned. Iteration: 4
[peer] 20:04:34.940444 honest.go:130: 5Train Error is 1.00000 in Iteration 4
[peer] 20:04:34.940476 main.go:923: 5:Preparing for next Iteration. Current Iteration: 4
[peer] 20:04:35.008515 main.go:178: 5:Got block message, iteration 4
[peer] 20:04:35.008590 main.go:776: Trying to acquire lock...
[peer] 20:04:35.016695 main.go:178: 5:Got block message, iteration 4
[peer] 20:04:35.016766 main.go:776: Trying to acquire lock...
[peer] 20:04:35.183034 main.go:200: 5:Registering peer:198.162.52.57:8012
[peer] 20:04:35.183054 main.go:211: Advertising chain to peer with length 6
[peer] 20:04:35.213708 main.go:200: 5:Registering peer:198.162.52.57:8014
[peer] 20:04:35.213739 main.go:211: Advertising chain to peer with length 6
[peer] 20:04:35.223562 main.go:200: 5:Registering peer:198.162.52.57:8013
[peer] 20:04:35.223573 main.go:211: Advertising chain to peer with length 6
[peer] 20:04:35.277600 main.go:178: 5:Got block message, iteration 4
[peer] 20:04:35.277672 main.go:776: Trying to acquire lock...
[peer] 20:04:35.290198 main.go:200: 5:Registering peer:198.162.52.57:8010
[peer] 20:04:35.290214 main.go:211: Advertising chain to peer with length 6
[peer] 20:04:35.334753 main.go:200: 5:Registering peer:198.162.52.57:8011
[peer] 20:04:35.334773 main.go:211: Advertising chain to peer with length 6
[peer] 20:04:35.388926 main.go:200: 5:Registering peer:198.162.52.57:8017
[peer] 20:04:35.388951 main.go:211: Advertising chain to peer with length 6
[peer] 20:04:35.394557 main.go:200: 5:Registering peer:198.162.52.57:8016
[peer] 20:04:35.394585 main.go:211: Advertising chain to peer with length 6
[peer] 20:04:35.440870 main.go:200: 5:Registering peer:198.162.52.57:8018
[peer] 20:04:35.440893 main.go:211: Advertising chain to peer with length 6
[peer] 20:04:35.449382 main.go:200: 5:Registering peer:198.162.52.57:8015
[peer] 20:04:35.449401 main.go:211: Advertising chain to peer with length 6
[peer] 20:04:35.474175 main.go:178: 5:Got block message, iteration 4
[peer] 20:04:35.474355 main.go:776: Trying to acquire lock...
[peer] 20:04:35.500494 main.go:178: 5:Got block message, iteration 4
[peer] 20:04:35.500573 main.go:776: Trying to acquire lock...
[peer] 20:04:35.538139 main.go:200: 5:Registering peer:198.162.52.57:8019
[peer] 20:04:35.538155 main.go:211: Advertising chain to peer with length 6
[peer] 20:04:35.575790 main.go:178: 5:Got block message, iteration 4
[peer] 20:04:35.575866 main.go:776: Trying to acquire lock...
[peer] 20:04:35.758966 main.go:178: 5:Got block message, iteration 4
[peer] 20:04:35.759072 main.go:776: Trying to acquire lock...
[peer] 20:04:35.898190 main.go:178: 5:Got block message, iteration 4
[peer] 20:04:35.898274 main.go:776: Trying to acquire lock...
[peer] 20:04:35.937876 main.go:1074: 5:Will try and create an empty block
[peer] 20:04:35.937897 blockchain.go:70: Returning a block
[err] 20:04:35.937907 main.go:296: Iteration: 4, err = Forbidden overwrite of block foiled
[peer] 20:04:35.937927 main.go:779: Got lock, processing block
[peer] 20:04:35.937939 blockchain.go:70: Returning a block
[peer] 20:04:35.937946 main.go:786: Already have block
[peer] 20:04:35.937954 main.go:790: Released bool lock
[peer] 20:04:35.937960 blockchain.go:70: Returning a block
[peer] 20:04:35.937966 blockchain.go:70: Returning a block
[peer] 20:04:35.937972 main.go:818: 5:Equal block
[peer] 20:04:35.937988 main.go:628: Moving on to next iteration 5
[peer] 20:04:35.938019 blockchain.go:51: Latest Block Hash is: 80a68a6ecbc9bfb947b6160c42231d1350895abe309bf9ac8c41c03f8d6f58bd
[peer] 20:04:35.939563 vrf.go:97: Verifier lottery winner is 13 at 134 
[peer] 20:04:35.939573 vrf.go:113: Miner lottery winner is 3 at 34 
[peer] 20:04:35.939581 vrf.go:113: Miner lottery winner is 3 at 38 
[peer] 20:04:35.939587 vrf.go:113: Miner lottery winner is 16 at 163 
[peer] 20:04:35.939594 vrf.go:129: Noise lottery winner is 16 at 169 
[peer] 20:04:35.939608 main.go:238: Verifiers are [%!s(int=13)]
[peer] 20:04:35.939616 main.go:239: Miners are [%!s(int=3) %!s(int=16)]
[peer] 20:04:35.939623 main.go:240: Noisers are [%!s(int=16)]
[peer] 20:04:35.939631 main.go:643: 5:I am not miner or verifier. Iteration:5
[peer] 20:04:35.939685 main.go:779: Got lock, processing block
[peer] 20:04:35.939694 blockchain.go:70: Returning a block
[peer] 20:04:35.939700 main.go:786: Already have block
[peer] 20:04:35.939707 main.go:790: Released bool lock
[peer] 20:04:35.939713 blockchain.go:70: Returning a block
[peer] 20:04:35.939719 blockchain.go:70: Returning a block
[peer] 20:04:35.939725 main.go:818: 5:Equal block
[peer] 20:04:35.939733 main.go:779: Got lock, processing block
[peer] 20:04:35.939738 blockchain.go:70: Returning a block
[peer] 20:04:35.939744 main.go:786: Already have block
[peer] 20:04:35.939753 main.go:790: Released bool lock
[peer] 20:04:35.939760 blockchain.go:70: Returning a block
[peer] 20:04:35.939765 blockchain.go:70: Returning a block
[peer] 20:04:35.939771 main.go:818: 5:Equal block
[peer] 20:04:35.939778 main.go:779: Got lock, processing block
[peer] 20:04:35.939784 blockchain.go:70: Returning a block
[peer] 20:04:35.939789 main.go:786: Already have block
[peer] 20:04:35.939796 main.go:790: Released bool lock
[peer] 20:04:35.939802 blockchain.go:70: Returning a block
[peer] 20:04:35.939808 blockchain.go:70: Returning a block
[peer] 20:04:35.939813 main.go:818: 5:Equal block
[peer] 20:04:35.939820 main.go:779: Got lock, processing block
[peer] 20:04:35.939826 blockchain.go:70: Returning a block
[peer] 20:04:35.939831 main.go:786: Already have block
[peer] 20:04:35.939838 main.go:790: Released bool lock
[peer] 20:04:35.939844 blockchain.go:70: Returning a block
[peer] 20:04:35.939850 blockchain.go:70: Returning a block
[peer] 20:04:35.939855 main.go:818: 5:Equal block
[peer] 20:04:35.939863 main.go:779: Got lock, processing block
[peer] 20:04:35.939869 blockchain.go:70: Returning a block
[peer] 20:04:35.939875 main.go:786: Already have block
[peer] 20:04:35.939882 main.go:790: Released bool lock
[peer] 20:04:35.939888 blockchain.go:70: Returning a block
[peer] 20:04:35.939893 blockchain.go:70: Returning a block
[peer] 20:04:35.939899 main.go:818: 5:Equal block
[peer] 20:04:35.939906 main.go:779: Got lock, processing block
[peer] 20:04:35.939912 blockchain.go:70: Returning a block
[peer] 20:04:35.939917 main.go:786: Already have block
[peer] 20:04:35.939924 main.go:790: Released bool lock
[peer] 20:04:35.939930 blockchain.go:70: Returning a block
[peer] 20:04:35.939936 blockchain.go:70: Returning a block
[peer] 20:04:35.939941 main.go:818: 5:Equal block
[peer] 20:04:35.939948 main.go:779: Got lock, processing block
[peer] 20:04:35.939963 blockchain.go:70: Returning a block
[peer] 20:04:35.939969 main.go:786: Already have block
[peer] 20:04:35.939976 main.go:790: Released bool lock
[peer] 20:04:35.939982 blockchain.go:70: Returning a block
[peer] 20:04:35.939987 blockchain.go:70: Returning a block
[peer] 20:04:35.939992 main.go:818: 5:Equal block
[peer] 20:04:35.940000 main.go:779: Got lock, processing block
[peer] 20:04:35.940005 blockchain.go:70: Returning a block
[peer] 20:04:35.940011 main.go:786: Already have block
[peer] 20:04:35.940018 main.go:790: Released bool lock
[peer] 20:04:35.940023 blockchain.go:70: Returning a block
[peer] 20:04:35.940029 blockchain.go:70: Returning a block
[peer] 20:04:35.940035 main.go:818: 5:Equal block
[peer] 20:04:35.940048 main.go:990: 5:Computing Update
[peer] 20:04:35.940440 main.go:997: Sending update to verifiers
[peer] 20:04:35.940800 main.go:1045: 5:Making RPC Call to Verifier. Sending Update, Iteration:5
[peer] 20:04:35.942143 main.go:1052: 5:Update verified. Iteration:5
[peer] 20:04:35.942181 main.go:1005: Sending update to miners
