[peer] 01:19:50.548501 honest.go:105: 13Importing modules...
[peer] 01:19:54.902959 honest.go:118: 13Sucessfully pulled dataset. Features: 25
[peer] 01:19:54.903406 main.go:467: 13:Announcing myself to network
[peer] 01:19:54.903633 main.go:597: 13:Peer started. Receiving on 8013
[peer] 01:19:54.903720 main.go:472: 13:Calling {198.162.52.126 %!s(int=8000) }
[peer] 01:19:54.903733 main.go:491: 13:Inside callRegisterRPC
[peer] 01:19:54.903739 main.go:495: 13Making RPC call
[peer] 01:19:54.904328 main.go:501: 13RPC dial successful
[peer] 01:19:54.904361 main.go:504: 13:Calling RPC:198.162.52.126:8000
[peer] 01:19:54.904371 main.go:506: 13:RPC called198.162.52.126:8000
[peer] 01:19:54.908617 main.go:513: 13:Announced myself to a fellow peer at port. Got lastest chain
[peer] 01:19:54.908686 main.go:472: 13:Calling {198.162.52.126 %!s(int=8001) }
[peer] 01:19:54.908698 main.go:491: 13:Inside callRegisterRPC
[peer] 01:19:54.908721 main.go:495: 13Making RPC call
[err] 01:19:54.909143 main.go:282: Peer offline.Couldn't connect to peer: 198.162.52.126:8001, err = dial tcp 198.162.52.126:8001: connect: connection refused
[peer] 01:19:54.909171 main.go:472: 13:Calling {198.162.52.126 %!s(int=8002) }
[peer] 01:19:54.909178 main.go:491: 13:Inside callRegisterRPC
[peer] 01:19:54.909184 main.go:495: 13Making RPC call
[err] 01:19:54.909651 main.go:282: Peer offline.Couldn't connect to peer: 198.162.52.126:8002, err = dial tcp 198.162.52.126:8002: connect: connection refused
[peer] 01:19:54.909669 main.go:472: 13:Calling {198.162.52.126 %!s(int=8003) }
[peer] 01:19:54.909675 main.go:491: 13:Inside callRegisterRPC
[peer] 01:19:54.909686 main.go:495: 13Making RPC call
[err] 01:19:54.910149 main.go:282: Peer offline.Couldn't connect to peer: 198.162.52.126:8003, err = dial tcp 198.162.52.126:8003: connect: connection refused
[peer] 01:19:54.910166 main.go:472: 13:Calling {198.162.52.126 %!s(int=8004) }
[peer] 01:19:54.910172 main.go:491: 13:Inside callRegisterRPC
[peer] 01:19:54.910182 main.go:495: 13Making RPC call
[err] 01:19:54.910644 main.go:282: Peer offline.Couldn't connect to peer: 198.162.52.126:8004, err = dial tcp 198.162.52.126:8004: connect: connection refused
[peer] 01:19:54.910666 main.go:472: 13:Calling {198.162.52.126 %!s(int=8005) }
[peer] 01:19:54.910673 main.go:491: 13:Inside callRegisterRPC
[peer] 01:19:54.910679 main.go:495: 13Making RPC call
[err] 01:19:54.911138 main.go:282: Peer offline.Couldn't connect to peer: 198.162.52.126:8005, err = dial tcp 198.162.52.126:8005: connect: connection refused
[peer] 01:19:54.911155 main.go:472: 13:Calling {198.162.52.126 %!s(int=8006) }
[peer] 01:19:54.911161 main.go:491: 13:Inside callRegisterRPC
[peer] 01:19:54.911167 main.go:495: 13Making RPC call
[err] 01:19:54.911402 main.go:282: Peer offline.Couldn't connect to peer: 198.162.52.126:8006, err = dial tcp 198.162.52.126:8006: connect: connection refused
[peer] 01:19:54.911419 main.go:472: 13:Calling {198.162.52.126 %!s(int=8007) }
[peer] 01:19:54.911426 main.go:491: 13:Inside callRegisterRPC
[peer] 01:19:54.911432 main.go:495: 13Making RPC call
[err] 01:19:54.911899 main.go:282: Peer offline.Couldn't connect to peer: 198.162.52.126:8007, err = dial tcp 198.162.52.126:8007: connect: connection refused
[peer] 01:19:54.911916 main.go:472: 13:Calling {198.162.52.126 %!s(int=8008) }
[peer] 01:19:54.911923 main.go:491: 13:Inside callRegisterRPC
[peer] 01:19:54.911928 main.go:495: 13Making RPC call
[err] 01:19:54.912386 main.go:282: Peer offline.Couldn't connect to peer: 198.162.52.126:8008, err = dial tcp 198.162.52.126:8008: connect: connection refused
[peer] 01:19:54.912402 main.go:472: 13:Calling {198.162.52.126 %!s(int=8009) }
[peer] 01:19:54.912408 main.go:491: 13:Inside callRegisterRPC
[peer] 01:19:54.912414 main.go:495: 13Making RPC call
[err] 01:19:54.912658 main.go:282: Peer offline.Couldn't connect to peer: 198.162.52.126:8009, err = dial tcp 198.162.52.126:8009: connect: connection refused
[peer] 01:19:54.912677 main.go:472: 13:Calling {198.162.52.57 %!s(int=8010) }
[peer] 01:19:54.912684 main.go:491: 13:Inside callRegisterRPC
[peer] 01:19:54.912699 main.go:495: 13Making RPC call
[err] 01:19:54.912770 main.go:282: Peer offline.Couldn't connect to peer: 198.162.52.57:8010, err = dial tcp 198.162.52.57:8010: connect: connection refused
[peer] 01:19:54.912786 main.go:472: 13:Calling {198.162.52.57 %!s(int=8011) }
[peer] 01:19:54.912792 main.go:491: 13:Inside callRegisterRPC
[peer] 01:19:54.912798 main.go:495: 13Making RPC call
[err] 01:19:54.912858 main.go:282: Peer offline.Couldn't connect to peer: 198.162.52.57:8011, err = dial tcp 198.162.52.57:8011: connect: connection refused
[peer] 01:19:54.912873 main.go:472: 13:Calling {198.162.52.57 %!s(int=8012) }
[peer] 01:19:54.912879 main.go:491: 13:Inside callRegisterRPC
[peer] 01:19:54.912885 main.go:495: 13Making RPC call
[peer] 01:19:54.912984 main.go:501: 13RPC dial successful
[peer] 01:19:54.912997 main.go:504: 13:Calling RPC:198.162.52.57:8012
[peer] 01:19:54.913037 main.go:506: 13:RPC called198.162.52.57:8012
[peer] 01:19:54.913848 main.go:513: 13:Announced myself to a fellow peer at port. Got lastest chain
[peer] 01:19:54.913906 main.go:472: 13:Calling {198.162.52.57 %!s(int=8014) }
[peer] 01:19:54.913917 main.go:491: 13:Inside callRegisterRPC
[peer] 01:19:54.913923 main.go:495: 13Making RPC call
[err] 01:19:54.913992 main.go:282: Peer offline.Couldn't connect to peer: 198.162.52.57:8014, err = dial tcp 198.162.52.57:8014: connect: connection refused
[peer] 01:19:54.914008 main.go:472: 13:Calling {198.162.52.57 %!s(int=8015) }
[peer] 01:19:54.914014 main.go:491: 13:Inside callRegisterRPC
[peer] 01:19:54.914019 main.go:495: 13Making RPC call
[err] 01:19:54.914091 main.go:282: Peer offline.Couldn't connect to peer: 198.162.52.57:8015, err = dial tcp 198.162.52.57:8015: connect: connection refused
[peer] 01:19:54.914106 main.go:472: 13:Calling {198.162.52.57 %!s(int=8016) }
[peer] 01:19:54.914112 main.go:491: 13:Inside callRegisterRPC
[peer] 01:19:54.914118 main.go:495: 13Making RPC call
[err] 01:19:54.914177 main.go:282: Peer offline.Couldn't connect to peer: 198.162.52.57:8016, err = dial tcp 198.162.52.57:8016: connect: connection refused
[peer] 01:19:54.914192 main.go:472: 13:Calling {198.162.52.57 %!s(int=8017) }
[peer] 01:19:54.914198 main.go:491: 13:Inside callRegisterRPC
[peer] 01:19:54.914204 main.go:495: 13Making RPC call
[err] 01:19:54.914268 main.go:282: Peer offline.Couldn't connect to peer: 198.162.52.57:8017, err = dial tcp 198.162.52.57:8017: connect: connection refused
[peer] 01:19:54.914283 main.go:472: 13:Calling {198.162.52.57 %!s(int=8018) }
[peer] 01:19:54.914289 main.go:491: 13:Inside callRegisterRPC
[peer] 01:19:54.914295 main.go:495: 13Making RPC call
[err] 01:19:54.914352 main.go:282: Peer offline.Couldn't connect to peer: 198.162.52.57:8018, err = dial tcp 198.162.52.57:8018: connect: connection refused
[peer] 01:19:54.914367 main.go:472: 13:Calling {198.162.52.57 %!s(int=8019) }
[peer] 01:19:54.914373 main.go:491: 13:Inside callRegisterRPC
[peer] 01:19:54.914379 main.go:495: 13Making RPC call
[peer] 01:19:54.914462 main.go:501: 13RPC dial successful
[peer] 01:19:54.914475 main.go:504: 13:Calling RPC:198.162.52.57:8019
[peer] 01:19:54.914482 main.go:506: 13:RPC called198.162.52.57:8019
[peer] 01:19:54.915642 main.go:513: 13:Announced myself to a fellow peer at port. Got lastest chain
[peer] 01:19:54.915687 main.go:482: 13:Bootstrapped Network. Calling signal
[peer] 01:19:54.915698 main.go:484: 13:Bootstrapped Network. Signal called
[peer] 01:19:54.915705 main.go:556: 13:Acquiring bool lock
[peer] 01:19:54.915710 main.go:558: 13:Acquired bool lock
[peer] 01:19:54.916920 main.go:573: 13:I am verifier. IterationCount:2
[peer] 01:19:54.916934 main.go:582: 13:Bool lock released
[peer] 01:19:54.916948 main.go:880: 13:Starting Update Deadline Timer. Iteration: 2
[peer] 01:19:54.976056 main.go:601: 13:Accepted new Connection
[peer] 01:19:54.976497 main.go:103: 13:Got update message, iteration 2
[peer] 01:19:54.976810 main.go:601: 13:Accepted new Connection
[peer] 01:19:54.977600 main.go:201: 13:Registering peer:198.162.52.57:8016
[peer] 01:19:54.981762 main.go:601: 13:Accepted new Connection
[peer] 01:19:54.982137 main.go:201: 13:Registering peer:198.162.52.57:8015
[peer] 01:19:54.982981 main.go:601: 13:Accepted new Connection
[peer] 01:19:54.984388 main.go:103: 13:Got update message, iteration 2
[peer] 01:19:54.987700 main.go:601: 13:Accepted new Connection
[peer] 01:19:54.987990 main.go:103: 13:Got update message, iteration 2
[peer] 01:19:55.013224 main.go:601: 13:Accepted new Connection
[peer] 01:19:55.013420 main.go:201: 13:Registering peer:198.162.52.57:8011
[peer] 01:19:55.018561 main.go:601: 13:Accepted new Connection
[peer] 01:19:55.019248 main.go:103: 13:Got update message, iteration 2
[peer] 01:19:55.057191 main.go:601: 13:Accepted new Connection
[peer] 01:19:55.057648 main.go:201: 13:Registering peer:198.162.52.57:8010
[peer] 01:19:55.065078 main.go:601: 13:Accepted new Connection
[peer] 01:19:55.065417 main.go:103: 13:Got update message, iteration 2
[peer] 01:19:55.067249 main.go:601: 13:Accepted new Connection
[peer] 01:19:55.067465 main.go:201: 13:Registering peer:198.162.52.57:8018
[peer] 01:19:55.072110 main.go:601: 13:Accepted new Connection
[peer] 01:19:55.072369 main.go:103: 13:Got update message, iteration 2
[peer] 01:19:55.084542 main.go:601: 13:Accepted new Connection
[peer] 01:19:55.084902 main.go:126: 13:Got block message, iteration 1
[peer] 01:19:55.084923 main.go:133: 13:Acquiring bool lock
[peer] 01:19:55.084929 main.go:135: 13:Acquired bool lock
[peer] 01:19:55.084934 main.go:142: 13:Bool lock released
[peer] 01:19:55.084940 main.go:167: 13:Equal block
[peer] 01:19:55.099513 main.go:601: 13:Accepted new Connection
[peer] 01:19:55.099758 main.go:103: 13:Got update message, iteration 2
[peer] 01:19:55.155842 main.go:601: 13:Accepted new Connection
[peer] 01:19:55.156075 main.go:201: 13:Registering peer:198.162.52.57:8017
[peer] 01:19:55.162477 main.go:601: 13:Accepted new Connection
[peer] 01:19:55.162989 main.go:103: 13:Got update message, iteration 2
[peer] 01:19:55.207088 main.go:601: 13:Accepted new Connection
[peer] 01:19:55.207386 main.go:201: 13:Registering peer:198.162.52.57:8014
[peer] 01:19:55.213596 main.go:601: 13:Accepted new Connection
[peer] 01:19:55.213997 main.go:103: 13:Got update message, iteration 2
[peer] 01:20:01.094968 main.go:601: 13:Accepted new Connection
[peer] 01:20:01.095557 main.go:201: 13:Registering peer:198.162.52.126:8007
[peer] 01:20:01.112264 main.go:601: 13:Accepted new Connection
[peer] 01:20:01.112819 main.go:103: 13:Got update message, iteration 2
[peer] 01:20:01.163756 main.go:601: 13:Accepted new Connection
[peer] 01:20:01.164241 main.go:201: 13:Registering peer:198.162.52.126:8009
[peer] 01:20:01.181314 main.go:601: 13:Accepted new Connection
[peer] 01:20:01.181688 main.go:103: 13:Got update message, iteration 2
[peer] 01:20:01.352698 main.go:601: 13:Accepted new Connection
[peer] 01:20:01.353106 main.go:201: 13:Registering peer:198.162.52.126:8001
[peer] 01:20:01.370385 main.go:601: 13:Accepted new Connection
[peer] 01:20:01.370955 main.go:103: 13:Got update message, iteration 2
[peer] 01:20:01.388625 main.go:601: 13:Accepted new Connection
[peer] 01:20:01.389132 main.go:201: 13:Registering peer:198.162.52.126:8008
[peer] 01:20:01.389910 main.go:601: 13:Accepted new Connection
[peer] 01:20:01.390354 main.go:201: 13:Registering peer:198.162.52.126:8003
[peer] 01:20:01.404040 main.go:601: 13:Accepted new Connection
[peer] 01:20:01.404595 main.go:103: 13:Got update message, iteration 2
[peer] 01:20:01.404640 main.go:601: 13:Accepted new Connection
[peer] 01:20:01.405011 main.go:103: 13:Got update message, iteration 2
[peer] 01:20:01.554522 main.go:601: 13:Accepted new Connection
[peer] 01:20:01.555095 main.go:201: 13:Registering peer:198.162.52.126:8004
[peer] 01:20:01.569879 main.go:601: 13:Accepted new Connection
[peer] 01:20:01.570426 main.go:103: 13:Got update message, iteration 2
[peer] 01:20:01.580636 main.go:601: 13:Accepted new Connection
[peer] 01:20:01.581009 main.go:201: 13:Registering peer:198.162.52.126:8006
[peer] 01:20:01.595011 main.go:601: 13:Accepted new Connection
[peer] 01:20:01.595498 main.go:103: 13:Got update message, iteration 2
[peer] 01:20:01.645299 main.go:601: 13:Accepted new Connection
[peer] 01:20:01.645865 main.go:201: 13:Registering peer:198.162.52.126:8002
[peer] 01:20:01.660894 main.go:601: 13:Accepted new Connection
[peer] 01:20:01.661475 main.go:103: 13:Got update message, iteration 2
[peer] 01:20:01.878557 main.go:601: 13:Accepted new Connection
[peer] 01:20:01.879009 main.go:201: 13:Registering peer:198.162.52.126:8005
[peer] 01:20:01.894072 main.go:601: 13:Accepted new Connection
[peer] 01:20:01.894564 main.go:103: 13:Got update message, iteration 2
[peer] 01:20:09.917209 main.go:888: 13:Timeout. Didn't receive expected number of updates. Preparing to send block. Iteration: 2..
[peer] 01:20:09.917266 main.go:894: 13:Acquiring chain lock
[peer] 01:20:09.917286 main.go:896: 13:chain lock acquired
[peer] 01:20:09.918051 main.go:632: 13:Sending block. Iteration: 2
[peer] 01:20:09.926936 main.go:697: 13:Block sent to peer successful
[peer] 01:20:09.927542 main.go:697: 13:Block sent to peer successful
[peer] 01:20:09.927680 main.go:697: 13:Block sent to peer successful
[peer] 01:20:09.927687 main.go:697: 13:Block sent to peer successful
[peer] 01:20:09.928385 main.go:697: 13:Block sent to peer successful
[peer] 01:20:09.928930 main.go:697: 13:Block sent to peer successful
[peer] 01:20:09.929013 main.go:697: 13:Block sent to peer successful
[peer] 01:20:09.929157 main.go:697: 13:Block sent to peer successful
[peer] 01:20:09.929292 main.go:697: 13:Block sent to peer successful
[peer] 01:20:09.929644 main.go:697: 13:Block sent to peer successful
[peer] 01:20:09.929679 main.go:697: 13:Block sent to peer successful
[peer] 01:20:09.929867 main.go:697: 13:Block sent to peer successful
[peer] 01:20:09.929924 main.go:697: 13:Block sent to peer successful
[peer] 01:20:09.929997 main.go:697: 13:Block sent to peer successful
[peer] 01:20:09.930319 main.go:697: 13:Block sent to peer successful
[peer] 01:20:09.930354 main.go:697: 13:Block sent to peer successful
[peer] 01:20:09.932745 main.go:601: 13:Accepted new Connection
[peer] 01:20:09.932984 main.go:697: 13:Block sent to peer successful
[peer] 01:20:09.933061 main.go:697: 13:Block sent to peer successful
[peer] 01:20:09.933200 main.go:126: 13:Got block message, iteration 2
[peer] 01:20:09.933237 main.go:133: 13:Acquiring bool lock
[peer] 01:20:09.933249 main.go:135: 13:Acquired bool lock
[peer] 01:20:09.933260 main.go:142: 13:Bool lock released
[peer] 01:20:09.933271 main.go:167: 13:Equal block
[peer] 01:20:09.935127 main.go:697: 13:Block sent to peer successful
[peer] 01:20:09.935198 main.go:652: 13:RPC calls successfully returned. Iteration: 2
[peer] 01:20:09.984495 main.go:601: 13:Accepted new Connection
[peer] 01:20:09.997090 main.go:126: 13:Got block message, iteration 2
[peer] 01:20:09.997115 main.go:133: 13:Acquiring bool lock
[peer] 01:20:09.997122 main.go:135: 13:Acquired bool lock
[peer] 01:20:09.997130 main.go:142: 13:Bool lock released
[peer] 01:20:09.997137 main.go:167: 13:Equal block
[peer] 01:20:10.020441 main.go:601: 13:Accepted new Connection
[peer] 01:20:10.020684 main.go:126: 13:Got block message, iteration 2
[peer] 01:20:10.020704 main.go:133: 13:Acquiring bool lock
[peer] 01:20:10.020710 main.go:135: 13:Acquired bool lock
[peer] 01:20:10.020717 main.go:142: 13:Bool lock released
[peer] 01:20:10.020723 main.go:167: 13:Equal block
[peer] 01:20:10.034761 honest.go:79: 13Train Error is 0.10405 in Iteration 2
[peer] 01:20:10.034790 main.go:660: 13:Preparing for next Iteration. Current Iteration: 2
[peer] 01:20:10.034797 main.go:556: 13:Acquiring bool lock
[peer] 01:20:10.034803 main.go:558: 13:Acquired bool lock
[peer] 01:20:10.036052 main.go:573: 13:I am verifier. IterationCount:3
[peer] 01:20:10.036074 main.go:582: 13:Bool lock released
[peer] 01:20:10.036103 main.go:880: 13:Starting Update Deadline Timer. Iteration: 3
[peer] 01:20:10.093298 main.go:601: 13:Accepted new Connection
[peer] 01:20:10.100102 main.go:126: 13:Got block message, iteration 2
[peer] 01:20:10.100127 main.go:133: 13:Acquiring bool lock
[peer] 01:20:10.100133 main.go:135: 13:Acquired bool lock
[peer] 01:20:10.100149 main.go:142: 13:Bool lock released
[peer] 01:20:10.100155 main.go:167: 13:Equal block
[peer] 01:20:10.125706 main.go:601: 13:Accepted new Connection
[peer] 01:20:10.139673 main.go:126: 13:Got block message, iteration 2
[peer] 01:20:10.139695 main.go:133: 13:Acquiring bool lock
[peer] 01:20:10.139702 main.go:135: 13:Acquired bool lock
[peer] 01:20:10.139710 main.go:142: 13:Bool lock released
[peer] 01:20:10.139716 main.go:167: 13:Equal block
[peer] 01:20:10.198086 main.go:601: 13:Accepted new Connection
[peer] 01:20:10.241364 main.go:601: 13:Accepted new Connection
[peer] 01:20:10.291539 main.go:601: 13:Accepted new Connection
[peer] 01:20:10.293766 main.go:126: 13:Got block message, iteration 2
[peer] 01:20:10.293788 main.go:133: 13:Acquiring bool lock
[peer] 01:20:10.293794 main.go:135: 13:Acquired bool lock
[peer] 01:20:10.293800 main.go:142: 13:Bool lock released
[peer] 01:20:10.293806 main.go:167: 13:Equal block
[peer] 01:20:10.324344 main.go:126: 13:Got block message, iteration 2
[peer] 01:20:10.324373 main.go:133: 13:Acquiring bool lock
[peer] 01:20:10.324379 main.go:135: 13:Acquired bool lock
[peer] 01:20:10.324385 main.go:142: 13:Bool lock released
[peer] 01:20:10.324390 main.go:167: 13:Equal block
[peer] 01:20:10.347715 main.go:601: 13:Accepted new Connection
[peer] 01:20:10.352829 main.go:126: 13:Got block message, iteration 2
[peer] 01:20:10.352851 main.go:133: 13:Acquiring bool lock
[peer] 01:20:10.352857 main.go:135: 13:Acquired bool lock
[peer] 01:20:10.352863 main.go:142: 13:Bool lock released
[peer] 01:20:10.352868 main.go:167: 13:Equal block
[peer] 01:20:10.389259 main.go:601: 13:Accepted new Connection
[peer] 01:20:10.389772 main.go:103: 13:Got update message, iteration 3
[peer] 01:20:10.395542 main.go:126: 13:Got block message, iteration 2
[peer] 01:20:10.395566 main.go:133: 13:Acquiring bool lock
[peer] 01:20:10.395573 main.go:135: 13:Acquired bool lock
[peer] 01:20:10.395578 main.go:142: 13:Bool lock released
[peer] 01:20:10.395584 main.go:167: 13:Equal block
[peer] 01:20:10.401925 main.go:601: 13:Accepted new Connection
[peer] 01:20:10.402311 main.go:103: 13:Got update message, iteration 3
[peer] 01:20:10.409509 main.go:601: 13:Accepted new Connection
[peer] 01:20:10.410028 main.go:103: 13:Got update message, iteration 3
[peer] 01:20:10.413790 main.go:601: 13:Accepted new Connection
[peer] 01:20:10.414073 main.go:103: 13:Got update message, iteration 3
[peer] 01:20:10.431751 main.go:601: 13:Accepted new Connection
[peer] 01:20:10.432180 main.go:103: 13:Got update message, iteration 3
[peer] 01:20:10.489900 main.go:601: 13:Accepted new Connection
[peer] 01:20:10.490233 main.go:103: 13:Got update message, iteration 3
[peer] 01:20:10.547364 main.go:601: 13:Accepted new Connection
[peer] 01:20:10.547902 main.go:103: 13:Got update message, iteration 3
[peer] 01:20:10.646204 main.go:601: 13:Accepted new Connection
[peer] 01:20:10.646634 main.go:103: 13:Got update message, iteration 3
[peer] 01:20:10.648028 main.go:601: 13:Accepted new Connection
[peer] 01:20:10.648606 main.go:103: 13:Got update message, iteration 3
[peer] 01:20:25.036309 main.go:888: 13:Timeout. Didn't receive expected number of updates. Preparing to send block. Iteration: 3..
[peer] 01:20:25.036363 main.go:894: 13:Acquiring chain lock
[peer] 01:20:25.036378 main.go:896: 13:chain lock acquired
[peer] 01:20:25.036652 main.go:632: 13:Sending block. Iteration: 3
[peer] 01:20:25.081550 main.go:697: 13:Block sent to peer successful
[peer] 01:20:25.082695 main.go:697: 13:Block sent to peer successful
[peer] 01:20:25.082869 main.go:697: 13:Block sent to peer successful
[peer] 01:20:25.083471 main.go:697: 13:Block sent to peer successful
[peer] 01:20:25.083516 main.go:601: 13:Accepted new Connection
[peer] 01:20:25.083572 main.go:601: 13:Accepted new Connection
[peer] 01:20:25.083962 main.go:126: 13:Got block message, iteration 3
[peer] 01:20:25.084005 main.go:133: 13:Acquiring bool lock
[peer] 01:20:25.084018 main.go:135: 13:Acquired bool lock
[peer] 01:20:25.084028 main.go:142: 13:Bool lock released
[peer] 01:20:25.084037 main.go:167: 13:Equal block
[peer] 01:20:25.083993 main.go:126: 13:Got block message, iteration 3
[peer] 01:20:25.084104 main.go:133: 13:Acquiring bool lock
[peer] 01:20:25.084112 main.go:135: 13:Acquired bool lock
[peer] 01:20:25.084121 main.go:142: 13:Bool lock released
[peer] 01:20:25.084130 main.go:167: 13:Equal block
[peer] 01:20:25.125865 main.go:697: 13:Block sent to peer successful
[err] 01:20:25.125888 main.go:282: Error in sending block, err = Stale Update/Block
[peer] 01:20:25.165095 main.go:601: 13:Accepted new Connection
[peer] 01:20:25.165301 main.go:697: 13:Block sent to peer successful
[err] 01:20:25.165316 main.go:282: Error in sending block, err = Stale Update/Block
[peer] 01:20:25.175254 main.go:601: 13:Accepted new Connection
[peer] 01:20:25.175496 main.go:126: 13:Got block message, iteration 3
[peer] 01:20:25.175517 main.go:133: 13:Acquiring bool lock
[peer] 01:20:25.175524 main.go:135: 13:Acquired bool lock
[peer] 01:20:25.175530 main.go:142: 13:Bool lock released
[peer] 01:20:25.175536 main.go:167: 13:Equal block
[peer] 01:20:25.175772 main.go:126: 13:Got block message, iteration 3
[peer] 01:20:25.175808 main.go:133: 13:Acquiring bool lock
[peer] 01:20:25.175830 main.go:135: 13:Acquired bool lock
[peer] 01:20:25.175855 main.go:142: 13:Bool lock released
[peer] 01:20:25.175861 main.go:167: 13:Equal block
[peer] 01:20:25.176005 main.go:697: 13:Block sent to peer successful
[err] 01:20:25.176019 main.go:282: Error in sending block, err = Stale Update/Block
[peer] 01:20:25.180381 main.go:697: 13:Block sent to peer successful
[err] 01:20:25.180395 main.go:282: Error in sending block, err = Stale Update/Block
[peer] 01:20:25.181908 main.go:601: 13:Accepted new Connection
[peer] 01:20:25.185682 main.go:601: 13:Accepted new Connection
[peer] 01:20:25.186121 main.go:126: 13:Got block message, iteration 3
[peer] 01:20:25.186142 main.go:133: 13:Acquiring bool lock
[peer] 01:20:25.186149 main.go:135: 13:Acquired bool lock
[peer] 01:20:25.186155 main.go:142: 13:Bool lock released
[peer] 01:20:25.186161 main.go:167: 13:Equal block
[peer] 01:20:25.192623 main.go:126: 13:Got block message, iteration 3
[peer] 01:20:25.192645 main.go:133: 13:Acquiring bool lock
[peer] 01:20:25.192651 main.go:135: 13:Acquired bool lock
[peer] 01:20:25.192656 main.go:142: 13:Bool lock released
[peer] 01:20:25.192662 main.go:167: 13:Equal block
[peer] 01:20:25.249651 main.go:697: 13:Block sent to peer successful
[err] 01:20:25.249664 main.go:282: Error in sending block, err = Stale Update/Block
[peer] 01:20:25.249716 main.go:601: 13:Accepted new Connection
[peer] 01:20:25.249737 main.go:601: 13:Accepted new Connection
[peer] 01:20:25.249924 main.go:126: 13:Got block message, iteration 3
[peer] 01:20:25.249941 main.go:133: 13:Acquiring bool lock
[peer] 01:20:25.249947 main.go:135: 13:Acquired bool lock
[peer] 01:20:25.249952 main.go:142: 13:Bool lock released
[peer] 01:20:25.249957 main.go:167: 13:Equal block
[peer] 01:20:25.263355 main.go:126: 13:Got block message, iteration 3
[peer] 01:20:25.263376 main.go:133: 13:Acquiring bool lock
[peer] 01:20:25.263381 main.go:135: 13:Acquired bool lock
[peer] 01:20:25.263387 main.go:142: 13:Bool lock released
[peer] 01:20:25.263392 main.go:167: 13:Equal block
[peer] 01:20:25.263468 main.go:601: 13:Accepted new Connection
[peer] 01:20:25.263628 main.go:126: 13:Got block message, iteration 3
[peer] 01:20:25.263645 main.go:133: 13:Acquiring bool lock
[peer] 01:20:25.263651 main.go:135: 13:Acquired bool lock
[peer] 01:20:25.263656 main.go:142: 13:Bool lock released
[peer] 01:20:25.263661 main.go:167: 13:Equal block
[peer] 01:20:35.082305 main.go:652: 13:RPC calls successfully returned. Iteration: 3
[peer] 01:20:35.101924 honest.go:79: 13Train Error is 0.05167 in Iteration 3
[peer] 01:20:35.101949 main.go:660: 13:Preparing for next Iteration. Current Iteration: 3
[peer] 01:20:35.101960 main.go:556: 13:Acquiring bool lock
[peer] 01:20:35.101969 main.go:558: 13:Acquired bool lock
[peer] 01:20:35.103748 main.go:573: 13:I am verifier. IterationCount:4
[peer] 01:20:35.103807 main.go:582: 13:Bool lock released
[peer] 01:20:35.103880 main.go:880: 13:Starting Update Deadline Timer. Iteration: 4
[peer] 01:20:35.139112 main.go:601: 13:Accepted new Connection
[peer] 01:20:35.139646 main.go:103: 13:Got update message, iteration 4
[peer] 01:20:35.150141 main.go:601: 13:Accepted new Connection
[peer] 01:20:35.150629 main.go:103: 13:Got update message, iteration 4
[peer] 01:20:35.208133 main.go:601: 13:Accepted new Connection
[peer] 01:20:35.208372 main.go:103: 13:Got update message, iteration 4
[peer] 01:20:35.279194 main.go:601: 13:Accepted new Connection
[peer] 01:20:35.279509 main.go:103: 13:Got update message, iteration 4
[peer] 01:20:35.309020 main.go:601: 13:Accepted new Connection
[peer] 01:20:35.309444 main.go:103: 13:Got update message, iteration 4
[peer] 01:20:35.323466 main.go:601: 13:Accepted new Connection
[peer] 01:20:35.323843 main.go:103: 13:Got update message, iteration 4
[peer] 01:20:35.370197 main.go:601: 13:Accepted new Connection
[peer] 01:20:35.370289 main.go:601: 13:Accepted new Connection
[peer] 01:20:35.370594 main.go:103: 13:Got update message, iteration 4
[peer] 01:20:35.370795 main.go:103: 13:Got update message, iteration 4
[peer] 01:20:35.493209 main.go:601: 13:Accepted new Connection
[peer] 01:20:35.493617 main.go:103: 13:Got update message, iteration 4
[peer] 01:20:50.104140 main.go:888: 13:Timeout. Didn't receive expected number of updates. Preparing to send block. Iteration: 4..
[peer] 01:20:50.104192 main.go:894: 13:Acquiring chain lock
[peer] 01:20:50.104206 main.go:896: 13:chain lock acquired
[peer] 01:20:50.104533 main.go:632: 13:Sending block. Iteration: 4
[peer] 01:20:50.107752 main.go:697: 13:Block sent to peer successful
[peer] 01:20:50.112355 main.go:601: 13:Accepted new Connection
[peer] 01:20:50.129260 main.go:697: 13:Block sent to peer successful
[peer] 01:20:50.141155 main.go:697: 13:Block sent to peer successful
[peer] 01:20:50.144364 main.go:697: 13:Block sent to peer successful
[peer] 01:20:50.144457 main.go:697: 13:Block sent to peer successful
[peer] 01:20:50.144916 main.go:126: 13:Got block message, iteration 4
[peer] 01:20:50.144952 main.go:133: 13:Acquiring bool lock
[peer] 01:20:50.144973 main.go:135: 13:Acquired bool lock
[peer] 01:20:50.144984 main.go:142: 13:Bool lock released
[peer] 01:20:50.144996 main.go:167: 13:Equal block
[peer] 01:20:50.145242 main.go:697: 13:Block sent to peer successful
[peer] 01:20:50.145376 main.go:697: 13:Block sent to peer successful
[peer] 01:20:50.145448 main.go:601: 13:Accepted new Connection
[peer] 01:20:50.145835 main.go:126: 13:Got block message, iteration 4
[peer] 01:20:50.145867 main.go:133: 13:Acquiring bool lock
[peer] 01:20:50.145878 main.go:135: 13:Acquired bool lock
[peer] 01:20:50.145888 main.go:142: 13:Bool lock released
[peer] 01:20:50.145908 main.go:167: 13:Equal block
[peer] 01:20:50.146016 main.go:697: 13:Block sent to peer successful
[peer] 01:20:50.146020 main.go:697: 13:Block sent to peer successful
[peer] 01:20:50.146134 main.go:652: 13:RPC calls successfully returned. Iteration: 4
[peer] 01:20:50.214476 main.go:601: 13:Accepted new Connection
[peer] 01:20:50.318329 main.go:601: 13:Accepted new Connection
[peer] 01:20:50.318542 main.go:126: 13:Got block message, iteration 4
[peer] 01:20:50.318552 main.go:133: 13:Acquiring bool lock
[peer] 01:20:50.318558 main.go:135: 13:Acquired bool lock
[peer] 01:20:50.318563 main.go:142: 13:Bool lock released
[peer] 01:20:50.318569 main.go:167: 13:Equal block
[peer] 01:20:50.320978 honest.go:79: 13Train Error is 0.04086 in Iteration 4
[peer] 01:20:50.320997 main.go:660: 13:Preparing for next Iteration. Current Iteration: 4
[peer] 01:20:50.321917 main.go:126: 13:Got block message, iteration 4
[peer] 01:20:50.321942 main.go:133: 13:Acquiring bool lock
[peer] 01:20:50.321949 main.go:135: 13:Acquired bool lock
[peer] 01:20:50.321955 main.go:142: 13:Bool lock released
[peer] 01:20:50.321961 main.go:167: 13:Equal block
[peer] 01:20:50.322471 main.go:601: 13:Accepted new Connection
[peer] 01:20:50.324187 main.go:126: 13:Got block message, iteration 4
[peer] 01:20:50.324206 main.go:133: 13:Acquiring bool lock
[peer] 01:20:50.324224 main.go:135: 13:Acquired bool lock
[peer] 01:20:50.324231 main.go:142: 13:Bool lock released
[peer] 01:20:50.324236 main.go:167: 13:Equal block
[peer] 01:20:50.325269 main.go:601: 13:Accepted new Connection
[peer] 01:20:50.325863 main.go:126: 13:Got block message, iteration 4
[peer] 01:20:50.325893 main.go:133: 13:Acquiring bool lock
[peer] 01:20:50.325899 main.go:135: 13:Acquired bool lock
[peer] 01:20:50.325906 main.go:142: 13:Bool lock released
[peer] 01:20:50.325913 main.go:167: 13:Equal block
[peer] 01:20:50.391010 main.go:601: 13:Accepted new Connection
[peer] 01:20:50.391260 main.go:126: 13:Got block message, iteration 4
[peer] 01:20:50.391278 main.go:133: 13:Acquiring bool lock
[peer] 01:20:50.391284 main.go:135: 13:Acquired bool lock
[peer] 01:20:50.391290 main.go:142: 13:Bool lock released
[peer] 01:20:50.391295 main.go:167: 13:Equal block
[peer] 01:20:50.413407 main.go:601: 13:Accepted new Connection
[peer] 01:20:50.414582 main.go:126: 13:Got block message, iteration 4
[peer] 01:20:50.414602 main.go:133: 13:Acquiring bool lock
[peer] 01:20:50.414608 main.go:135: 13:Acquired bool lock
[peer] 01:20:50.414614 main.go:142: 13:Bool lock released
[peer] 01:20:50.414620 main.go:167: 13:Equal block
[peer] 01:20:50.486256 main.go:601: 13:Accepted new Connection
[peer] 01:20:50.486462 main.go:126: 13:Got block message, iteration 4
[peer] 01:20:50.486480 main.go:133: 13:Acquiring bool lock
[peer] 01:20:50.486486 main.go:135: 13:Acquired bool lock
[peer] 01:20:50.486491 main.go:142: 13:Bool lock released
[peer] 01:20:50.486497 main.go:167: 13:Equal block
