[peer] 01:19:50.560653 honest.go:105: 18Importing modules...
[peer] 01:19:55.055230 honest.go:118: 18Sucessfully pulled dataset. Features: 25
[peer] 01:19:55.055960 main.go:467: 18:Announcing myself to network
[peer] 01:19:55.056084 main.go:472: 18:Calling {198.162.52.126 %!s(int=8000) }
[peer] 01:19:55.056101 main.go:491: 18:Inside callRegisterRPC
[peer] 01:19:55.056112 main.go:495: 18Making RPC call
[peer] 01:19:55.056523 main.go:597: 18:Peer started. Receiving on 8018
[peer] 01:19:55.056729 main.go:501: 18RPC dial successful
[peer] 01:19:55.056744 main.go:504: 18:Calling RPC:198.162.52.126:8000
[peer] 01:19:55.056756 main.go:506: 18:RPC called198.162.52.126:8000
[peer] 01:19:55.058921 main.go:513: 18:Announced myself to a fellow peer at port. Got lastest chain
[peer] 01:19:55.059045 main.go:472: 18:Calling {198.162.52.126 %!s(int=8001) }
[peer] 01:19:55.059058 main.go:491: 18:Inside callRegisterRPC
[peer] 01:19:55.059105 main.go:495: 18Making RPC call
[err] 01:19:55.059465 main.go:282: Peer offline.Couldn't connect to peer: 198.162.52.126:8001, err = dial tcp 198.162.52.126:8001: connect: connection refused
[peer] 01:19:55.059541 main.go:472: 18:Calling {198.162.52.126 %!s(int=8002) }
[peer] 01:19:55.059549 main.go:491: 18:Inside callRegisterRPC
[peer] 01:19:55.059555 main.go:495: 18Making RPC call
[err] 01:19:55.060026 main.go:282: Peer offline.Couldn't connect to peer: 198.162.52.126:8002, err = dial tcp 198.162.52.126:8002: connect: connection refused
[peer] 01:19:55.060051 main.go:472: 18:Calling {198.162.52.126 %!s(int=8003) }
[peer] 01:19:55.060058 main.go:491: 18:Inside callRegisterRPC
[peer] 01:19:55.060065 main.go:495: 18Making RPC call
[err] 01:19:55.060545 main.go:282: Peer offline.Couldn't connect to peer: 198.162.52.126:8003, err = dial tcp 198.162.52.126:8003: connect: connection refused
[peer] 01:19:55.060581 main.go:472: 18:Calling {198.162.52.126 %!s(int=8004) }
[peer] 01:19:55.060588 main.go:491: 18:Inside callRegisterRPC
[peer] 01:19:55.060595 main.go:495: 18Making RPC call
[peer] 01:19:55.060661 main.go:601: 18:Accepted new Connection
[peer] 01:19:55.060963 main.go:201: 18:Registering peer:198.162.52.57:8010
[err] 01:19:55.061123 main.go:282: Peer offline.Couldn't connect to peer: 198.162.52.126:8004, err = dial tcp 198.162.52.126:8004: connect: connection refused
[peer] 01:19:55.061174 main.go:472: 18:Calling {198.162.52.126 %!s(int=8005) }
[peer] 01:19:55.061187 main.go:491: 18:Inside callRegisterRPC
[peer] 01:19:55.061215 main.go:495: 18Making RPC call
[err] 01:19:55.061770 main.go:282: Peer offline.Couldn't connect to peer: 198.162.52.126:8005, err = dial tcp 198.162.52.126:8005: connect: connection refused
[peer] 01:19:55.061795 main.go:472: 18:Calling {198.162.52.126 %!s(int=8006) }
[peer] 01:19:55.061803 main.go:491: 18:Inside callRegisterRPC
[peer] 01:19:55.061809 main.go:495: 18Making RPC call
[err] 01:19:55.062322 main.go:282: Peer offline.Couldn't connect to peer: 198.162.52.126:8006, err = dial tcp 198.162.52.126:8006: connect: connection refused
[peer] 01:19:55.062346 main.go:472: 18:Calling {198.162.52.126 %!s(int=8007) }
[peer] 01:19:55.062353 main.go:491: 18:Inside callRegisterRPC
[peer] 01:19:55.062359 main.go:495: 18Making RPC call
[err] 01:19:55.062881 main.go:282: Peer offline.Couldn't connect to peer: 198.162.52.126:8007, err = dial tcp 198.162.52.126:8007: connect: connection refused
[peer] 01:19:55.062905 main.go:472: 18:Calling {198.162.52.126 %!s(int=8008) }
[peer] 01:19:55.062913 main.go:491: 18:Inside callRegisterRPC
[peer] 01:19:55.062919 main.go:495: 18Making RPC call
[err] 01:19:55.063424 main.go:282: Peer offline.Couldn't connect to peer: 198.162.52.126:8008, err = dial tcp 198.162.52.126:8008: connect: connection refused
[peer] 01:19:55.063449 main.go:472: 18:Calling {198.162.52.126 %!s(int=8009) }
[peer] 01:19:55.063456 main.go:491: 18:Inside callRegisterRPC
[peer] 01:19:55.063462 main.go:495: 18Making RPC call
[err] 01:19:55.063954 main.go:282: Peer offline.Couldn't connect to peer: 198.162.52.126:8009, err = dial tcp 198.162.52.126:8009: connect: connection refused
[peer] 01:19:55.063989 main.go:472: 18:Calling {198.162.52.57 %!s(int=8010) }
[peer] 01:19:55.063997 main.go:491: 18:Inside callRegisterRPC
[peer] 01:19:55.064004 main.go:495: 18Making RPC call
[peer] 01:19:55.064188 main.go:501: 18RPC dial successful
[peer] 01:19:55.064210 main.go:504: 18:Calling RPC:198.162.52.57:8010
[peer] 01:19:55.064267 main.go:506: 18:RPC called198.162.52.57:8010
[peer] 01:19:55.065170 main.go:513: 18:Announced myself to a fellow peer at port. Got lastest chain
[peer] 01:19:55.065282 main.go:472: 18:Calling {198.162.52.57 %!s(int=8011) }
[peer] 01:19:55.065294 main.go:491: 18:Inside callRegisterRPC
[peer] 01:19:55.065300 main.go:495: 18Making RPC call
[peer] 01:19:55.065454 main.go:501: 18RPC dial successful
[peer] 01:19:55.065475 main.go:504: 18:Calling RPC:198.162.52.57:8011
[peer] 01:19:55.065483 main.go:506: 18:RPC called198.162.52.57:8011
[peer] 01:19:55.066234 main.go:513: 18:Announced myself to a fellow peer at port. Got lastest chain
[peer] 01:19:55.066336 main.go:472: 18:Calling {198.162.52.57 %!s(int=8012) }
[peer] 01:19:55.066349 main.go:491: 18:Inside callRegisterRPC
[peer] 01:19:55.066355 main.go:495: 18Making RPC call
[peer] 01:19:55.066489 main.go:501: 18RPC dial successful
[peer] 01:19:55.066509 main.go:504: 18:Calling RPC:198.162.52.57:8012
[peer] 01:19:55.066517 main.go:506: 18:RPC called198.162.52.57:8012
[peer] 01:19:55.067069 main.go:513: 18:Announced myself to a fellow peer at port. Got lastest chain
[peer] 01:19:55.067131 main.go:472: 18:Calling {198.162.52.57 %!s(int=8013) }
[peer] 01:19:55.067143 main.go:491: 18:Inside callRegisterRPC
[peer] 01:19:55.067150 main.go:495: 18Making RPC call
[peer] 01:19:55.067265 main.go:501: 18RPC dial successful
[peer] 01:19:55.067280 main.go:504: 18:Calling RPC:198.162.52.57:8013
[peer] 01:19:55.067288 main.go:506: 18:RPC called198.162.52.57:8013
[peer] 01:19:55.067677 main.go:513: 18:Announced myself to a fellow peer at port. Got lastest chain
[peer] 01:19:55.067732 main.go:472: 18:Calling {198.162.52.57 %!s(int=8014) }
[peer] 01:19:55.067743 main.go:491: 18:Inside callRegisterRPC
[peer] 01:19:55.067749 main.go:495: 18Making RPC call
[err] 01:19:55.067864 main.go:282: Peer offline.Couldn't connect to peer: 198.162.52.57:8014, err = dial tcp 198.162.52.57:8014: connect: connection refused
[peer] 01:19:55.067884 main.go:472: 18:Calling {198.162.52.57 %!s(int=8015) }
[peer] 01:19:55.067890 main.go:491: 18:Inside callRegisterRPC
[peer] 01:19:55.067896 main.go:495: 18Making RPC call
[peer] 01:19:55.068040 main.go:501: 18RPC dial successful
[peer] 01:19:55.068054 main.go:504: 18:Calling RPC:198.162.52.57:8015
[peer] 01:19:55.068061 main.go:506: 18:RPC called198.162.52.57:8015
[peer] 01:19:55.068507 main.go:513: 18:Announced myself to a fellow peer at port. Got lastest chain
[peer] 01:19:55.068570 main.go:472: 18:Calling {198.162.52.57 %!s(int=8016) }
[peer] 01:19:55.068581 main.go:491: 18:Inside callRegisterRPC
[peer] 01:19:55.068587 main.go:495: 18Making RPC call
[peer] 01:19:55.068705 main.go:501: 18RPC dial successful
[peer] 01:19:55.068728 main.go:504: 18:Calling RPC:198.162.52.57:8016
[peer] 01:19:55.068737 main.go:506: 18:RPC called198.162.52.57:8016
[peer] 01:19:55.069124 main.go:513: 18:Announced myself to a fellow peer at port. Got lastest chain
[peer] 01:19:55.069178 main.go:472: 18:Calling {198.162.52.57 %!s(int=8017) }
[peer] 01:19:55.069188 main.go:491: 18:Inside callRegisterRPC
[peer] 01:19:55.069194 main.go:495: 18Making RPC call
[err] 01:19:55.069269 main.go:282: Peer offline.Couldn't connect to peer: 198.162.52.57:8017, err = dial tcp 198.162.52.57:8017: connect: connection refused
[peer] 01:19:55.069292 main.go:472: 18:Calling {198.162.52.57 %!s(int=8019) }
[peer] 01:19:55.069300 main.go:491: 18:Inside callRegisterRPC
[peer] 01:19:55.069306 main.go:495: 18Making RPC call
[peer] 01:19:55.069443 main.go:501: 18RPC dial successful
[peer] 01:19:55.069457 main.go:504: 18:Calling RPC:198.162.52.57:8019
[peer] 01:19:55.069464 main.go:506: 18:RPC called198.162.52.57:8019
[peer] 01:19:55.069868 main.go:513: 18:Announced myself to a fellow peer at port. Got lastest chain
[peer] 01:19:55.069920 main.go:482: 18:Bootstrapped Network. Calling signal
[peer] 01:19:55.069931 main.go:484: 18:Bootstrapped Network. Signal called
[peer] 01:19:55.069938 main.go:556: 18:Acquiring bool lock
[peer] 01:19:55.069943 main.go:558: 18:Acquired bool lock
[peer] 01:19:55.071089 main.go:577: 18:I am not verifier IterationCount:2
[peer] 01:19:55.071116 main.go:582: 18:Bool lock released
[peer] 01:19:55.071125 main.go:790: 18:Computing Update
[peer] 01:19:55.071991 main.go:255: 18 : VRF returned ID map[13:{}]
[peer] 01:19:55.072010 main.go:264: 18 :Verifiers [198.162.52.57:8013] returned.
[peer] 01:19:55.072155 main.go:835: 18:Making RPC Call to Verifier. Sending Update, Iteration:2
[peer] 01:19:55.072586 main.go:842: 18:Update sent successfully
[peer] 01:19:55.085776 main.go:601: 18:Accepted new Connection
[peer] 01:19:55.086015 main.go:126: 18:Got block message, iteration 1
[peer] 01:19:55.086034 main.go:133: 18:Acquiring bool lock
[peer] 01:19:55.086039 main.go:135: 18:Acquired bool lock
[peer] 01:19:55.086061 main.go:142: 18:Bool lock released
[peer] 01:19:55.086069 main.go:167: 18:Equal block
[peer] 01:19:55.158389 main.go:601: 18:Accepted new Connection
[peer] 01:19:55.158733 main.go:201: 18:Registering peer:198.162.52.57:8017
[peer] 01:19:55.210507 main.go:601: 18:Accepted new Connection
[peer] 01:19:55.210732 main.go:201: 18:Registering peer:198.162.52.57:8014
[peer] 01:20:01.105780 main.go:601: 18:Accepted new Connection
[peer] 01:20:01.106296 main.go:201: 18:Registering peer:198.162.52.126:8007
[peer] 01:20:01.174863 main.go:601: 18:Accepted new Connection
[peer] 01:20:01.175406 main.go:201: 18:Registering peer:198.162.52.126:8009
[peer] 01:20:01.363554 main.go:601: 18:Accepted new Connection
[peer] 01:20:01.364004 main.go:201: 18:Registering peer:198.162.52.126:8001
[peer] 01:20:01.397393 main.go:601: 18:Accepted new Connection
[peer] 01:20:01.397701 main.go:201: 18:Registering peer:198.162.52.126:8008
[peer] 01:20:01.398749 main.go:601: 18:Accepted new Connection
[peer] 01:20:01.399047 main.go:201: 18:Registering peer:198.162.52.126:8003
[peer] 01:20:01.563882 main.go:601: 18:Accepted new Connection
[peer] 01:20:01.564227 main.go:201: 18:Registering peer:198.162.52.126:8004
[peer] 01:20:01.590326 main.go:601: 18:Accepted new Connection
[peer] 01:20:01.590726 main.go:201: 18:Registering peer:198.162.52.126:8006
[peer] 01:20:01.655679 main.go:601: 18:Accepted new Connection
[peer] 01:20:01.656262 main.go:201: 18:Registering peer:198.162.52.126:8002
[peer] 01:20:01.888400 main.go:601: 18:Accepted new Connection
[peer] 01:20:01.888957 main.go:201: 18:Registering peer:198.162.52.126:8005
[peer] 01:20:09.919043 main.go:601: 18:Accepted new Connection
[peer] 01:20:09.926305 main.go:126: 18:Got block message, iteration 2
[peer] 01:20:09.926360 main.go:133: 18:Acquiring bool lock
[peer] 01:20:09.926375 main.go:135: 18:Acquired bool lock
[peer] 01:20:09.926387 main.go:175: 18:Sending to channel
[peer] 01:20:09.926424 main.go:181: 18:Sent to channel
[peer] 01:20:09.926447 main.go:183: 18:Returning
[peer] 01:20:09.926490 main.go:916: 18:Block Received. Appending to chain and moving on to the next iteration..
[peer] 01:20:09.926562 main.go:743: 18:Adding block to chain
[peer] 01:20:09.926653 main.go:747: 18:Adding block to chain
[peer] 01:20:09.926670 main.go:753: 18:Checking convergence
[peer] 01:20:09.931065 main.go:601: 18:Accepted new Connection
[peer] 01:20:09.936903 main.go:126: 18:Got block message, iteration 2
[peer] 01:20:09.936972 main.go:133: 18:Acquiring bool lock
[peer] 01:20:09.982287 honest.go:79: 18Train Error is 0.10405 in Iteration 2
[peer] 01:20:09.982313 main.go:756: 18:Convergence checked
[peer] 01:20:09.982351 main.go:759: 18:Bool lock released
[peer] 01:20:09.982395 main.go:632: 18:Sending block. Iteration: 2
[peer] 01:20:09.982586 main.go:135: 18:Acquired bool lock
[peer] 01:20:09.982607 main.go:142: 18:Bool lock released
[peer] 01:20:09.982616 main.go:167: 18:Equal block
[peer] 01:20:09.997437 main.go:697: 18:Block sent to peer successful
[err] 01:20:09.997457 main.go:282: Error in sending block, err = Stale Update/Block
[peer] 01:20:09.997730 main.go:697: 18:Block sent to peer successful
[peer] 01:20:09.997969 main.go:697: 18:Block sent to peer successful
[peer] 01:20:09.998196 main.go:697: 18:Block sent to peer successful
[peer] 01:20:09.999025 main.go:697: 18:Block sent to peer successful
[peer] 01:20:10.001096 main.go:697: 18:Block sent to peer successful
[peer] 01:20:10.001132 main.go:697: 18:Block sent to peer successful
[peer] 01:20:10.001643 main.go:697: 18:Block sent to peer successful
[peer] 01:20:10.319903 main.go:601: 18:Accepted new Connection
[peer] 01:20:10.319944 main.go:601: 18:Accepted new Connection
[peer] 01:20:10.319962 main.go:601: 18:Accepted new Connection
[peer] 01:20:10.319988 main.go:601: 18:Accepted new Connection
[peer] 01:20:10.319995 main.go:697: 18:Block sent to peer successful
[err] 01:20:10.320017 main.go:282: Error in sending block, err = Stale Update/Block
[peer] 01:20:10.320030 main.go:697: 18:Block sent to peer successful
[err] 01:20:10.320055 main.go:282: Error in sending block, err = Stale Update/Block
[peer] 01:20:10.320000 main.go:697: 18:Block sent to peer successful
[peer] 01:20:10.320044 main.go:697: 18:Block sent to peer successful
[err] 01:20:10.320097 main.go:282: Error in sending block, err = Stale Update/Block
[err] 01:20:10.320098 main.go:282: Error in sending block, err = Stale Update/Block
[peer] 01:20:10.320124 main.go:697: 18:Block sent to peer successful
[err] 01:20:10.320143 main.go:282: Error in sending block, err = Stale Update/Block
[peer] 01:20:10.320133 main.go:697: 18:Block sent to peer successful
[err] 01:20:10.320189 main.go:282: Error in sending block, err = Stale Update/Block
[peer] 01:20:10.320008 main.go:601: 18:Accepted new Connection
[peer] 01:20:10.320216 main.go:697: 18:Block sent to peer successful
[peer] 01:20:10.320231 main.go:126: 18:Got block message, iteration 2
[peer] 01:20:10.320254 main.go:133: 18:Acquiring bool lock
[peer] 01:20:10.320261 main.go:135: 18:Acquired bool lock
[peer] 01:20:10.320267 main.go:142: 18:Bool lock released
[peer] 01:20:10.320267 main.go:697: 18:Block sent to peer successful
[peer] 01:20:10.320269 main.go:126: 18:Got block message, iteration 2
[peer] 01:20:10.320308 main.go:133: 18:Acquiring bool lock
[peer] 01:20:10.320315 main.go:135: 18:Acquired bool lock
[peer] 01:20:10.320320 main.go:142: 18:Bool lock released
[peer] 01:20:10.320326 main.go:167: 18:Equal block
[peer] 01:20:10.320273 main.go:167: 18:Equal block
[peer] 01:20:10.320266 main.go:126: 18:Got block message, iteration 2
[peer] 01:20:10.320407 main.go:133: 18:Acquiring bool lock
[peer] 01:20:10.320415 main.go:135: 18:Acquired bool lock
[peer] 01:20:10.320421 main.go:142: 18:Bool lock released
[peer] 01:20:10.320247 main.go:601: 18:Accepted new Connection
[peer] 01:20:10.320427 main.go:167: 18:Equal block
[peer] 01:20:10.320547 main.go:126: 18:Got block message, iteration 2
[peer] 01:20:10.320568 main.go:133: 18:Acquiring bool lock
[peer] 01:20:10.320574 main.go:135: 18:Acquired bool lock
[peer] 01:20:10.320579 main.go:142: 18:Bool lock released
[peer] 01:20:10.320585 main.go:167: 18:Equal block
[peer] 01:20:10.320592 main.go:697: 18:Block sent to peer successful
[err] 01:20:10.320606 main.go:282: Error in sending block, err = Stale Update/Block
[peer] 01:20:10.320588 main.go:697: 18:Block sent to peer successful
[peer] 01:20:10.320654 main.go:126: 18:Got block message, iteration 2
[peer] 01:20:10.320673 main.go:133: 18:Acquiring bool lock
[peer] 01:20:10.320679 main.go:135: 18:Acquired bool lock
[peer] 01:20:10.320685 main.go:142: 18:Bool lock released
[peer] 01:20:10.320691 main.go:167: 18:Equal block
[peer] 01:20:10.347191 main.go:601: 18:Accepted new Connection
[peer] 01:20:10.349816 main.go:697: 18:Block sent to peer successful
[err] 01:20:10.349842 main.go:282: Error in sending block, err = Stale Update/Block
[peer] 01:20:10.349918 main.go:652: 18:RPC calls successfully returned. Iteration: 2
[peer] 01:20:10.361768 honest.go:79: 18Train Error is 0.10405 in Iteration 2
[peer] 01:20:10.361787 main.go:660: 18:Preparing for next Iteration. Current Iteration: 2
[peer] 01:20:10.361803 main.go:556: 18:Acquiring bool lock
[peer] 01:20:10.361809 main.go:558: 18:Acquired bool lock
[peer] 01:20:10.362985 main.go:577: 18:I am not verifier IterationCount:3
[peer] 01:20:10.362996 main.go:582: 18:Bool lock released
[peer] 01:20:10.363319 main.go:126: 18:Got block message, iteration 2
[peer] 01:20:10.363339 main.go:133: 18:Acquiring bool lock
[peer] 01:20:10.363361 main.go:135: 18:Acquired bool lock
[peer] 01:20:10.363367 main.go:142: 18:Bool lock released
[peer] 01:20:10.363372 main.go:167: 18:Equal block
[peer] 01:20:10.395417 main.go:126: 18:Got block message, iteration 2
[peer] 01:20:10.395442 main.go:133: 18:Acquiring bool lock
[peer] 01:20:10.395449 main.go:135: 18:Acquired bool lock
[peer] 01:20:10.395454 main.go:142: 18:Bool lock released
[peer] 01:20:10.395461 main.go:167: 18:Equal block
[peer] 01:20:10.408814 main.go:790: 18:Computing Update
[peer] 01:20:10.409334 main.go:255: 18 : VRF returned ID map[13:{}]
[peer] 01:20:10.409377 main.go:264: 18 :Verifiers [198.162.52.57:8013] returned.
[peer] 01:20:10.409689 main.go:835: 18:Making RPC Call to Verifier. Sending Update, Iteration:3
[peer] 01:20:10.410232 main.go:842: 18:Update sent successfully
[peer] 01:20:25.038628 main.go:601: 18:Accepted new Connection
[peer] 01:20:25.050139 main.go:601: 18:Accepted new Connection
[peer] 01:20:25.059226 main.go:126: 18:Got block message, iteration 3
[peer] 01:20:25.059248 main.go:133: 18:Acquiring bool lock
[peer] 01:20:25.059258 main.go:135: 18:Acquired bool lock
[peer] 01:20:25.059267 main.go:175: 18:Sending to channel
[peer] 01:20:25.059278 main.go:181: 18:Sent to channel
[peer] 01:20:25.059289 main.go:183: 18:Returning
[peer] 01:20:25.059543 main.go:743: 18:Adding block to chain
[peer] 01:20:25.059569 main.go:747: 18:Adding block to chain
[peer] 01:20:25.059578 main.go:753: 18:Checking convergence
[peer] 01:20:25.162059 main.go:601: 18:Accepted new Connection
[peer] 01:20:25.162165 main.go:916: 18:Block Received. Appending to chain and moving on to the next iteration..
[peer] 01:20:25.162238 main.go:126: 18:Got block message, iteration 3
[peer] 01:20:25.162263 main.go:133: 18:Acquiring bool lock
[peer] 01:20:25.162399 main.go:126: 18:Got block message, iteration 3
[peer] 01:20:25.162424 main.go:133: 18:Acquiring bool lock
[peer] 01:20:25.164252 honest.go:79: 18Train Error is 0.05167 in Iteration 3
[peer] 01:20:25.164269 main.go:756: 18:Convergence checked
[peer] 01:20:25.164287 main.go:759: 18:Bool lock released
[peer] 01:20:25.164309 main.go:135: 18:Acquired bool lock
[peer] 01:20:25.164342 main.go:142: 18:Bool lock released
[peer] 01:20:25.164351 main.go:167: 18:Equal block
[peer] 01:20:25.164358 main.go:632: 18:Sending block. Iteration: 3
[peer] 01:20:25.172917 main.go:601: 18:Accepted new Connection
[peer] 01:20:25.176887 main.go:135: 18:Acquired bool lock
[peer] 01:20:25.176902 main.go:142: 18:Bool lock released
[peer] 01:20:25.176909 main.go:167: 18:Equal block
[peer] 01:20:25.177232 main.go:697: 18:Block sent to peer successful
[err] 01:20:25.177246 main.go:282: Error in sending block, err = Stale Update/Block
[peer] 01:20:25.177699 main.go:126: 18:Got block message, iteration 3
[peer] 01:20:25.177746 main.go:133: 18:Acquiring bool lock
[peer] 01:20:25.177752 main.go:135: 18:Acquired bool lock
[peer] 01:20:25.177758 main.go:142: 18:Bool lock released
[peer] 01:20:25.177765 main.go:167: 18:Equal block
[peer] 01:20:25.177827 main.go:697: 18:Block sent to peer successful
[err] 01:20:25.177841 main.go:282: Error in sending block, err = Stale Update/Block
[peer] 01:20:25.178616 main.go:697: 18:Block sent to peer successful
[err] 01:20:25.178630 main.go:282: Error in sending block, err = Stale Update/Block
[peer] 01:20:25.179486 main.go:697: 18:Block sent to peer successful
[err] 01:20:25.179499 main.go:282: Error in sending block, err = Stale Update/Block
[peer] 01:20:25.180571 main.go:601: 18:Accepted new Connection
[peer] 01:20:25.182274 main.go:126: 18:Got block message, iteration 3
[peer] 01:20:25.182295 main.go:133: 18:Acquiring bool lock
[peer] 01:20:25.182312 main.go:135: 18:Acquired bool lock
[peer] 01:20:25.182319 main.go:142: 18:Bool lock released
[peer] 01:20:25.182325 main.go:167: 18:Equal block
[peer] 01:20:25.187555 main.go:697: 18:Block sent to peer successful
[err] 01:20:25.187570 main.go:282: Error in sending block, err = Stale Update/Block
[peer] 01:20:25.187634 main.go:601: 18:Accepted new Connection
[peer] 01:20:25.187874 main.go:126: 18:Got block message, iteration 3
[peer] 01:20:25.187893 main.go:133: 18:Acquiring bool lock
[peer] 01:20:25.187899 main.go:135: 18:Acquired bool lock
[peer] 01:20:25.187905 main.go:142: 18:Bool lock released
[peer] 01:20:25.187911 main.go:167: 18:Equal block
[peer] 01:20:25.194747 main.go:697: 18:Block sent to peer successful
[err] 01:20:25.194761 main.go:282: Error in sending block, err = Stale Update/Block
[peer] 01:20:25.247120 main.go:601: 18:Accepted new Connection
[peer] 01:20:25.247148 main.go:601: 18:Accepted new Connection
[peer] 01:20:25.247344 main.go:126: 18:Got block message, iteration 3
[peer] 01:20:25.247361 main.go:133: 18:Acquiring bool lock
[peer] 01:20:25.247367 main.go:135: 18:Acquired bool lock
[peer] 01:20:25.247373 main.go:142: 18:Bool lock released
[peer] 01:20:25.247378 main.go:167: 18:Equal block
[peer] 01:20:25.247499 main.go:697: 18:Block sent to peer successful
[err] 01:20:25.247510 main.go:282: Error in sending block, err = Stale Update/Block
[peer] 01:20:25.264770 main.go:697: 18:Block sent to peer successful
[err] 01:20:25.264789 main.go:282: Error in sending block, err = Stale Update/Block
[peer] 01:20:25.264865 main.go:601: 18:Accepted new Connection
[peer] 01:20:25.264963 main.go:126: 18:Got block message, iteration 3
[peer] 01:20:25.264987 main.go:133: 18:Acquiring bool lock
[peer] 01:20:25.264993 main.go:135: 18:Acquired bool lock
[peer] 01:20:25.264998 main.go:142: 18:Bool lock released
[peer] 01:20:25.265003 main.go:167: 18:Equal block
[peer] 01:20:25.264772 main.go:697: 18:Block sent to peer successful
[err] 01:20:25.265061 main.go:282: Error in sending block, err = Stale Update/Block
[peer] 01:20:25.265097 main.go:126: 18:Got block message, iteration 3
[peer] 01:20:25.265115 main.go:133: 18:Acquiring bool lock
[peer] 01:20:25.265121 main.go:135: 18:Acquired bool lock
[peer] 01:20:25.265127 main.go:142: 18:Bool lock released
[peer] 01:20:25.265132 main.go:167: 18:Equal block
[peer] 01:20:35.172506 main.go:652: 18:RPC calls successfully returned. Iteration: 3
[peer] 01:20:35.200760 honest.go:79: 18Train Error is 0.05167 in Iteration 3
[peer] 01:20:35.200782 main.go:660: 18:Preparing for next Iteration. Current Iteration: 3
[peer] 01:20:35.200789 main.go:556: 18:Acquiring bool lock
[peer] 01:20:35.200795 main.go:558: 18:Acquired bool lock
[peer] 01:20:35.201989 main.go:577: 18:I am not verifier IterationCount:4
[peer] 01:20:35.201999 main.go:582: 18:Bool lock released
[peer] 01:20:35.207379 main.go:790: 18:Computing Update
[peer] 01:20:35.207948 main.go:255: 18 : VRF returned ID map[13:{}]
[peer] 01:20:35.207986 main.go:264: 18 :Verifiers [198.162.52.57:8013] returned.
[peer] 01:20:35.208133 main.go:835: 18:Making RPC Call to Verifier. Sending Update, Iteration:4
[peer] 01:20:35.208648 main.go:842: 18:Update sent successfully
[peer] 01:20:50.105278 main.go:601: 18:Accepted new Connection
[peer] 01:20:50.106371 main.go:126: 18:Got block message, iteration 4
[peer] 01:20:50.106421 main.go:133: 18:Acquiring bool lock
[peer] 01:20:50.106436 main.go:135: 18:Acquired bool lock
[peer] 01:20:50.106448 main.go:175: 18:Sending to channel
[peer] 01:20:50.106489 main.go:181: 18:Sent to channel
[peer] 01:20:50.106506 main.go:183: 18:Returning
[peer] 01:20:50.106570 main.go:916: 18:Block Received. Appending to chain and moving on to the next iteration..
[peer] 01:20:50.106657 main.go:743: 18:Adding block to chain
[peer] 01:20:50.106724 main.go:747: 18:Adding block to chain
[peer] 01:20:50.106838 main.go:753: 18:Checking convergence
[peer] 01:20:50.112275 main.go:601: 18:Accepted new Connection
[peer] 01:20:50.121992 main.go:126: 18:Got block message, iteration 4
[peer] 01:20:50.122030 main.go:133: 18:Acquiring bool lock
[peer] 01:20:50.122094 main.go:601: 18:Accepted new Connection
[peer] 01:20:50.122491 main.go:126: 18:Got block message, iteration 4
[peer] 01:20:50.122526 main.go:133: 18:Acquiring bool lock
[peer] 01:20:50.214797 main.go:601: 18:Accepted new Connection
[peer] 01:20:50.318915 main.go:601: 18:Accepted new Connection
[peer] 01:20:50.319158 main.go:126: 18:Got block message, iteration 4
[peer] 01:20:50.319175 main.go:133: 18:Acquiring bool lock
[peer] 01:20:50.322393 main.go:126: 18:Got block message, iteration 4
[peer] 01:20:50.322414 main.go:133: 18:Acquiring bool lock
[peer] 01:20:50.322444 main.go:601: 18:Accepted new Connection
[peer] 01:20:50.322856 main.go:126: 18:Got block message, iteration 4
[peer] 01:20:50.322881 main.go:133: 18:Acquiring bool lock
[peer] 01:20:50.324730 honest.go:79: 18Train Error is 0.04086 in Iteration 4
[peer] 01:20:50.324748 main.go:756: 18:Convergence checked
[peer] 01:20:50.324762 main.go:759: 18:Bool lock released
[peer] 01:20:50.324780 main.go:135: 18:Acquired bool lock
[peer] 01:20:50.324794 main.go:632: 18:Sending block. Iteration: 4
[peer] 01:20:50.324802 main.go:135: 18:Acquired bool lock
[peer] 01:20:50.324812 main.go:142: 18:Bool lock released
[peer] 01:20:50.324818 main.go:167: 18:Equal block
[peer] 01:20:50.324796 main.go:142: 18:Bool lock released
[peer] 01:20:50.324934 main.go:167: 18:Equal block
[peer] 01:20:50.324993 main.go:135: 18:Acquired bool lock
[peer] 01:20:50.325004 main.go:142: 18:Bool lock released
[peer] 01:20:50.325009 main.go:167: 18:Equal block
[peer] 01:20:50.325057 main.go:135: 18:Acquired bool lock
[peer] 01:20:50.325066 main.go:142: 18:Bool lock released
[peer] 01:20:50.325072 main.go:167: 18:Equal block
[peer] 01:20:50.325125 main.go:135: 18:Acquired bool lock
[peer] 01:20:50.325134 main.go:142: 18:Bool lock released
[peer] 01:20:50.325140 main.go:167: 18:Equal block
[peer] 01:20:50.326155 main.go:697: 18:Block sent to peer successful
[err] 01:20:50.326170 main.go:282: Error in sending block, err = Stale Update/Block
[peer] 01:20:50.326189 main.go:697: 18:Block sent to peer successful
[err] 01:20:50.326202 main.go:282: Error in sending block, err = Stale Update/Block
[peer] 01:20:50.327010 main.go:697: 18:Block sent to peer successful
[err] 01:20:50.327027 main.go:282: Error in sending block, err = Stale Update/Block
[peer] 01:20:50.327189 main.go:697: 18:Block sent to peer successful
[err] 01:20:50.327201 main.go:282: Error in sending block, err = Stale Update/Block
[peer] 01:20:50.327408 main.go:697: 18:Block sent to peer successful
[err] 01:20:50.327420 main.go:282: Error in sending block, err = Stale Update/Block
[peer] 01:20:50.327487 main.go:697: 18:Block sent to peer successful
[err] 01:20:50.327500 main.go:282: Error in sending block, err = Stale Update/Block
[peer] 01:20:50.391904 main.go:697: 18:Block sent to peer successful
[err] 01:20:50.391917 main.go:282: Error in sending block, err = Stale Update/Block
[peer] 01:20:50.391966 main.go:601: 18:Accepted new Connection
[peer] 01:20:50.392128 main.go:126: 18:Got block message, iteration 4
[peer] 01:20:50.392145 main.go:133: 18:Acquiring bool lock
[peer] 01:20:50.392151 main.go:135: 18:Acquired bool lock
[peer] 01:20:50.392156 main.go:142: 18:Bool lock released
[peer] 01:20:50.392161 main.go:167: 18:Equal block
[peer] 01:20:50.413882 main.go:697: 18:Block sent to peer successful
[err] 01:20:50.413894 main.go:282: Error in sending block, err = Stale Update/Block
[peer] 01:20:50.413941 main.go:601: 18:Accepted new Connection
[peer] 01:20:50.414701 main.go:126: 18:Got block message, iteration 4
[peer] 01:20:50.414719 main.go:133: 18:Acquiring bool lock
[peer] 01:20:50.414725 main.go:135: 18:Acquired bool lock
[peer] 01:20:50.414731 main.go:142: 18:Bool lock released
[peer] 01:20:50.414736 main.go:167: 18:Equal block
[peer] 01:20:50.485885 main.go:601: 18:Accepted new Connection
[peer] 01:20:50.486113 main.go:126: 18:Got block message, iteration 4
[peer] 01:20:50.486132 main.go:133: 18:Acquiring bool lock
[peer] 01:20:50.486138 main.go:135: 18:Acquired bool lock
[peer] 01:20:50.486154 main.go:142: 18:Bool lock released
[peer] 01:20:50.486161 main.go:167: 18:Equal block
[peer] 01:20:50.487279 main.go:697: 18:Block sent to peer successful
[err] 01:20:50.487292 main.go:282: Error in sending block, err = Stale Update/Block
[peer] 01:20:50.487330 main.go:652: 18:RPC calls successfully returned. Iteration: 4
[peer] 01:20:50.753705 honest.go:79: 18Train Error is 0.04086 in Iteration 4
[peer] 01:20:50.753787 main.go:660: 18:Preparing for next Iteration. Current Iteration: 4
