[peer] 02:00:40.786019 honest.go:107: 19Importing modules...
[peer] 02:00:45.101305 honest.go:122: 19Sucessfully pulled dataset. Features: 25
[peer] 02:00:45.101890 main.go:487: 19:Announcing myself to network
[peer] 02:00:45.102020 main.go:492: 19:Calling {198.162.52.126 %!s(int=8000) }
[peer] 02:00:45.102036 main.go:511: 19:Inside callRegisterRPC
[peer] 02:00:45.102046 main.go:516: 19Making RPC call
[peer] 02:00:45.102563 main.go:629: 19:Peer started. Receiving on 8019
[peer] 02:00:45.102765 main.go:522: 19RPC dial successful
[peer] 02:00:45.102787 main.go:525: 19:Calling RPC:198.162.52.126:8000
[peer] 02:00:45.102821 main.go:527: 19:RPC called198.162.52.126:8000
[peer] 02:00:45.104868 main.go:534: 19:Announced myself to a fellow peer at port. Got lastest chain
[peer] 02:00:45.104903 main.go:541: Chain length received:7
[peer] 02:00:45.104913 main.go:542: My chain length:1
[peer] 02:00:45.104920 honest.go:340: Received chain length:7
[peer] 02:00:45.104927 honest.go:341: Appended chain length:7
[peer] 02:00:45.104933 main.go:555: 19Got lastest chain until iteration 5
[peer] 02:00:45.105020 main.go:492: 19:Calling {198.162.52.126 %!s(int=8001) }
[peer] 02:00:45.105031 main.go:511: 19:Inside callRegisterRPC
[peer] 02:00:45.105053 main.go:516: 19Making RPC call
[peer] 02:00:45.105666 main.go:522: 19RPC dial successful
[peer] 02:00:45.105685 main.go:525: 19:Calling RPC:198.162.52.126:8001
[peer] 02:00:45.105736 main.go:527: 19:RPC called198.162.52.126:8001
[peer] 02:00:45.107355 main.go:534: 19:Announced myself to a fellow peer at port. Got lastest chain
[peer] 02:00:45.107376 main.go:541: Chain length received:7
[peer] 02:00:45.107384 main.go:542: My chain length:7
[peer] 02:00:45.107441 main.go:492: 19:Calling {198.162.52.126 %!s(int=8002) }
[peer] 02:00:45.107453 main.go:511: 19:Inside callRegisterRPC
[peer] 02:00:45.107477 main.go:516: 19Making RPC call
[peer] 02:00:45.107847 main.go:522: 19RPC dial successful
[peer] 02:00:45.107869 main.go:525: 19:Calling RPC:198.162.52.126:8002
[peer] 02:00:45.107878 main.go:527: 19:RPC called198.162.52.126:8002
[peer] 02:00:45.109094 main.go:534: 19:Announced myself to a fellow peer at port. Got lastest chain
[peer] 02:00:45.109122 main.go:541: Chain length received:7
[peer] 02:00:45.109130 main.go:542: My chain length:7
[peer] 02:00:45.109195 main.go:492: 19:Calling {198.162.52.126 %!s(int=8003) }
[peer] 02:00:45.109206 main.go:511: 19:Inside callRegisterRPC
[peer] 02:00:45.109212 main.go:516: 19Making RPC call
[peer] 02:00:45.109750 main.go:522: 19RPC dial successful
[peer] 02:00:45.109772 main.go:525: 19:Calling RPC:198.162.52.126:8003
[peer] 02:00:45.109795 main.go:527: 19:RPC called198.162.52.126:8003
[peer] 02:00:45.110985 main.go:534: 19:Announced myself to a fellow peer at port. Got lastest chain
[peer] 02:00:45.111006 main.go:541: Chain length received:7
[peer] 02:00:45.111013 main.go:542: My chain length:7
[peer] 02:00:45.111085 main.go:492: 19:Calling {198.162.52.126 %!s(int=8004) }
[peer] 02:00:45.111097 main.go:511: 19:Inside callRegisterRPC
[peer] 02:00:45.111104 main.go:516: 19Making RPC call
[peer] 02:00:45.111633 main.go:522: 19RPC dial successful
[peer] 02:00:45.111653 main.go:525: 19:Calling RPC:198.162.52.126:8004
[peer] 02:00:45.111662 main.go:527: 19:RPC called198.162.52.126:8004
[peer] 02:00:45.111713 main.go:633: 19:Accepted new Connection
[peer] 02:00:45.112043 main.go:213: 19:Registering peer:198.162.52.57:8012
[peer] 02:00:45.112063 main.go:223: Advertising chain to peer with length 7
[peer] 02:00:45.113047 main.go:534: 19:Announced myself to a fellow peer at port. Got lastest chain
[peer] 02:00:45.113066 main.go:541: Chain length received:7
[peer] 02:00:45.113074 main.go:542: My chain length:7
[peer] 02:00:45.113132 main.go:492: 19:Calling {198.162.52.126 %!s(int=8005) }
[peer] 02:00:45.113144 main.go:511: 19:Inside callRegisterRPC
[peer] 02:00:45.113150 main.go:516: 19Making RPC call
[peer] 02:00:45.113679 main.go:522: 19RPC dial successful
[peer] 02:00:45.113699 main.go:525: 19:Calling RPC:198.162.52.126:8005
[peer] 02:00:45.113707 main.go:527: 19:RPC called198.162.52.126:8005
[peer] 02:00:45.115414 main.go:534: 19:Announced myself to a fellow peer at port. Got lastest chain
[peer] 02:00:45.115436 main.go:541: Chain length received:7
[peer] 02:00:45.115443 main.go:542: My chain length:7
[peer] 02:00:45.115515 main.go:492: 19:Calling {198.162.52.126 %!s(int=8006) }
[peer] 02:00:45.115527 main.go:511: 19:Inside callRegisterRPC
[peer] 02:00:45.115547 main.go:516: 19Making RPC call
[peer] 02:00:45.116145 main.go:522: 19RPC dial successful
[peer] 02:00:45.116159 main.go:525: 19:Calling RPC:198.162.52.126:8006
[peer] 02:00:45.116167 main.go:527: 19:RPC called198.162.52.126:8006
[peer] 02:00:45.117500 main.go:534: 19:Announced myself to a fellow peer at port. Got lastest chain
[peer] 02:00:45.117519 main.go:541: Chain length received:7
[peer] 02:00:45.117527 main.go:542: My chain length:7
[peer] 02:00:45.117572 main.go:492: 19:Calling {198.162.52.126 %!s(int=8007) }
[peer] 02:00:45.117583 main.go:511: 19:Inside callRegisterRPC
[peer] 02:00:45.117589 main.go:516: 19Making RPC call
[peer] 02:00:45.118041 main.go:522: 19RPC dial successful
[peer] 02:00:45.118056 main.go:525: 19:Calling RPC:198.162.52.126:8007
[peer] 02:00:45.118063 main.go:527: 19:RPC called198.162.52.126:8007
[peer] 02:00:45.119494 main.go:534: 19:Announced myself to a fellow peer at port. Got lastest chain
[peer] 02:00:45.119515 main.go:541: Chain length received:7
[peer] 02:00:45.119522 main.go:542: My chain length:7
[peer] 02:00:45.119575 main.go:492: 19:Calling {198.162.52.126 %!s(int=8008) }
[peer] 02:00:45.119586 main.go:511: 19:Inside callRegisterRPC
[peer] 02:00:45.119592 main.go:516: 19Making RPC call
[peer] 02:00:45.120115 main.go:522: 19RPC dial successful
[peer] 02:00:45.120135 main.go:525: 19:Calling RPC:198.162.52.126:8008
[peer] 02:00:45.120143 main.go:527: 19:RPC called198.162.52.126:8008
[peer] 02:00:45.121642 main.go:534: 19:Announced myself to a fellow peer at port. Got lastest chain
[peer] 02:00:45.121661 main.go:541: Chain length received:7
[peer] 02:00:45.121669 main.go:542: My chain length:7
[peer] 02:00:45.121721 main.go:492: 19:Calling {198.162.52.126 %!s(int=8009) }
[peer] 02:00:45.121732 main.go:511: 19:Inside callRegisterRPC
[peer] 02:00:45.121738 main.go:516: 19Making RPC call
[peer] 02:00:45.122256 main.go:522: 19RPC dial successful
[peer] 02:00:45.122276 main.go:525: 19:Calling RPC:198.162.52.126:8009
[peer] 02:00:45.122284 main.go:527: 19:RPC called198.162.52.126:8009
[peer] 02:00:45.123741 main.go:534: 19:Announced myself to a fellow peer at port. Got lastest chain
[peer] 02:00:45.123760 main.go:541: Chain length received:7
[peer] 02:00:45.123768 main.go:542: My chain length:7
[peer] 02:00:45.123827 main.go:492: 19:Calling {198.162.52.57 %!s(int=8010) }
[peer] 02:00:45.123838 main.go:511: 19:Inside callRegisterRPC
[peer] 02:00:45.123844 main.go:516: 19Making RPC call
[err] 02:00:45.123958 main.go:302: Peer offline.Couldn't connect to peer: 198.162.52.57:8010, err = dial tcp 198.162.52.57:8010: connect: connection refused
[peer] 02:00:45.124007 main.go:492: 19:Calling {198.162.52.57 %!s(int=8011) }
[peer] 02:00:45.124016 main.go:511: 19:Inside callRegisterRPC
[peer] 02:00:45.124022 main.go:516: 19Making RPC call
[err] 02:00:45.124104 main.go:302: Peer offline.Couldn't connect to peer: 198.162.52.57:8011, err = dial tcp 198.162.52.57:8011: connect: connection refused
[peer] 02:00:45.124120 main.go:492: 19:Calling {198.162.52.57 %!s(int=8012) }
[peer] 02:00:45.124127 main.go:511: 19:Inside callRegisterRPC
[peer] 02:00:45.124133 main.go:516: 19Making RPC call
[peer] 02:00:45.124269 main.go:522: 19RPC dial successful
[peer] 02:00:45.124283 main.go:525: 19:Calling RPC:198.162.52.57:8012
[peer] 02:00:45.124290 main.go:527: 19:RPC called198.162.52.57:8012
[peer] 02:00:45.125090 main.go:534: 19:Announced myself to a fellow peer at port. Got lastest chain
[peer] 02:00:45.125110 main.go:541: Chain length received:7
[peer] 02:00:45.125118 main.go:542: My chain length:7
[peer] 02:00:45.125173 main.go:492: 19:Calling {198.162.52.57 %!s(int=8013) }
[peer] 02:00:45.125184 main.go:511: 19:Inside callRegisterRPC
[peer] 02:00:45.125198 main.go:516: 19Making RPC call
[err] 02:00:45.125298 main.go:302: Peer offline.Couldn't connect to peer: 198.162.52.57:8013, err = dial tcp 198.162.52.57:8013: connect: connection refused
[peer] 02:00:45.125323 main.go:492: 19:Calling {198.162.52.57 %!s(int=8014) }
[peer] 02:00:45.125331 main.go:511: 19:Inside callRegisterRPC
[peer] 02:00:45.125337 main.go:516: 19Making RPC call
[err] 02:00:45.125418 main.go:302: Peer offline.Couldn't connect to peer: 198.162.52.57:8014, err = dial tcp 198.162.52.57:8014: connect: connection refused
[peer] 02:00:45.125434 main.go:492: 19:Calling {198.162.52.57 %!s(int=8015) }
[peer] 02:00:45.125441 main.go:511: 19:Inside callRegisterRPC
[peer] 02:00:45.125447 main.go:516: 19Making RPC call
[err] 02:00:45.125511 main.go:302: Peer offline.Couldn't connect to peer: 198.162.52.57:8015, err = dial tcp 198.162.52.57:8015: connect: connection refused
[peer] 02:00:45.125526 main.go:492: 19:Calling {198.162.52.57 %!s(int=8016) }
[peer] 02:00:45.125533 main.go:511: 19:Inside callRegisterRPC
[peer] 02:00:45.125538 main.go:516: 19Making RPC call
[err] 02:00:45.125595 main.go:302: Peer offline.Couldn't connect to peer: 198.162.52.57:8016, err = dial tcp 198.162.52.57:8016: connect: connection refused
[peer] 02:00:45.125610 main.go:492: 19:Calling {198.162.52.57 %!s(int=8017) }
[peer] 02:00:45.125617 main.go:511: 19:Inside callRegisterRPC
[peer] 02:00:45.125623 main.go:516: 19Making RPC call
[err] 02:00:45.125680 main.go:302: Peer offline.Couldn't connect to peer: 198.162.52.57:8017, err = dial tcp 198.162.52.57:8017: connect: connection refused
[peer] 02:00:45.125695 main.go:492: 19:Calling {198.162.52.57 %!s(int=8018) }
[peer] 02:00:45.125701 main.go:511: 19:Inside callRegisterRPC
[peer] 02:00:45.125707 main.go:516: 19Making RPC call
[peer] 02:00:45.125860 main.go:522: 19RPC dial successful
[peer] 02:00:45.125875 main.go:525: 19:Calling RPC:198.162.52.57:8018
[peer] 02:00:45.125882 main.go:527: 19:RPC called198.162.52.57:8018
[peer] 02:00:45.126438 main.go:534: 19:Announced myself to a fellow peer at port. Got lastest chain
[peer] 02:00:45.126457 main.go:541: Chain length received:7
[peer] 02:00:45.126464 main.go:542: My chain length:7
[peer] 02:00:45.126510 main.go:502: 19:Bootstrapped Network. Calling signal
[peer] 02:00:45.126524 main.go:504: 19:Bootstrapped Network. Signal called
[peer] 02:00:45.126572 main.go:588: 19:Acquiring bool lock
[peer] 02:00:45.126592 main.go:590: 19:Acquired bool lock
[peer] 02:00:45.127779 main.go:609: 19:I am not verifier IterationCount:6
[peer] 02:00:45.127792 main.go:614: 19:Bool lock released
[peer] 02:00:45.127798 main.go:824: 19:Computing Update
[peer] 02:00:45.128477 main.go:270: 19 : VRF returned ID map[5:{}]
[peer] 02:00:45.128495 main.go:280: 19 :Verifiers [198.162.52.126:8005] returned.
[peer] 02:00:45.129109 main.go:869: 19:Making RPC Call to Verifier. Sending Update, Iteration:6
[peer] 02:00:45.131470 main.go:876: 19:Update sent successfully
[peer] 02:00:45.196320 main.go:633: 19:Accepted new Connection
[peer] 02:00:45.196534 main.go:213: 19:Registering peer:198.162.52.57:8017
[peer] 02:00:45.196551 main.go:223: Advertising chain to peer with length 7
[peer] 02:00:45.288438 main.go:633: 19:Accepted new Connection
[peer] 02:00:45.288775 main.go:213: 19:Registering peer:198.162.52.57:8016
[peer] 02:00:45.288812 main.go:223: Advertising chain to peer with length 7
[peer] 02:00:45.313446 main.go:633: 19:Accepted new Connection
[peer] 02:00:45.313763 main.go:213: 19:Registering peer:198.162.52.57:8011
[peer] 02:00:45.313806 main.go:223: Advertising chain to peer with length 7
[peer] 02:00:45.321737 main.go:633: 19:Accepted new Connection
[peer] 02:00:45.322045 main.go:213: 19:Registering peer:198.162.52.57:8013
[peer] 02:00:45.322060 main.go:223: Advertising chain to peer with length 7
[peer] 02:00:45.330915 main.go:633: 19:Accepted new Connection
[peer] 02:00:45.331161 main.go:213: 19:Registering peer:198.162.52.57:8015
[peer] 02:00:45.331180 main.go:223: Advertising chain to peer with length 7
[peer] 02:00:45.336801 main.go:633: 19:Accepted new Connection
[peer] 02:00:45.337003 main.go:213: 19:Registering peer:198.162.52.57:8010
[peer] 02:00:45.337018 main.go:223: Advertising chain to peer with length 7
[peer] 02:00:45.495999 main.go:633: 19:Accepted new Connection
[peer] 02:00:45.496567 main.go:213: 19:Registering peer:198.162.52.57:8014
[peer] 02:00:45.496595 main.go:223: Advertising chain to peer with length 7
[peer] 02:00:45.503550 main.go:633: 19:Accepted new Connection
[peer] 02:00:45.506010 main.go:130: 19:Got block message, iteration 6
[peer] 02:00:45.506040 main.go:137: 19:Acquiring bool lock
[peer] 02:00:45.506048 main.go:139: 19:Acquired bool lock
[peer] 02:00:45.506055 main.go:140: Chain Length:7
[peer] 02:00:45.506062 main.go:142: Chain Length:7
[peer] 02:00:45.506071 main.go:187: 19:Sending to channel
[peer] 02:00:45.506135 main.go:193: 19:Sent to channel
[peer] 02:00:45.506145 main.go:195: 19:Returning
[peer] 02:00:45.506223 main.go:955: 19:Block Received. Appending to chain and moving on to the next iteration. 6
[peer] 02:00:45.506301 main.go:777: 19:Adding block to chain
[peer] 02:00:45.506343 honest.go:222: Trying to append block with iteration:6
[peer] 02:00:45.506356 honest.go:238: Append successful
[peer] 02:00:45.506366 main.go:781: 19:Adding block to chain
[peer] 02:00:45.506375 main.go:787: 19:Checking convergence
[peer] 02:00:45.525487 main.go:633: 19:Accepted new Connection
[peer] 02:00:45.525526 main.go:633: 19:Accepted new Connection
[peer] 02:00:45.526260 main.go:130: 19:Got block message, iteration 6
[peer] 02:00:45.526279 main.go:137: 19:Acquiring bool lock
[peer] 02:00:45.530908 main.go:633: 19:Accepted new Connection
[peer] 02:00:45.531017 main.go:130: 19:Got block message, iteration 6
[peer] 02:00:45.531035 main.go:137: 19:Acquiring bool lock
[peer] 02:00:45.534942 main.go:130: 19:Got block message, iteration 6
[peer] 02:00:45.534963 main.go:137: 19:Acquiring bool lock
[peer] 02:00:45.535521 main.go:633: 19:Accepted new Connection
[peer] 02:00:45.535547 main.go:633: 19:Accepted new Connection
[peer] 02:00:45.538881 main.go:130: 19:Got block message, iteration 6
[peer] 02:00:45.538904 main.go:137: 19:Acquiring bool lock
[peer] 02:00:45.540848 main.go:633: 19:Accepted new Connection
[peer] 02:00:45.555250 main.go:633: 19:Accepted new Connection
[peer] 02:00:45.555327 main.go:633: 19:Accepted new Connection
[peer] 02:00:45.555349 main.go:633: 19:Accepted new Connection
[peer] 02:00:45.555711 main.go:130: 19:Got block message, iteration 6
[peer] 02:00:45.555728 main.go:137: 19:Acquiring bool lock
[peer] 02:00:45.556297 main.go:130: 19:Got block message, iteration 6
[peer] 02:00:45.556315 main.go:137: 19:Acquiring bool lock
[peer] 02:00:45.556906 main.go:130: 19:Got block message, iteration 6
[peer] 02:00:45.556945 main.go:137: 19:Acquiring bool lock
[peer] 02:00:45.558848 main.go:130: 19:Got block message, iteration 6
[peer] 02:00:45.558888 main.go:137: 19:Acquiring bool lock
[peer] 02:00:45.563892 main.go:633: 19:Accepted new Connection
[peer] 02:00:45.565622 main.go:130: 19:Got block message, iteration 6
[peer] 02:00:45.565641 main.go:137: 19:Acquiring bool lock
[peer] 02:00:45.581631 main.go:130: 19:Got block message, iteration 6
[peer] 02:00:45.581655 main.go:137: 19:Acquiring bool lock
[peer] 02:00:45.586178 main.go:633: 19:Accepted new Connection
[peer] 02:00:45.590832 main.go:130: 19:Got block message, iteration 6
[peer] 02:00:45.590851 main.go:137: 19:Acquiring bool lock
[peer] 02:00:45.637337 honest.go:81: 19Train Error is 0.09162 in Iteration 6
[peer] 02:00:45.637362 main.go:790: 19:Convergence checked
[peer] 02:00:45.637378 main.go:793: 19:Bool lock released
[peer] 02:00:45.637402 main.go:139: 19:Acquired bool lock
[peer] 02:00:45.637437 main.go:140: Chain Length:8
[peer] 02:00:45.637446 main.go:142: Chain Length:8
[peer] 02:00:45.637452 main.go:147: Already have block
[peer] 02:00:45.637461 main.go:152: 19:Bool lock released
[peer] 02:00:45.637466 main.go:664: 19:Sending block. Iteration: 6
[peer] 02:00:45.637468 main.go:179: 19:Equal block
[peer] 02:00:45.637474 main.go:139: 19:Acquired bool lock
[peer] 02:00:45.637731 main.go:140: Chain Length:8
[peer] 02:00:45.637738 main.go:142: Chain Length:8
[peer] 02:00:45.637743 main.go:147: Already have block
[peer] 02:00:45.637751 main.go:152: 19:Bool lock released
[peer] 02:00:45.637757 main.go:179: 19:Equal block
[peer] 02:00:45.638637 main.go:139: 19:Acquired bool lock
[peer] 02:00:45.638655 main.go:140: Chain Length:8
[peer] 02:00:45.638662 main.go:142: Chain Length:8
[peer] 02:00:45.638669 main.go:147: Already have block
[peer] 02:00:45.638679 main.go:152: 19:Bool lock released
[peer] 02:00:45.638688 main.go:179: 19:Equal block
[peer] 02:00:45.638741 main.go:139: 19:Acquired bool lock
[peer] 02:00:45.638753 main.go:140: Chain Length:8
[peer] 02:00:45.638758 main.go:142: Chain Length:8
[peer] 02:00:45.638766 main.go:147: Already have block
[peer] 02:00:45.638775 main.go:152: 19:Bool lock released
[peer] 02:00:45.638782 main.go:179: 19:Equal block
[peer] 02:00:45.638827 main.go:139: 19:Acquired bool lock
[peer] 02:00:45.638838 main.go:140: Chain Length:8
[peer] 02:00:45.638846 main.go:142: Chain Length:8
[peer] 02:00:45.638852 main.go:147: Already have block
[peer] 02:00:45.638861 main.go:152: 19:Bool lock released
[peer] 02:00:45.638869 main.go:179: 19:Equal block
[peer] 02:00:45.638913 main.go:139: 19:Acquired bool lock
[peer] 02:00:45.638924 main.go:140: Chain Length:8
[peer] 02:00:45.638930 main.go:142: Chain Length:8
[peer] 02:00:45.638937 main.go:147: Already have block
[peer] 02:00:45.638945 main.go:152: 19:Bool lock released
[peer] 02:00:45.638953 main.go:179: 19:Equal block
[peer] 02:00:45.638996 main.go:139: 19:Acquired bool lock
[peer] 02:00:45.639007 main.go:140: Chain Length:8
[peer] 02:00:45.639013 main.go:142: Chain Length:8
[peer] 02:00:45.639021 main.go:147: Already have block
[peer] 02:00:45.639030 main.go:152: 19:Bool lock released
[peer] 02:00:45.639036 main.go:179: 19:Equal block
[peer] 02:00:45.639076 main.go:139: 19:Acquired bool lock
[peer] 02:00:45.639088 main.go:140: Chain Length:8
[peer] 02:00:45.639095 main.go:142: Chain Length:8
[peer] 02:00:45.639100 main.go:147: Already have block
[peer] 02:00:45.639109 main.go:152: 19:Bool lock released
[peer] 02:00:45.639117 main.go:179: 19:Equal block
[peer] 02:00:45.639159 main.go:139: 19:Acquired bool lock
[peer] 02:00:45.639171 main.go:140: Chain Length:8
[peer] 02:00:45.639178 main.go:142: Chain Length:8
[peer] 02:00:45.639184 main.go:147: Already have block
[peer] 02:00:45.639193 main.go:152: 19:Bool lock released
[peer] 02:00:45.639201 main.go:179: 19:Equal block
[peer] 02:00:45.639240 main.go:139: 19:Acquired bool lock
[peer] 02:00:45.639249 main.go:140: Chain Length:8
[peer] 02:00:45.639256 main.go:142: Chain Length:8
[peer] 02:00:45.639262 main.go:147: Already have block
[peer] 02:00:45.639269 main.go:152: 19:Bool lock released
[peer] 02:00:45.639277 main.go:179: 19:Equal block
[peer] 02:00:45.639327 main.go:139: 19:Acquired bool lock
[peer] 02:00:45.639337 main.go:140: Chain Length:8
[peer] 02:00:45.639343 main.go:142: Chain Length:8
[peer] 02:00:45.639350 main.go:147: Already have block
[peer] 02:00:45.639357 main.go:152: 19:Bool lock released
[peer] 02:00:45.639363 main.go:179: 19:Equal block
[peer] 02:00:45.645483 main.go:729: 19:Block sent to peer successful
[err] 02:00:45.645498 main.go:302: Error in sending block, err = Stale Update/Block
[peer] 02:00:45.648276 main.go:729: 19:Block sent to peer successful
[err] 02:00:45.648290 main.go:302: Error in sending block, err = Stale Update/Block
[peer] 02:00:45.648398 main.go:729: 19:Block sent to peer successful
[err] 02:00:45.648409 main.go:302: Error in sending block, err = Stale Update/Block
[peer] 02:00:45.648658 main.go:729: 19:Block sent to peer successful
[err] 02:00:45.648670 main.go:302: Error in sending block, err = Stale Update/Block
[peer] 02:00:45.649304 main.go:729: 19:Block sent to peer successful
[err] 02:00:45.649316 main.go:302: Error in sending block, err = Stale Update/Block
[peer] 02:00:45.649701 main.go:729: 19:Block sent to peer successful
[err] 02:00:45.649713 main.go:302: Error in sending block, err = Stale Update/Block
[peer] 02:00:45.650437 main.go:729: 19:Block sent to peer successful
[err] 02:00:45.650450 main.go:302: Error in sending block, err = Stale Update/Block
[peer] 02:00:45.650657 main.go:729: 19:Block sent to peer successful
[err] 02:00:45.650669 main.go:302: Error in sending block, err = Stale Update/Block
[peer] 02:00:45.651263 main.go:729: 19:Block sent to peer successful
[err] 02:00:45.651275 main.go:302: Error in sending block, err = Stale Update/Block
[peer] 02:00:45.651370 main.go:729: 19:Block sent to peer successful
[err] 02:00:45.651380 main.go:302: Error in sending block, err = Stale Update/Block
[peer] 02:00:45.683147 main.go:729: 19:Block sent to peer successful
[err] 02:00:45.683163 main.go:302: Error in sending block, err = Stale Update/Block
[peer] 02:00:45.690726 main.go:729: 19:Block sent to peer successful
[err] 02:00:45.690740 main.go:302: Error in sending block, err = Stale Update/Block
[peer] 02:00:45.719036 main.go:633: 19:Accepted new Connection
[peer] 02:00:45.732148 main.go:130: 19:Got block message, iteration 6
[peer] 02:00:45.732174 main.go:137: 19:Acquiring bool lock
[peer] 02:00:45.732181 main.go:139: 19:Acquired bool lock
[peer] 02:00:45.732187 main.go:140: Chain Length:8
[peer] 02:00:45.732193 main.go:142: Chain Length:8
[peer] 02:00:45.732199 main.go:147: Already have block
[peer] 02:00:45.732206 main.go:152: 19:Bool lock released
[peer] 02:00:45.732212 main.go:179: 19:Equal block
[peer] 02:00:45.735748 main.go:729: 19:Block sent to peer successful
[err] 02:00:45.735762 main.go:302: Error in sending block, err = Stale Update/Block
[peer] 02:00:45.775285 main.go:633: 19:Accepted new Connection
[peer] 02:00:45.775539 main.go:130: 19:Got block message, iteration 6
[peer] 02:00:45.775558 main.go:137: 19:Acquiring bool lock
[peer] 02:00:45.775563 main.go:139: 19:Acquired bool lock
[peer] 02:00:45.775569 main.go:140: Chain Length:8
[peer] 02:00:45.775574 main.go:142: Chain Length:8
[peer] 02:00:45.775580 main.go:147: Already have block
[peer] 02:00:45.775587 main.go:152: 19:Bool lock released
[peer] 02:00:45.775593 main.go:179: 19:Equal block
[peer] 02:00:45.777749 main.go:729: 19:Block sent to peer successful
[err] 02:00:45.777762 main.go:302: Error in sending block, err = Stale Update/Block
[peer] 02:00:45.781760 main.go:633: 19:Accepted new Connection
[peer] 02:00:45.783486 main.go:729: 19:Block sent to peer successful
[err] 02:00:45.783499 main.go:302: Error in sending block, err = Stale Update/Block
[peer] 02:00:45.800716 main.go:130: 19:Got block message, iteration 6
[peer] 02:00:45.800743 main.go:137: 19:Acquiring bool lock
[peer] 02:00:45.800750 main.go:139: 19:Acquired bool lock
[peer] 02:00:45.800756 main.go:140: Chain Length:8
[peer] 02:00:45.800761 main.go:142: Chain Length:8
[peer] 02:00:45.800767 main.go:147: Already have block
[peer] 02:00:45.800774 main.go:152: 19:Bool lock released
[peer] 02:00:45.800780 main.go:179: 19:Equal block
[peer] 02:00:45.847409 main.go:633: 19:Accepted new Connection
[peer] 02:00:45.855230 main.go:729: 19:Block sent to peer successful
[err] 02:00:45.855248 main.go:302: Error in sending block, err = Stale Update/Block
[peer] 02:00:45.905843 main.go:633: 19:Accepted new Connection
[peer] 02:00:45.908252 main.go:130: 19:Got block message, iteration 6
[peer] 02:00:45.908270 main.go:137: 19:Acquiring bool lock
[peer] 02:00:45.908276 main.go:139: 19:Acquired bool lock
[peer] 02:00:45.908282 main.go:140: Chain Length:8
[peer] 02:00:45.908287 main.go:142: Chain Length:8
[peer] 02:00:45.908292 main.go:147: Already have block
[peer] 02:00:45.908299 main.go:152: 19:Bool lock released
[peer] 02:00:45.908305 main.go:179: 19:Equal block
[peer] 02:00:45.909194 main.go:633: 19:Accepted new Connection
[peer] 02:00:45.909503 main.go:729: 19:Block sent to peer successful
[err] 02:00:45.909517 main.go:302: Error in sending block, err = Stale Update/Block
[peer] 02:00:45.910299 main.go:729: 19:Block sent to peer successful
[err] 02:00:45.910314 main.go:302: Error in sending block, err = Stale Update/Block
[peer] 02:00:45.932682 main.go:130: 19:Got block message, iteration 6
[peer] 02:00:45.932715 main.go:137: 19:Acquiring bool lock
[peer] 02:00:45.932722 main.go:139: 19:Acquired bool lock
[peer] 02:00:45.932728 main.go:140: Chain Length:8
[peer] 02:00:45.932733 main.go:142: Chain Length:8
[peer] 02:00:45.932739 main.go:147: Already have block
[peer] 02:00:45.932746 main.go:152: 19:Bool lock released
[peer] 02:00:45.932751 main.go:179: 19:Equal block
[peer] 02:00:45.941145 main.go:130: 19:Got block message, iteration 6
[peer] 02:00:45.941172 main.go:137: 19:Acquiring bool lock
[peer] 02:00:45.941180 main.go:139: 19:Acquired bool lock
[peer] 02:00:45.941186 main.go:140: Chain Length:8
[peer] 02:00:45.941191 main.go:142: Chain Length:8
[peer] 02:00:45.941197 main.go:147: Already have block
[peer] 02:00:45.941204 main.go:152: 19:Bool lock released
[peer] 02:00:45.941210 main.go:179: 19:Equal block
[peer] 02:00:45.941358 main.go:729: 19:Block sent to peer successful
[err] 02:00:45.941371 main.go:302: Error in sending block, err = Stale Update/Block
[peer] 02:00:45.941415 main.go:684: 19:RPC calls successfully returned. Iteration: 6
[peer] 02:00:45.942889 main.go:633: 19:Accepted new Connection
[peer] 02:00:45.947686 main.go:130: 19:Got block message, iteration 6
[peer] 02:00:45.947705 main.go:137: 19:Acquiring bool lock
[peer] 02:00:45.947712 main.go:139: 19:Acquired bool lock
[peer] 02:00:45.947717 main.go:140: Chain Length:8
[peer] 02:00:45.947722 main.go:142: Chain Length:8
[peer] 02:00:45.947727 main.go:147: Already have block
[peer] 02:00:45.947735 main.go:152: 19:Bool lock released
[peer] 02:00:45.947740 main.go:179: 19:Equal block
[peer] 02:00:46.025248 honest.go:81: 19Train Error is 0.09162 in Iteration 6
[peer] 02:00:46.025265 main.go:692: 19:Preparing for next Iteration. Current Iteration: 6
[peer] 02:00:46.025271 main.go:588: 19:Acquiring bool lock
[peer] 02:00:46.025277 main.go:590: 19:Acquired bool lock
[peer] 02:00:46.026475 main.go:609: 19:I am not verifier IterationCount:7
[peer] 02:00:46.026488 main.go:614: 19:Bool lock released
[peer] 02:00:46.043658 main.go:824: 19:Computing Update
[peer] 02:00:46.044270 main.go:270: 19 : VRF returned ID map[8:{}]
[peer] 02:00:46.044296 main.go:280: 19 :Verifiers [198.162.52.126:8008] returned.
[peer] 02:00:46.044848 main.go:869: 19:Making RPC Call to Verifier. Sending Update, Iteration:7
[peer] 02:00:46.046336 main.go:876: 19:Update sent successfully
[peer] 02:00:51.036679 main.go:633: 19:Accepted new Connection
[peer] 02:00:51.041582 main.go:130: 19:Got block message, iteration 7
[peer] 02:00:51.041651 main.go:137: 19:Acquiring bool lock
[peer] 02:00:51.041667 main.go:139: 19:Acquired bool lock
[peer] 02:00:51.041681 main.go:140: Chain Length:8
[peer] 02:00:51.041694 main.go:142: Chain Length:8
[peer] 02:00:51.041707 main.go:187: 19:Sending to channel
[peer] 02:00:51.041729 main.go:193: 19:Sent to channel
[peer] 02:00:51.041746 main.go:195: 19:Returning
[peer] 02:00:51.042134 main.go:777: 19:Adding block to chain
[peer] 02:00:51.042171 honest.go:222: Trying to append block with iteration:7
[peer] 02:00:51.042184 honest.go:238: Append successful
[peer] 02:00:51.042198 main.go:781: 19:Adding block to chain
[peer] 02:00:51.042209 main.go:787: 19:Checking convergence
[peer] 02:00:51.042364 main.go:633: 19:Accepted new Connection
[peer] 02:00:51.042388 main.go:955: 19:Block Received. Appending to chain and moving on to the next iteration. 7
[peer] 02:00:51.046947 main.go:130: 19:Got block message, iteration 7
[peer] 02:00:51.046976 main.go:137: 19:Acquiring bool lock
[peer] 02:00:51.048161 main.go:633: 19:Accepted new Connection
[peer] 02:00:51.049571 main.go:130: 19:Got block message, iteration 7
[peer] 02:00:51.049611 main.go:137: 19:Acquiring bool lock
[peer] 02:00:51.061949 main.go:633: 19:Accepted new Connection
[peer] 02:00:51.063737 main.go:633: 19:Accepted new Connection
[peer] 02:00:51.063779 main.go:633: 19:Accepted new Connection
[peer] 02:00:51.064589 main.go:633: 19:Accepted new Connection
[peer] 02:00:51.065590 main.go:130: 19:Got block message, iteration 7
[peer] 02:00:51.065618 main.go:137: 19:Acquiring bool lock
[peer] 02:00:51.073413 main.go:130: 19:Got block message, iteration 7
[peer] 02:00:51.073452 main.go:137: 19:Acquiring bool lock
[peer] 02:00:51.075133 main.go:130: 19:Got block message, iteration 7
[peer] 02:00:51.075162 main.go:137: 19:Acquiring bool lock
[peer] 02:00:51.076123 main.go:633: 19:Accepted new Connection
[peer] 02:00:51.081775 main.go:130: 19:Got block message, iteration 7
[peer] 02:00:51.081811 main.go:137: 19:Acquiring bool lock
[peer] 02:00:51.089078 main.go:633: 19:Accepted new Connection
[peer] 02:00:51.089601 main.go:130: 19:Got block message, iteration 7
[peer] 02:00:51.089622 main.go:137: 19:Acquiring bool lock
[peer] 02:00:51.089772 main.go:130: 19:Got block message, iteration 7
[peer] 02:00:51.089815 main.go:137: 19:Acquiring bool lock
[peer] 02:00:51.096001 main.go:633: 19:Accepted new Connection
[peer] 02:00:51.103217 main.go:633: 19:Accepted new Connection
[peer] 02:00:51.104991 main.go:130: 19:Got block message, iteration 7
[peer] 02:00:51.105015 main.go:137: 19:Acquiring bool lock
[peer] 02:00:51.110682 main.go:633: 19:Accepted new Connection
[peer] 02:00:51.110946 main.go:130: 19:Got block message, iteration 7
[peer] 02:00:51.110969 main.go:137: 19:Acquiring bool lock
[peer] 02:00:51.124547 main.go:633: 19:Accepted new Connection
[peer] 02:00:51.142151 main.go:130: 19:Got block message, iteration 7
[peer] 02:00:51.142180 main.go:137: 19:Acquiring bool lock
[peer] 02:00:51.142215 main.go:633: 19:Accepted new Connection
[peer] 02:00:51.158612 main.go:130: 19:Got block message, iteration 7
[peer] 02:00:51.158636 main.go:137: 19:Acquiring bool lock
[peer] 02:00:51.163809 main.go:633: 19:Accepted new Connection
[peer] 02:00:51.164068 main.go:130: 19:Got block message, iteration 7
[peer] 02:00:51.164089 main.go:137: 19:Acquiring bool lock
[peer] 02:00:51.167081 honest.go:81: 19Train Error is 0.06929 in Iteration 7
[peer] 02:00:51.167099 main.go:790: 19:Convergence checked
[peer] 02:00:51.167114 main.go:793: 19:Bool lock released
[peer] 02:00:51.167144 main.go:664: 19:Sending block. Iteration: 7
[peer] 02:00:51.167275 main.go:139: 19:Acquired bool lock
[peer] 02:00:51.167288 main.go:140: Chain Length:9
[peer] 02:00:51.167294 main.go:142: Chain Length:9
[peer] 02:00:51.167300 main.go:147: Already have block
[peer] 02:00:51.167308 main.go:152: 19:Bool lock released
[peer] 02:00:51.167314 main.go:179: 19:Equal block
[peer] 02:00:51.167368 main.go:139: 19:Acquired bool lock
[peer] 02:00:51.167377 main.go:140: Chain Length:9
[peer] 02:00:51.167383 main.go:142: Chain Length:9
[peer] 02:00:51.167389 main.go:147: Already have block
[peer] 02:00:51.167396 main.go:152: 19:Bool lock released
[peer] 02:00:51.167402 main.go:179: 19:Equal block
[peer] 02:00:51.168316 main.go:139: 19:Acquired bool lock
[peer] 02:00:51.168329 main.go:140: Chain Length:9
[peer] 02:00:51.168335 main.go:142: Chain Length:9
[peer] 02:00:51.168340 main.go:147: Already have block
[peer] 02:00:51.168348 main.go:152: 19:Bool lock released
[peer] 02:00:51.168354 main.go:179: 19:Equal block
[peer] 02:00:51.168402 main.go:139: 19:Acquired bool lock
[peer] 02:00:51.168411 main.go:140: Chain Length:9
[peer] 02:00:51.168417 main.go:142: Chain Length:9
[peer] 02:00:51.168422 main.go:147: Already have block
[peer] 02:00:51.168429 main.go:152: 19:Bool lock released
[peer] 02:00:51.168435 main.go:179: 19:Equal block
[peer] 02:00:51.168476 main.go:139: 19:Acquired bool lock
[peer] 02:00:51.168485 main.go:140: Chain Length:9
[peer] 02:00:51.168490 main.go:142: Chain Length:9
[peer] 02:00:51.168496 main.go:147: Already have block
[peer] 02:00:51.168503 main.go:152: 19:Bool lock released
[peer] 02:00:51.168509 main.go:179: 19:Equal block
[peer] 02:00:51.168551 main.go:139: 19:Acquired bool lock
[peer] 02:00:51.168560 main.go:140: Chain Length:9
[peer] 02:00:51.168565 main.go:142: Chain Length:9
[peer] 02:00:51.168570 main.go:147: Already have block
[peer] 02:00:51.168578 main.go:152: 19:Bool lock released
[peer] 02:00:51.168584 main.go:179: 19:Equal block
[peer] 02:00:51.168622 main.go:139: 19:Acquired bool lock
[peer] 02:00:51.168631 main.go:140: Chain Length:9
[peer] 02:00:51.168644 main.go:142: Chain Length:9
[peer] 02:00:51.168651 main.go:147: Already have block
[peer] 02:00:51.168658 main.go:152: 19:Bool lock released
[peer] 02:00:51.168664 main.go:179: 19:Equal block
[peer] 02:00:51.168704 main.go:139: 19:Acquired bool lock
[peer] 02:00:51.168712 main.go:140: Chain Length:9
[peer] 02:00:51.168718 main.go:142: Chain Length:9
[peer] 02:00:51.168723 main.go:147: Already have block
[peer] 02:00:51.168730 main.go:152: 19:Bool lock released
[peer] 02:00:51.168736 main.go:179: 19:Equal block
[peer] 02:00:51.168774 main.go:139: 19:Acquired bool lock
[peer] 02:00:51.168783 main.go:140: Chain Length:9
[peer] 02:00:51.168788 main.go:142: Chain Length:9
[peer] 02:00:51.168794 main.go:147: Already have block
[peer] 02:00:51.168801 main.go:152: 19:Bool lock released
[peer] 02:00:51.168807 main.go:179: 19:Equal block
[peer] 02:00:51.168846 main.go:139: 19:Acquired bool lock
[peer] 02:00:51.168855 main.go:140: Chain Length:9
[peer] 02:00:51.168860 main.go:142: Chain Length:9
[peer] 02:00:51.168866 main.go:147: Already have block
[peer] 02:00:51.168873 main.go:152: 19:Bool lock released
[peer] 02:00:51.168879 main.go:179: 19:Equal block
[peer] 02:00:51.168922 main.go:139: 19:Acquired bool lock
[peer] 02:00:51.168931 main.go:140: Chain Length:9
[peer] 02:00:51.168937 main.go:142: Chain Length:9
[peer] 02:00:51.168942 main.go:147: Already have block
[peer] 02:00:51.168949 main.go:152: 19:Bool lock released
[peer] 02:00:51.168955 main.go:179: 19:Equal block
[peer] 02:00:51.169000 main.go:139: 19:Acquired bool lock
[peer] 02:00:51.169010 main.go:140: Chain Length:9
[peer] 02:00:51.169015 main.go:142: Chain Length:9
[peer] 02:00:51.169021 main.go:147: Already have block
[peer] 02:00:51.169028 main.go:152: 19:Bool lock released
[peer] 02:00:51.169034 main.go:179: 19:Equal block
[peer] 02:00:51.169076 main.go:139: 19:Acquired bool lock
[peer] 02:00:51.169085 main.go:140: Chain Length:9
[peer] 02:00:51.169091 main.go:142: Chain Length:9
[peer] 02:00:51.169096 main.go:147: Already have block
[peer] 02:00:51.169103 main.go:152: 19:Bool lock released
[peer] 02:00:51.169108 main.go:179: 19:Equal block
[peer] 02:00:51.174661 main.go:729: 19:Block sent to peer successful
[err] 02:00:51.174676 main.go:302: Error in sending block, err = Stale Update/Block
[peer] 02:00:51.174942 main.go:729: 19:Block sent to peer successful
[err] 02:00:51.174962 main.go:302: Error in sending block, err = Stale Update/Block
[peer] 02:00:51.175217 main.go:729: 19:Block sent to peer successful
[err] 02:00:51.175235 main.go:302: Error in sending block, err = Stale Update/Block
[peer] 02:00:51.175297 main.go:729: 19:Block sent to peer successful
[err] 02:00:51.175313 main.go:302: Error in sending block, err = Stale Update/Block
[peer] 02:00:51.175719 main.go:729: 19:Block sent to peer successful
[err] 02:00:51.175731 main.go:302: Error in sending block, err = Stale Update/Block
[peer] 02:00:51.175832 main.go:729: 19:Block sent to peer successful
[err] 02:00:51.175843 main.go:302: Error in sending block, err = Stale Update/Block
[peer] 02:00:51.175947 main.go:729: 19:Block sent to peer successful
[err] 02:00:51.175958 main.go:302: Error in sending block, err = Stale Update/Block
[peer] 02:00:51.175971 main.go:729: 19:Block sent to peer successful
[err] 02:00:51.175984 main.go:302: Error in sending block, err = Stale Update/Block
[peer] 02:00:51.176169 main.go:130: 19:Got block message, iteration 7
[peer] 02:00:51.176189 main.go:137: 19:Acquiring bool lock
[peer] 02:00:51.176195 main.go:139: 19:Acquired bool lock
[peer] 02:00:51.176200 main.go:140: Chain Length:9
[peer] 02:00:51.176206 main.go:142: Chain Length:9
[peer] 02:00:51.176211 main.go:147: Already have block
[peer] 02:00:51.176219 main.go:152: 19:Bool lock released
[peer] 02:00:51.176224 main.go:179: 19:Equal block
[peer] 02:00:51.176544 main.go:729: 19:Block sent to peer successful
[err] 02:00:51.176558 main.go:302: Error in sending block, err = Stale Update/Block
[peer] 02:00:51.176562 main.go:729: 19:Block sent to peer successful
[err] 02:00:51.176575 main.go:302: Error in sending block, err = Stale Update/Block
[peer] 02:00:51.176664 main.go:729: 19:Block sent to peer successful
[err] 02:00:51.176677 main.go:302: Error in sending block, err = Stale Update/Block
[peer] 02:00:51.177045 main.go:729: 19:Block sent to peer successful
[err] 02:00:51.177059 main.go:302: Error in sending block, err = Stale Update/Block
[peer] 02:00:51.177160 main.go:729: 19:Block sent to peer successful
[err] 02:00:51.177171 main.go:302: Error in sending block, err = Stale Update/Block
[peer] 02:00:51.178655 main.go:729: 19:Block sent to peer successful
[err] 02:00:51.178666 main.go:302: Error in sending block, err = Stale Update/Block
[peer] 02:00:51.195336 main.go:729: 19:Block sent to peer successful
[err] 02:00:51.195350 main.go:302: Error in sending block, err = Stale Update/Block
[peer] 02:00:51.208733 main.go:633: 19:Accepted new Connection
[peer] 02:00:51.235504 main.go:633: 19:Accepted new Connection
[peer] 02:00:51.235956 main.go:130: 19:Got block message, iteration 7
[peer] 02:00:51.235978 main.go:137: 19:Acquiring bool lock
[peer] 02:00:51.235984 main.go:139: 19:Acquired bool lock
[peer] 02:00:51.235990 main.go:140: Chain Length:9
[peer] 02:00:51.235996 main.go:142: Chain Length:9
[peer] 02:00:51.236001 main.go:147: Already have block
[peer] 02:00:51.236009 main.go:152: 19:Bool lock released
[peer] 02:00:51.236016 main.go:179: 19:Equal block
[peer] 02:00:51.236160 main.go:729: 19:Block sent to peer successful
[err] 02:00:51.236173 main.go:302: Error in sending block, err = Stale Update/Block
[peer] 02:00:51.262568 main.go:130: 19:Got block message, iteration 7
[peer] 02:00:51.262586 main.go:137: 19:Acquiring bool lock
[peer] 02:00:51.262593 main.go:139: 19:Acquired bool lock
[peer] 02:00:51.262600 main.go:140: Chain Length:9
[peer] 02:00:51.262606 main.go:142: Chain Length:9
[peer] 02:00:51.262612 main.go:147: Already have block
[peer] 02:00:51.262620 main.go:152: 19:Bool lock released
[peer] 02:00:51.262628 main.go:179: 19:Equal block
[peer] 02:00:51.262816 main.go:729: 19:Block sent to peer successful
[err] 02:00:51.262831 main.go:302: Error in sending block, err = Stale Update/Block
[peer] 02:00:51.264326 main.go:633: 19:Accepted new Connection
[peer] 02:00:51.278170 main.go:729: 19:Block sent to peer successful
[err] 02:00:51.278191 main.go:302: Error in sending block, err = Stale Update/Block
[peer] 02:00:51.278216 main.go:130: 19:Got block message, iteration 7
[peer] 02:00:51.278237 main.go:137: 19:Acquiring bool lock
[peer] 02:00:51.278243 main.go:139: 19:Acquired bool lock
[peer] 02:00:51.278249 main.go:140: Chain Length:9
[peer] 02:00:51.278254 main.go:142: Chain Length:9
[peer] 02:00:51.278260 main.go:147: Already have block
[peer] 02:00:51.278268 main.go:152: 19:Bool lock released
[peer] 02:00:51.278274 main.go:179: 19:Equal block
[peer] 02:00:51.291368 main.go:633: 19:Accepted new Connection
[peer] 02:00:51.291705 main.go:130: 19:Got block message, iteration 7
[peer] 02:00:51.291725 main.go:137: 19:Acquiring bool lock
[peer] 02:00:51.291731 main.go:139: 19:Acquired bool lock
[peer] 02:00:51.291737 main.go:140: Chain Length:9
[peer] 02:00:51.291743 main.go:142: Chain Length:9
[peer] 02:00:51.291749 main.go:147: Already have block
[peer] 02:00:51.291756 main.go:152: 19:Bool lock released
[peer] 02:00:51.291763 main.go:179: 19:Equal block
[peer] 02:00:51.299186 main.go:729: 19:Block sent to peer successful
[err] 02:00:51.299207 main.go:302: Error in sending block, err = Stale Update/Block
[peer] 02:00:51.299256 main.go:684: 19:RPC calls successfully returned. Iteration: 7
[peer] 02:00:51.304406 honest.go:81: 19Train Error is 0.06929 in Iteration 7
[peer] 02:00:51.304421 main.go:692: 19:Preparing for next Iteration. Current Iteration: 7
[peer] 02:00:51.304428 main.go:588: 19:Acquiring bool lock
[peer] 02:00:51.304433 main.go:590: 19:Acquired bool lock
[peer] 02:00:51.305603 main.go:609: 19:I am not verifier IterationCount:8
[peer] 02:00:51.305616 main.go:614: 19:Bool lock released
[peer] 02:00:51.367655 main.go:824: 19:Computing Update
[peer] 02:00:51.368109 main.go:270: 19 : VRF returned ID map[12:{}]
[peer] 02:00:51.368155 main.go:280: 19 :Verifiers [198.162.52.57:8012] returned.
[peer] 02:00:51.368392 main.go:869: 19:Making RPC Call to Verifier. Sending Update, Iteration:8
[peer] 02:00:51.369473 main.go:876: 19:Update sent successfully
[peer] 02:00:56.424861 main.go:633: 19:Accepted new Connection
[peer] 02:00:56.449946 main.go:633: 19:Accepted new Connection
[peer] 02:00:56.450008 main.go:633: 19:Accepted new Connection
[peer] 02:00:56.450467 main.go:130: 19:Got block message, iteration 8
[peer] 02:00:56.450502 main.go:137: 19:Acquiring bool lock
[peer] 02:00:56.450513 main.go:139: 19:Acquired bool lock
[peer] 02:00:56.450523 main.go:140: Chain Length:9
[peer] 02:00:56.450533 main.go:142: Chain Length:9
[peer] 02:00:56.450544 main.go:187: 19:Sending to channel
[peer] 02:00:56.450560 main.go:193: 19:Sent to channel
[peer] 02:00:56.450574 main.go:195: 19:Returning
[peer] 02:00:56.450812 main.go:777: 19:Adding block to chain
[peer] 02:00:56.450841 honest.go:222: Trying to append block with iteration:8
[peer] 02:00:56.450853 honest.go:238: Append successful
[peer] 02:00:56.450865 main.go:781: 19:Adding block to chain
[peer] 02:00:56.450876 main.go:787: 19:Checking convergence
[peer] 02:00:56.452448 main.go:955: 19:Block Received. Appending to chain and moving on to the next iteration. 8
[peer] 02:00:56.464358 main.go:633: 19:Accepted new Connection
[peer] 02:00:56.464399 main.go:633: 19:Accepted new Connection
[peer] 02:00:56.464677 main.go:130: 19:Got block message, iteration 8
[peer] 02:00:56.464705 main.go:137: 19:Acquiring bool lock
[peer] 02:00:56.464973 main.go:130: 19:Got block message, iteration 8
[peer] 02:00:56.464999 main.go:137: 19:Acquiring bool lock
[peer] 02:00:56.465267 main.go:130: 19:Got block message, iteration 8
[peer] 02:00:56.465293 main.go:137: 19:Acquiring bool lock
[peer] 02:00:56.465331 main.go:633: 19:Accepted new Connection
[peer] 02:00:56.467790 main.go:130: 19:Got block message, iteration 8
[peer] 02:00:56.467830 main.go:137: 19:Acquiring bool lock
[peer] 02:00:56.474893 main.go:633: 19:Accepted new Connection
[peer] 02:00:56.475207 main.go:130: 19:Got block message, iteration 8
[peer] 02:00:56.475235 main.go:137: 19:Acquiring bool lock
[peer] 02:00:56.475497 main.go:130: 19:Got block message, iteration 8
[peer] 02:00:56.475522 main.go:137: 19:Acquiring bool lock
[peer] 02:00:56.488795 main.go:633: 19:Accepted new Connection
[peer] 02:00:56.490216 main.go:130: 19:Got block message, iteration 8
[peer] 02:00:56.490247 main.go:137: 19:Acquiring bool lock
[peer] 02:00:56.521045 main.go:633: 19:Accepted new Connection
[peer] 02:00:56.521553 main.go:633: 19:Accepted new Connection
[peer] 02:00:56.521588 main.go:633: 19:Accepted new Connection
[peer] 02:00:56.522870 main.go:130: 19:Got block message, iteration 8
[peer] 02:00:56.522895 main.go:137: 19:Acquiring bool lock
[peer] 02:00:56.527972 main.go:130: 19:Got block message, iteration 8
[peer] 02:00:56.527999 main.go:137: 19:Acquiring bool lock
[peer] 02:00:56.535741 main.go:130: 19:Got block message, iteration 8
[peer] 02:00:56.535767 main.go:137: 19:Acquiring bool lock
[peer] 02:00:56.535797 main.go:633: 19:Accepted new Connection
[peer] 02:00:56.536031 main.go:130: 19:Got block message, iteration 8
[peer] 02:00:56.536052 main.go:137: 19:Acquiring bool lock
[peer] 02:00:56.546406 honest.go:81: 19Train Error is 0.06434 in Iteration 8
[peer] 02:00:56.546427 main.go:790: 19:Convergence checked
[peer] 02:00:56.546447 main.go:793: 19:Bool lock released
[peer] 02:00:56.546544 main.go:664: 19:Sending block. Iteration: 8
[peer] 02:00:56.546692 main.go:139: 19:Acquired bool lock
[peer] 02:00:56.546706 main.go:140: Chain Length:10
[peer] 02:00:56.546713 main.go:142: Chain Length:10
[peer] 02:00:56.546720 main.go:147: Already have block
[peer] 02:00:56.546729 main.go:152: 19:Bool lock released
[peer] 02:00:56.546737 main.go:179: 19:Equal block
[peer] 02:00:56.546799 main.go:139: 19:Acquired bool lock
[peer] 02:00:56.546811 main.go:140: Chain Length:10
[peer] 02:00:56.546818 main.go:142: Chain Length:10
[peer] 02:00:56.546824 main.go:147: Already have block
[peer] 02:00:56.546845 main.go:152: 19:Bool lock released
[peer] 02:00:56.546854 main.go:179: 19:Equal block
[peer] 02:00:56.546895 main.go:139: 19:Acquired bool lock
[peer] 02:00:56.546905 main.go:140: Chain Length:10
[peer] 02:00:56.546911 main.go:142: Chain Length:10
[peer] 02:00:56.546917 main.go:147: Already have block
[peer] 02:00:56.546925 main.go:152: 19:Bool lock released
[peer] 02:00:56.546931 main.go:179: 19:Equal block
[peer] 02:00:56.546968 main.go:139: 19:Acquired bool lock
[peer] 02:00:56.546977 main.go:140: Chain Length:10
[peer] 02:00:56.546983 main.go:142: Chain Length:10
[peer] 02:00:56.546989 main.go:147: Already have block
[peer] 02:00:56.546997 main.go:152: 19:Bool lock released
[peer] 02:00:56.547004 main.go:179: 19:Equal block
[peer] 02:00:56.547040 main.go:139: 19:Acquired bool lock
[peer] 02:00:56.547049 main.go:140: Chain Length:10
[peer] 02:00:56.547055 main.go:142: Chain Length:10
[peer] 02:00:56.547061 main.go:147: Already have block
[peer] 02:00:56.547069 main.go:152: 19:Bool lock released
[peer] 02:00:56.547076 main.go:179: 19:Equal block
[peer] 02:00:56.547114 main.go:139: 19:Acquired bool lock
[peer] 02:00:56.547123 main.go:140: Chain Length:10
[peer] 02:00:56.547129 main.go:142: Chain Length:10
[peer] 02:00:56.547135 main.go:147: Already have block
[peer] 02:00:56.547143 main.go:152: 19:Bool lock released
[peer] 02:00:56.547149 main.go:179: 19:Equal block
[peer] 02:00:56.546806 main.go:633: 19:Accepted new Connection
[peer] 02:00:56.547861 main.go:139: 19:Acquired bool lock
[peer] 02:00:56.547871 main.go:140: Chain Length:10
[peer] 02:00:56.547878 main.go:142: Chain Length:10
[peer] 02:00:56.547884 main.go:147: Already have block
[peer] 02:00:56.547893 main.go:152: 19:Bool lock released
[peer] 02:00:56.547899 main.go:179: 19:Equal block
[peer] 02:00:56.547943 main.go:139: 19:Acquired bool lock
[peer] 02:00:56.547952 main.go:140: Chain Length:10
[peer] 02:00:56.547958 main.go:142: Chain Length:10
[peer] 02:00:56.547964 main.go:147: Already have block
[peer] 02:00:56.547972 main.go:152: 19:Bool lock released
[peer] 02:00:56.547979 main.go:179: 19:Equal block
[peer] 02:00:56.548024 main.go:139: 19:Acquired bool lock
[peer] 02:00:56.548034 main.go:140: Chain Length:10
[peer] 02:00:56.548040 main.go:142: Chain Length:10
[peer] 02:00:56.548046 main.go:147: Already have block
[peer] 02:00:56.548054 main.go:152: 19:Bool lock released
[peer] 02:00:56.548061 main.go:179: 19:Equal block
[peer] 02:00:56.548095 main.go:139: 19:Acquired bool lock
[peer] 02:00:56.548104 main.go:140: Chain Length:10
[peer] 02:00:56.548110 main.go:142: Chain Length:10
[peer] 02:00:56.548116 main.go:147: Already have block
[peer] 02:00:56.548123 main.go:152: 19:Bool lock released
[peer] 02:00:56.548130 main.go:179: 19:Equal block
[peer] 02:00:56.548172 main.go:139: 19:Acquired bool lock
[peer] 02:00:56.548181 main.go:140: Chain Length:10
[peer] 02:00:56.548187 main.go:142: Chain Length:10
[peer] 02:00:56.548193 main.go:147: Already have block
[peer] 02:00:56.548200 main.go:152: 19:Bool lock released
[peer] 02:00:56.548206 main.go:179: 19:Equal block
[peer] 02:00:56.548916 main.go:633: 19:Accepted new Connection
[peer] 02:00:56.548962 main.go:729: 19:Block sent to peer successful
[err] 02:00:56.548977 main.go:302: Error in sending block, err = Stale Update/Block
[peer] 02:00:56.549046 main.go:729: 19:Block sent to peer successful
[err] 02:00:56.549060 main.go:302: Error in sending block, err = Stale Update/Block
[peer] 02:00:56.549064 main.go:729: 19:Block sent to peer successful
[err] 02:00:56.549077 main.go:302: Error in sending block, err = Stale Update/Block
[peer] 02:00:56.549109 main.go:729: 19:Block sent to peer successful
[err] 02:00:56.549123 main.go:302: Error in sending block, err = Stale Update/Block
[peer] 02:00:56.551950 main.go:130: 19:Got block message, iteration 8
[peer] 02:00:56.551974 main.go:137: 19:Acquiring bool lock
[peer] 02:00:56.551984 main.go:139: 19:Acquired bool lock
[peer] 02:00:56.551993 main.go:140: Chain Length:10
[peer] 02:00:56.552003 main.go:142: Chain Length:10
[peer] 02:00:56.552012 main.go:147: Already have block
[peer] 02:00:56.552036 main.go:152: 19:Bool lock released
[peer] 02:00:56.552047 main.go:179: 19:Equal block
[peer] 02:00:56.552169 main.go:633: 19:Accepted new Connection
[peer] 02:00:56.552193 main.go:729: 19:Block sent to peer successful
[err] 02:00:56.552221 main.go:302: Error in sending block, err = Stale Update/Block
[peer] 02:00:56.552202 main.go:633: 19:Accepted new Connection
[peer] 02:00:56.552358 main.go:729: 19:Block sent to peer successful
[err] 02:00:56.552382 main.go:302: Error in sending block, err = Stale Update/Block
[peer] 02:00:56.552649 main.go:130: 19:Got block message, iteration 8
[peer] 02:00:56.552674 main.go:137: 19:Acquiring bool lock
[peer] 02:00:56.552684 main.go:139: 19:Acquired bool lock
[peer] 02:00:56.552695 main.go:140: Chain Length:10
[peer] 02:00:56.552707 main.go:142: Chain Length:10
[peer] 02:00:56.552717 main.go:147: Already have block
[peer] 02:00:56.552728 main.go:152: 19:Bool lock released
[peer] 02:00:56.552737 main.go:179: 19:Equal block
[peer] 02:00:56.552986 main.go:729: 19:Block sent to peer successful
[err] 02:00:56.553004 main.go:302: Error in sending block, err = Stale Update/Block
[peer] 02:00:56.553978 main.go:729: 19:Block sent to peer successful
[err] 02:00:56.553994 main.go:302: Error in sending block, err = Stale Update/Block
[peer] 02:00:56.554870 main.go:729: 19:Block sent to peer successful
[err] 02:00:56.554884 main.go:302: Error in sending block, err = Stale Update/Block
[peer] 02:00:56.555018 main.go:729: 19:Block sent to peer successful
[err] 02:00:56.555030 main.go:302: Error in sending block, err = Stale Update/Block
[peer] 02:00:56.555750 main.go:130: 19:Got block message, iteration 8
[peer] 02:00:56.555799 main.go:137: 19:Acquiring bool lock
[peer] 02:00:56.555808 main.go:139: 19:Acquired bool lock
[peer] 02:00:56.555814 main.go:140: Chain Length:10
[peer] 02:00:56.555820 main.go:142: Chain Length:10
[peer] 02:00:56.555826 main.go:147: Already have block
[peer] 02:00:56.555833 main.go:152: 19:Bool lock released
[peer] 02:00:56.555840 main.go:179: 19:Equal block
[peer] 02:00:56.556234 main.go:729: 19:Block sent to peer successful
[err] 02:00:56.556247 main.go:302: Error in sending block, err = Stale Update/Block
[peer] 02:00:56.556435 main.go:729: 19:Block sent to peer successful
[err] 02:00:56.556458 main.go:302: Error in sending block, err = Stale Update/Block
[peer] 02:00:56.556589 main.go:729: 19:Block sent to peer successful
[err] 02:00:56.556619 main.go:302: Error in sending block, err = Stale Update/Block
[peer] 02:00:56.557311 main.go:729: 19:Block sent to peer successful
[err] 02:00:56.557329 main.go:302: Error in sending block, err = Stale Update/Block
[peer] 02:00:56.557582 main.go:729: 19:Block sent to peer successful
[err] 02:00:56.557595 main.go:302: Error in sending block, err = Stale Update/Block
[peer] 02:00:56.557701 main.go:729: 19:Block sent to peer successful
[err] 02:00:56.557713 main.go:302: Error in sending block, err = Stale Update/Block
[peer] 02:00:56.563568 main.go:130: 19:Got block message, iteration 8
[peer] 02:00:56.563592 main.go:137: 19:Acquiring bool lock
[peer] 02:00:56.563599 main.go:139: 19:Acquired bool lock
[peer] 02:00:56.563605 main.go:140: Chain Length:10
[peer] 02:00:56.563611 main.go:142: Chain Length:10
[peer] 02:00:56.563617 main.go:147: Already have block
[peer] 02:00:56.563624 main.go:152: 19:Bool lock released
[peer] 02:00:56.563631 main.go:179: 19:Equal block
[peer] 02:00:56.593208 main.go:633: 19:Accepted new Connection
[peer] 02:00:56.597244 main.go:633: 19:Accepted new Connection
[peer] 02:00:56.597351 main.go:130: 19:Got block message, iteration 8
[peer] 02:00:56.597362 main.go:137: 19:Acquiring bool lock
[peer] 02:00:56.597368 main.go:139: 19:Acquired bool lock
[peer] 02:00:56.597374 main.go:140: Chain Length:10
[peer] 02:00:56.597391 main.go:142: Chain Length:10
[peer] 02:00:56.597398 main.go:147: Already have block
[peer] 02:00:56.597406 main.go:152: 19:Bool lock released
[peer] 02:00:56.597412 main.go:179: 19:Equal block
[peer] 02:00:56.597375 main.go:729: 19:Block sent to peer successful
[err] 02:00:56.597483 main.go:302: Error in sending block, err = Stale Update/Block
[peer] 02:00:56.604825 main.go:633: 19:Accepted new Connection
[peer] 02:00:56.604975 main.go:729: 19:Block sent to peer successful
[err] 02:00:56.604989 main.go:302: Error in sending block, err = Stale Update/Block
[peer] 02:00:56.605038 main.go:130: 19:Got block message, iteration 8
[peer] 02:00:56.605057 main.go:137: 19:Acquiring bool lock
[peer] 02:00:56.605063 main.go:139: 19:Acquired bool lock
[peer] 02:00:56.605068 main.go:140: Chain Length:10
[peer] 02:00:56.605074 main.go:142: Chain Length:10
[peer] 02:00:56.605079 main.go:147: Already have block
[peer] 02:00:56.605087 main.go:152: 19:Bool lock released
[peer] 02:00:56.605093 main.go:179: 19:Equal block
[peer] 02:00:56.605248 main.go:130: 19:Got block message, iteration 8
[peer] 02:00:56.605266 main.go:137: 19:Acquiring bool lock
[peer] 02:00:56.605272 main.go:139: 19:Acquired bool lock
[peer] 02:00:56.605289 main.go:140: Chain Length:10
[peer] 02:00:56.605294 main.go:142: Chain Length:10
[peer] 02:00:56.605300 main.go:147: Already have block
[peer] 02:00:56.605308 main.go:152: 19:Bool lock released
[peer] 02:00:56.605314 main.go:179: 19:Equal block
[peer] 02:00:56.619861 main.go:729: 19:Block sent to peer successful
[err] 02:00:56.619876 main.go:302: Error in sending block, err = Stale Update/Block
[peer] 02:00:56.619925 main.go:684: 19:RPC calls successfully returned. Iteration: 8
[peer] 02:00:56.620886 honest.go:81: 19Train Error is 0.06434 in Iteration 8
[peer] 02:00:56.620899 main.go:692: 19:Preparing for next Iteration. Current Iteration: 8
[peer] 02:00:56.620918 main.go:588: 19:Acquiring bool lock
[peer] 02:00:56.620924 main.go:590: 19:Acquired bool lock
[peer] 02:00:56.622182 main.go:609: 19:I am not verifier IterationCount:9
[peer] 02:00:56.622195 main.go:614: 19:Bool lock released
[peer] 02:00:56.647358 main.go:824: 19:Computing Update
[peer] 02:00:56.647936 main.go:270: 19 : VRF returned ID map[13:{}]
[peer] 02:00:56.647982 main.go:280: 19 :Verifiers [198.162.52.57:8013] returned.
[peer] 02:00:56.648132 main.go:869: 19:Making RPC Call to Verifier. Sending Update, Iteration:9
[peer] 02:00:56.649355 main.go:876: 19:Update sent successfully
[peer] 02:00:56.833371 main.go:633: 19:Accepted new Connection
[peer] 02:00:56.846785 main.go:633: 19:Accepted new Connection
[peer] 02:00:56.846826 main.go:633: 19:Accepted new Connection
[peer] 02:00:56.847081 main.go:130: 19:Got block message, iteration 9
[peer] 02:00:56.847100 main.go:137: 19:Acquiring bool lock
[peer] 02:00:56.847106 main.go:139: 19:Acquired bool lock
[peer] 02:00:56.847112 main.go:140: Chain Length:10
[peer] 02:00:56.847117 main.go:142: Chain Length:10
[peer] 02:00:56.847123 main.go:187: 19:Sending to channel
[peer] 02:00:56.847132 main.go:193: 19:Sent to channel
[peer] 02:00:56.847139 main.go:195: 19:Returning
[peer] 02:00:56.847259 main.go:777: 19:Adding block to chain
[peer] 02:00:56.847274 honest.go:222: Trying to append block with iteration:9
[peer] 02:00:56.847280 honest.go:238: Append successful
[peer] 02:00:56.847287 main.go:781: 19:Adding block to chain
[peer] 02:00:56.847292 main.go:787: 19:Checking convergence
[peer] 02:00:56.848977 main.go:130: 19:Got block message, iteration 9
[peer] 02:00:56.848994 main.go:137: 19:Acquiring bool lock
[peer] 02:00:56.849167 main.go:130: 19:Got block message, iteration 9
[peer] 02:00:56.849182 main.go:137: 19:Acquiring bool lock
[peer] 02:00:56.849197 main.go:955: 19:Block Received. Appending to chain and moving on to the next iteration. 9
[peer] 02:00:56.854199 main.go:633: 19:Accepted new Connection
[peer] 02:00:56.854230 main.go:633: 19:Accepted new Connection
[peer] 02:00:56.855822 main.go:130: 19:Got block message, iteration 9
[peer] 02:00:56.855841 main.go:137: 19:Acquiring bool lock
[peer] 02:00:56.858725 main.go:633: 19:Accepted new Connection
[peer] 02:00:56.862046 main.go:130: 19:Got block message, iteration 9
[peer] 02:00:56.862066 main.go:137: 19:Acquiring bool lock
[peer] 02:00:56.866945 main.go:130: 19:Got block message, iteration 9
[peer] 02:00:56.866975 main.go:137: 19:Acquiring bool lock
[peer] 02:00:56.867788 main.go:633: 19:Accepted new Connection
[peer] 02:00:56.868047 main.go:633: 19:Accepted new Connection
[peer] 02:00:56.875420 main.go:130: 19:Got block message, iteration 9
[peer] 02:00:56.875441 main.go:137: 19:Acquiring bool lock
[peer] 02:00:56.876782 main.go:130: 19:Got block message, iteration 9
[peer] 02:00:56.876800 main.go:137: 19:Acquiring bool lock
[peer] 02:00:56.877698 main.go:633: 19:Accepted new Connection
[peer] 02:00:56.881083 main.go:130: 19:Got block message, iteration 9
[peer] 02:00:56.881101 main.go:137: 19:Acquiring bool lock
[peer] 02:00:56.887050 main.go:633: 19:Accepted new Connection
[peer] 02:00:56.888461 main.go:130: 19:Got block message, iteration 9
[peer] 02:00:56.888482 main.go:137: 19:Acquiring bool lock
[peer] 02:00:56.888831 honest.go:81: 19Train Error is 0.05453 in Iteration 9
[peer] 02:00:56.888851 main.go:790: 19:Convergence checked
[peer] 02:00:56.888859 main.go:793: 19:Bool lock released
[peer] 02:00:56.888923 main.go:664: 19:Sending block. Iteration: 9
[peer] 02:00:56.889055 main.go:139: 19:Acquired bool lock
[peer] 02:00:56.889068 main.go:140: Chain Length:11
[peer] 02:00:56.889073 main.go:142: Chain Length:11
[peer] 02:00:56.889079 main.go:147: Already have block
[peer] 02:00:56.889087 main.go:152: 19:Bool lock released
[peer] 02:00:56.889093 main.go:179: 19:Equal block
[peer] 02:00:56.889150 main.go:139: 19:Acquired bool lock
[peer] 02:00:56.889161 main.go:140: Chain Length:11
[peer] 02:00:56.889166 main.go:142: Chain Length:11
[peer] 02:00:56.889172 main.go:147: Already have block
[peer] 02:00:56.889179 main.go:152: 19:Bool lock released
[peer] 02:00:56.889185 main.go:179: 19:Equal block
[peer] 02:00:56.891386 main.go:139: 19:Acquired bool lock
[peer] 02:00:56.891400 main.go:140: Chain Length:11
[peer] 02:00:56.891406 main.go:142: Chain Length:11
[peer] 02:00:56.891412 main.go:147: Already have block
[peer] 02:00:56.891420 main.go:152: 19:Bool lock released
[peer] 02:00:56.891428 main.go:179: 19:Equal block
[peer] 02:00:56.891473 main.go:139: 19:Acquired bool lock
[peer] 02:00:56.891486 main.go:140: Chain Length:11
[peer] 02:00:56.891492 main.go:142: Chain Length:11
[peer] 02:00:56.891500 main.go:147: Already have block
[peer] 02:00:56.891510 main.go:152: 19:Bool lock released
[peer] 02:00:56.891519 main.go:179: 19:Equal block
[peer] 02:00:56.891557 main.go:139: 19:Acquired bool lock
[peer] 02:00:56.891566 main.go:140: Chain Length:11
[peer] 02:00:56.891571 main.go:142: Chain Length:11
[peer] 02:00:56.891576 main.go:147: Already have block
[peer] 02:00:56.891593 main.go:152: 19:Bool lock released
[peer] 02:00:56.891600 main.go:179: 19:Equal block
[peer] 02:00:56.891603 main.go:139: 19:Acquired bool lock
[peer] 02:00:56.891654 main.go:140: Chain Length:11
[peer] 02:00:56.891662 main.go:142: Chain Length:11
[peer] 02:00:56.891669 main.go:147: Already have block
[peer] 02:00:56.891678 main.go:152: 19:Bool lock released
[peer] 02:00:56.891685 main.go:179: 19:Equal block
[peer] 02:00:56.891769 main.go:139: 19:Acquired bool lock
[peer] 02:00:56.891779 main.go:140: Chain Length:11
[peer] 02:00:56.891785 main.go:142: Chain Length:11
[peer] 02:00:56.891790 main.go:147: Already have block
[peer] 02:00:56.891798 main.go:152: 19:Bool lock released
[peer] 02:00:56.891804 main.go:179: 19:Equal block
[peer] 02:00:56.891837 main.go:139: 19:Acquired bool lock
[peer] 02:00:56.891846 main.go:140: Chain Length:11
[peer] 02:00:56.891851 main.go:142: Chain Length:11
[peer] 02:00:56.891857 main.go:147: Already have block
[peer] 02:00:56.891863 main.go:152: 19:Bool lock released
[peer] 02:00:56.891869 main.go:179: 19:Equal block
[peer] 02:00:56.891901 main.go:139: 19:Acquired bool lock
[peer] 02:00:56.891910 main.go:140: Chain Length:11
[peer] 02:00:56.891915 main.go:142: Chain Length:11
[peer] 02:00:56.891920 main.go:147: Already have block
[peer] 02:00:56.891927 main.go:152: 19:Bool lock released
[peer] 02:00:56.891932 main.go:179: 19:Equal block
[peer] 02:00:56.904077 main.go:729: 19:Block sent to peer successful
[err] 02:00:56.904099 main.go:302: Error in sending block, err = Stale Update/Block
[peer] 02:00:56.904266 main.go:729: 19:Block sent to peer successful
[err] 02:00:56.904277 main.go:302: Error in sending block, err = Stale Update/Block
[peer] 02:00:56.904402 main.go:729: 19:Block sent to peer successful
[err] 02:00:56.904413 main.go:302: Error in sending block, err = Stale Update/Block
[peer] 02:00:56.904543 main.go:729: 19:Block sent to peer successful
[err] 02:00:56.904555 main.go:302: Error in sending block, err = Stale Update/Block
[peer] 02:00:56.904651 main.go:729: 19:Block sent to peer successful
[err] 02:00:56.904662 main.go:302: Error in sending block, err = Stale Update/Block
[peer] 02:00:56.904776 main.go:729: 19:Block sent to peer successful
[err] 02:00:56.904787 main.go:302: Error in sending block, err = Stale Update/Block
[peer] 02:00:56.904831 main.go:633: 19:Accepted new Connection
[peer] 02:00:56.904852 main.go:633: 19:Accepted new Connection
[peer] 02:00:56.905062 main.go:130: 19:Got block message, iteration 9
[peer] 02:00:56.905080 main.go:137: 19:Acquiring bool lock
[peer] 02:00:56.905086 main.go:139: 19:Acquired bool lock
[peer] 02:00:56.905091 main.go:140: Chain Length:11
[peer] 02:00:56.905096 main.go:142: Chain Length:11
[peer] 02:00:56.905102 main.go:147: Already have block
[peer] 02:00:56.905109 main.go:152: 19:Bool lock released
[peer] 02:00:56.905115 main.go:179: 19:Equal block
[peer] 02:00:56.905323 main.go:130: 19:Got block message, iteration 9
[peer] 02:00:56.905341 main.go:137: 19:Acquiring bool lock
[peer] 02:00:56.905346 main.go:139: 19:Acquired bool lock
[peer] 02:00:56.905351 main.go:140: Chain Length:11
[peer] 02:00:56.905356 main.go:142: Chain Length:11
[peer] 02:00:56.905362 main.go:147: Already have block
[peer] 02:00:56.905369 main.go:152: 19:Bool lock released
[peer] 02:00:56.905374 main.go:179: 19:Equal block
[peer] 02:00:56.906161 main.go:729: 19:Block sent to peer successful
[err] 02:00:56.906174 main.go:302: Error in sending block, err = Stale Update/Block
[peer] 02:00:56.911645 main.go:729: 19:Block sent to peer successful
[err] 02:00:56.911660 main.go:302: Error in sending block, err = Stale Update/Block
[peer] 02:00:56.913838 main.go:729: 19:Block sent to peer successful
[err] 02:00:56.913875 main.go:302: Error in sending block, err = Stale Update/Block
[peer] 02:00:56.932648 main.go:729: 19:Block sent to peer successful
[err] 02:00:56.932661 main.go:302: Error in sending block, err = Stale Update/Block
[peer] 02:00:56.941489 main.go:729: 19:Block sent to peer successful
[err] 02:00:56.941506 main.go:302: Error in sending block, err = Stale Update/Block
[peer] 02:00:56.947214 main.go:729: 19:Block sent to peer successful
[err] 02:00:56.947229 main.go:302: Error in sending block, err = Stale Update/Block
[peer] 02:00:56.951928 main.go:729: 19:Block sent to peer successful
[err] 02:00:56.951942 main.go:302: Error in sending block, err = Stale Update/Block
[peer] 02:00:56.952047 main.go:729: 19:Block sent to peer successful
[err] 02:00:56.952058 main.go:302: Error in sending block, err = Stale Update/Block
[peer] 02:00:56.952102 main.go:633: 19:Accepted new Connection
[peer] 02:00:56.952125 main.go:633: 19:Accepted new Connection
[peer] 02:00:56.952142 main.go:633: 19:Accepted new Connection
[peer] 02:00:56.953042 main.go:130: 19:Got block message, iteration 9
[peer] 02:00:56.953061 main.go:137: 19:Acquiring bool lock
[peer] 02:00:56.953067 main.go:139: 19:Acquired bool lock
[peer] 02:00:56.953072 main.go:140: Chain Length:11
[peer] 02:00:56.953077 main.go:142: Chain Length:11
[peer] 02:00:56.953083 main.go:147: Already have block
[peer] 02:00:56.953090 main.go:152: 19:Bool lock released
[peer] 02:00:56.953095 main.go:179: 19:Equal block
[peer] 02:00:56.953933 main.go:130: 19:Got block message, iteration 9
[peer] 02:00:56.953947 main.go:137: 19:Acquiring bool lock
[peer] 02:00:56.953953 main.go:139: 19:Acquired bool lock
[peer] 02:00:56.953958 main.go:140: Chain Length:11
[peer] 02:00:56.953964 main.go:142: Chain Length:11
[peer] 02:00:56.953969 main.go:147: Already have block
[peer] 02:00:56.953983 main.go:152: 19:Bool lock released
[peer] 02:00:56.953990 main.go:179: 19:Equal block
[peer] 02:00:56.954224 main.go:130: 19:Got block message, iteration 9
[peer] 02:00:56.954242 main.go:137: 19:Acquiring bool lock
[peer] 02:00:56.954247 main.go:139: 19:Acquired bool lock
[peer] 02:00:56.954253 main.go:140: Chain Length:11
[peer] 02:00:56.954258 main.go:142: Chain Length:11
[peer] 02:00:56.954263 main.go:147: Already have block
[peer] 02:00:56.954270 main.go:152: 19:Bool lock released
[peer] 02:00:56.954276 main.go:179: 19:Equal block
[peer] 02:00:56.964063 main.go:633: 19:Accepted new Connection
[peer] 02:00:56.967395 main.go:729: 19:Block sent to peer successful
[err] 02:00:56.967414 main.go:302: Error in sending block, err = Stale Update/Block
[peer] 02:00:56.969240 main.go:130: 19:Got block message, iteration 9
[peer] 02:00:56.969259 main.go:137: 19:Acquiring bool lock
[peer] 02:00:56.969266 main.go:139: 19:Acquired bool lock
[peer] 02:00:56.969271 main.go:140: Chain Length:11
[peer] 02:00:56.969277 main.go:142: Chain Length:11
[peer] 02:00:56.969282 main.go:147: Already have block
[peer] 02:00:56.969290 main.go:152: 19:Bool lock released
[peer] 02:00:56.969296 main.go:179: 19:Equal block
[peer] 02:00:56.969446 main.go:729: 19:Block sent to peer successful
[err] 02:00:56.969458 main.go:302: Error in sending block, err = Stale Update/Block
[peer] 02:00:56.985723 main.go:729: 19:Block sent to peer successful
[err] 02:00:56.985741 main.go:302: Error in sending block, err = Stale Update/Block
[peer] 02:00:56.987352 main.go:633: 19:Accepted new Connection
[peer] 02:00:56.991914 main.go:130: 19:Got block message, iteration 9
[peer] 02:00:56.991935 main.go:137: 19:Acquiring bool lock
[peer] 02:00:56.991942 main.go:139: 19:Acquired bool lock
[peer] 02:00:56.991947 main.go:140: Chain Length:11
[peer] 02:00:56.991952 main.go:142: Chain Length:11
[peer] 02:00:56.991958 main.go:147: Already have block
[peer] 02:00:56.991965 main.go:152: 19:Bool lock released
[peer] 02:00:56.991971 main.go:179: 19:Equal block
[peer] 02:00:57.130959 main.go:633: 19:Accepted new Connection
[peer] 02:00:57.131371 main.go:130: 19:Got block message, iteration 9
[peer] 02:00:57.131394 main.go:137: 19:Acquiring bool lock
[peer] 02:00:57.131401 main.go:139: 19:Acquired bool lock
[peer] 02:00:57.131406 main.go:140: Chain Length:11
[peer] 02:00:57.131412 main.go:142: Chain Length:11
[peer] 02:00:57.131418 main.go:147: Already have block
[peer] 02:00:57.131425 main.go:152: 19:Bool lock released
[peer] 02:00:57.131431 main.go:179: 19:Equal block
[peer] 02:00:57.132403 main.go:729: 19:Block sent to peer successful
[err] 02:00:57.132420 main.go:302: Error in sending block, err = Stale Update/Block
[peer] 02:00:57.133464 main.go:633: 19:Accepted new Connection
[peer] 02:00:57.133851 main.go:729: 19:Block sent to peer successful
[err] 02:00:57.133866 main.go:302: Error in sending block, err = Stale Update/Block
[peer] 02:00:57.133915 main.go:684: 19:RPC calls successfully returned. Iteration: 9
[peer] 02:00:57.135407 honest.go:81: 19Train Error is 0.05453 in Iteration 9
[peer] 02:00:57.135422 main.go:692: 19:Preparing for next Iteration. Current Iteration: 9
[peer] 02:00:57.135428 main.go:588: 19:Acquiring bool lock
[peer] 02:00:57.135434 main.go:590: 19:Acquired bool lock
[peer] 02:00:57.136624 main.go:609: 19:I am not verifier IterationCount:10
[peer] 02:00:57.136637 main.go:614: 19:Bool lock released
[peer] 02:00:57.189611 main.go:824: 19:Computing Update
[peer] 02:00:57.190101 main.go:270: 19 : VRF returned ID map[4:{}]
[peer] 02:00:57.190124 main.go:280: 19 :Verifiers [198.162.52.126:8004] returned.
[peer] 02:00:57.190677 main.go:869: 19:Making RPC Call to Verifier. Sending Update, Iteration:10
[peer] 02:00:57.228261 main.go:876: 19:Update sent successfully
[peer] 02:00:57.258911 main.go:130: 19:Got block message, iteration 9
[peer] 02:00:57.258934 main.go:137: 19:Acquiring bool lock
[peer] 02:00:57.258941 main.go:139: 19:Acquired bool lock
[peer] 02:00:57.258946 main.go:140: Chain Length:11
[peer] 02:00:57.258951 main.go:142: Chain Length:11
[peer] 02:00:57.258965 main.go:147: Already have block
[peer] 02:00:57.258973 main.go:152: 19:Bool lock released
[peer] 02:00:57.258979 main.go:179: 19:Equal block
[peer] 02:01:02.229528 main.go:633: 19:Accepted new Connection
[peer] 02:01:02.234285 main.go:130: 19:Got block message, iteration 10
[peer] 02:01:02.234361 main.go:137: 19:Acquiring bool lock
[peer] 02:01:02.234377 main.go:139: 19:Acquired bool lock
[peer] 02:01:02.234391 main.go:140: Chain Length:11
[peer] 02:01:02.234414 main.go:142: Chain Length:11
[peer] 02:01:02.234429 main.go:187: 19:Sending to channel
[peer] 02:01:02.234489 main.go:193: 19:Sent to channel
[peer] 02:01:02.234507 main.go:195: 19:Returning
[peer] 02:01:02.234590 main.go:955: 19:Block Received. Appending to chain and moving on to the next iteration. 10
[peer] 02:01:02.234711 main.go:777: 19:Adding block to chain
[peer] 02:01:02.235439 honest.go:222: Trying to append block with iteration:10
[peer] 02:01:02.235489 honest.go:238: Append successful
[peer] 02:01:02.235513 main.go:781: 19:Adding block to chain
[peer] 02:01:02.235528 main.go:787: 19:Checking convergence
[peer] 02:01:02.248408 main.go:633: 19:Accepted new Connection
[peer] 02:01:02.248446 main.go:633: 19:Accepted new Connection
[peer] 02:01:02.248470 main.go:633: 19:Accepted new Connection
[peer] 02:01:02.248492 main.go:633: 19:Accepted new Connection
[peer] 02:01:02.248812 main.go:130: 19:Got block message, iteration 10
[peer] 02:01:02.248834 main.go:137: 19:Acquiring bool lock
[peer] 02:01:02.249048 main.go:130: 19:Got block message, iteration 10
[peer] 02:01:02.249068 main.go:137: 19:Acquiring bool lock
[peer] 02:01:02.264152 main.go:633: 19:Accepted new Connection
[peer] 02:01:02.264194 main.go:633: 19:Accepted new Connection
[peer] 02:01:02.264219 main.go:633: 19:Accepted new Connection
[peer] 02:01:02.264495 main.go:130: 19:Got block message, iteration 10
[peer] 02:01:02.264509 main.go:137: 19:Acquiring bool lock
[peer] 02:01:02.264710 main.go:130: 19:Got block message, iteration 10
[peer] 02:01:02.264730 main.go:137: 19:Acquiring bool lock
[peer] 02:01:02.265078 main.go:130: 19:Got block message, iteration 10
[peer] 02:01:02.265100 main.go:137: 19:Acquiring bool lock
[peer] 02:01:02.266699 main.go:130: 19:Got block message, iteration 10
[peer] 02:01:02.266721 main.go:137: 19:Acquiring bool lock
[peer] 02:01:02.267778 main.go:633: 19:Accepted new Connection
[peer] 02:01:02.267830 main.go:633: 19:Accepted new Connection
[peer] 02:01:02.271356 main.go:130: 19:Got block message, iteration 10
[peer] 02:01:02.271385 main.go:137: 19:Acquiring bool lock
[peer] 02:01:02.281149 main.go:633: 19:Accepted new Connection
[peer] 02:01:02.281297 main.go:130: 19:Got block message, iteration 10
[peer] 02:01:02.281317 main.go:137: 19:Acquiring bool lock
[peer] 02:01:02.281491 main.go:130: 19:Got block message, iteration 10
[peer] 02:01:02.281520 main.go:137: 19:Acquiring bool lock
[peer] 02:01:02.282379 main.go:633: 19:Accepted new Connection
[peer] 02:01:02.285080 main.go:130: 19:Got block message, iteration 10
[peer] 02:01:02.285191 main.go:137: 19:Acquiring bool lock
[peer] 02:01:02.293803 honest.go:81: 19Train Error is 0.04529 in Iteration 10
[peer] 02:01:02.293830 main.go:790: 19:Convergence checked
[peer] 02:01:02.293851 main.go:793: 19:Bool lock released
[peer] 02:01:02.293903 main.go:664: 19:Sending block. Iteration: 10
[peer] 02:01:02.293979 main.go:633: 19:Accepted new Connection
[peer] 02:01:02.295931 main.go:130: 19:Got block message, iteration 10
[peer] 02:01:02.295982 main.go:137: 19:Acquiring bool lock
[peer] 02:01:02.295995 main.go:139: 19:Acquired bool lock
[peer] 02:01:02.296003 main.go:140: Chain Length:12
[peer] 02:01:02.296011 main.go:142: Chain Length:12
[peer] 02:01:02.296018 main.go:147: Already have block
[peer] 02:01:02.296029 main.go:152: 19:Bool lock released
[peer] 02:01:02.296038 main.go:179: 19:Equal block
[peer] 02:01:02.296575 main.go:729: 19:Block sent to peer successful
[err] 02:01:02.296593 main.go:302: Error in sending block, err = Stale Update/Block
[peer] 02:01:02.298027 main.go:729: 19:Block sent to peer successful
[err] 02:01:02.298057 main.go:302: Error in sending block, err = Stale Update/Block
[peer] 02:01:02.298966 main.go:139: 19:Acquired bool lock
[peer] 02:01:02.298986 main.go:140: Chain Length:12
[peer] 02:01:02.298995 main.go:142: Chain Length:12
[peer] 02:01:02.299003 main.go:147: Already have block
[peer] 02:01:02.299014 main.go:152: 19:Bool lock released
[peer] 02:01:02.299022 main.go:179: 19:Equal block
[peer] 02:01:02.299144 main.go:139: 19:Acquired bool lock
[peer] 02:01:02.299160 main.go:140: Chain Length:12
[peer] 02:01:02.299167 main.go:142: Chain Length:12
[peer] 02:01:02.299175 main.go:147: Already have block
[peer] 02:01:02.299186 main.go:152: 19:Bool lock released
[peer] 02:01:02.299194 main.go:179: 19:Equal block
[peer] 02:01:02.299275 main.go:139: 19:Acquired bool lock
[peer] 02:01:02.299291 main.go:140: Chain Length:12
[peer] 02:01:02.299298 main.go:142: Chain Length:12
[peer] 02:01:02.299306 main.go:147: Already have block
[peer] 02:01:02.299316 main.go:152: 19:Bool lock released
[peer] 02:01:02.299325 main.go:179: 19:Equal block
[peer] 02:01:02.299375 main.go:139: 19:Acquired bool lock
[peer] 02:01:02.299387 main.go:140: Chain Length:12
[peer] 02:01:02.299395 main.go:142: Chain Length:12
[peer] 02:01:02.299402 main.go:147: Already have block
[peer] 02:01:02.299412 main.go:152: 19:Bool lock released
[peer] 02:01:02.299420 main.go:179: 19:Equal block
[peer] 02:01:02.299477 main.go:139: 19:Acquired bool lock
[peer] 02:01:02.299491 main.go:140: Chain Length:12
[peer] 02:01:02.299499 main.go:142: Chain Length:12
[peer] 02:01:02.299521 main.go:147: Already have block
[peer] 02:01:02.299534 main.go:152: 19:Bool lock released
[peer] 02:01:02.299543 main.go:179: 19:Equal block
[peer] 02:01:02.299592 main.go:139: 19:Acquired bool lock
[peer] 02:01:02.299604 main.go:140: Chain Length:12
[peer] 02:01:02.299612 main.go:142: Chain Length:12
[peer] 02:01:02.299620 main.go:147: Already have block
[peer] 02:01:02.299629 main.go:152: 19:Bool lock released
[peer] 02:01:02.299638 main.go:179: 19:Equal block
[peer] 02:01:02.299682 main.go:139: 19:Acquired bool lock
[peer] 02:01:02.299694 main.go:140: Chain Length:12
[peer] 02:01:02.299701 main.go:142: Chain Length:12
[peer] 02:01:02.299709 main.go:147: Already have block
[peer] 02:01:02.299718 main.go:152: 19:Bool lock released
[peer] 02:01:02.299726 main.go:179: 19:Equal block
[peer] 02:01:02.299771 main.go:139: 19:Acquired bool lock
[peer] 02:01:02.299783 main.go:140: Chain Length:12
[peer] 02:01:02.299791 main.go:142: Chain Length:12
[peer] 02:01:02.299798 main.go:147: Already have block
[peer] 02:01:02.299808 main.go:152: 19:Bool lock released
[peer] 02:01:02.299815 main.go:179: 19:Equal block
[peer] 02:01:02.299861 main.go:139: 19:Acquired bool lock
[peer] 02:01:02.299873 main.go:140: Chain Length:12
[peer] 02:01:02.299880 main.go:142: Chain Length:12
[peer] 02:01:02.299888 main.go:147: Already have block
[peer] 02:01:02.299897 main.go:152: 19:Bool lock released
[peer] 02:01:02.299905 main.go:179: 19:Equal block
[peer] 02:01:02.299965 main.go:139: 19:Acquired bool lock
[peer] 02:01:02.299979 main.go:140: Chain Length:12
[peer] 02:01:02.299986 main.go:142: Chain Length:12
[peer] 02:01:02.299994 main.go:147: Already have block
[peer] 02:01:02.300003 main.go:152: 19:Bool lock released
[peer] 02:01:02.300028 main.go:179: 19:Equal block
[peer] 02:01:02.300256 main.go:729: 19:Block sent to peer successful
[err] 02:01:02.300275 main.go:302: Error in sending block, err = Stale Update/Block
[peer] 02:01:02.300437 main.go:729: 19:Block sent to peer successful
[err] 02:01:02.300454 main.go:302: Error in sending block, err = Stale Update/Block
[peer] 02:01:02.300611 main.go:729: 19:Block sent to peer successful
[err] 02:01:02.300629 main.go:302: Error in sending block, err = Stale Update/Block
[peer] 02:01:02.300759 main.go:729: 19:Block sent to peer successful
[err] 02:01:02.300774 main.go:302: Error in sending block, err = Stale Update/Block
[peer] 02:01:02.301394 main.go:729: 19:Block sent to peer successful
[err] 02:01:02.301412 main.go:302: Error in sending block, err = Stale Update/Block
[peer] 02:01:02.302124 main.go:729: 19:Block sent to peer successful
[err] 02:01:02.302141 main.go:302: Error in sending block, err = Stale Update/Block
[peer] 02:01:02.307475 main.go:729: 19:Block sent to peer successful
[err] 02:01:02.307538 main.go:302: Error in sending block, err = Stale Update/Block
[peer] 02:01:02.308449 main.go:729: 19:Block sent to peer successful
[err] 02:01:02.308480 main.go:302: Error in sending block, err = Stale Update/Block
[peer] 02:01:02.311840 main.go:729: 19:Block sent to peer successful
[err] 02:01:02.311859 main.go:302: Error in sending block, err = Stale Update/Block
[peer] 02:01:02.311987 main.go:729: 19:Block sent to peer successful
[err] 02:01:02.312003 main.go:302: Error in sending block, err = Stale Update/Block
[peer] 02:01:02.325322 main.go:729: 19:Block sent to peer successful
[err] 02:01:02.325339 main.go:302: Error in sending block, err = Stale Update/Block
[peer] 02:01:02.326202 main.go:130: 19:Got block message, iteration 10
[peer] 02:01:02.326225 main.go:137: 19:Acquiring bool lock
[peer] 02:01:02.326232 main.go:139: 19:Acquired bool lock
[peer] 02:01:02.326239 main.go:140: Chain Length:12
[peer] 02:01:02.326246 main.go:142: Chain Length:12
[peer] 02:01:02.326253 main.go:147: Already have block
[peer] 02:01:02.326262 main.go:152: 19:Bool lock released
[peer] 02:01:02.326269 main.go:179: 19:Equal block
[peer] 02:01:02.345600 main.go:633: 19:Accepted new Connection
[peer] 02:01:02.365295 main.go:729: 19:Block sent to peer successful
[err] 02:01:02.365311 main.go:302: Error in sending block, err = Stale Update/Block
[peer] 02:01:02.366510 main.go:130: 19:Got block message, iteration 10
[peer] 02:01:02.366531 main.go:137: 19:Acquiring bool lock
[peer] 02:01:02.366538 main.go:139: 19:Acquired bool lock
[peer] 02:01:02.366544 main.go:140: Chain Length:12
[peer] 02:01:02.366549 main.go:142: Chain Length:12
[peer] 02:01:02.366555 main.go:147: Already have block
[peer] 02:01:02.366563 main.go:152: 19:Bool lock released
[peer] 02:01:02.366569 main.go:179: 19:Equal block
[peer] 02:01:02.383900 main.go:633: 19:Accepted new Connection
[peer] 02:01:02.384137 main.go:130: 19:Got block message, iteration 10
[peer] 02:01:02.384154 main.go:137: 19:Acquiring bool lock
[peer] 02:01:02.384159 main.go:139: 19:Acquired bool lock
[peer] 02:01:02.384165 main.go:140: Chain Length:12
[peer] 02:01:02.384171 main.go:142: Chain Length:12
[peer] 02:01:02.384177 main.go:147: Already have block
[peer] 02:01:02.384184 main.go:152: 19:Bool lock released
[peer] 02:01:02.384191 main.go:179: 19:Equal block
[peer] 02:01:02.387432 main.go:729: 19:Block sent to peer successful
[err] 02:01:02.387448 main.go:302: Error in sending block, err = Stale Update/Block
[peer] 02:01:02.393014 main.go:633: 19:Accepted new Connection
[peer] 02:01:02.393228 main.go:130: 19:Got block message, iteration 10
[peer] 02:01:02.393247 main.go:137: 19:Acquiring bool lock
[peer] 02:01:02.393253 main.go:139: 19:Acquired bool lock
[peer] 02:01:02.393259 main.go:140: Chain Length:12
[peer] 02:01:02.393264 main.go:142: Chain Length:12
[peer] 02:01:02.393270 main.go:147: Already have block
[peer] 02:01:02.393278 main.go:152: 19:Bool lock released
[peer] 02:01:02.393284 main.go:179: 19:Equal block
[peer] 02:01:02.419048 main.go:729: 19:Block sent to peer successful
[err] 02:01:02.419063 main.go:302: Error in sending block, err = Stale Update/Block
[peer] 02:01:02.439189 main.go:729: 19:Block sent to peer successful
[err] 02:01:02.439203 main.go:302: Error in sending block, err = Stale Update/Block
[peer] 02:01:02.441642 main.go:633: 19:Accepted new Connection
[peer] 02:01:02.441847 main.go:130: 19:Got block message, iteration 10
[peer] 02:01:02.441864 main.go:137: 19:Acquiring bool lock
[peer] 02:01:02.441870 main.go:139: 19:Acquired bool lock
[peer] 02:01:02.441875 main.go:140: Chain Length:12
[peer] 02:01:02.441880 main.go:142: Chain Length:12
[peer] 02:01:02.441886 main.go:147: Already have block
[peer] 02:01:02.441892 main.go:152: 19:Bool lock released
[peer] 02:01:02.441898 main.go:179: 19:Equal block
[peer] 02:01:02.469903 main.go:633: 19:Accepted new Connection
[peer] 02:01:02.471900 main.go:130: 19:Got block message, iteration 10
[peer] 02:01:02.471919 main.go:137: 19:Acquiring bool lock
[peer] 02:01:02.471924 main.go:139: 19:Acquired bool lock
[peer] 02:01:02.471930 main.go:140: Chain Length:12
[peer] 02:01:02.471935 main.go:142: Chain Length:12
[peer] 02:01:02.471940 main.go:147: Already have block
[peer] 02:01:02.471947 main.go:152: 19:Bool lock released
[peer] 02:01:02.471953 main.go:179: 19:Equal block
[peer] 02:01:02.472100 main.go:729: 19:Block sent to peer successful
[err] 02:01:02.472113 main.go:302: Error in sending block, err = Stale Update/Block
[peer] 02:01:02.476117 main.go:633: 19:Accepted new Connection
[peer] 02:01:02.481628 main.go:130: 19:Got block message, iteration 10
[peer] 02:01:02.481654 main.go:137: 19:Acquiring bool lock
[peer] 02:01:02.481661 main.go:139: 19:Acquired bool lock
[peer] 02:01:02.481667 main.go:140: Chain Length:12
[peer] 02:01:02.481673 main.go:142: Chain Length:12
[peer] 02:01:02.481680 main.go:147: Already have block
[peer] 02:01:02.481688 main.go:152: 19:Bool lock released
[peer] 02:01:02.481694 main.go:179: 19:Equal block
[peer] 02:01:02.483097 main.go:729: 19:Block sent to peer successful
[err] 02:01:02.483111 main.go:302: Error in sending block, err = Stale Update/Block
[peer] 02:01:02.483149 main.go:684: 19:RPC calls successfully returned. Iteration: 10
[peer] 02:01:02.736088 honest.go:81: 19Train Error is 0.04529 in Iteration 10
[peer] 02:01:02.736109 main.go:692: 19:Preparing for next Iteration. Current Iteration: 10
