[peer] 02:00:40.809357 honest.go:107: 10Importing modules...
[peer] 02:00:45.309835 honest.go:122: 10Sucessfully pulled dataset. Features: 25
[peer] 02:00:45.310188 main.go:487: 10:Announcing myself to network
[peer] 02:00:45.310252 main.go:492: 10:Calling {198.162.52.126 %!s(int=8000) }
[peer] 02:00:45.310272 main.go:511: 10:Inside callRegisterRPC
[peer] 02:00:45.310282 main.go:516: 10Making RPC call
[peer] 02:00:45.310628 main.go:629: 10:Peer started. Receiving on 8010
[peer] 02:00:45.311055 main.go:522: 10RPC dial successful
[peer] 02:00:45.311079 main.go:525: 10:Calling RPC:198.162.52.126:8000
[peer] 02:00:45.311097 main.go:527: 10:RPC called198.162.52.126:8000
[peer] 02:00:45.312671 main.go:534: 10:Announced myself to a fellow peer at port. Got lastest chain
[peer] 02:00:45.312697 main.go:541: Chain length received:7
[peer] 02:00:45.312708 main.go:542: My chain length:1
[peer] 02:00:45.312715 honest.go:340: Received chain length:7
[peer] 02:00:45.312722 honest.go:341: Appended chain length:7
[peer] 02:00:45.312728 main.go:555: 10Got lastest chain until iteration 5
[peer] 02:00:45.312805 main.go:492: 10:Calling {198.162.52.126 %!s(int=8001) }
[peer] 02:00:45.312817 main.go:511: 10:Inside callRegisterRPC
[peer] 02:00:45.312824 main.go:516: 10Making RPC call
[peer] 02:00:45.313242 main.go:522: 10RPC dial successful
[peer] 02:00:45.313286 main.go:525: 10:Calling RPC:198.162.52.126:8001
[peer] 02:00:45.313297 main.go:527: 10:RPC called198.162.52.126:8001
[peer] 02:00:45.314606 main.go:534: 10:Announced myself to a fellow peer at port. Got lastest chain
[peer] 02:00:45.314635 main.go:541: Chain length received:7
[peer] 02:00:45.314642 main.go:542: My chain length:7
[peer] 02:00:45.314655 main.go:633: 10:Accepted new Connection
[peer] 02:00:45.314688 main.go:492: 10:Calling {198.162.52.126 %!s(int=8002) }
[peer] 02:00:45.314701 main.go:511: 10:Inside callRegisterRPC
[peer] 02:00:45.314719 main.go:516: 10Making RPC call
[peer] 02:00:45.315005 main.go:213: 10:Registering peer:198.162.52.57:8013
[peer] 02:00:45.315040 main.go:223: Advertising chain to peer with length 7
[peer] 02:00:45.315198 main.go:522: 10RPC dial successful
[peer] 02:00:45.315212 main.go:525: 10:Calling RPC:198.162.52.126:8002
[peer] 02:00:45.315222 main.go:527: 10:RPC called198.162.52.126:8002
[peer] 02:00:45.316295 main.go:534: 10:Announced myself to a fellow peer at port. Got lastest chain
[peer] 02:00:45.316316 main.go:541: Chain length received:7
[peer] 02:00:45.316323 main.go:542: My chain length:7
[peer] 02:00:45.316383 main.go:492: 10:Calling {198.162.52.126 %!s(int=8003) }
[peer] 02:00:45.316395 main.go:511: 10:Inside callRegisterRPC
[peer] 02:00:45.316401 main.go:516: 10Making RPC call
[peer] 02:00:45.316827 main.go:522: 10RPC dial successful
[peer] 02:00:45.316856 main.go:525: 10:Calling RPC:198.162.52.126:8003
[peer] 02:00:45.316866 main.go:527: 10:RPC called198.162.52.126:8003
[peer] 02:00:45.318216 main.go:534: 10:Announced myself to a fellow peer at port. Got lastest chain
[peer] 02:00:45.318240 main.go:541: Chain length received:7
[peer] 02:00:45.318248 main.go:542: My chain length:7
[peer] 02:00:45.318296 main.go:492: 10:Calling {198.162.52.126 %!s(int=8004) }
[peer] 02:00:45.318306 main.go:511: 10:Inside callRegisterRPC
[peer] 02:00:45.318312 main.go:516: 10Making RPC call
[peer] 02:00:45.318644 main.go:522: 10RPC dial successful
[peer] 02:00:45.318665 main.go:525: 10:Calling RPC:198.162.52.126:8004
[peer] 02:00:45.318675 main.go:527: 10:RPC called198.162.52.126:8004
[peer] 02:00:45.319946 main.go:534: 10:Announced myself to a fellow peer at port. Got lastest chain
[peer] 02:00:45.319981 main.go:541: Chain length received:7
[peer] 02:00:45.319988 main.go:542: My chain length:7
[peer] 02:00:45.320066 main.go:492: 10:Calling {198.162.52.126 %!s(int=8005) }
[peer] 02:00:45.320077 main.go:511: 10:Inside callRegisterRPC
[peer] 02:00:45.320083 main.go:516: 10Making RPC call
[peer] 02:00:45.320627 main.go:522: 10RPC dial successful
[peer] 02:00:45.320650 main.go:525: 10:Calling RPC:198.162.52.126:8005
[peer] 02:00:45.320671 main.go:527: 10:RPC called198.162.52.126:8005
[peer] 02:00:45.322079 main.go:534: 10:Announced myself to a fellow peer at port. Got lastest chain
[peer] 02:00:45.322103 main.go:541: Chain length received:7
[peer] 02:00:45.322110 main.go:542: My chain length:7
[peer] 02:00:45.322166 main.go:492: 10:Calling {198.162.52.126 %!s(int=8006) }
[peer] 02:00:45.322177 main.go:511: 10:Inside callRegisterRPC
[peer] 02:00:45.322183 main.go:516: 10Making RPC call
[peer] 02:00:45.322771 main.go:522: 10RPC dial successful
[peer] 02:00:45.322806 main.go:525: 10:Calling RPC:198.162.52.126:8006
[peer] 02:00:45.322830 main.go:527: 10:RPC called198.162.52.126:8006
[peer] 02:00:45.324486 main.go:534: 10:Announced myself to a fellow peer at port. Got lastest chain
[peer] 02:00:45.324513 main.go:541: Chain length received:7
[peer] 02:00:45.324520 main.go:542: My chain length:7
[peer] 02:00:45.324589 main.go:492: 10:Calling {198.162.52.126 %!s(int=8007) }
[peer] 02:00:45.324601 main.go:511: 10:Inside callRegisterRPC
[peer] 02:00:45.324624 main.go:633: 10:Accepted new Connection
[peer] 02:00:45.324636 main.go:516: 10Making RPC call
[peer] 02:00:45.324905 main.go:213: 10:Registering peer:198.162.52.57:8015
[peer] 02:00:45.324941 main.go:223: Advertising chain to peer with length 7
[peer] 02:00:45.325221 main.go:522: 10RPC dial successful
[peer] 02:00:45.325243 main.go:525: 10:Calling RPC:198.162.52.126:8007
[peer] 02:00:45.325261 main.go:527: 10:RPC called198.162.52.126:8007
[peer] 02:00:45.326725 main.go:534: 10:Announced myself to a fellow peer at port. Got lastest chain
[peer] 02:00:45.326751 main.go:541: Chain length received:7
[peer] 02:00:45.326764 main.go:542: My chain length:7
[peer] 02:00:45.326820 main.go:492: 10:Calling {198.162.52.126 %!s(int=8008) }
[peer] 02:00:45.326831 main.go:511: 10:Inside callRegisterRPC
[peer] 02:00:45.326837 main.go:516: 10Making RPC call
[peer] 02:00:45.327365 main.go:522: 10RPC dial successful
[peer] 02:00:45.327387 main.go:525: 10:Calling RPC:198.162.52.126:8008
[peer] 02:00:45.327396 main.go:527: 10:RPC called198.162.52.126:8008
[peer] 02:00:45.328640 main.go:534: 10:Announced myself to a fellow peer at port. Got lastest chain
[peer] 02:00:45.328661 main.go:541: Chain length received:7
[peer] 02:00:45.328669 main.go:542: My chain length:7
[peer] 02:00:45.328722 main.go:492: 10:Calling {198.162.52.126 %!s(int=8009) }
[peer] 02:00:45.328735 main.go:511: 10:Inside callRegisterRPC
[peer] 02:00:45.328741 main.go:516: 10Making RPC call
[peer] 02:00:45.329240 main.go:522: 10RPC dial successful
[peer] 02:00:45.329271 main.go:525: 10:Calling RPC:198.162.52.126:8009
[peer] 02:00:45.329280 main.go:527: 10:RPC called198.162.52.126:8009
[peer] 02:00:45.330570 main.go:534: 10:Announced myself to a fellow peer at port. Got lastest chain
[peer] 02:00:45.330592 main.go:541: Chain length received:7
[peer] 02:00:45.330599 main.go:542: My chain length:7
[peer] 02:00:45.330651 main.go:492: 10:Calling {198.162.52.57 %!s(int=8011) }
[peer] 02:00:45.330662 main.go:511: 10:Inside callRegisterRPC
[peer] 02:00:45.330668 main.go:516: 10Making RPC call
[peer] 02:00:45.330848 main.go:522: 10RPC dial successful
[peer] 02:00:45.330875 main.go:525: 10:Calling RPC:198.162.52.57:8011
[peer] 02:00:45.330884 main.go:527: 10:RPC called198.162.52.57:8011
[peer] 02:00:45.331507 main.go:534: 10:Announced myself to a fellow peer at port. Got lastest chain
[peer] 02:00:45.331535 main.go:541: Chain length received:7
[peer] 02:00:45.331542 main.go:542: My chain length:7
[peer] 02:00:45.331646 main.go:492: 10:Calling {198.162.52.57 %!s(int=8012) }
[peer] 02:00:45.331657 main.go:511: 10:Inside callRegisterRPC
[peer] 02:00:45.331663 main.go:516: 10Making RPC call
[peer] 02:00:45.331788 main.go:522: 10RPC dial successful
[peer] 02:00:45.331806 main.go:525: 10:Calling RPC:198.162.52.57:8012
[peer] 02:00:45.331815 main.go:527: 10:RPC called198.162.52.57:8012
[peer] 02:00:45.332348 main.go:534: 10:Announced myself to a fellow peer at port. Got lastest chain
[peer] 02:00:45.332376 main.go:541: Chain length received:7
[peer] 02:00:45.332384 main.go:542: My chain length:7
[peer] 02:00:45.332458 main.go:492: 10:Calling {198.162.52.57 %!s(int=8013) }
[peer] 02:00:45.332478 main.go:511: 10:Inside callRegisterRPC
[peer] 02:00:45.332485 main.go:516: 10Making RPC call
[peer] 02:00:45.332599 main.go:522: 10RPC dial successful
[peer] 02:00:45.332618 main.go:525: 10:Calling RPC:198.162.52.57:8013
[peer] 02:00:45.332626 main.go:527: 10:RPC called198.162.52.57:8013
[peer] 02:00:45.333180 main.go:534: 10:Announced myself to a fellow peer at port. Got lastest chain
[peer] 02:00:45.333200 main.go:541: Chain length received:7
[peer] 02:00:45.333208 main.go:542: My chain length:7
[peer] 02:00:45.333265 main.go:492: 10:Calling {198.162.52.57 %!s(int=8014) }
[peer] 02:00:45.333276 main.go:511: 10:Inside callRegisterRPC
[peer] 02:00:45.333282 main.go:516: 10Making RPC call
[err] 02:00:45.333384 main.go:302: Peer offline.Couldn't connect to peer: 198.162.52.57:8014, err = dial tcp 198.162.52.57:8014: connect: connection refused
[peer] 02:00:45.333413 main.go:492: 10:Calling {198.162.52.57 %!s(int=8015) }
[peer] 02:00:45.333421 main.go:511: 10:Inside callRegisterRPC
[peer] 02:00:45.333427 main.go:516: 10Making RPC call
[peer] 02:00:45.333553 main.go:522: 10RPC dial successful
[peer] 02:00:45.333566 main.go:525: 10:Calling RPC:198.162.52.57:8015
[peer] 02:00:45.333573 main.go:527: 10:RPC called198.162.52.57:8015
[peer] 02:00:45.334205 main.go:534: 10:Announced myself to a fellow peer at port. Got lastest chain
[peer] 02:00:45.334225 main.go:541: Chain length received:7
[peer] 02:00:45.334231 main.go:542: My chain length:7
[peer] 02:00:45.334299 main.go:492: 10:Calling {198.162.52.57 %!s(int=8016) }
[peer] 02:00:45.334310 main.go:511: 10:Inside callRegisterRPC
[peer] 02:00:45.334316 main.go:516: 10Making RPC call
[peer] 02:00:45.334435 main.go:522: 10RPC dial successful
[peer] 02:00:45.334453 main.go:525: 10:Calling RPC:198.162.52.57:8016
[peer] 02:00:45.334461 main.go:527: 10:RPC called198.162.52.57:8016
[peer] 02:00:45.335013 main.go:534: 10:Announced myself to a fellow peer at port. Got lastest chain
[peer] 02:00:45.335033 main.go:541: Chain length received:7
[peer] 02:00:45.335040 main.go:542: My chain length:7
[peer] 02:00:45.335124 main.go:492: 10:Calling {198.162.52.57 %!s(int=8017) }
[peer] 02:00:45.335135 main.go:511: 10:Inside callRegisterRPC
[peer] 02:00:45.335142 main.go:516: 10Making RPC call
[peer] 02:00:45.335271 main.go:522: 10RPC dial successful
[peer] 02:00:45.335290 main.go:525: 10:Calling RPC:198.162.52.57:8017
[peer] 02:00:45.335299 main.go:527: 10:RPC called198.162.52.57:8017
[peer] 02:00:45.335844 main.go:534: 10:Announced myself to a fellow peer at port. Got lastest chain
[peer] 02:00:45.335864 main.go:541: Chain length received:7
[peer] 02:00:45.335872 main.go:542: My chain length:7
[peer] 02:00:45.335932 main.go:492: 10:Calling {198.162.52.57 %!s(int=8018) }
[peer] 02:00:45.335942 main.go:511: 10:Inside callRegisterRPC
[peer] 02:00:45.335957 main.go:516: 10Making RPC call
[peer] 02:00:45.336078 main.go:522: 10RPC dial successful
[peer] 02:00:45.336100 main.go:525: 10:Calling RPC:198.162.52.57:8018
[peer] 02:00:45.336120 main.go:527: 10:RPC called198.162.52.57:8018
[peer] 02:00:45.336580 main.go:534: 10:Announced myself to a fellow peer at port. Got lastest chain
[peer] 02:00:45.336595 main.go:541: Chain length received:7
[peer] 02:00:45.336602 main.go:542: My chain length:7
[peer] 02:00:45.336661 main.go:492: 10:Calling {198.162.52.57 %!s(int=8019) }
[peer] 02:00:45.336672 main.go:511: 10:Inside callRegisterRPC
[peer] 02:00:45.336678 main.go:516: 10Making RPC call
[peer] 02:00:45.336779 main.go:522: 10RPC dial successful
[peer] 02:00:45.336792 main.go:525: 10:Calling RPC:198.162.52.57:8019
[peer] 02:00:45.336799 main.go:527: 10:RPC called198.162.52.57:8019
[peer] 02:00:45.337327 main.go:534: 10:Announced myself to a fellow peer at port. Got lastest chain
[peer] 02:00:45.337346 main.go:541: Chain length received:7
[peer] 02:00:45.337354 main.go:542: My chain length:7
[peer] 02:00:45.337413 main.go:502: 10:Bootstrapped Network. Calling signal
[peer] 02:00:45.337427 main.go:504: 10:Bootstrapped Network. Signal called
[peer] 02:00:45.337441 main.go:588: 10:Acquiring bool lock
[peer] 02:00:45.337455 main.go:590: 10:Acquired bool lock
[peer] 02:00:45.338665 main.go:609: 10:I am not verifier IterationCount:6
[peer] 02:00:45.338678 main.go:614: 10:Bool lock released
[peer] 02:00:45.338684 main.go:824: 10:Computing Update
[peer] 02:00:45.339298 main.go:270: 10 : VRF returned ID map[5:{}]
[peer] 02:00:45.339318 main.go:280: 10 :Verifiers [198.162.52.126:8005] returned.
[peer] 02:00:45.339958 main.go:869: 10:Making RPC Call to Verifier. Sending Update, Iteration:6
[peer] 02:00:45.341286 main.go:876: 10:Update sent successfully
[peer] 02:00:45.485532 main.go:633: 10:Accepted new Connection
[peer] 02:00:45.485769 main.go:213: 10:Registering peer:198.162.52.57:8014
[peer] 02:00:45.485844 main.go:223: Advertising chain to peer with length 7
[peer] 02:00:45.503873 main.go:633: 10:Accepted new Connection
[peer] 02:00:45.509649 main.go:130: 10:Got block message, iteration 6
[peer] 02:00:45.509676 main.go:137: 10:Acquiring bool lock
[peer] 02:00:45.509683 main.go:139: 10:Acquired bool lock
[peer] 02:00:45.509688 main.go:140: Chain Length:7
[peer] 02:00:45.509693 main.go:142: Chain Length:7
[peer] 02:00:45.509699 main.go:187: 10:Sending to channel
[peer] 02:00:45.509707 main.go:193: 10:Sent to channel
[peer] 02:00:45.509715 main.go:195: 10:Returning
[peer] 02:00:45.509948 main.go:777: 10:Adding block to chain
[peer] 02:00:45.509966 honest.go:222: Trying to append block with iteration:6
[peer] 02:00:45.509973 honest.go:238: Append successful
[peer] 02:00:45.509980 main.go:781: 10:Adding block to chain
[peer] 02:00:45.509985 main.go:787: 10:Checking convergence
[peer] 02:00:45.510837 main.go:955: 10:Block Received. Appending to chain and moving on to the next iteration. 6
[peer] 02:00:45.512953 main.go:633: 10:Accepted new Connection
[peer] 02:00:45.519825 main.go:130: 10:Got block message, iteration 6
[peer] 02:00:45.519845 main.go:137: 10:Acquiring bool lock
[peer] 02:00:45.524863 main.go:633: 10:Accepted new Connection
[peer] 02:00:45.527953 main.go:130: 10:Got block message, iteration 6
[peer] 02:00:45.527973 main.go:137: 10:Acquiring bool lock
[peer] 02:00:45.530453 main.go:633: 10:Accepted new Connection
[peer] 02:00:45.535158 main.go:130: 10:Got block message, iteration 6
[peer] 02:00:45.535181 main.go:137: 10:Acquiring bool lock
[peer] 02:00:45.535206 main.go:633: 10:Accepted new Connection
[peer] 02:00:45.536155 main.go:633: 10:Accepted new Connection
[peer] 02:00:45.539252 main.go:130: 10:Got block message, iteration 6
[peer] 02:00:45.539273 main.go:137: 10:Acquiring bool lock
[peer] 02:00:45.540611 main.go:633: 10:Accepted new Connection
[peer] 02:00:45.542235 main.go:633: 10:Accepted new Connection
[peer] 02:00:45.547779 main.go:633: 10:Accepted new Connection
[peer] 02:00:45.547811 main.go:633: 10:Accepted new Connection
[peer] 02:00:45.548013 main.go:130: 10:Got block message, iteration 6
[peer] 02:00:45.548029 main.go:137: 10:Acquiring bool lock
[peer] 02:00:45.560261 main.go:130: 10:Got block message, iteration 6
[peer] 02:00:45.560281 main.go:137: 10:Acquiring bool lock
[peer] 02:00:45.560295 main.go:130: 10:Got block message, iteration 6
[peer] 02:00:45.560337 main.go:137: 10:Acquiring bool lock
[peer] 02:00:45.560450 main.go:130: 10:Got block message, iteration 6
[peer] 02:00:45.560481 main.go:137: 10:Acquiring bool lock
[peer] 02:00:45.563866 main.go:633: 10:Accepted new Connection
[peer] 02:00:45.568500 main.go:130: 10:Got block message, iteration 6
[peer] 02:00:45.568520 main.go:137: 10:Acquiring bool lock
[peer] 02:00:45.582166 main.go:130: 10:Got block message, iteration 6
[peer] 02:00:45.582188 main.go:137: 10:Acquiring bool lock
[peer] 02:00:45.586301 main.go:633: 10:Accepted new Connection
[peer] 02:00:45.590233 main.go:130: 10:Got block message, iteration 6
[peer] 02:00:45.590273 main.go:137: 10:Acquiring bool lock
[peer] 02:00:45.641517 main.go:633: 10:Accepted new Connection
[peer] 02:00:45.650191 main.go:130: 10:Got block message, iteration 6
[peer] 02:00:45.650210 main.go:137: 10:Acquiring bool lock
[peer] 02:00:45.717829 main.go:633: 10:Accepted new Connection
[peer] 02:00:45.733286 main.go:130: 10:Got block message, iteration 6
[peer] 02:00:45.733307 main.go:137: 10:Acquiring bool lock
[peer] 02:00:45.773510 main.go:633: 10:Accepted new Connection
[peer] 02:00:45.775392 main.go:130: 10:Got block message, iteration 6
[peer] 02:00:45.775411 main.go:137: 10:Acquiring bool lock
[peer] 02:00:45.782042 main.go:633: 10:Accepted new Connection
[peer] 02:00:45.822315 main.go:130: 10:Got block message, iteration 6
[peer] 02:00:45.822340 main.go:137: 10:Acquiring bool lock
[peer] 02:00:45.847487 main.go:633: 10:Accepted new Connection
[peer] 02:00:45.857473 main.go:130: 10:Got block message, iteration 6
[peer] 02:00:45.857493 main.go:137: 10:Acquiring bool lock
[peer] 02:00:45.903513 honest.go:81: 10Train Error is 0.09162 in Iteration 6
[peer] 02:00:45.903530 main.go:790: 10:Convergence checked
[peer] 02:00:45.903544 main.go:793: 10:Bool lock released
[peer] 02:00:45.903597 main.go:664: 10:Sending block. Iteration: 6
[peer] 02:00:45.903612 main.go:139: 10:Acquired bool lock
[peer] 02:00:45.903650 main.go:140: Chain Length:8
[peer] 02:00:45.903657 main.go:142: Chain Length:8
[peer] 02:00:45.903663 main.go:147: Already have block
[peer] 02:00:45.903676 main.go:152: 10:Bool lock released
[peer] 02:00:45.903683 main.go:179: 10:Equal block
[peer] 02:00:45.903799 main.go:139: 10:Acquired bool lock
[peer] 02:00:45.903810 main.go:140: Chain Length:8
[peer] 02:00:45.903816 main.go:142: Chain Length:8
[peer] 02:00:45.903822 main.go:147: Already have block
[peer] 02:00:45.903829 main.go:152: 10:Bool lock released
[peer] 02:00:45.903836 main.go:179: 10:Equal block
[peer] 02:00:45.903875 main.go:139: 10:Acquired bool lock
[peer] 02:00:45.903887 main.go:140: Chain Length:8
[peer] 02:00:45.903893 main.go:142: Chain Length:8
[peer] 02:00:45.903901 main.go:147: Already have block
[peer] 02:00:45.903909 main.go:152: 10:Bool lock released
[peer] 02:00:45.903914 main.go:179: 10:Equal block
[peer] 02:00:45.903953 main.go:139: 10:Acquired bool lock
[peer] 02:00:45.903961 main.go:140: Chain Length:8
[peer] 02:00:45.903967 main.go:142: Chain Length:8
[peer] 02:00:45.903972 main.go:147: Already have block
[peer] 02:00:45.903979 main.go:152: 10:Bool lock released
[peer] 02:00:45.903985 main.go:179: 10:Equal block
[peer] 02:00:45.904021 main.go:139: 10:Acquired bool lock
[peer] 02:00:45.904030 main.go:140: Chain Length:8
[peer] 02:00:45.904036 main.go:142: Chain Length:8
[peer] 02:00:45.904041 main.go:147: Already have block
[peer] 02:00:45.904048 main.go:152: 10:Bool lock released
[peer] 02:00:45.904054 main.go:179: 10:Equal block
[peer] 02:00:45.907742 main.go:139: 10:Acquired bool lock
[peer] 02:00:45.907759 main.go:140: Chain Length:8
[peer] 02:00:45.907765 main.go:142: Chain Length:8
[peer] 02:00:45.907770 main.go:147: Already have block
[peer] 02:00:45.907778 main.go:152: 10:Bool lock released
[peer] 02:00:45.907785 main.go:179: 10:Equal block
[peer] 02:00:45.907834 main.go:139: 10:Acquired bool lock
[peer] 02:00:45.907843 main.go:140: Chain Length:8
[peer] 02:00:45.907851 main.go:142: Chain Length:8
[peer] 02:00:45.907857 main.go:147: Already have block
[peer] 02:00:45.907865 main.go:152: 10:Bool lock released
[peer] 02:00:45.907871 main.go:179: 10:Equal block
[peer] 02:00:45.908285 main.go:139: 10:Acquired bool lock
[peer] 02:00:45.908323 main.go:729: 10:Block sent to peer successful
[err] 02:00:45.908365 main.go:302: Error in sending block, err = Stale Update/Block
[peer] 02:00:45.908909 main.go:140: Chain Length:8
[peer] 02:00:45.908926 main.go:142: Chain Length:8
[peer] 02:00:45.908933 main.go:147: Already have block
[peer] 02:00:45.908942 main.go:152: 10:Bool lock released
[peer] 02:00:45.908949 main.go:179: 10:Equal block
[peer] 02:00:45.909028 main.go:139: 10:Acquired bool lock
[peer] 02:00:45.909039 main.go:140: Chain Length:8
[peer] 02:00:45.909046 main.go:142: Chain Length:8
[peer] 02:00:45.909052 main.go:147: Already have block
[peer] 02:00:45.909060 main.go:152: 10:Bool lock released
[peer] 02:00:45.909066 main.go:179: 10:Equal block
[peer] 02:00:45.909114 main.go:139: 10:Acquired bool lock
[peer] 02:00:45.909123 main.go:140: Chain Length:8
[peer] 02:00:45.909129 main.go:142: Chain Length:8
[peer] 02:00:45.909135 main.go:147: Already have block
[peer] 02:00:45.909142 main.go:152: 10:Bool lock released
[peer] 02:00:45.909148 main.go:179: 10:Equal block
[peer] 02:00:45.909206 main.go:139: 10:Acquired bool lock
[peer] 02:00:45.909216 main.go:140: Chain Length:8
[peer] 02:00:45.909222 main.go:142: Chain Length:8
[peer] 02:00:45.909227 main.go:147: Already have block
[peer] 02:00:45.909236 main.go:152: 10:Bool lock released
[peer] 02:00:45.909242 main.go:179: 10:Equal block
[peer] 02:00:45.909289 main.go:139: 10:Acquired bool lock
[peer] 02:00:45.909299 main.go:140: Chain Length:8
[peer] 02:00:45.909304 main.go:142: Chain Length:8
[peer] 02:00:45.909310 main.go:147: Already have block
[peer] 02:00:45.909317 main.go:152: 10:Bool lock released
[peer] 02:00:45.909323 main.go:179: 10:Equal block
[peer] 02:00:45.909786 main.go:729: 10:Block sent to peer successful
[err] 02:00:45.909801 main.go:302: Error in sending block, err = Stale Update/Block
[peer] 02:00:45.909961 main.go:729: 10:Block sent to peer successful
[err] 02:00:45.909973 main.go:302: Error in sending block, err = Stale Update/Block
[peer] 02:00:45.910625 main.go:729: 10:Block sent to peer successful
[err] 02:00:45.910639 main.go:302: Error in sending block, err = Stale Update/Block
[peer] 02:00:45.910791 main.go:729: 10:Block sent to peer successful
[err] 02:00:45.910803 main.go:302: Error in sending block, err = Stale Update/Block
[peer] 02:00:45.910952 main.go:729: 10:Block sent to peer successful
[err] 02:00:45.910965 main.go:302: Error in sending block, err = Stale Update/Block
[peer] 02:00:45.911124 main.go:729: 10:Block sent to peer successful
[err] 02:00:45.911136 main.go:302: Error in sending block, err = Stale Update/Block
[peer] 02:00:45.911275 main.go:729: 10:Block sent to peer successful
[err] 02:00:45.911287 main.go:302: Error in sending block, err = Stale Update/Block
[peer] 02:00:45.911586 main.go:729: 10:Block sent to peer successful
[err] 02:00:45.911602 main.go:302: Error in sending block, err = Stale Update/Block
[peer] 02:00:45.911776 main.go:729: 10:Block sent to peer successful
[err] 02:00:45.911795 main.go:302: Error in sending block, err = Stale Update/Block
[peer] 02:00:45.911876 main.go:139: 10:Acquired bool lock
[peer] 02:00:45.911890 main.go:140: Chain Length:8
[peer] 02:00:45.911896 main.go:142: Chain Length:8
[peer] 02:00:45.911902 main.go:147: Already have block
[peer] 02:00:45.911910 main.go:152: 10:Bool lock released
[peer] 02:00:45.911923 main.go:179: 10:Equal block
[peer] 02:00:45.911921 main.go:139: 10:Acquired bool lock
[peer] 02:00:45.911996 main.go:140: Chain Length:8
[peer] 02:00:45.912006 main.go:142: Chain Length:8
[peer] 02:00:45.912020 main.go:147: Already have block
[peer] 02:00:45.912030 main.go:152: 10:Bool lock released
[peer] 02:00:45.912037 main.go:179: 10:Equal block
[peer] 02:00:45.911999 main.go:633: 10:Accepted new Connection
[peer] 02:00:45.912133 main.go:139: 10:Acquired bool lock
[peer] 02:00:45.912170 main.go:140: Chain Length:8
[peer] 02:00:45.912178 main.go:142: Chain Length:8
[peer] 02:00:45.912184 main.go:147: Already have block
[peer] 02:00:45.912193 main.go:152: 10:Bool lock released
[peer] 02:00:45.912199 main.go:179: 10:Equal block
[peer] 02:00:45.912281 main.go:139: 10:Acquired bool lock
[peer] 02:00:45.912302 main.go:140: Chain Length:8
[peer] 02:00:45.912309 main.go:142: Chain Length:8
[peer] 02:00:45.912315 main.go:147: Already have block
[peer] 02:00:45.912323 main.go:152: 10:Bool lock released
[peer] 02:00:45.912329 main.go:179: 10:Equal block
[peer] 02:00:45.912330 main.go:130: 10:Got block message, iteration 6
[peer] 02:00:45.912352 main.go:137: 10:Acquiring bool lock
[peer] 02:00:45.912360 main.go:139: 10:Acquired bool lock
[peer] 02:00:45.912366 main.go:140: Chain Length:8
[peer] 02:00:45.912372 main.go:142: Chain Length:8
[peer] 02:00:45.912378 main.go:147: Already have block
[peer] 02:00:45.912385 main.go:152: 10:Bool lock released
[peer] 02:00:45.912401 main.go:179: 10:Equal block
[peer] 02:00:45.912418 main.go:729: 10:Block sent to peer successful
[peer] 02:00:45.912295 main.go:729: 10:Block sent to peer successful
[err] 02:00:45.912441 main.go:302: Error in sending block, err = Stale Update/Block
[err] 02:00:45.912462 main.go:302: Error in sending block, err = Stale Update/Block
[peer] 02:00:45.912651 main.go:729: 10:Block sent to peer successful
[err] 02:00:45.912663 main.go:302: Error in sending block, err = Stale Update/Block
[peer] 02:00:45.912802 main.go:729: 10:Block sent to peer successful
[err] 02:00:45.912813 main.go:302: Error in sending block, err = Stale Update/Block
[peer] 02:00:45.913166 main.go:729: 10:Block sent to peer successful
[err] 02:00:45.913178 main.go:302: Error in sending block, err = Stale Update/Block
[peer] 02:00:45.913567 main.go:729: 10:Block sent to peer successful
[err] 02:00:45.913585 main.go:302: Error in sending block, err = Stale Update/Block
[peer] 02:00:45.913752 main.go:729: 10:Block sent to peer successful
[err] 02:00:45.913764 main.go:302: Error in sending block, err = Stale Update/Block
[peer] 02:00:45.941166 main.go:633: 10:Accepted new Connection
[peer] 02:00:45.942573 main.go:729: 10:Block sent to peer successful
[err] 02:00:45.942588 main.go:302: Error in sending block, err = Stale Update/Block
[peer] 02:00:45.942754 main.go:729: 10:Block sent to peer successful
[err] 02:00:45.942766 main.go:302: Error in sending block, err = Stale Update/Block
[peer] 02:00:45.942805 main.go:684: 10:RPC calls successfully returned. Iteration: 6
[peer] 02:00:45.946818 main.go:130: 10:Got block message, iteration 6
[peer] 02:00:45.946845 main.go:137: 10:Acquiring bool lock
[peer] 02:00:45.946852 main.go:139: 10:Acquired bool lock
[peer] 02:00:45.946858 main.go:140: Chain Length:8
[peer] 02:00:45.946864 main.go:142: Chain Length:8
[peer] 02:00:45.946870 main.go:147: Already have block
[peer] 02:00:45.946877 main.go:152: 10:Bool lock released
[peer] 02:00:45.946883 main.go:179: 10:Equal block
[peer] 02:00:46.099256 honest.go:81: 10Train Error is 0.09162 in Iteration 6
[peer] 02:00:46.099276 main.go:692: 10:Preparing for next Iteration. Current Iteration: 6
[peer] 02:00:46.099283 main.go:588: 10:Acquiring bool lock
[peer] 02:00:46.099288 main.go:590: 10:Acquired bool lock
[peer] 02:00:46.100502 main.go:609: 10:I am not verifier IterationCount:7
[peer] 02:00:46.100514 main.go:614: 10:Bool lock released
[peer] 02:00:46.107717 main.go:824: 10:Computing Update
[peer] 02:00:46.108328 main.go:270: 10 : VRF returned ID map[8:{}]
[peer] 02:00:46.108349 main.go:280: 10 :Verifiers [198.162.52.126:8008] returned.
[peer] 02:00:46.108902 main.go:869: 10:Making RPC Call to Verifier. Sending Update, Iteration:7
[peer] 02:00:46.110172 main.go:876: 10:Update sent successfully
[peer] 02:00:51.036652 main.go:633: 10:Accepted new Connection
[peer] 02:00:51.041337 main.go:130: 10:Got block message, iteration 7
[peer] 02:00:51.041409 main.go:137: 10:Acquiring bool lock
[peer] 02:00:51.041460 main.go:139: 10:Acquired bool lock
[peer] 02:00:51.041487 main.go:140: Chain Length:8
[peer] 02:00:51.041506 main.go:142: Chain Length:8
[peer] 02:00:51.041581 main.go:187: 10:Sending to channel
[peer] 02:00:51.041653 main.go:193: 10:Sent to channel
[peer] 02:00:51.041671 main.go:195: 10:Returning
[peer] 02:00:51.041810 main.go:955: 10:Block Received. Appending to chain and moving on to the next iteration. 7
[peer] 02:00:51.042010 main.go:777: 10:Adding block to chain
[peer] 02:00:51.042048 honest.go:222: Trying to append block with iteration:7
[peer] 02:00:51.042063 honest.go:238: Append successful
[peer] 02:00:51.042079 main.go:781: 10:Adding block to chain
[peer] 02:00:51.042092 main.go:787: 10:Checking convergence
[peer] 02:00:51.043523 main.go:633: 10:Accepted new Connection
[peer] 02:00:51.047985 main.go:130: 10:Got block message, iteration 7
[peer] 02:00:51.048028 main.go:137: 10:Acquiring bool lock
[peer] 02:00:51.048079 main.go:633: 10:Accepted new Connection
[peer] 02:00:51.050207 main.go:130: 10:Got block message, iteration 7
[peer] 02:00:51.050247 main.go:137: 10:Acquiring bool lock
[peer] 02:00:51.057067 main.go:633: 10:Accepted new Connection
[peer] 02:00:51.059926 main.go:130: 10:Got block message, iteration 7
[peer] 02:00:51.059948 main.go:137: 10:Acquiring bool lock
[peer] 02:00:51.063362 main.go:633: 10:Accepted new Connection
[peer] 02:00:51.063658 main.go:633: 10:Accepted new Connection
[peer] 02:00:51.063921 main.go:633: 10:Accepted new Connection
[peer] 02:00:51.066674 main.go:130: 10:Got block message, iteration 7
[peer] 02:00:51.066697 main.go:137: 10:Acquiring bool lock
[peer] 02:00:51.073304 main.go:130: 10:Got block message, iteration 7
[peer] 02:00:51.073328 main.go:137: 10:Acquiring bool lock
[peer] 02:00:51.077359 main.go:633: 10:Accepted new Connection
[peer] 02:00:51.084204 main.go:130: 10:Got block message, iteration 7
[peer] 02:00:51.084223 main.go:137: 10:Acquiring bool lock
[peer] 02:00:51.084320 main.go:130: 10:Got block message, iteration 7
[peer] 02:00:51.084340 main.go:137: 10:Acquiring bool lock
[peer] 02:00:51.084363 main.go:633: 10:Accepted new Connection
[peer] 02:00:51.087186 main.go:130: 10:Got block message, iteration 7
[peer] 02:00:51.087215 main.go:137: 10:Acquiring bool lock
[peer] 02:00:51.096390 main.go:633: 10:Accepted new Connection
[peer] 02:00:51.103877 main.go:633: 10:Accepted new Connection
[peer] 02:00:51.105185 main.go:130: 10:Got block message, iteration 7
[peer] 02:00:51.105215 main.go:137: 10:Acquiring bool lock
[peer] 02:00:51.105394 main.go:633: 10:Accepted new Connection
[peer] 02:00:51.114186 main.go:130: 10:Got block message, iteration 7
[peer] 02:00:51.114211 main.go:137: 10:Acquiring bool lock
[peer] 02:00:51.124368 main.go:633: 10:Accepted new Connection
[peer] 02:00:51.127926 honest.go:81: 10Train Error is 0.06929 in Iteration 7
[peer] 02:00:51.127952 main.go:790: 10:Convergence checked
[peer] 02:00:51.127993 main.go:793: 10:Bool lock released
[peer] 02:00:51.128035 main.go:664: 10:Sending block. Iteration: 7
[peer] 02:00:51.128203 main.go:139: 10:Acquired bool lock
[peer] 02:00:51.128220 main.go:140: Chain Length:9
[peer] 02:00:51.128228 main.go:142: Chain Length:9
[peer] 02:00:51.128236 main.go:147: Already have block
[peer] 02:00:51.128246 main.go:152: 10:Bool lock released
[peer] 02:00:51.128255 main.go:179: 10:Equal block
[peer] 02:00:51.128330 main.go:139: 10:Acquired bool lock
[peer] 02:00:51.128342 main.go:140: Chain Length:9
[peer] 02:00:51.128350 main.go:142: Chain Length:9
[peer] 02:00:51.128357 main.go:147: Already have block
[peer] 02:00:51.128366 main.go:152: 10:Bool lock released
[peer] 02:00:51.128374 main.go:179: 10:Equal block
[peer] 02:00:51.128453 main.go:139: 10:Acquired bool lock
[peer] 02:00:51.128468 main.go:140: Chain Length:9
[peer] 02:00:51.128475 main.go:142: Chain Length:9
[peer] 02:00:51.128481 main.go:147: Already have block
[peer] 02:00:51.128491 main.go:152: 10:Bool lock released
[peer] 02:00:51.128498 main.go:179: 10:Equal block
[peer] 02:00:51.128554 main.go:139: 10:Acquired bool lock
[peer] 02:00:51.128568 main.go:140: Chain Length:9
[peer] 02:00:51.128575 main.go:142: Chain Length:9
[peer] 02:00:51.128582 main.go:147: Already have block
[peer] 02:00:51.128591 main.go:152: 10:Bool lock released
[peer] 02:00:51.128598 main.go:179: 10:Equal block
[peer] 02:00:51.128651 main.go:139: 10:Acquired bool lock
[peer] 02:00:51.128662 main.go:140: Chain Length:9
[peer] 02:00:51.128670 main.go:142: Chain Length:9
[peer] 02:00:51.128685 main.go:147: Already have block
[peer] 02:00:51.128694 main.go:152: 10:Bool lock released
[peer] 02:00:51.128701 main.go:179: 10:Equal block
[peer] 02:00:51.128767 main.go:139: 10:Acquired bool lock
[peer] 02:00:51.128780 main.go:140: Chain Length:9
[peer] 02:00:51.128787 main.go:142: Chain Length:9
[peer] 02:00:51.128794 main.go:147: Already have block
[peer] 02:00:51.128804 main.go:152: 10:Bool lock released
[peer] 02:00:51.128812 main.go:179: 10:Equal block
[peer] 02:00:51.128870 main.go:139: 10:Acquired bool lock
[peer] 02:00:51.128885 main.go:140: Chain Length:9
[peer] 02:00:51.128892 main.go:142: Chain Length:9
[peer] 02:00:51.128899 main.go:147: Already have block
[peer] 02:00:51.128920 main.go:152: 10:Bool lock released
[peer] 02:00:51.128929 main.go:179: 10:Equal block
[peer] 02:00:51.128998 main.go:139: 10:Acquired bool lock
[peer] 02:00:51.129016 main.go:140: Chain Length:9
[peer] 02:00:51.129026 main.go:142: Chain Length:9
[peer] 02:00:51.129033 main.go:147: Already have block
[peer] 02:00:51.129047 main.go:152: 10:Bool lock released
[peer] 02:00:51.129058 main.go:179: 10:Equal block
[peer] 02:00:51.129129 main.go:139: 10:Acquired bool lock
[peer] 02:00:51.129148 main.go:140: Chain Length:9
[peer] 02:00:51.129158 main.go:142: Chain Length:9
[peer] 02:00:51.129166 main.go:147: Already have block
[peer] 02:00:51.129178 main.go:152: 10:Bool lock released
[peer] 02:00:51.129191 main.go:179: 10:Equal block
[peer] 02:00:51.129263 main.go:139: 10:Acquired bool lock
[peer] 02:00:51.129279 main.go:140: Chain Length:9
[peer] 02:00:51.129286 main.go:142: Chain Length:9
[peer] 02:00:51.129296 main.go:147: Already have block
[peer] 02:00:51.129308 main.go:152: 10:Bool lock released
[peer] 02:00:51.129317 main.go:179: 10:Equal block
[peer] 02:00:51.136443 main.go:729: 10:Block sent to peer successful
[err] 02:00:51.136468 main.go:302: Error in sending block, err = Stale Update/Block
[peer] 02:00:51.155410 main.go:729: 10:Block sent to peer successful
[err] 02:00:51.155428 main.go:302: Error in sending block, err = Stale Update/Block
[peer] 02:00:51.157544 main.go:729: 10:Block sent to peer successful
[err] 02:00:51.157567 main.go:302: Error in sending block, err = Stale Update/Block
[peer] 02:00:51.157601 main.go:729: 10:Block sent to peer successful
[err] 02:00:51.157621 main.go:302: Error in sending block, err = Stale Update/Block
[peer] 02:00:51.157723 main.go:729: 10:Block sent to peer successful
[err] 02:00:51.157737 main.go:302: Error in sending block, err = Stale Update/Block
[peer] 02:00:51.157745 main.go:729: 10:Block sent to peer successful
[err] 02:00:51.157760 main.go:302: Error in sending block, err = Stale Update/Block
[peer] 02:00:51.157924 main.go:729: 10:Block sent to peer successful
[err] 02:00:51.157940 main.go:302: Error in sending block, err = Stale Update/Block
[peer] 02:00:51.157950 main.go:729: 10:Block sent to peer successful
[err] 02:00:51.157965 main.go:302: Error in sending block, err = Stale Update/Block
[peer] 02:00:51.158088 main.go:729: 10:Block sent to peer successful
[err] 02:00:51.158108 main.go:302: Error in sending block, err = Stale Update/Block
[peer] 02:00:51.158513 main.go:130: 10:Got block message, iteration 7
[peer] 02:00:51.158538 main.go:137: 10:Acquiring bool lock
[peer] 02:00:51.158545 main.go:139: 10:Acquired bool lock
[peer] 02:00:51.158551 main.go:140: Chain Length:9
[peer] 02:00:51.158557 main.go:142: Chain Length:9
[peer] 02:00:51.158564 main.go:147: Already have block
[peer] 02:00:51.158572 main.go:152: 10:Bool lock released
[peer] 02:00:51.158579 main.go:179: 10:Equal block
[peer] 02:00:51.158964 main.go:729: 10:Block sent to peer successful
[err] 02:00:51.158980 main.go:302: Error in sending block, err = Stale Update/Block
[peer] 02:00:51.159745 main.go:729: 10:Block sent to peer successful
[err] 02:00:51.159761 main.go:302: Error in sending block, err = Stale Update/Block
[peer] 02:00:51.165480 main.go:729: 10:Block sent to peer successful
[err] 02:00:51.165497 main.go:302: Error in sending block, err = Stale Update/Block
[peer] 02:00:51.165584 main.go:633: 10:Accepted new Connection
[peer] 02:00:51.165888 main.go:130: 10:Got block message, iteration 7
[peer] 02:00:51.165909 main.go:137: 10:Acquiring bool lock
[peer] 02:00:51.165915 main.go:139: 10:Acquired bool lock
[peer] 02:00:51.165921 main.go:140: Chain Length:9
[peer] 02:00:51.165926 main.go:142: Chain Length:9
[peer] 02:00:51.165932 main.go:147: Already have block
[peer] 02:00:51.165939 main.go:152: 10:Bool lock released
[peer] 02:00:51.165945 main.go:179: 10:Equal block
[peer] 02:00:51.166122 main.go:729: 10:Block sent to peer successful
[err] 02:00:51.166134 main.go:302: Error in sending block, err = Stale Update/Block
[peer] 02:00:51.166338 main.go:130: 10:Got block message, iteration 7
[peer] 02:00:51.166363 main.go:137: 10:Acquiring bool lock
[peer] 02:00:51.166369 main.go:139: 10:Acquired bool lock
[peer] 02:00:51.166374 main.go:140: Chain Length:9
[peer] 02:00:51.166380 main.go:142: Chain Length:9
[peer] 02:00:51.166386 main.go:147: Already have block
[peer] 02:00:51.166393 main.go:152: 10:Bool lock released
[peer] 02:00:51.166399 main.go:179: 10:Equal block
[peer] 02:00:51.169657 main.go:729: 10:Block sent to peer successful
[err] 02:00:51.169671 main.go:302: Error in sending block, err = Stale Update/Block
[peer] 02:00:51.169735 main.go:633: 10:Accepted new Connection
[peer] 02:00:51.172511 main.go:729: 10:Block sent to peer successful
[err] 02:00:51.172525 main.go:302: Error in sending block, err = Stale Update/Block
[peer] 02:00:51.174105 main.go:130: 10:Got block message, iteration 7
[peer] 02:00:51.174126 main.go:137: 10:Acquiring bool lock
[peer] 02:00:51.174131 main.go:139: 10:Acquired bool lock
[peer] 02:00:51.174137 main.go:140: Chain Length:9
[peer] 02:00:51.174142 main.go:142: Chain Length:9
[peer] 02:00:51.174148 main.go:147: Already have block
[peer] 02:00:51.174155 main.go:152: 10:Bool lock released
[peer] 02:00:51.174160 main.go:179: 10:Equal block
[peer] 02:00:51.209185 main.go:633: 10:Accepted new Connection
[peer] 02:00:51.209594 main.go:130: 10:Got block message, iteration 7
[peer] 02:00:51.209619 main.go:137: 10:Acquiring bool lock
[peer] 02:00:51.209627 main.go:139: 10:Acquired bool lock
[peer] 02:00:51.209634 main.go:140: Chain Length:9
[peer] 02:00:51.209642 main.go:142: Chain Length:9
[peer] 02:00:51.209649 main.go:147: Already have block
[peer] 02:00:51.209657 main.go:152: 10:Bool lock released
[peer] 02:00:51.209664 main.go:179: 10:Equal block
[peer] 02:00:51.215014 main.go:729: 10:Block sent to peer successful
[err] 02:00:51.215029 main.go:302: Error in sending block, err = Stale Update/Block
[peer] 02:00:51.215090 main.go:633: 10:Accepted new Connection
[peer] 02:00:51.215332 main.go:130: 10:Got block message, iteration 7
[peer] 02:00:51.215355 main.go:137: 10:Acquiring bool lock
[peer] 02:00:51.215363 main.go:139: 10:Acquired bool lock
[peer] 02:00:51.215370 main.go:140: Chain Length:9
[peer] 02:00:51.215376 main.go:142: Chain Length:9
[peer] 02:00:51.215383 main.go:147: Already have block
[peer] 02:00:51.215390 main.go:152: 10:Bool lock released
[peer] 02:00:51.215397 main.go:179: 10:Equal block
[peer] 02:00:51.215546 main.go:729: 10:Block sent to peer successful
[err] 02:00:51.215561 main.go:302: Error in sending block, err = Stale Update/Block
[peer] 02:00:51.265119 main.go:633: 10:Accepted new Connection
[peer] 02:00:51.265356 main.go:130: 10:Got block message, iteration 7
[peer] 02:00:51.265374 main.go:137: 10:Acquiring bool lock
[peer] 02:00:51.265380 main.go:139: 10:Acquired bool lock
[peer] 02:00:51.265385 main.go:140: Chain Length:9
[peer] 02:00:51.265390 main.go:142: Chain Length:9
[peer] 02:00:51.265396 main.go:147: Already have block
[peer] 02:00:51.265402 main.go:152: 10:Bool lock released
[peer] 02:00:51.265408 main.go:179: 10:Equal block
[peer] 02:00:51.266700 main.go:729: 10:Block sent to peer successful
[err] 02:00:51.266715 main.go:302: Error in sending block, err = Stale Update/Block
[peer] 02:00:51.271378 main.go:729: 10:Block sent to peer successful
[err] 02:00:51.271398 main.go:302: Error in sending block, err = Stale Update/Block
[peer] 02:00:51.271446 main.go:684: 10:RPC calls successfully returned. Iteration: 7
[peer] 02:00:51.289756 main.go:633: 10:Accepted new Connection
[peer] 02:00:51.290053 main.go:130: 10:Got block message, iteration 7
[peer] 02:00:51.290072 main.go:137: 10:Acquiring bool lock
[peer] 02:00:51.290078 main.go:139: 10:Acquired bool lock
[peer] 02:00:51.290084 main.go:140: Chain Length:9
[peer] 02:00:51.290089 main.go:142: Chain Length:9
[peer] 02:00:51.290095 main.go:147: Already have block
[peer] 02:00:51.290102 main.go:152: 10:Bool lock released
[peer] 02:00:51.290108 main.go:179: 10:Equal block
[peer] 02:00:51.348040 honest.go:81: 10Train Error is 0.06929 in Iteration 7
[peer] 02:00:51.348065 main.go:692: 10:Preparing for next Iteration. Current Iteration: 7
[peer] 02:00:51.348072 main.go:588: 10:Acquiring bool lock
[peer] 02:00:51.348078 main.go:590: 10:Acquired bool lock
[peer] 02:00:51.349277 main.go:609: 10:I am not verifier IterationCount:8
[peer] 02:00:51.349290 main.go:614: 10:Bool lock released
[peer] 02:00:51.438161 main.go:824: 10:Computing Update
[peer] 02:00:51.438684 main.go:270: 10 : VRF returned ID map[12:{}]
[peer] 02:00:51.438705 main.go:280: 10 :Verifiers [198.162.52.57:8012] returned.
[peer] 02:00:51.438921 main.go:869: 10:Making RPC Call to Verifier. Sending Update, Iteration:8
[peer] 02:00:51.481124 main.go:876: 10:Update sent successfully
[peer] 02:00:56.424508 main.go:633: 10:Accepted new Connection
[peer] 02:00:56.446541 main.go:633: 10:Accepted new Connection
[peer] 02:00:56.455316 main.go:633: 10:Accepted new Connection
[peer] 02:00:56.455708 main.go:130: 10:Got block message, iteration 8
[peer] 02:00:56.455743 main.go:137: 10:Acquiring bool lock
[peer] 02:00:56.455754 main.go:139: 10:Acquired bool lock
[peer] 02:00:56.455764 main.go:140: Chain Length:9
[peer] 02:00:56.455774 main.go:142: Chain Length:9
[peer] 02:00:56.455784 main.go:187: 10:Sending to channel
[peer] 02:00:56.455799 main.go:193: 10:Sent to channel
[peer] 02:00:56.455813 main.go:195: 10:Returning
[peer] 02:00:56.456164 main.go:777: 10:Adding block to chain
[peer] 02:00:56.456192 honest.go:222: Trying to append block with iteration:8
[peer] 02:00:56.456204 honest.go:238: Append successful
[peer] 02:00:56.456215 main.go:781: 10:Adding block to chain
[peer] 02:00:56.456225 main.go:787: 10:Checking convergence
[peer] 02:00:56.457031 main.go:130: 10:Got block message, iteration 8
[peer] 02:00:56.457063 main.go:137: 10:Acquiring bool lock
[peer] 02:00:56.475533 main.go:633: 10:Accepted new Connection
[peer] 02:00:56.475592 main.go:633: 10:Accepted new Connection
[peer] 02:00:56.475632 main.go:633: 10:Accepted new Connection
[peer] 02:00:56.475675 main.go:633: 10:Accepted new Connection
[peer] 02:00:56.476365 main.go:130: 10:Got block message, iteration 8
[peer] 02:00:56.476391 main.go:137: 10:Acquiring bool lock
[peer] 02:00:56.476388 main.go:955: 10:Block Received. Appending to chain and moving on to the next iteration. 8
[peer] 02:00:56.476377 main.go:130: 10:Got block message, iteration 8
[peer] 02:00:56.476462 main.go:137: 10:Acquiring bool lock
[peer] 02:00:56.475631 main.go:130: 10:Got block message, iteration 8
[peer] 02:00:56.476498 main.go:137: 10:Acquiring bool lock
[peer] 02:00:56.476907 main.go:130: 10:Got block message, iteration 8
[peer] 02:00:56.476941 main.go:137: 10:Acquiring bool lock
[peer] 02:00:56.477011 main.go:130: 10:Got block message, iteration 8
[peer] 02:00:56.477044 main.go:137: 10:Acquiring bool lock
[peer] 02:00:56.544989 main.go:633: 10:Accepted new Connection
[peer] 02:00:56.545032 main.go:633: 10:Accepted new Connection
[peer] 02:00:56.545055 main.go:633: 10:Accepted new Connection
[peer] 02:00:56.545075 main.go:633: 10:Accepted new Connection
[peer] 02:00:56.545094 main.go:633: 10:Accepted new Connection
[peer] 02:00:56.545407 main.go:130: 10:Got block message, iteration 8
[peer] 02:00:56.545429 main.go:137: 10:Acquiring bool lock
[peer] 02:00:56.545413 main.go:130: 10:Got block message, iteration 8
[peer] 02:00:56.545442 main.go:137: 10:Acquiring bool lock
[peer] 02:00:56.545621 main.go:130: 10:Got block message, iteration 8
[peer] 02:00:56.545645 main.go:137: 10:Acquiring bool lock
[peer] 02:00:56.545652 main.go:130: 10:Got block message, iteration 8
[peer] 02:00:56.545671 main.go:137: 10:Acquiring bool lock
[peer] 02:00:56.545896 main.go:130: 10:Got block message, iteration 8
[peer] 02:00:56.545916 main.go:137: 10:Acquiring bool lock
[peer] 02:00:56.546229 main.go:633: 10:Accepted new Connection
[peer] 02:00:56.546273 main.go:633: 10:Accepted new Connection
[peer] 02:00:56.547002 main.go:633: 10:Accepted new Connection
[peer] 02:00:56.547457 main.go:130: 10:Got block message, iteration 8
[peer] 02:00:56.547479 main.go:137: 10:Acquiring bool lock
[peer] 02:00:56.549138 honest.go:81: 10Train Error is 0.06434 in Iteration 8
[peer] 02:00:56.549163 main.go:790: 10:Convergence checked
[peer] 02:00:56.549178 main.go:793: 10:Bool lock released
[peer] 02:00:56.549245 main.go:664: 10:Sending block. Iteration: 8
[peer] 02:00:56.549378 main.go:139: 10:Acquired bool lock
[peer] 02:00:56.549392 main.go:140: Chain Length:10
[peer] 02:00:56.549398 main.go:142: Chain Length:10
[peer] 02:00:56.549404 main.go:147: Already have block
[peer] 02:00:56.549413 main.go:152: 10:Bool lock released
[peer] 02:00:56.549419 main.go:179: 10:Equal block
[peer] 02:00:56.549474 main.go:139: 10:Acquired bool lock
[peer] 02:00:56.549484 main.go:140: Chain Length:10
[peer] 02:00:56.549490 main.go:142: Chain Length:10
[peer] 02:00:56.549496 main.go:147: Already have block
[peer] 02:00:56.549504 main.go:152: 10:Bool lock released
[peer] 02:00:56.549511 main.go:179: 10:Equal block
[peer] 02:00:56.549550 main.go:139: 10:Acquired bool lock
[peer] 02:00:56.549559 main.go:140: Chain Length:10
[peer] 02:00:56.549566 main.go:142: Chain Length:10
[peer] 02:00:56.549572 main.go:147: Already have block
[peer] 02:00:56.549580 main.go:152: 10:Bool lock released
[peer] 02:00:56.549586 main.go:179: 10:Equal block
[peer] 02:00:56.549623 main.go:139: 10:Acquired bool lock
[peer] 02:00:56.549633 main.go:140: Chain Length:10
[peer] 02:00:56.549639 main.go:142: Chain Length:10
[peer] 02:00:56.549645 main.go:147: Already have block
[peer] 02:00:56.549653 main.go:152: 10:Bool lock released
[peer] 02:00:56.549659 main.go:179: 10:Equal block
[peer] 02:00:56.549697 main.go:139: 10:Acquired bool lock
[peer] 02:00:56.549706 main.go:140: Chain Length:10
[peer] 02:00:56.549712 main.go:142: Chain Length:10
[peer] 02:00:56.549718 main.go:147: Already have block
[peer] 02:00:56.549726 main.go:152: 10:Bool lock released
[peer] 02:00:56.549732 main.go:179: 10:Equal block
[peer] 02:00:56.549867 main.go:139: 10:Acquired bool lock
[peer] 02:00:56.549881 main.go:140: Chain Length:10
[peer] 02:00:56.549887 main.go:142: Chain Length:10
[peer] 02:00:56.549893 main.go:147: Already have block
[peer] 02:00:56.549901 main.go:152: 10:Bool lock released
[peer] 02:00:56.549908 main.go:179: 10:Equal block
[peer] 02:00:56.549987 main.go:139: 10:Acquired bool lock
[peer] 02:00:56.549998 main.go:140: Chain Length:10
[peer] 02:00:56.550004 main.go:142: Chain Length:10
[peer] 02:00:56.550010 main.go:147: Already have block
[peer] 02:00:56.550017 main.go:152: 10:Bool lock released
[peer] 02:00:56.550024 main.go:179: 10:Equal block
[peer] 02:00:56.550087 main.go:139: 10:Acquired bool lock
[peer] 02:00:56.550098 main.go:140: Chain Length:10
[peer] 02:00:56.550104 main.go:142: Chain Length:10
[peer] 02:00:56.550110 main.go:147: Already have block
[peer] 02:00:56.550118 main.go:152: 10:Bool lock released
[peer] 02:00:56.550125 main.go:179: 10:Equal block
[peer] 02:00:56.550162 main.go:139: 10:Acquired bool lock
[peer] 02:00:56.550175 main.go:140: Chain Length:10
[peer] 02:00:56.550192 main.go:142: Chain Length:10
[peer] 02:00:56.550198 main.go:147: Already have block
[peer] 02:00:56.550206 main.go:152: 10:Bool lock released
[peer] 02:00:56.550212 main.go:179: 10:Equal block
[peer] 02:00:56.550248 main.go:139: 10:Acquired bool lock
[peer] 02:00:56.550257 main.go:140: Chain Length:10
[peer] 02:00:56.550263 main.go:142: Chain Length:10
[peer] 02:00:56.550269 main.go:147: Already have block
[peer] 02:00:56.550277 main.go:152: 10:Bool lock released
[peer] 02:00:56.550284 main.go:179: 10:Equal block
[peer] 02:00:56.550318 main.go:139: 10:Acquired bool lock
[peer] 02:00:56.550327 main.go:140: Chain Length:10
[peer] 02:00:56.550333 main.go:142: Chain Length:10
[peer] 02:00:56.550340 main.go:147: Already have block
[peer] 02:00:56.550348 main.go:152: 10:Bool lock released
[peer] 02:00:56.550354 main.go:179: 10:Equal block
[peer] 02:00:56.550409 main.go:139: 10:Acquired bool lock
[peer] 02:00:56.550419 main.go:140: Chain Length:10
[peer] 02:00:56.550425 main.go:142: Chain Length:10
[peer] 02:00:56.550431 main.go:147: Already have block
[peer] 02:00:56.550439 main.go:152: 10:Bool lock released
[peer] 02:00:56.550454 main.go:179: 10:Equal block
[peer] 02:00:56.563513 main.go:633: 10:Accepted new Connection
[peer] 02:00:56.563539 main.go:130: 10:Got block message, iteration 8
[peer] 02:00:56.563563 main.go:137: 10:Acquiring bool lock
[peer] 02:00:56.563574 main.go:139: 10:Acquired bool lock
[peer] 02:00:56.563581 main.go:140: Chain Length:10
[peer] 02:00:56.563587 main.go:142: Chain Length:10
[peer] 02:00:56.563594 main.go:147: Already have block
[peer] 02:00:56.563602 main.go:152: 10:Bool lock released
[peer] 02:00:56.563609 main.go:179: 10:Equal block
[peer] 02:00:56.563759 main.go:130: 10:Got block message, iteration 8
[peer] 02:00:56.563779 main.go:137: 10:Acquiring bool lock
[peer] 02:00:56.563786 main.go:139: 10:Acquired bool lock
[peer] 02:00:56.563792 main.go:140: Chain Length:10
[peer] 02:00:56.563798 main.go:142: Chain Length:10
[peer] 02:00:56.563804 main.go:147: Already have block
[peer] 02:00:56.563812 main.go:152: 10:Bool lock released
[peer] 02:00:56.563822 main.go:179: 10:Equal block
[peer] 02:00:56.563826 main.go:130: 10:Got block message, iteration 8
[peer] 02:00:56.563899 main.go:137: 10:Acquiring bool lock
[peer] 02:00:56.563906 main.go:139: 10:Acquired bool lock
[peer] 02:00:56.563912 main.go:140: Chain Length:10
[peer] 02:00:56.563917 main.go:142: Chain Length:10
[peer] 02:00:56.563923 main.go:147: Already have block
[peer] 02:00:56.563930 main.go:152: 10:Bool lock released
[peer] 02:00:56.563937 main.go:179: 10:Equal block
[peer] 02:00:56.563957 main.go:729: 10:Block sent to peer successful
[err] 02:00:56.563972 main.go:302: Error in sending block, err = Stale Update/Block
[peer] 02:00:56.563989 main.go:729: 10:Block sent to peer successful
[err] 02:00:56.564001 main.go:302: Error in sending block, err = Stale Update/Block
[peer] 02:00:56.564872 main.go:729: 10:Block sent to peer successful
[err] 02:00:56.564886 main.go:302: Error in sending block, err = Stale Update/Block
[peer] 02:00:56.564930 main.go:729: 10:Block sent to peer successful
[err] 02:00:56.564942 main.go:302: Error in sending block, err = Stale Update/Block
[peer] 02:00:56.565678 main.go:729: 10:Block sent to peer successful
[err] 02:00:56.565705 main.go:302: Error in sending block, err = Stale Update/Block
[peer] 02:00:56.566419 main.go:729: 10:Block sent to peer successful
[err] 02:00:56.566433 main.go:302: Error in sending block, err = Stale Update/Block
[peer] 02:00:56.566555 main.go:729: 10:Block sent to peer successful
[err] 02:00:56.566567 main.go:302: Error in sending block, err = Stale Update/Block
[peer] 02:00:56.566680 main.go:729: 10:Block sent to peer successful
[err] 02:00:56.566692 main.go:302: Error in sending block, err = Stale Update/Block
[peer] 02:00:56.566800 main.go:729: 10:Block sent to peer successful
[err] 02:00:56.566812 main.go:302: Error in sending block, err = Stale Update/Block
[peer] 02:00:56.568108 main.go:729: 10:Block sent to peer successful
[err] 02:00:56.568126 main.go:302: Error in sending block, err = Stale Update/Block
[peer] 02:00:56.568501 main.go:729: 10:Block sent to peer successful
[err] 02:00:56.568518 main.go:302: Error in sending block, err = Stale Update/Block
[peer] 02:00:56.568582 main.go:729: 10:Block sent to peer successful
[err] 02:00:56.568595 main.go:302: Error in sending block, err = Stale Update/Block
[peer] 02:00:56.568664 main.go:729: 10:Block sent to peer successful
[err] 02:00:56.568678 main.go:302: Error in sending block, err = Stale Update/Block
[peer] 02:00:56.568781 main.go:729: 10:Block sent to peer successful
[err] 02:00:56.568795 main.go:302: Error in sending block, err = Stale Update/Block
[peer] 02:00:56.568825 main.go:729: 10:Block sent to peer successful
[err] 02:00:56.568839 main.go:302: Error in sending block, err = Stale Update/Block
[peer] 02:00:56.593366 main.go:633: 10:Accepted new Connection
[peer] 02:00:56.608710 main.go:729: 10:Block sent to peer successful
[err] 02:00:56.608727 main.go:302: Error in sending block, err = Stale Update/Block
[peer] 02:00:56.608831 main.go:130: 10:Got block message, iteration 8
[peer] 02:00:56.608849 main.go:137: 10:Acquiring bool lock
[peer] 02:00:56.608863 main.go:139: 10:Acquired bool lock
[peer] 02:00:56.608869 main.go:140: Chain Length:10
[peer] 02:00:56.608888 main.go:142: Chain Length:10
[peer] 02:00:56.608896 main.go:147: Already have block
[peer] 02:00:56.608904 main.go:152: 10:Bool lock released
[peer] 02:00:56.608910 main.go:179: 10:Equal block
[peer] 02:00:56.608962 main.go:633: 10:Accepted new Connection
[peer] 02:00:56.608983 main.go:633: 10:Accepted new Connection
[peer] 02:00:56.609205 main.go:130: 10:Got block message, iteration 8
[peer] 02:00:56.609226 main.go:137: 10:Acquiring bool lock
[peer] 02:00:56.609232 main.go:139: 10:Acquired bool lock
[peer] 02:00:56.609237 main.go:140: Chain Length:10
[peer] 02:00:56.609242 main.go:142: Chain Length:10
[peer] 02:00:56.609248 main.go:147: Already have block
[peer] 02:00:56.609255 main.go:152: 10:Bool lock released
[peer] 02:00:56.609261 main.go:179: 10:Equal block
[peer] 02:00:56.609478 main.go:130: 10:Got block message, iteration 8
[peer] 02:00:56.609495 main.go:137: 10:Acquiring bool lock
[peer] 02:00:56.609501 main.go:139: 10:Acquired bool lock
[peer] 02:00:56.609511 main.go:140: Chain Length:10
[peer] 02:00:56.609517 main.go:142: Chain Length:10
[peer] 02:00:56.609522 main.go:147: Already have block
[peer] 02:00:56.609529 main.go:152: 10:Bool lock released
[peer] 02:00:56.609535 main.go:179: 10:Equal block
[peer] 02:00:56.609650 main.go:729: 10:Block sent to peer successful
[err] 02:00:56.609662 main.go:302: Error in sending block, err = Stale Update/Block
[peer] 02:00:56.622368 main.go:729: 10:Block sent to peer successful
[err] 02:00:56.622382 main.go:302: Error in sending block, err = Stale Update/Block
[peer] 02:00:56.641966 main.go:729: 10:Block sent to peer successful
[err] 02:00:56.641981 main.go:302: Error in sending block, err = Stale Update/Block
[peer] 02:00:56.642023 main.go:684: 10:RPC calls successfully returned. Iteration: 8
[peer] 02:00:56.659036 honest.go:81: 10Train Error is 0.06434 in Iteration 8
[peer] 02:00:56.659052 main.go:692: 10:Preparing for next Iteration. Current Iteration: 8
[peer] 02:00:56.659059 main.go:588: 10:Acquiring bool lock
[peer] 02:00:56.659066 main.go:590: 10:Acquired bool lock
[peer] 02:00:56.660434 main.go:609: 10:I am not verifier IterationCount:9
[peer] 02:00:56.660459 main.go:614: 10:Bool lock released
[peer] 02:00:56.750125 main.go:824: 10:Computing Update
[peer] 02:00:56.750622 main.go:270: 10 : VRF returned ID map[13:{}]
[peer] 02:00:56.750658 main.go:280: 10 :Verifiers [198.162.52.57:8013] returned.
[peer] 02:00:56.750783 main.go:869: 10:Making RPC Call to Verifier. Sending Update, Iteration:9
[peer] 02:00:56.752108 main.go:876: 10:Update sent successfully
[peer] 02:00:56.833708 main.go:633: 10:Accepted new Connection
[peer] 02:00:56.844945 main.go:130: 10:Got block message, iteration 9
[peer] 02:00:56.844965 main.go:137: 10:Acquiring bool lock
[peer] 02:00:56.844971 main.go:139: 10:Acquired bool lock
[peer] 02:00:56.844976 main.go:140: Chain Length:10
[peer] 02:00:56.844981 main.go:142: Chain Length:10
[peer] 02:00:56.844987 main.go:187: 10:Sending to channel
[peer] 02:00:56.844995 main.go:193: 10:Sent to channel
[peer] 02:00:56.845010 main.go:195: 10:Returning
[peer] 02:00:56.845157 main.go:777: 10:Adding block to chain
[peer] 02:00:56.845174 honest.go:222: Trying to append block with iteration:9
[peer] 02:00:56.845180 honest.go:238: Append successful
[peer] 02:00:56.845188 main.go:781: 10:Adding block to chain
[peer] 02:00:56.845193 main.go:787: 10:Checking convergence
[peer] 02:00:56.845574 main.go:633: 10:Accepted new Connection
[peer] 02:00:56.845747 main.go:955: 10:Block Received. Appending to chain and moving on to the next iteration. 9
[peer] 02:00:56.858252 main.go:130: 10:Got block message, iteration 9
[peer] 02:00:56.858272 main.go:137: 10:Acquiring bool lock
[peer] 02:00:56.858297 main.go:633: 10:Accepted new Connection
[peer] 02:00:56.858316 main.go:633: 10:Accepted new Connection
[peer] 02:00:56.858334 main.go:633: 10:Accepted new Connection
[peer] 02:00:56.858561 main.go:130: 10:Got block message, iteration 9
[peer] 02:00:56.858590 main.go:137: 10:Acquiring bool lock
[peer] 02:00:56.858617 main.go:130: 10:Got block message, iteration 9
[peer] 02:00:56.858641 main.go:137: 10:Acquiring bool lock
[peer] 02:00:56.858988 main.go:633: 10:Accepted new Connection
[peer] 02:00:56.862904 main.go:130: 10:Got block message, iteration 9
[peer] 02:00:56.862921 main.go:137: 10:Acquiring bool lock
[peer] 02:00:56.867047 main.go:130: 10:Got block message, iteration 9
[peer] 02:00:56.867067 main.go:137: 10:Acquiring bool lock
[peer] 02:00:56.867777 main.go:633: 10:Accepted new Connection
[peer] 02:00:56.868135 main.go:633: 10:Accepted new Connection
[peer] 02:00:56.875534 main.go:130: 10:Got block message, iteration 9
[peer] 02:00:56.875555 main.go:137: 10:Acquiring bool lock
[peer] 02:00:56.876635 main.go:130: 10:Got block message, iteration 9
[peer] 02:00:56.876674 main.go:137: 10:Acquiring bool lock
[peer] 02:00:56.877303 main.go:633: 10:Accepted new Connection
[peer] 02:00:56.880927 main.go:130: 10:Got block message, iteration 9
[peer] 02:00:56.880948 main.go:137: 10:Acquiring bool lock
[peer] 02:00:56.888524 main.go:633: 10:Accepted new Connection
[peer] 02:00:56.888819 main.go:130: 10:Got block message, iteration 9
[peer] 02:00:56.888836 main.go:137: 10:Acquiring bool lock
[peer] 02:00:56.892937 main.go:633: 10:Accepted new Connection
[peer] 02:00:56.893199 main.go:130: 10:Got block message, iteration 9
[peer] 02:00:56.893216 main.go:137: 10:Acquiring bool lock
[peer] 02:00:56.894558 main.go:633: 10:Accepted new Connection
[peer] 02:00:56.900476 main.go:633: 10:Accepted new Connection
[peer] 02:00:56.900700 main.go:130: 10:Got block message, iteration 9
[peer] 02:00:56.900717 main.go:137: 10:Acquiring bool lock
[peer] 02:00:56.906617 main.go:130: 10:Got block message, iteration 9
[peer] 02:00:56.906636 main.go:137: 10:Acquiring bool lock
[peer] 02:00:56.950848 main.go:633: 10:Accepted new Connection
[peer] 02:00:56.950878 main.go:633: 10:Accepted new Connection
[peer] 02:00:56.951095 main.go:130: 10:Got block message, iteration 9
[peer] 02:00:56.951113 main.go:137: 10:Acquiring bool lock
[peer] 02:00:56.952591 main.go:633: 10:Accepted new Connection
[peer] 02:00:56.957297 main.go:130: 10:Got block message, iteration 9
[peer] 02:00:56.957318 main.go:137: 10:Acquiring bool lock
[peer] 02:00:56.964378 main.go:633: 10:Accepted new Connection
[peer] 02:00:56.966039 main.go:130: 10:Got block message, iteration 9
[peer] 02:00:56.966078 main.go:137: 10:Acquiring bool lock
[peer] 02:00:56.966518 main.go:130: 10:Got block message, iteration 9
[peer] 02:00:56.966542 main.go:137: 10:Acquiring bool lock
[peer] 02:00:56.987080 main.go:633: 10:Accepted new Connection
[peer] 02:00:56.992174 main.go:130: 10:Got block message, iteration 9
[peer] 02:00:56.992191 main.go:137: 10:Acquiring bool lock
[peer] 02:00:57.130275 honest.go:81: 10Train Error is 0.05453 in Iteration 9
[peer] 02:00:57.130296 main.go:790: 10:Convergence checked
[peer] 02:00:57.130310 main.go:793: 10:Bool lock released
[peer] 02:00:57.130369 main.go:664: 10:Sending block. Iteration: 9
[peer] 02:00:57.130501 main.go:139: 10:Acquired bool lock
[peer] 02:00:57.130531 main.go:140: Chain Length:11
[peer] 02:00:57.130538 main.go:142: Chain Length:11
[peer] 02:00:57.130545 main.go:147: Already have block
[peer] 02:00:57.130566 main.go:152: 10:Bool lock released
[peer] 02:00:57.130578 main.go:179: 10:Equal block
[peer] 02:00:57.130678 main.go:139: 10:Acquired bool lock
[peer] 02:00:57.130693 main.go:140: Chain Length:11
[peer] 02:00:57.130699 main.go:142: Chain Length:11
[peer] 02:00:57.130704 main.go:147: Already have block
[peer] 02:00:57.130714 main.go:152: 10:Bool lock released
[peer] 02:00:57.130721 main.go:179: 10:Equal block
[peer] 02:00:57.130790 main.go:139: 10:Acquired bool lock
[peer] 02:00:57.130800 main.go:140: Chain Length:11
[peer] 02:00:57.130810 main.go:142: Chain Length:11
[peer] 02:00:57.130816 main.go:147: Already have block
[peer] 02:00:57.130823 main.go:152: 10:Bool lock released
[peer] 02:00:57.130829 main.go:179: 10:Equal block
[peer] 02:00:57.130885 main.go:139: 10:Acquired bool lock
[peer] 02:00:57.130913 main.go:140: Chain Length:11
[peer] 02:00:57.130920 main.go:142: Chain Length:11
[peer] 02:00:57.130925 main.go:147: Already have block
[peer] 02:00:57.130932 main.go:152: 10:Bool lock released
[peer] 02:00:57.130944 main.go:179: 10:Equal block
[peer] 02:00:57.130985 main.go:139: 10:Acquired bool lock
[peer] 02:00:57.130994 main.go:140: Chain Length:11
[peer] 02:00:57.131000 main.go:142: Chain Length:11
[peer] 02:00:57.131005 main.go:147: Already have block
[peer] 02:00:57.131012 main.go:152: 10:Bool lock released
[peer] 02:00:57.131018 main.go:179: 10:Equal block
[peer] 02:00:57.131066 main.go:139: 10:Acquired bool lock
[peer] 02:00:57.131078 main.go:140: Chain Length:11
[peer] 02:00:57.131083 main.go:142: Chain Length:11
[peer] 02:00:57.131089 main.go:147: Already have block
[peer] 02:00:57.131096 main.go:152: 10:Bool lock released
[peer] 02:00:57.131102 main.go:179: 10:Equal block
[peer] 02:00:57.131156 main.go:139: 10:Acquired bool lock
[peer] 02:00:57.131164 main.go:140: Chain Length:11
[peer] 02:00:57.131170 main.go:142: Chain Length:11
[peer] 02:00:57.131175 main.go:147: Already have block
[peer] 02:00:57.131182 main.go:152: 10:Bool lock released
[peer] 02:00:57.131188 main.go:179: 10:Equal block
[peer] 02:00:57.131225 main.go:139: 10:Acquired bool lock
[peer] 02:00:57.131234 main.go:140: Chain Length:11
[peer] 02:00:57.131239 main.go:142: Chain Length:11
[peer] 02:00:57.131244 main.go:147: Already have block
[peer] 02:00:57.131251 main.go:152: 10:Bool lock released
[peer] 02:00:57.131257 main.go:179: 10:Equal block
[peer] 02:00:57.131292 main.go:139: 10:Acquired bool lock
[peer] 02:00:57.131301 main.go:140: Chain Length:11
[peer] 02:00:57.131306 main.go:142: Chain Length:11
[peer] 02:00:57.131311 main.go:147: Already have block
[peer] 02:00:57.131321 main.go:152: 10:Bool lock released
[peer] 02:00:57.131326 main.go:179: 10:Equal block
[peer] 02:00:57.132011 main.go:729: 10:Block sent to peer successful
[err] 02:00:57.132029 main.go:302: Error in sending block, err = Stale Update/Block
[peer] 02:00:57.132047 main.go:729: 10:Block sent to peer successful
[err] 02:00:57.132064 main.go:302: Error in sending block, err = Stale Update/Block
[peer] 02:00:57.132150 main.go:139: 10:Acquired bool lock
[peer] 02:00:57.132165 main.go:140: Chain Length:11
[peer] 02:00:57.132172 main.go:142: Chain Length:11
[peer] 02:00:57.132177 main.go:147: Already have block
[peer] 02:00:57.132185 main.go:152: 10:Bool lock released
[peer] 02:00:57.132160 main.go:729: 10:Block sent to peer successful
[err] 02:00:57.132209 main.go:302: Error in sending block, err = Stale Update/Block
[peer] 02:00:57.132191 main.go:179: 10:Equal block
[peer] 02:00:57.132194 main.go:139: 10:Acquired bool lock
[peer] 02:00:57.132288 main.go:140: Chain Length:11
[peer] 02:00:57.132295 main.go:142: Chain Length:11
[peer] 02:00:57.132308 main.go:147: Already have block
[peer] 02:00:57.132322 main.go:152: 10:Bool lock released
[peer] 02:00:57.132328 main.go:179: 10:Equal block
[peer] 02:00:57.132401 main.go:139: 10:Acquired bool lock
[peer] 02:00:57.132412 main.go:140: Chain Length:11
[peer] 02:00:57.132418 main.go:142: Chain Length:11
[peer] 02:00:57.132424 main.go:147: Already have block
[peer] 02:00:57.132432 main.go:152: 10:Bool lock released
[peer] 02:00:57.132438 main.go:179: 10:Equal block
[peer] 02:00:57.132481 main.go:139: 10:Acquired bool lock
[peer] 02:00:57.132490 main.go:140: Chain Length:11
[peer] 02:00:57.132496 main.go:142: Chain Length:11
[peer] 02:00:57.132501 main.go:147: Already have block
[peer] 02:00:57.132508 main.go:152: 10:Bool lock released
[peer] 02:00:57.132514 main.go:179: 10:Equal block
[peer] 02:00:57.132559 main.go:139: 10:Acquired bool lock
[peer] 02:00:57.132568 main.go:140: Chain Length:11
[peer] 02:00:57.132574 main.go:142: Chain Length:11
[peer] 02:00:57.132579 main.go:147: Already have block
[peer] 02:00:57.132586 main.go:152: 10:Bool lock released
[peer] 02:00:57.132592 main.go:179: 10:Equal block
[peer] 02:00:57.132636 main.go:139: 10:Acquired bool lock
[peer] 02:00:57.132646 main.go:140: Chain Length:11
[peer] 02:00:57.132659 main.go:142: Chain Length:11
[peer] 02:00:57.132665 main.go:147: Already have block
[peer] 02:00:57.132672 main.go:152: 10:Bool lock released
[peer] 02:00:57.132678 main.go:179: 10:Equal block
[peer] 02:00:57.132725 main.go:139: 10:Acquired bool lock
[peer] 02:00:57.132739 main.go:140: Chain Length:11
[peer] 02:00:57.132745 main.go:142: Chain Length:11
[peer] 02:00:57.132747 main.go:729: 10:Block sent to peer successful
[err] 02:00:57.132785 main.go:302: Error in sending block, err = Stale Update/Block
[peer] 02:00:57.132751 main.go:147: Already have block
[peer] 02:00:57.132725 main.go:729: 10:Block sent to peer successful
[err] 02:00:57.132841 main.go:302: Error in sending block, err = Stale Update/Block
[peer] 02:00:57.132852 main.go:729: 10:Block sent to peer successful
[err] 02:00:57.132882 main.go:302: Error in sending block, err = Stale Update/Block
[peer] 02:00:57.132883 main.go:152: 10:Bool lock released
[peer] 02:00:57.132899 main.go:179: 10:Equal block
[peer] 02:00:57.132912 main.go:139: 10:Acquired bool lock
[peer] 02:00:57.132927 main.go:140: Chain Length:11
[peer] 02:00:57.132933 main.go:142: Chain Length:11
[peer] 02:00:57.132939 main.go:147: Already have block
[peer] 02:00:57.132947 main.go:152: 10:Bool lock released
[peer] 02:00:57.132954 main.go:179: 10:Equal block
[peer] 02:00:57.133172 main.go:729: 10:Block sent to peer successful
[err] 02:00:57.133185 main.go:302: Error in sending block, err = Stale Update/Block
[peer] 02:00:57.135012 main.go:729: 10:Block sent to peer successful
[err] 02:00:57.135027 main.go:302: Error in sending block, err = Stale Update/Block
[peer] 02:00:57.135161 main.go:729: 10:Block sent to peer successful
[err] 02:00:57.135173 main.go:302: Error in sending block, err = Stale Update/Block
[peer] 02:00:57.135641 main.go:729: 10:Block sent to peer successful
[err] 02:00:57.135654 main.go:302: Error in sending block, err = Stale Update/Block
[peer] 02:00:57.135697 main.go:633: 10:Accepted new Connection
[peer] 02:00:57.135813 main.go:729: 10:Block sent to peer successful
[err] 02:00:57.135824 main.go:302: Error in sending block, err = Stale Update/Block
[peer] 02:00:57.135918 main.go:729: 10:Block sent to peer successful
[err] 02:00:57.135929 main.go:302: Error in sending block, err = Stale Update/Block
[peer] 02:00:57.136059 main.go:729: 10:Block sent to peer successful
[err] 02:00:57.136078 main.go:302: Error in sending block, err = Stale Update/Block
[peer] 02:00:57.136214 main.go:729: 10:Block sent to peer successful
[err] 02:00:57.136225 main.go:302: Error in sending block, err = Stale Update/Block
[peer] 02:00:57.136344 main.go:729: 10:Block sent to peer successful
[err] 02:00:57.136355 main.go:302: Error in sending block, err = Stale Update/Block
[peer] 02:00:57.137594 main.go:729: 10:Block sent to peer successful
[err] 02:00:57.137612 main.go:302: Error in sending block, err = Stale Update/Block
[peer] 02:00:57.139454 main.go:729: 10:Block sent to peer successful
[err] 02:00:57.139474 main.go:302: Error in sending block, err = Stale Update/Block
[peer] 02:00:57.145142 main.go:729: 10:Block sent to peer successful
[err] 02:00:57.145178 main.go:302: Error in sending block, err = Stale Update/Block
[peer] 02:00:57.150663 main.go:729: 10:Block sent to peer successful
[err] 02:00:57.150679 main.go:302: Error in sending block, err = Stale Update/Block
[peer] 02:00:57.154790 main.go:684: 10:RPC calls successfully returned. Iteration: 9
[peer] 02:00:57.256477 main.go:130: 10:Got block message, iteration 9
[peer] 02:00:57.256501 main.go:137: 10:Acquiring bool lock
[peer] 02:00:57.256508 main.go:139: 10:Acquired bool lock
[peer] 02:00:57.256513 main.go:140: Chain Length:11
[peer] 02:00:57.256519 main.go:142: Chain Length:11
[peer] 02:00:57.256524 main.go:147: Already have block
[peer] 02:00:57.256532 main.go:152: 10:Bool lock released
[peer] 02:00:57.256537 main.go:179: 10:Equal block
[peer] 02:00:57.489495 honest.go:81: 10Train Error is 0.05453 in Iteration 9
[peer] 02:00:57.489516 main.go:692: 10:Preparing for next Iteration. Current Iteration: 9
[peer] 02:00:57.489537 main.go:588: 10:Acquiring bool lock
[peer] 02:00:57.489544 main.go:590: 10:Acquired bool lock
[peer] 02:00:57.490699 main.go:609: 10:I am not verifier IterationCount:10
[peer] 02:00:57.490711 main.go:614: 10:Bool lock released
[peer] 02:00:57.530976 main.go:824: 10:Computing Update
[peer] 02:00:57.531538 main.go:270: 10 : VRF returned ID map[4:{}]
[peer] 02:00:57.531574 main.go:280: 10 :Verifiers [198.162.52.126:8004] returned.
[peer] 02:00:57.532328 main.go:869: 10:Making RPC Call to Verifier. Sending Update, Iteration:10
[peer] 02:00:57.534335 main.go:876: 10:Update sent successfully
[peer] 02:01:02.229307 main.go:633: 10:Accepted new Connection
[peer] 02:01:02.234324 main.go:130: 10:Got block message, iteration 10
[peer] 02:01:02.234383 main.go:137: 10:Acquiring bool lock
[peer] 02:01:02.234399 main.go:139: 10:Acquired bool lock
[peer] 02:01:02.234411 main.go:140: Chain Length:11
[peer] 02:01:02.234424 main.go:142: Chain Length:11
[peer] 02:01:02.234477 main.go:187: 10:Sending to channel
[peer] 02:01:02.234503 main.go:193: 10:Sent to channel
[peer] 02:01:02.234547 main.go:195: 10:Returning
[peer] 02:01:02.234634 main.go:955: 10:Block Received. Appending to chain and moving on to the next iteration. 10
[peer] 02:01:02.234776 main.go:777: 10:Adding block to chain
[peer] 02:01:02.234836 honest.go:222: Trying to append block with iteration:10
[peer] 02:01:02.234853 honest.go:238: Append successful
[peer] 02:01:02.234870 main.go:781: 10:Adding block to chain
[peer] 02:01:02.234883 main.go:787: 10:Checking convergence
[peer] 02:01:02.239461 main.go:633: 10:Accepted new Connection
[peer] 02:01:02.244498 main.go:633: 10:Accepted new Connection
[peer] 02:01:02.248375 main.go:633: 10:Accepted new Connection
[peer] 02:01:02.248408 main.go:633: 10:Accepted new Connection
[peer] 02:01:02.248566 main.go:130: 10:Got block message, iteration 10
[peer] 02:01:02.248588 main.go:137: 10:Acquiring bool lock
[peer] 02:01:02.248798 main.go:130: 10:Got block message, iteration 10
[peer] 02:01:02.248817 main.go:137: 10:Acquiring bool lock
[peer] 02:01:02.254906 main.go:633: 10:Accepted new Connection
[peer] 02:01:02.255477 main.go:130: 10:Got block message, iteration 10
[peer] 02:01:02.255511 main.go:137: 10:Acquiring bool lock
[peer] 02:01:02.257564 main.go:130: 10:Got block message, iteration 10
[peer] 02:01:02.257599 main.go:137: 10:Acquiring bool lock
[peer] 02:01:02.257689 main.go:633: 10:Accepted new Connection
[peer] 02:01:02.257761 main.go:633: 10:Accepted new Connection
[peer] 02:01:02.262731 main.go:130: 10:Got block message, iteration 10
[peer] 02:01:02.262752 main.go:137: 10:Acquiring bool lock
[peer] 02:01:02.268385 main.go:633: 10:Accepted new Connection
[peer] 02:01:02.268473 main.go:633: 10:Accepted new Connection
[peer] 02:01:02.268664 main.go:130: 10:Got block message, iteration 10
[peer] 02:01:02.268692 main.go:137: 10:Acquiring bool lock
[peer] 02:01:02.271713 main.go:130: 10:Got block message, iteration 10
[peer] 02:01:02.271741 main.go:137: 10:Acquiring bool lock
[peer] 02:01:02.285329 main.go:130: 10:Got block message, iteration 10
[peer] 02:01:02.285353 main.go:137: 10:Acquiring bool lock
[peer] 02:01:02.285383 main.go:633: 10:Accepted new Connection
[peer] 02:01:02.285404 main.go:633: 10:Accepted new Connection
[peer] 02:01:02.285636 main.go:130: 10:Got block message, iteration 10
[peer] 02:01:02.285655 main.go:137: 10:Acquiring bool lock
[peer] 02:01:02.287349 main.go:130: 10:Got block message, iteration 10
[peer] 02:01:02.287381 main.go:137: 10:Acquiring bool lock
[peer] 02:01:02.298840 main.go:633: 10:Accepted new Connection
[peer] 02:01:02.298916 main.go:633: 10:Accepted new Connection
[peer] 02:01:02.299198 main.go:130: 10:Got block message, iteration 10
[peer] 02:01:02.299257 main.go:137: 10:Acquiring bool lock
[peer] 02:01:02.299536 main.go:130: 10:Got block message, iteration 10
[peer] 02:01:02.299560 main.go:137: 10:Acquiring bool lock
[peer] 02:01:02.326368 main.go:130: 10:Got block message, iteration 10
[peer] 02:01:02.326392 main.go:137: 10:Acquiring bool lock
[peer] 02:01:02.345503 main.go:633: 10:Accepted new Connection
[peer] 02:01:02.360526 main.go:130: 10:Got block message, iteration 10
[peer] 02:01:02.360545 main.go:137: 10:Acquiring bool lock
[peer] 02:01:02.382879 main.go:633: 10:Accepted new Connection
[peer] 02:01:02.387255 main.go:130: 10:Got block message, iteration 10
[peer] 02:01:02.387277 main.go:137: 10:Acquiring bool lock
[peer] 02:01:02.391570 main.go:633: 10:Accepted new Connection
[peer] 02:01:02.391952 main.go:130: 10:Got block message, iteration 10
[peer] 02:01:02.391972 main.go:137: 10:Acquiring bool lock
[peer] 02:01:02.438080 honest.go:81: 10Train Error is 0.04529 in Iteration 10
[peer] 02:01:02.438119 main.go:790: 10:Convergence checked
[peer] 02:01:02.438168 main.go:139: 10:Acquired bool lock
[peer] 02:01:02.438177 main.go:140: Chain Length:12
[peer] 02:01:02.438183 main.go:142: Chain Length:12
[peer] 02:01:02.438189 main.go:147: Already have block
[peer] 02:01:02.438200 main.go:152: 10:Bool lock released
[peer] 02:01:02.438208 main.go:179: 10:Equal block
[peer] 02:01:02.438227 main.go:139: 10:Acquired bool lock
[peer] 02:01:02.438234 main.go:140: Chain Length:12
[peer] 02:01:02.438240 main.go:142: Chain Length:12
[peer] 02:01:02.438245 main.go:147: Already have block
[peer] 02:01:02.438264 main.go:152: 10:Bool lock released
[peer] 02:01:02.438270 main.go:179: 10:Equal block
[peer] 02:01:02.438303 main.go:139: 10:Acquired bool lock
[peer] 02:01:02.438312 main.go:140: Chain Length:12
[peer] 02:01:02.438317 main.go:142: Chain Length:12
[peer] 02:01:02.438322 main.go:147: Already have block
[peer] 02:01:02.438329 main.go:152: 10:Bool lock released
[peer] 02:01:02.438336 main.go:179: 10:Equal block
[peer] 02:01:02.438393 main.go:139: 10:Acquired bool lock
[peer] 02:01:02.438416 main.go:140: Chain Length:12
[peer] 02:01:02.438432 main.go:142: Chain Length:12
[peer] 02:01:02.438439 main.go:147: Already have block
[peer] 02:01:02.438449 main.go:152: 10:Bool lock released
[peer] 02:01:02.438455 main.go:179: 10:Equal block
[peer] 02:01:02.438457 main.go:139: 10:Acquired bool lock
[peer] 02:01:02.438469 main.go:140: Chain Length:12
[peer] 02:01:02.438474 main.go:142: Chain Length:12
[peer] 02:01:02.438480 main.go:147: Already have block
[peer] 02:01:02.438493 main.go:152: 10:Bool lock released
[peer] 02:01:02.438500 main.go:179: 10:Equal block
[peer] 02:01:02.438548 main.go:139: 10:Acquired bool lock
[peer] 02:01:02.438558 main.go:140: Chain Length:12
[peer] 02:01:02.438564 main.go:142: Chain Length:12
[peer] 02:01:02.438570 main.go:147: Already have block
[peer] 02:01:02.438583 main.go:152: 10:Bool lock released
[peer] 02:01:02.438590 main.go:179: 10:Equal block
[peer] 02:01:02.438629 main.go:139: 10:Acquired bool lock
[peer] 02:01:02.438639 main.go:140: Chain Length:12
[peer] 02:01:02.438644 main.go:142: Chain Length:12
[peer] 02:01:02.438650 main.go:147: Already have block
[peer] 02:01:02.438663 main.go:152: 10:Bool lock released
[peer] 02:01:02.438669 main.go:179: 10:Equal block
[peer] 02:01:02.438677 main.go:139: 10:Acquired bool lock
[peer] 02:01:02.438691 main.go:140: Chain Length:12
[peer] 02:01:02.438697 main.go:142: Chain Length:12
[peer] 02:01:02.438703 main.go:147: Already have block
[peer] 02:01:02.438716 main.go:152: 10:Bool lock released
[peer] 02:01:02.438722 main.go:179: 10:Equal block
[peer] 02:01:02.438741 main.go:139: 10:Acquired bool lock
[peer] 02:01:02.438754 main.go:140: Chain Length:12
[peer] 02:01:02.438760 main.go:142: Chain Length:12
[peer] 02:01:02.438765 main.go:147: Already have block
[peer] 02:01:02.438773 main.go:152: 10:Bool lock released
[peer] 02:01:02.438779 main.go:179: 10:Equal block
[peer] 02:01:02.438812 main.go:139: 10:Acquired bool lock
[peer] 02:01:02.438833 main.go:140: Chain Length:12
[peer] 02:01:02.438840 main.go:142: Chain Length:12
[peer] 02:01:02.438846 main.go:147: Already have block
[peer] 02:01:02.438854 main.go:152: 10:Bool lock released
[peer] 02:01:02.438860 main.go:179: 10:Equal block
[peer] 02:01:02.438721 main.go:793: 10:Bool lock released
[peer] 02:01:02.438908 main.go:139: 10:Acquired bool lock
[peer] 02:01:02.438921 main.go:140: Chain Length:12
[peer] 02:01:02.438936 main.go:142: Chain Length:12
[peer] 02:01:02.438942 main.go:147: Already have block
[peer] 02:01:02.438921 main.go:664: 10:Sending block. Iteration: 10
[peer] 02:01:02.438949 main.go:152: 10:Bool lock released
[peer] 02:01:02.439040 main.go:179: 10:Equal block
[peer] 02:01:02.438953 main.go:139: 10:Acquired bool lock
[peer] 02:01:02.439107 main.go:140: Chain Length:12
[peer] 02:01:02.439113 main.go:142: Chain Length:12
[peer] 02:01:02.439118 main.go:147: Already have block
[peer] 02:01:02.439125 main.go:152: 10:Bool lock released
[peer] 02:01:02.439131 main.go:179: 10:Equal block
[peer] 02:01:02.439170 main.go:139: 10:Acquired bool lock
[peer] 02:01:02.439178 main.go:140: Chain Length:12
[peer] 02:01:02.439184 main.go:142: Chain Length:12
[peer] 02:01:02.439189 main.go:147: Already have block
[peer] 02:01:02.439196 main.go:152: 10:Bool lock released
[peer] 02:01:02.439202 main.go:179: 10:Equal block
[peer] 02:01:02.439237 main.go:139: 10:Acquired bool lock
[peer] 02:01:02.439246 main.go:140: Chain Length:12
[peer] 02:01:02.439251 main.go:142: Chain Length:12
[peer] 02:01:02.439256 main.go:147: Already have block
[peer] 02:01:02.439263 main.go:152: 10:Bool lock released
[peer] 02:01:02.439269 main.go:179: 10:Equal block
[peer] 02:01:02.439313 main.go:139: 10:Acquired bool lock
[peer] 02:01:02.439322 main.go:140: Chain Length:12
[peer] 02:01:02.439328 main.go:142: Chain Length:12
[peer] 02:01:02.439333 main.go:147: Already have block
[peer] 02:01:02.439340 main.go:152: 10:Bool lock released
[peer] 02:01:02.439346 main.go:179: 10:Equal block
[peer] 02:01:02.439390 main.go:139: 10:Acquired bool lock
[peer] 02:01:02.439400 main.go:140: Chain Length:12
[peer] 02:01:02.439406 main.go:142: Chain Length:12
[peer] 02:01:02.439411 main.go:147: Already have block
[peer] 02:01:02.439417 main.go:152: 10:Bool lock released
[peer] 02:01:02.439423 main.go:179: 10:Equal block
[peer] 02:01:02.442781 main.go:729: 10:Block sent to peer successful
[err] 02:01:02.442798 main.go:302: Error in sending block, err = Stale Update/Block
[peer] 02:01:02.443141 main.go:729: 10:Block sent to peer successful
[err] 02:01:02.443155 main.go:302: Error in sending block, err = Stale Update/Block
[peer] 02:01:02.443391 main.go:729: 10:Block sent to peer successful
[peer] 02:01:02.443528 main.go:729: 10:Block sent to peer successful
[err] 02:01:02.443546 main.go:302: Error in sending block, err = Stale Update/Block
[peer] 02:01:02.443663 main.go:729: 10:Block sent to peer successful
[err] 02:01:02.443679 main.go:302: Error in sending block, err = Stale Update/Block
[err] 02:01:02.443721 main.go:302: Error in sending block, err = Stale Update/Block
[peer] 02:01:02.443815 main.go:729: 10:Block sent to peer successful
[err] 02:01:02.443832 main.go:302: Error in sending block, err = Stale Update/Block
[peer] 02:01:02.443841 main.go:729: 10:Block sent to peer successful
[err] 02:01:02.443857 main.go:302: Error in sending block, err = Stale Update/Block
[peer] 02:01:02.443822 main.go:729: 10:Block sent to peer successful
[err] 02:01:02.443905 main.go:302: Error in sending block, err = Stale Update/Block
[peer] 02:01:02.443715 main.go:729: 10:Block sent to peer successful
[err] 02:01:02.443952 main.go:302: Error in sending block, err = Stale Update/Block
[peer] 02:01:02.444039 main.go:729: 10:Block sent to peer successful
[err] 02:01:02.444054 main.go:302: Error in sending block, err = Stale Update/Block
[peer] 02:01:02.444161 main.go:729: 10:Block sent to peer successful
[err] 02:01:02.444177 main.go:302: Error in sending block, err = Stale Update/Block
[peer] 02:01:02.444170 main.go:729: 10:Block sent to peer successful
[err] 02:01:02.444452 main.go:302: Error in sending block, err = Stale Update/Block
[peer] 02:01:02.444432 main.go:729: 10:Block sent to peer successful
[err] 02:01:02.444503 main.go:302: Error in sending block, err = Stale Update/Block
[peer] 02:01:02.444654 main.go:729: 10:Block sent to peer successful
[err] 02:01:02.444667 main.go:302: Error in sending block, err = Stale Update/Block
[peer] 02:01:02.444722 main.go:729: 10:Block sent to peer successful
[err] 02:01:02.444735 main.go:302: Error in sending block, err = Stale Update/Block
[peer] 02:01:02.444751 main.go:729: 10:Block sent to peer successful
[err] 02:01:02.444766 main.go:302: Error in sending block, err = Stale Update/Block
[peer] 02:01:02.444773 main.go:729: 10:Block sent to peer successful
[err] 02:01:02.444784 main.go:302: Error in sending block, err = Stale Update/Block
[peer] 02:01:02.476770 main.go:729: 10:Block sent to peer successful
[err] 02:01:02.476783 main.go:302: Error in sending block, err = Stale Update/Block
[peer] 02:01:02.476830 main.go:633: 10:Accepted new Connection
[peer] 02:01:02.476851 main.go:633: 10:Accepted new Connection
[peer] 02:01:02.477033 main.go:130: 10:Got block message, iteration 10
[peer] 02:01:02.477051 main.go:137: 10:Acquiring bool lock
[peer] 02:01:02.477057 main.go:139: 10:Acquired bool lock
[peer] 02:01:02.477062 main.go:140: Chain Length:12
[peer] 02:01:02.477067 main.go:142: Chain Length:12
[peer] 02:01:02.477072 main.go:147: Already have block
[peer] 02:01:02.477079 main.go:152: 10:Bool lock released
[peer] 02:01:02.477086 main.go:179: 10:Equal block
[peer] 02:01:02.481836 main.go:130: 10:Got block message, iteration 10
[peer] 02:01:02.481862 main.go:137: 10:Acquiring bool lock
[peer] 02:01:02.481869 main.go:139: 10:Acquired bool lock
[peer] 02:01:02.481874 main.go:140: Chain Length:12
[peer] 02:01:02.481880 main.go:142: Chain Length:12
[peer] 02:01:02.481885 main.go:147: Already have block
[peer] 02:01:02.481892 main.go:152: 10:Bool lock released
[peer] 02:01:02.481898 main.go:179: 10:Equal block
[peer] 02:01:02.482692 main.go:729: 10:Block sent to peer successful
[err] 02:01:02.482709 main.go:302: Error in sending block, err = Stale Update/Block
[peer] 02:01:02.482774 main.go:684: 10:RPC calls successfully returned. Iteration: 10
[peer] 02:01:02.709229 honest.go:81: 10Train Error is 0.04529 in Iteration 10
[peer] 02:01:02.709549 main.go:692: 10:Preparing for next Iteration. Current Iteration: 10
