[peer] 22:38:23.030564 honest.go:108: 7Importing modules...
../ML/code/utils.py:223: FutureWarning: Method .as_matrix will be removed in a future version. Use .values instead.
  data = data.as_matrix()
../ML/code/utils.py:94: FutureWarning: Method .as_matrix will be removed in a future version. Use .values instead.
  credit = df.ix[1:nn, 1:dd].as_matrix()
[peer] 22:38:29.602547 honest.go:124: 7Sucessfully pulled dataset. Features: 25
[peer] 22:38:29.602719 main.go:468: 7:Announcing myself to network
[peer] 22:38:29.602762 main.go:473: 7:Calling {198.162.52.126 %!s(int=8000) }
[peer] 22:38:29.602772 main.go:492: 7:Inside callRegisterRPC
[peer] 22:38:29.602779 main.go:624: 7:Peer started. Receiving on 8007
[peer] 22:38:29.602780 main.go:497: 7Making RPC call
[peer] 22:38:29.602891 main.go:517: 7RPC dial successful
[peer] 22:38:29.602902 main.go:520: 7:Calling RPC:198.162.52.126:8000
[peer] 22:38:29.602910 main.go:522: 7:RPC called198.162.52.126:8000
[peer] 22:38:29.603383 main.go:529: 7:Announced myself to a fellow peer at port. Got latest chain
[peer] 22:38:29.603402 main.go:536: Chain length received:1
[peer] 22:38:29.603408 main.go:537: My chain length:1
[peer] 22:38:29.603443 main.go:473: 7:Calling {198.162.52.126 %!s(int=8001) }
[peer] 22:38:29.603451 main.go:492: 7:Inside callRegisterRPC
[peer] 22:38:29.603457 main.go:497: 7Making RPC call
[peer] 22:38:29.603523 main.go:517: 7RPC dial successful
[peer] 22:38:29.603536 main.go:520: 7:Calling RPC:198.162.52.126:8001
[peer] 22:38:29.603546 main.go:522: 7:RPC called198.162.52.126:8001
[peer] 22:38:29.603930 main.go:529: 7:Announced myself to a fellow peer at port. Got latest chain
[peer] 22:38:29.603941 main.go:536: Chain length received:1
[peer] 22:38:29.603946 main.go:537: My chain length:1
[peer] 22:38:29.603974 main.go:473: 7:Calling {198.162.52.126 %!s(int=8002) }
[peer] 22:38:29.603981 main.go:492: 7:Inside callRegisterRPC
[peer] 22:38:29.603986 main.go:497: 7Making RPC call
[peer] 22:38:29.604052 main.go:517: 7RPC dial successful
[peer] 22:38:29.604070 main.go:520: 7:Calling RPC:198.162.52.126:8002
[peer] 22:38:29.604082 main.go:522: 7:RPC called198.162.52.126:8002
[peer] 22:38:29.604426 main.go:529: 7:Announced myself to a fellow peer at port. Got latest chain
[peer] 22:38:29.604440 main.go:536: Chain length received:1
[peer] 22:38:29.604445 main.go:537: My chain length:1
[peer] 22:38:29.604491 main.go:473: 7:Calling {198.162.52.126 %!s(int=8003) }
[peer] 22:38:29.604500 main.go:492: 7:Inside callRegisterRPC
[peer] 22:38:29.604507 main.go:497: 7Making RPC call
[err] 22:38:29.604558 main.go:285: Peer offline.Couldn't connect to peer: 198.162.52.126:8003, err = dial tcp 198.162.52.126:8003: connect: connection refused
[peer] 22:38:29.604573 main.go:473: 7:Calling {198.162.52.126 %!s(int=8004) }
[peer] 22:38:29.604578 main.go:492: 7:Inside callRegisterRPC
[peer] 22:38:29.604583 main.go:497: 7Making RPC call
[peer] 22:38:29.604634 main.go:517: 7RPC dial successful
[peer] 22:38:29.604642 main.go:520: 7:Calling RPC:198.162.52.126:8004
[peer] 22:38:29.604648 main.go:522: 7:RPC called198.162.52.126:8004
[peer] 22:38:29.605094 main.go:529: 7:Announced myself to a fellow peer at port. Got latest chain
[peer] 22:38:29.605110 main.go:536: Chain length received:1
[peer] 22:38:29.605116 main.go:537: My chain length:1
[peer] 22:38:29.605147 main.go:473: 7:Calling {198.162.52.126 %!s(int=8005) }
[peer] 22:38:29.605153 main.go:492: 7:Inside callRegisterRPC
[peer] 22:38:29.605158 main.go:497: 7Making RPC call
[peer] 22:38:29.605221 main.go:517: 7RPC dial successful
[peer] 22:38:29.605232 main.go:520: 7:Calling RPC:198.162.52.126:8005
[peer] 22:38:29.605239 main.go:522: 7:RPC called198.162.52.126:8005
[peer] 22:38:29.605664 main.go:529: 7:Announced myself to a fellow peer at port. Got latest chain
[peer] 22:38:29.605679 main.go:536: Chain length received:1
[peer] 22:38:29.605684 main.go:537: My chain length:1
[peer] 22:38:29.605713 main.go:473: 7:Calling {198.162.52.126 %!s(int=8006) }
[peer] 22:38:29.605722 main.go:492: 7:Inside callRegisterRPC
[peer] 22:38:29.605730 main.go:497: 7Making RPC call
[err] 22:38:29.605788 main.go:285: Peer offline.Couldn't connect to peer: 198.162.52.126:8006, err = dial tcp 198.162.52.126:8006: connect: connection refused
[peer] 22:38:29.605800 main.go:473: 7:Calling {198.162.52.126 %!s(int=8008) }
[peer] 22:38:29.605805 main.go:492: 7:Inside callRegisterRPC
[peer] 22:38:29.605809 main.go:497: 7Making RPC call
[peer] 22:38:29.605870 main.go:517: 7RPC dial successful
[peer] 22:38:29.605881 main.go:520: 7:Calling RPC:198.162.52.126:8008
[peer] 22:38:29.605889 main.go:522: 7:RPC called198.162.52.126:8008
[peer] 22:38:29.606206 main.go:529: 7:Announced myself to a fellow peer at port. Got latest chain
[peer] 22:38:29.606216 main.go:536: Chain length received:1
[peer] 22:38:29.606221 main.go:537: My chain length:1
[peer] 22:38:29.606260 main.go:473: 7:Calling {198.162.52.126 %!s(int=8009) }
[peer] 22:38:29.606267 main.go:492: 7:Inside callRegisterRPC
[peer] 22:38:29.606271 main.go:497: 7Making RPC call
[peer] 22:38:29.606336 main.go:517: 7RPC dial successful
[peer] 22:38:29.606351 main.go:520: 7:Calling RPC:198.162.52.126:8009
[peer] 22:38:29.606361 main.go:522: 7:RPC called198.162.52.126:8009
[peer] 22:38:29.606729 main.go:529: 7:Announced myself to a fellow peer at port. Got latest chain
[peer] 22:38:29.606739 main.go:536: Chain length received:1
[peer] 22:38:29.606744 main.go:537: My chain length:1
[peer] 22:38:29.606771 main.go:473: 7:Calling {198.162.52.57 %!s(int=8010) }
[peer] 22:38:29.606777 main.go:492: 7:Inside callRegisterRPC
[peer] 22:38:29.606782 main.go:497: 7Making RPC call
[err] 22:38:29.607075 main.go:285: Peer offline.Couldn't connect to peer: 198.162.52.57:8010, err = dial tcp 198.162.52.57:8010: connect: connection refused
[peer] 22:38:29.607087 main.go:473: 7:Calling {198.162.52.57 %!s(int=8011) }
[peer] 22:38:29.607092 main.go:492: 7:Inside callRegisterRPC
[peer] 22:38:29.607096 main.go:497: 7Making RPC call
[err] 22:38:29.607379 main.go:285: Peer offline.Couldn't connect to peer: 198.162.52.57:8011, err = dial tcp 198.162.52.57:8011: connect: connection refused
[peer] 22:38:29.607392 main.go:473: 7:Calling {198.162.52.57 %!s(int=8012) }
[peer] 22:38:29.607398 main.go:492: 7:Inside callRegisterRPC
[peer] 22:38:29.607405 main.go:497: 7Making RPC call
[err] 22:38:29.607694 main.go:285: Peer offline.Couldn't connect to peer: 198.162.52.57:8012, err = dial tcp 198.162.52.57:8012: connect: connection refused
[peer] 22:38:29.607706 main.go:473: 7:Calling {198.162.52.57 %!s(int=8013) }
[peer] 22:38:29.607710 main.go:492: 7:Inside callRegisterRPC
[peer] 22:38:29.607715 main.go:497: 7Making RPC call
[err] 22:38:29.608001 main.go:285: Peer offline.Couldn't connect to peer: 198.162.52.57:8013, err = dial tcp 198.162.52.57:8013: connect: connection refused
[peer] 22:38:29.608016 main.go:473: 7:Calling {198.162.52.57 %!s(int=8014) }
[peer] 22:38:29.608023 main.go:492: 7:Inside callRegisterRPC
[peer] 22:38:29.608029 main.go:497: 7Making RPC call
[err] 22:38:29.608327 main.go:285: Peer offline.Couldn't connect to peer: 198.162.52.57:8014, err = dial tcp 198.162.52.57:8014: connect: connection refused
[peer] 22:38:29.608344 main.go:473: 7:Calling {198.162.52.57 %!s(int=8015) }
[peer] 22:38:29.608352 main.go:492: 7:Inside callRegisterRPC
[peer] 22:38:29.608359 main.go:497: 7Making RPC call
[err] 22:38:29.608882 main.go:285: Peer offline.Couldn't connect to peer: 198.162.52.57:8015, err = dial tcp 198.162.52.57:8015: connect: connection refused
[peer] 22:38:29.608896 main.go:473: 7:Calling {198.162.52.57 %!s(int=8016) }
[peer] 22:38:29.608904 main.go:492: 7:Inside callRegisterRPC
[peer] 22:38:29.608910 main.go:497: 7Making RPC call
[err] 22:38:29.609425 main.go:285: Peer offline.Couldn't connect to peer: 198.162.52.57:8016, err = dial tcp 198.162.52.57:8016: connect: connection refused
[peer] 22:38:29.609438 main.go:473: 7:Calling {198.162.52.57 %!s(int=8017) }
[peer] 22:38:29.609443 main.go:492: 7:Inside callRegisterRPC
[peer] 22:38:29.609449 main.go:497: 7Making RPC call
[err] 22:38:29.609729 main.go:285: Peer offline.Couldn't connect to peer: 198.162.52.57:8017, err = dial tcp 198.162.52.57:8017: connect: connection refused
[peer] 22:38:29.609745 main.go:473: 7:Calling {198.162.52.57 %!s(int=8018) }
[peer] 22:38:29.609750 main.go:492: 7:Inside callRegisterRPC
[peer] 22:38:29.609754 main.go:497: 7Making RPC call
[err] 22:38:29.610033 main.go:285: Peer offline.Couldn't connect to peer: 198.162.52.57:8018, err = dial tcp 198.162.52.57:8018: connect: connection refused
[peer] 22:38:29.610043 main.go:473: 7:Calling {198.162.52.57 %!s(int=8019) }
[peer] 22:38:29.610048 main.go:492: 7:Inside callRegisterRPC
[peer] 22:38:29.610052 main.go:497: 7Making RPC call
[err] 22:38:29.610332 main.go:285: Peer offline.Couldn't connect to peer: 198.162.52.57:8019, err = dial tcp 198.162.52.57:8019: connect: connection refused
[peer] 22:38:29.610342 main.go:483: 7:Bootstrapped Network. Calling signal
[peer] 22:38:29.610350 main.go:485: 7:Bootstrapped Network. Signal called
[peer] 22:38:29.610360 main.go:590: Moving on to next iteration 0
[peer] 22:38:29.611307 vrf.go:97: Verifier lottery winner is 11 at 114 
[peer] 22:38:29.611315 vrf.go:113: Miner lottery winner is 19 at 194 
[peer] 22:38:29.611320 vrf.go:129: Noise lottery winner is 11 at 111 
[peer] 22:38:29.611327 main.go:227: Verifiers are [%!s(int=11)]
[peer] 22:38:29.611333 main.go:228: Miners are [%!s(int=19)]
[peer] 22:38:29.611339 main.go:229: Noisers are [%!s(int=11)]
[peer] 22:38:29.611344 main.go:605: 7:I am not miner or verifier. Iteration:0
[peer] 22:38:29.611349 main.go:845: 7:Computing Update
[peer] 22:38:29.611683 main.go:852: Sending update to verifiers
[err] 22:38:29.612005 main.go:285: Unable to connect to verifier, err = dial tcp 198.162.52.57:8011: connect: connection refused
[peer] 22:38:29.612014 main.go:914: GOT VERIFIER ERROR
[peer] 22:38:29.782008 main.go:167: 7:Got block message, iteration 0
[peer] 22:38:29.782145 main.go:666: Trying to acquire lock...
[peer] 22:38:29.787826 main.go:167: 7:Got block message, iteration 0
[peer] 22:38:29.787905 main.go:666: Trying to acquire lock...
[peer] 22:38:29.852144 main.go:189: 7:Registering peer:198.162.52.126:8006
[peer] 22:38:29.852160 main.go:200: Advertising chain to peer with length 1
[peer] 22:38:29.887303 main.go:189: 7:Registering peer:198.162.52.126:8003
[peer] 22:38:29.887322 main.go:200: Advertising chain to peer with length 1
[peer] 22:38:30.208239 main.go:167: 7:Got block message, iteration 0
[peer] 22:38:30.208414 main.go:666: Trying to acquire lock...
[peer] 22:38:30.391475 main.go:167: 7:Got block message, iteration 0
[peer] 22:38:30.391596 main.go:666: Trying to acquire lock...
[peer] 22:38:30.437539 main.go:167: 7:Got block message, iteration 0
[peer] 22:38:30.437619 main.go:666: Trying to acquire lock...
[peer] 22:38:30.551319 main.go:167: 7:Got block message, iteration 0
[peer] 22:38:30.551402 main.go:666: Trying to acquire lock...
[peer] 22:38:30.600894 main.go:167: 7:Got block message, iteration 0
[peer] 22:38:30.600978 main.go:666: Trying to acquire lock...
[peer] 22:38:30.612110 main.go:924: 7:Will try and create an empty block
[peer] 22:38:30.612126 blockchain.go:73: Returning nil
[peer] 22:38:30.612200 main.go:930: 7:Sending an empty block
[peer] 22:38:30.612216 main.go:845: 7:Computing Update
[peer] 22:38:30.612230 main.go:753: 7:Sending block of iteration: 0
[peer] 22:38:30.612885 main.go:852: Sending update to verifiers
[peer] 22:38:30.613543 main.go:801: 7:Block sent to peer successful. Peer: 198.162.52.126:8005 Iteration: 0
[peer] 22:38:30.613550 main.go:801: 7:Block sent to peer successful. Peer: 198.162.52.126:8001 Iteration: 0
[peer] 22:38:30.613672 main.go:801: 7:Block sent to peer successful. Peer: 198.162.52.126:8008 Iteration: 0
[peer] 22:38:30.613724 main.go:801: 7:Block sent to peer successful. Peer: 198.162.52.126:8002 Iteration: 0
[peer] 22:38:30.613821 main.go:801: 7:Block sent to peer successful. Peer: 198.162.52.126:8003 Iteration: 0
[peer] 22:38:30.613871 main.go:801: 7:Block sent to peer successful. Peer: 198.162.52.126:8006 Iteration: 0
[peer] 22:38:30.613969 main.go:801: 7:Block sent to peer successful. Peer: 198.162.52.126:8000 Iteration: 0
[peer] 22:38:30.614014 main.go:801: 7:Block sent to peer successful. Peer: 198.162.52.126:8009 Iteration: 0
[err] 22:38:30.614031 main.go:285: Unable to connect to verifier, err = dial tcp 198.162.52.57:8011: connect: connection refused
[peer] 22:38:30.614043 main.go:914: GOT VERIFIER ERROR
[peer] 22:38:30.614167 main.go:801: 7:Block sent to peer successful. Peer: 198.162.52.126:8004 Iteration: 0
[peer] 22:38:30.614196 main.go:772: 7:RPC calls successfully returned. Iteration: 0
[peer] 22:38:30.615236 honest.go:81: 7Train Error is 1.00000 in Iteration 0
[peer] 22:38:30.615255 main.go:778: 7:Preparing for next Iteration. Current Iteration: 0
[peer] 22:38:30.863192 main.go:167: 7:Got block message, iteration 1
[peer] 22:38:30.863271 main.go:666: Trying to acquire lock...
[peer] 22:38:30.897667 main.go:167: 7:Got block message, iteration 1
[peer] 22:38:30.897754 main.go:666: Trying to acquire lock...
[peer] 22:38:31.210828 main.go:167: 7:Got block message, iteration 1
[peer] 22:38:31.210912 main.go:666: Trying to acquire lock...
[peer] 22:38:31.394342 main.go:167: 7:Got block message, iteration 1
[peer] 22:38:31.394426 main.go:666: Trying to acquire lock...
[peer] 22:38:31.441579 main.go:167: 7:Got block message, iteration 1
[peer] 22:38:31.441657 main.go:666: Trying to acquire lock...
[peer] 22:38:31.553757 main.go:167: 7:Got block message, iteration 1
[peer] 22:38:31.553856 main.go:666: Trying to acquire lock...
[peer] 22:38:31.604413 main.go:167: 7:Got block message, iteration 1
[peer] 22:38:31.604473 main.go:666: Trying to acquire lock...
[peer] 22:38:31.614136 main.go:924: 7:Will try and create an empty block
[peer] 22:38:31.614152 blockchain.go:68: Returning a block
[err] 22:38:31.614161 main.go:285: Iteration: 0, err = Forbidden overwrite of block foiled
[peer] 22:38:31.614179 main.go:669: Got lock, processing block
[peer] 22:38:31.614190 blockchain.go:68: Returning a block
[peer] 22:38:31.614201 main.go:679: Already have block
[peer] 22:38:31.614209 blockchain.go:68: Returning a block
[peer] 22:38:31.614215 main.go:707: 7:Equal block
[peer] 22:38:31.614223 main.go:669: Got lock, processing block
[peer] 22:38:31.614229 blockchain.go:68: Returning a block
[peer] 22:38:31.614236 main.go:679: Already have block
[peer] 22:38:31.614242 blockchain.go:68: Returning a block
[peer] 22:38:31.614248 main.go:707: 7:Equal block
[peer] 22:38:31.614254 main.go:669: Got lock, processing block
[peer] 22:38:31.614261 blockchain.go:68: Returning a block
[peer] 22:38:31.614270 main.go:679: Already have block
[peer] 22:38:31.614278 blockchain.go:68: Returning a block
[peer] 22:38:31.614283 main.go:707: 7:Equal block
[peer] 22:38:31.614290 main.go:669: Got lock, processing block
[peer] 22:38:31.614296 blockchain.go:68: Returning a block
[peer] 22:38:31.614302 main.go:679: Already have block
[peer] 22:38:31.614308 blockchain.go:68: Returning a block
[peer] 22:38:31.614314 main.go:707: 7:Equal block
[peer] 22:38:31.614321 main.go:669: Got lock, processing block
[peer] 22:38:31.614326 blockchain.go:68: Returning a block
[peer] 22:38:31.614341 main.go:679: Already have block
[peer] 22:38:31.614348 blockchain.go:68: Returning a block
[peer] 22:38:31.614354 main.go:707: 7:Equal block
[peer] 22:38:31.614361 main.go:669: Got lock, processing block
[peer] 22:38:31.614367 blockchain.go:68: Returning a block
[peer] 22:38:31.614372 main.go:679: Already have block
[peer] 22:38:31.614379 blockchain.go:68: Returning a block
[peer] 22:38:31.614384 main.go:707: 7:Equal block
[peer] 22:38:31.614391 main.go:669: Got lock, processing block
[peer] 22:38:31.614398 blockchain.go:68: Returning a block
[peer] 22:38:31.614407 main.go:679: Already have block
[peer] 22:38:31.614414 blockchain.go:68: Returning a block
[peer] 22:38:31.614420 main.go:707: 7:Equal block
[peer] 22:38:31.614436 main.go:590: Moving on to next iteration 1
[peer] 22:38:31.615966 vrf.go:97: Verifier lottery winner is 10 at 100 
[peer] 22:38:31.615976 vrf.go:113: Miner lottery winner is 14 at 140 
[peer] 22:38:31.615983 vrf.go:129: Noise lottery winner is 10 at 108 
[peer] 22:38:31.615996 main.go:227: Verifiers are [%!s(int=10)]
[peer] 22:38:31.616015 main.go:228: Miners are [%!s(int=14)]
[peer] 22:38:31.616023 main.go:229: Noisers are [%!s(int=10)]
[peer] 22:38:31.616031 main.go:605: 7:I am not miner or verifier. Iteration:1
[peer] 22:38:31.616099 main.go:669: Got lock, processing block
[peer] 22:38:31.616108 blockchain.go:73: Returning nil
[peer] 22:38:31.616115 main.go:718: 7:Adding block for 1, I am at 1
[peer] 22:38:31.616122 honest.go:227: Trying to append block with iteration:1
[peer] 22:38:31.616128 blockchain.go:73: Returning nil
[peer] 22:38:31.616134 honest.go:243: Append successful
[peer] 22:38:31.616151 main.go:669: Got lock, processing block
[peer] 22:38:31.616162 blockchain.go:68: Returning a block
[peer] 22:38:31.616172 main.go:679: Already have block
[peer] 22:38:31.616178 blockchain.go:68: Returning a block
[peer] 22:38:31.616184 main.go:707: 7:Equal block
[peer] 22:38:31.616192 main.go:669: Got lock, processing block
[peer] 22:38:31.616197 blockchain.go:68: Returning a block
[peer] 22:38:31.616203 main.go:679: Already have block
[peer] 22:38:31.616209 blockchain.go:68: Returning a block
[peer] 22:38:31.616215 main.go:707: 7:Equal block
[peer] 22:38:31.616154 main.go:753: 7:Sending block of iteration: 1
[peer] 22:38:31.616223 main.go:669: Got lock, processing block
[peer] 22:38:31.616327 blockchain.go:68: Returning a block
[peer] 22:38:31.616335 main.go:679: Already have block
[peer] 22:38:31.616341 blockchain.go:68: Returning a block
[peer] 22:38:31.616347 main.go:707: 7:Equal block
[peer] 22:38:31.616354 main.go:669: Got lock, processing block
[peer] 22:38:31.616360 blockchain.go:68: Returning a block
[peer] 22:38:31.616366 main.go:679: Already have block
[peer] 22:38:31.616373 blockchain.go:68: Returning a block
[peer] 22:38:31.616379 main.go:707: 7:Equal block
[peer] 22:38:31.616387 main.go:669: Got lock, processing block
[peer] 22:38:31.616393 blockchain.go:68: Returning a block
[peer] 22:38:31.616398 main.go:679: Already have block
[peer] 22:38:31.616405 blockchain.go:68: Returning a block
[peer] 22:38:31.616411 main.go:707: 7:Equal block
[peer] 22:38:31.616419 main.go:669: Got lock, processing block
[peer] 22:38:31.616425 blockchain.go:68: Returning a block
[peer] 22:38:31.616431 main.go:679: Already have block
[peer] 22:38:31.616438 blockchain.go:68: Returning a block
[peer] 22:38:31.616444 main.go:707: 7:Equal block
[peer] 22:38:31.616459 main.go:845: 7:Computing Update
[peer] 22:38:31.616894 main.go:852: Sending update to verifiers
[peer] 22:38:31.616940 main.go:801: 7:Block sent to peer successful. Peer: 198.162.52.126:8008 Iteration: 1
[peer] 22:38:31.617205 main.go:801: 7:Block sent to peer successful. Peer: 198.162.52.126:8006 Iteration: 1
[peer] 22:38:31.617364 main.go:801: 7:Block sent to peer successful. Peer: 198.162.52.126:8003 Iteration: 1
[peer] 22:38:31.617481 main.go:801: 7:Block sent to peer successful. Peer: 198.162.52.126:8009 Iteration: 1
[peer] 22:38:31.617536 main.go:801: 7:Block sent to peer successful. Peer: 198.162.52.126:8000 Iteration: 1
[err] 22:38:31.617538 main.go:285: Unable to connect to verifier, err = dial tcp 198.162.52.57:8010: connect: connection refused
[peer] 22:38:31.617578 main.go:914: GOT VERIFIER ERROR
[peer] 22:38:31.617741 main.go:801: 7:Block sent to peer successful. Peer: 198.162.52.126:8005 Iteration: 1
[peer] 22:38:31.617982 main.go:801: 7:Block sent to peer successful. Peer: 198.162.52.126:8001 Iteration: 1
[peer] 22:38:31.618225 main.go:801: 7:Block sent to peer successful. Peer: 198.162.52.126:8002 Iteration: 1
[peer] 22:38:31.622698 main.go:801: 7:Block sent to peer successful. Peer: 198.162.52.126:8004 Iteration: 1
[peer] 22:38:31.622728 main.go:772: 7:RPC calls successfully returned. Iteration: 1
[peer] 22:38:31.623689 honest.go:81: 7Train Error is 1.00000 in Iteration 1
[peer] 22:38:31.623708 main.go:778: 7:Preparing for next Iteration. Current Iteration: 1
[peer] 22:38:31.786166 main.go:167: 7:Got block message, iteration 1
[peer] 22:38:31.786250 main.go:666: Trying to acquire lock...
[peer] 22:38:31.791520 main.go:167: 7:Got block message, iteration 1
[peer] 22:38:31.791590 main.go:666: Trying to acquire lock...
[peer] 22:38:32.617784 main.go:924: 7:Will try and create an empty block
[peer] 22:38:32.617821 blockchain.go:68: Returning a block
[err] 22:38:32.617835 main.go:285: Iteration: 1, err = Forbidden overwrite of block foiled
[peer] 22:38:32.617851 main.go:845: 7:Computing Update
[peer] 22:38:32.618287 main.go:852: Sending update to verifiers
[err] 22:38:32.618975 main.go:285: Unable to connect to verifier, err = dial tcp 198.162.52.57:8010: connect: connection refused
[peer] 22:38:32.618996 main.go:914: GOT VERIFIER ERROR
[peer] 22:38:32.868180 main.go:167: 7:Got block message, iteration 2
[peer] 22:38:32.868324 main.go:666: Trying to acquire lock...
[peer] 22:38:32.903931 main.go:167: 7:Got block message, iteration 2
[peer] 22:38:32.904006 main.go:666: Trying to acquire lock...
[peer] 22:38:33.217489 main.go:167: 7:Got block message, iteration 2
[peer] 22:38:33.217638 main.go:666: Trying to acquire lock...
[peer] 22:38:33.399114 main.go:167: 7:Got block message, iteration 2
[peer] 22:38:33.399212 main.go:666: Trying to acquire lock...
[peer] 22:38:33.449207 main.go:167: 7:Got block message, iteration 2
[peer] 22:38:33.449279 main.go:666: Trying to acquire lock...
[peer] 22:38:33.557894 main.go:167: 7:Got block message, iteration 2
[peer] 22:38:33.557980 main.go:666: Trying to acquire lock...
[peer] 22:38:33.615563 main.go:167: 7:Got block message, iteration 2
[peer] 22:38:33.615637 main.go:666: Trying to acquire lock...
[peer] 22:38:33.619095 main.go:924: 7:Will try and create an empty block
[peer] 22:38:33.619108 blockchain.go:68: Returning a block
[err] 22:38:33.619117 main.go:285: Iteration: 1, err = Forbidden overwrite of block foiled
[peer] 22:38:33.619140 main.go:590: Moving on to next iteration 2
[peer] 22:38:33.620714 vrf.go:97: Verifier lottery winner is 17 at 179 
[peer] 22:38:33.620726 vrf.go:113: Miner lottery winner is 5 at 59 
[peer] 22:38:33.620734 vrf.go:129: Noise lottery winner is 8 at 83 
[peer] 22:38:33.620746 main.go:227: Verifiers are [%!s(int=17)]
[peer] 22:38:33.620754 main.go:228: Miners are [%!s(int=5)]
[peer] 22:38:33.620762 main.go:229: Noisers are [%!s(int=8)]
[peer] 22:38:33.620769 main.go:605: 7:I am not miner or verifier. Iteration:2
[peer] 22:38:33.620818 main.go:669: Got lock, processing block
[peer] 22:38:33.620827 blockchain.go:68: Returning a block
[peer] 22:38:33.620833 main.go:679: Already have block
[peer] 22:38:33.620840 blockchain.go:68: Returning a block
[peer] 22:38:33.620846 main.go:707: 7:Equal block
[peer] 22:38:33.620854 main.go:669: Got lock, processing block
[peer] 22:38:33.620859 blockchain.go:68: Returning a block
[peer] 22:38:33.620865 main.go:679: Already have block
[peer] 22:38:33.620871 blockchain.go:68: Returning a block
[peer] 22:38:33.620877 main.go:707: 7:Equal block
[peer] 22:38:33.620884 main.go:669: Got lock, processing block
[peer] 22:38:33.620889 blockchain.go:73: Returning nil
[peer] 22:38:33.620896 main.go:718: 7:Adding block for 2, I am at 2
[peer] 22:38:33.620903 honest.go:227: Trying to append block with iteration:2
[peer] 22:38:33.620909 blockchain.go:73: Returning nil
[peer] 22:38:33.620914 honest.go:243: Append successful
[peer] 22:38:33.620929 main.go:753: 7:Sending block of iteration: 2
[peer] 22:38:33.621018 main.go:669: Got lock, processing block
[peer] 22:38:33.621027 blockchain.go:68: Returning a block
[peer] 22:38:33.621033 main.go:679: Already have block
[peer] 22:38:33.621040 blockchain.go:68: Returning a block
[peer] 22:38:33.621046 main.go:707: 7:Equal block
[peer] 22:38:33.621053 main.go:669: Got lock, processing block
[peer] 22:38:33.621059 blockchain.go:68: Returning a block
[peer] 22:38:33.621065 main.go:679: Already have block
[peer] 22:38:33.621071 blockchain.go:68: Returning a block
[peer] 22:38:33.621077 main.go:707: 7:Equal block
[peer] 22:38:33.621084 main.go:669: Got lock, processing block
[peer] 22:38:33.621089 blockchain.go:68: Returning a block
[peer] 22:38:33.621095 main.go:679: Already have block
[peer] 22:38:33.621102 blockchain.go:68: Returning a block
[peer] 22:38:33.621116 main.go:707: 7:Equal block
[peer] 22:38:33.621123 main.go:669: Got lock, processing block
[peer] 22:38:33.621129 blockchain.go:68: Returning a block
[peer] 22:38:33.621135 main.go:679: Already have block
[peer] 22:38:33.621141 blockchain.go:68: Returning a block
[peer] 22:38:33.621147 main.go:707: 7:Equal block
[peer] 22:38:33.621153 main.go:669: Got lock, processing block
[peer] 22:38:33.621159 blockchain.go:68: Returning a block
[peer] 22:38:33.621164 main.go:679: Already have block
[peer] 22:38:33.621170 blockchain.go:68: Returning a block
[peer] 22:38:33.621176 main.go:707: 7:Equal block
[peer] 22:38:33.621183 main.go:669: Got lock, processing block
[peer] 22:38:33.621189 blockchain.go:68: Returning a block
[peer] 22:38:33.621194 main.go:679: Already have block
[peer] 22:38:33.621201 blockchain.go:68: Returning a block
[peer] 22:38:33.621206 main.go:707: 7:Equal block
[peer] 22:38:33.621547 main.go:845: 7:Computing Update
[peer] 22:38:33.621907 main.go:852: Sending update to verifiers
[peer] 22:38:33.623085 main.go:801: 7:Block sent to peer successful. Peer: 198.162.52.126:8008 Iteration: 2
[peer] 22:38:33.623235 main.go:801: 7:Block sent to peer successful. Peer: 198.162.52.126:8000 Iteration: 2
[peer] 22:38:33.624727 main.go:801: 7:Block sent to peer successful. Peer: 198.162.52.126:8004 Iteration: 2
[peer] 22:38:33.624870 main.go:801: 7:Block sent to peer successful. Peer: 198.162.52.126:8006 Iteration: 2
[peer] 22:38:33.625011 main.go:801: 7:Block sent to peer successful. Peer: 198.162.52.126:8002 Iteration: 2
[peer] 22:38:33.625154 main.go:801: 7:Block sent to peer successful. Peer: 198.162.52.126:8001 Iteration: 2
[peer] 22:38:33.625320 main.go:801: 7:Block sent to peer successful. Peer: 198.162.52.126:8005 Iteration: 2
[err] 22:38:33.625842 main.go:285: Unable to connect to verifier, err = dial tcp 198.162.52.57:8017: connect: connection refused
[peer] 22:38:33.625851 main.go:914: GOT VERIFIER ERROR
[peer] 22:38:33.626813 main.go:801: 7:Block sent to peer successful. Peer: 198.162.52.126:8003 Iteration: 2
[peer] 22:38:33.626960 main.go:801: 7:Block sent to peer successful. Peer: 198.162.52.126:8009 Iteration: 2
[peer] 22:38:33.627051 main.go:772: 7:RPC calls successfully returned. Iteration: 2
[peer] 22:38:33.647134 honest.go:81: 7Train Error is 1.00000 in Iteration 2
[peer] 22:38:33.647157 main.go:778: 7:Preparing for next Iteration. Current Iteration: 2
[peer] 22:38:33.791304 main.go:167: 7:Got block message, iteration 2
[peer] 22:38:33.791372 main.go:666: Trying to acquire lock...
[peer] 22:38:33.797054 main.go:167: 7:Got block message, iteration 2
[peer] 22:38:33.797167 main.go:666: Trying to acquire lock...
[peer] 22:38:34.501492 main.go:167: 7:Got block message, iteration 3
[peer] 22:38:34.501669 main.go:666: Trying to acquire lock...
[peer] 22:38:34.626047 main.go:924: 7:Will try and create an empty block
[peer] 22:38:34.626104 blockchain.go:68: Returning a block
[err] 22:38:34.626121 main.go:285: Iteration: 2, err = Forbidden overwrite of block foiled
[peer] 22:38:34.626141 main.go:845: 7:Computing Update
[peer] 22:38:34.626662 main.go:852: Sending update to verifiers
[err] 22:38:34.627063 main.go:285: Unable to connect to verifier, err = dial tcp 198.162.52.57:8017: connect: connection refused
[peer] 22:38:34.627088 main.go:914: GOT VERIFIER ERROR
[peer] 22:38:34.802428 main.go:167: 7:Got block message, iteration 3
[peer] 22:38:34.802600 main.go:666: Trying to acquire lock...
[peer] 22:38:34.874654 main.go:167: 7:Got block message, iteration 3
[peer] 22:38:34.874726 main.go:666: Trying to acquire lock...
[peer] 22:38:34.907072 main.go:167: 7:Got block message, iteration 3
[peer] 22:38:34.907152 main.go:666: Trying to acquire lock...
[peer] 22:38:35.224838 main.go:167: 7:Got block message, iteration 3
[peer] 22:38:35.224954 main.go:666: Trying to acquire lock...
[peer] 22:38:35.456251 main.go:167: 7:Got block message, iteration 3
[peer] 22:38:35.456330 main.go:666: Trying to acquire lock...
[peer] 22:38:35.561494 main.go:167: 7:Got block message, iteration 3
[peer] 22:38:35.561588 main.go:666: Trying to acquire lock...
[peer] 22:38:35.621463 main.go:167: 7:Got block message, iteration 3
[peer] 22:38:35.621540 main.go:666: Trying to acquire lock...
[peer] 22:38:35.627176 main.go:924: 7:Will try and create an empty block
[peer] 22:38:35.627191 blockchain.go:68: Returning a block
[err] 22:38:35.627200 main.go:285: Iteration: 2, err = Forbidden overwrite of block foiled
[peer] 22:38:35.627225 main.go:590: Moving on to next iteration 3
[peer] 22:38:35.628775 vrf.go:97: Verifier lottery winner is 19 at 191 
[peer] 22:38:35.628787 vrf.go:113: Miner lottery winner is 2 at 28 
[peer] 22:38:35.628794 vrf.go:129: Noise lottery winner is 1 at 14 
[peer] 22:38:35.628807 main.go:227: Verifiers are [%!s(int=19)]
[peer] 22:38:35.628816 main.go:228: Miners are [%!s(int=2)]
[peer] 22:38:35.628823 main.go:229: Noisers are [%!s(int=1)]
[peer] 22:38:35.628831 main.go:605: 7:I am not miner or verifier. Iteration:3
[peer] 22:38:35.628882 main.go:669: Got lock, processing block
[peer] 22:38:35.628891 blockchain.go:68: Returning a block
[peer] 22:38:35.628898 main.go:679: Already have block
[peer] 22:38:35.628905 blockchain.go:68: Returning a block
[peer] 22:38:35.628911 main.go:707: 7:Equal block
[peer] 22:38:35.628909 main.go:669: Got lock, processing block
[peer] 22:38:35.628922 blockchain.go:68: Returning a block
[peer] 22:38:35.628931 main.go:679: Already have block
[peer] 22:38:35.628938 blockchain.go:68: Returning a block
[peer] 22:38:35.628944 main.go:707: 7:Equal block
[peer] 22:38:35.628951 main.go:669: Got lock, processing block
[peer] 22:38:35.628956 blockchain.go:73: Returning nil
[peer] 22:38:35.628963 main.go:718: 7:Adding block for 3, I am at 3
[peer] 22:38:35.628970 honest.go:227: Trying to append block with iteration:3
[peer] 22:38:35.628976 blockchain.go:73: Returning nil
[peer] 22:38:35.628981 honest.go:243: Append successful
[peer] 22:38:35.628998 main.go:669: Got lock, processing block
[peer] 22:38:35.629009 blockchain.go:68: Returning a block
[peer] 22:38:35.629017 main.go:679: Already have block
[peer] 22:38:35.629024 blockchain.go:68: Returning a block
[peer] 22:38:35.629030 main.go:707: 7:Equal block
[peer] 22:38:35.629038 main.go:669: Got lock, processing block
[peer] 22:38:35.629043 blockchain.go:68: Returning a block
[peer] 22:38:35.629049 main.go:679: Already have block
[peer] 22:38:35.629056 blockchain.go:68: Returning a block
[peer] 22:38:35.629061 main.go:707: 7:Equal block
[peer] 22:38:35.629068 main.go:669: Got lock, processing block
[peer] 22:38:35.629074 blockchain.go:68: Returning a block
[peer] 22:38:35.629080 main.go:679: Already have block
[peer] 22:38:35.629086 blockchain.go:68: Returning a block
[peer] 22:38:35.629092 main.go:707: 7:Equal block
[peer] 22:38:35.629099 main.go:669: Got lock, processing block
[peer] 22:38:35.629104 blockchain.go:68: Returning a block
[peer] 22:38:35.629111 main.go:679: Already have block
[peer] 22:38:35.629117 blockchain.go:68: Returning a block
[peer] 22:38:35.629122 main.go:707: 7:Equal block
[peer] 22:38:35.629129 main.go:669: Got lock, processing block
[peer] 22:38:35.629135 blockchain.go:68: Returning a block
[peer] 22:38:35.629141 main.go:679: Already have block
[peer] 22:38:35.629147 blockchain.go:68: Returning a block
[peer] 22:38:35.629153 main.go:707: 7:Equal block
[peer] 22:38:35.629161 main.go:669: Got lock, processing block
[peer] 22:38:35.629167 blockchain.go:68: Returning a block
[peer] 22:38:35.629173 main.go:679: Already have block
[peer] 22:38:35.629179 blockchain.go:68: Returning a block
[peer] 22:38:35.629185 main.go:707: 7:Equal block
[peer] 22:38:35.629192 main.go:669: Got lock, processing block
[peer] 22:38:35.629197 blockchain.go:68: Returning a block
[peer] 22:38:35.629203 main.go:679: Already have block
[peer] 22:38:35.629209 blockchain.go:68: Returning a block
[peer] 22:38:35.629215 main.go:707: 7:Equal block
[peer] 22:38:35.629002 main.go:753: 7:Sending block of iteration: 3
[peer] 22:38:35.630261 main.go:801: 7:Block sent to peer successful. Peer: 198.162.52.126:8001 Iteration: 3
[peer] 22:38:35.630417 main.go:801: 7:Block sent to peer successful. Peer: 198.162.52.126:8008 Iteration: 3
[peer] 22:38:35.630571 main.go:801: 7:Block sent to peer successful. Peer: 198.162.52.126:8005 Iteration: 3
[peer] 22:38:35.630631 main.go:801: 7:Block sent to peer successful. Peer: 198.162.52.126:8004 Iteration: 3
[peer] 22:38:35.630714 main.go:801: 7:Block sent to peer successful. Peer: 198.162.52.126:8000 Iteration: 3
[peer] 22:38:35.630725 main.go:801: 7:Block sent to peer successful. Peer: 198.162.52.126:8009 Iteration: 3
[peer] 22:38:35.631068 main.go:845: 7:Computing Update
[peer] 22:38:35.631155 main.go:801: 7:Block sent to peer successful. Peer: 198.162.52.126:8002 Iteration: 3
[peer] 22:38:35.631746 main.go:801: 7:Block sent to peer successful. Peer: 198.162.52.126:8006 Iteration: 3
[peer] 22:38:35.632003 main.go:801: 7:Block sent to peer successful. Peer: 198.162.52.126:8003 Iteration: 3
[peer] 22:38:35.632033 main.go:772: 7:RPC calls successfully returned. Iteration: 3
[peer] 22:38:35.632516 main.go:852: Sending update to verifiers
[err] 22:38:35.632866 main.go:285: Unable to connect to verifier, err = dial tcp 198.162.52.57:8019: connect: connection refused
[peer] 22:38:35.632876 main.go:914: GOT VERIFIER ERROR
[peer] 22:38:35.632953 honest.go:81: 7Train Error is 1.00000 in Iteration 3
[peer] 22:38:35.632965 main.go:778: 7:Preparing for next Iteration. Current Iteration: 3
[peer] 22:38:35.796517 main.go:167: 7:Got block message, iteration 3
[peer] 22:38:35.796624 main.go:666: Trying to acquire lock...
[peer] 22:38:35.903972 main.go:167: 7:Got block message, iteration 4
[peer] 22:38:35.904055 main.go:666: Trying to acquire lock...
[peer] 22:38:35.911764 main.go:167: 7:Got block message, iteration 4
[peer] 22:38:35.911848 main.go:666: Trying to acquire lock...
[peer] 22:38:36.506129 main.go:167: 7:Got block message, iteration 4
[peer] 22:38:36.506278 main.go:666: Trying to acquire lock...
[peer] 22:38:36.633020 main.go:924: 7:Will try and create an empty block
[peer] 22:38:36.633065 blockchain.go:68: Returning a block
[err] 22:38:36.633078 main.go:285: Iteration: 3, err = Forbidden overwrite of block foiled
[peer] 22:38:36.633091 main.go:845: 7:Computing Update
[peer] 22:38:36.633481 main.go:852: Sending update to verifiers
[err] 22:38:36.633897 main.go:285: Unable to connect to verifier, err = dial tcp 198.162.52.57:8019: connect: connection refused
[peer] 22:38:36.633917 main.go:914: GOT VERIFIER ERROR
[peer] 22:38:36.881383 main.go:167: 7:Got block message, iteration 4
[peer] 22:38:36.881522 main.go:666: Trying to acquire lock...
[peer] 22:38:37.102497 main.go:189: 7:Registering peer:198.162.52.57:8018
[peer] 22:38:37.102526 main.go:200: Advertising chain to peer with length 5
[peer] 22:38:37.231310 main.go:167: 7:Got block message, iteration 4
[peer] 22:38:37.231428 main.go:666: Trying to acquire lock...
[peer] 22:38:37.245208 main.go:189: 7:Registering peer:198.162.52.57:8014
[peer] 22:38:37.245230 main.go:200: Advertising chain to peer with length 5
[peer] 22:38:37.390193 main.go:189: 7:Registering peer:198.162.52.57:8010
[peer] 22:38:37.390223 main.go:200: Advertising chain to peer with length 5
[peer] 22:38:37.447389 main.go:189: 7:Registering peer:198.162.52.57:8017
[peer] 22:38:37.447421 main.go:200: Advertising chain to peer with length 5
[peer] 22:38:37.451249 main.go:189: 7:Registering peer:198.162.52.57:8012
[peer] 22:38:37.451277 main.go:200: Advertising chain to peer with length 5
[peer] 22:38:37.454071 main.go:189: 7:Registering peer:198.162.52.57:8013
[peer] 22:38:37.454092 main.go:200: Advertising chain to peer with length 5
[peer] 22:38:37.463564 main.go:167: 7:Got block message, iteration 4
[peer] 22:38:37.463715 main.go:666: Trying to acquire lock...
[peer] 22:38:37.474746 main.go:189: 7:Registering peer:198.162.52.57:8019
[peer] 22:38:37.474761 main.go:200: Advertising chain to peer with length 5
[peer] 22:38:37.480995 main.go:189: 7:Registering peer:198.162.52.57:8015
[peer] 22:38:37.481008 main.go:200: Advertising chain to peer with length 5
[peer] 22:38:37.500455 main.go:189: 7:Registering peer:198.162.52.57:8011
[peer] 22:38:37.500482 main.go:200: Advertising chain to peer with length 5
[peer] 22:38:37.565787 main.go:167: 7:Got block message, iteration 4
[peer] 22:38:37.565868 main.go:666: Trying to acquire lock...
[peer] 22:38:37.604056 main.go:189: 7:Registering peer:198.162.52.57:8016
[peer] 22:38:37.604072 main.go:200: Advertising chain to peer with length 5
[peer] 22:38:37.628358 main.go:167: 7:Got block message, iteration 4
[peer] 22:38:37.628437 main.go:666: Trying to acquire lock...
[peer] 22:38:37.634019 main.go:924: 7:Will try and create an empty block
[peer] 22:38:37.634034 blockchain.go:68: Returning a block
[err] 22:38:37.634044 main.go:285: Iteration: 3, err = Forbidden overwrite of block foiled
[peer] 22:38:37.634073 main.go:590: Moving on to next iteration 4
[peer] 22:38:37.635611 vrf.go:97: Verifier lottery winner is 10 at 104 
[peer] 22:38:37.635621 vrf.go:113: Miner lottery winner is 19 at 192 
[peer] 22:38:37.635628 vrf.go:129: Noise lottery winner is 4 at 46 
[peer] 22:38:37.635640 main.go:227: Verifiers are [%!s(int=10)]
[peer] 22:38:37.635649 main.go:228: Miners are [%!s(int=19)]
[peer] 22:38:37.635656 main.go:229: Noisers are [%!s(int=4)]
[peer] 22:38:37.635663 main.go:605: 7:I am not miner or verifier. Iteration:4
[peer] 22:38:37.635685 main.go:669: Got lock, processing block
[peer] 22:38:37.635697 blockchain.go:68: Returning a block
[peer] 22:38:37.635705 main.go:679: Already have block
[peer] 22:38:37.635712 blockchain.go:68: Returning a block
[peer] 22:38:37.635719 main.go:707: 7:Equal block
[peer] 22:38:37.635727 main.go:669: Got lock, processing block
[peer] 22:38:37.635735 blockchain.go:73: Returning nil
[peer] 22:38:37.635742 main.go:718: 7:Adding block for 4, I am at 4
[peer] 22:38:37.635749 honest.go:227: Trying to append block with iteration:4
[peer] 22:38:37.635755 blockchain.go:73: Returning nil
[peer] 22:38:37.635761 honest.go:243: Append successful
[peer] 22:38:37.635777 main.go:753: 7:Sending block of iteration: 4
[peer] 22:38:37.635830 main.go:669: Got lock, processing block
[peer] 22:38:37.635839 blockchain.go:68: Returning a block
[peer] 22:38:37.635846 main.go:679: Already have block
[peer] 22:38:37.635853 blockchain.go:68: Returning a block
[peer] 22:38:37.637173 main.go:669: Got lock, processing block
[peer] 22:38:37.637185 blockchain.go:68: Returning a block
[peer] 22:38:37.637192 main.go:679: Already have block
[peer] 22:38:37.637200 blockchain.go:68: Returning a block
[peer] 22:38:37.637206 main.go:707: 7:Equal block
[peer] 22:38:37.637213 main.go:669: Got lock, processing block
[peer] 22:38:37.637219 blockchain.go:68: Returning a block
[peer] 22:38:37.637225 main.go:679: Already have block
[peer] 22:38:37.637232 blockchain.go:68: Returning a block
[peer] 22:38:37.637238 main.go:707: 7:Equal block
[peer] 22:38:37.637244 main.go:669: Got lock, processing block
[peer] 22:38:37.637250 blockchain.go:68: Returning a block
[peer] 22:38:37.637256 main.go:679: Already have block
[peer] 22:38:37.637262 blockchain.go:68: Returning a block
[peer] 22:38:37.637268 main.go:707: 7:Equal block
[peer] 22:38:37.637277 main.go:669: Got lock, processing block
[peer] 22:38:37.637283 blockchain.go:68: Returning a block
[peer] 22:38:37.637290 main.go:679: Already have block
[peer] 22:38:37.637298 blockchain.go:68: Returning a block
[peer] 22:38:37.637304 main.go:707: 7:Equal block
[peer] 22:38:37.637312 main.go:669: Got lock, processing block
[peer] 22:38:37.637319 blockchain.go:68: Returning a block
[peer] 22:38:37.637326 main.go:679: Already have block
[peer] 22:38:37.637333 blockchain.go:68: Returning a block
[peer] 22:38:37.637340 main.go:707: 7:Equal block
[peer] 22:38:37.637350 main.go:669: Got lock, processing block
[peer] 22:38:37.637357 blockchain.go:68: Returning a block
[peer] 22:38:37.637364 main.go:679: Already have block
[peer] 22:38:37.637372 blockchain.go:68: Returning a block
[peer] 22:38:37.637379 main.go:707: 7:Equal block
[peer] 22:38:37.637395 main.go:845: 7:Computing Update
[peer] 22:38:37.637429 main.go:801: 7:Block sent to peer successful. Peer: 198.162.52.126:8002 Iteration: 4
[peer] 22:38:37.637573 main.go:801: 7:Block sent to peer successful. Peer: 198.162.52.126:8009 Iteration: 4
[peer] 22:38:37.637606 main.go:801: 7:Block sent to peer successful. Peer: 198.162.52.126:8006 Iteration: 4
[peer] 22:38:37.637742 main.go:801: 7:Block sent to peer successful. Peer: 198.162.52.57:8016 Iteration: 4
[peer] 22:38:37.637801 main.go:801: 7:Block sent to peer successful. Peer: 198.162.52.57:8013 Iteration: 4
[peer] 22:38:37.637819 main.go:852: Sending update to verifiers
[peer] 22:38:37.635859 main.go:707: 7:Equal block
[peer] 22:38:37.637895 main.go:801: 7:Block sent to peer successful. Peer: 198.162.52.126:8005 Iteration: 4
[peer] 22:38:37.638049 main.go:801: 7:Block sent to peer successful. Peer: 198.162.52.57:8012 Iteration: 4
[peer] 22:38:37.638156 main.go:801: 7:Block sent to peer successful. Peer: 198.162.52.126:8000 Iteration: 4
[peer] 22:38:37.638538 main.go:801: 7:Block sent to peer successful. Peer: 198.162.52.57:8017 Iteration: 4
[peer] 22:38:37.638556 main.go:801: 7:Block sent to peer successful. Peer: 198.162.52.126:8001 Iteration: 4
[peer] 22:38:37.638581 main.go:895: 7:Making RPC Call to Verifier. Sending Update, Iteration:4
[peer] 22:38:37.638723 main.go:801: 7:Block sent to peer successful. Peer: 198.162.52.57:8010 Iteration: 4
[peer] 22:38:37.638768 main.go:801: 7:Block sent to peer successful. Peer: 198.162.52.57:8019 Iteration: 4
[peer] 22:38:37.639244 main.go:801: 7:Block sent to peer successful. Peer: 198.162.52.126:8008 Iteration: 4
[peer] 22:38:37.639260 main.go:801: 7:Block sent to peer successful. Peer: 198.162.52.57:8011 Iteration: 4
[peer] 22:38:37.639421 main.go:801: 7:Block sent to peer successful. Peer: 198.162.52.57:8015 Iteration: 4
[peer] 22:38:37.639671 main.go:801: 7:Block sent to peer successful. Peer: 198.162.52.57:8018 Iteration: 4
[peer] 22:38:37.639814 main.go:801: 7:Block sent to peer successful. Peer: 198.162.52.57:8014 Iteration: 4
[peer] 22:38:37.639944 main.go:801: 7:Block sent to peer successful. Peer: 198.162.52.126:8003 Iteration: 4
[peer] 22:38:37.640968 main.go:902: 7:Update verified. Iteration:4
[peer] 22:38:37.641008 main.go:857: Sending update to miners
[peer] 22:38:37.641447 main.go:958: 7:Making RPC Call to Miner. Sending Update, Iteration:4
[err] 22:38:37.642090 main.go:285: Error in sending update, err = Stale Update/Block
[peer] 22:38:37.642104 main.go:991: 7:Will try and create an empty block
[peer] 22:38:37.642111 blockchain.go:68: Returning a block
[err] 22:38:37.642119 main.go:285: Iteration: 4, err = Forbidden overwrite of block foiled
[peer] 22:38:37.643437 main.go:801: 7:Block sent to peer successful. Peer: 198.162.52.126:8004 Iteration: 4
[peer] 22:38:37.643473 main.go:772: 7:RPC calls successfully returned. Iteration: 4
[peer] 22:38:37.647137 honest.go:81: 7Train Error is 1.00000 in Iteration 4
[peer] 22:38:37.647150 main.go:778: 7:Preparing for next Iteration. Current Iteration: 4
[peer] 22:38:37.647158 main.go:590: Moving on to next iteration 5
[peer] 22:38:37.648701 vrf.go:97: Verifier lottery winner is 13 at 134 
[peer] 22:38:37.648712 vrf.go:113: Miner lottery winner is 3 at 34 
[peer] 22:38:37.648719 vrf.go:129: Noise lottery winner is 3 at 38 
[peer] 22:38:37.648729 main.go:227: Verifiers are [%!s(int=13)]
[peer] 22:38:37.648737 main.go:228: Miners are [%!s(int=3)]
[peer] 22:38:37.648744 main.go:229: Noisers are [%!s(int=3)]
[peer] 22:38:37.648751 main.go:605: 7:I am not miner or verifier. Iteration:5
[peer] 22:38:37.742256 main.go:845: 7:Computing Update
[peer] 22:38:37.742553 main.go:852: Sending update to verifiers
[peer] 22:38:37.742909 main.go:895: 7:Making RPC Call to Verifier. Sending Update, Iteration:5
[peer] 22:38:37.744485 main.go:902: 7:Update verified. Iteration:5
[peer] 22:38:37.744548 main.go:857: Sending update to miners
[peer] 22:38:37.744637 main.go:958: 7:Making RPC Call to Miner. Sending Update, Iteration:5
[peer] 22:38:37.745010 main.go:965: 7:Update mined. Iteration:5
[peer] 22:38:37.801835 main.go:167: 7:Got block message, iteration 4
[peer] 22:38:37.801986 main.go:666: Trying to acquire lock...
[peer] 22:38:37.802030 main.go:669: Got lock, processing block
[peer] 22:38:37.802045 blockchain.go:68: Returning a block
[peer] 22:38:37.802095 main.go:679: Already have block
[peer] 22:38:37.802113 blockchain.go:68: Returning a block
[peer] 22:38:37.802127 main.go:707: 7:Equal block
[peer] 22:38:37.914831 main.go:167: 7:Got block message, iteration 5
[peer] 22:38:37.914936 main.go:666: Trying to acquire lock...
[peer] 22:38:37.914953 main.go:669: Got lock, processing block
[peer] 22:38:37.914962 blockchain.go:73: Returning nil
[peer] 22:38:37.914973 main.go:718: 7:Adding block for 5, I am at 5
[peer] 22:38:37.914985 honest.go:227: Trying to append block with iteration:5
[peer] 22:38:37.914995 blockchain.go:73: Returning nil
[peer] 22:38:37.915004 honest.go:243: Append successful
[peer] 22:38:37.915026 main.go:753: 7:Sending block of iteration: 5
[peer] 22:38:37.915323 main.go:167: 7:Got block message, iteration 5
[peer] 22:38:37.915420 main.go:666: Trying to acquire lock...
[peer] 22:38:37.915437 main.go:669: Got lock, processing block
[peer] 22:38:37.915445 blockchain.go:68: Returning a block
[peer] 22:38:37.915454 main.go:679: Already have block
[peer] 22:38:37.915464 blockchain.go:68: Returning a block
[peer] 22:38:37.915473 main.go:707: 7:Equal block
[peer] 22:38:37.915678 main.go:167: 7:Got block message, iteration 5
[peer] 22:38:37.915760 main.go:666: Trying to acquire lock...
[peer] 22:38:37.915773 main.go:669: Got lock, processing block
[peer] 22:38:37.915780 blockchain.go:68: Returning a block
[peer] 22:38:37.915787 main.go:679: Already have block
[peer] 22:38:37.915795 blockchain.go:68: Returning a block
[peer] 22:38:37.915802 main.go:707: 7:Equal block
[peer] 22:38:37.915956 main.go:167: 7:Got block message, iteration 5
[peer] 22:38:37.915972 main.go:167: 7:Got block message, iteration 5
[peer] 22:38:37.916026 main.go:666: Trying to acquire lock...
[peer] 22:38:37.916039 main.go:669: Got lock, processing block
[peer] 22:38:37.916046 blockchain.go:68: Returning a block
[peer] 22:38:37.916053 main.go:679: Already have block
[peer] 22:38:37.916061 blockchain.go:68: Returning a block
[peer] 22:38:37.916068 main.go:707: 7:Equal block
[peer] 22:38:37.916091 main.go:666: Trying to acquire lock...
[peer] 22:38:37.916105 main.go:669: Got lock, processing block
[peer] 22:38:37.916113 blockchain.go:68: Returning a block
[peer] 22:38:37.916120 main.go:679: Already have block
[peer] 22:38:37.916129 blockchain.go:68: Returning a block
[peer] 22:38:37.916136 main.go:707: 7:Equal block
[peer] 22:38:37.916220 main.go:167: 7:Got block message, iteration 5
[peer] 22:38:37.916293 main.go:666: Trying to acquire lock...
[peer] 22:38:37.916305 main.go:669: Got lock, processing block
[peer] 22:38:37.916312 blockchain.go:68: Returning a block
[peer] 22:38:37.916319 main.go:679: Already have block
[peer] 22:38:37.916326 blockchain.go:68: Returning a block
[peer] 22:38:37.916333 main.go:707: 7:Equal block
[peer] 22:38:37.916427 main.go:167: 7:Got block message, iteration 5
[peer] 22:38:37.916508 main.go:666: Trying to acquire lock...
[peer] 22:38:37.916569 main.go:669: Got lock, processing block
[peer] 22:38:37.916578 blockchain.go:68: Returning a block
[peer] 22:38:37.916585 main.go:679: Already have block
[peer] 22:38:37.916593 blockchain.go:68: Returning a block
[peer] 22:38:37.916600 main.go:707: 7:Equal block
[peer] 22:38:37.916523 main.go:167: 7:Got block message, iteration 5
[peer] 22:38:37.916688 main.go:167: 7:Got block message, iteration 5
[peer] 22:38:37.916759 main.go:666: Trying to acquire lock...
[peer] 22:38:37.916771 main.go:669: Got lock, processing block
[peer] 22:38:37.916778 blockchain.go:68: Returning a block
[peer] 22:38:37.916784 main.go:679: Already have block
[peer] 22:38:37.916790 blockchain.go:68: Returning a block
[peer] 22:38:37.916798 main.go:707: 7:Equal block
[peer] 22:38:37.916913 main.go:801: 7:Block sent to peer successful. Peer: 198.162.52.126:8000 Iteration: 5
[peer] 22:38:37.916960 main.go:167: 7:Got block message, iteration 5
[peer] 22:38:37.917035 main.go:666: Trying to acquire lock...
[peer] 22:38:37.917057 main.go:669: Got lock, processing block
[peer] 22:38:37.917064 blockchain.go:68: Returning a block
[peer] 22:38:37.917072 main.go:679: Already have block
[peer] 22:38:37.917079 blockchain.go:68: Returning a block
[peer] 22:38:37.917086 main.go:707: 7:Equal block
[peer] 22:38:37.917192 main.go:167: 7:Got block message, iteration 5
[peer] 22:38:37.917260 main.go:666: Trying to acquire lock...
[peer] 22:38:37.917343 main.go:669: Got lock, processing block
[peer] 22:38:37.917350 blockchain.go:68: Returning a block
[peer] 22:38:37.917356 main.go:679: Already have block
[peer] 22:38:37.917363 blockchain.go:68: Returning a block
[peer] 22:38:37.917370 main.go:707: 7:Equal block
[peer] 22:38:37.916684 main.go:666: Trying to acquire lock...
[peer] 22:38:37.917418 main.go:669: Got lock, processing block
[peer] 22:38:37.917427 blockchain.go:68: Returning a block
[peer] 22:38:37.917434 main.go:679: Already have block
[peer] 22:38:37.917441 blockchain.go:68: Returning a block
[peer] 22:38:37.917448 main.go:707: 7:Equal block
[peer] 22:38:37.917634 main.go:167: 7:Got block message, iteration 5
[peer] 22:38:37.917693 main.go:666: Trying to acquire lock...
[peer] 22:38:37.917706 main.go:669: Got lock, processing block
[peer] 22:38:37.917712 blockchain.go:68: Returning a block
[peer] 22:38:37.917720 main.go:679: Already have block
[peer] 22:38:37.917727 blockchain.go:68: Returning a block
[peer] 22:38:37.917734 main.go:707: 7:Equal block
[peer] 22:38:37.918235 main.go:801: 7:Block sent to peer successful. Peer: 198.162.52.126:8001 Iteration: 5
[peer] 22:38:37.919316 main.go:801: 7:Block sent to peer successful. Peer: 198.162.52.126:8003 Iteration: 5
[peer] 22:38:37.919500 main.go:801: 7:Block sent to peer successful. Peer: 198.162.52.57:8016 Iteration: 5
[peer] 22:38:37.919715 main.go:801: 7:Block sent to peer successful. Peer: 198.162.52.126:8006 Iteration: 5
[peer] 22:38:37.919795 main.go:801: 7:Block sent to peer successful. Peer: 198.162.52.57:8014 Iteration: 5
[peer] 22:38:37.919891 main.go:167: 7:Got block message, iteration 5
[peer] 22:38:37.919964 main.go:666: Trying to acquire lock...
[peer] 22:38:37.919977 main.go:669: Got lock, processing block
[peer] 22:38:37.919985 blockchain.go:68: Returning a block
[peer] 22:38:37.919991 main.go:679: Already have block
[peer] 22:38:37.919999 blockchain.go:68: Returning a block
[peer] 22:38:37.920006 main.go:707: 7:Equal block
[peer] 22:38:37.920200 main.go:801: 7:Block sent to peer successful. Peer: 198.162.52.57:8010 Iteration: 5
[peer] 22:38:37.920241 main.go:801: 7:Block sent to peer successful. Peer: 198.162.52.126:8004 Iteration: 5
[peer] 22:38:37.920405 main.go:801: 7:Block sent to peer successful. Peer: 198.162.52.57:8019 Iteration: 5
[peer] 22:38:37.920440 main.go:801: 7:Block sent to peer successful. Peer: 198.162.52.57:8018 Iteration: 5
[peer] 22:38:37.920552 main.go:801: 7:Block sent to peer successful. Peer: 198.162.52.126:8009 Iteration: 5
[peer] 22:38:37.923310 main.go:801: 7:Block sent to peer successful. Peer: 198.162.52.57:8011 Iteration: 5
[peer] 22:38:37.923321 main.go:801: 7:Block sent to peer successful. Peer: 198.162.52.57:8012 Iteration: 5
[peer] 22:38:37.923342 main.go:801: 7:Block sent to peer successful. Peer: 198.162.52.126:8008 Iteration: 5
[peer] 22:38:37.923347 main.go:167: 7:Got block message, iteration 5
[peer] 22:38:37.923416 main.go:666: Trying to acquire lock...
[peer] 22:38:37.923427 main.go:669: Got lock, processing block
[peer] 22:38:37.923433 blockchain.go:68: Returning a block
[peer] 22:38:37.923438 main.go:801: 7:Block sent to peer successful. Peer: 198.162.52.126:8002 Iteration: 5
[peer] 22:38:37.923439 main.go:679: Already have block
[peer] 22:38:37.923478 blockchain.go:68: Returning a block
[peer] 22:38:37.923487 main.go:707: 7:Equal block
[peer] 22:38:37.923538 main.go:801: 7:Block sent to peer successful. Peer: 198.162.52.126:8005 Iteration: 5
[peer] 22:38:37.931132 main.go:167: 7:Got block message, iteration 5
[peer] 22:38:37.931187 main.go:666: Trying to acquire lock...
[peer] 22:38:37.931203 main.go:669: Got lock, processing block
[peer] 22:38:37.931218 blockchain.go:68: Returning a block
[peer] 22:38:37.931224 main.go:679: Already have block
[peer] 22:38:37.931232 blockchain.go:68: Returning a block
[peer] 22:38:37.931239 main.go:707: 7:Equal block
[peer] 22:38:37.933438 main.go:801: 7:Block sent to peer successful. Peer: 198.162.52.57:8015 Iteration: 5
[peer] 22:38:37.943328 main.go:801: 7:Block sent to peer successful. Peer: 198.162.52.57:8013 Iteration: 5
[peer] 22:38:37.948790 main.go:801: 7:Block sent to peer successful. Peer: 198.162.52.57:8017 Iteration: 5
[peer] 22:38:37.948837 main.go:772: 7:RPC calls successfully returned. Iteration: 5
[peer] 22:38:37.953358 honest.go:81: 7Train Error is 1.00000 in Iteration 5
[peer] 22:38:37.953378 main.go:778: 7:Preparing for next Iteration. Current Iteration: 5
[peer] 22:38:37.953385 main.go:590: Moving on to next iteration 6
[peer] 22:38:37.954866 vrf.go:97: Verifier lottery winner is 0 at 4 
[peer] 22:38:37.954876 vrf.go:113: Miner lottery winner is 6 at 67 
[peer] 22:38:37.954884 vrf.go:129: Noise lottery winner is 16 at 163 
[peer] 22:38:37.954894 main.go:227: Verifiers are [%!s(int=0)]
[peer] 22:38:37.954902 main.go:228: Miners are [%!s(int=6)]
[peer] 22:38:37.954910 main.go:229: Noisers are [%!s(int=16)]
[peer] 22:38:37.954918 main.go:605: 7:I am not miner or verifier. Iteration:6
[peer] 22:38:38.026258 main.go:167: 7:Got block message, iteration 6
[peer] 22:38:38.026336 main.go:666: Trying to acquire lock...
[peer] 22:38:38.026348 main.go:669: Got lock, processing block
[peer] 22:38:38.026354 blockchain.go:73: Returning nil
[peer] 22:38:38.026361 main.go:718: 7:Adding block for 6, I am at 6
[peer] 22:38:38.026368 honest.go:227: Trying to append block with iteration:6
[peer] 22:38:38.026374 blockchain.go:73: Returning nil
[peer] 22:38:38.026380 honest.go:243: Append successful
[peer] 22:38:38.026394 main.go:753: 7:Sending block of iteration: 6
[peer] 22:38:38.026473 main.go:167: 7:Got block message, iteration 6
[peer] 22:38:38.026545 main.go:666: Trying to acquire lock...
[peer] 22:38:38.026559 main.go:669: Got lock, processing block
[peer] 22:38:38.026566 blockchain.go:68: Returning a block
[peer] 22:38:38.026572 main.go:679: Already have block
[peer] 22:38:38.026579 blockchain.go:68: Returning a block
[peer] 22:38:38.026585 main.go:707: 7:Equal block
[peer] 22:38:38.026618 main.go:167: 7:Got block message, iteration 6
[peer] 22:38:38.026690 main.go:666: Trying to acquire lock...
[peer] 22:38:38.026702 main.go:669: Got lock, processing block
[peer] 22:38:38.026708 blockchain.go:68: Returning a block
[peer] 22:38:38.026714 main.go:679: Already have block
[peer] 22:38:38.026721 blockchain.go:68: Returning a block
[peer] 22:38:38.026728 main.go:707: 7:Equal block
[peer] 22:38:38.027525 main.go:801: 7:Block sent to peer successful. Peer: 198.162.52.126:8004 Iteration: 6
[peer] 22:38:38.027558 main.go:801: 7:Block sent to peer successful. Peer: 198.162.52.126:8000 Iteration: 6
[peer] 22:38:38.027690 main.go:801: 7:Block sent to peer successful. Peer: 198.162.52.126:8001 Iteration: 6
[peer] 22:38:38.029865 main.go:801: 7:Block sent to peer successful. Peer: 198.162.52.57:8013 Iteration: 6
[peer] 22:38:38.029872 main.go:801: 7:Block sent to peer successful. Peer: 198.162.52.57:8018 Iteration: 6
[peer] 22:38:38.030015 main.go:801: 7:Block sent to peer successful. Peer: 198.162.52.126:8005 Iteration: 6
[peer] 22:38:38.030073 main.go:167: 7:Got block message, iteration 6
[peer] 22:38:38.030148 main.go:666: Trying to acquire lock...
[peer] 22:38:38.030161 main.go:669: Got lock, processing block
[peer] 22:38:38.030168 blockchain.go:68: Returning a block
[peer] 22:38:38.030175 main.go:679: Already have block
[peer] 22:38:38.030183 blockchain.go:68: Returning a block
[peer] 22:38:38.030190 main.go:707: 7:Equal block
[peer] 22:38:38.031481 main.go:167: 7:Got block message, iteration 6
[peer] 22:38:38.031515 main.go:801: 7:Block sent to peer successful. Peer: 198.162.52.126:8006 Iteration: 6
[peer] 22:38:38.031553 main.go:666: Trying to acquire lock...
[peer] 22:38:38.031565 main.go:669: Got lock, processing block
[peer] 22:38:38.031577 blockchain.go:68: Returning a block
[peer] 22:38:38.031584 main.go:679: Already have block
[peer] 22:38:38.031591 blockchain.go:68: Returning a block
[peer] 22:38:38.031597 main.go:707: 7:Equal block
[peer] 22:38:38.031678 main.go:801: 7:Block sent to peer successful. Peer: 198.162.52.57:8019 Iteration: 6
[peer] 22:38:38.031790 main.go:801: 7:Block sent to peer successful. Peer: 198.162.52.126:8009 Iteration: 6
[peer] 22:38:38.033017 main.go:801: 7:Block sent to peer successful. Peer: 198.162.52.126:8003 Iteration: 6
[peer] 22:38:38.033029 main.go:801: 7:Block sent to peer successful. Peer: 198.162.52.126:8008 Iteration: 6
[peer] 22:38:38.033025 main.go:801: 7:Block sent to peer successful. Peer: 198.162.52.57:8015 Iteration: 6
[peer] 22:38:38.034360 main.go:801: 7:Block sent to peer successful. Peer: 198.162.52.126:8002 Iteration: 6
[peer] 22:38:38.037842 main.go:167: 7:Got block message, iteration 6
[peer] 22:38:38.037915 main.go:666: Trying to acquire lock...
[peer] 22:38:38.037927 main.go:669: Got lock, processing block
[peer] 22:38:38.037933 blockchain.go:68: Returning a block
[peer] 22:38:38.037939 main.go:679: Already have block
[peer] 22:38:38.037946 blockchain.go:68: Returning a block
[peer] 22:38:38.037952 main.go:707: 7:Equal block
[peer] 22:38:38.039460 main.go:801: 7:Block sent to peer successful. Peer: 198.162.52.57:8017 Iteration: 6
[peer] 22:38:38.041333 main.go:801: 7:Block sent to peer successful. Peer: 198.162.52.57:8014 Iteration: 6
[peer] 22:38:38.042637 main.go:801: 7:Block sent to peer successful. Peer: 198.162.52.57:8010 Iteration: 6
[peer] 22:38:38.044662 main.go:801: 7:Block sent to peer successful. Peer: 198.162.52.57:8016 Iteration: 6
[peer] 22:38:38.044704 main.go:167: 7:Got block message, iteration 6
[peer] 22:38:38.044784 main.go:666: Trying to acquire lock...
[peer] 22:38:38.044797 main.go:669: Got lock, processing block
[peer] 22:38:38.044803 blockchain.go:68: Returning a block
[peer] 22:38:38.044809 main.go:679: Already have block
[peer] 22:38:38.044816 blockchain.go:68: Returning a block
[peer] 22:38:38.044822 main.go:707: 7:Equal block
[peer] 22:38:38.045499 main.go:845: 7:Computing Update
[peer] 22:38:38.045921 main.go:852: Sending update to verifiers
[peer] 22:38:38.046016 main.go:895: 7:Making RPC Call to Verifier. Sending Update, Iteration:6
[peer] 22:38:38.046840 main.go:902: 7:Update verified. Iteration:6
[peer] 22:38:38.046878 main.go:857: Sending update to miners
[peer] 22:38:38.052603 main.go:958: 7:Making RPC Call to Miner. Sending Update, Iteration:6
[peer] 22:38:38.052712 main.go:801: 7:Block sent to peer successful. Peer: 198.162.52.57:8011 Iteration: 6
[peer] 22:38:38.052752 main.go:167: 7:Got block message, iteration 6
[peer] 22:38:38.052823 main.go:666: Trying to acquire lock...
[peer] 22:38:38.052878 main.go:167: 7:Got block message, iteration 6
[peer] 22:38:38.052956 main.go:666: Trying to acquire lock...
[peer] 22:38:38.054030 main.go:167: 7:Got block message, iteration 6
[peer] 22:38:38.054103 main.go:666: Trying to acquire lock...
[peer] 22:38:38.060630 main.go:965: 7:Update mined. Iteration:6
[peer] 22:38:38.060690 main.go:669: Got lock, processing block
[peer] 22:38:38.060700 blockchain.go:68: Returning a block
[peer] 22:38:38.060707 main.go:679: Already have block
[peer] 22:38:38.060714 blockchain.go:68: Returning a block
[peer] 22:38:38.060721 main.go:707: 7:Equal block
[peer] 22:38:38.060728 main.go:669: Got lock, processing block
[peer] 22:38:38.060734 blockchain.go:68: Returning a block
[peer] 22:38:38.060743 main.go:679: Already have block
[peer] 22:38:38.060750 blockchain.go:68: Returning a block
[peer] 22:38:38.060756 main.go:707: 7:Equal block
[peer] 22:38:38.060764 main.go:669: Got lock, processing block
[peer] 22:38:38.060770 blockchain.go:68: Returning a block
[peer] 22:38:38.060776 main.go:679: Already have block
[peer] 22:38:38.060782 blockchain.go:68: Returning a block
[peer] 22:38:38.060788 main.go:707: 7:Equal block
[peer] 22:38:38.066467 main.go:167: 7:Got block message, iteration 6
[peer] 22:38:38.066548 main.go:666: Trying to acquire lock...
[peer] 22:38:38.066568 main.go:669: Got lock, processing block
[peer] 22:38:38.066574 blockchain.go:68: Returning a block
[peer] 22:38:38.066581 main.go:679: Already have block
[peer] 22:38:38.066587 blockchain.go:68: Returning a block
[peer] 22:38:38.066594 main.go:707: 7:Equal block
[peer] 22:38:38.120620 main.go:167: 7:Got block message, iteration 5
[peer] 22:38:38.120686 main.go:666: Trying to acquire lock...
[peer] 22:38:38.120697 main.go:669: Got lock, processing block
[peer] 22:38:38.120703 blockchain.go:68: Returning a block
[peer] 22:38:38.120709 main.go:679: Already have block
[peer] 22:38:38.120715 blockchain.go:68: Returning a block
[peer] 22:38:38.120721 main.go:707: 7:Equal block
[peer] 22:38:38.247320 main.go:167: 7:Got block message, iteration 5
[peer] 22:38:38.247413 main.go:666: Trying to acquire lock...
[peer] 22:38:38.247450 main.go:669: Got lock, processing block
[peer] 22:38:38.247466 blockchain.go:68: Returning a block
[peer] 22:38:38.247480 main.go:679: Already have block
[peer] 22:38:38.247496 blockchain.go:68: Returning a block
[peer] 22:38:38.247511 main.go:707: 7:Equal block
[peer] 22:38:38.260423 main.go:167: 7:Got block message, iteration 5
[peer] 22:38:38.260507 main.go:666: Trying to acquire lock...
[peer] 22:38:38.260543 main.go:669: Got lock, processing block
[peer] 22:38:38.260557 blockchain.go:68: Returning a block
[peer] 22:38:38.260571 main.go:679: Already have block
[peer] 22:38:38.260588 blockchain.go:68: Returning a block
[peer] 22:38:38.260604 main.go:707: 7:Equal block
[peer] 22:38:38.419009 main.go:167: 7:Got block message, iteration 5
[peer] 22:38:38.419080 main.go:666: Trying to acquire lock...
[peer] 22:38:38.419093 main.go:669: Got lock, processing block
[peer] 22:38:38.419099 blockchain.go:68: Returning a block
[peer] 22:38:38.419105 main.go:679: Already have block
[peer] 22:38:38.419111 blockchain.go:68: Returning a block
[peer] 22:38:38.419118 main.go:707: 7:Equal block
[peer] 22:38:38.512530 main.go:801: 7:Block sent to peer successful. Peer: 198.162.52.57:8012 Iteration: 6
[peer] 22:38:38.512614 main.go:772: 7:RPC calls successfully returned. Iteration: 6
[peer] 22:38:38.517308 honest.go:81: 7Train Error is 0.17025 in Iteration 6
[peer] 22:38:38.517328 main.go:778: 7:Preparing for next Iteration. Current Iteration: 6
[peer] 22:38:38.517338 main.go:590: Moving on to next iteration 7
[peer] 22:38:38.519339 vrf.go:97: Verifier lottery winner is 12 at 129 
[peer] 22:38:38.519359 vrf.go:113: Miner lottery winner is 5 at 51 
[peer] 22:38:38.519372 vrf.go:129: Noise lottery winner is 9 at 95 
[peer] 22:38:38.519388 main.go:227: Verifiers are [%!s(int=12)]
[peer] 22:38:38.519402 main.go:228: Miners are [%!s(int=5)]
[peer] 22:38:38.519415 main.go:229: Noisers are [%!s(int=9)]
[peer] 22:38:38.519429 main.go:605: 7:I am not miner or verifier. Iteration:7
[peer] 22:38:38.561222 main.go:845: 7:Computing Update
[peer] 22:38:38.561594 main.go:852: Sending update to verifiers
[peer] 22:38:38.561911 main.go:895: 7:Making RPC Call to Verifier. Sending Update, Iteration:7
[peer] 22:38:38.653522 main.go:167: 7:Got block message, iteration 6
[peer] 22:38:38.653651 main.go:666: Trying to acquire lock...
[peer] 22:38:38.659704 main.go:902: 7:Update verified. Iteration:7
[peer] 22:38:38.659747 main.go:857: Sending update to miners
[peer] 22:38:38.659833 main.go:958: 7:Making RPC Call to Miner. Sending Update, Iteration:7
[peer] 22:38:38.660229 main.go:965: 7:Update mined. Iteration:7
[peer] 22:38:38.660319 main.go:669: Got lock, processing block
[peer] 22:38:38.660335 blockchain.go:68: Returning a block
[peer] 22:38:38.660345 main.go:679: Already have block
[peer] 22:38:38.660354 blockchain.go:68: Returning a block
[peer] 22:38:38.660360 main.go:707: 7:Equal block
[peer] 22:38:39.541551 main.go:167: 7:Got block message, iteration 7
[peer] 22:38:39.541790 main.go:666: Trying to acquire lock...
[peer] 22:38:39.541814 main.go:669: Got lock, processing block
[peer] 22:38:39.541827 blockchain.go:73: Returning nil
[peer] 22:38:39.541842 main.go:718: 7:Adding block for 7, I am at 7
[peer] 22:38:39.541868 honest.go:227: Trying to append block with iteration:7
[peer] 22:38:39.541883 blockchain.go:73: Returning nil
[peer] 22:38:39.541896 honest.go:243: Append successful
[peer] 22:38:39.541915 main.go:728: 7:Sending block to channel
[peer] 22:38:39.541947 main.go:753: 7:Sending block of iteration: 7
[peer] 22:38:39.542026 main.go:1058: 7:Channel for block at iteration: 4
[peer] 22:38:39.553441 main.go:801: 7:Block sent to peer successful. Peer: 198.162.52.126:8005 Iteration: 7
[peer] 22:38:39.553448 main.go:167: 7:Got block message, iteration 7
[peer] 22:38:39.553587 main.go:666: Trying to acquire lock...
[peer] 22:38:39.553602 main.go:669: Got lock, processing block
[peer] 22:38:39.553609 blockchain.go:68: Returning a block
[peer] 22:38:39.553616 main.go:679: Already have block
[peer] 22:38:39.553624 blockchain.go:68: Returning a block
[peer] 22:38:39.553633 main.go:707: 7:Equal block
[peer] 22:38:39.553628 main.go:167: 7:Got block message, iteration 7
[peer] 22:38:39.553728 main.go:801: 7:Block sent to peer successful. Peer: 198.162.52.126:8008 Iteration: 7
[peer] 22:38:39.553747 main.go:666: Trying to acquire lock...
[peer] 22:38:39.553761 main.go:669: Got lock, processing block
[peer] 22:38:39.553768 blockchain.go:68: Returning a block
[peer] 22:38:39.553775 main.go:679: Already have block
[peer] 22:38:39.553782 blockchain.go:68: Returning a block
[peer] 22:38:39.553789 main.go:707: 7:Equal block
[peer] 22:38:39.553810 main.go:167: 7:Got block message, iteration 7
[peer] 22:38:39.553924 main.go:666: Trying to acquire lock...
[peer] 22:38:39.553938 main.go:669: Got lock, processing block
[peer] 22:38:39.553944 blockchain.go:68: Returning a block
[peer] 22:38:39.553950 main.go:679: Already have block
[peer] 22:38:39.553957 blockchain.go:68: Returning a block
[peer] 22:38:39.553963 main.go:707: 7:Equal block
[peer] 22:38:39.553970 main.go:801: 7:Block sent to peer successful. Peer: 198.162.52.126:8006 Iteration: 7
[peer] 22:38:39.554019 main.go:167: 7:Got block message, iteration 7
[peer] 22:38:39.554152 main.go:167: 7:Got block message, iteration 7
[peer] 22:38:39.554163 main.go:666: Trying to acquire lock...
[peer] 22:38:39.554177 main.go:669: Got lock, processing block
[peer] 22:38:39.554184 blockchain.go:68: Returning a block
[peer] 22:38:39.554192 main.go:679: Already have block
[peer] 22:38:39.554200 blockchain.go:68: Returning a block
[peer] 22:38:39.554207 main.go:707: 7:Equal block
[peer] 22:38:39.554172 main.go:801: 7:Block sent to peer successful. Peer: 198.162.52.126:8009 Iteration: 7
[peer] 22:38:39.554256 main.go:666: Trying to acquire lock...
[peer] 22:38:39.554270 main.go:669: Got lock, processing block
[peer] 22:38:39.554277 blockchain.go:68: Returning a block
[peer] 22:38:39.554285 main.go:679: Already have block
[peer] 22:38:39.554292 blockchain.go:68: Returning a block
[peer] 22:38:39.554299 main.go:707: 7:Equal block
[peer] 22:38:39.554408 main.go:801: 7:Block sent to peer successful. Peer: 198.162.52.126:8001 Iteration: 7
[peer] 22:38:39.554488 main.go:167: 7:Got block message, iteration 7
[peer] 22:38:39.554500 main.go:167: 7:Got block message, iteration 7
[peer] 22:38:39.554610 main.go:666: Trying to acquire lock...
[peer] 22:38:39.554679 main.go:669: Got lock, processing block
[peer] 22:38:39.554688 blockchain.go:68: Returning a block
[peer] 22:38:39.554621 main.go:666: Trying to acquire lock...
[peer] 22:38:39.554705 main.go:669: Got lock, processing block
[peer] 22:38:39.554712 blockchain.go:68: Returning a block
[peer] 22:38:39.554718 main.go:679: Already have block
[peer] 22:38:39.554726 blockchain.go:68: Returning a block
[peer] 22:38:39.554734 main.go:707: 7:Equal block
[peer] 22:38:39.554695 main.go:679: Already have block
[peer] 22:38:39.554746 blockchain.go:68: Returning a block
[peer] 22:38:39.554753 main.go:707: 7:Equal block
[peer] 22:38:39.557793 main.go:801: 7:Block sent to peer successful. Peer: 198.162.52.126:8002 Iteration: 7
[peer] 22:38:39.557986 main.go:167: 7:Got block message, iteration 7
[peer] 22:38:39.558026 main.go:801: 7:Block sent to peer successful. Peer: 198.162.52.126:8004 Iteration: 7
[peer] 22:38:39.558032 main.go:801: 7:Block sent to peer successful. Peer: 198.162.52.126:8000 Iteration: 7
[peer] 22:38:39.558105 main.go:666: Trying to acquire lock...
[peer] 22:38:39.558128 main.go:669: Got lock, processing block
[peer] 22:38:39.558135 blockchain.go:68: Returning a block
[peer] 22:38:39.558141 main.go:679: Already have block
[peer] 22:38:39.558147 blockchain.go:68: Returning a block
[peer] 22:38:39.558154 main.go:707: 7:Equal block
[peer] 22:38:39.562387 main.go:167: 7:Got block message, iteration 7
[peer] 22:38:39.562431 main.go:801: 7:Block sent to peer successful. Peer: 198.162.52.126:8003 Iteration: 7
[peer] 22:38:39.562487 main.go:666: Trying to acquire lock...
[peer] 22:38:39.562499 main.go:669: Got lock, processing block
[peer] 22:38:39.562505 blockchain.go:68: Returning a block
[peer] 22:38:39.562511 main.go:679: Already have block
[peer] 22:38:39.562517 blockchain.go:68: Returning a block
[peer] 22:38:39.562524 main.go:707: 7:Equal block
[peer] 22:38:39.564892 main.go:167: 7:Got block message, iteration 7
[peer] 22:38:39.565006 main.go:666: Trying to acquire lock...
[peer] 22:38:39.565018 main.go:669: Got lock, processing block
[peer] 22:38:39.565023 blockchain.go:68: Returning a block
[peer] 22:38:39.565029 main.go:679: Already have block
[peer] 22:38:39.565036 blockchain.go:68: Returning a block
[peer] 22:38:39.565042 main.go:707: 7:Equal block
[peer] 22:38:39.570876 main.go:167: 7:Got block message, iteration 7
[peer] 22:38:39.570977 main.go:666: Trying to acquire lock...
[peer] 22:38:39.570989 main.go:669: Got lock, processing block
[peer] 22:38:39.570996 blockchain.go:68: Returning a block
[peer] 22:38:39.571002 main.go:679: Already have block
[peer] 22:38:39.571008 blockchain.go:68: Returning a block
[peer] 22:38:39.571014 main.go:707: 7:Equal block
[peer] 22:38:39.572720 main.go:167: 7:Got block message, iteration 7
[peer] 22:38:39.572833 main.go:666: Trying to acquire lock...
[peer] 22:38:39.572847 main.go:669: Got lock, processing block
[peer] 22:38:39.572854 blockchain.go:68: Returning a block
[peer] 22:38:39.572860 main.go:679: Already have block
[peer] 22:38:39.572868 blockchain.go:68: Returning a block
[peer] 22:38:39.572875 main.go:707: 7:Equal block
[peer] 22:38:39.579852 main.go:167: 7:Got block message, iteration 7
[peer] 22:38:39.579950 main.go:666: Trying to acquire lock...
[peer] 22:38:39.579965 main.go:669: Got lock, processing block
[peer] 22:38:39.579973 blockchain.go:68: Returning a block
[peer] 22:38:39.579980 main.go:679: Already have block
[peer] 22:38:39.579988 blockchain.go:68: Returning a block
[peer] 22:38:39.579994 main.go:707: 7:Equal block
[peer] 22:38:39.580343 main.go:167: 7:Got block message, iteration 7
[peer] 22:38:39.580422 main.go:666: Trying to acquire lock...
[peer] 22:38:39.580433 main.go:669: Got lock, processing block
[peer] 22:38:39.580438 blockchain.go:68: Returning a block
[peer] 22:38:39.580444 main.go:679: Already have block
[peer] 22:38:39.580450 blockchain.go:68: Returning a block
[peer] 22:38:39.580456 main.go:707: 7:Equal block
[peer] 22:38:39.581598 main.go:167: 7:Got block message, iteration 7
[peer] 22:38:39.581697 main.go:666: Trying to acquire lock...
[peer] 22:38:39.581709 main.go:669: Got lock, processing block
[peer] 22:38:39.581715 blockchain.go:68: Returning a block
[peer] 22:38:39.581720 main.go:679: Already have block
[peer] 22:38:39.581727 blockchain.go:68: Returning a block
[peer] 22:38:39.581733 main.go:707: 7:Equal block
[peer] 22:38:39.587337 main.go:167: 7:Got block message, iteration 7
[peer] 22:38:39.587441 main.go:666: Trying to acquire lock...
[peer] 22:38:39.587454 main.go:669: Got lock, processing block
[peer] 22:38:39.587460 blockchain.go:68: Returning a block
[peer] 22:38:39.587466 main.go:679: Already have block
[peer] 22:38:39.587473 blockchain.go:68: Returning a block
[peer] 22:38:39.587480 main.go:707: 7:Equal block
[peer] 22:38:39.597061 main.go:167: 7:Got block message, iteration 7
[peer] 22:38:39.597139 main.go:666: Trying to acquire lock...
[peer] 22:38:39.597159 main.go:669: Got lock, processing block
[peer] 22:38:39.597166 blockchain.go:68: Returning a block
[peer] 22:38:39.597171 main.go:679: Already have block
[peer] 22:38:39.597178 blockchain.go:68: Returning a block
[peer] 22:38:39.597185 main.go:707: 7:Equal block
[peer] 22:38:39.605789 main.go:167: 7:Got block message, iteration 7
[peer] 22:38:39.605890 main.go:666: Trying to acquire lock...
[peer] 22:38:39.605901 main.go:669: Got lock, processing block
[peer] 22:38:39.605906 blockchain.go:68: Returning a block
[peer] 22:38:39.605912 main.go:679: Already have block
[peer] 22:38:39.605919 blockchain.go:68: Returning a block
[peer] 22:38:39.605924 main.go:707: 7:Equal block
[peer] 22:38:39.628006 main.go:801: 7:Block sent to peer successful. Peer: 198.162.52.57:8016 Iteration: 7
[peer] 22:38:39.628114 main.go:801: 7:Block sent to peer successful. Peer: 198.162.52.57:8015 Iteration: 7
[peer] 22:38:39.628517 main.go:801: 7:Block sent to peer successful. Peer: 198.162.52.57:8019 Iteration: 7
[peer] 22:38:39.629744 main.go:801: 7:Block sent to peer successful. Peer: 198.162.52.57:8018 Iteration: 7
[peer] 22:38:39.629845 main.go:801: 7:Block sent to peer successful. Peer: 198.162.52.57:8012 Iteration: 7
[peer] 22:38:39.632291 main.go:801: 7:Block sent to peer successful. Peer: 198.162.52.57:8013 Iteration: 7
[peer] 22:38:39.632484 main.go:801: 7:Block sent to peer successful. Peer: 198.162.52.57:8010 Iteration: 7
[peer] 22:38:39.632600 main.go:801: 7:Block sent to peer successful. Peer: 198.162.52.57:8017 Iteration: 7
[peer] 22:38:39.636358 main.go:801: 7:Block sent to peer successful. Peer: 198.162.52.57:8014 Iteration: 7
[peer] 22:38:39.636362 main.go:801: 7:Block sent to peer successful. Peer: 198.162.52.57:8011 Iteration: 7
[peer] 22:38:39.636452 main.go:772: 7:RPC calls successfully returned. Iteration: 7
[peer] 22:38:39.637312 honest.go:81: 7Train Error is 0.04029 in Iteration 7
[peer] 22:38:39.637333 main.go:778: 7:Preparing for next Iteration. Current Iteration: 7
