[peer] 02:08:27.201078 honest.go:107: 12Importing modules...
[peer] 02:08:31.612237 honest.go:122: 12Sucessfully pulled dataset. Features: 25
[peer] 02:08:31.612902 main.go:487: 12:Announcing myself to network
[peer] 02:08:31.613084 main.go:492: 12:Calling {198.162.52.126 %!s(int=8000) }
[peer] 02:08:31.613100 main.go:511: 12:Inside callRegisterRPC
[peer] 02:08:31.613113 main.go:516: 12Making RPC call
[peer] 02:08:31.613481 main.go:629: 12:Peer started. Receiving on 8012
[peer] 02:08:31.613867 main.go:522: 12RPC dial successful
[peer] 02:08:31.613888 main.go:525: 12:Calling RPC:198.162.52.126:8000
[peer] 02:08:31.613998 main.go:527: 12:RPC called198.162.52.126:8000
[peer] 02:08:31.615751 main.go:534: 12:Announced myself to a fellow peer at port. Got lastest chain
[peer] 02:08:31.615792 main.go:541: Chain length received:2
[peer] 02:08:31.615803 main.go:542: My chain length:1
[peer] 02:08:31.615810 honest.go:340: Received chain length:2
[peer] 02:08:31.615817 honest.go:341: Appended chain length:2
[peer] 02:08:31.615823 main.go:555: 12Got lastest chain until iteration 0
[peer] 02:08:31.615879 main.go:492: 12:Calling {198.162.52.126 %!s(int=8001) }
[peer] 02:08:31.615890 main.go:511: 12:Inside callRegisterRPC
[peer] 02:08:31.615897 main.go:516: 12Making RPC call
[err] 02:08:31.616361 main.go:302: Peer offline.Couldn't connect to peer: 198.162.52.126:8001, err = dial tcp 198.162.52.126:8001: connect: connection refused
[peer] 02:08:31.616419 main.go:492: 12:Calling {198.162.52.126 %!s(int=8002) }
[peer] 02:08:31.616428 main.go:511: 12:Inside callRegisterRPC
[peer] 02:08:31.616434 main.go:516: 12Making RPC call
[err] 02:08:31.616904 main.go:302: Peer offline.Couldn't connect to peer: 198.162.52.126:8002, err = dial tcp 198.162.52.126:8002: connect: connection refused
[peer] 02:08:31.616930 main.go:492: 12:Calling {198.162.52.126 %!s(int=8003) }
[peer] 02:08:31.616938 main.go:511: 12:Inside callRegisterRPC
[peer] 02:08:31.616945 main.go:516: 12Making RPC call
[err] 02:08:31.617469 main.go:302: Peer offline.Couldn't connect to peer: 198.162.52.126:8003, err = dial tcp 198.162.52.126:8003: connect: connection refused
[peer] 02:08:31.617493 main.go:492: 12:Calling {198.162.52.126 %!s(int=8004) }
[peer] 02:08:31.617501 main.go:511: 12:Inside callRegisterRPC
[peer] 02:08:31.617510 main.go:516: 12Making RPC call
[err] 02:08:31.618010 main.go:302: Peer offline.Couldn't connect to peer: 198.162.52.126:8004, err = dial tcp 198.162.52.126:8004: connect: connection refused
[peer] 02:08:31.618036 main.go:492: 12:Calling {198.162.52.126 %!s(int=8005) }
[peer] 02:08:31.618045 main.go:511: 12:Inside callRegisterRPC
[peer] 02:08:31.618051 main.go:516: 12Making RPC call
[err] 02:08:31.618580 main.go:302: Peer offline.Couldn't connect to peer: 198.162.52.126:8005, err = dial tcp 198.162.52.126:8005: connect: connection refused
[peer] 02:08:31.618604 main.go:492: 12:Calling {198.162.52.126 %!s(int=8006) }
[peer] 02:08:31.618620 main.go:511: 12:Inside callRegisterRPC
[peer] 02:08:31.618627 main.go:516: 12Making RPC call
[err] 02:08:31.619144 main.go:302: Peer offline.Couldn't connect to peer: 198.162.52.126:8006, err = dial tcp 198.162.52.126:8006: connect: connection refused
[peer] 02:08:31.619169 main.go:492: 12:Calling {198.162.52.126 %!s(int=8007) }
[peer] 02:08:31.619178 main.go:511: 12:Inside callRegisterRPC
[peer] 02:08:31.619184 main.go:516: 12Making RPC call
[err] 02:08:31.619696 main.go:302: Peer offline.Couldn't connect to peer: 198.162.52.126:8007, err = dial tcp 198.162.52.126:8007: connect: connection refused
[peer] 02:08:31.619721 main.go:492: 12:Calling {198.162.52.126 %!s(int=8008) }
[peer] 02:08:31.619730 main.go:511: 12:Inside callRegisterRPC
[peer] 02:08:31.619736 main.go:516: 12Making RPC call
[err] 02:08:31.620243 main.go:302: Peer offline.Couldn't connect to peer: 198.162.52.126:8008, err = dial tcp 198.162.52.126:8008: connect: connection refused
[peer] 02:08:31.620269 main.go:492: 12:Calling {198.162.52.126 %!s(int=8009) }
[peer] 02:08:31.620277 main.go:511: 12:Inside callRegisterRPC
[peer] 02:08:31.620284 main.go:516: 12Making RPC call
[err] 02:08:31.620816 main.go:302: Peer offline.Couldn't connect to peer: 198.162.52.126:8009, err = dial tcp 198.162.52.126:8009: connect: connection refused
[peer] 02:08:31.620840 main.go:492: 12:Calling {198.162.52.57 %!s(int=8010) }
[peer] 02:08:31.620848 main.go:511: 12:Inside callRegisterRPC
[peer] 02:08:31.620876 main.go:516: 12Making RPC call
[err] 02:08:31.620962 main.go:302: Peer offline.Couldn't connect to peer: 198.162.52.57:8010, err = dial tcp 198.162.52.57:8010: connect: connection refused
[peer] 02:08:31.620978 main.go:492: 12:Calling {198.162.52.57 %!s(int=8011) }
[peer] 02:08:31.620986 main.go:511: 12:Inside callRegisterRPC
[peer] 02:08:31.620991 main.go:516: 12Making RPC call
[err] 02:08:31.621052 main.go:302: Peer offline.Couldn't connect to peer: 198.162.52.57:8011, err = dial tcp 198.162.52.57:8011: connect: connection refused
[peer] 02:08:31.621067 main.go:492: 12:Calling {198.162.52.57 %!s(int=8013) }
[peer] 02:08:31.621074 main.go:511: 12:Inside callRegisterRPC
[peer] 02:08:31.621080 main.go:516: 12Making RPC call
[err] 02:08:31.621136 main.go:302: Peer offline.Couldn't connect to peer: 198.162.52.57:8013, err = dial tcp 198.162.52.57:8013: connect: connection refused
[peer] 02:08:31.621151 main.go:492: 12:Calling {198.162.52.57 %!s(int=8014) }
[peer] 02:08:31.621158 main.go:511: 12:Inside callRegisterRPC
[peer] 02:08:31.621163 main.go:516: 12Making RPC call
[peer] 02:08:31.621288 main.go:522: 12RPC dial successful
[peer] 02:08:31.621302 main.go:525: 12:Calling RPC:198.162.52.57:8014
[peer] 02:08:31.621309 main.go:527: 12:RPC called198.162.52.57:8014
[peer] 02:08:31.622553 main.go:534: 12:Announced myself to a fellow peer at port. Got lastest chain
[peer] 02:08:31.622576 main.go:541: Chain length received:2
[peer] 02:08:31.622583 main.go:542: My chain length:2
[peer] 02:08:31.622657 main.go:492: 12:Calling {198.162.52.57 %!s(int=8015) }
[peer] 02:08:31.622670 main.go:511: 12:Inside callRegisterRPC
[peer] 02:08:31.622697 main.go:516: 12Making RPC call
[err] 02:08:31.622847 main.go:302: Peer offline.Couldn't connect to peer: 198.162.52.57:8015, err = dial tcp 198.162.52.57:8015: connect: connection refused
[peer] 02:08:31.622872 main.go:492: 12:Calling {198.162.52.57 %!s(int=8016) }
[peer] 02:08:31.622881 main.go:511: 12:Inside callRegisterRPC
[peer] 02:08:31.622887 main.go:516: 12Making RPC call
[err] 02:08:31.622978 main.go:302: Peer offline.Couldn't connect to peer: 198.162.52.57:8016, err = dial tcp 198.162.52.57:8016: connect: connection refused
[peer] 02:08:31.622993 main.go:492: 12:Calling {198.162.52.57 %!s(int=8017) }
[peer] 02:08:31.623000 main.go:511: 12:Inside callRegisterRPC
[peer] 02:08:31.623006 main.go:516: 12Making RPC call
[err] 02:08:31.623065 main.go:302: Peer offline.Couldn't connect to peer: 198.162.52.57:8017, err = dial tcp 198.162.52.57:8017: connect: connection refused
[peer] 02:08:31.623080 main.go:492: 12:Calling {198.162.52.57 %!s(int=8018) }
[peer] 02:08:31.623086 main.go:511: 12:Inside callRegisterRPC
[peer] 02:08:31.623092 main.go:516: 12Making RPC call
[err] 02:08:31.623147 main.go:302: Peer offline.Couldn't connect to peer: 198.162.52.57:8018, err = dial tcp 198.162.52.57:8018: connect: connection refused
[peer] 02:08:31.623161 main.go:492: 12:Calling {198.162.52.57 %!s(int=8019) }
[peer] 02:08:31.623167 main.go:511: 12:Inside callRegisterRPC
[peer] 02:08:31.623173 main.go:516: 12Making RPC call
[err] 02:08:31.623228 main.go:302: Peer offline.Couldn't connect to peer: 198.162.52.57:8019, err = dial tcp 198.162.52.57:8019: connect: connection refused
[peer] 02:08:31.623239 main.go:502: 12:Bootstrapped Network. Calling signal
[peer] 02:08:31.623251 main.go:504: 12:Bootstrapped Network. Signal called
[peer] 02:08:31.623258 main.go:588: 12:Acquiring bool lock
[peer] 02:08:31.623265 main.go:590: 12:Acquired bool lock
[peer] 02:08:31.624471 main.go:609: 12:I am not verifier IterationCount:1
[peer] 02:08:31.624483 main.go:614: 12:Bool lock released
[peer] 02:08:31.624489 main.go:824: 12:Computing Update
[peer] 02:08:31.625230 main.go:270: 12 : VRF returned ID map[4:{}]
[peer] 02:08:31.625256 main.go:280: 12 :Verifiers [198.162.52.126:8004] returned.
[err] 02:08:31.625749 main.go:302: Unable to connect to verifier, err = dial tcp 198.162.52.126:8004: connect: connection refused
[peer] 02:08:31.625761 main.go:896: 12:Will try and create an empty block
[peer] 02:08:31.625906 main.go:903: 12:Will try and create an empty block
[peer] 02:08:31.626011 main.go:664: 12:Sending block. Iteration: 1
[peer] 02:08:31.627308 main.go:729: 12:Block sent to peer successful
[peer] 02:08:31.628041 main.go:729: 12:Block sent to peer successful
[peer] 02:08:31.628087 main.go:684: 12:RPC calls successfully returned. Iteration: 1
[peer] 02:08:31.651840 main.go:633: 12:Accepted new Connection
[peer] 02:08:31.651897 main.go:633: 12:Accepted new Connection
[peer] 02:08:31.652187 main.go:213: 12:Registering peer:198.162.52.57:8011
[peer] 02:08:31.652209 main.go:223: Advertising chain to peer with length 3
[peer] 02:08:31.652226 main.go:130: 12:Got block message, iteration 1
[peer] 02:08:31.652256 main.go:137: 12:Acquiring bool lock
[peer] 02:08:31.652264 main.go:139: 12:Acquired bool lock
[peer] 02:08:31.652272 main.go:140: Chain Length:3
[peer] 02:08:31.652278 main.go:142: Chain Length:3
[peer] 02:08:31.652286 main.go:147: Already have block
[peer] 02:08:31.652294 main.go:152: 12:Bool lock released
[peer] 02:08:31.652300 main.go:179: 12:Equal block
[peer] 02:08:31.657064 honest.go:81: 12Train Error is 1.00000 in Iteration 1
[peer] 02:08:31.657090 main.go:692: 12:Preparing for next Iteration. Current Iteration: 1
[peer] 02:08:31.657098 main.go:588: 12:Acquiring bool lock
[peer] 02:08:31.657104 main.go:590: 12:Acquired bool lock
[peer] 02:08:31.658301 main.go:609: 12:I am not verifier IterationCount:2
[peer] 02:08:31.658315 main.go:614: 12:Bool lock released
[peer] 02:08:31.659815 main.go:633: 12:Accepted new Connection
[peer] 02:08:31.660109 main.go:213: 12:Registering peer:198.162.52.57:8013
[peer] 02:08:31.660124 main.go:223: Advertising chain to peer with length 3
[peer] 02:08:31.676254 main.go:633: 12:Accepted new Connection
[peer] 02:08:31.676662 main.go:213: 12:Registering peer:198.162.52.57:8017
[peer] 02:08:31.676677 main.go:223: Advertising chain to peer with length 3
[peer] 02:08:31.678784 main.go:633: 12:Accepted new Connection
[peer] 02:08:31.679043 main.go:213: 12:Registering peer:198.162.52.57:8019
[peer] 02:08:31.679057 main.go:223: Advertising chain to peer with length 3
[peer] 02:08:31.687949 main.go:633: 12:Accepted new Connection
[peer] 02:08:31.688229 main.go:213: 12:Registering peer:198.162.52.57:8018
[peer] 02:08:31.688245 main.go:223: Advertising chain to peer with length 3
[peer] 02:08:31.708300 main.go:633: 12:Accepted new Connection
[peer] 02:08:31.708689 main.go:213: 12:Registering peer:198.162.52.57:8010
[peer] 02:08:31.708703 main.go:223: Advertising chain to peer with length 3
[peer] 02:08:31.726100 main.go:824: 12:Computing Update
[peer] 02:08:31.726496 main.go:270: 12 : VRF returned ID map[0:{}]
[peer] 02:08:31.726518 main.go:280: 12 :Verifiers [198.162.52.126:8000] returned.
[peer] 02:08:31.727084 main.go:869: 12:Making RPC Call to Verifier. Sending Update, Iteration:2
[peer] 02:08:31.782704 main.go:876: 12:Update sent successfully
[peer] 02:08:31.823118 main.go:633: 12:Accepted new Connection
[peer] 02:08:31.823422 main.go:213: 12:Registering peer:198.162.52.57:8015
[peer] 02:08:31.823444 main.go:223: Advertising chain to peer with length 3
[peer] 02:08:31.855072 main.go:633: 12:Accepted new Connection
[peer] 02:08:31.855293 main.go:213: 12:Registering peer:198.162.52.57:8016
[peer] 02:08:31.855307 main.go:223: Advertising chain to peer with length 3
[peer] 02:08:31.967567 main.go:633: 12:Accepted new Connection
[peer] 02:08:31.969340 main.go:130: 12:Got block message, iteration 1
[peer] 02:08:31.969360 main.go:137: 12:Acquiring bool lock
[peer] 02:08:31.969366 main.go:139: 12:Acquired bool lock
[peer] 02:08:31.969372 main.go:140: Chain Length:3
[peer] 02:08:31.969377 main.go:142: Chain Length:3
[peer] 02:08:31.969383 main.go:147: Already have block
[peer] 02:08:31.969391 main.go:152: 12:Bool lock released
[peer] 02:08:31.969407 main.go:179: 12:Equal block
[peer] 02:08:38.493076 main.go:633: 12:Accepted new Connection
[peer] 02:08:38.493584 main.go:213: 12:Registering peer:198.162.52.126:8001
[peer] 02:08:38.493618 main.go:223: Advertising chain to peer with length 3
[peer] 02:08:38.731178 main.go:633: 12:Accepted new Connection
[peer] 02:08:38.731591 main.go:213: 12:Registering peer:198.162.52.126:8005
[peer] 02:08:38.731630 main.go:223: Advertising chain to peer with length 3
[peer] 02:08:38.875031 main.go:633: 12:Accepted new Connection
[peer] 02:08:38.875562 main.go:213: 12:Registering peer:198.162.52.126:8002
[peer] 02:08:38.875640 main.go:223: Advertising chain to peer with length 3
[peer] 02:08:38.993586 main.go:633: 12:Accepted new Connection
[peer] 02:08:38.994095 main.go:213: 12:Registering peer:198.162.52.126:8003
[peer] 02:08:38.994177 main.go:223: Advertising chain to peer with length 3
[peer] 02:08:39.012974 main.go:633: 12:Accepted new Connection
[peer] 02:08:39.013464 main.go:213: 12:Registering peer:198.162.52.126:8009
[peer] 02:08:39.013515 main.go:223: Advertising chain to peer with length 3
[peer] 02:08:39.349216 main.go:633: 12:Accepted new Connection
[peer] 02:08:39.349703 main.go:213: 12:Registering peer:198.162.52.126:8007
[peer] 02:08:39.349737 main.go:223: Advertising chain to peer with length 3
[peer] 02:08:39.359197 main.go:633: 12:Accepted new Connection
[peer] 02:08:39.359719 main.go:213: 12:Registering peer:198.162.52.126:8008
[peer] 02:08:39.359751 main.go:223: Advertising chain to peer with length 3
[peer] 02:08:39.411585 main.go:633: 12:Accepted new Connection
[peer] 02:08:39.411946 main.go:213: 12:Registering peer:198.162.52.126:8004
[peer] 02:08:39.411974 main.go:223: Advertising chain to peer with length 3
[peer] 02:08:39.415572 main.go:633: 12:Accepted new Connection
[peer] 02:08:39.415971 main.go:213: 12:Registering peer:198.162.52.126:8006
[peer] 02:08:39.415997 main.go:223: Advertising chain to peer with length 3
[peer] 02:08:39.444969 main.go:633: 12:Accepted new Connection
[peer] 02:08:39.447466 main.go:130: 12:Got block message, iteration 2
[peer] 02:08:39.447508 main.go:137: 12:Acquiring bool lock
[peer] 02:08:39.447519 main.go:139: 12:Acquired bool lock
[peer] 02:08:39.447529 main.go:140: Chain Length:3
[peer] 02:08:39.447539 main.go:142: Chain Length:3
[peer] 02:08:39.447549 main.go:187: 12:Sending to channel
[peer] 02:08:39.447568 main.go:193: 12:Sent to channel
[peer] 02:08:39.447581 main.go:195: 12:Returning
[peer] 02:08:39.447597 main.go:955: 12:Block Received. Appending to chain and moving on to the next iteration. 2
[peer] 02:08:39.447709 main.go:777: 12:Adding block to chain
[peer] 02:08:39.447751 honest.go:222: Trying to append block with iteration:2
[peer] 02:08:39.447763 honest.go:238: Append successful
[peer] 02:08:39.447779 main.go:781: 12:Adding block to chain
[peer] 02:08:39.447797 main.go:787: 12:Checking convergence
[peer] 02:08:39.461613 main.go:633: 12:Accepted new Connection
[peer] 02:08:39.461683 main.go:633: 12:Accepted new Connection
[peer] 02:08:39.463308 main.go:130: 12:Got block message, iteration 2
[peer] 02:08:39.463333 main.go:137: 12:Acquiring bool lock
[peer] 02:08:39.463410 main.go:633: 12:Accepted new Connection
[peer] 02:08:39.463682 main.go:130: 12:Got block message, iteration 2
[peer] 02:08:39.463706 main.go:137: 12:Acquiring bool lock
[peer] 02:08:39.468529 main.go:130: 12:Got block message, iteration 2
[peer] 02:08:39.468558 main.go:137: 12:Acquiring bool lock
[peer] 02:08:39.468759 main.go:633: 12:Accepted new Connection
[peer] 02:08:39.468794 main.go:633: 12:Accepted new Connection
[peer] 02:08:39.488007 main.go:633: 12:Accepted new Connection
[peer] 02:08:39.488031 main.go:633: 12:Accepted new Connection
[peer] 02:08:39.488058 main.go:633: 12:Accepted new Connection
[peer] 02:08:39.488076 main.go:633: 12:Accepted new Connection
[peer] 02:08:39.488768 main.go:130: 12:Got block message, iteration 2
[peer] 02:08:39.488786 main.go:137: 12:Acquiring bool lock
[peer] 02:08:39.489261 main.go:130: 12:Got block message, iteration 2
[peer] 02:08:39.489291 main.go:137: 12:Acquiring bool lock
[peer] 02:08:39.489847 main.go:130: 12:Got block message, iteration 2
[peer] 02:08:39.489866 main.go:137: 12:Acquiring bool lock
[peer] 02:08:39.569588 honest.go:81: 12Train Error is 0.05872 in Iteration 2
[peer] 02:08:39.569612 main.go:790: 12:Convergence checked
[peer] 02:08:39.569621 main.go:793: 12:Bool lock released
[peer] 02:08:39.569653 main.go:664: 12:Sending block. Iteration: 2
[peer] 02:08:39.569989 main.go:139: 12:Acquired bool lock
[peer] 02:08:39.570003 main.go:140: Chain Length:4
[peer] 02:08:39.570052 main.go:142: Chain Length:4
[peer] 02:08:39.570061 main.go:147: Already have block
[peer] 02:08:39.570070 main.go:152: 12:Bool lock released
[peer] 02:08:39.570077 main.go:179: 12:Equal block
[peer] 02:08:39.570175 main.go:139: 12:Acquired bool lock
[peer] 02:08:39.570186 main.go:140: Chain Length:4
[peer] 02:08:39.570192 main.go:142: Chain Length:4
[peer] 02:08:39.570197 main.go:147: Already have block
[peer] 02:08:39.570205 main.go:152: 12:Bool lock released
[peer] 02:08:39.570211 main.go:179: 12:Equal block
[peer] 02:08:39.570247 main.go:139: 12:Acquired bool lock
[peer] 02:08:39.570256 main.go:140: Chain Length:4
[peer] 02:08:39.570261 main.go:142: Chain Length:4
[peer] 02:08:39.570267 main.go:147: Already have block
[peer] 02:08:39.570274 main.go:152: 12:Bool lock released
[peer] 02:08:39.570280 main.go:179: 12:Equal block
[peer] 02:08:39.570315 main.go:139: 12:Acquired bool lock
[peer] 02:08:39.570324 main.go:140: Chain Length:4
[peer] 02:08:39.570330 main.go:142: Chain Length:4
[peer] 02:08:39.570335 main.go:147: Already have block
[peer] 02:08:39.570342 main.go:152: 12:Bool lock released
[peer] 02:08:39.570348 main.go:179: 12:Equal block
[peer] 02:08:39.570381 main.go:139: 12:Acquired bool lock
[peer] 02:08:39.570389 main.go:140: Chain Length:4
[peer] 02:08:39.570394 main.go:142: Chain Length:4
[peer] 02:08:39.570400 main.go:147: Already have block
[peer] 02:08:39.570407 main.go:152: 12:Bool lock released
[peer] 02:08:39.570412 main.go:179: 12:Equal block
[peer] 02:08:39.570445 main.go:139: 12:Acquired bool lock
[peer] 02:08:39.570453 main.go:140: Chain Length:4
[peer] 02:08:39.570458 main.go:142: Chain Length:4
[peer] 02:08:39.570464 main.go:147: Already have block
[peer] 02:08:39.570471 main.go:152: 12:Bool lock released
[peer] 02:08:39.570476 main.go:179: 12:Equal block
[peer] 02:08:39.577853 main.go:130: 12:Got block message, iteration 2
[peer] 02:08:39.577879 main.go:137: 12:Acquiring bool lock
[peer] 02:08:39.577887 main.go:139: 12:Acquired bool lock
[peer] 02:08:39.577892 main.go:140: Chain Length:4
[peer] 02:08:39.577898 main.go:142: Chain Length:4
[peer] 02:08:39.577903 main.go:147: Already have block
[peer] 02:08:39.577913 main.go:152: 12:Bool lock released
[peer] 02:08:39.577920 main.go:179: 12:Equal block
[peer] 02:08:39.578085 main.go:130: 12:Got block message, iteration 2
[peer] 02:08:39.578125 main.go:137: 12:Acquiring bool lock
[peer] 02:08:39.578132 main.go:139: 12:Acquired bool lock
[peer] 02:08:39.578138 main.go:140: Chain Length:4
[peer] 02:08:39.578145 main.go:142: Chain Length:4
[peer] 02:08:39.578153 main.go:147: Already have block
[peer] 02:08:39.578162 main.go:152: 12:Bool lock released
[peer] 02:08:39.578169 main.go:179: 12:Equal block
[peer] 02:08:39.578173 main.go:130: 12:Got block message, iteration 2
[peer] 02:08:39.578195 main.go:137: 12:Acquiring bool lock
[peer] 02:08:39.578201 main.go:139: 12:Acquired bool lock
[peer] 02:08:39.578207 main.go:140: Chain Length:4
[peer] 02:08:39.578212 main.go:142: Chain Length:4
[peer] 02:08:39.578218 main.go:147: Already have block
[peer] 02:08:39.578225 main.go:152: 12:Bool lock released
[peer] 02:08:39.578231 main.go:179: 12:Equal block
[peer] 02:08:39.578365 main.go:729: 12:Block sent to peer successful
[err] 02:08:39.578381 main.go:302: Error in sending block, err = Stale Update/Block
[peer] 02:08:39.578383 main.go:729: 12:Block sent to peer successful
[err] 02:08:39.578398 main.go:302: Error in sending block, err = Stale Update/Block
[peer] 02:08:39.578365 main.go:729: 12:Block sent to peer successful
[err] 02:08:39.578444 main.go:302: Error in sending block, err = Stale Update/Block
[peer] 02:08:39.578448 main.go:729: 12:Block sent to peer successful
[err] 02:08:39.578462 main.go:302: Error in sending block, err = Stale Update/Block
[peer] 02:08:39.578949 main.go:729: 12:Block sent to peer successful
[err] 02:08:39.578964 main.go:302: Error in sending block, err = Stale Update/Block
[peer] 02:08:39.579067 main.go:729: 12:Block sent to peer successful
[err] 02:08:39.579083 main.go:302: Error in sending block, err = Stale Update/Block
[peer] 02:08:39.579428 main.go:729: 12:Block sent to peer successful
[err] 02:08:39.579448 main.go:302: Error in sending block, err = Stale Update/Block
[peer] 02:08:39.579790 main.go:729: 12:Block sent to peer successful
[err] 02:08:39.579803 main.go:302: Error in sending block, err = Stale Update/Block
[peer] 02:08:39.580751 main.go:729: 12:Block sent to peer successful
[err] 02:08:39.580764 main.go:302: Error in sending block, err = Stale Update/Block
[peer] 02:08:39.580871 main.go:729: 12:Block sent to peer successful
[err] 02:08:39.580883 main.go:302: Error in sending block, err = Stale Update/Block
[peer] 02:08:39.611922 main.go:633: 12:Accepted new Connection
[peer] 02:08:39.622641 main.go:130: 12:Got block message, iteration 2
[peer] 02:08:39.622661 main.go:137: 12:Acquiring bool lock
[peer] 02:08:39.622668 main.go:139: 12:Acquired bool lock
[peer] 02:08:39.622673 main.go:140: Chain Length:4
[peer] 02:08:39.622678 main.go:142: Chain Length:4
[peer] 02:08:39.622684 main.go:147: Already have block
[peer] 02:08:39.622691 main.go:152: 12:Bool lock released
[peer] 02:08:39.622696 main.go:179: 12:Equal block
[peer] 02:08:39.626233 main.go:729: 12:Block sent to peer successful
[err] 02:08:39.626246 main.go:302: Error in sending block, err = Stale Update/Block
[peer] 02:08:39.627727 main.go:633: 12:Accepted new Connection
[peer] 02:08:39.635726 main.go:130: 12:Got block message, iteration 2
[peer] 02:08:39.635745 main.go:137: 12:Acquiring bool lock
[peer] 02:08:39.635752 main.go:139: 12:Acquired bool lock
[peer] 02:08:39.635757 main.go:140: Chain Length:4
[peer] 02:08:39.635762 main.go:142: Chain Length:4
[peer] 02:08:39.635768 main.go:147: Already have block
[peer] 02:08:39.635776 main.go:152: 12:Bool lock released
[peer] 02:08:39.635782 main.go:179: 12:Equal block
[peer] 02:08:39.635858 main.go:633: 12:Accepted new Connection
[peer] 02:08:39.635979 main.go:729: 12:Block sent to peer successful
[err] 02:08:39.635990 main.go:302: Error in sending block, err = Stale Update/Block
[peer] 02:08:39.638828 main.go:633: 12:Accepted new Connection
[peer] 02:08:39.638977 main.go:729: 12:Block sent to peer successful
[err] 02:08:39.638989 main.go:302: Error in sending block, err = Stale Update/Block
[peer] 02:08:39.639199 main.go:130: 12:Got block message, iteration 2
[peer] 02:08:39.639217 main.go:137: 12:Acquiring bool lock
[peer] 02:08:39.639223 main.go:139: 12:Acquired bool lock
[peer] 02:08:39.639229 main.go:140: Chain Length:4
[peer] 02:08:39.639235 main.go:142: Chain Length:4
[peer] 02:08:39.639240 main.go:147: Already have block
[peer] 02:08:39.639248 main.go:152: 12:Bool lock released
[peer] 02:08:39.639254 main.go:179: 12:Equal block
[peer] 02:08:39.729615 main.go:633: 12:Accepted new Connection
[peer] 02:08:39.730341 main.go:130: 12:Got block message, iteration 2
[peer] 02:08:39.730363 main.go:137: 12:Acquiring bool lock
[peer] 02:08:39.730370 main.go:139: 12:Acquired bool lock
[peer] 02:08:39.730375 main.go:140: Chain Length:4
[peer] 02:08:39.730385 main.go:142: Chain Length:4
[peer] 02:08:39.730392 main.go:147: Already have block
[peer] 02:08:39.730399 main.go:152: 12:Bool lock released
[peer] 02:08:39.730405 main.go:179: 12:Equal block
[peer] 02:08:39.731119 main.go:729: 12:Block sent to peer successful
[err] 02:08:39.731136 main.go:302: Error in sending block, err = Stale Update/Block
[peer] 02:08:39.732727 main.go:729: 12:Block sent to peer successful
[err] 02:08:39.732745 main.go:302: Error in sending block, err = Stale Update/Block
[peer] 02:08:39.747770 main.go:130: 12:Got block message, iteration 2
[peer] 02:08:39.747795 main.go:137: 12:Acquiring bool lock
[peer] 02:08:39.747802 main.go:139: 12:Acquired bool lock
[peer] 02:08:39.747808 main.go:140: Chain Length:4
[peer] 02:08:39.747813 main.go:142: Chain Length:4
[peer] 02:08:39.747819 main.go:147: Already have block
[peer] 02:08:39.747826 main.go:152: 12:Bool lock released
[peer] 02:08:39.747831 main.go:179: 12:Equal block
[peer] 02:08:39.753949 main.go:633: 12:Accepted new Connection
[peer] 02:08:39.753995 main.go:633: 12:Accepted new Connection
[peer] 02:08:39.754035 main.go:729: 12:Block sent to peer successful
[err] 02:08:39.754052 main.go:302: Error in sending block, err = Stale Update/Block
[peer] 02:08:39.758540 main.go:729: 12:Block sent to peer successful
[err] 02:08:39.758554 main.go:302: Error in sending block, err = Stale Update/Block
[peer] 02:08:39.766191 main.go:130: 12:Got block message, iteration 2
[peer] 02:08:39.766210 main.go:137: 12:Acquiring bool lock
[peer] 02:08:39.766216 main.go:139: 12:Acquired bool lock
[peer] 02:08:39.766222 main.go:140: Chain Length:4
[peer] 02:08:39.766227 main.go:142: Chain Length:4
[peer] 02:08:39.766233 main.go:147: Already have block
[peer] 02:08:39.766240 main.go:152: 12:Bool lock released
[peer] 02:08:39.766246 main.go:179: 12:Equal block
[peer] 02:08:39.777721 main.go:729: 12:Block sent to peer successful
[err] 02:08:39.777740 main.go:302: Error in sending block, err = Stale Update/Block
[peer] 02:08:39.778423 main.go:633: 12:Accepted new Connection
[peer] 02:08:39.784824 main.go:130: 12:Got block message, iteration 2
[peer] 02:08:39.784845 main.go:137: 12:Acquiring bool lock
[peer] 02:08:39.784851 main.go:139: 12:Acquired bool lock
[peer] 02:08:39.784857 main.go:140: Chain Length:4
[peer] 02:08:39.784864 main.go:142: Chain Length:4
[peer] 02:08:39.784870 main.go:147: Already have block
[peer] 02:08:39.784877 main.go:152: 12:Bool lock released
[peer] 02:08:39.784883 main.go:179: 12:Equal block
[peer] 02:08:39.791437 main.go:130: 12:Got block message, iteration 2
[peer] 02:08:39.791461 main.go:137: 12:Acquiring bool lock
[peer] 02:08:39.791468 main.go:139: 12:Acquired bool lock
[peer] 02:08:39.791473 main.go:140: Chain Length:4
[peer] 02:08:39.791478 main.go:142: Chain Length:4
[peer] 02:08:39.791484 main.go:147: Already have block
[peer] 02:08:39.791491 main.go:152: 12:Bool lock released
[peer] 02:08:39.791497 main.go:179: 12:Equal block
[peer] 02:08:39.878307 main.go:633: 12:Accepted new Connection
[peer] 02:08:39.880016 main.go:729: 12:Block sent to peer successful
[err] 02:08:39.880034 main.go:302: Error in sending block, err = Stale Update/Block
[peer] 02:08:39.880108 main.go:684: 12:RPC calls successfully returned. Iteration: 2
[peer] 02:08:39.882200 main.go:130: 12:Got block message, iteration 2
[peer] 02:08:39.882224 main.go:137: 12:Acquiring bool lock
[peer] 02:08:39.882231 main.go:139: 12:Acquired bool lock
[peer] 02:08:39.882237 main.go:140: Chain Length:4
[peer] 02:08:39.882245 main.go:142: Chain Length:4
[peer] 02:08:39.882251 main.go:147: Already have block
[peer] 02:08:39.882267 main.go:152: 12:Bool lock released
[peer] 02:08:39.882275 main.go:179: 12:Equal block
[peer] 02:08:39.949006 honest.go:81: 12Train Error is 0.05872 in Iteration 2
[peer] 02:08:39.949024 main.go:692: 12:Preparing for next Iteration. Current Iteration: 2
[peer] 02:08:39.949031 main.go:588: 12:Acquiring bool lock
[peer] 02:08:39.949037 main.go:590: 12:Acquired bool lock
[peer] 02:08:39.950237 main.go:609: 12:I am not verifier IterationCount:3
[peer] 02:08:39.950250 main.go:614: 12:Bool lock released
[peer] 02:08:39.971016 main.go:824: 12:Computing Update
[peer] 02:08:39.971666 main.go:270: 12 : VRF returned ID map[8:{}]
[peer] 02:08:39.971690 main.go:280: 12 :Verifiers [198.162.52.126:8008] returned.
[peer] 02:08:39.972230 main.go:869: 12:Making RPC Call to Verifier. Sending Update, Iteration:3
[peer] 02:08:39.973435 main.go:876: 12:Update sent successfully
[peer] 02:08:44.967313 main.go:633: 12:Accepted new Connection
[peer] 02:08:44.971578 main.go:130: 12:Got block message, iteration 3
[peer] 02:08:44.971707 main.go:137: 12:Acquiring bool lock
[peer] 02:08:44.971723 main.go:139: 12:Acquired bool lock
[peer] 02:08:44.971735 main.go:140: Chain Length:4
[peer] 02:08:44.971747 main.go:142: Chain Length:4
[peer] 02:08:44.971760 main.go:187: 12:Sending to channel
[peer] 02:08:44.971782 main.go:193: 12:Sent to channel
[peer] 02:08:44.971833 main.go:195: 12:Returning
[peer] 02:08:44.972254 main.go:777: 12:Adding block to chain
[peer] 02:08:44.972289 honest.go:222: Trying to append block with iteration:3
[peer] 02:08:44.972303 honest.go:238: Append successful
[peer] 02:08:44.972414 main.go:781: 12:Adding block to chain
[peer] 02:08:44.972429 main.go:787: 12:Checking convergence
[peer] 02:08:44.989489 main.go:955: 12:Block Received. Appending to chain and moving on to the next iteration. 3
[peer] 02:08:44.989619 main.go:633: 12:Accepted new Connection
[peer] 02:08:44.989652 main.go:633: 12:Accepted new Connection
[peer] 02:08:45.078736 main.go:130: 12:Got block message, iteration 3
[peer] 02:08:45.078765 main.go:137: 12:Acquiring bool lock
[peer] 02:08:45.077893 main.go:633: 12:Accepted new Connection
[peer] 02:08:45.078808 main.go:633: 12:Accepted new Connection
[peer] 02:08:45.078837 main.go:633: 12:Accepted new Connection
[peer] 02:08:45.078858 main.go:633: 12:Accepted new Connection
[peer] 02:08:45.078878 main.go:633: 12:Accepted new Connection
[peer] 02:08:45.078902 main.go:633: 12:Accepted new Connection
[peer] 02:08:45.078921 main.go:633: 12:Accepted new Connection
[peer] 02:08:45.078940 main.go:633: 12:Accepted new Connection
[peer] 02:08:45.078960 main.go:633: 12:Accepted new Connection
[peer] 02:08:45.078987 main.go:633: 12:Accepted new Connection
[peer] 02:08:45.079006 main.go:633: 12:Accepted new Connection
[peer] 02:08:45.079298 main.go:130: 12:Got block message, iteration 3
[peer] 02:08:45.079317 main.go:137: 12:Acquiring bool lock
[peer] 02:08:45.094821 main.go:130: 12:Got block message, iteration 3
[peer] 02:08:45.094845 main.go:137: 12:Acquiring bool lock
[peer] 02:08:45.095056 main.go:130: 12:Got block message, iteration 3
[peer] 02:08:45.095074 main.go:137: 12:Acquiring bool lock
[peer] 02:08:45.095313 main.go:130: 12:Got block message, iteration 3
[peer] 02:08:45.095332 main.go:137: 12:Acquiring bool lock
[peer] 02:08:45.095415 main.go:130: 12:Got block message, iteration 3
[peer] 02:08:45.095432 main.go:137: 12:Acquiring bool lock
[peer] 02:08:45.095645 main.go:130: 12:Got block message, iteration 3
[peer] 02:08:45.095661 main.go:137: 12:Acquiring bool lock
[peer] 02:08:45.095887 main.go:130: 12:Got block message, iteration 3
[peer] 02:08:45.095904 main.go:137: 12:Acquiring bool lock
[peer] 02:08:45.096152 main.go:130: 12:Got block message, iteration 3
[peer] 02:08:45.096169 main.go:137: 12:Acquiring bool lock
[peer] 02:08:45.096179 main.go:130: 12:Got block message, iteration 3
[peer] 02:08:45.096192 main.go:137: 12:Acquiring bool lock
[peer] 02:08:45.096565 main.go:130: 12:Got block message, iteration 3
[peer] 02:08:45.096582 main.go:137: 12:Acquiring bool lock
[peer] 02:08:45.096827 main.go:130: 12:Got block message, iteration 3
[peer] 02:08:45.096844 main.go:137: 12:Acquiring bool lock
[peer] 02:08:45.098818 main.go:633: 12:Accepted new Connection
[peer] 02:08:45.099176 main.go:130: 12:Got block message, iteration 3
[peer] 02:08:45.099197 main.go:137: 12:Acquiring bool lock
[peer] 02:08:45.101364 main.go:633: 12:Accepted new Connection
[peer] 02:08:45.101637 main.go:130: 12:Got block message, iteration 3
[peer] 02:08:45.101655 main.go:137: 12:Acquiring bool lock
[peer] 02:08:45.107390 main.go:130: 12:Got block message, iteration 3
[peer] 02:08:45.107418 main.go:137: 12:Acquiring bool lock
[peer] 02:08:45.126262 main.go:633: 12:Accepted new Connection
[peer] 02:08:45.142174 main.go:633: 12:Accepted new Connection
[peer] 02:08:45.143095 main.go:130: 12:Got block message, iteration 3
[peer] 02:08:45.143119 main.go:137: 12:Acquiring bool lock
[peer] 02:08:45.148215 honest.go:81: 12Train Error is 0.04791 in Iteration 3
[peer] 02:08:45.148235 main.go:790: 12:Convergence checked
[peer] 02:08:45.148416 main.go:139: 12:Acquired bool lock
[peer] 02:08:45.148448 main.go:140: Chain Length:5
[peer] 02:08:45.148454 main.go:142: Chain Length:5
[peer] 02:08:45.148459 main.go:147: Already have block
[peer] 02:08:45.148470 main.go:152: 12:Bool lock released
[peer] 02:08:45.148477 main.go:179: 12:Equal block
[peer] 02:08:45.148489 main.go:139: 12:Acquired bool lock
[peer] 02:08:45.148525 main.go:140: Chain Length:5
[peer] 02:08:45.148532 main.go:142: Chain Length:5
[peer] 02:08:45.148538 main.go:147: Already have block
[peer] 02:08:45.148547 main.go:152: 12:Bool lock released
[peer] 02:08:45.148554 main.go:179: 12:Equal block
[peer] 02:08:45.148616 main.go:139: 12:Acquired bool lock
[peer] 02:08:45.148627 main.go:140: Chain Length:5
[peer] 02:08:45.148632 main.go:142: Chain Length:5
[peer] 02:08:45.148638 main.go:147: Already have block
[peer] 02:08:45.148648 main.go:152: 12:Bool lock released
[peer] 02:08:45.148654 main.go:179: 12:Equal block
[peer] 02:08:45.148720 main.go:139: 12:Acquired bool lock
[peer] 02:08:45.148745 main.go:140: Chain Length:5
[peer] 02:08:45.148751 main.go:142: Chain Length:5
[peer] 02:08:45.148756 main.go:147: Already have block
[peer] 02:08:45.148767 main.go:152: 12:Bool lock released
[peer] 02:08:45.148774 main.go:179: 12:Equal block
[peer] 02:08:45.148779 main.go:139: 12:Acquired bool lock
[peer] 02:08:45.148792 main.go:140: Chain Length:5
[peer] 02:08:45.148797 main.go:142: Chain Length:5
[peer] 02:08:45.148803 main.go:147: Already have block
[peer] 02:08:45.148813 main.go:152: 12:Bool lock released
[peer] 02:08:45.148819 main.go:179: 12:Equal block
[peer] 02:08:45.148823 main.go:139: 12:Acquired bool lock
[peer] 02:08:45.148847 main.go:140: Chain Length:5
[peer] 02:08:45.148853 main.go:142: Chain Length:5
[peer] 02:08:45.148859 main.go:147: Already have block
[peer] 02:08:45.148870 main.go:152: 12:Bool lock released
[peer] 02:08:45.148877 main.go:179: 12:Equal block
[peer] 02:08:45.148899 main.go:139: 12:Acquired bool lock
[peer] 02:08:45.148915 main.go:140: Chain Length:5
[peer] 02:08:45.148921 main.go:142: Chain Length:5
[peer] 02:08:45.148926 main.go:147: Already have block
[peer] 02:08:45.148938 main.go:152: 12:Bool lock released
[peer] 02:08:45.148944 main.go:179: 12:Equal block
[peer] 02:08:45.148996 main.go:139: 12:Acquired bool lock
[peer] 02:08:45.149010 main.go:140: Chain Length:5
[peer] 02:08:45.149010 main.go:793: 12:Bool lock released
[peer] 02:08:45.149016 main.go:142: Chain Length:5
[peer] 02:08:45.149049 main.go:147: Already have block
[peer] 02:08:45.149058 main.go:152: 12:Bool lock released
[peer] 02:08:45.149064 main.go:179: 12:Equal block
[peer] 02:08:45.149072 main.go:664: 12:Sending block. Iteration: 3
[peer] 02:08:45.149128 main.go:139: 12:Acquired bool lock
[peer] 02:08:45.149142 main.go:140: Chain Length:5
[peer] 02:08:45.149152 main.go:142: Chain Length:5
[peer] 02:08:45.149158 main.go:147: Already have block
[peer] 02:08:45.149168 main.go:152: 12:Bool lock released
[peer] 02:08:45.149175 main.go:179: 12:Equal block
[peer] 02:08:45.149213 main.go:139: 12:Acquired bool lock
[peer] 02:08:45.149222 main.go:140: Chain Length:5
[peer] 02:08:45.149228 main.go:142: Chain Length:5
[peer] 02:08:45.149233 main.go:147: Already have block
[peer] 02:08:45.149240 main.go:152: 12:Bool lock released
[peer] 02:08:45.149245 main.go:179: 12:Equal block
[peer] 02:08:45.149287 main.go:139: 12:Acquired bool lock
[peer] 02:08:45.149296 main.go:140: Chain Length:5
[peer] 02:08:45.149302 main.go:142: Chain Length:5
[peer] 02:08:45.149308 main.go:147: Already have block
[peer] 02:08:45.149318 main.go:152: 12:Bool lock released
[peer] 02:08:45.149325 main.go:179: 12:Equal block
[peer] 02:08:45.149365 main.go:139: 12:Acquired bool lock
[peer] 02:08:45.149374 main.go:140: Chain Length:5
[peer] 02:08:45.149379 main.go:142: Chain Length:5
[peer] 02:08:45.149385 main.go:147: Already have block
[peer] 02:08:45.149392 main.go:152: 12:Bool lock released
[peer] 02:08:45.149398 main.go:179: 12:Equal block
[peer] 02:08:45.149438 main.go:139: 12:Acquired bool lock
[peer] 02:08:45.149462 main.go:140: Chain Length:5
[peer] 02:08:45.149471 main.go:142: Chain Length:5
[peer] 02:08:45.149477 main.go:147: Already have block
[peer] 02:08:45.149488 main.go:152: 12:Bool lock released
[peer] 02:08:45.149496 main.go:179: 12:Equal block
[peer] 02:08:45.149562 main.go:139: 12:Acquired bool lock
[peer] 02:08:45.149576 main.go:140: Chain Length:5
[peer] 02:08:45.149582 main.go:142: Chain Length:5
[peer] 02:08:45.149587 main.go:147: Already have block
[peer] 02:08:45.149595 main.go:152: 12:Bool lock released
[peer] 02:08:45.149601 main.go:179: 12:Equal block
[peer] 02:08:45.149655 main.go:139: 12:Acquired bool lock
[peer] 02:08:45.149667 main.go:140: Chain Length:5
[peer] 02:08:45.149672 main.go:142: Chain Length:5
[peer] 02:08:45.149678 main.go:147: Already have block
[peer] 02:08:45.149686 main.go:152: 12:Bool lock released
[peer] 02:08:45.149692 main.go:179: 12:Equal block
[peer] 02:08:45.149744 main.go:139: 12:Acquired bool lock
[peer] 02:08:45.149754 main.go:140: Chain Length:5
[peer] 02:08:45.149760 main.go:142: Chain Length:5
[peer] 02:08:45.149765 main.go:147: Already have block
[peer] 02:08:45.149771 main.go:152: 12:Bool lock released
[peer] 02:08:45.149790 main.go:179: 12:Equal block
[peer] 02:08:45.151164 main.go:729: 12:Block sent to peer successful
[err] 02:08:45.151182 main.go:302: Error in sending block, err = Stale Update/Block
[peer] 02:08:45.159689 main.go:729: 12:Block sent to peer successful
[err] 02:08:45.159720 main.go:302: Error in sending block, err = Stale Update/Block
[peer] 02:08:45.159698 main.go:729: 12:Block sent to peer successful
[err] 02:08:45.159794 main.go:302: Error in sending block, err = Stale Update/Block
[peer] 02:08:45.159827 main.go:729: 12:Block sent to peer successful
[err] 02:08:45.159851 main.go:302: Error in sending block, err = Stale Update/Block
[peer] 02:08:45.159836 main.go:729: 12:Block sent to peer successful
[err] 02:08:45.159911 main.go:302: Error in sending block, err = Stale Update/Block
[peer] 02:08:45.159904 main.go:729: 12:Block sent to peer successful
[err] 02:08:45.159959 main.go:302: Error in sending block, err = Stale Update/Block
[peer] 02:08:45.160177 main.go:729: 12:Block sent to peer successful
[err] 02:08:45.160198 main.go:302: Error in sending block, err = Stale Update/Block
[peer] 02:08:45.160384 main.go:729: 12:Block sent to peer successful
[err] 02:08:45.160403 main.go:302: Error in sending block, err = Stale Update/Block
[peer] 02:08:45.161592 main.go:729: 12:Block sent to peer successful
[err] 02:08:45.161614 main.go:302: Error in sending block, err = Stale Update/Block
[peer] 02:08:45.161615 main.go:729: 12:Block sent to peer successful
[err] 02:08:45.161641 main.go:302: Error in sending block, err = Stale Update/Block
[peer] 02:08:45.161812 main.go:729: 12:Block sent to peer successful
[err] 02:08:45.161835 main.go:302: Error in sending block, err = Stale Update/Block
[peer] 02:08:45.161990 main.go:729: 12:Block sent to peer successful
[err] 02:08:45.162008 main.go:302: Error in sending block, err = Stale Update/Block
[peer] 02:08:45.162230 main.go:729: 12:Block sent to peer successful
[err] 02:08:45.162243 main.go:302: Error in sending block, err = Stale Update/Block
[peer] 02:08:45.162432 main.go:130: 12:Got block message, iteration 3
[peer] 02:08:45.162450 main.go:137: 12:Acquiring bool lock
[peer] 02:08:45.162456 main.go:139: 12:Acquired bool lock
[peer] 02:08:45.162461 main.go:140: Chain Length:5
[peer] 02:08:45.162467 main.go:142: Chain Length:5
[peer] 02:08:45.162472 main.go:147: Already have block
[peer] 02:08:45.162480 main.go:152: 12:Bool lock released
[peer] 02:08:45.162485 main.go:179: 12:Equal block
[peer] 02:08:45.163483 main.go:729: 12:Block sent to peer successful
[err] 02:08:45.163499 main.go:302: Error in sending block, err = Stale Update/Block
[peer] 02:08:45.163672 main.go:729: 12:Block sent to peer successful
[err] 02:08:45.163684 main.go:302: Error in sending block, err = Stale Update/Block
[peer] 02:08:45.164315 main.go:729: 12:Block sent to peer successful
[err] 02:08:45.164327 main.go:302: Error in sending block, err = Stale Update/Block
[peer] 02:08:45.169739 main.go:729: 12:Block sent to peer successful
[err] 02:08:45.169752 main.go:302: Error in sending block, err = Stale Update/Block
[peer] 02:08:45.175456 main.go:729: 12:Block sent to peer successful
[err] 02:08:45.175474 main.go:302: Error in sending block, err = Stale Update/Block
[peer] 02:08:45.230712 main.go:633: 12:Accepted new Connection
[peer] 02:08:45.230920 main.go:130: 12:Got block message, iteration 3
[peer] 02:08:45.230938 main.go:137: 12:Acquiring bool lock
[peer] 02:08:45.230944 main.go:139: 12:Acquired bool lock
[peer] 02:08:45.230949 main.go:140: Chain Length:5
[peer] 02:08:45.230954 main.go:142: Chain Length:5
[peer] 02:08:45.230960 main.go:147: Already have block
[peer] 02:08:45.230966 main.go:152: 12:Bool lock released
[peer] 02:08:45.230972 main.go:179: 12:Equal block
[peer] 02:08:45.237197 main.go:729: 12:Block sent to peer successful
[err] 02:08:45.237211 main.go:302: Error in sending block, err = Stale Update/Block
[peer] 02:08:45.237253 main.go:684: 12:RPC calls successfully returned. Iteration: 3
[peer] 02:08:45.292569 honest.go:81: 12Train Error is 0.04791 in Iteration 3
[peer] 02:08:45.292584 main.go:692: 12:Preparing for next Iteration. Current Iteration: 3
