[peer] 01:19:50.546510 honest.go:105: 16Importing modules...
[peer] 01:19:54.969014 honest.go:118: 16Sucessfully pulled dataset. Features: 25
[peer] 01:19:54.969681 main.go:467: 16:Announcing myself to network
[peer] 01:19:54.970253 main.go:472: 16:Calling {198.162.52.126 %!s(int=8000) }
[peer] 01:19:54.970307 main.go:491: 16:Inside callRegisterRPC
[peer] 01:19:54.970315 main.go:495: 16Making RPC call
[peer] 01:19:54.970169 main.go:597: 16:Peer started. Receiving on 8016
[peer] 01:19:54.970974 main.go:501: 16RPC dial successful
[peer] 01:19:54.970995 main.go:504: 16:Calling RPC:198.162.52.126:8000
[peer] 01:19:54.971060 main.go:506: 16:RPC called198.162.52.126:8000
[peer] 01:19:54.972819 main.go:513: 16:Announced myself to a fellow peer at port. Got lastest chain
[peer] 01:19:54.972903 main.go:472: 16:Calling {198.162.52.126 %!s(int=8001) }
[peer] 01:19:54.972915 main.go:491: 16:Inside callRegisterRPC
[peer] 01:19:54.972922 main.go:495: 16Making RPC call
[err] 01:19:54.973366 main.go:282: Peer offline.Couldn't connect to peer: 198.162.52.126:8001, err = dial tcp 198.162.52.126:8001: connect: connection refused
[peer] 01:19:54.973408 main.go:472: 16:Calling {198.162.52.126 %!s(int=8002) }
[peer] 01:19:54.973415 main.go:491: 16:Inside callRegisterRPC
[peer] 01:19:54.973421 main.go:495: 16Making RPC call
[err] 01:19:54.973754 main.go:282: Peer offline.Couldn't connect to peer: 198.162.52.126:8002, err = dial tcp 198.162.52.126:8002: connect: connection refused
[peer] 01:19:54.973771 main.go:472: 16:Calling {198.162.52.126 %!s(int=8003) }
[peer] 01:19:54.973777 main.go:491: 16:Inside callRegisterRPC
[peer] 01:19:54.973783 main.go:495: 16Making RPC call
[err] 01:19:54.974006 main.go:282: Peer offline.Couldn't connect to peer: 198.162.52.126:8003, err = dial tcp 198.162.52.126:8003: connect: connection refused
[peer] 01:19:54.974022 main.go:472: 16:Calling {198.162.52.126 %!s(int=8004) }
[peer] 01:19:54.974029 main.go:491: 16:Inside callRegisterRPC
[peer] 01:19:54.974035 main.go:495: 16Making RPC call
[err] 01:19:54.974256 main.go:282: Peer offline.Couldn't connect to peer: 198.162.52.126:8004, err = dial tcp 198.162.52.126:8004: connect: connection refused
[peer] 01:19:54.974272 main.go:472: 16:Calling {198.162.52.126 %!s(int=8005) }
[peer] 01:19:54.974279 main.go:491: 16:Inside callRegisterRPC
[peer] 01:19:54.974284 main.go:495: 16Making RPC call
[err] 01:19:54.974499 main.go:282: Peer offline.Couldn't connect to peer: 198.162.52.126:8005, err = dial tcp 198.162.52.126:8005: connect: connection refused
[peer] 01:19:54.974515 main.go:472: 16:Calling {198.162.52.126 %!s(int=8006) }
[peer] 01:19:54.974522 main.go:491: 16:Inside callRegisterRPC
[peer] 01:19:54.974528 main.go:495: 16Making RPC call
[err] 01:19:54.974774 main.go:282: Peer offline.Couldn't connect to peer: 198.162.52.126:8006, err = dial tcp 198.162.52.126:8006: connect: connection refused
[peer] 01:19:54.974790 main.go:472: 16:Calling {198.162.52.126 %!s(int=8007) }
[peer] 01:19:54.974796 main.go:491: 16:Inside callRegisterRPC
[peer] 01:19:54.974802 main.go:495: 16Making RPC call
[err] 01:19:54.975016 main.go:282: Peer offline.Couldn't connect to peer: 198.162.52.126:8007, err = dial tcp 198.162.52.126:8007: connect: connection refused
[peer] 01:19:54.975032 main.go:472: 16:Calling {198.162.52.126 %!s(int=8008) }
[peer] 01:19:54.975038 main.go:491: 16:Inside callRegisterRPC
[peer] 01:19:54.975044 main.go:495: 16Making RPC call
[err] 01:19:54.975269 main.go:282: Peer offline.Couldn't connect to peer: 198.162.52.126:8008, err = dial tcp 198.162.52.126:8008: connect: connection refused
[peer] 01:19:54.975285 main.go:472: 16:Calling {198.162.52.126 %!s(int=8009) }
[peer] 01:19:54.975292 main.go:491: 16:Inside callRegisterRPC
[peer] 01:19:54.975297 main.go:495: 16Making RPC call
[err] 01:19:54.975517 main.go:282: Peer offline.Couldn't connect to peer: 198.162.52.126:8009, err = dial tcp 198.162.52.126:8009: connect: connection refused
[peer] 01:19:54.975533 main.go:472: 16:Calling {198.162.52.57 %!s(int=8010) }
[peer] 01:19:54.975540 main.go:491: 16:Inside callRegisterRPC
[peer] 01:19:54.975562 main.go:495: 16Making RPC call
[err] 01:19:54.975647 main.go:282: Peer offline.Couldn't connect to peer: 198.162.52.57:8010, err = dial tcp 198.162.52.57:8010: connect: connection refused
[peer] 01:19:54.975663 main.go:472: 16:Calling {198.162.52.57 %!s(int=8011) }
[peer] 01:19:54.975669 main.go:491: 16:Inside callRegisterRPC
[peer] 01:19:54.975684 main.go:495: 16Making RPC call
[err] 01:19:54.975744 main.go:282: Peer offline.Couldn't connect to peer: 198.162.52.57:8011, err = dial tcp 198.162.52.57:8011: connect: connection refused
[peer] 01:19:54.975759 main.go:472: 16:Calling {198.162.52.57 %!s(int=8012) }
[peer] 01:19:54.975765 main.go:491: 16:Inside callRegisterRPC
[peer] 01:19:54.975771 main.go:495: 16Making RPC call
[peer] 01:19:54.975880 main.go:501: 16RPC dial successful
[peer] 01:19:54.975894 main.go:504: 16:Calling RPC:198.162.52.57:8012
[peer] 01:19:54.975901 main.go:506: 16:RPC called198.162.52.57:8012
[peer] 01:19:54.976559 main.go:513: 16:Announced myself to a fellow peer at port. Got lastest chain
[peer] 01:19:54.976628 main.go:472: 16:Calling {198.162.52.57 %!s(int=8013) }
[peer] 01:19:54.976639 main.go:491: 16:Inside callRegisterRPC
[peer] 01:19:54.976645 main.go:495: 16Making RPC call
[peer] 01:19:54.977150 main.go:501: 16RPC dial successful
[peer] 01:19:54.977178 main.go:504: 16:Calling RPC:198.162.52.57:8013
[peer] 01:19:54.977188 main.go:506: 16:RPC called198.162.52.57:8013
[peer] 01:19:54.978134 main.go:513: 16:Announced myself to a fellow peer at port. Got lastest chain
[peer] 01:19:54.978182 main.go:472: 16:Calling {198.162.52.57 %!s(int=8014) }
[peer] 01:19:54.978193 main.go:491: 16:Inside callRegisterRPC
[peer] 01:19:54.978225 main.go:495: 16Making RPC call
[err] 01:19:54.978318 main.go:282: Peer offline.Couldn't connect to peer: 198.162.52.57:8014, err = dial tcp 198.162.52.57:8014: connect: connection refused
[peer] 01:19:54.978336 main.go:472: 16:Calling {198.162.52.57 %!s(int=8015) }
[peer] 01:19:54.978342 main.go:491: 16:Inside callRegisterRPC
[peer] 01:19:54.978348 main.go:495: 16Making RPC call
[peer] 01:19:54.978441 main.go:501: 16RPC dial successful
[peer] 01:19:54.978454 main.go:504: 16:Calling RPC:198.162.52.57:8015
[peer] 01:19:54.978461 main.go:506: 16:RPC called198.162.52.57:8015
[peer] 01:19:54.979479 main.go:513: 16:Announced myself to a fellow peer at port. Got lastest chain
[peer] 01:19:54.979544 main.go:472: 16:Calling {198.162.52.57 %!s(int=8017) }
[peer] 01:19:54.979555 main.go:491: 16:Inside callRegisterRPC
[peer] 01:19:54.979577 main.go:495: 16Making RPC call
[err] 01:19:54.979681 main.go:282: Peer offline.Couldn't connect to peer: 198.162.52.57:8017, err = dial tcp 198.162.52.57:8017: connect: connection refused
[peer] 01:19:54.979699 main.go:472: 16:Calling {198.162.52.57 %!s(int=8018) }
[peer] 01:19:54.979706 main.go:491: 16:Inside callRegisterRPC
[peer] 01:19:54.979712 main.go:495: 16Making RPC call
[err] 01:19:54.979774 main.go:282: Peer offline.Couldn't connect to peer: 198.162.52.57:8018, err = dial tcp 198.162.52.57:8018: connect: connection refused
[peer] 01:19:54.979805 main.go:472: 16:Calling {198.162.52.57 %!s(int=8019) }
[peer] 01:19:54.979811 main.go:491: 16:Inside callRegisterRPC
[peer] 01:19:54.979816 main.go:495: 16Making RPC call
[peer] 01:19:54.979914 main.go:501: 16RPC dial successful
[peer] 01:19:54.979927 main.go:504: 16:Calling RPC:198.162.52.57:8019
[peer] 01:19:54.979934 main.go:506: 16:RPC called198.162.52.57:8019
[peer] 01:19:54.980636 main.go:513: 16:Announced myself to a fellow peer at port. Got lastest chain
[peer] 01:19:54.980681 main.go:482: 16:Bootstrapped Network. Calling signal
[peer] 01:19:54.980693 main.go:484: 16:Bootstrapped Network. Signal called
[peer] 01:19:54.980700 main.go:556: 16:Acquiring bool lock
[peer] 01:19:54.980717 main.go:558: 16:Acquired bool lock
[peer] 01:19:54.981873 main.go:577: 16:I am not verifier IterationCount:2
[peer] 01:19:54.981883 main.go:582: 16:Bool lock released
[peer] 01:19:54.981889 main.go:790: 16:Computing Update
[peer] 01:19:54.982855 main.go:255: 16 : VRF returned ID map[13:{}]
[peer] 01:19:54.982887 main.go:264: 16 :Verifiers [198.162.52.57:8013] returned.
[peer] 01:19:54.983062 main.go:601: 16:Accepted new Connection
[peer] 01:19:54.983264 main.go:201: 16:Registering peer:198.162.52.57:8015
[peer] 01:19:54.983624 main.go:835: 16:Making RPC Call to Verifier. Sending Update, Iteration:2
[peer] 01:19:54.984605 main.go:842: 16:Update sent successfully
[peer] 01:19:55.014943 main.go:601: 16:Accepted new Connection
[peer] 01:19:55.015101 main.go:201: 16:Registering peer:198.162.52.57:8011
[peer] 01:19:55.059614 main.go:601: 16:Accepted new Connection
[peer] 01:19:55.059957 main.go:201: 16:Registering peer:198.162.52.57:8010
[peer] 01:19:55.068673 main.go:601: 16:Accepted new Connection
[peer] 01:19:55.068898 main.go:201: 16:Registering peer:198.162.52.57:8018
[peer] 01:19:55.082799 main.go:601: 16:Accepted new Connection
[peer] 01:19:55.084373 main.go:126: 16:Got block message, iteration 1
[peer] 01:19:55.084394 main.go:133: 16:Acquiring bool lock
[peer] 01:19:55.084400 main.go:135: 16:Acquired bool lock
[peer] 01:19:55.084405 main.go:142: 16:Bool lock released
[peer] 01:19:55.084411 main.go:167: 16:Equal block
[peer] 01:19:55.157623 main.go:601: 16:Accepted new Connection
[peer] 01:19:55.157771 main.go:201: 16:Registering peer:198.162.52.57:8017
[peer] 01:19:55.208580 main.go:601: 16:Accepted new Connection
[peer] 01:19:55.208829 main.go:201: 16:Registering peer:198.162.52.57:8014
[peer] 01:20:01.101561 main.go:601: 16:Accepted new Connection
[peer] 01:20:01.101974 main.go:201: 16:Registering peer:198.162.52.126:8007
[peer] 01:20:01.170307 main.go:601: 16:Accepted new Connection
[peer] 01:20:01.170828 main.go:201: 16:Registering peer:198.162.52.126:8009
[peer] 01:20:01.359300 main.go:601: 16:Accepted new Connection
[peer] 01:20:01.359727 main.go:201: 16:Registering peer:198.162.52.126:8001
[peer] 01:20:01.393863 main.go:601: 16:Accepted new Connection
[peer] 01:20:01.394387 main.go:201: 16:Registering peer:198.162.52.126:8008
[peer] 01:20:01.395355 main.go:601: 16:Accepted new Connection
[peer] 01:20:01.395834 main.go:201: 16:Registering peer:198.162.52.126:8003
[peer] 01:20:01.560295 main.go:601: 16:Accepted new Connection
[peer] 01:20:01.560648 main.go:201: 16:Registering peer:198.162.52.126:8004
[peer] 01:20:01.586471 main.go:601: 16:Accepted new Connection
[peer] 01:20:01.586842 main.go:201: 16:Registering peer:198.162.52.126:8006
[peer] 01:20:01.651992 main.go:601: 16:Accepted new Connection
[peer] 01:20:01.652464 main.go:201: 16:Registering peer:198.162.52.126:8002
[peer] 01:20:01.884731 main.go:601: 16:Accepted new Connection
[peer] 01:20:01.885240 main.go:201: 16:Registering peer:198.162.52.126:8005
[peer] 01:20:09.920656 main.go:601: 16:Accepted new Connection
[peer] 01:20:09.928664 main.go:126: 16:Got block message, iteration 2
[peer] 01:20:09.928702 main.go:133: 16:Acquiring bool lock
[peer] 01:20:09.928714 main.go:135: 16:Acquired bool lock
[peer] 01:20:09.928724 main.go:175: 16:Sending to channel
[peer] 01:20:09.928737 main.go:181: 16:Sent to channel
[peer] 01:20:09.928752 main.go:183: 16:Returning
[peer] 01:20:09.929116 main.go:743: 16:Adding block to chain
[peer] 01:20:09.929178 main.go:747: 16:Adding block to chain
[peer] 01:20:09.929194 main.go:753: 16:Checking convergence
[peer] 01:20:09.930187 main.go:916: 16:Block Received. Appending to chain and moving on to the next iteration..
[peer] 01:20:09.935968 main.go:601: 16:Accepted new Connection
[peer] 01:20:09.936474 main.go:126: 16:Got block message, iteration 2
[peer] 01:20:09.936503 main.go:133: 16:Acquiring bool lock
[peer] 01:20:09.985099 main.go:601: 16:Accepted new Connection
[peer] 01:20:09.990246 main.go:126: 16:Got block message, iteration 2
[peer] 01:20:09.990278 main.go:133: 16:Acquiring bool lock
[peer] 01:20:10.013703 main.go:601: 16:Accepted new Connection
[peer] 01:20:10.025051 main.go:126: 16:Got block message, iteration 2
[peer] 01:20:10.025087 main.go:133: 16:Acquiring bool lock
[peer] 01:20:10.088870 main.go:601: 16:Accepted new Connection
[peer] 01:20:10.096482 main.go:126: 16:Got block message, iteration 2
[peer] 01:20:10.096511 main.go:133: 16:Acquiring bool lock
[peer] 01:20:10.124900 honest.go:79: 16Train Error is 0.10405 in Iteration 2
[peer] 01:20:10.124919 main.go:756: 16:Convergence checked
[peer] 01:20:10.124933 main.go:759: 16:Bool lock released
[peer] 01:20:10.124953 main.go:135: 16:Acquired bool lock
[peer] 01:20:10.124976 main.go:142: 16:Bool lock released
[peer] 01:20:10.124986 main.go:167: 16:Equal block
[peer] 01:20:10.125011 main.go:632: 16:Sending block. Iteration: 2
[peer] 01:20:10.125052 main.go:135: 16:Acquired bool lock
[peer] 01:20:10.125064 main.go:142: 16:Bool lock released
[peer] 01:20:10.125070 main.go:167: 16:Equal block
[peer] 01:20:10.128326 main.go:135: 16:Acquired bool lock
[peer] 01:20:10.128342 main.go:142: 16:Bool lock released
[peer] 01:20:10.128348 main.go:167: 16:Equal block
[peer] 01:20:10.128642 main.go:135: 16:Acquired bool lock
[peer] 01:20:10.128655 main.go:142: 16:Bool lock released
[peer] 01:20:10.128661 main.go:167: 16:Equal block
[peer] 01:20:10.137487 main.go:697: 16:Block sent to peer successful
[peer] 01:20:10.137906 main.go:697: 16:Block sent to peer successful
[peer] 01:20:10.138006 main.go:697: 16:Block sent to peer successful
[err] 01:20:10.138020 main.go:282: Error in sending block, err = Stale Update/Block
[peer] 01:20:10.138205 main.go:697: 16:Block sent to peer successful
[peer] 01:20:10.138485 main.go:697: 16:Block sent to peer successful
[peer] 01:20:10.140706 main.go:697: 16:Block sent to peer successful
[err] 01:20:10.140719 main.go:282: Error in sending block, err = Stale Update/Block
[peer] 01:20:10.141104 main.go:697: 16:Block sent to peer successful
[peer] 01:20:10.141300 main.go:697: 16:Block sent to peer successful
[peer] 01:20:10.141415 main.go:697: 16:Block sent to peer successful
[err] 01:20:10.141427 main.go:282: Error in sending block, err = Stale Update/Block
[peer] 01:20:10.142158 main.go:697: 16:Block sent to peer successful
[err] 01:20:10.142170 main.go:282: Error in sending block, err = Stale Update/Block
[peer] 01:20:10.142613 main.go:697: 16:Block sent to peer successful
[peer] 01:20:10.142833 main.go:697: 16:Block sent to peer successful
[peer] 01:20:10.142975 main.go:697: 16:Block sent to peer successful
[peer] 01:20:10.144493 main.go:697: 16:Block sent to peer successful
[peer] 01:20:10.198448 main.go:601: 16:Accepted new Connection
[peer] 01:20:10.204546 main.go:697: 16:Block sent to peer successful
[err] 01:20:10.204561 main.go:282: Error in sending block, err = Stale Update/Block
[peer] 01:20:10.246991 main.go:601: 16:Accepted new Connection
[peer] 01:20:10.247155 main.go:697: 16:Block sent to peer successful
[err] 01:20:10.247170 main.go:282: Error in sending block, err = Stale Update/Block
[peer] 01:20:10.247153 main.go:126: 16:Got block message, iteration 2
[peer] 01:20:10.247222 main.go:133: 16:Acquiring bool lock
[peer] 01:20:10.247229 main.go:135: 16:Acquired bool lock
[peer] 01:20:10.247235 main.go:142: 16:Bool lock released
[peer] 01:20:10.247241 main.go:167: 16:Equal block
[peer] 01:20:10.289911 main.go:697: 16:Block sent to peer successful
[err] 01:20:10.289924 main.go:282: Error in sending block, err = Stale Update/Block
[peer] 01:20:10.294569 main.go:601: 16:Accepted new Connection
[peer] 01:20:10.294793 main.go:126: 16:Got block message, iteration 2
[peer] 01:20:10.294811 main.go:133: 16:Acquiring bool lock
[peer] 01:20:10.294817 main.go:135: 16:Acquired bool lock
[peer] 01:20:10.294822 main.go:142: 16:Bool lock released
[peer] 01:20:10.294828 main.go:167: 16:Equal block
[peer] 01:20:10.320545 main.go:697: 16:Block sent to peer successful
[err] 01:20:10.320557 main.go:282: Error in sending block, err = Stale Update/Block
[peer] 01:20:10.325387 main.go:126: 16:Got block message, iteration 2
[peer] 01:20:10.325410 main.go:133: 16:Acquiring bool lock
[peer] 01:20:10.325417 main.go:135: 16:Acquired bool lock
[peer] 01:20:10.325423 main.go:142: 16:Bool lock released
[peer] 01:20:10.325428 main.go:167: 16:Equal block
[peer] 01:20:10.347447 main.go:601: 16:Accepted new Connection
[peer] 01:20:10.348197 main.go:697: 16:Block sent to peer successful
[err] 01:20:10.348225 main.go:282: Error in sending block, err = Stale Update/Block
[peer] 01:20:10.348303 main.go:652: 16:RPC calls successfully returned. Iteration: 2
[peer] 01:20:10.351092 honest.go:79: 16Train Error is 0.10405 in Iteration 2
[peer] 01:20:10.351113 main.go:660: 16:Preparing for next Iteration. Current Iteration: 2
[peer] 01:20:10.351120 main.go:556: 16:Acquiring bool lock
[peer] 01:20:10.351126 main.go:558: 16:Acquired bool lock
[peer] 01:20:10.352352 main.go:577: 16:I am not verifier IterationCount:3
[peer] 01:20:10.352366 main.go:582: 16:Bool lock released
[peer] 01:20:10.353191 main.go:126: 16:Got block message, iteration 2
[peer] 01:20:10.353214 main.go:133: 16:Acquiring bool lock
[peer] 01:20:10.353221 main.go:135: 16:Acquired bool lock
[peer] 01:20:10.353227 main.go:142: 16:Bool lock released
[peer] 01:20:10.353233 main.go:167: 16:Equal block
[peer] 01:20:10.430976 main.go:790: 16:Computing Update
[peer] 01:20:10.431566 main.go:255: 16 : VRF returned ID map[13:{}]
[peer] 01:20:10.431589 main.go:264: 16 :Verifiers [198.162.52.57:8013] returned.
[peer] 01:20:10.431904 main.go:835: 16:Making RPC Call to Verifier. Sending Update, Iteration:3
[peer] 01:20:10.432372 main.go:842: 16:Update sent successfully
[peer] 01:20:25.037400 main.go:601: 16:Accepted new Connection
[peer] 01:20:25.040705 main.go:126: 16:Got block message, iteration 3
[peer] 01:20:25.040763 main.go:133: 16:Acquiring bool lock
[peer] 01:20:25.040776 main.go:135: 16:Acquired bool lock
[peer] 01:20:25.040788 main.go:175: 16:Sending to channel
[peer] 01:20:25.040803 main.go:181: 16:Sent to channel
[peer] 01:20:25.040818 main.go:183: 16:Returning
[peer] 01:20:25.041098 main.go:743: 16:Adding block to chain
[peer] 01:20:25.041132 main.go:747: 16:Adding block to chain
[peer] 01:20:25.041145 main.go:753: 16:Checking convergence
[peer] 01:20:25.041238 main.go:916: 16:Block Received. Appending to chain and moving on to the next iteration..
[peer] 01:20:25.051144 main.go:601: 16:Accepted new Connection
[peer] 01:20:25.063324 main.go:601: 16:Accepted new Connection
[peer] 01:20:25.068129 main.go:126: 16:Got block message, iteration 3
[peer] 01:20:25.068165 main.go:133: 16:Acquiring bool lock
[peer] 01:20:25.078517 main.go:126: 16:Got block message, iteration 3
[peer] 01:20:25.078548 main.go:133: 16:Acquiring bool lock
[peer] 01:20:25.164877 main.go:601: 16:Accepted new Connection
[peer] 01:20:25.173157 main.go:601: 16:Accepted new Connection
[peer] 01:20:25.173443 main.go:126: 16:Got block message, iteration 3
[peer] 01:20:25.173465 main.go:133: 16:Acquiring bool lock
[peer] 01:20:25.173666 main.go:126: 16:Got block message, iteration 3
[peer] 01:20:25.173686 main.go:133: 16:Acquiring bool lock
[peer] 01:20:25.180475 main.go:601: 16:Accepted new Connection
[peer] 01:20:25.185046 honest.go:79: 16Train Error is 0.05167 in Iteration 3
[peer] 01:20:25.185064 main.go:756: 16:Convergence checked
[peer] 01:20:25.185079 main.go:759: 16:Bool lock released
[peer] 01:20:25.185171 main.go:632: 16:Sending block. Iteration: 3
[peer] 01:20:25.185245 main.go:135: 16:Acquired bool lock
[peer] 01:20:25.185283 main.go:142: 16:Bool lock released
[peer] 01:20:25.185290 main.go:167: 16:Equal block
[peer] 01:20:25.185389 main.go:135: 16:Acquired bool lock
[peer] 01:20:25.185402 main.go:142: 16:Bool lock released
[peer] 01:20:25.185408 main.go:167: 16:Equal block
[peer] 01:20:25.185494 main.go:135: 16:Acquired bool lock
[peer] 01:20:25.185505 main.go:142: 16:Bool lock released
[peer] 01:20:25.185514 main.go:167: 16:Equal block
[peer] 01:20:25.185575 main.go:135: 16:Acquired bool lock
[peer] 01:20:25.185586 main.go:142: 16:Bool lock released
[peer] 01:20:25.185592 main.go:167: 16:Equal block
[peer] 01:20:25.186341 main.go:697: 16:Block sent to peer successful
[err] 01:20:25.186358 main.go:282: Error in sending block, err = Stale Update/Block
[peer] 01:20:25.186781 main.go:697: 16:Block sent to peer successful
[err] 01:20:25.186794 main.go:282: Error in sending block, err = Stale Update/Block
[peer] 01:20:25.188154 main.go:697: 16:Block sent to peer successful
[err] 01:20:25.188177 main.go:282: Error in sending block, err = Stale Update/Block
[peer] 01:20:25.188306 main.go:697: 16:Block sent to peer successful
[err] 01:20:25.188319 main.go:282: Error in sending block, err = Stale Update/Block
[peer] 01:20:25.188463 main.go:697: 16:Block sent to peer successful
[err] 01:20:25.188475 main.go:282: Error in sending block, err = Stale Update/Block
[peer] 01:20:25.189509 main.go:126: 16:Got block message, iteration 3
[peer] 01:20:25.189530 main.go:133: 16:Acquiring bool lock
[peer] 01:20:25.189536 main.go:135: 16:Acquired bool lock
[peer] 01:20:25.189542 main.go:142: 16:Bool lock released
[peer] 01:20:25.189548 main.go:167: 16:Equal block
[peer] 01:20:25.193565 main.go:697: 16:Block sent to peer successful
[err] 01:20:25.193579 main.go:282: Error in sending block, err = Stale Update/Block
[peer] 01:20:25.248134 main.go:697: 16:Block sent to peer successful
[err] 01:20:25.248148 main.go:282: Error in sending block, err = Stale Update/Block
[peer] 01:20:25.248198 main.go:601: 16:Accepted new Connection
[peer] 01:20:25.248219 main.go:601: 16:Accepted new Connection
[peer] 01:20:25.248406 main.go:126: 16:Got block message, iteration 3
[peer] 01:20:25.248423 main.go:133: 16:Acquiring bool lock
[peer] 01:20:25.248429 main.go:135: 16:Acquired bool lock
[peer] 01:20:25.248434 main.go:142: 16:Bool lock released
[peer] 01:20:25.248439 main.go:167: 16:Equal block
[peer] 01:20:25.260034 main.go:601: 16:Accepted new Connection
[peer] 01:20:25.260272 main.go:126: 16:Got block message, iteration 3
[peer] 01:20:25.260291 main.go:133: 16:Acquiring bool lock
[peer] 01:20:25.260297 main.go:135: 16:Acquired bool lock
[peer] 01:20:25.260303 main.go:142: 16:Bool lock released
[peer] 01:20:25.260309 main.go:167: 16:Equal block
[peer] 01:20:25.266357 main.go:697: 16:Block sent to peer successful
[err] 01:20:25.266371 main.go:282: Error in sending block, err = Stale Update/Block
[peer] 01:20:25.266529 main.go:697: 16:Block sent to peer successful
[err] 01:20:25.266542 main.go:282: Error in sending block, err = Stale Update/Block
[peer] 01:20:25.266560 main.go:126: 16:Got block message, iteration 3
[peer] 01:20:25.266581 main.go:133: 16:Acquiring bool lock
[peer] 01:20:25.266587 main.go:135: 16:Acquired bool lock
[peer] 01:20:25.266592 main.go:142: 16:Bool lock released
[peer] 01:20:25.266597 main.go:167: 16:Equal block
[peer] 01:20:35.186750 main.go:652: 16:RPC calls successfully returned. Iteration: 3
[peer] 01:20:35.231872 honest.go:79: 16Train Error is 0.05167 in Iteration 3
[peer] 01:20:35.231891 main.go:660: 16:Preparing for next Iteration. Current Iteration: 3
[peer] 01:20:35.231899 main.go:556: 16:Acquiring bool lock
[peer] 01:20:35.231906 main.go:558: 16:Acquired bool lock
[peer] 01:20:35.233253 main.go:577: 16:I am not verifier IterationCount:4
[peer] 01:20:35.233266 main.go:582: 16:Bool lock released
[peer] 01:20:35.322832 main.go:790: 16:Computing Update
[peer] 01:20:35.323309 main.go:255: 16 : VRF returned ID map[13:{}]
[peer] 01:20:35.323331 main.go:264: 16 :Verifiers [198.162.52.57:8013] returned.
[peer] 01:20:35.323538 main.go:835: 16:Making RPC Call to Verifier. Sending Update, Iteration:4
[peer] 01:20:35.324073 main.go:842: 16:Update sent successfully
[peer] 01:20:50.105408 main.go:601: 16:Accepted new Connection
[peer] 01:20:50.106655 main.go:126: 16:Got block message, iteration 4
[peer] 01:20:50.106713 main.go:133: 16:Acquiring bool lock
[peer] 01:20:50.106732 main.go:135: 16:Acquired bool lock
[peer] 01:20:50.106837 main.go:175: 16:Sending to channel
[peer] 01:20:50.106893 main.go:181: 16:Sent to channel
[peer] 01:20:50.106921 main.go:183: 16:Returning
[peer] 01:20:50.107072 main.go:916: 16:Block Received. Appending to chain and moving on to the next iteration..
[peer] 01:20:50.107242 main.go:743: 16:Adding block to chain
[peer] 01:20:50.107303 main.go:747: 16:Adding block to chain
[peer] 01:20:50.107319 main.go:753: 16:Checking convergence
[peer] 01:20:50.112308 main.go:601: 16:Accepted new Connection
[peer] 01:20:50.116961 main.go:126: 16:Got block message, iteration 4
[peer] 01:20:50.117005 main.go:133: 16:Acquiring bool lock
[peer] 01:20:50.117073 main.go:601: 16:Accepted new Connection
[peer] 01:20:50.123490 main.go:126: 16:Got block message, iteration 4
[peer] 01:20:50.123529 main.go:133: 16:Acquiring bool lock
[peer] 01:20:50.208193 main.go:601: 16:Accepted new Connection
[peer] 01:20:50.319232 main.go:601: 16:Accepted new Connection
[peer] 01:20:50.319482 main.go:126: 16:Got block message, iteration 4
[peer] 01:20:50.319493 main.go:133: 16:Acquiring bool lock
[peer] 01:20:50.321802 honest.go:79: 16Train Error is 0.04086 in Iteration 4
[peer] 01:20:50.321819 main.go:756: 16:Convergence checked
[peer] 01:20:50.321848 main.go:759: 16:Bool lock released
[peer] 01:20:50.321879 main.go:632: 16:Sending block. Iteration: 4
[peer] 01:20:50.321906 main.go:135: 16:Acquired bool lock
[peer] 01:20:50.321929 main.go:142: 16:Bool lock released
[peer] 01:20:50.321939 main.go:167: 16:Equal block
[peer] 01:20:50.322036 main.go:135: 16:Acquired bool lock
[peer] 01:20:50.322051 main.go:142: 16:Bool lock released
[peer] 01:20:50.322058 main.go:167: 16:Equal block
[peer] 01:20:50.322053 main.go:126: 16:Got block message, iteration 4
[peer] 01:20:50.322080 main.go:133: 16:Acquiring bool lock
[peer] 01:20:50.322087 main.go:135: 16:Acquired bool lock
[peer] 01:20:50.322093 main.go:142: 16:Bool lock released
[peer] 01:20:50.322100 main.go:167: 16:Equal block
[peer] 01:20:50.322927 main.go:135: 16:Acquired bool lock
[peer] 01:20:50.322940 main.go:142: 16:Bool lock released
[peer] 01:20:50.322946 main.go:167: 16:Equal block
[peer] 01:20:50.323156 main.go:697: 16:Block sent to peer successful
[err] 01:20:50.323169 main.go:282: Error in sending block, err = Stale Update/Block
[peer] 01:20:50.323712 main.go:697: 16:Block sent to peer successful
[err] 01:20:50.323726 main.go:282: Error in sending block, err = Stale Update/Block
[peer] 01:20:50.324046 main.go:697: 16:Block sent to peer successful
[err] 01:20:50.324060 main.go:282: Error in sending block, err = Stale Update/Block
[peer] 01:20:50.324378 main.go:697: 16:Block sent to peer successful
[err] 01:20:50.324398 main.go:282: Error in sending block, err = Stale Update/Block
[peer] 01:20:50.324549 main.go:697: 16:Block sent to peer successful
[err] 01:20:50.324567 main.go:282: Error in sending block, err = Stale Update/Block
[peer] 01:20:50.325028 main.go:601: 16:Accepted new Connection
[peer] 01:20:50.325340 main.go:697: 16:Block sent to peer successful
[err] 01:20:50.325353 main.go:282: Error in sending block, err = Stale Update/Block
[peer] 01:20:50.326794 main.go:126: 16:Got block message, iteration 4
[peer] 01:20:50.326812 main.go:133: 16:Acquiring bool lock
[peer] 01:20:50.326818 main.go:135: 16:Acquired bool lock
[peer] 01:20:50.326823 main.go:142: 16:Bool lock released
[peer] 01:20:50.326829 main.go:167: 16:Equal block
[peer] 01:20:50.391398 main.go:697: 16:Block sent to peer successful
[err] 01:20:50.391412 main.go:282: Error in sending block, err = Stale Update/Block
[peer] 01:20:50.391428 main.go:601: 16:Accepted new Connection
[peer] 01:20:50.391636 main.go:126: 16:Got block message, iteration 4
[peer] 01:20:50.391654 main.go:133: 16:Acquiring bool lock
[peer] 01:20:50.391660 main.go:135: 16:Acquired bool lock
[peer] 01:20:50.391665 main.go:142: 16:Bool lock released
[peer] 01:20:50.391670 main.go:167: 16:Equal block
[peer] 01:20:50.413434 main.go:601: 16:Accepted new Connection
[peer] 01:20:50.413613 main.go:697: 16:Block sent to peer successful
[err] 01:20:50.413626 main.go:282: Error in sending block, err = Stale Update/Block
[peer] 01:20:50.414454 main.go:126: 16:Got block message, iteration 4
[peer] 01:20:50.414474 main.go:133: 16:Acquiring bool lock
[peer] 01:20:50.414480 main.go:135: 16:Acquired bool lock
[peer] 01:20:50.414486 main.go:142: 16:Bool lock released
[peer] 01:20:50.414493 main.go:167: 16:Equal block
[peer] 01:20:50.486092 main.go:601: 16:Accepted new Connection
[peer] 01:20:50.486334 main.go:126: 16:Got block message, iteration 4
[peer] 01:20:50.486354 main.go:133: 16:Acquiring bool lock
[peer] 01:20:50.486361 main.go:135: 16:Acquired bool lock
[peer] 01:20:50.486375 main.go:142: 16:Bool lock released
[peer] 01:20:50.486381 main.go:167: 16:Equal block
[peer] 01:20:50.512956 main.go:697: 16:Block sent to peer successful
[err] 01:20:50.512971 main.go:282: Error in sending block, err = Stale Update/Block
[peer] 01:20:50.513010 main.go:652: 16:RPC calls successfully returned. Iteration: 4
[peer] 01:20:50.589859 honest.go:79: 16Train Error is 0.04086 in Iteration 4
[peer] 01:20:50.589873 main.go:660: 16:Preparing for next Iteration. Current Iteration: 4
