[peer] 22:01:45.247242 honest.go:107: 8Importing modules...
../ML/code/utils.py:223: FutureWarning: Method .as_matrix will be removed in a future version. Use .values instead.
  data = data.as_matrix()
../ML/code/utils.py:94: FutureWarning: Method .as_matrix will be removed in a future version. Use .values instead.
  credit = df.ix[1:nn, 1:dd].as_matrix()
[peer] 22:01:52.350626 honest.go:122: 8Sucessfully pulled dataset. Features: 25
[peer] 22:01:52.350859 main.go:487: 8:Announcing myself to network
[peer] 22:01:52.350905 main.go:492: 8:Calling {198.162.52.126 %!s(int=8000) }
[peer] 22:01:52.350915 main.go:511: 8:Inside callRegisterRPC
[peer] 22:01:52.350923 main.go:516: 8Making RPC call
[peer] 22:01:52.350932 main.go:629: 8:Peer started. Receiving on 8008
[peer] 22:01:52.351045 main.go:522: 8RPC dial successful
[peer] 22:01:52.351058 main.go:525: 8:Calling RPC:198.162.52.126:8000
[peer] 22:01:52.351067 main.go:527: 8:RPC called198.162.52.126:8000
[peer] 22:01:52.351617 main.go:534: 8:Announced myself to a fellow peer at port. Got lastest chain
[peer] 22:01:52.351632 main.go:541: Chain length received:2
[peer] 22:01:52.351642 main.go:542: My chain length:1
[peer] 22:01:52.351651 honest.go:340: Received chain length:2
[peer] 22:01:52.351659 honest.go:341: Appended chain length:2
[peer] 22:01:52.351668 main.go:555: 8Got lastest chain until iteration 0
[peer] 22:01:52.351710 main.go:492: 8:Calling {198.162.52.126 %!s(int=8001) }
[peer] 22:01:52.351720 main.go:511: 8:Inside callRegisterRPC
[peer] 22:01:52.351730 main.go:516: 8Making RPC call
[peer] 22:01:52.351816 main.go:522: 8RPC dial successful
[peer] 22:01:52.351832 main.go:525: 8:Calling RPC:198.162.52.126:8001
[peer] 22:01:52.351843 main.go:527: 8:RPC called198.162.52.126:8001
[peer] 22:01:52.352203 main.go:534: 8:Announced myself to a fellow peer at port. Got lastest chain
[peer] 22:01:52.352214 main.go:541: Chain length received:2
[peer] 22:01:52.352220 main.go:542: My chain length:2
[peer] 22:01:52.352246 main.go:492: 8:Calling {198.162.52.126 %!s(int=8002) }
[peer] 22:01:52.352256 main.go:511: 8:Inside callRegisterRPC
[peer] 22:01:52.352262 main.go:516: 8Making RPC call
[err] 22:01:52.352306 main.go:302: Peer offline.Couldn't connect to peer: 198.162.52.126:8002, err = dial tcp 198.162.52.126:8002: connect: connection refused
[peer] 22:01:52.352323 main.go:492: 8:Calling {198.162.52.126 %!s(int=8003) }
[peer] 22:01:52.352332 main.go:511: 8:Inside callRegisterRPC
[peer] 22:01:52.352340 main.go:516: 8Making RPC call
[peer] 22:01:52.352405 main.go:522: 8RPC dial successful
[peer] 22:01:52.352418 main.go:525: 8:Calling RPC:198.162.52.126:8003
[peer] 22:01:52.352428 main.go:527: 8:RPC called198.162.52.126:8003
[peer] 22:01:52.352880 main.go:534: 8:Announced myself to a fellow peer at port. Got lastest chain
[peer] 22:01:52.352898 main.go:541: Chain length received:2
[peer] 22:01:52.352904 main.go:542: My chain length:2
[peer] 22:01:52.352941 main.go:492: 8:Calling {198.162.52.126 %!s(int=8004) }
[peer] 22:01:52.352950 main.go:511: 8:Inside callRegisterRPC
[peer] 22:01:52.352957 main.go:516: 8Making RPC call
[peer] 22:01:52.353014 main.go:522: 8RPC dial successful
[peer] 22:01:52.353028 main.go:525: 8:Calling RPC:198.162.52.126:8004
[peer] 22:01:52.353039 main.go:527: 8:RPC called198.162.52.126:8004
[peer] 22:01:52.353435 main.go:534: 8:Announced myself to a fellow peer at port. Got lastest chain
[peer] 22:01:52.353471 main.go:541: Chain length received:2
[peer] 22:01:52.353481 main.go:542: My chain length:2
[peer] 22:01:52.353517 main.go:492: 8:Calling {198.162.52.126 %!s(int=8005) }
[peer] 22:01:52.353526 main.go:511: 8:Inside callRegisterRPC
[peer] 22:01:52.353534 main.go:516: 8Making RPC call
[err] 22:01:52.353585 main.go:302: Peer offline.Couldn't connect to peer: 198.162.52.126:8005, err = dial tcp 198.162.52.126:8005: connect: connection refused
[peer] 22:01:52.353599 main.go:492: 8:Calling {198.162.52.126 %!s(int=8006) }
[peer] 22:01:52.353604 main.go:511: 8:Inside callRegisterRPC
[peer] 22:01:52.353608 main.go:516: 8Making RPC call
[peer] 22:01:52.353659 main.go:522: 8RPC dial successful
[peer] 22:01:52.353678 main.go:525: 8:Calling RPC:198.162.52.126:8006
[peer] 22:01:52.353683 main.go:527: 8:RPC called198.162.52.126:8006
[peer] 22:01:52.354140 main.go:534: 8:Announced myself to a fellow peer at port. Got lastest chain
[peer] 22:01:52.354152 main.go:541: Chain length received:2
[peer] 22:01:52.354157 main.go:542: My chain length:2
[peer] 22:01:52.354187 main.go:492: 8:Calling {198.162.52.126 %!s(int=8007) }
[peer] 22:01:52.354194 main.go:511: 8:Inside callRegisterRPC
[peer] 22:01:52.354199 main.go:516: 8Making RPC call
[peer] 22:01:52.354253 main.go:522: 8RPC dial successful
[peer] 22:01:52.354264 main.go:525: 8:Calling RPC:198.162.52.126:8007
[peer] 22:01:52.354270 main.go:527: 8:RPC called198.162.52.126:8007
[peer] 22:01:52.354629 main.go:534: 8:Announced myself to a fellow peer at port. Got lastest chain
[peer] 22:01:52.354641 main.go:541: Chain length received:2
[peer] 22:01:52.354646 main.go:542: My chain length:2
[peer] 22:01:52.354671 main.go:492: 8:Calling {198.162.52.126 %!s(int=8009) }
[peer] 22:01:52.354679 main.go:511: 8:Inside callRegisterRPC
[peer] 22:01:52.354685 main.go:516: 8Making RPC call
[peer] 22:01:52.354739 main.go:522: 8RPC dial successful
[peer] 22:01:52.354751 main.go:525: 8:Calling RPC:198.162.52.126:8009
[peer] 22:01:52.354757 main.go:527: 8:RPC called198.162.52.126:8009
[peer] 22:01:52.355066 main.go:534: 8:Announced myself to a fellow peer at port. Got lastest chain
[peer] 22:01:52.355077 main.go:541: Chain length received:2
[peer] 22:01:52.355082 main.go:542: My chain length:2
[peer] 22:01:52.355115 main.go:492: 8:Calling {198.162.52.57 %!s(int=8010) }
[peer] 22:01:52.355123 main.go:511: 8:Inside callRegisterRPC
[peer] 22:01:52.355127 main.go:516: 8Making RPC call
[err] 22:01:52.355665 main.go:302: Peer offline.Couldn't connect to peer: 198.162.52.57:8010, err = dial tcp 198.162.52.57:8010: connect: connection refused
[peer] 22:01:52.355677 main.go:492: 8:Calling {198.162.52.57 %!s(int=8011) }
[peer] 22:01:52.355683 main.go:511: 8:Inside callRegisterRPC
[peer] 22:01:52.355687 main.go:516: 8Making RPC call
[err] 22:01:52.355965 main.go:302: Peer offline.Couldn't connect to peer: 198.162.52.57:8011, err = dial tcp 198.162.52.57:8011: connect: connection refused
[peer] 22:01:52.355975 main.go:492: 8:Calling {198.162.52.57 %!s(int=8012) }
[peer] 22:01:52.355980 main.go:511: 8:Inside callRegisterRPC
[peer] 22:01:52.355984 main.go:516: 8Making RPC call
[err] 22:01:52.356255 main.go:302: Peer offline.Couldn't connect to peer: 198.162.52.57:8012, err = dial tcp 198.162.52.57:8012: connect: connection refused
[peer] 22:01:52.356266 main.go:492: 8:Calling {198.162.52.57 %!s(int=8013) }
[peer] 22:01:52.356270 main.go:511: 8:Inside callRegisterRPC
[peer] 22:01:52.356275 main.go:516: 8Making RPC call
[err] 22:01:52.356546 main.go:302: Peer offline.Couldn't connect to peer: 198.162.52.57:8013, err = dial tcp 198.162.52.57:8013: connect: connection refused
[peer] 22:01:52.356556 main.go:492: 8:Calling {198.162.52.57 %!s(int=8014) }
[peer] 22:01:52.356561 main.go:511: 8:Inside callRegisterRPC
[peer] 22:01:52.356565 main.go:516: 8Making RPC call
[err] 22:01:52.356874 main.go:302: Peer offline.Couldn't connect to peer: 198.162.52.57:8014, err = dial tcp 198.162.52.57:8014: connect: connection refused
[peer] 22:01:52.356894 main.go:492: 8:Calling {198.162.52.57 %!s(int=8015) }
[peer] 22:01:52.356903 main.go:511: 8:Inside callRegisterRPC
[peer] 22:01:52.356909 main.go:516: 8Making RPC call
[err] 22:01:52.357471 main.go:302: Peer offline.Couldn't connect to peer: 198.162.52.57:8015, err = dial tcp 198.162.52.57:8015: connect: connection refused
[peer] 22:01:52.357486 main.go:492: 8:Calling {198.162.52.57 %!s(int=8016) }
[peer] 22:01:52.357493 main.go:511: 8:Inside callRegisterRPC
[peer] 22:01:52.357500 main.go:516: 8Making RPC call
[err] 22:01:52.357815 main.go:302: Peer offline.Couldn't connect to peer: 198.162.52.57:8016, err = dial tcp 198.162.52.57:8016: connect: connection refused
[peer] 22:01:52.357835 main.go:492: 8:Calling {198.162.52.57 %!s(int=8017) }
[peer] 22:01:52.357844 main.go:511: 8:Inside callRegisterRPC
[peer] 22:01:52.357858 main.go:516: 8Making RPC call
[err] 22:01:52.358160 main.go:302: Peer offline.Couldn't connect to peer: 198.162.52.57:8017, err = dial tcp 198.162.52.57:8017: connect: connection refused
[peer] 22:01:52.358173 main.go:492: 8:Calling {198.162.52.57 %!s(int=8018) }
[peer] 22:01:52.358181 main.go:511: 8:Inside callRegisterRPC
[peer] 22:01:52.358188 main.go:516: 8Making RPC call
[err] 22:01:52.358468 main.go:302: Peer offline.Couldn't connect to peer: 198.162.52.57:8018, err = dial tcp 198.162.52.57:8018: connect: connection refused
[peer] 22:01:52.358478 main.go:492: 8:Calling {198.162.52.57 %!s(int=8019) }
[peer] 22:01:52.358483 main.go:511: 8:Inside callRegisterRPC
[peer] 22:01:52.358487 main.go:516: 8Making RPC call
[err] 22:01:52.358759 main.go:302: Peer offline.Couldn't connect to peer: 198.162.52.57:8019, err = dial tcp 198.162.52.57:8019: connect: connection refused
[peer] 22:01:52.358767 main.go:502: 8:Bootstrapped Network. Calling signal
[peer] 22:01:52.358775 main.go:504: 8:Bootstrapped Network. Signal called
[peer] 22:01:52.358783 main.go:588: 8:Acquiring bool lock
[peer] 22:01:52.358793 main.go:590: 8:Acquired bool lock
[peer] 22:01:52.359768 main.go:609: 8:I am not verifier IterationCount:1
[peer] 22:01:52.359782 main.go:614: 8:Bool lock released
[peer] 22:01:52.359791 main.go:824: 8:Computing Update
[peer] 22:01:52.360263 main.go:270: 8 : VRF returned ID map[0:{}]
[peer] 22:01:52.360283 main.go:280: 8 :Verifiers [198.162.52.126:8000] returned.
[peer] 22:01:52.360408 main.go:869: 8:Making RPC Call to Verifier. Sending Update, Iteration:1
[peer] 22:01:52.378208 main.go:876: 8:Update sent successfully
[peer] 22:01:52.511167 main.go:633: 8:Accepted new Connection
[peer] 22:01:52.511379 main.go:213: 8:Registering peer:198.162.52.126:8002
[peer] 22:01:52.511389 main.go:223: Advertising chain to peer with length 2
[peer] 22:01:52.546070 main.go:633: 8:Accepted new Connection
[peer] 22:01:52.546344 main.go:213: 8:Registering peer:198.162.52.126:8005
[peer] 22:01:52.546360 main.go:223: Advertising chain to peer with length 2
[peer] 22:02:06.845757 main.go:633: 8:Accepted new Connection
[peer] 22:02:06.846486 main.go:130: 8:Got block message, iteration 1
[peer] 22:02:06.846534 main.go:137: 8:Acquiring bool lock
[peer] 22:02:06.846553 main.go:139: 8:Acquired bool lock
[peer] 22:02:06.846570 main.go:140: Chain Length:2
[peer] 22:02:06.846587 blockchain.go:71: Returning nil
[peer] 22:02:06.846603 main.go:142: Chain Length:2
[peer] 22:02:06.846616 main.go:187: 8:Sending to channel
[peer] 22:02:06.846628 main.go:193: 8:Sent to channel
[peer] 22:02:06.846641 main.go:195: 8:Returning
[peer] 22:02:06.846768 main.go:777: 8:Adding block to chain
[peer] 22:02:06.846790 honest.go:222: Trying to append block with iteration:1
[peer] 22:02:06.846800 blockchain.go:71: Returning nil
[peer] 22:02:06.846816 honest.go:238: Append successful
[peer] 22:02:06.846827 main.go:781: 8:Adding block to chain
[peer] 22:02:06.846836 main.go:787: 8:Checking convergence
[peer] 22:02:06.849199 main.go:955: 8:Block Received. Appending to chain and moving on to the next iteration. 1
[peer] 22:02:06.855735 honest.go:81: 8Train Error is 0.06105 in Iteration 1
[peer] 22:02:06.855771 main.go:790: 8:Convergence checked
[peer] 22:02:06.855786 main.go:793: 8:Bool lock released
[peer] 22:02:06.855941 main.go:664: 8:Sending block. Iteration: 1
[peer] 22:02:06.858754 main.go:633: 8:Accepted new Connection
[peer] 22:02:06.859124 main.go:130: 8:Got block message, iteration 1
[peer] 22:02:06.859163 main.go:137: 8:Acquiring bool lock
[peer] 22:02:06.859176 main.go:139: 8:Acquired bool lock
[peer] 22:02:06.859189 main.go:140: Chain Length:3
[peer] 22:02:06.859202 blockchain.go:68: Returning a block
[peer] 22:02:06.859217 main.go:142: Chain Length:3
[peer] 22:02:06.859230 main.go:147: Already have block
[peer] 22:02:06.859245 main.go:152: 8:Bool lock released
[peer] 22:02:06.859257 blockchain.go:68: Returning a block
[peer] 22:02:06.859270 blockchain.go:68: Returning a block
[peer] 22:02:06.859282 main.go:179: 8:Equal block
[peer] 22:02:06.860295 main.go:729: 8:Block sent to peer successful
[err] 22:02:06.860366 main.go:302: Error in sending block, err = Stale Update/Block
[peer] 22:02:06.865730 main.go:729: 8:Block sent to peer successful
[err] 22:02:06.865992 main.go:302: Error in sending block, err = Stale Update/Block
[peer] 22:02:06.866132 main.go:633: 8:Accepted new Connection
[peer] 22:02:06.869411 main.go:130: 8:Got block message, iteration 1
[peer] 22:02:06.869460 main.go:137: 8:Acquiring bool lock
[peer] 22:02:06.869475 main.go:139: 8:Acquired bool lock
[peer] 22:02:06.869487 main.go:140: Chain Length:3
[peer] 22:02:06.869497 blockchain.go:68: Returning a block
[peer] 22:02:06.869509 main.go:142: Chain Length:3
[peer] 22:02:06.869519 main.go:147: Already have block
[peer] 22:02:06.869531 main.go:152: 8:Bool lock released
[peer] 22:02:06.869542 blockchain.go:68: Returning a block
[peer] 22:02:06.869555 blockchain.go:68: Returning a block
[peer] 22:02:06.869566 main.go:179: 8:Equal block
[peer] 22:02:06.891104 main.go:729: 8:Block sent to peer successful
[err] 22:02:06.892901 main.go:302: Error in sending block, err = Stale Update/Block
[peer] 22:02:06.893288 main.go:729: 8:Block sent to peer successful
[err] 22:02:06.894021 main.go:302: Error in sending block, err = Stale Update/Block
[peer] 22:02:06.894484 main.go:729: 8:Block sent to peer successful
[err] 22:02:06.894507 main.go:302: Error in sending block, err = Stale Update/Block
[peer] 22:02:06.894671 main.go:729: 8:Block sent to peer successful
[err] 22:02:06.894688 main.go:302: Error in sending block, err = Stale Update/Block
[peer] 22:02:06.894842 main.go:729: 8:Block sent to peer successful
[err] 22:02:06.894862 main.go:302: Error in sending block, err = Stale Update/Block
[peer] 22:02:06.894921 main.go:633: 8:Accepted new Connection
[peer] 22:02:06.894950 main.go:633: 8:Accepted new Connection
[peer] 22:02:06.894974 main.go:633: 8:Accepted new Connection
[peer] 22:02:06.894998 main.go:633: 8:Accepted new Connection
[peer] 22:02:06.895021 main.go:633: 8:Accepted new Connection
[peer] 22:02:06.895302 main.go:130: 8:Got block message, iteration 1
[peer] 22:02:06.895334 main.go:137: 8:Acquiring bool lock
[peer] 22:02:06.895346 main.go:139: 8:Acquired bool lock
[peer] 22:02:06.895357 main.go:140: Chain Length:3
[peer] 22:02:06.895368 blockchain.go:68: Returning a block
[peer] 22:02:06.895379 main.go:142: Chain Length:3
[peer] 22:02:06.895389 main.go:147: Already have block
[peer] 22:02:06.895402 main.go:152: 8:Bool lock released
[peer] 22:02:06.895413 blockchain.go:68: Returning a block
[peer] 22:02:06.895426 blockchain.go:68: Returning a block
[peer] 22:02:06.895438 main.go:179: 8:Equal block
[peer] 22:02:06.895789 main.go:130: 8:Got block message, iteration 1
[peer] 22:02:06.895821 main.go:137: 8:Acquiring bool lock
[peer] 22:02:06.895832 main.go:139: 8:Acquired bool lock
[peer] 22:02:06.895843 main.go:140: Chain Length:3
[peer] 22:02:06.895853 blockchain.go:68: Returning a block
[peer] 22:02:06.895864 main.go:142: Chain Length:3
[peer] 22:02:06.895875 main.go:147: Already have block
[peer] 22:02:06.895887 main.go:152: 8:Bool lock released
[peer] 22:02:06.895898 blockchain.go:68: Returning a block
[peer] 22:02:06.895908 blockchain.go:68: Returning a block
[peer] 22:02:06.895919 main.go:179: 8:Equal block
[peer] 22:02:06.896224 main.go:130: 8:Got block message, iteration 1
[peer] 22:02:06.896255 main.go:137: 8:Acquiring bool lock
[peer] 22:02:06.896266 main.go:139: 8:Acquired bool lock
[peer] 22:02:06.896276 main.go:140: Chain Length:3
[peer] 22:02:06.896287 blockchain.go:68: Returning a block
[peer] 22:02:06.896298 main.go:142: Chain Length:3
[peer] 22:02:06.896308 main.go:147: Already have block
[peer] 22:02:06.896320 main.go:152: 8:Bool lock released
[peer] 22:02:06.896331 blockchain.go:68: Returning a block
[peer] 22:02:06.896341 blockchain.go:68: Returning a block
[peer] 22:02:06.896352 main.go:179: 8:Equal block
[peer] 22:02:06.896655 main.go:130: 8:Got block message, iteration 1
[peer] 22:02:06.896683 main.go:137: 8:Acquiring bool lock
[peer] 22:02:06.896694 main.go:139: 8:Acquired bool lock
[peer] 22:02:06.896720 main.go:140: Chain Length:3
[peer] 22:02:06.896731 blockchain.go:68: Returning a block
[peer] 22:02:06.896742 main.go:142: Chain Length:3
[peer] 22:02:06.896752 main.go:147: Already have block
[peer] 22:02:06.896763 main.go:152: 8:Bool lock released
[peer] 22:02:06.896774 blockchain.go:68: Returning a block
[peer] 22:02:06.896784 blockchain.go:68: Returning a block
[peer] 22:02:06.896794 main.go:179: 8:Equal block
[peer] 22:02:06.897091 main.go:130: 8:Got block message, iteration 1
[peer] 22:02:06.897121 main.go:137: 8:Acquiring bool lock
[peer] 22:02:06.897132 main.go:139: 8:Acquired bool lock
[peer] 22:02:06.897141 main.go:140: Chain Length:3
[peer] 22:02:06.897151 blockchain.go:68: Returning a block
[peer] 22:02:06.897161 main.go:142: Chain Length:3
[peer] 22:02:06.897171 main.go:147: Already have block
[peer] 22:02:06.897182 main.go:152: 8:Bool lock released
[peer] 22:02:06.897193 blockchain.go:68: Returning a block
[peer] 22:02:06.897203 blockchain.go:68: Returning a block
[peer] 22:02:06.897212 main.go:179: 8:Equal block
[peer] 22:02:06.925032 main.go:633: 8:Accepted new Connection
[peer] 22:02:06.925167 main.go:729: 8:Block sent to peer successful
[err] 22:02:06.925186 main.go:302: Error in sending block, err = Stale Update/Block
[peer] 22:02:06.925331 main.go:130: 8:Got block message, iteration 1
[peer] 22:02:06.925361 main.go:137: 8:Acquiring bool lock
[peer] 22:02:06.925372 main.go:139: 8:Acquired bool lock
[peer] 22:02:06.925383 main.go:140: Chain Length:3
[peer] 22:02:06.925393 blockchain.go:68: Returning a block
[peer] 22:02:06.925403 main.go:142: Chain Length:3
[peer] 22:02:06.925413 main.go:147: Already have block
[peer] 22:02:06.925424 main.go:152: 8:Bool lock released
[peer] 22:02:06.925434 blockchain.go:68: Returning a block
[peer] 22:02:06.925454 blockchain.go:68: Returning a block
[peer] 22:02:06.925465 main.go:179: 8:Equal block
[peer] 22:02:06.963847 main.go:729: 8:Block sent to peer successful
[err] 22:02:06.963871 main.go:302: Error in sending block, err = Stale Update/Block
[peer] 22:02:06.963949 main.go:684: 8:RPC calls successfully returned. Iteration: 1
[peer] 22:02:06.978250 main.go:633: 8:Accepted new Connection
[peer] 22:02:06.978484 main.go:130: 8:Got block message, iteration 2
[peer] 22:02:06.978508 main.go:137: 8:Acquiring bool lock
[peer] 22:02:06.978517 main.go:139: 8:Acquired bool lock
[peer] 22:02:06.978524 main.go:140: Chain Length:3
[peer] 22:02:06.978532 blockchain.go:71: Returning nil
[peer] 22:02:06.978541 main.go:142: Chain Length:3
[peer] 22:02:06.978549 main.go:187: 8:Sending to channel
[peer] 22:02:06.978558 main.go:193: 8:Sent to channel
[peer] 22:02:06.978569 main.go:195: 8:Returning
[peer] 22:02:06.978644 main.go:768: 8:Blocking. Got block for 2, I am at 1
[peer] 22:02:06.990405 main.go:633: 8:Accepted new Connection
[peer] 22:02:06.991414 main.go:130: 8:Got block message, iteration 2
[peer] 22:02:06.991435 main.go:137: 8:Acquiring bool lock
[peer] 22:02:06.991445 main.go:139: 8:Acquired bool lock
[peer] 22:02:06.991454 main.go:140: Chain Length:3
[peer] 22:02:06.991463 blockchain.go:71: Returning nil
[peer] 22:02:06.991472 main.go:142: Chain Length:3
[peer] 22:02:06.991482 main.go:187: 8:Sending to channel
[peer] 22:02:06.991491 main.go:193: 8:Sent to channel
[peer] 22:02:06.991502 main.go:195: 8:Returning
[peer] 22:02:06.991595 main.go:768: 8:Blocking. Got block for 2, I am at 1
[peer] 22:02:06.996325 honest.go:81: 8Train Error is 0.06105 in Iteration 1
[peer] 22:02:06.996353 main.go:692: 8:Preparing for next Iteration. Current Iteration: 1
[peer] 22:02:06.996362 main.go:588: 8:Acquiring bool lock
[peer] 22:02:06.996369 main.go:590: 8:Acquired bool lock
[peer] 22:02:06.998032 main.go:609: 8:I am not verifier IterationCount:2
[peer] 22:02:06.998055 main.go:614: 8:Bool lock released
[peer] 22:02:06.998078 main.go:824: 8:Computing Update
[peer] 22:02:06.998513 main.go:270: 8 : VRF returned ID map[15:{}]
[peer] 22:02:06.998538 main.go:280: 8 :Verifiers [198.162.52.57:8015] returned.
[err] 22:02:06.999114 main.go:302: Unable to connect to verifier, err = dial tcp 198.162.52.57:8015: connect: connection refused
[peer] 22:02:06.999143 main.go:896: 8:Will try and create an empty block
[peer] 22:02:06.999151 blockchain.go:71: Returning nil
[peer] 22:02:06.999231 main.go:903: 8:Will try and create an empty block
[peer] 22:02:06.999269 main.go:664: 8:Sending block. Iteration: 2
[peer] 22:02:07.001250 main.go:729: 8:Block sent to peer successful
[peer] 22:02:07.001420 main.go:729: 8:Block sent to peer successful
[peer] 22:02:07.001623 main.go:729: 8:Block sent to peer successful
[peer] 22:02:07.001742 main.go:729: 8:Block sent to peer successful
[err] 22:02:07.001756 main.go:302: Error in sending block, err = Stale Update/Block
[peer] 22:02:07.003140 main.go:729: 8:Block sent to peer successful
[err] 22:02:07.003156 main.go:302: Error in sending block, err = Stale Update/Block
[peer] 22:02:07.003326 main.go:729: 8:Block sent to peer successful
[peer] 22:02:07.003497 main.go:729: 8:Block sent to peer successful
[peer] 22:02:07.021838 main.go:729: 8:Block sent to peer successful
[peer] 22:02:07.027649 main.go:633: 8:Accepted new Connection
[peer] 22:02:07.028156 main.go:130: 8:Got block message, iteration 2
[peer] 22:02:07.028179 main.go:137: 8:Acquiring bool lock
[peer] 22:02:07.028186 main.go:139: 8:Acquired bool lock
[peer] 22:02:07.028194 main.go:140: Chain Length:4
[peer] 22:02:07.028200 blockchain.go:68: Returning a block
[peer] 22:02:07.028208 main.go:142: Chain Length:4
[peer] 22:02:07.028214 main.go:147: Already have block
[peer] 22:02:07.028222 main.go:152: 8:Bool lock released
[peer] 22:02:07.028229 blockchain.go:68: Returning a block
[peer] 22:02:07.028236 blockchain.go:68: Returning a block
[peer] 22:02:07.028243 main.go:179: 8:Equal block
[peer] 22:02:07.029295 main.go:633: 8:Accepted new Connection
[peer] 22:02:07.031141 main.go:130: 8:Got block message, iteration 2
[peer] 22:02:07.031165 main.go:137: 8:Acquiring bool lock
[peer] 22:02:07.031171 main.go:139: 8:Acquired bool lock
[peer] 22:02:07.031178 main.go:140: Chain Length:4
[peer] 22:02:07.031184 blockchain.go:68: Returning a block
[peer] 22:02:07.031191 main.go:142: Chain Length:4
[peer] 22:02:07.031199 main.go:147: Already have block
[peer] 22:02:07.031207 main.go:152: 8:Bool lock released
[peer] 22:02:07.031214 blockchain.go:68: Returning a block
[peer] 22:02:07.031221 blockchain.go:68: Returning a block
[peer] 22:02:07.031227 main.go:179: 8:Equal block
[peer] 22:02:07.033114 main.go:633: 8:Accepted new Connection
[peer] 22:02:07.034361 main.go:130: 8:Got block message, iteration 2
[peer] 22:02:07.034386 main.go:137: 8:Acquiring bool lock
[peer] 22:02:07.034393 main.go:139: 8:Acquired bool lock
[peer] 22:02:07.034400 main.go:140: Chain Length:4
[peer] 22:02:07.034407 blockchain.go:68: Returning a block
[peer] 22:02:07.034414 main.go:142: Chain Length:4
[peer] 22:02:07.034420 main.go:147: Already have block
[peer] 22:02:07.034428 main.go:152: 8:Bool lock released
[peer] 22:02:07.034435 blockchain.go:68: Returning a block
[peer] 22:02:07.034442 blockchain.go:68: Returning a block
[peer] 22:02:07.034449 main.go:179: 8:Equal block
[peer] 22:02:07.038222 main.go:633: 8:Accepted new Connection
[peer] 22:02:07.039086 main.go:130: 8:Got block message, iteration 2
[peer] 22:02:07.039107 main.go:137: 8:Acquiring bool lock
[peer] 22:02:07.039114 main.go:139: 8:Acquired bool lock
[peer] 22:02:07.039120 main.go:140: Chain Length:4
[peer] 22:02:07.039127 blockchain.go:68: Returning a block
[peer] 22:02:07.039134 main.go:142: Chain Length:4
[peer] 22:02:07.039140 main.go:147: Already have block
[peer] 22:02:07.039148 main.go:152: 8:Bool lock released
[peer] 22:02:07.039155 blockchain.go:68: Returning a block
[peer] 22:02:07.039162 blockchain.go:68: Returning a block
[peer] 22:02:07.039168 main.go:179: 8:Equal block
[peer] 22:02:07.041990 main.go:633: 8:Accepted new Connection
[peer] 22:02:07.042012 main.go:633: 8:Accepted new Connection
[peer] 22:02:07.042172 main.go:130: 8:Got block message, iteration 2
[peer] 22:02:07.042193 main.go:137: 8:Acquiring bool lock
[peer] 22:02:07.042201 main.go:139: 8:Acquired bool lock
[peer] 22:02:07.042216 main.go:140: Chain Length:4
[peer] 22:02:07.042222 blockchain.go:68: Returning a block
[peer] 22:02:07.042229 main.go:142: Chain Length:4
[peer] 22:02:07.042236 main.go:147: Already have block
[peer] 22:02:07.042243 main.go:152: 8:Bool lock released
[peer] 22:02:07.042250 blockchain.go:68: Returning a block
[peer] 22:02:07.042256 blockchain.go:68: Returning a block
[peer] 22:02:07.042263 main.go:179: 8:Equal block
[peer] 22:02:07.042439 main.go:130: 8:Got block message, iteration 2
[peer] 22:02:07.042459 main.go:137: 8:Acquiring bool lock
[peer] 22:02:07.042466 main.go:139: 8:Acquired bool lock
[peer] 22:02:07.042473 main.go:140: Chain Length:4
[peer] 22:02:07.042479 blockchain.go:68: Returning a block
[peer] 22:02:07.042486 main.go:142: Chain Length:4
[peer] 22:02:07.042493 main.go:147: Already have block
[peer] 22:02:07.042500 main.go:152: 8:Bool lock released
[peer] 22:02:07.042507 blockchain.go:68: Returning a block
[peer] 22:02:07.042514 blockchain.go:68: Returning a block
[peer] 22:02:07.042520 main.go:179: 8:Equal block
[peer] 22:02:07.078257 main.go:729: 8:Block sent to peer successful
[peer] 22:02:07.078295 main.go:684: 8:RPC calls successfully returned. Iteration: 2
[peer] 22:02:07.100720 honest.go:81: 8Train Error is 0.06105 in Iteration 2
[peer] 22:02:07.100745 main.go:692: 8:Preparing for next Iteration. Current Iteration: 2
[peer] 22:02:07.100753 main.go:588: 8:Acquiring bool lock
[peer] 22:02:07.100760 main.go:590: 8:Acquired bool lock
[peer] 22:02:07.103666 main.go:609: 8:I am not verifier IterationCount:3
[peer] 22:02:07.103684 main.go:614: 8:Bool lock released
[peer] 22:02:07.131124 main.go:633: 8:Accepted new Connection
[peer] 22:02:07.131766 main.go:130: 8:Got block message, iteration 3
[peer] 22:02:07.131790 main.go:137: 8:Acquiring bool lock
[peer] 22:02:07.131798 main.go:139: 8:Acquired bool lock
[peer] 22:02:07.131805 main.go:140: Chain Length:4
[peer] 22:02:07.131811 blockchain.go:71: Returning nil
[peer] 22:02:07.131818 main.go:142: Chain Length:4
[peer] 22:02:07.131825 main.go:187: 8:Sending to channel
[peer] 22:02:07.131833 main.go:193: 8:Sent to channel
[peer] 22:02:07.131841 main.go:195: 8:Returning
[peer] 22:02:07.131903 main.go:777: 8:Adding block to chain
[peer] 22:02:07.131919 honest.go:222: Trying to append block with iteration:3
[peer] 22:02:07.131926 blockchain.go:71: Returning nil
[peer] 22:02:07.131933 honest.go:238: Append successful
[peer] 22:02:07.131941 main.go:781: 8:Adding block to chain
[peer] 22:02:07.131947 main.go:787: 8:Checking convergence
[peer] 22:02:07.135398 honest.go:81: 8Train Error is 0.06105 in Iteration 3
[peer] 22:02:07.135437 main.go:790: 8:Convergence checked
[peer] 22:02:07.135464 main.go:793: 8:Bool lock released
[peer] 22:02:07.135513 main.go:664: 8:Sending block. Iteration: 3
[peer] 22:02:07.137701 main.go:729: 8:Block sent to peer successful
[peer] 22:02:07.137889 main.go:729: 8:Block sent to peer successful
[peer] 22:02:07.138026 main.go:729: 8:Block sent to peer successful
[err] 22:02:07.138094 main.go:302: Error in sending block, err = Stale Update/Block
[peer] 22:02:07.138494 main.go:729: 8:Block sent to peer successful
[peer] 22:02:07.139121 main.go:729: 8:Block sent to peer successful
[peer] 22:02:07.141617 main.go:729: 8:Block sent to peer successful
[peer] 22:02:07.156386 main.go:633: 8:Accepted new Connection
[peer] 22:02:07.156484 main.go:729: 8:Block sent to peer successful
[err] 22:02:07.156519 main.go:302: Error in sending block, err = Stale Update/Block
[peer] 22:02:07.156571 main.go:130: 8:Got block message, iteration 3
[peer] 22:02:07.156592 main.go:137: 8:Acquiring bool lock
[peer] 22:02:07.156601 main.go:139: 8:Acquired bool lock
[peer] 22:02:07.156609 main.go:140: Chain Length:5
[peer] 22:02:07.156615 blockchain.go:68: Returning a block
[peer] 22:02:07.156623 main.go:142: Chain Length:5
[peer] 22:02:07.156631 main.go:147: Already have block
[peer] 22:02:07.156640 main.go:152: 8:Bool lock released
[peer] 22:02:07.156647 blockchain.go:68: Returning a block
[peer] 22:02:07.156654 blockchain.go:68: Returning a block
[peer] 22:02:07.156673 main.go:179: 8:Equal block
[peer] 22:02:07.160811 main.go:633: 8:Accepted new Connection
[peer] 22:02:07.162000 main.go:633: 8:Accepted new Connection
[peer] 22:02:07.162174 main.go:130: 8:Got block message, iteration 3
[peer] 22:02:07.162193 main.go:137: 8:Acquiring bool lock
[peer] 22:02:07.162201 main.go:139: 8:Acquired bool lock
[peer] 22:02:07.162207 main.go:140: Chain Length:5
[peer] 22:02:07.162214 blockchain.go:68: Returning a block
[peer] 22:02:07.162221 main.go:142: Chain Length:5
[peer] 22:02:07.162228 main.go:147: Already have block
[peer] 22:02:07.162236 main.go:152: 8:Bool lock released
[peer] 22:02:07.162242 blockchain.go:68: Returning a block
[peer] 22:02:07.162249 blockchain.go:68: Returning a block
[peer] 22:02:07.162256 main.go:179: 8:Equal block
[peer] 22:02:07.162432 main.go:130: 8:Got block message, iteration 3
[peer] 22:02:07.162450 main.go:137: 8:Acquiring bool lock
[peer] 22:02:07.162457 main.go:139: 8:Acquired bool lock
[peer] 22:02:07.162464 main.go:140: Chain Length:5
[peer] 22:02:07.162470 blockchain.go:68: Returning a block
[peer] 22:02:07.162477 main.go:142: Chain Length:5
[peer] 22:02:07.162484 main.go:147: Already have block
[peer] 22:02:07.162491 main.go:152: 8:Bool lock released
[peer] 22:02:07.162498 blockchain.go:68: Returning a block
[peer] 22:02:07.162505 blockchain.go:68: Returning a block
[peer] 22:02:07.162511 main.go:179: 8:Equal block
[peer] 22:02:07.173034 main.go:633: 8:Accepted new Connection
[peer] 22:02:07.173235 main.go:130: 8:Got block message, iteration 3
[peer] 22:02:07.173255 main.go:137: 8:Acquiring bool lock
[peer] 22:02:07.173262 main.go:139: 8:Acquired bool lock
[peer] 22:02:07.173269 main.go:140: Chain Length:5
[peer] 22:02:07.173275 blockchain.go:68: Returning a block
[peer] 22:02:07.173282 main.go:142: Chain Length:5
[peer] 22:02:07.173290 main.go:147: Already have block
[peer] 22:02:07.173298 main.go:152: 8:Bool lock released
[peer] 22:02:07.173304 blockchain.go:68: Returning a block
[peer] 22:02:07.173311 blockchain.go:68: Returning a block
[peer] 22:02:07.173319 main.go:179: 8:Equal block
[peer] 22:02:07.173402 main.go:729: 8:Block sent to peer successful
[err] 22:02:07.173415 main.go:302: Error in sending block, err = Stale Update/Block
[peer] 22:02:07.174863 main.go:633: 8:Accepted new Connection
[peer] 22:02:07.176152 main.go:130: 8:Got block message, iteration 3
[peer] 22:02:07.176176 main.go:137: 8:Acquiring bool lock
[peer] 22:02:07.176185 main.go:139: 8:Acquired bool lock
[peer] 22:02:07.176191 main.go:140: Chain Length:5
[peer] 22:02:07.176198 blockchain.go:68: Returning a block
[peer] 22:02:07.176205 main.go:142: Chain Length:5
[peer] 22:02:07.176212 main.go:147: Already have block
[peer] 22:02:07.176220 main.go:152: 8:Bool lock released
[peer] 22:02:07.176227 blockchain.go:68: Returning a block
[peer] 22:02:07.176235 blockchain.go:68: Returning a block
[peer] 22:02:07.176242 main.go:179: 8:Equal block
[peer] 22:02:07.179932 main.go:729: 8:Block sent to peer successful
[err] 22:02:07.179947 main.go:302: Error in sending block, err = Stale Update/Block
[peer] 22:02:07.179977 main.go:684: 8:RPC calls successfully returned. Iteration: 3
[peer] 22:02:07.184327 main.go:633: 8:Accepted new Connection
[peer] 22:02:07.184515 main.go:130: 8:Got block message, iteration 3
[peer] 22:02:07.184533 main.go:137: 8:Acquiring bool lock
[peer] 22:02:07.184540 main.go:139: 8:Acquired bool lock
[peer] 22:02:07.184546 main.go:140: Chain Length:5
[peer] 22:02:07.184553 blockchain.go:68: Returning a block
[peer] 22:02:07.184560 main.go:142: Chain Length:5
[peer] 22:02:07.184566 main.go:147: Already have block
[peer] 22:02:07.184574 main.go:152: 8:Bool lock released
[peer] 22:02:07.184581 blockchain.go:68: Returning a block
[peer] 22:02:07.184587 blockchain.go:68: Returning a block
[peer] 22:02:07.184594 main.go:179: 8:Equal block
[peer] 22:02:07.196731 honest.go:81: 8Train Error is 0.06105 in Iteration 3
[peer] 22:02:07.196749 main.go:692: 8:Preparing for next Iteration. Current Iteration: 3
[peer] 22:02:07.196757 main.go:588: 8:Acquiring bool lock
[peer] 22:02:07.196775 main.go:590: 8:Acquired bool lock
[peer] 22:02:07.199241 main.go:609: 8:I am not verifier IterationCount:4
[peer] 22:02:07.199254 main.go:614: 8:Bool lock released
[peer] 22:02:07.199400 main.go:824: 8:Computing Update
[peer] 22:02:07.200936 main.go:270: 8 : VRF returned ID map[4:{}]
[peer] 22:02:07.200969 main.go:280: 8 :Verifiers [198.162.52.126:8004] returned.
[peer] 22:02:07.201108 main.go:869: 8:Making RPC Call to Verifier. Sending Update, Iteration:4
[peer] 22:02:07.202577 main.go:876: 8:Update sent successfully
[peer] 22:02:07.206790 main.go:633: 8:Accepted new Connection
[peer] 22:02:07.207015 main.go:130: 8:Got block message, iteration 2
[peer] 22:02:07.207038 main.go:137: 8:Acquiring bool lock
[peer] 22:02:07.207046 main.go:139: 8:Acquired bool lock
[peer] 22:02:07.207059 main.go:140: Chain Length:5
[peer] 22:02:07.207069 blockchain.go:68: Returning a block
[peer] 22:02:07.207076 main.go:142: Chain Length:5
[peer] 22:02:07.207083 main.go:147: Already have block
[peer] 22:02:07.207091 main.go:152: 8:Bool lock released
[peer] 22:02:07.207097 blockchain.go:68: Returning a block
[peer] 22:02:07.207104 blockchain.go:68: Returning a block
[peer] 22:02:07.207111 main.go:179: 8:Equal block
[peer] 22:02:07.978768 main.go:777: 8:Adding block to chain
[peer] 22:02:07.978816 honest.go:222: Trying to append block with iteration:2
[peer] 22:02:07.978833 blockchain.go:68: Returning a block
[peer] 22:02:07.978847 blockchain.go:68: Returning a block
[peer] 22:02:07.978862 honest.go:228: Append foiled
[peer] 22:02:07.978877 main.go:781: 8:Adding block to chain
[peer] 22:02:07.978892 main.go:798: 8:Bool lock released
[peer] 22:02:07.991703 main.go:777: 8:Adding block to chain
[peer] 22:02:07.991726 honest.go:222: Trying to append block with iteration:2
[peer] 22:02:07.991735 blockchain.go:68: Returning a block
[peer] 22:02:07.991742 blockchain.go:68: Returning a block
[peer] 22:02:07.991749 honest.go:228: Append foiled
[peer] 22:02:07.991757 main.go:781: 8:Adding block to chain
[peer] 22:02:07.991764 main.go:798: 8:Bool lock released
[peer] 22:02:08.136313 main.go:633: 8:Accepted new Connection
[peer] 22:02:08.136577 main.go:130: 8:Got block message, iteration 3
[peer] 22:02:08.136606 main.go:137: 8:Acquiring bool lock
[peer] 22:02:08.136616 main.go:139: 8:Acquired bool lock
[peer] 22:02:08.136626 main.go:140: Chain Length:5
[peer] 22:02:08.136637 blockchain.go:68: Returning a block
[peer] 22:02:08.136648 main.go:142: Chain Length:5
[peer] 22:02:08.136658 main.go:147: Already have block
[peer] 22:02:08.136670 main.go:152: 8:Bool lock released
[peer] 22:02:08.136681 blockchain.go:68: Returning a block
[peer] 22:02:08.136691 blockchain.go:68: Returning a block
[peer] 22:02:08.136702 main.go:179: 8:Equal block
[peer] 22:02:08.175409 main.go:633: 8:Accepted new Connection
[peer] 22:02:08.175863 main.go:130: 8:Got block message, iteration 3
[peer] 22:02:08.175891 main.go:137: 8:Acquiring bool lock
[peer] 22:02:08.175900 main.go:139: 8:Acquired bool lock
[peer] 22:02:08.175909 main.go:140: Chain Length:5
[peer] 22:02:08.175917 blockchain.go:68: Returning a block
[peer] 22:02:08.175925 main.go:142: Chain Length:5
[peer] 22:02:08.175934 main.go:147: Already have block
[peer] 22:02:08.175944 main.go:152: 8:Bool lock released
[peer] 22:02:08.175952 blockchain.go:68: Returning a block
[peer] 22:02:08.175961 blockchain.go:68: Returning a block
[peer] 22:02:08.175969 main.go:179: 8:Equal block
