[peer] 20:04:19.922472 honest.go:156: 4Importing modules...
[peer] 20:04:27.723613 honest.go:192: 4Sucessfully pulled dataset. Features: 25
[peer] 20:04:27.724942 main.go:502: 4:Announcing myself to network
[peer] 20:04:27.725021 main.go:507: 4:Calling {198.162.52.126 %!s(int=8000) }
[peer] 20:04:27.725028 main.go:526: 4:Inside callRegisterRPC
[peer] 20:04:27.725032 main.go:531: 4Making RPC call
[peer] 20:04:27.725030 main.go:662: 4:Peer started. Receiving on 8004
[peer] 20:04:27.725151 main.go:551: 4RPC dial successful
[peer] 20:04:27.725164 main.go:554: 4:Calling RPC:198.162.52.126:8000
[peer] 20:04:27.725171 main.go:556: 4:RPC called198.162.52.126:8000
[peer] 20:04:27.725700 main.go:563: 4:Announced myself to a fellow peer at port. Got latest chain
[peer] 20:04:27.725714 main.go:570: Chain length received:1
[peer] 20:04:27.725720 main.go:571: My chain length:1
[peer] 20:04:27.725755 main.go:507: 4:Calling {198.162.52.126 %!s(int=8001) }
[peer] 20:04:27.725763 main.go:526: 4:Inside callRegisterRPC
[peer] 20:04:27.725773 main.go:531: 4Making RPC call
[peer] 20:04:27.725841 main.go:551: 4RPC dial successful
[peer] 20:04:27.725854 main.go:554: 4:Calling RPC:198.162.52.126:8001
[peer] 20:04:27.725860 main.go:556: 4:RPC called198.162.52.126:8001
[peer] 20:04:27.726337 main.go:563: 4:Announced myself to a fellow peer at port. Got latest chain
[peer] 20:04:27.726348 main.go:570: Chain length received:1
[peer] 20:04:27.726354 main.go:571: My chain length:1
[peer] 20:04:27.726388 main.go:507: 4:Calling {198.162.52.126 %!s(int=8002) }
[peer] 20:04:27.726395 main.go:526: 4:Inside callRegisterRPC
[peer] 20:04:27.726399 main.go:531: 4Making RPC call
[peer] 20:04:27.726472 main.go:551: 4RPC dial successful
[peer] 20:04:27.726489 main.go:554: 4:Calling RPC:198.162.52.126:8002
[peer] 20:04:27.726495 main.go:556: 4:RPC called198.162.52.126:8002
[peer] 20:04:27.726857 main.go:563: 4:Announced myself to a fellow peer at port. Got latest chain
[peer] 20:04:27.726868 main.go:570: Chain length received:1
[peer] 20:04:27.726873 main.go:571: My chain length:1
[peer] 20:04:27.726903 main.go:507: 4:Calling {198.162.52.126 %!s(int=8003) }
[peer] 20:04:27.726910 main.go:526: 4:Inside callRegisterRPC
[peer] 20:04:27.726918 main.go:531: 4Making RPC call
[peer] 20:04:27.726991 main.go:551: 4RPC dial successful
[peer] 20:04:27.727002 main.go:554: 4:Calling RPC:198.162.52.126:8003
[peer] 20:04:27.727007 main.go:556: 4:RPC called198.162.52.126:8003
[peer] 20:04:27.727400 main.go:563: 4:Announced myself to a fellow peer at port. Got latest chain
[peer] 20:04:27.727411 main.go:570: Chain length received:1
[peer] 20:04:27.727416 main.go:571: My chain length:1
[peer] 20:04:27.727442 main.go:507: 4:Calling {198.162.52.126 %!s(int=8005) }
[peer] 20:04:27.727448 main.go:526: 4:Inside callRegisterRPC
[peer] 20:04:27.727453 main.go:531: 4Making RPC call
[err] 20:04:27.727499 main.go:296: Peer offline.Couldn't connect to peer: 198.162.52.126:8005, err = dial tcp 198.162.52.126:8005: connect: connection refused
[peer] 20:04:27.727512 main.go:507: 4:Calling {198.162.52.126 %!s(int=8006) }
[peer] 20:04:27.727517 main.go:526: 4:Inside callRegisterRPC
[peer] 20:04:27.727521 main.go:531: 4Making RPC call
[peer] 20:04:27.727571 main.go:551: 4RPC dial successful
[peer] 20:04:27.727581 main.go:554: 4:Calling RPC:198.162.52.126:8006
[peer] 20:04:27.727586 main.go:556: 4:RPC called198.162.52.126:8006
[peer] 20:04:27.727886 main.go:563: 4:Announced myself to a fellow peer at port. Got latest chain
[peer] 20:04:27.727897 main.go:570: Chain length received:1
[peer] 20:04:27.727902 main.go:571: My chain length:1
[peer] 20:04:27.727925 main.go:507: 4:Calling {198.162.52.126 %!s(int=8007) }
[peer] 20:04:27.727931 main.go:526: 4:Inside callRegisterRPC
[peer] 20:04:27.727935 main.go:531: 4Making RPC call
[peer] 20:04:27.727998 main.go:551: 4RPC dial successful
[peer] 20:04:27.728009 main.go:554: 4:Calling RPC:198.162.52.126:8007
[peer] 20:04:27.728017 main.go:556: 4:RPC called198.162.52.126:8007
[peer] 20:04:27.728399 main.go:563: 4:Announced myself to a fellow peer at port. Got latest chain
[peer] 20:04:27.728414 main.go:570: Chain length received:1
[peer] 20:04:27.728419 main.go:571: My chain length:1
[peer] 20:04:27.728448 main.go:507: 4:Calling {198.162.52.126 %!s(int=8008) }
[peer] 20:04:27.728455 main.go:526: 4:Inside callRegisterRPC
[peer] 20:04:27.728466 main.go:531: 4Making RPC call
[peer] 20:04:27.728530 main.go:551: 4RPC dial successful
[peer] 20:04:27.728540 main.go:554: 4:Calling RPC:198.162.52.126:8008
[peer] 20:04:27.728546 main.go:556: 4:RPC called198.162.52.126:8008
[peer] 20:04:27.729021 main.go:563: 4:Announced myself to a fellow peer at port. Got latest chain
[peer] 20:04:27.729036 main.go:570: Chain length received:1
[peer] 20:04:27.729042 main.go:571: My chain length:1
[peer] 20:04:27.729071 main.go:507: 4:Calling {198.162.52.126 %!s(int=8009) }
[peer] 20:04:27.729077 main.go:526: 4:Inside callRegisterRPC
[peer] 20:04:27.729081 main.go:531: 4Making RPC call
[peer] 20:04:27.729142 main.go:551: 4RPC dial successful
[peer] 20:04:27.729153 main.go:554: 4:Calling RPC:198.162.52.126:8009
[peer] 20:04:27.729159 main.go:556: 4:RPC called198.162.52.126:8009
[peer] 20:04:27.729590 main.go:563: 4:Announced myself to a fellow peer at port. Got latest chain
[peer] 20:04:27.729600 main.go:570: Chain length received:1
[peer] 20:04:27.729605 main.go:571: My chain length:1
[peer] 20:04:27.729629 main.go:507: 4:Calling {198.162.52.57 %!s(int=8010) }
[peer] 20:04:27.729635 main.go:526: 4:Inside callRegisterRPC
[peer] 20:04:27.729642 main.go:531: 4Making RPC call
[err] 20:04:27.730215 main.go:296: Peer offline.Couldn't connect to peer: 198.162.52.57:8010, err = dial tcp 198.162.52.57:8010: connect: connection refused
[peer] 20:04:27.730236 main.go:507: 4:Calling {198.162.52.57 %!s(int=8011) }
[peer] 20:04:27.730246 main.go:526: 4:Inside callRegisterRPC
[peer] 20:04:27.730255 main.go:531: 4Making RPC call
[err] 20:04:27.730822 main.go:296: Peer offline.Couldn't connect to peer: 198.162.52.57:8011, err = dial tcp 198.162.52.57:8011: connect: connection refused
[peer] 20:04:27.730839 main.go:507: 4:Calling {198.162.52.57 %!s(int=8012) }
[peer] 20:04:27.730848 main.go:526: 4:Inside callRegisterRPC
[peer] 20:04:27.730855 main.go:531: 4Making RPC call
[err] 20:04:27.731433 main.go:296: Peer offline.Couldn't connect to peer: 198.162.52.57:8012, err = dial tcp 198.162.52.57:8012: connect: connection refused
[peer] 20:04:27.731450 main.go:507: 4:Calling {198.162.52.57 %!s(int=8013) }
[peer] 20:04:27.731459 main.go:526: 4:Inside callRegisterRPC
[peer] 20:04:27.731467 main.go:531: 4Making RPC call
[err] 20:04:27.732021 main.go:296: Peer offline.Couldn't connect to peer: 198.162.52.57:8013, err = dial tcp 198.162.52.57:8013: connect: connection refused
[peer] 20:04:27.732038 main.go:507: 4:Calling {198.162.52.57 %!s(int=8014) }
[peer] 20:04:27.732047 main.go:526: 4:Inside callRegisterRPC
[peer] 20:04:27.732054 main.go:531: 4Making RPC call
[err] 20:04:27.732354 main.go:296: Peer offline.Couldn't connect to peer: 198.162.52.57:8014, err = dial tcp 198.162.52.57:8014: connect: connection refused
[peer] 20:04:27.732370 main.go:507: 4:Calling {198.162.52.57 %!s(int=8015) }
[peer] 20:04:27.732379 main.go:526: 4:Inside callRegisterRPC
[peer] 20:04:27.732387 main.go:531: 4Making RPC call
[err] 20:04:27.732687 main.go:296: Peer offline.Couldn't connect to peer: 198.162.52.57:8015, err = dial tcp 198.162.52.57:8015: connect: connection refused
[peer] 20:04:27.732704 main.go:507: 4:Calling {198.162.52.57 %!s(int=8016) }
[peer] 20:04:27.732713 main.go:526: 4:Inside callRegisterRPC
[peer] 20:04:27.732721 main.go:531: 4Making RPC call
[err] 20:04:27.733269 main.go:296: Peer offline.Couldn't connect to peer: 198.162.52.57:8016, err = dial tcp 198.162.52.57:8016: connect: connection refused
[peer] 20:04:27.733286 main.go:507: 4:Calling {198.162.52.57 %!s(int=8017) }
[peer] 20:04:27.733294 main.go:526: 4:Inside callRegisterRPC
[peer] 20:04:27.733301 main.go:531: 4Making RPC call
[err] 20:04:27.733851 main.go:296: Peer offline.Couldn't connect to peer: 198.162.52.57:8017, err = dial tcp 198.162.52.57:8017: connect: connection refused
[peer] 20:04:27.733875 main.go:507: 4:Calling {198.162.52.57 %!s(int=8018) }
[peer] 20:04:27.733884 main.go:526: 4:Inside callRegisterRPC
[peer] 20:04:27.733891 main.go:531: 4Making RPC call
[err] 20:04:27.734457 main.go:296: Peer offline.Couldn't connect to peer: 198.162.52.57:8018, err = dial tcp 198.162.52.57:8018: connect: connection refused
[peer] 20:04:27.734473 main.go:507: 4:Calling {198.162.52.57 %!s(int=8019) }
[peer] 20:04:27.734482 main.go:526: 4:Inside callRegisterRPC
[peer] 20:04:27.734490 main.go:531: 4Making RPC call
[err] 20:04:27.735059 main.go:296: Peer offline.Couldn't connect to peer: 198.162.52.57:8019, err = dial tcp 198.162.52.57:8019: connect: connection refused
[peer] 20:04:27.735072 main.go:517: 4:Bootstrapped Network. Calling signal
[peer] 20:04:27.735084 main.go:519: 4:Bootstrapped Network. Signal called
[peer] 20:04:27.735103 main.go:628: Moving on to next iteration 0
[peer] 20:04:27.735144 blockchain.go:51: Latest Block Hash is: 6d0aeacf2af374576f7988ac5751b82a08de2c4138f5dc3f3e4c6a12ddb034d6
[peer] 20:04:27.736722 vrf.go:97: Verifier lottery winner is 11 at 114 
[peer] 20:04:27.736735 vrf.go:113: Miner lottery winner is 19 at 194 
[peer] 20:04:27.736745 vrf.go:113: Miner lottery winner is 11 at 111 
[peer] 20:04:27.736753 vrf.go:129: Noise lottery winner is 3 at 34 
[peer] 20:04:27.736764 main.go:238: Verifiers are [%!s(int=11)]
[peer] 20:04:27.736775 main.go:239: Miners are [%!s(int=19) %!s(int=11)]
[peer] 20:04:27.736784 main.go:240: Noisers are [%!s(int=3)]
[peer] 20:04:27.736793 main.go:643: 4:I am not miner or verifier. Iteration:0
[peer] 20:04:27.736802 main.go:990: 4:Computing Update
[peer] 20:04:27.737208 main.go:997: Sending update to verifiers
[err] 20:04:27.737810 main.go:296: Unable to connect to verifier, err = dial tcp 198.162.52.57:8011: connect: connection refused
[peer] 20:04:27.737822 main.go:1064: GOT VERIFIER ERROR
[peer] 20:04:27.877391 main.go:178: 4:Got block message, iteration 0
[peer] 20:04:27.877538 main.go:776: Trying to acquire lock...
[peer] 20:04:27.884934 main.go:178: 4:Got block message, iteration 0
[peer] 20:04:27.885050 main.go:776: Trying to acquire lock...
[peer] 20:04:27.908474 main.go:200: 4:Registering peer:198.162.52.126:8005
[peer] 20:04:27.908493 main.go:211: Advertising chain to peer with length 1
[peer] 20:04:28.109533 main.go:178: 4:Got block message, iteration 0
[peer] 20:04:28.109655 main.go:776: Trying to acquire lock...
[peer] 20:04:28.260691 main.go:178: 4:Got block message, iteration 0
[peer] 20:04:28.260779 main.go:776: Trying to acquire lock...
[peer] 20:04:28.454911 main.go:178: 4:Got block message, iteration 0
[peer] 20:04:28.454993 main.go:776: Trying to acquire lock...
[peer] 20:04:28.478177 main.go:178: 4:Got block message, iteration 0
[peer] 20:04:28.478260 main.go:776: Trying to acquire lock...
[peer] 20:04:28.553142 main.go:178: 4:Got block message, iteration 0
[peer] 20:04:28.553224 main.go:776: Trying to acquire lock...
[peer] 20:04:28.597748 main.go:178: 4:Got block message, iteration 0
[peer] 20:04:28.597819 main.go:776: Trying to acquire lock...
[peer] 20:04:28.738007 main.go:1074: 4:Will try and create an empty block
[peer] 20:04:28.738035 blockchain.go:81: Returning nil
[peer] 20:04:28.738130 main.go:1080: 4:Sending an empty block
[peer] 20:04:28.738143 main.go:990: 4:Computing Update
[peer] 20:04:28.738191 main.go:899: 4:Sending block of iteration: 0
[peer] 20:04:28.738932 main.go:997: Sending update to verifiers
[peer] 20:04:28.739054 main.go:946: 4:Block sent to peer successful. Peer: 198.162.52.126:8001 Iteration: 0
[peer] 20:04:28.739074 main.go:946: 4:Block sent to peer successful. Peer: 198.162.52.126:8000 Iteration: 0
[peer] 20:04:28.739108 main.go:946: 4:Block sent to peer successful. Peer: 198.162.52.126:8009 Iteration: 0
[peer] 20:04:28.739287 main.go:946: 4:Block sent to peer successful. Peer: 198.162.52.126:8002 Iteration: 0
[peer] 20:04:28.739300 main.go:946: 4:Block sent to peer successful. Peer: 198.162.52.126:8003 Iteration: 0
[peer] 20:04:28.739305 main.go:946: 4:Block sent to peer successful. Peer: 198.162.52.126:8005 Iteration: 0
[peer] 20:04:28.739513 main.go:946: 4:Block sent to peer successful. Peer: 198.162.52.126:8008 Iteration: 0
[err] 20:04:28.739536 main.go:296: Unable to connect to verifier, err = dial tcp 198.162.52.57:8011: connect: connection refused
[peer] 20:04:28.739546 main.go:1064: GOT VERIFIER ERROR
[peer] 20:04:28.739629 main.go:946: 4:Block sent to peer successful. Peer: 198.162.52.126:8006 Iteration: 0
[peer] 20:04:28.739648 main.go:946: 4:Block sent to peer successful. Peer: 198.162.52.126:8007 Iteration: 0
[peer] 20:04:28.739673 main.go:917: 4:RPC calls successfully returned. Iteration: 0
[peer] 20:04:28.748559 honest.go:130: 4Train Error is 1.00000 in Iteration 0
[peer] 20:04:28.748581 main.go:923: 4:Preparing for next Iteration. Current Iteration: 0
[peer] 20:04:28.923435 main.go:178: 4:Got block message, iteration 1
[peer] 20:04:28.923507 main.go:776: Trying to acquire lock...
[peer] 20:04:29.111477 main.go:178: 4:Got block message, iteration 1
[peer] 20:04:29.111587 main.go:776: Trying to acquire lock...
[peer] 20:04:29.262908 main.go:178: 4:Got block message, iteration 1
[peer] 20:04:29.262991 main.go:776: Trying to acquire lock...
[peer] 20:04:29.456754 main.go:178: 4:Got block message, iteration 1
[peer] 20:04:29.456825 main.go:776: Trying to acquire lock...
[peer] 20:04:29.480789 main.go:178: 4:Got block message, iteration 1
[peer] 20:04:29.480867 main.go:776: Trying to acquire lock...
[peer] 20:04:29.558265 main.go:178: 4:Got block message, iteration 1
[peer] 20:04:29.558347 main.go:776: Trying to acquire lock...
[peer] 20:04:29.600913 main.go:178: 4:Got block message, iteration 1
[peer] 20:04:29.600988 main.go:776: Trying to acquire lock...
[peer] 20:04:29.739683 main.go:1074: 4:Will try and create an empty block
[peer] 20:04:29.739718 blockchain.go:70: Returning a block
[err] 20:04:29.739733 main.go:296: Iteration: 0, err = Forbidden overwrite of block foiled
[peer] 20:04:29.739765 main.go:779: Got lock, processing block
[peer] 20:04:29.739782 blockchain.go:70: Returning a block
[peer] 20:04:29.739787 main.go:786: Already have block
[peer] 20:04:29.739793 main.go:790: Released bool lock
[peer] 20:04:29.739797 blockchain.go:70: Returning a block
[peer] 20:04:29.739810 blockchain.go:70: Returning a block
[peer] 20:04:29.739818 main.go:818: 4:Equal block
[peer] 20:04:29.739827 main.go:779: Got lock, processing block
[peer] 20:04:29.739833 blockchain.go:70: Returning a block
[peer] 20:04:29.739839 main.go:786: Already have block
[peer] 20:04:29.739846 main.go:790: Released bool lock
[peer] 20:04:29.739853 blockchain.go:70: Returning a block
[peer] 20:04:29.739859 blockchain.go:70: Returning a block
[peer] 20:04:29.739864 main.go:818: 4:Equal block
[peer] 20:04:29.739872 main.go:779: Got lock, processing block
[peer] 20:04:29.739878 blockchain.go:70: Returning a block
[peer] 20:04:29.739884 main.go:786: Already have block
[peer] 20:04:29.739891 main.go:790: Released bool lock
[peer] 20:04:29.739897 blockchain.go:70: Returning a block
[peer] 20:04:29.739903 blockchain.go:70: Returning a block
[peer] 20:04:29.739909 main.go:818: 4:Equal block
[peer] 20:04:29.739920 main.go:779: Got lock, processing block
[peer] 20:04:29.739940 blockchain.go:70: Returning a block
[peer] 20:04:29.739948 main.go:786: Already have block
[peer] 20:04:29.739959 main.go:790: Released bool lock
[peer] 20:04:29.739966 blockchain.go:70: Returning a block
[peer] 20:04:29.739972 blockchain.go:70: Returning a block
[peer] 20:04:29.739979 main.go:818: 4:Equal block
[peer] 20:04:29.739992 main.go:779: Got lock, processing block
[peer] 20:04:29.740008 blockchain.go:70: Returning a block
[peer] 20:04:29.740016 main.go:786: Already have block
[peer] 20:04:29.740028 main.go:790: Released bool lock
[peer] 20:04:29.740036 blockchain.go:70: Returning a block
[peer] 20:04:29.740042 blockchain.go:70: Returning a block
[peer] 20:04:29.740049 main.go:818: 4:Equal block
[peer] 20:04:29.740058 main.go:779: Got lock, processing block
[peer] 20:04:29.740064 blockchain.go:70: Returning a block
[peer] 20:04:29.740070 main.go:786: Already have block
[peer] 20:04:29.740085 main.go:790: Released bool lock
[peer] 20:04:29.740092 blockchain.go:70: Returning a block
[peer] 20:04:29.740098 blockchain.go:70: Returning a block
[peer] 20:04:29.740103 main.go:818: 4:Equal block
[peer] 20:04:29.740111 main.go:779: Got lock, processing block
[peer] 20:04:29.740117 blockchain.go:70: Returning a block
[peer] 20:04:29.740123 main.go:786: Already have block
[peer] 20:04:29.740130 main.go:790: Released bool lock
[peer] 20:04:29.740136 blockchain.go:70: Returning a block
[peer] 20:04:29.740142 blockchain.go:70: Returning a block
[peer] 20:04:29.740147 main.go:818: 4:Equal block
[peer] 20:04:29.740155 main.go:779: Got lock, processing block
[peer] 20:04:29.740161 blockchain.go:70: Returning a block
[peer] 20:04:29.740166 main.go:786: Already have block
[peer] 20:04:29.740173 main.go:790: Released bool lock
[peer] 20:04:29.740179 blockchain.go:70: Returning a block
[peer] 20:04:29.740185 blockchain.go:70: Returning a block
[peer] 20:04:29.740191 main.go:818: 4:Equal block
[peer] 20:04:29.740213 main.go:628: Moving on to next iteration 1
[peer] 20:04:29.740271 blockchain.go:51: Latest Block Hash is: c2ec7ca41e40c55a35433946c2302814596448c7d3dcc50c6f89da0b0af866bc
[peer] 20:04:29.741856 vrf.go:97: Verifier lottery winner is 10 at 100 
[peer] 20:04:29.741869 vrf.go:113: Miner lottery winner is 14 at 140 
[peer] 20:04:29.741879 vrf.go:113: Miner lottery winner is 10 at 108 
[peer] 20:04:29.741891 vrf.go:129: Noise lottery winner is 1 at 14 
[peer] 20:04:29.741905 main.go:238: Verifiers are [%!s(int=10)]
[peer] 20:04:29.741915 main.go:239: Miners are [%!s(int=14) %!s(int=10)]
[peer] 20:04:29.741923 main.go:240: Noisers are [%!s(int=1)]
[peer] 20:04:29.741931 main.go:643: 4:I am not miner or verifier. Iteration:1
[peer] 20:04:29.741957 main.go:779: Got lock, processing block
[peer] 20:04:29.741970 blockchain.go:81: Returning nil
[peer] 20:04:29.741982 main.go:868: 4:Adding block for 1, I am at 1
[peer] 20:04:29.741997 honest.go:303: Trying to append block with iteration:1
[peer] 20:04:29.742003 blockchain.go:81: Returning nil
[peer] 20:04:29.742009 honest.go:319: Append successful
[peer] 20:04:29.742030 main.go:899: 4:Sending block of iteration: 1
[peer] 20:04:29.742030 main.go:779: Got lock, processing block
[peer] 20:04:29.742049 blockchain.go:70: Returning a block
[peer] 20:04:29.742057 main.go:786: Already have block
[peer] 20:04:29.742066 main.go:790: Released bool lock
[peer] 20:04:29.742073 blockchain.go:70: Returning a block
[peer] 20:04:29.742079 blockchain.go:70: Returning a block
[peer] 20:04:29.742086 main.go:818: 4:Equal block
[peer] 20:04:29.742095 main.go:779: Got lock, processing block
[peer] 20:04:29.742101 blockchain.go:70: Returning a block
[peer] 20:04:29.742107 main.go:786: Already have block
[peer] 20:04:29.742114 main.go:790: Released bool lock
[peer] 20:04:29.742121 blockchain.go:70: Returning a block
[peer] 20:04:29.742127 blockchain.go:70: Returning a block
[peer] 20:04:29.742136 main.go:818: 4:Equal block
[peer] 20:04:29.742149 main.go:779: Got lock, processing block
[peer] 20:04:29.742159 blockchain.go:70: Returning a block
[peer] 20:04:29.742169 main.go:786: Already have block
[peer] 20:04:29.742181 main.go:790: Released bool lock
[peer] 20:04:29.742191 blockchain.go:70: Returning a block
[peer] 20:04:29.742210 blockchain.go:70: Returning a block
[peer] 20:04:29.742218 main.go:818: 4:Equal block
[peer] 20:04:29.742226 main.go:779: Got lock, processing block
[peer] 20:04:29.742233 blockchain.go:70: Returning a block
[peer] 20:04:29.742239 main.go:786: Already have block
[peer] 20:04:29.742247 main.go:790: Released bool lock
[peer] 20:04:29.742254 blockchain.go:70: Returning a block
[peer] 20:04:29.742260 blockchain.go:70: Returning a block
[peer] 20:04:29.742267 main.go:818: 4:Equal block
[peer] 20:04:29.742275 main.go:779: Got lock, processing block
[peer] 20:04:29.742281 blockchain.go:70: Returning a block
[peer] 20:04:29.742287 main.go:786: Already have block
[peer] 20:04:29.742296 main.go:790: Released bool lock
[peer] 20:04:29.742303 blockchain.go:70: Returning a block
[peer] 20:04:29.742317 blockchain.go:70: Returning a block
[peer] 20:04:29.742325 main.go:818: 4:Equal block
[peer] 20:04:29.742335 main.go:779: Got lock, processing block
[peer] 20:04:29.742343 blockchain.go:70: Returning a block
[peer] 20:04:29.742349 main.go:786: Already have block
[peer] 20:04:29.742361 main.go:790: Released bool lock
[peer] 20:04:29.742369 blockchain.go:70: Returning a block
[peer] 20:04:29.742376 blockchain.go:70: Returning a block
[peer] 20:04:29.742384 main.go:818: 4:Equal block
[peer] 20:04:29.742410 main.go:990: 4:Computing Update
[peer] 20:04:29.743042 main.go:946: 4:Block sent to peer successful. Peer: 198.162.52.126:8006 Iteration: 1
[peer] 20:04:29.743099 main.go:997: Sending update to verifiers
[peer] 20:04:29.743171 main.go:946: 4:Block sent to peer successful. Peer: 198.162.52.126:8005 Iteration: 1
[peer] 20:04:29.743272 main.go:946: 4:Block sent to peer successful. Peer: 198.162.52.126:8003 Iteration: 1
[peer] 20:04:29.743305 main.go:946: 4:Block sent to peer successful. Peer: 198.162.52.126:8002 Iteration: 1
[peer] 20:04:29.743340 main.go:946: 4:Block sent to peer successful. Peer: 198.162.52.126:8007 Iteration: 1
[peer] 20:04:29.743408 main.go:946: 4:Block sent to peer successful. Peer: 198.162.52.126:8000 Iteration: 1
[peer] 20:04:29.743460 main.go:946: 4:Block sent to peer successful. Peer: 198.162.52.126:8009 Iteration: 1
[peer] 20:04:29.743620 main.go:946: 4:Block sent to peer successful. Peer: 198.162.52.126:8008 Iteration: 1
[peer] 20:04:29.743651 main.go:946: 4:Block sent to peer successful. Peer: 198.162.52.126:8001 Iteration: 1
[err] 20:04:29.743673 main.go:296: Unable to connect to verifier, err = dial tcp 198.162.52.57:8010: connect: connection refused
[peer] 20:04:29.743685 main.go:1064: GOT VERIFIER ERROR
[peer] 20:04:29.743702 main.go:917: 4:RPC calls successfully returned. Iteration: 1
[peer] 20:04:29.744891 honest.go:130: 4Train Error is 1.00000 in Iteration 1
[peer] 20:04:29.744918 main.go:923: 4:Preparing for next Iteration. Current Iteration: 1
[peer] 20:04:29.881557 main.go:178: 4:Got block message, iteration 1
[peer] 20:04:29.881635 main.go:776: Trying to acquire lock...
[peer] 20:04:29.891510 main.go:178: 4:Got block message, iteration 1
[peer] 20:04:29.891583 main.go:776: Trying to acquire lock...
[peer] 20:04:30.743879 main.go:1074: 4:Will try and create an empty block
[peer] 20:04:30.743923 blockchain.go:70: Returning a block
[err] 20:04:30.743938 main.go:296: Iteration: 1, err = Forbidden overwrite of block foiled
[peer] 20:04:30.743956 main.go:990: 4:Computing Update
[peer] 20:04:30.744527 main.go:997: Sending update to verifiers
[err] 20:04:30.745206 main.go:296: Unable to connect to verifier, err = dial tcp 198.162.52.57:8010: connect: connection refused
[peer] 20:04:30.745231 main.go:1064: GOT VERIFIER ERROR
[peer] 20:04:31.745430 main.go:1074: 4:Will try and create an empty block
[peer] 20:04:31.745465 blockchain.go:70: Returning a block
[err] 20:04:31.745483 main.go:296: Iteration: 1, err = Forbidden overwrite of block foiled
[peer] 20:04:31.745561 main.go:628: Moving on to next iteration 2
[peer] 20:04:31.745603 blockchain.go:51: Latest Block Hash is: 5b53d343914a3c1095fa27fcfff51ac9f10536a6a45c08eaa22f8681a5cbeabc
[peer] 20:04:31.747673 vrf.go:97: Verifier lottery winner is 17 at 179 
[peer] 20:04:31.747690 vrf.go:113: Miner lottery winner is 5 at 59 
[peer] 20:04:31.747701 vrf.go:113: Miner lottery winner is 8 at 83 
[peer] 20:04:31.747711 vrf.go:129: Noise lottery winner is 9 at 97 
[peer] 20:04:31.747728 main.go:238: Verifiers are [%!s(int=17)]
[peer] 20:04:31.747741 main.go:239: Miners are [%!s(int=5) %!s(int=8)]
[peer] 20:04:31.747751 main.go:240: Noisers are [%!s(int=9)]
[peer] 20:04:31.747763 main.go:643: 4:I am not miner or verifier. Iteration:2
[peer] 20:04:31.747806 main.go:779: Got lock, processing block
[peer] 20:04:31.747842 blockchain.go:70: Returning a block
[peer] 20:04:31.747854 main.go:786: Already have block
[peer] 20:04:31.747872 main.go:790: Released bool lock
[peer] 20:04:31.747882 blockchain.go:70: Returning a block
[peer] 20:04:31.747905 blockchain.go:70: Returning a block
[peer] 20:04:31.747922 main.go:818: 4:Equal block
[peer] 20:04:31.747935 main.go:779: Got lock, processing block
[peer] 20:04:31.747944 blockchain.go:70: Returning a block
[peer] 20:04:31.747952 main.go:786: Already have block
[peer] 20:04:31.747963 main.go:790: Released bool lock
[peer] 20:04:31.747972 blockchain.go:70: Returning a block
[peer] 20:04:31.747984 blockchain.go:70: Returning a block
[peer] 20:04:31.747999 main.go:818: 4:Equal block
[peer] 20:04:31.748023 main.go:990: 4:Computing Update
[peer] 20:04:31.748602 main.go:997: Sending update to verifiers
[err] 20:04:31.749306 main.go:296: Unable to connect to verifier, err = dial tcp 198.162.52.57:8017: connect: connection refused
[peer] 20:04:31.749332 main.go:1064: GOT VERIFIER ERROR
[peer] 20:04:31.898421 main.go:178: 4:Got block message, iteration 2
[peer] 20:04:31.898549 main.go:776: Trying to acquire lock...
[peer] 20:04:31.902418 main.go:178: 4:Got block message, iteration 2
[peer] 20:04:31.902583 main.go:776: Trying to acquire lock...
[peer] 20:04:31.904077 main.go:178: 4:Got block message, iteration 2
[peer] 20:04:31.904136 main.go:776: Trying to acquire lock...
[peer] 20:04:32.118096 main.go:178: 4:Got block message, iteration 2
[peer] 20:04:32.118172 main.go:776: Trying to acquire lock...
[peer] 20:04:32.270887 main.go:178: 4:Got block message, iteration 2
[peer] 20:04:32.270944 main.go:776: Trying to acquire lock...
[peer] 20:04:32.464752 main.go:178: 4:Got block message, iteration 2
[peer] 20:04:32.464877 main.go:776: Trying to acquire lock...
[peer] 20:04:32.487627 main.go:178: 4:Got block message, iteration 2
[peer] 20:04:32.487716 main.go:776: Trying to acquire lock...
[peer] 20:04:32.570881 main.go:178: 4:Got block message, iteration 2
[peer] 20:04:32.570949 main.go:776: Trying to acquire lock...
[peer] 20:04:32.749494 main.go:1074: 4:Will try and create an empty block
[peer] 20:04:32.749543 blockchain.go:81: Returning nil
[peer] 20:04:32.749648 main.go:1080: 4:Sending an empty block
[peer] 20:04:32.749675 main.go:990: 4:Computing Update
[peer] 20:04:32.749745 main.go:899: 4:Sending block of iteration: 2
[peer] 20:04:32.750309 main.go:997: Sending update to verifiers
[err] 20:04:32.751578 main.go:296: Unable to connect to verifier, err = dial tcp 198.162.52.57:8017: connect: connection refused
[peer] 20:04:32.751734 main.go:1064: GOT VERIFIER ERROR
[peer] 20:04:32.751877 main.go:946: 4:Block sent to peer successful. Peer: 198.162.52.126:8008 Iteration: 2
[peer] 20:04:32.751895 main.go:946: 4:Block sent to peer successful. Peer: 198.162.52.126:8002 Iteration: 2
[peer] 20:04:32.751927 main.go:946: 4:Block sent to peer successful. Peer: 198.162.52.126:8009 Iteration: 2
[peer] 20:04:32.751931 main.go:946: 4:Block sent to peer successful. Peer: 198.162.52.126:8007 Iteration: 2
[peer] 20:04:32.751894 main.go:946: 4:Block sent to peer successful. Peer: 198.162.52.126:8001 Iteration: 2
[peer] 20:04:32.751933 main.go:946: 4:Block sent to peer successful. Peer: 198.162.52.126:8005 Iteration: 2
[peer] 20:04:32.751894 main.go:946: 4:Block sent to peer successful. Peer: 198.162.52.126:8000 Iteration: 2
[peer] 20:04:32.752079 main.go:946: 4:Block sent to peer successful. Peer: 198.162.52.126:8003 Iteration: 2
[peer] 20:04:32.752585 main.go:946: 4:Block sent to peer successful. Peer: 198.162.52.126:8006 Iteration: 2
[peer] 20:04:32.752655 main.go:917: 4:RPC calls successfully returned. Iteration: 2
[peer] 20:04:32.753963 honest.go:130: 4Train Error is 1.00000 in Iteration 2
[peer] 20:04:32.753990 main.go:923: 4:Preparing for next Iteration. Current Iteration: 2
[peer] 20:04:32.889111 main.go:178: 4:Got block message, iteration 2
[peer] 20:04:32.889229 main.go:776: Trying to acquire lock...
[peer] 20:04:32.930376 main.go:178: 4:Got block message, iteration 3
[peer] 20:04:32.930469 main.go:776: Trying to acquire lock...
[peer] 20:04:33.008200 main.go:178: 4:Got block message, iteration 3
[peer] 20:04:33.008303 main.go:776: Trying to acquire lock...
[peer] 20:04:33.120735 main.go:178: 4:Got block message, iteration 3
[peer] 20:04:33.120823 main.go:776: Trying to acquire lock...
[peer] 20:04:33.273669 main.go:178: 4:Got block message, iteration 3
[peer] 20:04:33.273786 main.go:776: Trying to acquire lock...
[peer] 20:04:33.467578 main.go:178: 4:Got block message, iteration 3
[peer] 20:04:33.467682 main.go:776: Trying to acquire lock...
[peer] 20:04:33.491982 main.go:178: 4:Got block message, iteration 3
[peer] 20:04:33.492061 main.go:776: Trying to acquire lock...
[peer] 20:04:33.570469 main.go:178: 4:Got block message, iteration 3
[peer] 20:04:33.570546 main.go:776: Trying to acquire lock...
[peer] 20:04:33.751835 main.go:1074: 4:Will try and create an empty block
[peer] 20:04:33.751849 blockchain.go:70: Returning a block
[err] 20:04:33.751856 main.go:296: Iteration: 2, err = Forbidden overwrite of block foiled
[peer] 20:04:33.751871 main.go:779: Got lock, processing block
[peer] 20:04:33.751881 blockchain.go:70: Returning a block
[peer] 20:04:33.751886 main.go:786: Already have block
[peer] 20:04:33.751894 main.go:790: Released bool lock
[peer] 20:04:33.751899 blockchain.go:70: Returning a block
[peer] 20:04:33.751903 blockchain.go:70: Returning a block
[peer] 20:04:33.751908 main.go:818: 4:Equal block
[peer] 20:04:33.751913 main.go:779: Got lock, processing block
[peer] 20:04:33.751918 blockchain.go:70: Returning a block
[peer] 20:04:33.751922 main.go:786: Already have block
[peer] 20:04:33.751926 main.go:790: Released bool lock
[peer] 20:04:33.751930 blockchain.go:70: Returning a block
[peer] 20:04:33.751934 blockchain.go:70: Returning a block
[peer] 20:04:33.751938 main.go:818: 4:Equal block
[peer] 20:04:33.751943 main.go:779: Got lock, processing block
[peer] 20:04:33.751947 blockchain.go:70: Returning a block
[peer] 20:04:33.751951 main.go:786: Already have block
[peer] 20:04:33.751957 main.go:790: Released bool lock
[peer] 20:04:33.751961 blockchain.go:70: Returning a block
[peer] 20:04:33.751965 blockchain.go:70: Returning a block
[peer] 20:04:33.751969 main.go:818: 4:Equal block
[peer] 20:04:33.751974 main.go:779: Got lock, processing block
[peer] 20:04:33.751978 blockchain.go:70: Returning a block
[peer] 20:04:33.751981 main.go:786: Already have block
[peer] 20:04:33.751986 main.go:790: Released bool lock
[peer] 20:04:33.751990 blockchain.go:70: Returning a block
[peer] 20:04:33.751994 blockchain.go:70: Returning a block
[peer] 20:04:33.751998 main.go:818: 4:Equal block
[peer] 20:04:33.752002 main.go:779: Got lock, processing block
[peer] 20:04:33.752006 blockchain.go:70: Returning a block
[peer] 20:04:33.752010 main.go:786: Already have block
[peer] 20:04:33.752015 main.go:790: Released bool lock
[peer] 20:04:33.752019 blockchain.go:70: Returning a block
[peer] 20:04:33.752022 blockchain.go:70: Returning a block
[peer] 20:04:33.752026 main.go:818: 4:Equal block
[peer] 20:04:33.752031 main.go:779: Got lock, processing block
[peer] 20:04:33.752035 blockchain.go:70: Returning a block
[peer] 20:04:33.752038 main.go:786: Already have block
[peer] 20:04:33.752043 main.go:790: Released bool lock
[peer] 20:04:33.752047 blockchain.go:70: Returning a block
[peer] 20:04:33.752051 blockchain.go:70: Returning a block
[peer] 20:04:33.752054 main.go:818: 4:Equal block
[peer] 20:04:33.752059 main.go:779: Got lock, processing block
[peer] 20:04:33.752063 blockchain.go:70: Returning a block
[peer] 20:04:33.752067 main.go:786: Already have block
[peer] 20:04:33.752072 main.go:790: Released bool lock
[peer] 20:04:33.752076 blockchain.go:70: Returning a block
[peer] 20:04:33.752080 blockchain.go:70: Returning a block
[peer] 20:04:33.752084 main.go:818: 4:Equal block
[peer] 20:04:33.752090 main.go:779: Got lock, processing block
[peer] 20:04:33.752094 blockchain.go:70: Returning a block
[peer] 20:04:33.752097 main.go:786: Already have block
[peer] 20:04:33.752102 main.go:790: Released bool lock
[peer] 20:04:33.752106 blockchain.go:70: Returning a block
[peer] 20:04:33.752109 blockchain.go:70: Returning a block
[peer] 20:04:33.752113 main.go:818: 4:Equal block
[peer] 20:04:33.752125 main.go:628: Moving on to next iteration 3
[peer] 20:04:33.752175 blockchain.go:51: Latest Block Hash is: 338744069f09320cf329736e7865b8a986cf826ec4f21487bf76cd1742c85b38
[peer] 20:04:33.753513 vrf.go:97: Verifier lottery winner is 19 at 191 
[peer] 20:04:33.753525 vrf.go:113: Miner lottery winner is 2 at 28 
[peer] 20:04:33.753532 vrf.go:113: Miner lottery winner is 1 at 14 
[peer] 20:04:33.753539 vrf.go:129: Noise lottery winner is 9 at 95 
[peer] 20:04:33.753552 main.go:238: Verifiers are [%!s(int=19)]
[peer] 20:04:33.753560 main.go:239: Miners are [%!s(int=2) %!s(int=1)]
[peer] 20:04:33.753567 main.go:240: Noisers are [%!s(int=9)]
[peer] 20:04:33.753574 main.go:643: 4:I am not miner or verifier. Iteration:3
[peer] 20:04:33.753597 main.go:779: Got lock, processing block
[peer] 20:04:33.753611 blockchain.go:70: Returning a block
[peer] 20:04:33.753617 main.go:786: Already have block
[peer] 20:04:33.753624 main.go:790: Released bool lock
[peer] 20:04:33.753630 blockchain.go:70: Returning a block
[peer] 20:04:33.753635 blockchain.go:70: Returning a block
[peer] 20:04:33.753641 main.go:818: 4:Equal block
[peer] 20:04:33.753652 main.go:779: Got lock, processing block
[peer] 20:04:33.753665 blockchain.go:81: Returning nil
[peer] 20:04:33.753677 main.go:868: 4:Adding block for 3, I am at 3
[peer] 20:04:33.753690 honest.go:303: Trying to append block with iteration:3
[peer] 20:04:33.753696 blockchain.go:81: Returning nil
[peer] 20:04:33.753702 honest.go:319: Append successful
[peer] 20:04:33.753720 main.go:899: 4:Sending block of iteration: 3
[peer] 20:04:33.753719 main.go:779: Got lock, processing block
[peer] 20:04:33.753780 blockchain.go:70: Returning a block
[peer] 20:04:33.753791 main.go:786: Already have block
[peer] 20:04:33.753803 main.go:790: Released bool lock
[peer] 20:04:33.753814 blockchain.go:70: Returning a block
[peer] 20:04:33.753824 blockchain.go:70: Returning a block
[peer] 20:04:33.753835 main.go:818: 4:Equal block
[peer] 20:04:33.753846 main.go:779: Got lock, processing block
[peer] 20:04:33.753862 blockchain.go:70: Returning a block
[peer] 20:04:33.753868 main.go:786: Already have block
[peer] 20:04:33.753877 main.go:790: Released bool lock
[peer] 20:04:33.753885 blockchain.go:70: Returning a block
[peer] 20:04:33.753892 blockchain.go:70: Returning a block
[peer] 20:04:33.753898 main.go:779: Got lock, processing block
[peer] 20:04:33.753913 blockchain.go:70: Returning a block
[peer] 20:04:33.753921 main.go:786: Already have block
[peer] 20:04:33.753929 main.go:790: Released bool lock
[peer] 20:04:33.753936 blockchain.go:70: Returning a block
[peer] 20:04:33.753943 blockchain.go:70: Returning a block
[peer] 20:04:33.753950 main.go:818: 4:Equal block
[peer] 20:04:33.753959 main.go:779: Got lock, processing block
[peer] 20:04:33.753966 blockchain.go:70: Returning a block
[peer] 20:04:33.753972 main.go:786: Already have block
[peer] 20:04:33.753980 main.go:790: Released bool lock
[peer] 20:04:33.753987 blockchain.go:70: Returning a block
[peer] 20:04:33.753994 blockchain.go:70: Returning a block
[peer] 20:04:33.754000 main.go:818: 4:Equal block
[peer] 20:04:33.753900 main.go:818: 4:Equal block
[peer] 20:04:33.754007 main.go:779: Got lock, processing block
[peer] 20:04:33.754020 blockchain.go:70: Returning a block
[peer] 20:04:33.754027 main.go:786: Already have block
[peer] 20:04:33.754036 main.go:790: Released bool lock
[peer] 20:04:33.754043 blockchain.go:70: Returning a block
[peer] 20:04:33.754050 blockchain.go:70: Returning a block
[peer] 20:04:33.754056 main.go:818: 4:Equal block
[peer] 20:04:33.754064 main.go:779: Got lock, processing block
[peer] 20:04:33.754071 blockchain.go:70: Returning a block
[peer] 20:04:33.754077 main.go:786: Already have block
[peer] 20:04:33.754085 main.go:790: Released bool lock
[peer] 20:04:33.754093 blockchain.go:70: Returning a block
[peer] 20:04:33.754098 blockchain.go:70: Returning a block
[peer] 20:04:33.754105 main.go:818: 4:Equal block
[peer] 20:04:33.754121 main.go:990: 4:Computing Update
[peer] 20:04:33.754595 main.go:997: Sending update to verifiers
[peer] 20:04:33.754642 main.go:946: 4:Block sent to peer successful. Peer: 198.162.52.126:8000 Iteration: 3
[peer] 20:04:33.754642 main.go:946: 4:Block sent to peer successful. Peer: 198.162.52.126:8007 Iteration: 3
[peer] 20:04:33.754643 main.go:946: 4:Block sent to peer successful. Peer: 198.162.52.126:8002 Iteration: 3
[peer] 20:04:33.754643 main.go:946: 4:Block sent to peer successful. Peer: 198.162.52.126:8001 Iteration: 3
[peer] 20:04:33.754778 main.go:946: 4:Block sent to peer successful. Peer: 198.162.52.126:8008 Iteration: 3
[peer] 20:04:33.754788 main.go:946: 4:Block sent to peer successful. Peer: 198.162.52.126:8009 Iteration: 3
[peer] 20:04:33.754789 main.go:946: 4:Block sent to peer successful. Peer: 198.162.52.126:8006 Iteration: 3
[peer] 20:04:33.754841 main.go:946: 4:Block sent to peer successful. Peer: 198.162.52.126:8003 Iteration: 3
[peer] 20:04:33.754849 main.go:946: 4:Block sent to peer successful. Peer: 198.162.52.126:8005 Iteration: 3
[err] 20:04:33.754922 main.go:296: Unable to connect to verifier, err = dial tcp 198.162.52.57:8019: connect: connection refused
[peer] 20:04:33.754928 main.go:917: 4:RPC calls successfully returned. Iteration: 3
[peer] 20:04:33.754945 main.go:1064: GOT VERIFIER ERROR
[peer] 20:04:33.755927 honest.go:130: 4Train Error is 1.00000 in Iteration 3
[peer] 20:04:33.755945 main.go:923: 4:Preparing for next Iteration. Current Iteration: 3
[peer] 20:04:33.893645 main.go:178: 4:Got block message, iteration 3
[peer] 20:04:33.893723 main.go:776: Trying to acquire lock...
[peer] 20:04:33.904178 main.go:178: 4:Got block message, iteration 3
[peer] 20:04:33.904265 main.go:776: Trying to acquire lock...
[peer] 20:04:34.222050 main.go:178: 4:Got block message, iteration 4
[peer] 20:04:34.222191 main.go:776: Trying to acquire lock...
[peer] 20:04:34.755169 main.go:1074: 4:Will try and create an empty block
[peer] 20:04:34.755223 blockchain.go:70: Returning a block
[err] 20:04:34.755252 main.go:296: Iteration: 3, err = Forbidden overwrite of block foiled
[peer] 20:04:34.755268 main.go:990: 4:Computing Update
[peer] 20:04:34.755817 main.go:997: Sending update to verifiers
[err] 20:04:34.756312 main.go:296: Unable to connect to verifier, err = dial tcp 198.162.52.57:8019: connect: connection refused
[peer] 20:04:34.756335 main.go:1064: GOT VERIFIER ERROR
[peer] 20:04:34.937655 main.go:178: 4:Got block message, iteration 4
[peer] 20:04:34.937797 main.go:776: Trying to acquire lock...
[peer] 20:04:35.006782 main.go:178: 4:Got block message, iteration 4
[peer] 20:04:35.006854 main.go:776: Trying to acquire lock...
[peer] 20:04:35.015169 main.go:178: 4:Got block message, iteration 4
[peer] 20:04:35.015248 main.go:776: Trying to acquire lock...
[peer] 20:04:35.181102 main.go:200: 4:Registering peer:198.162.52.57:8012
[peer] 20:04:35.181119 main.go:211: Advertising chain to peer with length 5
[peer] 20:04:35.211673 main.go:200: 4:Registering peer:198.162.52.57:8014
[peer] 20:04:35.211715 main.go:211: Advertising chain to peer with length 5
[peer] 20:04:35.221586 main.go:200: 4:Registering peer:198.162.52.57:8013
[peer] 20:04:35.221610 main.go:211: Advertising chain to peer with length 5
[peer] 20:04:35.277600 main.go:178: 4:Got block message, iteration 4
[peer] 20:04:35.277676 main.go:776: Trying to acquire lock...
[peer] 20:04:35.288622 main.go:200: 4:Registering peer:198.162.52.57:8010
[peer] 20:04:35.288643 main.go:211: Advertising chain to peer with length 5
[peer] 20:04:35.333036 main.go:200: 4:Registering peer:198.162.52.57:8011
[peer] 20:04:35.333058 main.go:211: Advertising chain to peer with length 5
[peer] 20:04:35.387152 main.go:200: 4:Registering peer:198.162.52.57:8017
[peer] 20:04:35.387175 main.go:211: Advertising chain to peer with length 5
[peer] 20:04:35.392670 main.go:200: 4:Registering peer:198.162.52.57:8016
[peer] 20:04:35.392695 main.go:211: Advertising chain to peer with length 5
[peer] 20:04:35.439068 main.go:200: 4:Registering peer:198.162.52.57:8018
[peer] 20:04:35.439091 main.go:211: Advertising chain to peer with length 5
[peer] 20:04:35.447578 main.go:200: 4:Registering peer:198.162.52.57:8015
[peer] 20:04:35.447599 main.go:211: Advertising chain to peer with length 5
[peer] 20:04:35.474550 main.go:178: 4:Got block message, iteration 4
[peer] 20:04:35.474716 main.go:776: Trying to acquire lock...
[peer] 20:04:35.499903 main.go:178: 4:Got block message, iteration 4
[peer] 20:04:35.499978 main.go:776: Trying to acquire lock...
[peer] 20:04:35.536444 main.go:200: 4:Registering peer:198.162.52.57:8019
[peer] 20:04:35.536464 main.go:211: Advertising chain to peer with length 5
[peer] 20:04:35.575920 main.go:178: 4:Got block message, iteration 4
[peer] 20:04:35.575989 main.go:776: Trying to acquire lock...
[peer] 20:04:35.756463 main.go:1074: 4:Will try and create an empty block
[peer] 20:04:35.756508 blockchain.go:70: Returning a block
[err] 20:04:35.756523 main.go:296: Iteration: 3, err = Forbidden overwrite of block foiled
[peer] 20:04:35.756554 main.go:628: Moving on to next iteration 4
[peer] 20:04:35.756593 blockchain.go:51: Latest Block Hash is: fbf8681661f99974639acc160d1f2e2a3d4d8b58af6f7e6a552daf58d690fb4a
[peer] 20:04:35.757936 vrf.go:97: Verifier lottery winner is 10 at 104 
[peer] 20:04:35.757947 vrf.go:113: Miner lottery winner is 19 at 192 
[peer] 20:04:35.757954 vrf.go:113: Miner lottery winner is 4 at 46 
[peer] 20:04:35.757961 vrf.go:129: Noise lottery winner is 12 at 129 
[peer] 20:04:35.757974 main.go:238: Verifiers are [%!s(int=10)]
[peer] 20:04:35.757983 main.go:239: Miners are [%!s(int=19) %!s(int=4)]
[peer] 20:04:35.757990 main.go:240: Noisers are [%!s(int=12)]
[peer] 20:04:35.757998 main.go:636: 4:I am miner. Iteration:4
[peer] 20:04:35.758024 main.go:779: Got lock, processing block
[peer] 20:04:35.758047 blockchain.go:70: Returning a block
[peer] 20:04:35.758064 main.go:786: Already have block
[peer] 20:04:35.758075 main.go:790: Released bool lock
[peer] 20:04:35.758082 blockchain.go:70: Returning a block
[peer] 20:04:35.758087 blockchain.go:70: Returning a block
[peer] 20:04:35.758102 main.go:818: 4:Equal block
[peer] 20:04:35.758110 main.go:779: Got lock, processing block
[peer] 20:04:35.758116 blockchain.go:70: Returning a block
[peer] 20:04:35.758121 main.go:786: Already have block
[peer] 20:04:35.758128 main.go:790: Released bool lock
[peer] 20:04:35.758134 blockchain.go:70: Returning a block
[peer] 20:04:35.758139 blockchain.go:70: Returning a block
[peer] 20:04:35.758144 main.go:818: 4:Equal block
[peer] 20:04:35.758151 main.go:779: Got lock, processing block
[peer] 20:04:35.758156 blockchain.go:81: Returning nil
[peer] 20:04:35.758165 main.go:868: 4:Adding block for 4, I am at 4
[peer] 20:04:35.758179 honest.go:303: Trying to append block with iteration:4
[peer] 20:04:35.758185 blockchain.go:81: Returning nil
[peer] 20:04:35.758191 honest.go:319: Append successful
[peer] 20:04:35.758205 main.go:899: 4:Sending block of iteration: 4
[peer] 20:04:35.758204 main.go:779: Got lock, processing block
[peer] 20:04:35.758236 blockchain.go:70: Returning a block
[peer] 20:04:35.758246 main.go:786: Already have block
[peer] 20:04:35.758257 main.go:790: Released bool lock
[peer] 20:04:35.758267 blockchain.go:70: Returning a block
[peer] 20:04:35.758275 blockchain.go:70: Returning a block
[peer] 20:04:35.758284 main.go:818: 4:Equal block
[peer] 20:04:35.758296 main.go:779: Got lock, processing block
[peer] 20:04:35.758305 blockchain.go:70: Returning a block
[peer] 20:04:35.758313 main.go:786: Already have block
[peer] 20:04:35.758324 main.go:790: Released bool lock
[peer] 20:04:35.758334 blockchain.go:70: Returning a block
[peer] 20:04:35.758343 blockchain.go:70: Returning a block
[peer] 20:04:35.758352 main.go:818: 4:Equal block
[peer] 20:04:35.758363 main.go:779: Got lock, processing block
[peer] 20:04:35.758372 blockchain.go:70: Returning a block
[peer] 20:04:35.758381 main.go:786: Already have block
[peer] 20:04:35.758392 main.go:790: Released bool lock
[peer] 20:04:35.758402 blockchain.go:70: Returning a block
[peer] 20:04:35.758411 blockchain.go:70: Returning a block
[peer] 20:04:35.758422 main.go:818: 4:Equal block
[peer] 20:04:35.758430 main.go:779: Got lock, processing block
[peer] 20:04:35.758447 blockchain.go:70: Returning a block
[peer] 20:04:35.758470 main.go:786: Already have block
[peer] 20:04:35.758483 main.go:790: Released bool lock
[peer] 20:04:35.758494 blockchain.go:70: Returning a block
[peer] 20:04:35.758502 blockchain.go:70: Returning a block
[peer] 20:04:35.758510 main.go:818: 4:Equal block
[err] 20:04:35.758482 main.go:296: rpc Dial, err = dial tcp 198.162.52.126:8001: connect: connection refused
[peer] 20:04:35.758529 main.go:968: 4:Peer Unresponsive. Removed Peer:198.162.52.126:8001
[peer] 20:04:35.758540 main.go:779: Got lock, processing block
[peer] 20:04:35.758549 blockchain.go:70: Returning a block
[peer] 20:04:35.758557 main.go:786: Already have block
[peer] 20:04:35.758568 main.go:790: Released bool lock
[peer] 20:04:35.758577 blockchain.go:70: Returning a block
[peer] 20:04:35.758585 blockchain.go:70: Returning a block
[peer] 20:04:35.758595 main.go:818: 4:Equal block
[peer] 20:04:35.758607 main.go:779: Got lock, processing block
[peer] 20:04:35.758615 blockchain.go:70: Returning a block
[peer] 20:04:35.758623 main.go:786: Already have block
[peer] 20:04:35.758643 main.go:790: Released bool lock
[peer] 20:04:35.758654 blockchain.go:70: Returning a block
[peer] 20:04:35.758663 blockchain.go:70: Returning a block
[peer] 20:04:35.758672 main.go:818: 4:Equal block
[peer] 20:04:35.758682 main.go:779: Got lock, processing block
[peer] 20:04:35.758696 blockchain.go:70: Returning a block
[peer] 20:04:35.758705 main.go:786: Already have block
[peer] 20:04:35.758717 main.go:790: Released bool lock
[peer] 20:04:35.758727 blockchain.go:70: Returning a block
[peer] 20:04:35.758737 blockchain.go:70: Returning a block
[peer] 20:04:35.758747 main.go:818: 4:Equal block
[err] 20:04:35.759125 main.go:296: rpc Dial, err = dial tcp 198.162.52.57:8019: connect: connection refused
[err] 20:04:35.759140 main.go:296: rpc Dial, err = dial tcp 198.162.52.57:8014: connect: connection refused
[peer] 20:04:35.759146 main.go:968: 4:Peer Unresponsive. Removed Peer:198.162.52.57:8019
[err] 20:04:35.759146 main.go:296: rpc Dial, err = dial tcp 198.162.52.57:8015: connect: connection refused
[err] 20:04:35.759127 main.go:296: rpc Dial, err = dial tcp 198.162.52.57:8017: connect: connection refused
[err] 20:04:35.759151 main.go:296: rpc Dial, err = dial tcp 198.162.52.57:8011: connect: connection refused
[err] 20:04:35.759144 main.go:296: rpc Dial, err = dial tcp 198.162.52.57:8010: connect: connection refused
[peer] 20:04:35.759159 main.go:968: 4:Peer Unresponsive. Removed Peer:198.162.52.57:8014
[peer] 20:04:35.759181 main.go:968: 4:Peer Unresponsive. Removed Peer:198.162.52.57:8015
[peer] 20:04:35.759192 main.go:968: 4:Peer Unresponsive. Removed Peer:198.162.52.57:8017
[peer] 20:04:35.759206 main.go:968: 4:Peer Unresponsive. Removed Peer:198.162.52.57:8011
[peer] 20:04:35.759215 main.go:968: 4:Peer Unresponsive. Removed Peer:198.162.52.57:8010
[peer] 20:04:35.759297 main.go:946: 4:Block sent to peer successful. Peer: 198.162.52.126:8008 Iteration: 4
[peer] 20:04:35.759356 main.go:946: 4:Block sent to peer successful. Peer: 198.162.52.126:8000 Iteration: 4
[peer] 20:04:35.759364 main.go:946: 4:Block sent to peer successful. Peer: 198.162.52.126:8003 Iteration: 4
[peer] 20:04:35.759426 main.go:946: 4:Block sent to peer successful. Peer: 198.162.52.126:8005 Iteration: 4
[peer] 20:04:35.759365 main.go:946: 4:Block sent to peer successful. Peer: 198.162.52.126:8009 Iteration: 4
[peer] 20:04:35.759460 main.go:946: 4:Block sent to peer successful. Peer: 198.162.52.126:8006 Iteration: 4
[err] 20:04:35.759476 main.go:296: rpc Dial, err = dial tcp 198.162.52.57:8018: connect: connection refused
[peer] 20:04:35.759493 main.go:968: 4:Peer Unresponsive. Removed Peer:198.162.52.57:8018
[peer] 20:04:35.759512 main.go:946: 4:Block sent to peer successful. Peer: 198.162.52.126:8002 Iteration: 4
[peer] 20:04:35.759667 main.go:946: 4:Block sent to peer successful. Peer: 198.162.52.126:8007 Iteration: 4
[peer] 20:04:35.760073 main.go:946: 4:Block sent to peer successful. Peer: 198.162.52.57:8013 Iteration: 4
[peer] 20:04:35.760075 main.go:946: 4:Block sent to peer successful. Peer: 198.162.52.57:8012 Iteration: 4
[peer] 20:04:35.760346 main.go:946: 4:Block sent to peer successful. Peer: 198.162.52.57:8016 Iteration: 4
[peer] 20:04:35.760388 main.go:917: 4:RPC calls successfully returned. Iteration: 4
[peer] 20:04:35.761441 honest.go:130: 4Train Error is 1.00000 in Iteration 4
[peer] 20:04:35.761465 main.go:923: 4:Preparing for next Iteration. Current Iteration: 4
[peer] 20:04:35.761474 main.go:628: Moving on to next iteration 5
[peer] 20:04:35.761492 blockchain.go:51: Latest Block Hash is: 80a68a6ecbc9bfb947b6160c42231d1350895abe309bf9ac8c41c03f8d6f58bd
[peer] 20:04:35.763552 vrf.go:97: Verifier lottery winner is 13 at 134 
[peer] 20:04:35.763565 vrf.go:113: Miner lottery winner is 3 at 34 
[peer] 20:04:35.763575 vrf.go:113: Miner lottery winner is 3 at 38 
[peer] 20:04:35.763583 vrf.go:113: Miner lottery winner is 16 at 163 
[peer] 20:04:35.763592 vrf.go:129: Noise lottery winner is 16 at 169 
[peer] 20:04:35.763608 main.go:238: Verifiers are [%!s(int=13)]
[peer] 20:04:35.763620 main.go:239: Miners are [%!s(int=3) %!s(int=16)]
[peer] 20:04:35.763630 main.go:240: Noisers are [%!s(int=16)]
[peer] 20:04:35.763640 main.go:643: 4:I am not miner or verifier. Iteration:5
[peer] 20:04:35.858941 main.go:990: 4:Computing Update
[peer] 20:04:35.859307 main.go:997: Sending update to verifiers
[peer] 20:04:35.859953 main.go:1045: 4:Making RPC Call to Verifier. Sending Update, Iteration:5
[peer] 20:04:35.862631 main.go:1052: 4:Update verified. Iteration:5
[peer] 20:04:35.862787 main.go:1005: Sending update to miners
