[peer] 01:25:59.389782 honest.go:107: 33Importing modules...
[peer] 01:26:04.358186 honest.go:122: 33Sucessfully pulled dataset. Features: 25
[peer] 01:26:04.358764 main.go:487: 33:Announcing myself to network
[peer] 01:26:04.358894 main.go:492: 33:Calling {198.162.52.126 %!s(int=8000) }
[peer] 01:26:04.358911 main.go:511: 33:Inside callRegisterRPC
[peer] 01:26:04.358922 main.go:516: 33Making RPC call
[peer] 01:26:04.359285 main.go:629: 33:Peer started. Receiving on 8033
[peer] 01:26:04.359736 main.go:522: 33RPC dial successful
[peer] 01:26:04.359758 main.go:525: 33:Calling RPC:198.162.52.126:8000
[peer] 01:26:04.359851 main.go:527: 33:RPC called198.162.52.126:8000
[peer] 01:26:04.361704 main.go:534: 33:Announced myself to a fellow peer at port. Got lastest chain
[peer] 01:26:04.361734 main.go:541: Chain length received:5
[peer] 01:26:04.361744 main.go:542: My chain length:1
[peer] 01:26:04.361750 honest.go:340: Received chain length:5
[peer] 01:26:04.361756 honest.go:341: Appended chain length:5
[peer] 01:26:04.361762 main.go:555: 33Got lastest chain until iteration 3
[peer] 01:26:04.361848 main.go:492: 33:Calling {198.162.52.126 %!s(int=8001) }
[peer] 01:26:04.361860 main.go:511: 33:Inside callRegisterRPC
[peer] 01:26:04.361873 main.go:516: 33Making RPC call
[err] 01:26:04.362316 main.go:302: Peer offline.Couldn't connect to peer: 198.162.52.126:8001, err = dial tcp 198.162.52.126:8001: connect: connection refused
[peer] 01:26:04.362360 main.go:492: 33:Calling {198.162.52.126 %!s(int=8002) }
[peer] 01:26:04.362368 main.go:511: 33:Inside callRegisterRPC
[peer] 01:26:04.362375 main.go:516: 33Making RPC call
[err] 01:26:04.362852 main.go:302: Peer offline.Couldn't connect to peer: 198.162.52.126:8002, err = dial tcp 198.162.52.126:8002: connect: connection refused
[peer] 01:26:04.362869 main.go:492: 33:Calling {198.162.52.126 %!s(int=8003) }
[peer] 01:26:04.362876 main.go:511: 33:Inside callRegisterRPC
[peer] 01:26:04.362881 main.go:516: 33Making RPC call
[err] 01:26:04.363390 main.go:302: Peer offline.Couldn't connect to peer: 198.162.52.126:8003, err = dial tcp 198.162.52.126:8003: connect: connection refused
[peer] 01:26:04.363415 main.go:492: 33:Calling {198.162.52.126 %!s(int=8004) }
[peer] 01:26:04.363423 main.go:511: 33:Inside callRegisterRPC
[peer] 01:26:04.363429 main.go:516: 33Making RPC call
[err] 01:26:04.363918 main.go:302: Peer offline.Couldn't connect to peer: 198.162.52.126:8004, err = dial tcp 198.162.52.126:8004: connect: connection refused
[peer] 01:26:04.363943 main.go:492: 33:Calling {198.162.52.126 %!s(int=8005) }
[peer] 01:26:04.363950 main.go:511: 33:Inside callRegisterRPC
[peer] 01:26:04.363957 main.go:516: 33Making RPC call
[err] 01:26:04.364477 main.go:302: Peer offline.Couldn't connect to peer: 198.162.52.126:8005, err = dial tcp 198.162.52.126:8005: connect: connection refused
[peer] 01:26:04.364501 main.go:492: 33:Calling {198.162.52.126 %!s(int=8006) }
[peer] 01:26:04.364509 main.go:511: 33:Inside callRegisterRPC
[peer] 01:26:04.364515 main.go:516: 33Making RPC call
[err] 01:26:04.365015 main.go:302: Peer offline.Couldn't connect to peer: 198.162.52.126:8006, err = dial tcp 198.162.52.126:8006: connect: connection refused
[peer] 01:26:04.365039 main.go:492: 33:Calling {198.162.52.126 %!s(int=8007) }
[peer] 01:26:04.365047 main.go:511: 33:Inside callRegisterRPC
[peer] 01:26:04.365053 main.go:516: 33Making RPC call
[err] 01:26:04.365554 main.go:302: Peer offline.Couldn't connect to peer: 198.162.52.126:8007, err = dial tcp 198.162.52.126:8007: connect: connection refused
[peer] 01:26:04.365578 main.go:492: 33:Calling {198.162.52.126 %!s(int=8008) }
[peer] 01:26:04.365586 main.go:511: 33:Inside callRegisterRPC
[peer] 01:26:04.365592 main.go:516: 33Making RPC call
[err] 01:26:04.366099 main.go:302: Peer offline.Couldn't connect to peer: 198.162.52.126:8008, err = dial tcp 198.162.52.126:8008: connect: connection refused
[peer] 01:26:04.366123 main.go:492: 33:Calling {198.162.52.126 %!s(int=8009) }
[peer] 01:26:04.366131 main.go:511: 33:Inside callRegisterRPC
[peer] 01:26:04.366137 main.go:516: 33Making RPC call
[err] 01:26:04.366631 main.go:302: Peer offline.Couldn't connect to peer: 198.162.52.126:8009, err = dial tcp 198.162.52.126:8009: connect: connection refused
[peer] 01:26:04.366655 main.go:492: 33:Calling {198.162.52.126 %!s(int=8010) }
[peer] 01:26:04.366663 main.go:511: 33:Inside callRegisterRPC
[peer] 01:26:04.366669 main.go:516: 33Making RPC call
[err] 01:26:04.367160 main.go:302: Peer offline.Couldn't connect to peer: 198.162.52.126:8010, err = dial tcp 198.162.52.126:8010: connect: connection refused
[peer] 01:26:04.367185 main.go:492: 33:Calling {198.162.52.126 %!s(int=8011) }
[peer] 01:26:04.367193 main.go:511: 33:Inside callRegisterRPC
[peer] 01:26:04.367199 main.go:516: 33Making RPC call
[err] 01:26:04.367699 main.go:302: Peer offline.Couldn't connect to peer: 198.162.52.126:8011, err = dial tcp 198.162.52.126:8011: connect: connection refused
[peer] 01:26:04.367723 main.go:492: 33:Calling {198.162.52.126 %!s(int=8012) }
[peer] 01:26:04.367731 main.go:511: 33:Inside callRegisterRPC
[peer] 01:26:04.367737 main.go:516: 33Making RPC call
[err] 01:26:04.368225 main.go:302: Peer offline.Couldn't connect to peer: 198.162.52.126:8012, err = dial tcp 198.162.52.126:8012: connect: connection refused
[peer] 01:26:04.368249 main.go:492: 33:Calling {198.162.52.126 %!s(int=8013) }
[peer] 01:26:04.368256 main.go:511: 33:Inside callRegisterRPC
[peer] 01:26:04.368263 main.go:516: 33Making RPC call
[err] 01:26:04.368745 main.go:302: Peer offline.Couldn't connect to peer: 198.162.52.126:8013, err = dial tcp 198.162.52.126:8013: connect: connection refused
[peer] 01:26:04.368770 main.go:492: 33:Calling {198.162.52.126 %!s(int=8014) }
[peer] 01:26:04.368777 main.go:511: 33:Inside callRegisterRPC
[peer] 01:26:04.368783 main.go:516: 33Making RPC call
[err] 01:26:04.369272 main.go:302: Peer offline.Couldn't connect to peer: 198.162.52.126:8014, err = dial tcp 198.162.52.126:8014: connect: connection refused
[peer] 01:26:04.369296 main.go:492: 33:Calling {198.162.52.126 %!s(int=8015) }
[peer] 01:26:04.369304 main.go:511: 33:Inside callRegisterRPC
[peer] 01:26:04.369310 main.go:516: 33Making RPC call
[err] 01:26:04.369821 main.go:302: Peer offline.Couldn't connect to peer: 198.162.52.126:8015, err = dial tcp 198.162.52.126:8015: connect: connection refused
[peer] 01:26:04.369838 main.go:492: 33:Calling {198.162.52.126 %!s(int=8016) }
[peer] 01:26:04.369845 main.go:511: 33:Inside callRegisterRPC
[peer] 01:26:04.369851 main.go:516: 33Making RPC call
[err] 01:26:04.370333 main.go:302: Peer offline.Couldn't connect to peer: 198.162.52.126:8016, err = dial tcp 198.162.52.126:8016: connect: connection refused
[peer] 01:26:04.370361 main.go:492: 33:Calling {198.162.52.126 %!s(int=8017) }
[peer] 01:26:04.370369 main.go:511: 33:Inside callRegisterRPC
[peer] 01:26:04.370374 main.go:516: 33Making RPC call
[err] 01:26:04.370836 main.go:302: Peer offline.Couldn't connect to peer: 198.162.52.126:8017, err = dial tcp 198.162.52.126:8017: connect: connection refused
[peer] 01:26:04.370854 main.go:492: 33:Calling {198.162.52.126 %!s(int=8018) }
[peer] 01:26:04.370860 main.go:511: 33:Inside callRegisterRPC
[peer] 01:26:04.370865 main.go:516: 33Making RPC call
[err] 01:26:04.371110 main.go:302: Peer offline.Couldn't connect to peer: 198.162.52.126:8018, err = dial tcp 198.162.52.126:8018: connect: connection refused
[peer] 01:26:04.371135 main.go:492: 33:Calling {198.162.52.126 %!s(int=8019) }
[peer] 01:26:04.371143 main.go:511: 33:Inside callRegisterRPC
[peer] 01:26:04.371149 main.go:516: 33Making RPC call
[err] 01:26:04.371632 main.go:302: Peer offline.Couldn't connect to peer: 198.162.52.126:8019, err = dial tcp 198.162.52.126:8019: connect: connection refused
[peer] 01:26:04.371649 main.go:492: 33:Calling {198.162.52.57 %!s(int=8020) }
[peer] 01:26:04.371655 main.go:511: 33:Inside callRegisterRPC
[peer] 01:26:04.371661 main.go:516: 33Making RPC call
[peer] 01:26:04.371791 main.go:522: 33RPC dial successful
[peer] 01:26:04.371808 main.go:525: 33:Calling RPC:198.162.52.57:8020
[peer] 01:26:04.371816 main.go:527: 33:RPC called198.162.52.57:8020
[peer] 01:26:04.372516 main.go:534: 33:Announced myself to a fellow peer at port. Got lastest chain
[peer] 01:26:04.372534 main.go:541: Chain length received:6
[peer] 01:26:04.372541 main.go:542: My chain length:5
[peer] 01:26:04.372547 honest.go:340: Received chain length:6
[peer] 01:26:04.372553 honest.go:341: Appended chain length:6
[peer] 01:26:04.372558 main.go:555: 33Got lastest chain until iteration 4
[peer] 01:26:04.372612 main.go:492: 33:Calling {198.162.52.57 %!s(int=8021) }
[peer] 01:26:04.372624 main.go:511: 33:Inside callRegisterRPC
[peer] 01:26:04.372630 main.go:516: 33Making RPC call
[peer] 01:26:04.372758 main.go:522: 33RPC dial successful
[peer] 01:26:04.372772 main.go:525: 33:Calling RPC:198.162.52.57:8021
[peer] 01:26:04.372779 main.go:527: 33:RPC called198.162.52.57:8021
[peer] 01:26:04.373425 main.go:534: 33:Announced myself to a fellow peer at port. Got lastest chain
[peer] 01:26:04.373440 main.go:541: Chain length received:6
[peer] 01:26:04.373446 main.go:542: My chain length:6
[peer] 01:26:04.373494 main.go:492: 33:Calling {198.162.52.57 %!s(int=8022) }
[peer] 01:26:04.373505 main.go:511: 33:Inside callRegisterRPC
[peer] 01:26:04.373511 main.go:516: 33Making RPC call
[peer] 01:26:04.373621 main.go:522: 33RPC dial successful
[peer] 01:26:04.373635 main.go:525: 33:Calling RPC:198.162.52.57:8022
[peer] 01:26:04.373642 main.go:527: 33:RPC called198.162.52.57:8022
[peer] 01:26:04.374254 main.go:534: 33:Announced myself to a fellow peer at port. Got lastest chain
[peer] 01:26:04.374268 main.go:541: Chain length received:5
[peer] 01:26:04.374275 main.go:542: My chain length:6
[peer] 01:26:04.374322 main.go:492: 33:Calling {198.162.52.57 %!s(int=8023) }
[peer] 01:26:04.374333 main.go:511: 33:Inside callRegisterRPC
[peer] 01:26:04.374339 main.go:516: 33Making RPC call
[peer] 01:26:04.374460 main.go:522: 33RPC dial successful
[peer] 01:26:04.374474 main.go:525: 33:Calling RPC:198.162.52.57:8023
[peer] 01:26:04.374480 main.go:527: 33:RPC called198.162.52.57:8023
[peer] 01:26:04.375304 main.go:534: 33:Announced myself to a fellow peer at port. Got lastest chain
[peer] 01:26:04.375319 main.go:541: Chain length received:5
[peer] 01:26:04.375325 main.go:542: My chain length:6
[peer] 01:26:04.375366 main.go:492: 33:Calling {198.162.52.57 %!s(int=8024) }
[peer] 01:26:04.375377 main.go:511: 33:Inside callRegisterRPC
[peer] 01:26:04.375382 main.go:516: 33Making RPC call
[peer] 01:26:04.375493 main.go:522: 33RPC dial successful
[peer] 01:26:04.375507 main.go:525: 33:Calling RPC:198.162.52.57:8024
[peer] 01:26:04.375513 main.go:527: 33:RPC called198.162.52.57:8024
[peer] 01:26:04.376122 main.go:534: 33:Announced myself to a fellow peer at port. Got lastest chain
[peer] 01:26:04.376137 main.go:541: Chain length received:6
[peer] 01:26:04.376144 main.go:542: My chain length:6
[peer] 01:26:04.376184 main.go:492: 33:Calling {198.162.52.57 %!s(int=8025) }
[peer] 01:26:04.376195 main.go:511: 33:Inside callRegisterRPC
[peer] 01:26:04.376201 main.go:516: 33Making RPC call
[peer] 01:26:04.376300 main.go:522: 33RPC dial successful
[peer] 01:26:04.376314 main.go:525: 33:Calling RPC:198.162.52.57:8025
[peer] 01:26:04.376321 main.go:527: 33:RPC called198.162.52.57:8025
[peer] 01:26:04.377090 main.go:534: 33:Announced myself to a fellow peer at port. Got lastest chain
[peer] 01:26:04.377104 main.go:541: Chain length received:6
[peer] 01:26:04.377110 main.go:542: My chain length:6
[peer] 01:26:04.377151 main.go:492: 33:Calling {198.162.52.57 %!s(int=8026) }
[peer] 01:26:04.377162 main.go:511: 33:Inside callRegisterRPC
[peer] 01:26:04.377168 main.go:516: 33Making RPC call
[peer] 01:26:04.377280 main.go:522: 33RPC dial successful
[peer] 01:26:04.377294 main.go:525: 33:Calling RPC:198.162.52.57:8026
[peer] 01:26:04.377301 main.go:527: 33:RPC called198.162.52.57:8026
[peer] 01:26:04.378180 main.go:534: 33:Announced myself to a fellow peer at port. Got lastest chain
[peer] 01:26:04.378231 main.go:541: Chain length received:6
[peer] 01:26:04.378243 main.go:542: My chain length:6
[peer] 01:26:04.378346 main.go:492: 33:Calling {198.162.52.57 %!s(int=8027) }
[peer] 01:26:04.378366 main.go:511: 33:Inside callRegisterRPC
[peer] 01:26:04.378373 main.go:516: 33Making RPC call
[peer] 01:26:04.378521 main.go:522: 33RPC dial successful
[peer] 01:26:04.378540 main.go:525: 33:Calling RPC:198.162.52.57:8027
[peer] 01:26:04.378549 main.go:527: 33:RPC called198.162.52.57:8027
[peer] 01:26:04.379247 main.go:534: 33:Announced myself to a fellow peer at port. Got lastest chain
[peer] 01:26:04.379272 main.go:541: Chain length received:6
[peer] 01:26:04.379280 main.go:542: My chain length:6
[peer] 01:26:04.379348 main.go:492: 33:Calling {198.162.52.57 %!s(int=8028) }
[peer] 01:26:04.379359 main.go:511: 33:Inside callRegisterRPC
[peer] 01:26:04.379365 main.go:516: 33Making RPC call
[peer] 01:26:04.379514 main.go:522: 33RPC dial successful
[peer] 01:26:04.379534 main.go:525: 33:Calling RPC:198.162.52.57:8028
[peer] 01:26:04.379542 main.go:527: 33:RPC called198.162.52.57:8028
[peer] 01:26:04.380138 main.go:534: 33:Announced myself to a fellow peer at port. Got lastest chain
[peer] 01:26:04.380158 main.go:541: Chain length received:6
[peer] 01:26:04.380165 main.go:542: My chain length:6
[peer] 01:26:04.380216 main.go:492: 33:Calling {198.162.52.57 %!s(int=8029) }
[peer] 01:26:04.380228 main.go:511: 33:Inside callRegisterRPC
[peer] 01:26:04.380234 main.go:516: 33Making RPC call
[peer] 01:26:04.380345 main.go:522: 33RPC dial successful
[peer] 01:26:04.380365 main.go:525: 33:Calling RPC:198.162.52.57:8029
[peer] 01:26:04.380373 main.go:527: 33:RPC called198.162.52.57:8029
[peer] 01:26:04.380845 main.go:534: 33:Announced myself to a fellow peer at port. Got lastest chain
[peer] 01:26:04.380864 main.go:541: Chain length received:6
[peer] 01:26:04.380871 main.go:542: My chain length:6
[peer] 01:26:04.380936 main.go:492: 33:Calling {198.162.52.57 %!s(int=8030) }
[peer] 01:26:04.380947 main.go:511: 33:Inside callRegisterRPC
[peer] 01:26:04.380953 main.go:516: 33Making RPC call
[peer] 01:26:04.381070 main.go:522: 33RPC dial successful
[peer] 01:26:04.381089 main.go:525: 33:Calling RPC:198.162.52.57:8030
[peer] 01:26:04.381098 main.go:527: 33:RPC called198.162.52.57:8030
[peer] 01:26:04.381518 main.go:534: 33:Announced myself to a fellow peer at port. Got lastest chain
[peer] 01:26:04.381533 main.go:541: Chain length received:6
[peer] 01:26:04.381539 main.go:542: My chain length:6
[peer] 01:26:04.381584 main.go:492: 33:Calling {198.162.52.57 %!s(int=8031) }
[peer] 01:26:04.381594 main.go:511: 33:Inside callRegisterRPC
[peer] 01:26:04.381600 main.go:516: 33Making RPC call
[peer] 01:26:04.381703 main.go:522: 33RPC dial successful
[peer] 01:26:04.381722 main.go:525: 33:Calling RPC:198.162.52.57:8031
[peer] 01:26:04.381730 main.go:527: 33:RPC called198.162.52.57:8031
[peer] 01:26:04.382169 main.go:534: 33:Announced myself to a fellow peer at port. Got lastest chain
[peer] 01:26:04.382184 main.go:541: Chain length received:6
[peer] 01:26:04.382191 main.go:542: My chain length:6
[peer] 01:26:04.382243 main.go:492: 33:Calling {198.162.52.57 %!s(int=8032) }
[peer] 01:26:04.382255 main.go:511: 33:Inside callRegisterRPC
[peer] 01:26:04.382261 main.go:516: 33Making RPC call
[peer] 01:26:04.382367 main.go:522: 33RPC dial successful
[peer] 01:26:04.382386 main.go:525: 33:Calling RPC:198.162.52.57:8032
[peer] 01:26:04.382401 main.go:527: 33:RPC called198.162.52.57:8032
[peer] 01:26:04.382852 main.go:534: 33:Announced myself to a fellow peer at port. Got lastest chain
[peer] 01:26:04.382873 main.go:541: Chain length received:6
[peer] 01:26:04.382880 main.go:542: My chain length:6
[peer] 01:26:04.382981 main.go:492: 33:Calling {198.162.52.57 %!s(int=8034) }
[peer] 01:26:04.382993 main.go:511: 33:Inside callRegisterRPC
[peer] 01:26:04.382999 main.go:516: 33Making RPC call
[peer] 01:26:04.383139 main.go:522: 33RPC dial successful
[peer] 01:26:04.383152 main.go:525: 33:Calling RPC:198.162.52.57:8034
[peer] 01:26:04.383159 main.go:527: 33:RPC called198.162.52.57:8034
[peer] 01:26:04.383678 main.go:534: 33:Announced myself to a fellow peer at port. Got lastest chain
[peer] 01:26:04.383698 main.go:541: Chain length received:6
[peer] 01:26:04.383713 main.go:542: My chain length:6
[peer] 01:26:04.383768 main.go:492: 33:Calling {198.162.52.57 %!s(int=8035) }
[peer] 01:26:04.383779 main.go:511: 33:Inside callRegisterRPC
[peer] 01:26:04.383785 main.go:516: 33Making RPC call
[peer] 01:26:04.383915 main.go:522: 33RPC dial successful
[peer] 01:26:04.383934 main.go:525: 33:Calling RPC:198.162.52.57:8035
[peer] 01:26:04.384005 main.go:527: 33:RPC called198.162.52.57:8035
[peer] 01:26:04.384554 main.go:534: 33:Announced myself to a fellow peer at port. Got lastest chain
[peer] 01:26:04.384568 main.go:541: Chain length received:6
[peer] 01:26:04.384574 main.go:542: My chain length:6
[peer] 01:26:04.384636 main.go:492: 33:Calling {198.162.52.57 %!s(int=8036) }
[peer] 01:26:04.384646 main.go:511: 33:Inside callRegisterRPC
[peer] 01:26:04.384662 main.go:516: 33Making RPC call
[peer] 01:26:04.384888 main.go:522: 33RPC dial successful
[peer] 01:26:04.384900 main.go:525: 33:Calling RPC:198.162.52.57:8036
[peer] 01:26:04.384907 main.go:527: 33:RPC called198.162.52.57:8036
[peer] 01:26:04.385503 main.go:534: 33:Announced myself to a fellow peer at port. Got lastest chain
[peer] 01:26:04.385522 main.go:541: Chain length received:5
[peer] 01:26:04.385529 main.go:542: My chain length:6
[peer] 01:26:04.385585 main.go:492: 33:Calling {198.162.52.57 %!s(int=8037) }
[peer] 01:26:04.385596 main.go:511: 33:Inside callRegisterRPC
[peer] 01:26:04.385608 main.go:516: 33Making RPC call
[peer] 01:26:04.385738 main.go:522: 33RPC dial successful
[peer] 01:26:04.385752 main.go:525: 33:Calling RPC:198.162.52.57:8037
[peer] 01:26:04.385759 main.go:527: 33:RPC called198.162.52.57:8037
[peer] 01:26:04.386269 main.go:534: 33:Announced myself to a fellow peer at port. Got lastest chain
[peer] 01:26:04.386283 main.go:541: Chain length received:6
[peer] 01:26:04.386290 main.go:542: My chain length:6
[peer] 01:26:04.386338 main.go:492: 33:Calling {198.162.52.57 %!s(int=8038) }
[peer] 01:26:04.386348 main.go:511: 33:Inside callRegisterRPC
[peer] 01:26:04.386354 main.go:516: 33Making RPC call
[peer] 01:26:04.386452 main.go:522: 33RPC dial successful
[peer] 01:26:04.386466 main.go:525: 33:Calling RPC:198.162.52.57:8038
[peer] 01:26:04.386473 main.go:527: 33:RPC called198.162.52.57:8038
[peer] 01:26:04.386911 main.go:534: 33:Announced myself to a fellow peer at port. Got lastest chain
[peer] 01:26:04.386928 main.go:541: Chain length received:3
[peer] 01:26:04.386935 main.go:542: My chain length:6
[peer] 01:26:04.386989 main.go:492: 33:Calling {198.162.52.57 %!s(int=8039) }
[peer] 01:26:04.387000 main.go:511: 33:Inside callRegisterRPC
[peer] 01:26:04.387006 main.go:516: 33Making RPC call
[peer] 01:26:04.387137 main.go:522: 33RPC dial successful
[peer] 01:26:04.387150 main.go:525: 33:Calling RPC:198.162.52.57:8039
[peer] 01:26:04.387157 main.go:527: 33:RPC called198.162.52.57:8039
[peer] 01:26:04.387574 main.go:534: 33:Announced myself to a fellow peer at port. Got lastest chain
[peer] 01:26:04.387589 main.go:541: Chain length received:6
[peer] 01:26:04.387595 main.go:542: My chain length:6
[peer] 01:26:04.387637 main.go:502: 33:Bootstrapped Network. Calling signal
[peer] 01:26:04.387651 main.go:504: 33:Bootstrapped Network. Signal called
[peer] 01:26:04.387678 main.go:588: 33:Acquiring bool lock
[peer] 01:26:04.387693 main.go:590: 33:Acquired bool lock
[peer] 01:26:04.388947 main.go:609: 33:I am not verifier IterationCount:5
[peer] 01:26:04.388959 main.go:614: 33:Bool lock released
[peer] 01:26:04.388965 main.go:824: 33:Computing Update
[peer] 01:26:04.390095 main.go:270: 33 : VRF returned ID map[21:{}]
[peer] 01:26:04.390113 main.go:280: 33 :Verifiers [198.162.52.57:8021] returned.
[peer] 01:26:04.390256 main.go:869: 33:Making RPC Call to Verifier. Sending Update, Iteration:5
[peer] 01:26:04.391461 main.go:876: 33:Update sent successfully
[peer] 01:26:04.966774 main.go:633: 33:Accepted new Connection
[peer] 01:26:04.972886 main.go:130: 33:Got block message, iteration 2
[peer] 01:26:04.972911 main.go:137: 33:Acquiring bool lock
[peer] 01:26:04.972918 main.go:139: 33:Acquired bool lock
[peer] 01:26:04.972931 main.go:140: Chain Length:6
[peer] 01:26:04.972937 blockchain.go:68: Returning a block
[peer] 01:26:04.972943 main.go:142: Chain Length:6
[peer] 01:26:04.972948 main.go:147: Already have block
[peer] 01:26:04.972954 main.go:152: 33:Bool lock released
[peer] 01:26:04.972959 blockchain.go:68: Returning a block
[peer] 01:26:04.972965 blockchain.go:68: Returning a block
[peer] 01:26:04.972971 main.go:179: 33:Equal block
[peer] 01:26:05.010788 main.go:633: 33:Accepted new Connection
[peer] 01:26:05.013324 main.go:130: 33:Got block message, iteration 4
[peer] 01:26:05.013390 main.go:137: 33:Acquiring bool lock
[peer] 01:26:05.013401 main.go:139: 33:Acquired bool lock
[peer] 01:26:05.013406 main.go:140: Chain Length:6
[peer] 01:26:05.013412 blockchain.go:68: Returning a block
[peer] 01:26:05.013417 main.go:142: Chain Length:6
[peer] 01:26:05.013423 main.go:147: Already have block
[peer] 01:26:05.013458 main.go:152: 33:Bool lock released
[peer] 01:26:05.013466 blockchain.go:68: Returning a block
[peer] 01:26:05.013472 blockchain.go:68: Returning a block
[peer] 01:26:05.013478 main.go:179: 33:Equal block
[peer] 01:26:05.039882 main.go:633: 33:Accepted new Connection
[peer] 01:26:05.044124 main.go:633: 33:Accepted new Connection
[peer] 01:26:05.057988 main.go:130: 33:Got block message, iteration 3
[peer] 01:26:05.058015 main.go:137: 33:Acquiring bool lock
[peer] 01:26:05.058022 main.go:139: 33:Acquired bool lock
[peer] 01:26:05.058028 main.go:140: Chain Length:6
[peer] 01:26:05.058034 blockchain.go:68: Returning a block
[peer] 01:26:05.058040 main.go:142: Chain Length:6
[peer] 01:26:05.058047 main.go:147: Already have block
[peer] 01:26:05.058054 main.go:152: 33:Bool lock released
[peer] 01:26:05.058060 blockchain.go:68: Returning a block
[peer] 01:26:05.058066 blockchain.go:68: Returning a block
[peer] 01:26:05.058072 main.go:179: 33:Equal block
[peer] 01:26:05.064927 main.go:633: 33:Accepted new Connection
[peer] 01:26:05.073353 main.go:130: 33:Got block message, iteration 4
[peer] 01:26:05.073372 main.go:137: 33:Acquiring bool lock
[peer] 01:26:05.073378 main.go:139: 33:Acquired bool lock
[peer] 01:26:05.073384 main.go:140: Chain Length:6
[peer] 01:26:05.073389 blockchain.go:68: Returning a block
[peer] 01:26:05.073394 main.go:142: Chain Length:6
[peer] 01:26:05.073399 main.go:147: Already have block
[peer] 01:26:05.073405 main.go:152: 33:Bool lock released
[peer] 01:26:05.073410 blockchain.go:68: Returning a block
[peer] 01:26:05.073415 blockchain.go:68: Returning a block
[peer] 01:26:05.073420 main.go:179: 33:Equal block
[peer] 01:26:05.088012 main.go:130: 33:Got block message, iteration 4
[peer] 01:26:05.088031 main.go:137: 33:Acquiring bool lock
[peer] 01:26:05.088037 main.go:139: 33:Acquired bool lock
[peer] 01:26:05.088042 main.go:140: Chain Length:6
[peer] 01:26:05.088048 blockchain.go:68: Returning a block
[peer] 01:26:05.088053 main.go:142: Chain Length:6
[peer] 01:26:05.088058 main.go:147: Already have block
[peer] 01:26:05.088064 main.go:152: 33:Bool lock released
[peer] 01:26:05.088069 blockchain.go:68: Returning a block
[peer] 01:26:05.088074 blockchain.go:68: Returning a block
[peer] 01:26:05.088079 main.go:179: 33:Equal block
[peer] 01:26:05.096975 main.go:633: 33:Accepted new Connection
[peer] 01:26:05.102310 main.go:130: 33:Got block message, iteration 4
[peer] 01:26:05.102330 main.go:137: 33:Acquiring bool lock
[peer] 01:26:05.102336 main.go:139: 33:Acquired bool lock
[peer] 01:26:05.102341 main.go:140: Chain Length:6
[peer] 01:26:05.102346 blockchain.go:68: Returning a block
[peer] 01:26:05.102352 main.go:142: Chain Length:6
[peer] 01:26:05.102358 main.go:147: Already have block
[peer] 01:26:05.102364 main.go:152: 33:Bool lock released
[peer] 01:26:05.102370 blockchain.go:68: Returning a block
[peer] 01:26:05.102375 blockchain.go:68: Returning a block
[peer] 01:26:05.102380 main.go:179: 33:Equal block
[peer] 01:26:05.246435 main.go:633: 33:Accepted new Connection
[peer] 01:26:05.246694 main.go:130: 33:Got block message, iteration 4
[peer] 01:26:05.246711 main.go:137: 33:Acquiring bool lock
[peer] 01:26:05.246723 main.go:139: 33:Acquired bool lock
[peer] 01:26:05.246729 main.go:140: Chain Length:6
[peer] 01:26:05.246734 blockchain.go:68: Returning a block
[peer] 01:26:05.246739 main.go:142: Chain Length:6
[peer] 01:26:05.246745 main.go:147: Already have block
[peer] 01:26:05.246771 main.go:152: 33:Bool lock released
[peer] 01:26:05.246776 blockchain.go:68: Returning a block
[peer] 01:26:05.246781 blockchain.go:68: Returning a block
[peer] 01:26:05.246786 main.go:179: 33:Equal block
[peer] 01:26:05.342112 main.go:633: 33:Accepted new Connection
[peer] 01:26:05.342345 main.go:130: 33:Got block message, iteration 5
[peer] 01:26:05.342365 main.go:137: 33:Acquiring bool lock
[peer] 01:26:05.342372 main.go:139: 33:Acquired bool lock
[peer] 01:26:05.342378 main.go:140: Chain Length:6
[peer] 01:26:05.342384 blockchain.go:71: Returning nil
[peer] 01:26:05.342392 main.go:142: Chain Length:6
[peer] 01:26:05.342401 main.go:187: 33:Sending to channel
[peer] 01:26:05.342408 main.go:193: 33:Sent to channel
[peer] 01:26:05.342416 main.go:195: 33:Returning
[peer] 01:26:05.342513 main.go:777: 33:Adding block to chain
[peer] 01:26:05.342529 honest.go:222: Trying to append block with iteration:5
[peer] 01:26:05.342535 blockchain.go:71: Returning nil
[peer] 01:26:05.342541 honest.go:238: Append successful
[peer] 01:26:05.342548 main.go:781: 33:Adding block to chain
[peer] 01:26:05.342553 main.go:787: 33:Checking convergence
[peer] 01:26:05.350473 honest.go:81: 33Train Error is 1.00000 in Iteration 5
[peer] 01:26:05.350492 main.go:790: 33:Convergence checked
[peer] 01:26:05.350499 main.go:793: 33:Bool lock released
[peer] 01:26:05.350563 main.go:664: 33:Sending block. Iteration: 5
[peer] 01:26:05.361443 main.go:633: 33:Accepted new Connection
[peer] 01:26:05.361472 main.go:633: 33:Accepted new Connection
[peer] 01:26:05.361490 main.go:633: 33:Accepted new Connection
[peer] 01:26:05.361509 main.go:633: 33:Accepted new Connection
[peer] 01:26:05.363208 main.go:130: 33:Got block message, iteration 5
[peer] 01:26:05.363229 main.go:137: 33:Acquiring bool lock
[peer] 01:26:05.363235 main.go:139: 33:Acquired bool lock
[peer] 01:26:05.363240 main.go:140: Chain Length:7
[peer] 01:26:05.363245 blockchain.go:68: Returning a block
[peer] 01:26:05.363251 main.go:142: Chain Length:7
[peer] 01:26:05.363257 main.go:147: Already have block
[peer] 01:26:05.363263 main.go:152: 33:Bool lock released
[peer] 01:26:05.363268 blockchain.go:68: Returning a block
[peer] 01:26:05.363273 blockchain.go:68: Returning a block
[peer] 01:26:05.363279 main.go:179: 33:Equal block
[peer] 01:26:05.363545 main.go:130: 33:Got block message, iteration 5
[peer] 01:26:05.363564 main.go:137: 33:Acquiring bool lock
[peer] 01:26:05.363569 main.go:139: 33:Acquired bool lock
[peer] 01:26:05.363575 main.go:140: Chain Length:7
[peer] 01:26:05.363580 blockchain.go:68: Returning a block
[peer] 01:26:05.363586 main.go:142: Chain Length:7
[peer] 01:26:05.363591 main.go:147: Already have block
[peer] 01:26:05.363597 main.go:152: 33:Bool lock released
[peer] 01:26:05.363602 blockchain.go:68: Returning a block
[peer] 01:26:05.363608 blockchain.go:68: Returning a block
[peer] 01:26:05.363613 main.go:179: 33:Equal block
[peer] 01:26:05.363903 main.go:130: 33:Got block message, iteration 5
[peer] 01:26:05.363920 main.go:137: 33:Acquiring bool lock
[peer] 01:26:05.363926 main.go:139: 33:Acquired bool lock
[peer] 01:26:05.363932 main.go:140: Chain Length:7
[peer] 01:26:05.363937 blockchain.go:68: Returning a block
[peer] 01:26:05.363942 main.go:142: Chain Length:7
[peer] 01:26:05.363947 main.go:147: Already have block
[peer] 01:26:05.363953 main.go:152: 33:Bool lock released
[peer] 01:26:05.363959 blockchain.go:68: Returning a block
[peer] 01:26:05.363964 blockchain.go:68: Returning a block
[peer] 01:26:05.363969 main.go:179: 33:Equal block
[peer] 01:26:05.366777 main.go:729: 33:Block sent to peer successful
[err] 01:26:05.366793 main.go:302: Error in sending block, err = Stale Update/Block
[peer] 01:26:05.383987 main.go:729: 33:Block sent to peer successful
[err] 01:26:05.384003 main.go:302: Error in sending block, err = Stale Update/Block
[peer] 01:26:05.401589 main.go:729: 33:Block sent to peer successful
[err] 01:26:05.401608 main.go:302: Error in sending block, err = Stale Update/Block
[peer] 01:26:05.423373 main.go:729: 33:Block sent to peer successful
[err] 01:26:05.423388 main.go:302: Error in sending block, err = Stale Update/Block
[peer] 01:26:05.428035 main.go:633: 33:Accepted new Connection
[peer] 01:26:05.431623 main.go:633: 33:Accepted new Connection
[peer] 01:26:05.431899 main.go:729: 33:Block sent to peer successful
[err] 01:26:05.431911 main.go:302: Error in sending block, err = Stale Update/Block
[peer] 01:26:05.450263 main.go:729: 33:Block sent to peer successful
[err] 01:26:05.450276 main.go:302: Error in sending block, err = Stale Update/Block
[peer] 01:26:05.450388 main.go:729: 33:Block sent to peer successful
[err] 01:26:05.450399 main.go:302: Error in sending block, err = Stale Update/Block
[peer] 01:26:05.450500 main.go:729: 33:Block sent to peer successful
[err] 01:26:05.450511 main.go:302: Error in sending block, err = Stale Update/Block
[peer] 01:26:05.450646 main.go:729: 33:Block sent to peer successful
[err] 01:26:05.450658 main.go:302: Error in sending block, err = Stale Update/Block
[peer] 01:26:05.451054 main.go:130: 33:Got block message, iteration 5
[peer] 01:26:05.451075 main.go:137: 33:Acquiring bool lock
[peer] 01:26:05.451080 main.go:139: 33:Acquired bool lock
[peer] 01:26:05.451086 main.go:140: Chain Length:7
[peer] 01:26:05.451091 blockchain.go:68: Returning a block
[peer] 01:26:05.451096 main.go:142: Chain Length:7
[peer] 01:26:05.451101 main.go:147: Already have block
[peer] 01:26:05.451107 main.go:152: 33:Bool lock released
[peer] 01:26:05.451113 blockchain.go:68: Returning a block
[peer] 01:26:05.451118 blockchain.go:68: Returning a block
[peer] 01:26:05.451123 main.go:179: 33:Equal block
[peer] 01:26:05.451268 main.go:729: 33:Block sent to peer successful
[err] 01:26:05.451280 main.go:302: Error in sending block, err = Stale Update/Block
[peer] 01:26:05.451328 main.go:633: 33:Accepted new Connection
[peer] 01:26:05.451349 main.go:633: 33:Accepted new Connection
[peer] 01:26:05.451365 main.go:633: 33:Accepted new Connection
[peer] 01:26:05.451380 main.go:633: 33:Accepted new Connection
[peer] 01:26:05.451394 main.go:633: 33:Accepted new Connection
[peer] 01:26:05.451699 main.go:729: 33:Block sent to peer successful
[err] 01:26:05.451711 main.go:302: Error in sending block, err = Stale Update/Block
[peer] 01:26:05.522224 main.go:729: 33:Block sent to peer successful
[err] 01:26:05.522242 main.go:302: Error in sending block, err = Stale Update/Block
[peer] 01:26:05.522352 main.go:729: 33:Block sent to peer successful
[err] 01:26:05.522363 main.go:302: Error in sending block, err = Stale Update/Block
[peer] 01:26:05.522604 main.go:130: 33:Got block message, iteration 5
[peer] 01:26:05.522624 main.go:137: 33:Acquiring bool lock
[peer] 01:26:05.522629 main.go:139: 33:Acquired bool lock
[peer] 01:26:05.522635 main.go:140: Chain Length:7
[peer] 01:26:05.522640 blockchain.go:68: Returning a block
[peer] 01:26:05.522646 main.go:142: Chain Length:7
[peer] 01:26:05.522651 main.go:147: Already have block
[peer] 01:26:05.522657 main.go:152: 33:Bool lock released
[peer] 01:26:05.522662 blockchain.go:68: Returning a block
[peer] 01:26:05.522667 blockchain.go:68: Returning a block
[peer] 01:26:05.522673 main.go:179: 33:Equal block
[peer] 01:26:05.522826 main.go:729: 33:Block sent to peer successful
[err] 01:26:05.522838 main.go:302: Error in sending block, err = Stale Update/Block
[peer] 01:26:05.522965 main.go:729: 33:Block sent to peer successful
[err] 01:26:05.522977 main.go:302: Error in sending block, err = Stale Update/Block
[peer] 01:26:05.523028 main.go:633: 33:Accepted new Connection
[peer] 01:26:05.523049 main.go:633: 33:Accepted new Connection
[peer] 01:26:05.523063 main.go:633: 33:Accepted new Connection
[peer] 01:26:05.523079 main.go:633: 33:Accepted new Connection
[peer] 01:26:05.523094 main.go:633: 33:Accepted new Connection
[peer] 01:26:05.523345 main.go:130: 33:Got block message, iteration 5
[peer] 01:26:05.523369 main.go:137: 33:Acquiring bool lock
[peer] 01:26:05.523375 main.go:139: 33:Acquired bool lock
[peer] 01:26:05.523380 main.go:140: Chain Length:7
[peer] 01:26:05.523385 blockchain.go:68: Returning a block
[peer] 01:26:05.523391 main.go:142: Chain Length:7
[peer] 01:26:05.523396 main.go:147: Already have block
[peer] 01:26:05.523402 main.go:152: 33:Bool lock released
[peer] 01:26:05.523407 blockchain.go:68: Returning a block
[peer] 01:26:05.523412 blockchain.go:68: Returning a block
[peer] 01:26:05.523417 main.go:179: 33:Equal block
[peer] 01:26:05.523634 main.go:130: 33:Got block message, iteration 5
[peer] 01:26:05.523651 main.go:137: 33:Acquiring bool lock
[peer] 01:26:05.523656 main.go:139: 33:Acquired bool lock
[peer] 01:26:05.523661 main.go:140: Chain Length:7
[peer] 01:26:05.523666 blockchain.go:68: Returning a block
[peer] 01:26:05.523672 main.go:142: Chain Length:7
[peer] 01:26:05.523677 main.go:147: Already have block
[peer] 01:26:05.523683 main.go:152: 33:Bool lock released
[peer] 01:26:05.523688 blockchain.go:68: Returning a block
[peer] 01:26:05.523693 blockchain.go:68: Returning a block
[peer] 01:26:05.523698 main.go:179: 33:Equal block
[peer] 01:26:05.523839 main.go:729: 33:Block sent to peer successful
[err] 01:26:05.523851 main.go:302: Error in sending block, err = Stale Update/Block
[peer] 01:26:05.524062 main.go:130: 33:Got block message, iteration 5
[peer] 01:26:05.524079 main.go:137: 33:Acquiring bool lock
[peer] 01:26:05.524084 main.go:139: 33:Acquired bool lock
[peer] 01:26:05.524089 main.go:140: Chain Length:7
[peer] 01:26:05.524095 blockchain.go:68: Returning a block
[peer] 01:26:05.524100 main.go:142: Chain Length:7
[peer] 01:26:05.524105 main.go:147: Already have block
[peer] 01:26:05.524111 main.go:152: 33:Bool lock released
[peer] 01:26:05.524116 blockchain.go:68: Returning a block
[peer] 01:26:05.524121 blockchain.go:68: Returning a block
[peer] 01:26:05.524126 main.go:179: 33:Equal block
[peer] 01:26:05.524337 main.go:130: 33:Got block message, iteration 5
[peer] 01:26:05.524354 main.go:137: 33:Acquiring bool lock
[peer] 01:26:05.524360 main.go:139: 33:Acquired bool lock
[peer] 01:26:05.524365 main.go:140: Chain Length:7
[peer] 01:26:05.524370 blockchain.go:68: Returning a block
[peer] 01:26:05.524375 main.go:142: Chain Length:7
[peer] 01:26:05.524380 main.go:147: Already have block
[peer] 01:26:05.524386 main.go:152: 33:Bool lock released
[peer] 01:26:05.524391 blockchain.go:68: Returning a block
[peer] 01:26:05.524396 blockchain.go:68: Returning a block
[peer] 01:26:05.524402 main.go:179: 33:Equal block
[peer] 01:26:05.524582 main.go:130: 33:Got block message, iteration 5
[peer] 01:26:05.524599 main.go:137: 33:Acquiring bool lock
[peer] 01:26:05.524604 main.go:139: 33:Acquired bool lock
[peer] 01:26:05.524609 main.go:140: Chain Length:7
[peer] 01:26:05.524614 blockchain.go:68: Returning a block
[peer] 01:26:05.524620 main.go:142: Chain Length:7
[peer] 01:26:05.524625 main.go:147: Already have block
[peer] 01:26:05.524630 main.go:152: 33:Bool lock released
[peer] 01:26:05.524635 blockchain.go:68: Returning a block
[peer] 01:26:05.524640 blockchain.go:68: Returning a block
[peer] 01:26:05.524646 main.go:179: 33:Equal block
[peer] 01:26:05.524877 main.go:130: 33:Got block message, iteration 5
[peer] 01:26:05.524894 main.go:137: 33:Acquiring bool lock
[peer] 01:26:05.524900 main.go:139: 33:Acquired bool lock
[peer] 01:26:05.524905 main.go:140: Chain Length:7
[peer] 01:26:05.524910 blockchain.go:68: Returning a block
[peer] 01:26:05.524915 main.go:142: Chain Length:7
[peer] 01:26:05.524920 main.go:147: Already have block
[peer] 01:26:05.524926 main.go:152: 33:Bool lock released
[peer] 01:26:05.524931 blockchain.go:68: Returning a block
[peer] 01:26:05.524936 blockchain.go:68: Returning a block
[peer] 01:26:05.524942 main.go:179: 33:Equal block
[peer] 01:26:05.537711 main.go:633: 33:Accepted new Connection
[peer] 01:26:05.538025 main.go:729: 33:Block sent to peer successful
[err] 01:26:05.538038 main.go:302: Error in sending block, err = Stale Update/Block
[peer] 01:26:05.538258 main.go:130: 33:Got block message, iteration 5
[peer] 01:26:05.538278 main.go:137: 33:Acquiring bool lock
[peer] 01:26:05.538283 main.go:139: 33:Acquired bool lock
[peer] 01:26:05.538289 main.go:140: Chain Length:7
[peer] 01:26:05.538294 blockchain.go:68: Returning a block
[peer] 01:26:05.538299 main.go:142: Chain Length:7
[peer] 01:26:05.538304 main.go:147: Already have block
[peer] 01:26:05.538310 main.go:152: 33:Bool lock released
[peer] 01:26:05.538315 blockchain.go:68: Returning a block
[peer] 01:26:05.538320 blockchain.go:68: Returning a block
[peer] 01:26:05.538325 main.go:179: 33:Equal block
[peer] 01:26:05.544406 main.go:130: 33:Got block message, iteration 5
[peer] 01:26:05.544428 main.go:137: 33:Acquiring bool lock
[peer] 01:26:05.544433 main.go:139: 33:Acquired bool lock
[peer] 01:26:05.544438 main.go:140: Chain Length:7
[peer] 01:26:05.544444 blockchain.go:68: Returning a block
[peer] 01:26:05.544449 main.go:142: Chain Length:7
[peer] 01:26:05.544454 main.go:147: Already have block
[peer] 01:26:05.544459 main.go:152: 33:Bool lock released
[peer] 01:26:05.544464 blockchain.go:68: Returning a block
[peer] 01:26:05.544469 blockchain.go:68: Returning a block
[peer] 01:26:05.544474 main.go:179: 33:Equal block
[peer] 01:26:05.562837 main.go:130: 33:Got block message, iteration 5
[peer] 01:26:05.562859 main.go:137: 33:Acquiring bool lock
[peer] 01:26:05.562865 main.go:139: 33:Acquired bool lock
[peer] 01:26:05.562871 main.go:140: Chain Length:7
[peer] 01:26:05.562876 blockchain.go:68: Returning a block
[peer] 01:26:05.562882 main.go:142: Chain Length:7
[peer] 01:26:05.562887 main.go:147: Already have block
[peer] 01:26:05.562893 main.go:152: 33:Bool lock released
[peer] 01:26:05.562898 blockchain.go:68: Returning a block
[peer] 01:26:05.562904 blockchain.go:68: Returning a block
[peer] 01:26:05.562909 main.go:179: 33:Equal block
[peer] 01:26:05.566931 main.go:729: 33:Block sent to peer successful
[err] 01:26:05.566946 main.go:302: Error in sending block, err = Stale Update/Block
[peer] 01:26:05.572904 main.go:729: 33:Block sent to peer successful
[err] 01:26:05.572917 main.go:302: Error in sending block, err = Stale Update/Block
[peer] 01:26:05.573485 main.go:633: 33:Accepted new Connection
[peer] 01:26:05.573976 main.go:130: 33:Got block message, iteration 5
[peer] 01:26:05.573994 main.go:137: 33:Acquiring bool lock
[peer] 01:26:05.574000 main.go:139: 33:Acquired bool lock
[peer] 01:26:05.574005 main.go:140: Chain Length:7
[peer] 01:26:05.574010 blockchain.go:68: Returning a block
[peer] 01:26:05.574016 main.go:142: Chain Length:7
[peer] 01:26:05.574021 main.go:147: Already have block
[peer] 01:26:05.574027 main.go:152: 33:Bool lock released
[peer] 01:26:05.574032 blockchain.go:68: Returning a block
[peer] 01:26:05.574037 blockchain.go:68: Returning a block
[peer] 01:26:05.574043 main.go:179: 33:Equal block
[peer] 01:26:05.591264 main.go:130: 33:Got block message, iteration 5
[peer] 01:26:05.591288 main.go:137: 33:Acquiring bool lock
[peer] 01:26:05.591295 main.go:139: 33:Acquired bool lock
[peer] 01:26:05.591300 main.go:140: Chain Length:7
[peer] 01:26:05.591305 blockchain.go:68: Returning a block
[peer] 01:26:05.591311 main.go:142: Chain Length:7
[peer] 01:26:05.591316 main.go:147: Already have block
[peer] 01:26:05.591322 main.go:152: 33:Bool lock released
[peer] 01:26:05.591327 blockchain.go:68: Returning a block
[peer] 01:26:05.591332 blockchain.go:68: Returning a block
[peer] 01:26:05.591337 main.go:179: 33:Equal block
[peer] 01:26:05.612526 main.go:130: 33:Got block message, iteration 5
[peer] 01:26:05.612546 main.go:137: 33:Acquiring bool lock
[peer] 01:26:05.612552 main.go:139: 33:Acquired bool lock
[peer] 01:26:05.612557 main.go:140: Chain Length:7
[peer] 01:26:05.612562 blockchain.go:68: Returning a block
[peer] 01:26:05.612567 main.go:142: Chain Length:7
[peer] 01:26:05.612573 main.go:147: Already have block
[peer] 01:26:05.612579 main.go:152: 33:Bool lock released
[peer] 01:26:05.612584 blockchain.go:68: Returning a block
[peer] 01:26:05.612589 blockchain.go:68: Returning a block
[peer] 01:26:05.612602 main.go:179: 33:Equal block
[peer] 01:26:05.612799 main.go:130: 33:Got block message, iteration 5
[peer] 01:26:05.612817 main.go:137: 33:Acquiring bool lock
[peer] 01:26:05.612822 main.go:139: 33:Acquired bool lock
[peer] 01:26:05.612827 main.go:140: Chain Length:7
[peer] 01:26:05.612832 blockchain.go:68: Returning a block
[peer] 01:26:05.612838 main.go:142: Chain Length:7
[peer] 01:26:05.612843 main.go:147: Already have block
[peer] 01:26:05.612849 main.go:152: 33:Bool lock released
[peer] 01:26:05.612854 blockchain.go:68: Returning a block
[peer] 01:26:05.612860 blockchain.go:68: Returning a block
[peer] 01:26:05.612865 main.go:179: 33:Equal block
[peer] 01:26:05.659430 main.go:729: 33:Block sent to peer successful
[err] 01:26:05.659449 main.go:302: Error in sending block, err = Stale Update/Block
[peer] 01:26:05.659500 main.go:684: 33:RPC calls successfully returned. Iteration: 5
[peer] 01:26:05.663028 main.go:633: 33:Accepted new Connection
[peer] 01:26:05.669432 honest.go:81: 33Train Error is 1.00000 in Iteration 5
[peer] 01:26:05.669449 main.go:692: 33:Preparing for next Iteration. Current Iteration: 5
[peer] 01:26:05.669455 main.go:588: 33:Acquiring bool lock
[peer] 01:26:05.669461 main.go:590: 33:Acquired bool lock
[peer] 01:26:05.670743 main.go:609: 33:I am not verifier IterationCount:6
[peer] 01:26:05.670766 main.go:614: 33:Bool lock released
[peer] 01:26:05.693423 main.go:824: 33:Computing Update
[peer] 01:26:05.693933 main.go:270: 33 : VRF returned ID map[31:{}]
[peer] 01:26:05.693956 main.go:280: 33 :Verifiers [198.162.52.57:8031] returned.
[peer] 01:26:05.694149 main.go:869: 33:Making RPC Call to Verifier. Sending Update, Iteration:6
[peer] 01:26:05.700216 main.go:876: 33:Update sent successfully
[peer] 01:26:05.833755 main.go:130: 33:Got block message, iteration 5
[peer] 01:26:05.833774 main.go:137: 33:Acquiring bool lock
[peer] 01:26:05.833780 main.go:139: 33:Acquired bool lock
[peer] 01:26:05.833786 main.go:140: Chain Length:7
[peer] 01:26:05.833791 blockchain.go:68: Returning a block
[peer] 01:26:05.833796 main.go:142: Chain Length:7
[peer] 01:26:05.833801 main.go:147: Already have block
[peer] 01:26:05.833807 main.go:152: 33:Bool lock released
[peer] 01:26:05.833812 blockchain.go:68: Returning a block
[peer] 01:26:05.833818 blockchain.go:68: Returning a block
[peer] 01:26:05.833823 main.go:179: 33:Equal block
[peer] 01:26:11.300862 main.go:633: 33:Accepted new Connection
[peer] 01:26:11.301245 main.go:213: 33:Registering peer:198.162.52.126:8018
[peer] 01:26:11.301273 main.go:223: Advertising chain to peer with length 7
[peer] 01:26:11.686334 main.go:633: 33:Accepted new Connection
[peer] 01:26:11.686927 main.go:213: 33:Registering peer:198.162.52.126:8011
[peer] 01:26:11.687000 main.go:223: Advertising chain to peer with length 7
[peer] 01:26:11.706003 main.go:633: 33:Accepted new Connection
[peer] 01:26:11.706393 main.go:213: 33:Registering peer:198.162.52.126:8014
[peer] 01:26:11.706438 main.go:223: Advertising chain to peer with length 7
[peer] 01:26:11.846842 main.go:633: 33:Accepted new Connection
[peer] 01:26:11.847075 main.go:213: 33:Registering peer:198.162.52.126:8001
[peer] 01:26:11.847097 main.go:223: Advertising chain to peer with length 7
[peer] 01:26:11.944843 main.go:633: 33:Accepted new Connection
[peer] 01:26:11.945074 main.go:213: 33:Registering peer:198.162.52.126:8009
[peer] 01:26:11.945089 main.go:223: Advertising chain to peer with length 7
[peer] 01:26:12.256367 main.go:633: 33:Accepted new Connection
[peer] 01:26:12.256951 main.go:213: 33:Registering peer:198.162.52.126:8019
[peer] 01:26:12.257010 main.go:223: Advertising chain to peer with length 7
[peer] 01:26:12.290185 main.go:633: 33:Accepted new Connection
[peer] 01:26:12.290499 main.go:213: 33:Registering peer:198.162.52.126:8007
[peer] 01:26:12.290550 main.go:223: Advertising chain to peer with length 7
[peer] 01:26:12.344906 main.go:633: 33:Accepted new Connection
[peer] 01:26:12.345252 main.go:213: 33:Registering peer:198.162.52.126:8003
[peer] 01:26:12.345278 main.go:223: Advertising chain to peer with length 7
[peer] 01:26:12.378181 main.go:633: 33:Accepted new Connection
[peer] 01:26:12.378380 main.go:213: 33:Registering peer:198.162.52.126:8017
[peer] 01:26:12.378395 main.go:223: Advertising chain to peer with length 7
[peer] 01:26:12.416150 main.go:633: 33:Accepted new Connection
[peer] 01:26:12.416418 main.go:213: 33:Registering peer:198.162.52.126:8010
[peer] 01:26:12.416433 main.go:223: Advertising chain to peer with length 7
[peer] 01:26:12.479565 main.go:633: 33:Accepted new Connection
[peer] 01:26:12.480100 main.go:213: 33:Registering peer:198.162.52.126:8005
[peer] 01:26:12.480118 main.go:223: Advertising chain to peer with length 7
[peer] 01:26:12.504574 main.go:633: 33:Accepted new Connection
[peer] 01:26:12.504821 main.go:213: 33:Registering peer:198.162.52.126:8006
[peer] 01:26:12.504834 main.go:223: Advertising chain to peer with length 7
[peer] 01:26:12.506647 main.go:633: 33:Accepted new Connection
[peer] 01:26:12.506827 main.go:213: 33:Registering peer:198.162.52.126:8012
[peer] 01:26:12.506843 main.go:223: Advertising chain to peer with length 7
[peer] 01:26:12.526055 main.go:633: 33:Accepted new Connection
[peer] 01:26:12.526272 main.go:213: 33:Registering peer:198.162.52.126:8013
[peer] 01:26:12.526287 main.go:223: Advertising chain to peer with length 7
[peer] 01:26:12.557153 main.go:633: 33:Accepted new Connection
[peer] 01:26:12.557363 main.go:213: 33:Registering peer:198.162.52.126:8008
[peer] 01:26:12.557378 main.go:223: Advertising chain to peer with length 7
[peer] 01:26:12.588280 main.go:633: 33:Accepted new Connection
[peer] 01:26:12.588507 main.go:213: 33:Registering peer:198.162.52.126:8002
[peer] 01:26:12.588523 main.go:223: Advertising chain to peer with length 7
[peer] 01:26:12.626169 main.go:633: 33:Accepted new Connection
[peer] 01:26:12.626388 main.go:213: 33:Registering peer:198.162.52.126:8015
[peer] 01:26:12.626402 main.go:223: Advertising chain to peer with length 7
[peer] 01:26:12.636594 main.go:633: 33:Accepted new Connection
[peer] 01:26:12.636795 main.go:213: 33:Registering peer:198.162.52.126:8004
[peer] 01:26:12.636808 main.go:223: Advertising chain to peer with length 7
[peer] 01:26:12.645731 main.go:633: 33:Accepted new Connection
[peer] 01:26:12.645969 main.go:213: 33:Registering peer:198.162.52.126:8016
[peer] 01:26:12.645984 main.go:223: Advertising chain to peer with length 7
[peer] 01:26:12.667197 main.go:633: 33:Accepted new Connection
[peer] 01:26:12.667598 main.go:130: 33:Got block message, iteration 6
[peer] 01:26:12.667616 main.go:137: 33:Acquiring bool lock
[peer] 01:26:12.667622 main.go:139: 33:Acquired bool lock
[peer] 01:26:12.667627 main.go:140: Chain Length:7
[peer] 01:26:12.667633 blockchain.go:71: Returning nil
[peer] 01:26:12.667639 main.go:142: Chain Length:7
[peer] 01:26:12.667644 main.go:187: 33:Sending to channel
[peer] 01:26:12.667651 main.go:193: 33:Sent to channel
[peer] 01:26:12.667659 main.go:195: 33:Returning
[peer] 01:26:12.667987 main.go:777: 33:Adding block to chain
[peer] 01:26:12.668004 honest.go:222: Trying to append block with iteration:6
[peer] 01:26:12.668010 blockchain.go:71: Returning nil
[peer] 01:26:12.668016 honest.go:238: Append successful
[peer] 01:26:12.668023 main.go:781: 33:Adding block to chain
[peer] 01:26:12.668028 main.go:787: 33:Checking convergence
[peer] 01:26:12.668281 main.go:955: 33:Block Received. Appending to chain and moving on to the next iteration. 6
[peer] 01:26:12.671777 main.go:633: 33:Accepted new Connection
[peer] 01:26:12.672942 main.go:633: 33:Accepted new Connection
[peer] 01:26:12.675832 main.go:633: 33:Accepted new Connection
[peer] 01:26:12.691034 main.go:130: 33:Got block message, iteration 6
[peer] 01:26:12.691055 main.go:137: 33:Acquiring bool lock
[peer] 01:26:12.698639 main.go:633: 33:Accepted new Connection
[peer] 01:26:12.698685 main.go:633: 33:Accepted new Connection
[peer] 01:26:12.698706 main.go:633: 33:Accepted new Connection
[peer] 01:26:12.709993 main.go:633: 33:Accepted new Connection
[peer] 01:26:12.714851 main.go:130: 33:Got block message, iteration 6
[peer] 01:26:12.714885 main.go:137: 33:Acquiring bool lock
[peer] 01:26:12.715795 main.go:130: 33:Got block message, iteration 6
[peer] 01:26:12.715813 main.go:137: 33:Acquiring bool lock
[peer] 01:26:12.718016 main.go:633: 33:Accepted new Connection
[peer] 01:26:12.721357 main.go:130: 33:Got block message, iteration 6
[peer] 01:26:12.721380 main.go:137: 33:Acquiring bool lock
[peer] 01:26:12.747582 main.go:130: 33:Got block message, iteration 6
[peer] 01:26:12.747602 main.go:137: 33:Acquiring bool lock
[peer] 01:26:12.750062 main.go:633: 33:Accepted new Connection
[peer] 01:26:12.751048 main.go:633: 33:Accepted new Connection
[peer] 01:26:12.764001 main.go:130: 33:Got block message, iteration 6
[peer] 01:26:12.764020 main.go:137: 33:Acquiring bool lock
[peer] 01:26:12.767757 main.go:633: 33:Accepted new Connection
[peer] 01:26:12.780409 main.go:633: 33:Accepted new Connection
[peer] 01:26:12.780442 main.go:633: 33:Accepted new Connection
[peer] 01:26:12.780669 main.go:130: 33:Got block message, iteration 6
[peer] 01:26:12.780685 main.go:137: 33:Acquiring bool lock
[peer] 01:26:12.785624 main.go:633: 33:Accepted new Connection
[peer] 01:26:12.802767 main.go:130: 33:Got block message, iteration 6
[peer] 01:26:12.802786 main.go:137: 33:Acquiring bool lock
[peer] 01:26:12.802939 main.go:130: 33:Got block message, iteration 6
[peer] 01:26:12.802957 main.go:137: 33:Acquiring bool lock
[peer] 01:26:12.802977 main.go:633: 33:Accepted new Connection
[peer] 01:26:12.802996 main.go:633: 33:Accepted new Connection
[peer] 01:26:12.803013 main.go:633: 33:Accepted new Connection
[peer] 01:26:12.803029 main.go:633: 33:Accepted new Connection
[peer] 01:26:12.803046 main.go:633: 33:Accepted new Connection
[peer] 01:26:12.803354 main.go:130: 33:Got block message, iteration 6
[peer] 01:26:12.803372 main.go:137: 33:Acquiring bool lock
[peer] 01:26:12.823764 main.go:130: 33:Got block message, iteration 6
[peer] 01:26:12.823782 main.go:137: 33:Acquiring bool lock
[peer] 01:26:12.823886 main.go:130: 33:Got block message, iteration 6
[peer] 01:26:12.823903 main.go:137: 33:Acquiring bool lock
[peer] 01:26:12.824121 main.go:130: 33:Got block message, iteration 6
[peer] 01:26:12.824137 main.go:137: 33:Acquiring bool lock
[peer] 01:26:12.824158 main.go:633: 33:Accepted new Connection
[peer] 01:26:12.824177 main.go:633: 33:Accepted new Connection
[peer] 01:26:12.824194 main.go:633: 33:Accepted new Connection
[peer] 01:26:12.824210 main.go:633: 33:Accepted new Connection
[peer] 01:26:12.834694 main.go:633: 33:Accepted new Connection
[peer] 01:26:12.884057 main.go:633: 33:Accepted new Connection
[peer] 01:26:12.884094 main.go:633: 33:Accepted new Connection
[peer] 01:26:12.884117 main.go:633: 33:Accepted new Connection
[peer] 01:26:12.884135 main.go:633: 33:Accepted new Connection
[peer] 01:26:12.884207 main.go:130: 33:Got block message, iteration 6
[peer] 01:26:12.884227 main.go:137: 33:Acquiring bool lock
[peer] 01:26:12.884281 main.go:633: 33:Accepted new Connection
[peer] 01:26:12.884330 main.go:633: 33:Accepted new Connection
[peer] 01:26:12.884400 main.go:130: 33:Got block message, iteration 6
[peer] 01:26:12.884420 main.go:137: 33:Acquiring bool lock
[peer] 01:26:12.884415 main.go:130: 33:Got block message, iteration 6
[peer] 01:26:12.884442 main.go:137: 33:Acquiring bool lock
[peer] 01:26:12.890790 main.go:130: 33:Got block message, iteration 6
[peer] 01:26:12.890809 main.go:137: 33:Acquiring bool lock
[peer] 01:26:12.898417 main.go:633: 33:Accepted new Connection
[peer] 01:26:12.898513 main.go:130: 33:Got block message, iteration 6
[peer] 01:26:12.898532 main.go:137: 33:Acquiring bool lock
[peer] 01:26:12.898699 main.go:130: 33:Got block message, iteration 6
[peer] 01:26:12.898717 main.go:137: 33:Acquiring bool lock
[peer] 01:26:12.914968 main.go:130: 33:Got block message, iteration 6
[peer] 01:26:12.914992 main.go:137: 33:Acquiring bool lock
[peer] 01:26:12.927503 main.go:130: 33:Got block message, iteration 6
[peer] 01:26:12.927527 main.go:137: 33:Acquiring bool lock
[peer] 01:26:12.939123 main.go:130: 33:Got block message, iteration 6
[peer] 01:26:12.939158 main.go:137: 33:Acquiring bool lock
[peer] 01:26:12.946082 main.go:633: 33:Accepted new Connection
[peer] 01:26:12.950636 main.go:130: 33:Got block message, iteration 6
[peer] 01:26:12.950655 main.go:137: 33:Acquiring bool lock
[peer] 01:26:12.953502 main.go:130: 33:Got block message, iteration 6
[peer] 01:26:12.953521 main.go:137: 33:Acquiring bool lock
[peer] 01:26:12.964224 main.go:633: 33:Accepted new Connection
[peer] 01:26:12.964511 main.go:130: 33:Got block message, iteration 6
[peer] 01:26:12.964528 main.go:137: 33:Acquiring bool lock
[peer] 01:26:12.969377 main.go:130: 33:Got block message, iteration 6
[peer] 01:26:12.969395 main.go:137: 33:Acquiring bool lock
[peer] 01:26:12.979613 main.go:633: 33:Accepted new Connection
[peer] 01:26:12.979848 main.go:130: 33:Got block message, iteration 6
[peer] 01:26:12.979866 main.go:137: 33:Acquiring bool lock
[peer] 01:26:12.981884 honest.go:81: 33Train Error is 0.04934 in Iteration 6
[peer] 01:26:12.981906 main.go:790: 33:Convergence checked
[peer] 01:26:12.981919 main.go:793: 33:Bool lock released
[peer] 01:26:12.981951 main.go:664: 33:Sending block. Iteration: 6
[peer] 01:26:12.982121 main.go:139: 33:Acquired bool lock
[peer] 01:26:12.982135 main.go:140: Chain Length:8
[peer] 01:26:12.982141 blockchain.go:68: Returning a block
[peer] 01:26:12.982147 main.go:142: Chain Length:8
[peer] 01:26:12.982152 main.go:147: Already have block
[peer] 01:26:12.982160 main.go:152: 33:Bool lock released
[peer] 01:26:12.982165 blockchain.go:68: Returning a block
[peer] 01:26:12.982171 blockchain.go:68: Returning a block
[peer] 01:26:12.982176 main.go:179: 33:Equal block
[peer] 01:26:12.982243 main.go:139: 33:Acquired bool lock
[peer] 01:26:12.982255 main.go:140: Chain Length:8
[peer] 01:26:12.982261 blockchain.go:68: Returning a block
[peer] 01:26:12.982266 main.go:142: Chain Length:8
[peer] 01:26:12.982271 main.go:147: Already have block
[peer] 01:26:12.982279 main.go:152: 33:Bool lock released
[peer] 01:26:12.982284 blockchain.go:68: Returning a block
[peer] 01:26:12.982290 blockchain.go:68: Returning a block
[peer] 01:26:12.982296 main.go:179: 33:Equal block
[peer] 01:26:12.982365 main.go:139: 33:Acquired bool lock
[peer] 01:26:12.982376 main.go:140: Chain Length:8
[peer] 01:26:12.982382 blockchain.go:68: Returning a block
[peer] 01:26:12.982388 main.go:142: Chain Length:8
[peer] 01:26:12.982394 main.go:147: Already have block
[peer] 01:26:12.982401 main.go:152: 33:Bool lock released
[peer] 01:26:12.982407 blockchain.go:68: Returning a block
[peer] 01:26:12.982412 blockchain.go:68: Returning a block
[peer] 01:26:12.982418 main.go:179: 33:Equal block
[peer] 01:26:12.982934 main.go:139: 33:Acquired bool lock
[peer] 01:26:12.982948 main.go:140: Chain Length:8
[peer] 01:26:12.982954 blockchain.go:68: Returning a block
[peer] 01:26:12.982960 main.go:142: Chain Length:8
[peer] 01:26:12.982965 main.go:147: Already have block
[peer] 01:26:12.982971 main.go:152: 33:Bool lock released
[peer] 01:26:12.982977 blockchain.go:68: Returning a block
[peer] 01:26:12.982982 blockchain.go:68: Returning a block
[peer] 01:26:12.982988 main.go:179: 33:Equal block
[peer] 01:26:12.983061 main.go:139: 33:Acquired bool lock
[peer] 01:26:12.983072 main.go:140: Chain Length:8
[peer] 01:26:12.983077 blockchain.go:68: Returning a block
[peer] 01:26:12.983083 main.go:142: Chain Length:8
[peer] 01:26:12.983088 main.go:147: Already have block
[peer] 01:26:12.983096 main.go:152: 33:Bool lock released
[peer] 01:26:12.983101 blockchain.go:68: Returning a block
[peer] 01:26:12.983107 blockchain.go:68: Returning a block
[peer] 01:26:12.983112 main.go:179: 33:Equal block
[peer] 01:26:12.983153 main.go:139: 33:Acquired bool lock
[peer] 01:26:12.983162 main.go:140: Chain Length:8
[peer] 01:26:12.983167 blockchain.go:68: Returning a block
[peer] 01:26:12.983172 main.go:142: Chain Length:8
[peer] 01:26:12.983181 main.go:147: Already have block
[peer] 01:26:12.983188 main.go:152: 33:Bool lock released
[peer] 01:26:12.983193 blockchain.go:68: Returning a block
[peer] 01:26:12.983198 blockchain.go:68: Returning a block
[peer] 01:26:12.983211 main.go:179: 33:Equal block
[peer] 01:26:12.983257 main.go:139: 33:Acquired bool lock
[peer] 01:26:12.983266 main.go:140: Chain Length:8
[peer] 01:26:12.983271 blockchain.go:68: Returning a block
[peer] 01:26:12.983277 main.go:142: Chain Length:8
[peer] 01:26:12.983282 main.go:147: Already have block
[peer] 01:26:12.983289 main.go:152: 33:Bool lock released
[peer] 01:26:12.983294 blockchain.go:68: Returning a block
[peer] 01:26:12.983299 blockchain.go:68: Returning a block
[peer] 01:26:12.983305 main.go:179: 33:Equal block
[peer] 01:26:12.983352 main.go:139: 33:Acquired bool lock
[peer] 01:26:12.983362 main.go:140: Chain Length:8
[peer] 01:26:12.983367 blockchain.go:68: Returning a block
[peer] 01:26:12.983373 main.go:142: Chain Length:8
[peer] 01:26:12.983378 main.go:147: Already have block
[peer] 01:26:12.983384 main.go:152: 33:Bool lock released
[peer] 01:26:12.983389 blockchain.go:68: Returning a block
[peer] 01:26:12.983394 blockchain.go:68: Returning a block
[peer] 01:26:12.983399 main.go:179: 33:Equal block
[peer] 01:26:12.983437 main.go:139: 33:Acquired bool lock
[peer] 01:26:12.983445 main.go:140: Chain Length:8
[peer] 01:26:12.983450 blockchain.go:68: Returning a block
[peer] 01:26:12.983456 main.go:142: Chain Length:8
[peer] 01:26:12.983461 main.go:147: Already have block
[peer] 01:26:12.983467 main.go:152: 33:Bool lock released
[peer] 01:26:12.983472 blockchain.go:68: Returning a block
[peer] 01:26:12.983477 blockchain.go:68: Returning a block
[peer] 01:26:12.983482 main.go:179: 33:Equal block
[peer] 01:26:12.983522 main.go:139: 33:Acquired bool lock
[peer] 01:26:12.983531 main.go:140: Chain Length:8
[peer] 01:26:12.983536 blockchain.go:68: Returning a block
[peer] 01:26:12.983541 main.go:142: Chain Length:8
[peer] 01:26:12.983546 main.go:147: Already have block
[peer] 01:26:12.983552 main.go:152: 33:Bool lock released
[peer] 01:26:12.983557 blockchain.go:68: Returning a block
[peer] 01:26:12.983563 blockchain.go:68: Returning a block
[peer] 01:26:12.983568 main.go:179: 33:Equal block
[peer] 01:26:12.983618 main.go:139: 33:Acquired bool lock
[peer] 01:26:12.983628 main.go:140: Chain Length:8
[peer] 01:26:12.983634 blockchain.go:68: Returning a block
[peer] 01:26:12.983639 main.go:142: Chain Length:8
[peer] 01:26:12.983644 main.go:147: Already have block
[peer] 01:26:12.983650 main.go:152: 33:Bool lock released
[peer] 01:26:12.983655 blockchain.go:68: Returning a block
[peer] 01:26:12.983660 blockchain.go:68: Returning a block
[peer] 01:26:12.983665 main.go:179: 33:Equal block
[peer] 01:26:12.983711 main.go:139: 33:Acquired bool lock
[peer] 01:26:12.983720 main.go:140: Chain Length:8
[peer] 01:26:12.983725 blockchain.go:68: Returning a block
[peer] 01:26:12.983730 main.go:142: Chain Length:8
[peer] 01:26:12.983735 main.go:147: Already have block
[peer] 01:26:12.983742 main.go:152: 33:Bool lock released
[peer] 01:26:12.983747 blockchain.go:68: Returning a block
[peer] 01:26:12.983752 blockchain.go:68: Returning a block
[peer] 01:26:12.983757 main.go:179: 33:Equal block
[peer] 01:26:12.983795 main.go:139: 33:Acquired bool lock
[peer] 01:26:12.983803 main.go:140: Chain Length:8
[peer] 01:26:12.983808 blockchain.go:68: Returning a block
[peer] 01:26:12.983814 main.go:142: Chain Length:8
[peer] 01:26:12.983819 main.go:147: Already have block
[peer] 01:26:12.983825 main.go:152: 33:Bool lock released
[peer] 01:26:12.983830 blockchain.go:68: Returning a block
[peer] 01:26:12.983835 blockchain.go:68: Returning a block
[peer] 01:26:12.983840 main.go:179: 33:Equal block
[peer] 01:26:12.983885 main.go:139: 33:Acquired bool lock
[peer] 01:26:12.983895 main.go:140: Chain Length:8
[peer] 01:26:12.983900 blockchain.go:68: Returning a block
[peer] 01:26:12.983905 main.go:142: Chain Length:8
[peer] 01:26:12.983910 main.go:147: Already have block
[peer] 01:26:12.983916 main.go:152: 33:Bool lock released
[peer] 01:26:12.983921 blockchain.go:68: Returning a block
[peer] 01:26:12.983926 blockchain.go:68: Returning a block
[peer] 01:26:12.983931 main.go:179: 33:Equal block
[peer] 01:26:12.983975 main.go:139: 33:Acquired bool lock
[peer] 01:26:12.983990 main.go:140: Chain Length:8
[peer] 01:26:12.983996 blockchain.go:68: Returning a block
[peer] 01:26:12.984001 main.go:142: Chain Length:8
[peer] 01:26:12.984006 main.go:147: Already have block
[peer] 01:26:12.984012 main.go:152: 33:Bool lock released
[peer] 01:26:12.984018 blockchain.go:68: Returning a block
[peer] 01:26:12.984023 blockchain.go:68: Returning a block
[peer] 01:26:12.984028 main.go:179: 33:Equal block
[peer] 01:26:12.984076 main.go:139: 33:Acquired bool lock
[peer] 01:26:12.984086 main.go:140: Chain Length:8
[peer] 01:26:12.984092 blockchain.go:68: Returning a block
[peer] 01:26:12.984097 main.go:142: Chain Length:8
[peer] 01:26:12.984102 main.go:147: Already have block
[peer] 01:26:12.984108 main.go:152: 33:Bool lock released
[peer] 01:26:12.984113 blockchain.go:68: Returning a block
[peer] 01:26:12.984118 blockchain.go:68: Returning a block
[peer] 01:26:12.984123 main.go:179: 33:Equal block
[peer] 01:26:12.984169 main.go:139: 33:Acquired bool lock
[peer] 01:26:12.984179 main.go:140: Chain Length:8
[peer] 01:26:12.984184 blockchain.go:68: Returning a block
[peer] 01:26:12.984189 main.go:142: Chain Length:8
[peer] 01:26:12.984194 main.go:147: Already have block
[peer] 01:26:12.984201 main.go:152: 33:Bool lock released
[peer] 01:26:12.984206 blockchain.go:68: Returning a block
[peer] 01:26:12.984211 blockchain.go:68: Returning a block
[peer] 01:26:12.984217 main.go:179: 33:Equal block
[peer] 01:26:12.984264 main.go:139: 33:Acquired bool lock
[peer] 01:26:12.984274 main.go:140: Chain Length:8
[peer] 01:26:12.984279 blockchain.go:68: Returning a block
[peer] 01:26:12.984285 main.go:142: Chain Length:8
[peer] 01:26:12.984290 main.go:147: Already have block
[peer] 01:26:12.984296 main.go:152: 33:Bool lock released
[peer] 01:26:12.984301 blockchain.go:68: Returning a block
[peer] 01:26:12.984306 blockchain.go:68: Returning a block
[peer] 01:26:12.984317 main.go:179: 33:Equal block
[peer] 01:26:12.984355 main.go:139: 33:Acquired bool lock
[peer] 01:26:12.984364 main.go:140: Chain Length:8
[peer] 01:26:12.984369 blockchain.go:68: Returning a block
[peer] 01:26:12.984374 main.go:142: Chain Length:8
[peer] 01:26:12.984379 main.go:147: Already have block
[peer] 01:26:12.984386 main.go:152: 33:Bool lock released
[peer] 01:26:12.984391 blockchain.go:68: Returning a block
[peer] 01:26:12.984396 blockchain.go:68: Returning a block
[peer] 01:26:12.984402 main.go:179: 33:Equal block
[peer] 01:26:12.984454 main.go:139: 33:Acquired bool lock
[peer] 01:26:12.984464 main.go:140: Chain Length:8
[peer] 01:26:12.984469 blockchain.go:68: Returning a block
[peer] 01:26:12.984474 main.go:142: Chain Length:8
[peer] 01:26:12.984479 main.go:147: Already have block
[peer] 01:26:12.984485 main.go:152: 33:Bool lock released
[peer] 01:26:12.984490 blockchain.go:68: Returning a block
[peer] 01:26:12.984495 blockchain.go:68: Returning a block
[peer] 01:26:12.984500 main.go:179: 33:Equal block
[peer] 01:26:12.984547 main.go:139: 33:Acquired bool lock
[peer] 01:26:12.984557 main.go:140: Chain Length:8
[peer] 01:26:12.984562 blockchain.go:68: Returning a block
[peer] 01:26:12.984567 main.go:142: Chain Length:8
[peer] 01:26:12.984572 main.go:147: Already have block
[peer] 01:26:12.984578 main.go:152: 33:Bool lock released
[peer] 01:26:12.984583 blockchain.go:68: Returning a block
[peer] 01:26:12.984588 blockchain.go:68: Returning a block
[peer] 01:26:12.984593 main.go:179: 33:Equal block
[peer] 01:26:12.984635 main.go:139: 33:Acquired bool lock
[peer] 01:26:12.984644 main.go:140: Chain Length:8
[peer] 01:26:12.984649 blockchain.go:68: Returning a block
[peer] 01:26:12.984654 main.go:142: Chain Length:8
[peer] 01:26:12.984659 main.go:147: Already have block
[peer] 01:26:12.984665 main.go:152: 33:Bool lock released
[peer] 01:26:12.984670 blockchain.go:68: Returning a block
[peer] 01:26:12.984675 blockchain.go:68: Returning a block
[peer] 01:26:12.984680 main.go:179: 33:Equal block
[peer] 01:26:12.984715 main.go:139: 33:Acquired bool lock
[peer] 01:26:12.984724 main.go:140: Chain Length:8
[peer] 01:26:12.984735 blockchain.go:68: Returning a block
[peer] 01:26:12.984740 main.go:142: Chain Length:8
[peer] 01:26:12.984745 main.go:147: Already have block
[peer] 01:26:12.984751 main.go:152: 33:Bool lock released
[peer] 01:26:12.984756 blockchain.go:68: Returning a block
[peer] 01:26:12.984761 blockchain.go:68: Returning a block
[peer] 01:26:12.984766 main.go:179: 33:Equal block
[peer] 01:26:12.984801 main.go:139: 33:Acquired bool lock
[peer] 01:26:12.984809 main.go:140: Chain Length:8
[peer] 01:26:12.984815 blockchain.go:68: Returning a block
[peer] 01:26:12.984820 main.go:142: Chain Length:8
[peer] 01:26:12.984825 main.go:147: Already have block
[peer] 01:26:12.984831 main.go:152: 33:Bool lock released
[peer] 01:26:12.984842 blockchain.go:68: Returning a block
[peer] 01:26:12.984848 blockchain.go:68: Returning a block
[peer] 01:26:12.984853 main.go:179: 33:Equal block
[peer] 01:26:12.984903 main.go:139: 33:Acquired bool lock
[peer] 01:26:12.984913 main.go:140: Chain Length:8
[peer] 01:26:12.984919 blockchain.go:68: Returning a block
[peer] 01:26:12.984924 main.go:142: Chain Length:8
[peer] 01:26:12.984930 main.go:147: Already have block
[peer] 01:26:12.984936 main.go:152: 33:Bool lock released
[peer] 01:26:12.984942 blockchain.go:68: Returning a block
[peer] 01:26:12.984947 blockchain.go:68: Returning a block
[peer] 01:26:12.984952 main.go:179: 33:Equal block
[peer] 01:26:12.985000 main.go:139: 33:Acquired bool lock
[peer] 01:26:12.985009 main.go:140: Chain Length:8
[peer] 01:26:12.985015 blockchain.go:68: Returning a block
[peer] 01:26:12.985020 main.go:142: Chain Length:8
[peer] 01:26:12.985025 main.go:147: Already have block
[peer] 01:26:12.985031 main.go:152: 33:Bool lock released
[peer] 01:26:12.985036 blockchain.go:68: Returning a block
[peer] 01:26:12.985041 blockchain.go:68: Returning a block
[peer] 01:26:12.985046 main.go:179: 33:Equal block
[peer] 01:26:12.985088 main.go:139: 33:Acquired bool lock
[peer] 01:26:12.985098 main.go:140: Chain Length:8
[peer] 01:26:12.985103 blockchain.go:68: Returning a block
[peer] 01:26:12.985108 main.go:142: Chain Length:8
[peer] 01:26:12.985113 main.go:147: Already have block
[peer] 01:26:12.985119 main.go:152: 33:Bool lock released
[peer] 01:26:12.985124 blockchain.go:68: Returning a block
[peer] 01:26:12.985128 blockchain.go:68: Returning a block
[peer] 01:26:12.985133 main.go:179: 33:Equal block
[peer] 01:26:12.986077 main.go:130: 33:Got block message, iteration 6
[peer] 01:26:12.986101 main.go:137: 33:Acquiring bool lock
[peer] 01:26:12.986108 main.go:139: 33:Acquired bool lock
[peer] 01:26:12.986113 main.go:140: Chain Length:8
[peer] 01:26:12.986119 blockchain.go:68: Returning a block
[peer] 01:26:12.986124 main.go:142: Chain Length:8
[peer] 01:26:12.986130 main.go:147: Already have block
[peer] 01:26:12.986136 main.go:152: 33:Bool lock released
[peer] 01:26:12.986141 blockchain.go:68: Returning a block
[peer] 01:26:12.986147 blockchain.go:68: Returning a block
[peer] 01:26:12.986152 main.go:179: 33:Equal block
[peer] 01:26:12.987167 main.go:729: 33:Block sent to peer successful
[err] 01:26:12.987186 main.go:302: Error in sending block, err = Stale Update/Block
[peer] 01:26:12.988794 main.go:729: 33:Block sent to peer successful
[err] 01:26:12.988809 main.go:302: Error in sending block, err = Stale Update/Block
[peer] 01:26:12.989408 main.go:729: 33:Block sent to peer successful
[err] 01:26:12.989422 main.go:302: Error in sending block, err = Stale Update/Block
[peer] 01:26:12.989594 main.go:729: 33:Block sent to peer successful
[err] 01:26:12.989607 main.go:302: Error in sending block, err = Stale Update/Block
[peer] 01:26:12.990012 main.go:729: 33:Block sent to peer successful
[err] 01:26:12.990026 main.go:302: Error in sending block, err = Stale Update/Block
[peer] 01:26:12.992631 main.go:130: 33:Got block message, iteration 6
[peer] 01:26:12.992645 main.go:137: 33:Acquiring bool lock
[peer] 01:26:12.992651 main.go:139: 33:Acquired bool lock
[peer] 01:26:12.992657 main.go:140: Chain Length:8
[peer] 01:26:12.992662 blockchain.go:68: Returning a block
[peer] 01:26:12.992674 main.go:142: Chain Length:8
[peer] 01:26:12.992680 main.go:147: Already have block
[peer] 01:26:12.992686 main.go:152: 33:Bool lock released
[peer] 01:26:12.992691 blockchain.go:68: Returning a block
[peer] 01:26:12.992696 blockchain.go:68: Returning a block
[peer] 01:26:12.992702 main.go:179: 33:Equal block
[peer] 01:26:12.998819 main.go:130: 33:Got block message, iteration 6
[peer] 01:26:12.998834 main.go:137: 33:Acquiring bool lock
[peer] 01:26:12.998840 main.go:139: 33:Acquired bool lock
[peer] 01:26:12.998845 main.go:140: Chain Length:8
[peer] 01:26:12.998850 blockchain.go:68: Returning a block
[peer] 01:26:12.998856 main.go:142: Chain Length:8
[peer] 01:26:12.998861 main.go:147: Already have block
[peer] 01:26:12.998867 main.go:152: 33:Bool lock released
[peer] 01:26:12.998872 blockchain.go:68: Returning a block
[peer] 01:26:12.998877 blockchain.go:68: Returning a block
[peer] 01:26:12.998882 main.go:179: 33:Equal block
[peer] 01:26:13.002606 main.go:729: 33:Block sent to peer successful
[err] 01:26:13.002619 main.go:302: Error in sending block, err = Stale Update/Block
[peer] 01:26:13.002826 main.go:130: 33:Got block message, iteration 6
[peer] 01:26:13.002846 main.go:137: 33:Acquiring bool lock
[peer] 01:26:13.002851 main.go:139: 33:Acquired bool lock
[peer] 01:26:13.002856 main.go:140: Chain Length:8
[peer] 01:26:13.002861 blockchain.go:68: Returning a block
[peer] 01:26:13.002866 main.go:142: Chain Length:8
[peer] 01:26:13.002872 main.go:147: Already have block
[peer] 01:26:13.002877 main.go:152: 33:Bool lock released
[peer] 01:26:13.002882 blockchain.go:68: Returning a block
[peer] 01:26:13.002887 blockchain.go:68: Returning a block
[peer] 01:26:13.002893 main.go:179: 33:Equal block
[peer] 01:26:13.010414 main.go:130: 33:Got block message, iteration 6
[peer] 01:26:13.010453 main.go:137: 33:Acquiring bool lock
[peer] 01:26:13.010458 main.go:139: 33:Acquired bool lock
[peer] 01:26:13.010463 main.go:140: Chain Length:8
[peer] 01:26:13.010468 blockchain.go:68: Returning a block
[peer] 01:26:13.010473 main.go:142: Chain Length:8
[peer] 01:26:13.010478 main.go:147: Already have block
[peer] 01:26:13.010484 main.go:152: 33:Bool lock released
[peer] 01:26:13.010489 blockchain.go:68: Returning a block
[peer] 01:26:13.010494 blockchain.go:68: Returning a block
[peer] 01:26:13.010499 main.go:179: 33:Equal block
[peer] 01:26:13.014132 main.go:130: 33:Got block message, iteration 6
[peer] 01:26:13.014149 main.go:137: 33:Acquiring bool lock
[peer] 01:26:13.014155 main.go:139: 33:Acquired bool lock
[peer] 01:26:13.014160 main.go:140: Chain Length:8
[peer] 01:26:13.014165 blockchain.go:68: Returning a block
[peer] 01:26:13.014170 main.go:142: Chain Length:8
[peer] 01:26:13.014175 main.go:147: Already have block
[peer] 01:26:13.014181 main.go:152: 33:Bool lock released
[peer] 01:26:13.014186 blockchain.go:68: Returning a block
[peer] 01:26:13.014191 blockchain.go:68: Returning a block
[peer] 01:26:13.014196 main.go:179: 33:Equal block
[peer] 01:26:13.023868 main.go:130: 33:Got block message, iteration 6
[peer] 01:26:13.023890 main.go:137: 33:Acquiring bool lock
[peer] 01:26:13.023896 main.go:139: 33:Acquired bool lock
[peer] 01:26:13.023901 main.go:140: Chain Length:8
[peer] 01:26:13.023919 blockchain.go:68: Returning a block
[peer] 01:26:13.023925 main.go:142: Chain Length:8
[peer] 01:26:13.023930 main.go:147: Already have block
[peer] 01:26:13.023936 main.go:152: 33:Bool lock released
[peer] 01:26:13.023942 blockchain.go:68: Returning a block
[peer] 01:26:13.023947 blockchain.go:68: Returning a block
[peer] 01:26:13.023952 main.go:179: 33:Equal block
[peer] 01:26:13.031073 main.go:633: 33:Accepted new Connection
[peer] 01:26:13.031108 main.go:633: 33:Accepted new Connection
[peer] 01:26:13.031129 main.go:633: 33:Accepted new Connection
[peer] 01:26:13.031660 main.go:729: 33:Block sent to peer successful
[err] 01:26:13.031673 main.go:302: Error in sending block, err = Stale Update/Block
[peer] 01:26:13.032518 main.go:729: 33:Block sent to peer successful
[err] 01:26:13.032530 main.go:302: Error in sending block, err = Stale Update/Block
[peer] 01:26:13.032622 main.go:729: 33:Block sent to peer successful
[err] 01:26:13.032634 main.go:302: Error in sending block, err = Stale Update/Block
[peer] 01:26:13.032678 main.go:729: 33:Block sent to peer successful
[err] 01:26:13.032698 main.go:302: Error in sending block, err = Stale Update/Block
[peer] 01:26:13.035033 main.go:729: 33:Block sent to peer successful
[err] 01:26:13.035046 main.go:302: Error in sending block, err = Stale Update/Block
[peer] 01:26:13.039771 main.go:729: 33:Block sent to peer successful
[err] 01:26:13.039786 main.go:302: Error in sending block, err = Stale Update/Block
[peer] 01:26:13.039775 main.go:729: 33:Block sent to peer successful
[err] 01:26:13.039837 main.go:302: Error in sending block, err = Stale Update/Block
[peer] 01:26:13.040855 main.go:729: 33:Block sent to peer successful
[err] 01:26:13.040872 main.go:302: Error in sending block, err = Stale Update/Block
[peer] 01:26:13.043582 main.go:729: 33:Block sent to peer successful
[err] 01:26:13.043602 main.go:302: Error in sending block, err = Stale Update/Block
[peer] 01:26:13.043760 main.go:729: 33:Block sent to peer successful
[err] 01:26:13.043780 main.go:302: Error in sending block, err = Stale Update/Block
[peer] 01:26:13.044305 main.go:729: 33:Block sent to peer successful
[err] 01:26:13.044322 main.go:302: Error in sending block, err = Stale Update/Block
[peer] 01:26:13.044479 main.go:729: 33:Block sent to peer successful
[err] 01:26:13.044492 main.go:302: Error in sending block, err = Stale Update/Block
[peer] 01:26:13.046324 main.go:729: 33:Block sent to peer successful
[err] 01:26:13.046341 main.go:302: Error in sending block, err = Stale Update/Block
[peer] 01:26:13.046504 main.go:729: 33:Block sent to peer successful
[err] 01:26:13.046522 main.go:302: Error in sending block, err = Stale Update/Block
[peer] 01:26:13.047209 main.go:729: 33:Block sent to peer successful
[err] 01:26:13.047227 main.go:302: Error in sending block, err = Stale Update/Block
[peer] 01:26:13.052440 main.go:729: 33:Block sent to peer successful
[err] 01:26:13.052465 main.go:302: Error in sending block, err = Stale Update/Block
[peer] 01:26:13.057927 main.go:729: 33:Block sent to peer successful
[err] 01:26:13.057940 main.go:302: Error in sending block, err = Stale Update/Block
[peer] 01:26:13.057982 main.go:729: 33:Block sent to peer successful
[err] 01:26:13.057993 main.go:302: Error in sending block, err = Stale Update/Block
[peer] 01:26:13.073583 main.go:729: 33:Block sent to peer successful
[err] 01:26:13.073603 main.go:302: Error in sending block, err = Stale Update/Block
[peer] 01:26:13.085784 main.go:130: 33:Got block message, iteration 6
[peer] 01:26:13.085806 main.go:137: 33:Acquiring bool lock
[peer] 01:26:13.085813 main.go:139: 33:Acquired bool lock
[peer] 01:26:13.085819 main.go:140: Chain Length:8
[peer] 01:26:13.085824 blockchain.go:68: Returning a block
[peer] 01:26:13.085830 main.go:142: Chain Length:8
[peer] 01:26:13.085835 main.go:147: Already have block
[peer] 01:26:13.085841 main.go:152: 33:Bool lock released
[peer] 01:26:13.085846 blockchain.go:68: Returning a block
[peer] 01:26:13.085852 blockchain.go:68: Returning a block
[peer] 01:26:13.085857 main.go:179: 33:Equal block
[peer] 01:26:13.090326 main.go:729: 33:Block sent to peer successful
[err] 01:26:13.090341 main.go:302: Error in sending block, err = Stale Update/Block
[peer] 01:26:13.092015 main.go:729: 33:Block sent to peer successful
[err] 01:26:13.092029 main.go:302: Error in sending block, err = Stale Update/Block
[peer] 01:26:13.123624 main.go:729: 33:Block sent to peer successful
[err] 01:26:13.123639 main.go:302: Error in sending block, err = Stale Update/Block
[peer] 01:26:13.123627 main.go:729: 33:Block sent to peer successful
[err] 01:26:13.123684 main.go:302: Error in sending block, err = Stale Update/Block
[peer] 01:26:13.123726 main.go:729: 33:Block sent to peer successful
[err] 01:26:13.123739 main.go:302: Error in sending block, err = Stale Update/Block
[peer] 01:26:13.123812 main.go:729: 33:Block sent to peer successful
[err] 01:26:13.123832 main.go:302: Error in sending block, err = Stale Update/Block
[peer] 01:26:13.123861 main.go:729: 33:Block sent to peer successful
[err] 01:26:13.123873 main.go:302: Error in sending block, err = Stale Update/Block
[peer] 01:26:13.123944 main.go:729: 33:Block sent to peer successful
[err] 01:26:13.123959 main.go:302: Error in sending block, err = Stale Update/Block
[peer] 01:26:13.123991 main.go:729: 33:Block sent to peer successful
[err] 01:26:13.124003 main.go:302: Error in sending block, err = Stale Update/Block
[peer] 01:26:13.124054 main.go:633: 33:Accepted new Connection
[peer] 01:26:13.124063 main.go:729: 33:Block sent to peer successful
[err] 01:26:13.124074 main.go:302: Error in sending block, err = Stale Update/Block
[peer] 01:26:13.124845 main.go:729: 33:Block sent to peer successful
[err] 01:26:13.124856 main.go:302: Error in sending block, err = Stale Update/Block
[peer] 01:26:13.131019 main.go:729: 33:Block sent to peer successful
[err] 01:26:13.131036 main.go:302: Error in sending block, err = Stale Update/Block
[peer] 01:26:13.142654 main.go:130: 33:Got block message, iteration 6
[peer] 01:26:13.142673 main.go:137: 33:Acquiring bool lock
[peer] 01:26:13.142679 main.go:139: 33:Acquired bool lock
[peer] 01:26:13.142684 main.go:140: Chain Length:8
[peer] 01:26:13.142690 blockchain.go:68: Returning a block
[peer] 01:26:13.142695 main.go:142: Chain Length:8
[peer] 01:26:13.142700 main.go:147: Already have block
[peer] 01:26:13.142706 main.go:152: 33:Bool lock released
[peer] 01:26:13.142711 blockchain.go:68: Returning a block
[peer] 01:26:13.142717 blockchain.go:68: Returning a block
[peer] 01:26:13.142722 main.go:179: 33:Equal block
[peer] 01:26:13.168464 main.go:729: 33:Block sent to peer successful
[err] 01:26:13.168482 main.go:302: Error in sending block, err = Stale Update/Block
[peer] 01:26:13.181290 main.go:729: 33:Block sent to peer successful
[err] 01:26:13.181320 main.go:302: Error in sending block, err = Stale Update/Block
[peer] 01:26:13.181374 main.go:684: 33:RPC calls successfully returned. Iteration: 6
[peer] 01:26:13.211960 honest.go:81: 33Train Error is 0.04934 in Iteration 6
[peer] 01:26:13.211977 main.go:692: 33:Preparing for next Iteration. Current Iteration: 6
[peer] 01:26:13.215404 main.go:130: 33:Got block message, iteration 6
[peer] 01:26:13.215427 main.go:137: 33:Acquiring bool lock
[peer] 01:26:13.215433 main.go:139: 33:Acquired bool lock
[peer] 01:26:13.215438 main.go:140: Chain Length:8
[peer] 01:26:13.215444 blockchain.go:68: Returning a block
[peer] 01:26:13.215449 main.go:142: Chain Length:8
[peer] 01:26:13.215455 main.go:147: Already have block
[peer] 01:26:13.215461 main.go:152: 33:Bool lock released
[peer] 01:26:13.215466 blockchain.go:68: Returning a block
[peer] 01:26:13.215472 blockchain.go:68: Returning a block
[peer] 01:26:13.215477 main.go:179: 33:Equal block
[peer] 01:26:13.231699 main.go:130: 33:Got block message, iteration 6
[peer] 01:26:13.231720 main.go:137: 33:Acquiring bool lock
[peer] 01:26:13.231726 main.go:139: 33:Acquired bool lock
[peer] 01:26:13.231731 main.go:140: Chain Length:8
[peer] 01:26:13.231736 blockchain.go:68: Returning a block
[peer] 01:26:13.231742 main.go:142: Chain Length:8
[peer] 01:26:13.231747 main.go:147: Already have block
[peer] 01:26:13.231753 main.go:152: 33:Bool lock released
[peer] 01:26:13.231758 blockchain.go:68: Returning a block
[peer] 01:26:13.231763 blockchain.go:68: Returning a block
[peer] 01:26:13.231768 main.go:179: 33:Equal block
