[peer] 00:16:13.865993 honest.go:105: 11Importing modules...
[peer] 00:16:18.264353 honest.go:118: 11Sucessfully pulled dataset. Features: 25
[peer] 00:16:18.265873 main.go:597: 11:Peer started. Receiving on 8011
[peer] 00:16:18.265467 main.go:467: 11:Announcing myself to network
[peer] 00:16:18.266140 main.go:472: 11:Calling {198.162.52.126 %!s(int=8000) }
[peer] 00:16:18.266152 main.go:491: 11:Inside callRegisterRPC
[peer] 00:16:18.266158 main.go:495: 11Making RPC call
[peer] 00:16:18.266748 main.go:501: 11RPC dial successful
[peer] 00:16:18.266767 main.go:504: 11:Calling RPC:198.162.52.126:8000
[peer] 00:16:18.266776 main.go:506: 11:RPC called198.162.52.126:8000
[peer] 00:16:18.268561 main.go:513: 11:Announced myself to a fellow peer at port. Got lastest chain
[peer] 00:16:18.268639 main.go:472: 11:Calling {198.162.52.126 %!s(int=8001) }
[peer] 00:16:18.268651 main.go:491: 11:Inside callRegisterRPC
[peer] 00:16:18.268672 main.go:495: 11Making RPC call
[err] 00:16:18.269067 main.go:282: Peer offline.Couldn't connect to peer: 198.162.52.126:8001, err = dial tcp 198.162.52.126:8001: connect: connection refused
[peer] 00:16:18.269094 main.go:472: 11:Calling {198.162.52.126 %!s(int=8002) }
[peer] 00:16:18.269101 main.go:491: 11:Inside callRegisterRPC
[peer] 00:16:18.269107 main.go:495: 11Making RPC call
[err] 00:16:18.269607 main.go:282: Peer offline.Couldn't connect to peer: 198.162.52.126:8002, err = dial tcp 198.162.52.126:8002: connect: connection refused
[peer] 00:16:18.269630 main.go:472: 11:Calling {198.162.52.126 %!s(int=8003) }
[peer] 00:16:18.269638 main.go:491: 11:Inside callRegisterRPC
[peer] 00:16:18.269644 main.go:495: 11Making RPC call
[err] 00:16:18.270139 main.go:282: Peer offline.Couldn't connect to peer: 198.162.52.126:8003, err = dial tcp 198.162.52.126:8003: connect: connection refused
[peer] 00:16:18.270162 main.go:472: 11:Calling {198.162.52.126 %!s(int=8004) }
[peer] 00:16:18.270169 main.go:491: 11:Inside callRegisterRPC
[peer] 00:16:18.270175 main.go:495: 11Making RPC call
[err] 00:16:18.270699 main.go:282: Peer offline.Couldn't connect to peer: 198.162.52.126:8004, err = dial tcp 198.162.52.126:8004: connect: connection refused
[peer] 00:16:18.270723 main.go:472: 11:Calling {198.162.52.126 %!s(int=8005) }
[peer] 00:16:18.270731 main.go:491: 11:Inside callRegisterRPC
[peer] 00:16:18.270737 main.go:495: 11Making RPC call
[err] 00:16:18.271229 main.go:282: Peer offline.Couldn't connect to peer: 198.162.52.126:8005, err = dial tcp 198.162.52.126:8005: connect: connection refused
[peer] 00:16:18.271253 main.go:472: 11:Calling {198.162.52.126 %!s(int=8006) }
[peer] 00:16:18.271260 main.go:491: 11:Inside callRegisterRPC
[peer] 00:16:18.271266 main.go:495: 11Making RPC call
[err] 00:16:18.271733 main.go:282: Peer offline.Couldn't connect to peer: 198.162.52.126:8006, err = dial tcp 198.162.52.126:8006: connect: connection refused
[peer] 00:16:18.271749 main.go:472: 11:Calling {198.162.52.126 %!s(int=8007) }
[peer] 00:16:18.271756 main.go:491: 11:Inside callRegisterRPC
[peer] 00:16:18.271762 main.go:495: 11Making RPC call
[err] 00:16:18.272267 main.go:282: Peer offline.Couldn't connect to peer: 198.162.52.126:8007, err = dial tcp 198.162.52.126:8007: connect: connection refused
[peer] 00:16:18.272291 main.go:472: 11:Calling {198.162.52.126 %!s(int=8008) }
[peer] 00:16:18.272299 main.go:491: 11:Inside callRegisterRPC
[peer] 00:16:18.272305 main.go:495: 11Making RPC call
[err] 00:16:18.272761 main.go:282: Peer offline.Couldn't connect to peer: 198.162.52.126:8008, err = dial tcp 198.162.52.126:8008: connect: connection refused
[peer] 00:16:18.272778 main.go:472: 11:Calling {198.162.52.126 %!s(int=8009) }
[peer] 00:16:18.272784 main.go:491: 11:Inside callRegisterRPC
[peer] 00:16:18.272790 main.go:495: 11Making RPC call
[err] 00:16:18.273014 main.go:282: Peer offline.Couldn't connect to peer: 198.162.52.126:8009, err = dial tcp 198.162.52.126:8009: connect: connection refused
[peer] 00:16:18.273030 main.go:472: 11:Calling {198.162.52.57 %!s(int=8010) }
[peer] 00:16:18.273036 main.go:491: 11:Inside callRegisterRPC
[peer] 00:16:18.273057 main.go:495: 11Making RPC call
[err] 00:16:18.273140 main.go:282: Peer offline.Couldn't connect to peer: 198.162.52.57:8010, err = dial tcp 198.162.52.57:8010: connect: connection refused
[peer] 00:16:18.273155 main.go:472: 11:Calling {198.162.52.57 %!s(int=8012) }
[peer] 00:16:18.273161 main.go:491: 11:Inside callRegisterRPC
[peer] 00:16:18.273199 main.go:495: 11Making RPC call
[err] 00:16:18.273268 main.go:282: Peer offline.Couldn't connect to peer: 198.162.52.57:8012, err = dial tcp 198.162.52.57:8012: connect: connection refused
[peer] 00:16:18.273283 main.go:472: 11:Calling {198.162.52.57 %!s(int=8013) }
[peer] 00:16:18.273289 main.go:491: 11:Inside callRegisterRPC
[peer] 00:16:18.273295 main.go:495: 11Making RPC call
[peer] 00:16:18.273414 main.go:501: 11RPC dial successful
[peer] 00:16:18.273427 main.go:504: 11:Calling RPC:198.162.52.57:8013
[peer] 00:16:18.273435 main.go:506: 11:RPC called198.162.52.57:8013
[peer] 00:16:18.274225 main.go:513: 11:Announced myself to a fellow peer at port. Got lastest chain
[peer] 00:16:18.274281 main.go:472: 11:Calling {198.162.52.57 %!s(int=8014) }
[peer] 00:16:18.274292 main.go:491: 11:Inside callRegisterRPC
[peer] 00:16:18.274298 main.go:495: 11Making RPC call
[peer] 00:16:18.274408 main.go:501: 11RPC dial successful
[peer] 00:16:18.274421 main.go:504: 11:Calling RPC:198.162.52.57:8014
[peer] 00:16:18.274428 main.go:506: 11:RPC called198.162.52.57:8014
[peer] 00:16:18.276282 main.go:513: 11:Announced myself to a fellow peer at port. Got lastest chain
[peer] 00:16:18.276331 main.go:472: 11:Calling {198.162.52.57 %!s(int=8015) }
[peer] 00:16:18.276342 main.go:491: 11:Inside callRegisterRPC
[peer] 00:16:18.276348 main.go:495: 11Making RPC call
[err] 00:16:18.276433 main.go:282: Peer offline.Couldn't connect to peer: 198.162.52.57:8015, err = dial tcp 198.162.52.57:8015: connect: connection refused
[peer] 00:16:18.276450 main.go:472: 11:Calling {198.162.52.57 %!s(int=8016) }
[peer] 00:16:18.276456 main.go:491: 11:Inside callRegisterRPC
[peer] 00:16:18.276461 main.go:495: 11Making RPC call
[err] 00:16:18.276523 main.go:282: Peer offline.Couldn't connect to peer: 198.162.52.57:8016, err = dial tcp 198.162.52.57:8016: connect: connection refused
[peer] 00:16:18.276539 main.go:472: 11:Calling {198.162.52.57 %!s(int=8017) }
[peer] 00:16:18.276545 main.go:491: 11:Inside callRegisterRPC
[peer] 00:16:18.276551 main.go:495: 11Making RPC call
[err] 00:16:18.276608 main.go:282: Peer offline.Couldn't connect to peer: 198.162.52.57:8017, err = dial tcp 198.162.52.57:8017: connect: connection refused
[peer] 00:16:18.276622 main.go:472: 11:Calling {198.162.52.57 %!s(int=8018) }
[peer] 00:16:18.276628 main.go:491: 11:Inside callRegisterRPC
[peer] 00:16:18.276634 main.go:495: 11Making RPC call
[err] 00:16:18.276690 main.go:282: Peer offline.Couldn't connect to peer: 198.162.52.57:8018, err = dial tcp 198.162.52.57:8018: connect: connection refused
[peer] 00:16:18.276704 main.go:472: 11:Calling {198.162.52.57 %!s(int=8019) }
[peer] 00:16:18.276710 main.go:491: 11:Inside callRegisterRPC
[peer] 00:16:18.276716 main.go:495: 11Making RPC call
[err] 00:16:18.276771 main.go:282: Peer offline.Couldn't connect to peer: 198.162.52.57:8019, err = dial tcp 198.162.52.57:8019: connect: connection refused
[peer] 00:16:18.276782 main.go:482: 11:Bootstrapped Network. Calling signal
[peer] 00:16:18.276804 main.go:484: 11:Bootstrapped Network. Signal called
[peer] 00:16:18.276814 main.go:556: 11:Acquiring bool lock
[peer] 00:16:18.276820 main.go:558: 11:Acquired bool lock
[peer] 00:16:18.277972 main.go:577: 11:I am not verifier IterationCount:3
[peer] 00:16:18.277982 main.go:582: 11:Bool lock released
[peer] 00:16:18.277988 main.go:790: 11:Computing Update
[peer] 00:16:18.278716 main.go:255: 11 : VRF returned ID map[5:{}]
[peer] 00:16:18.278734 main.go:264: 11 :Verifiers [198.162.52.126:8005] returned.
[err] 00:16:18.279238 main.go:282: Unable to connect to verifier, err = dial tcp 198.162.52.126:8005: connect: connection refused
[peer] 00:16:18.279266 main.go:862: 11:Will try and create an empty block
[peer] 00:16:18.279464 main.go:869: 11:Will try and create an empty block
[peer] 00:16:18.279592 main.go:632: 11:Sending block. Iteration: 3
[peer] 00:16:18.281854 main.go:697: 11:Block sent to peer successful
[peer] 00:16:18.282003 main.go:697: 11:Block sent to peer successful
[peer] 00:16:18.282883 main.go:697: 11:Block sent to peer successful
[peer] 00:16:18.282923 main.go:652: 11:RPC calls successfully returned. Iteration: 3
[peer] 00:16:18.294194 main.go:601: 11:Accepted new Connection
[peer] 00:16:18.294736 main.go:126: 11:Got block message, iteration 3
[peer] 00:16:18.294756 main.go:133: 11:Acquiring bool lock
[peer] 00:16:18.354036 main.go:601: 11:Accepted new Connection
[peer] 00:16:18.354245 main.go:126: 11:Got block message, iteration 3
[peer] 00:16:18.354263 main.go:133: 11:Acquiring bool lock
[peer] 00:16:18.355452 main.go:135: 11:Acquired bool lock
[peer] 00:16:18.355466 main.go:142: 11:Bool lock released
[peer] 00:16:18.355473 main.go:167: 11:Equal block
[peer] 00:16:18.355596 main.go:135: 11:Acquired bool lock
[peer] 00:16:18.355607 main.go:142: 11:Bool lock released
[peer] 00:16:18.355613 main.go:167: 11:Equal block
[peer] 00:16:18.356395 honest.go:79: 11Train Error is 1.00000 in Iteration 3
[peer] 00:16:18.356410 main.go:660: 11:Preparing for next Iteration. Current Iteration: 3
[peer] 00:16:18.356417 main.go:556: 11:Acquiring bool lock
[peer] 00:16:18.356422 main.go:558: 11:Acquired bool lock
[peer] 00:16:18.357571 main.go:577: 11:I am not verifier IterationCount:4
[peer] 00:16:18.357581 main.go:582: 11:Bool lock released
[peer] 00:16:18.365460 main.go:601: 11:Accepted new Connection
[peer] 00:16:18.365490 main.go:601: 11:Accepted new Connection
[peer] 00:16:18.365512 main.go:601: 11:Accepted new Connection
[peer] 00:16:18.365529 main.go:601: 11:Accepted new Connection
[peer] 00:16:18.365546 main.go:601: 11:Accepted new Connection
[peer] 00:16:18.365695 main.go:201: 11:Registering peer:198.162.52.57:8017
[peer] 00:16:18.365970 main.go:201: 11:Registering peer:198.162.52.57:8010
[peer] 00:16:18.366171 main.go:201: 11:Registering peer:198.162.52.57:8016
[peer] 00:16:18.366454 main.go:201: 11:Registering peer:198.162.52.57:8012
[peer] 00:16:18.366707 main.go:201: 11:Registering peer:198.162.52.57:8019
[peer] 00:16:18.374145 main.go:601: 11:Accepted new Connection
[peer] 00:16:18.374373 main.go:126: 11:Got block message, iteration 2
[peer] 00:16:18.374390 main.go:133: 11:Acquiring bool lock
[peer] 00:16:18.374396 main.go:135: 11:Acquired bool lock
[peer] 00:16:18.374402 main.go:142: 11:Bool lock released
[peer] 00:16:18.374407 main.go:167: 11:Equal block
[peer] 00:16:18.374828 main.go:601: 11:Accepted new Connection
[peer] 00:16:18.375050 main.go:201: 11:Registering peer:198.162.52.57:8018
[peer] 00:16:18.455510 main.go:790: 11:Computing Update
[peer] 00:16:18.456009 main.go:255: 11 : VRF returned ID map[12:{}]
[peer] 00:16:18.456028 main.go:264: 11 :Verifiers [198.162.52.57:8012] returned.
[peer] 00:16:18.456169 main.go:835: 11:Making RPC Call to Verifier. Sending Update, Iteration:4
[peer] 00:16:18.457034 main.go:842: 11:Update sent successfully
[peer] 00:16:18.570272 main.go:601: 11:Accepted new Connection
[peer] 00:16:18.573800 main.go:126: 11:Got block message, iteration 3
[peer] 00:16:18.573826 main.go:133: 11:Acquiring bool lock
[peer] 00:16:18.573832 main.go:135: 11:Acquired bool lock
[peer] 00:16:18.573838 main.go:142: 11:Bool lock released
[peer] 00:16:18.573844 main.go:167: 11:Equal block
[peer] 00:16:18.579155 main.go:601: 11:Accepted new Connection
[peer] 00:16:18.580012 main.go:201: 11:Registering peer:198.162.52.57:8015
[peer] 00:16:25.205968 main.go:601: 11:Accepted new Connection
[peer] 00:16:25.206425 main.go:201: 11:Registering peer:198.162.52.126:8004
[peer] 00:16:25.411413 main.go:601: 11:Accepted new Connection
[peer] 00:16:25.411912 main.go:201: 11:Registering peer:198.162.52.126:8005
[peer] 00:16:25.435501 main.go:601: 11:Accepted new Connection
[peer] 00:16:25.436097 main.go:201: 11:Registering peer:198.162.52.126:8009
[peer] 00:16:25.575712 main.go:601: 11:Accepted new Connection
[peer] 00:16:25.576208 main.go:201: 11:Registering peer:198.162.52.126:8001
[peer] 00:16:25.589883 main.go:601: 11:Accepted new Connection
[peer] 00:16:25.590390 main.go:201: 11:Registering peer:198.162.52.126:8006
[peer] 00:16:25.594930 main.go:601: 11:Accepted new Connection
[peer] 00:16:25.595294 main.go:201: 11:Registering peer:198.162.52.126:8003
[peer] 00:16:25.654664 main.go:601: 11:Accepted new Connection
[peer] 00:16:25.655175 main.go:201: 11:Registering peer:198.162.52.126:8002
[peer] 00:16:25.763609 main.go:601: 11:Accepted new Connection
[peer] 00:16:25.764071 main.go:201: 11:Registering peer:198.162.52.126:8008
[peer] 00:16:26.013265 main.go:601: 11:Accepted new Connection
[peer] 00:16:26.013761 main.go:201: 11:Registering peer:198.162.52.126:8007
[peer] 00:16:33.410267 main.go:601: 11:Accepted new Connection
[peer] 00:16:33.416957 main.go:126: 11:Got block message, iteration 4
[peer] 00:16:33.417065 main.go:133: 11:Acquiring bool lock
[peer] 00:16:33.417080 main.go:135: 11:Acquired bool lock
[peer] 00:16:33.417093 main.go:175: 11:Sending to channel
[peer] 00:16:33.417120 main.go:181: 11:Sent to channel
[peer] 00:16:33.417137 main.go:183: 11:Returning
[peer] 00:16:33.417553 main.go:743: 11:Adding block to chain
[peer] 00:16:33.417590 main.go:747: 11:Adding block to chain
[peer] 00:16:33.417603 main.go:753: 11:Checking convergence
[peer] 00:16:33.418164 main.go:916: 11:Block Received. Appending to chain and moving on to the next iteration..
[peer] 00:16:33.428361 main.go:601: 11:Accepted new Connection
[peer] 00:16:33.429722 main.go:126: 11:Got block message, iteration 4
[peer] 00:16:33.429760 main.go:133: 11:Acquiring bool lock
[peer] 00:16:33.446305 main.go:601: 11:Accepted new Connection
[peer] 00:16:33.459853 main.go:126: 11:Got block message, iteration 4
[peer] 00:16:33.459891 main.go:133: 11:Acquiring bool lock
[peer] 00:16:33.512187 main.go:601: 11:Accepted new Connection
[peer] 00:16:33.512500 main.go:126: 11:Got block message, iteration 4
[peer] 00:16:33.512525 main.go:133: 11:Acquiring bool lock
[peer] 00:16:33.656362 main.go:601: 11:Accepted new Connection
[peer] 00:16:33.675982 main.go:126: 11:Got block message, iteration 4
[peer] 00:16:33.676004 main.go:133: 11:Acquiring bool lock
[peer] 00:16:33.730469 main.go:601: 11:Accepted new Connection
[peer] 00:16:33.731493 main.go:126: 11:Got block message, iteration 4
[peer] 00:16:33.731513 main.go:133: 11:Acquiring bool lock
[peer] 00:16:33.753058 main.go:601: 11:Accepted new Connection
[peer] 00:16:33.769530 main.go:126: 11:Got block message, iteration 4
[peer] 00:16:33.769555 main.go:133: 11:Acquiring bool lock
[peer] 00:16:33.824566 main.go:601: 11:Accepted new Connection
[peer] 00:16:33.826580 main.go:126: 11:Got block message, iteration 4
[peer] 00:16:33.826601 main.go:133: 11:Acquiring bool lock
[peer] 00:16:33.918164 honest.go:79: 11Train Error is 0.09858 in Iteration 4
[peer] 00:16:33.918180 main.go:756: 11:Convergence checked
[peer] 00:16:33.918194 main.go:759: 11:Bool lock released
[peer] 00:16:33.918267 main.go:135: 11:Acquired bool lock
[peer] 00:16:33.918303 main.go:142: 11:Bool lock released
[peer] 00:16:33.918312 main.go:167: 11:Equal block
[peer] 00:16:33.918320 main.go:632: 11:Sending block. Iteration: 4
[peer] 00:16:33.918326 main.go:135: 11:Acquired bool lock
[peer] 00:16:33.918549 main.go:142: 11:Bool lock released
[peer] 00:16:33.918600 main.go:167: 11:Equal block
[peer] 00:16:33.919110 main.go:135: 11:Acquired bool lock
[peer] 00:16:33.919132 main.go:142: 11:Bool lock released
[peer] 00:16:33.919140 main.go:167: 11:Equal block
[peer] 00:16:33.931325 main.go:601: 11:Accepted new Connection
[peer] 00:16:33.931718 main.go:126: 11:Got block message, iteration 4
[peer] 00:16:33.931738 main.go:133: 11:Acquiring bool lock
[peer] 00:16:33.931819 main.go:697: 11:Block sent to peer successful
[err] 00:16:33.931831 main.go:282: Error in sending block, err = Stale Update/Block
[peer] 00:16:33.932020 main.go:135: 11:Acquired bool lock
[peer] 00:16:33.932042 main.go:142: 11:Bool lock released
[peer] 00:16:33.932049 main.go:167: 11:Equal block
[peer] 00:16:33.932147 main.go:135: 11:Acquired bool lock
[peer] 00:16:33.932159 main.go:142: 11:Bool lock released
[peer] 00:16:33.932165 main.go:167: 11:Equal block
[peer] 00:16:33.932252 main.go:135: 11:Acquired bool lock
[peer] 00:16:33.932273 main.go:142: 11:Bool lock released
[peer] 00:16:33.932282 main.go:167: 11:Equal block
[peer] 00:16:33.932362 main.go:135: 11:Acquired bool lock
[peer] 00:16:33.932373 main.go:142: 11:Bool lock released
[peer] 00:16:33.932379 main.go:167: 11:Equal block
[peer] 00:16:33.932447 main.go:135: 11:Acquired bool lock
[peer] 00:16:33.932457 main.go:142: 11:Bool lock released
[peer] 00:16:33.932463 main.go:167: 11:Equal block
[peer] 00:16:33.932580 main.go:697: 11:Block sent to peer successful
[err] 00:16:33.932608 main.go:282: Error in sending block, err = Stale Update/Block
[peer] 00:16:33.932951 main.go:697: 11:Block sent to peer successful
[err] 00:16:33.932965 main.go:282: Error in sending block, err = Stale Update/Block
[peer] 00:16:33.933096 main.go:697: 11:Block sent to peer successful
[err] 00:16:33.933108 main.go:282: Error in sending block, err = Stale Update/Block
[peer] 00:16:33.933203 main.go:697: 11:Block sent to peer successful
[peer] 00:16:33.933231 main.go:697: 11:Block sent to peer successful
[err] 00:16:33.933243 main.go:282: Error in sending block, err = Stale Update/Block
[peer] 00:16:33.933357 main.go:697: 11:Block sent to peer successful
[err] 00:16:33.933369 main.go:282: Error in sending block, err = Stale Update/Block
[peer] 00:16:33.933950 main.go:697: 11:Block sent to peer successful
[err] 00:16:33.933965 main.go:282: Error in sending block, err = Stale Update/Block
[peer] 00:16:33.934607 main.go:697: 11:Block sent to peer successful
[peer] 00:16:33.935327 main.go:697: 11:Block sent to peer successful
[peer] 00:16:33.935894 main.go:697: 11:Block sent to peer successful
[err] 00:16:33.935908 main.go:282: Error in sending block, err = Stale Update/Block
[peer] 00:16:33.936488 main.go:697: 11:Block sent to peer successful
[peer] 00:16:33.937166 main.go:697: 11:Block sent to peer successful
[peer] 00:16:33.937371 main.go:697: 11:Block sent to peer successful
[peer] 00:16:33.937640 main.go:697: 11:Block sent to peer successful
[peer] 00:16:33.937896 main.go:697: 11:Block sent to peer successful
[peer] 00:16:33.938152 main.go:697: 11:Block sent to peer successful
[err] 00:16:33.938165 main.go:282: Error in sending block, err = Stale Update/Block
[peer] 00:16:33.938260 main.go:697: 11:Block sent to peer successful
[peer] 00:16:33.939283 main.go:697: 11:Block sent to peer successful
[peer] 00:16:33.939327 main.go:652: 11:RPC calls successfully returned. Iteration: 4
[peer] 00:16:34.177283 honest.go:79: 11Train Error is 0.09858 in Iteration 4
[peer] 00:16:34.177298 main.go:660: 11:Preparing for next Iteration. Current Iteration: 4
[peer] 00:16:34.177305 main.go:556: 11:Acquiring bool lock
[peer] 00:16:34.177310 main.go:558: 11:Acquired bool lock
[peer] 00:16:34.178508 main.go:577: 11:I am not verifier IterationCount:5
[peer] 00:16:34.178521 main.go:582: 11:Bool lock released
[peer] 00:16:34.219126 main.go:790: 11:Computing Update
[peer] 00:16:34.219659 main.go:255: 11 : VRF returned ID map[2:{}]
[peer] 00:16:34.219693 main.go:264: 11 :Verifiers [198.162.52.126:8002] returned.
[peer] 00:16:34.220277 main.go:835: 11:Making RPC Call to Verifier. Sending Update, Iteration:5
[peer] 00:16:34.222605 main.go:842: 11:Update sent successfully
[peer] 00:16:49.855588 main.go:601: 11:Accepted new Connection
[peer] 00:16:49.857598 main.go:126: 11:Got block message, iteration 5
[peer] 00:16:49.857657 main.go:133: 11:Acquiring bool lock
[peer] 00:16:49.857672 main.go:135: 11:Acquired bool lock
[peer] 00:16:49.857685 main.go:175: 11:Sending to channel
[peer] 00:16:49.857700 main.go:181: 11:Sent to channel
[peer] 00:16:49.857723 main.go:183: 11:Returning
[peer] 00:16:49.857836 main.go:743: 11:Adding block to chain
[peer] 00:16:49.857905 main.go:747: 11:Adding block to chain
[peer] 00:16:49.857923 main.go:753: 11:Checking convergence
[peer] 00:16:49.864247 main.go:601: 11:Accepted new Connection
[peer] 00:16:49.866131 main.go:126: 11:Got block message, iteration 5
[peer] 00:16:49.866169 main.go:133: 11:Acquiring bool lock
[peer] 00:16:49.866386 main.go:601: 11:Accepted new Connection
[peer] 00:16:49.869601 main.go:126: 11:Got block message, iteration 5
[peer] 00:16:49.869668 main.go:133: 11:Acquiring bool lock
[peer] 00:16:49.880672 main.go:601: 11:Accepted new Connection
[peer] 00:16:49.888575 main.go:126: 11:Got block message, iteration 5
[peer] 00:16:49.888616 main.go:133: 11:Acquiring bool lock
[peer] 00:16:49.896868 main.go:601: 11:Accepted new Connection
[peer] 00:16:49.897116 main.go:126: 11:Got block message, iteration 5
[peer] 00:16:49.897140 main.go:133: 11:Acquiring bool lock
[peer] 00:16:49.917856 main.go:601: 11:Accepted new Connection
[peer] 00:16:49.986413 main.go:126: 11:Got block message, iteration 5
[peer] 00:16:49.986435 main.go:133: 11:Acquiring bool lock
[peer] 00:16:49.998024 main.go:601: 11:Accepted new Connection
[peer] 00:16:49.998225 main.go:126: 11:Got block message, iteration 5
[peer] 00:16:49.998244 main.go:133: 11:Acquiring bool lock
[peer] 00:16:50.009887 main.go:601: 11:Accepted new Connection
[peer] 00:16:50.010113 main.go:126: 11:Got block message, iteration 5
[peer] 00:16:50.010134 main.go:133: 11:Acquiring bool lock
[peer] 00:16:50.037365 main.go:601: 11:Accepted new Connection
[peer] 00:16:50.038813 main.go:126: 11:Got block message, iteration 5
[peer] 00:16:50.038833 main.go:133: 11:Acquiring bool lock
[peer] 00:16:50.166495 honest.go:79: 11Train Error is 0.09858 in Iteration 5
[peer] 00:16:50.166516 main.go:756: 11:Convergence checked
[peer] 00:16:50.166603 main.go:135: 11:Acquired bool lock
[peer] 00:16:50.166622 main.go:142: 11:Bool lock released
[peer] 00:16:50.166629 main.go:167: 11:Equal block
[peer] 00:16:50.166737 main.go:135: 11:Acquired bool lock
[peer] 00:16:50.166765 main.go:142: 11:Bool lock released
[peer] 00:16:50.166774 main.go:167: 11:Equal block
[peer] 00:16:50.166783 main.go:135: 11:Acquired bool lock
[peer] 00:16:50.166838 main.go:142: 11:Bool lock released
[peer] 00:16:50.166846 main.go:167: 11:Equal block
[peer] 00:16:50.166854 main.go:135: 11:Acquired bool lock
[peer] 00:16:50.166883 main.go:142: 11:Bool lock released
[peer] 00:16:50.166891 main.go:167: 11:Equal block
[peer] 00:16:50.166865 main.go:759: 11:Bool lock released
[peer] 00:16:50.167001 main.go:135: 11:Acquired bool lock
[peer] 00:16:50.167019 main.go:142: 11:Bool lock released
[peer] 00:16:50.167024 main.go:167: 11:Equal block
[peer] 00:16:50.167078 main.go:135: 11:Acquired bool lock
[peer] 00:16:50.167098 main.go:142: 11:Bool lock released
[peer] 00:16:50.167098 main.go:632: 11:Sending block. Iteration: 5
[peer] 00:16:50.167106 main.go:167: 11:Equal block
[peer] 00:16:50.167108 main.go:135: 11:Acquired bool lock
[peer] 00:16:50.167363 main.go:142: 11:Bool lock released
[peer] 00:16:50.167368 main.go:167: 11:Equal block
[peer] 00:16:50.167418 main.go:135: 11:Acquired bool lock
[peer] 00:16:50.167428 main.go:142: 11:Bool lock released
[peer] 00:16:50.167434 main.go:167: 11:Equal block
[peer] 00:16:50.275193 main.go:697: 11:Block sent to peer successful
[peer] 00:16:50.275372 main.go:697: 11:Block sent to peer successful
[peer] 00:16:50.275613 main.go:697: 11:Block sent to peer successful
[err] 00:16:50.275632 main.go:282: Error in sending block, err = Stale Update/Block
[peer] 00:16:50.275778 main.go:697: 11:Block sent to peer successful
[peer] 00:16:50.275868 main.go:697: 11:Block sent to peer successful
[err] 00:16:50.275886 main.go:282: Error in sending block, err = Stale Update/Block
[peer] 00:16:50.276025 main.go:697: 11:Block sent to peer successful
[err] 00:16:50.276045 main.go:282: Error in sending block, err = Stale Update/Block
[peer] 00:16:50.276178 main.go:697: 11:Block sent to peer successful
[err] 00:16:50.276198 main.go:282: Error in sending block, err = Stale Update/Block
[peer] 00:16:50.276379 main.go:697: 11:Block sent to peer successful
[err] 00:16:50.276394 main.go:282: Error in sending block, err = Stale Update/Block
[peer] 00:16:50.276509 main.go:697: 11:Block sent to peer successful
[err] 00:16:50.276539 main.go:282: Error in sending block, err = Stale Update/Block
[peer] 00:16:50.276576 main.go:697: 11:Block sent to peer successful
[err] 00:16:50.276591 main.go:282: Error in sending block, err = Stale Update/Block
[peer] 00:16:50.276843 main.go:697: 11:Block sent to peer successful
[peer] 00:16:50.277319 main.go:697: 11:Block sent to peer successful
[err] 00:16:50.277340 main.go:282: Error in sending block, err = Stale Update/Block
[peer] 00:16:50.277609 main.go:697: 11:Block sent to peer successful
[peer] 00:16:50.277673 main.go:920: 11:Timeout. Didn't receive block. Appending empty block. Iteration: ..
[peer] 00:16:50.277697 main.go:922: 11:chain lock acquired
[err] 00:16:50.277713 main.go:282: Iteration: 5, err = Forbidden overwrite of block foiled
[peer] 00:16:50.277710 main.go:697: 11:Block sent to peer successful
[peer] 00:16:50.277896 main.go:697: 11:Block sent to peer successful
[peer] 00:16:50.278137 main.go:697: 11:Block sent to peer successful
[peer] 00:16:50.278150 main.go:697: 11:Block sent to peer successful
[err] 00:16:50.278183 main.go:282: Error in sending block, err = Stale Update/Block
[peer] 00:16:50.278510 main.go:697: 11:Block sent to peer successful
[peer] 00:16:50.278554 main.go:697: 11:Block sent to peer successful
[peer] 00:16:50.278607 main.go:652: 11:RPC calls successfully returned. Iteration: 5
[peer] 00:16:50.374339 honest.go:79: 11Train Error is 0.09858 in Iteration 5
[peer] 00:16:50.374359 main.go:660: 11:Preparing for next Iteration. Current Iteration: 5
[peer] 00:16:50.374366 main.go:556: 11:Acquiring bool lock
[peer] 00:16:50.374371 main.go:558: 11:Acquired bool lock
[peer] 00:16:50.375521 main.go:577: 11:I am not verifier IterationCount:6
[peer] 00:16:50.375531 main.go:582: 11:Bool lock released
[peer] 00:16:50.378151 main.go:790: 11:Computing Update
[peer] 00:16:50.378645 main.go:255: 11 : VRF returned ID map[5:{}]
[peer] 00:16:50.378680 main.go:264: 11 :Verifiers [198.162.52.126:8005] returned.
[peer] 00:16:50.379391 main.go:835: 11:Making RPC Call to Verifier. Sending Update, Iteration:6
[peer] 00:16:50.380976 main.go:842: 11:Update sent successfully
[peer] 00:17:06.004455 main.go:601: 11:Accepted new Connection
[peer] 00:17:06.009658 main.go:126: 11:Got block message, iteration 6
[peer] 00:17:06.009713 main.go:133: 11:Acquiring bool lock
[peer] 00:17:06.009728 main.go:135: 11:Acquired bool lock
[peer] 00:17:06.009741 main.go:175: 11:Sending to channel
[peer] 00:17:06.009755 main.go:181: 11:Sent to channel
[peer] 00:17:06.009781 main.go:183: 11:Returning
[peer] 00:17:06.010140 main.go:743: 11:Adding block to chain
[peer] 00:17:06.010176 main.go:747: 11:Adding block to chain
[peer] 00:17:06.010189 main.go:753: 11:Checking convergence
[peer] 00:17:06.015890 main.go:601: 11:Accepted new Connection
[peer] 00:17:06.015942 main.go:601: 11:Accepted new Connection
[peer] 00:17:06.016324 main.go:126: 11:Got block message, iteration 6
[peer] 00:17:06.016359 main.go:133: 11:Acquiring bool lock
[peer] 00:17:06.021970 main.go:126: 11:Got block message, iteration 6
[peer] 00:17:06.022013 main.go:133: 11:Acquiring bool lock
[peer] 00:17:06.036001 main.go:601: 11:Accepted new Connection
[peer] 00:17:06.045645 main.go:126: 11:Got block message, iteration 6
[peer] 00:17:06.045676 main.go:133: 11:Acquiring bool lock
[peer] 00:17:06.131552 main.go:601: 11:Accepted new Connection
[peer] 00:17:06.131765 main.go:126: 11:Got block message, iteration 6
[peer] 00:17:06.131816 main.go:133: 11:Acquiring bool lock
[peer] 00:17:06.134812 main.go:601: 11:Accepted new Connection
[peer] 00:17:06.135025 main.go:126: 11:Got block message, iteration 6
[peer] 00:17:06.135045 main.go:133: 11:Acquiring bool lock
[peer] 00:17:06.137614 honest.go:79: 11Train Error is 0.09858 in Iteration 6
[peer] 00:17:06.137634 main.go:756: 11:Convergence checked
[peer] 00:17:06.137643 main.go:759: 11:Bool lock released
[peer] 00:17:06.137723 main.go:632: 11:Sending block. Iteration: 6
[peer] 00:17:06.137871 main.go:135: 11:Acquired bool lock
[peer] 00:17:06.137886 main.go:142: 11:Bool lock released
[peer] 00:17:06.137905 main.go:167: 11:Equal block
[peer] 00:17:06.138041 main.go:135: 11:Acquired bool lock
[peer] 00:17:06.138057 main.go:142: 11:Bool lock released
[peer] 00:17:06.138063 main.go:167: 11:Equal block
[peer] 00:17:06.138127 main.go:135: 11:Acquired bool lock
[peer] 00:17:06.138140 main.go:142: 11:Bool lock released
[peer] 00:17:06.138146 main.go:167: 11:Equal block
[peer] 00:17:06.138208 main.go:135: 11:Acquired bool lock
[peer] 00:17:06.138220 main.go:142: 11:Bool lock released
[peer] 00:17:06.138227 main.go:167: 11:Equal block
[peer] 00:17:06.138276 main.go:135: 11:Acquired bool lock
[peer] 00:17:06.138287 main.go:142: 11:Bool lock released
[peer] 00:17:06.138294 main.go:167: 11:Equal block
[peer] 00:17:06.139798 main.go:697: 11:Block sent to peer successful
[err] 00:17:06.139861 main.go:282: Error in sending block, err = Stale Update/Block
[peer] 00:17:06.139922 main.go:697: 11:Block sent to peer successful
[peer] 00:17:06.140665 main.go:697: 11:Block sent to peer successful
[peer] 00:17:06.140883 main.go:697: 11:Block sent to peer successful
[err] 00:17:06.140900 main.go:282: Error in sending block, err = Stale Update/Block
[peer] 00:17:06.140957 main.go:697: 11:Block sent to peer successful
[peer] 00:17:06.141106 main.go:697: 11:Block sent to peer successful
[err] 00:17:06.141121 main.go:282: Error in sending block, err = Stale Update/Block
[peer] 00:17:06.141145 main.go:697: 11:Block sent to peer successful
[peer] 00:17:06.141298 main.go:697: 11:Block sent to peer successful
[peer] 00:17:06.141314 main.go:697: 11:Block sent to peer successful
[peer] 00:17:06.141449 main.go:697: 11:Block sent to peer successful
[err] 00:17:06.141462 main.go:282: Error in sending block, err = Stale Update/Block
[peer] 00:17:06.141547 main.go:697: 11:Block sent to peer successful
[peer] 00:17:06.141570 main.go:697: 11:Block sent to peer successful
[peer] 00:17:06.141633 main.go:697: 11:Block sent to peer successful
[peer] 00:17:06.142534 main.go:697: 11:Block sent to peer successful
[peer] 00:17:06.142897 main.go:697: 11:Block sent to peer successful
[err] 00:17:06.142911 main.go:282: Error in sending block, err = Stale Update/Block
[peer] 00:17:06.143522 main.go:697: 11:Block sent to peer successful
[err] 00:17:06.143535 main.go:282: Error in sending block, err = Stale Update/Block
[peer] 00:17:06.157852 main.go:601: 11:Accepted new Connection
[peer] 00:17:06.161609 main.go:126: 11:Got block message, iteration 6
[peer] 00:17:06.161630 main.go:133: 11:Acquiring bool lock
[peer] 00:17:06.161637 main.go:135: 11:Acquired bool lock
[peer] 00:17:06.161643 main.go:142: 11:Bool lock released
[peer] 00:17:06.161648 main.go:167: 11:Equal block
[peer] 00:17:06.177299 main.go:697: 11:Block sent to peer successful
[err] 00:17:06.177312 main.go:282: Error in sending block, err = Stale Update/Block
[peer] 00:17:06.285575 main.go:697: 11:Block sent to peer successful
[err] 00:17:06.285589 main.go:282: Error in sending block, err = Stale Update/Block
[peer] 00:17:06.287459 main.go:601: 11:Accepted new Connection
[peer] 00:17:06.291955 main.go:126: 11:Got block message, iteration 6
[peer] 00:17:06.291980 main.go:133: 11:Acquiring bool lock
[peer] 00:17:06.291986 main.go:135: 11:Acquired bool lock
[peer] 00:17:06.291992 main.go:142: 11:Bool lock released
[peer] 00:17:06.291998 main.go:167: 11:Equal block
[peer] 00:17:06.381199 main.go:920: 11:Timeout. Didn't receive block. Appending empty block. Iteration: ..
[peer] 00:17:06.381243 main.go:922: 11:chain lock acquired
[err] 00:17:06.381257 main.go:282: Iteration: 6, err = Forbidden overwrite of block foiled
[peer] 00:17:06.402944 main.go:697: 11:Block sent to peer successful
[err] 00:17:06.402958 main.go:282: Error in sending block, err = Stale Update/Block
[peer] 00:17:06.403025 main.go:652: 11:RPC calls successfully returned. Iteration: 6
[peer] 00:17:06.503180 honest.go:79: 11Train Error is 0.09858 in Iteration 6
[peer] 00:17:06.503199 main.go:660: 11:Preparing for next Iteration. Current Iteration: 6
[peer] 00:17:06.503207 main.go:556: 11:Acquiring bool lock
[peer] 00:17:06.503212 main.go:558: 11:Acquired bool lock
[peer] 00:17:06.504395 main.go:577: 11:I am not verifier IterationCount:7
[peer] 00:17:06.504408 main.go:582: 11:Bool lock released
[peer] 00:17:06.505495 main.go:601: 11:Accepted new Connection
[peer] 00:17:06.511175 main.go:126: 11:Got block message, iteration 6
[peer] 00:17:06.511201 main.go:133: 11:Acquiring bool lock
[peer] 00:17:06.511207 main.go:135: 11:Acquired bool lock
[peer] 00:17:06.511213 main.go:142: 11:Bool lock released
[peer] 00:17:06.511220 main.go:167: 11:Equal block
[peer] 00:17:06.538432 main.go:790: 11:Computing Update
[peer] 00:17:06.538927 main.go:255: 11 : VRF returned ID map[3:{}]
[peer] 00:17:06.538948 main.go:264: 11 :Verifiers [198.162.52.126:8003] returned.
[peer] 00:17:06.539475 main.go:835: 11:Making RPC Call to Verifier. Sending Update, Iteration:7
[peer] 00:17:06.540677 main.go:842: 11:Update sent successfully
[peer] 00:17:22.309544 main.go:601: 11:Accepted new Connection
[peer] 00:17:22.312763 main.go:126: 11:Got block message, iteration 7
[peer] 00:17:22.312851 main.go:133: 11:Acquiring bool lock
[peer] 00:17:22.312877 main.go:135: 11:Acquired bool lock
[peer] 00:17:22.312895 main.go:175: 11:Sending to channel
[peer] 00:17:22.312954 main.go:181: 11:Sent to channel
[peer] 00:17:22.312994 main.go:183: 11:Returning
[peer] 00:17:22.313185 main.go:743: 11:Adding block to chain
[peer] 00:17:22.313269 main.go:747: 11:Adding block to chain
[peer] 00:17:22.313284 main.go:753: 11:Checking convergence
[peer] 00:17:22.316918 main.go:601: 11:Accepted new Connection
[peer] 00:17:22.318720 main.go:126: 11:Got block message, iteration 7
[peer] 00:17:22.318796 main.go:133: 11:Acquiring bool lock
[peer] 00:17:22.361892 main.go:601: 11:Accepted new Connection
[peer] 00:17:22.367581 main.go:126: 11:Got block message, iteration 7
[peer] 00:17:22.367608 main.go:133: 11:Acquiring bool lock
[peer] 00:17:22.427398 main.go:601: 11:Accepted new Connection
[peer] 00:17:22.427596 main.go:126: 11:Got block message, iteration 7
[peer] 00:17:22.427615 main.go:133: 11:Acquiring bool lock
[peer] 00:17:22.437312 main.go:601: 11:Accepted new Connection
[peer] 00:17:22.437495 main.go:126: 11:Got block message, iteration 7
[peer] 00:17:22.437513 main.go:133: 11:Acquiring bool lock
[peer] 00:17:22.453502 main.go:601: 11:Accepted new Connection
[peer] 00:17:22.455348 main.go:126: 11:Got block message, iteration 7
[peer] 00:17:22.455367 main.go:133: 11:Acquiring bool lock
[peer] 00:17:22.540576 main.go:601: 11:Accepted new Connection
[peer] 00:17:22.540844 main.go:920: 11:Timeout. Didn't receive block. Appending empty block. Iteration: ..
[peer] 00:17:22.540873 main.go:922: 11:chain lock acquired
[err] 00:17:22.540884 main.go:282: Iteration: 7, err = Forbidden overwrite of block foiled
[peer] 00:17:22.547087 main.go:601: 11:Accepted new Connection
[peer] 00:17:22.550787 main.go:126: 11:Got block message, iteration 7
[peer] 00:17:22.550807 main.go:133: 11:Acquiring bool lock
[peer] 00:17:22.555342 honest.go:79: 11Train Error is 0.09858 in Iteration 7
[peer] 00:17:22.555359 main.go:756: 11:Convergence checked
[peer] 00:17:22.555374 main.go:759: 11:Bool lock released
[peer] 00:17:22.555392 main.go:135: 11:Acquired bool lock
[peer] 00:17:22.555420 main.go:142: 11:Bool lock released
[peer] 00:17:22.555439 main.go:167: 11:Equal block
[peer] 00:17:22.555474 main.go:632: 11:Sending block. Iteration: 7
[peer] 00:17:22.555517 main.go:135: 11:Acquired bool lock
[peer] 00:17:22.555531 main.go:142: 11:Bool lock released
[peer] 00:17:22.555540 main.go:167: 11:Equal block
[peer] 00:17:22.555802 main.go:135: 11:Acquired bool lock
[peer] 00:17:22.555817 main.go:142: 11:Bool lock released
[peer] 00:17:22.555823 main.go:167: 11:Equal block
[peer] 00:17:22.555900 main.go:135: 11:Acquired bool lock
[peer] 00:17:22.555913 main.go:142: 11:Bool lock released
[peer] 00:17:22.555919 main.go:167: 11:Equal block
[peer] 00:17:22.555986 main.go:135: 11:Acquired bool lock
[peer] 00:17:22.555998 main.go:142: 11:Bool lock released
[peer] 00:17:22.556004 main.go:167: 11:Equal block
[peer] 00:17:22.556054 main.go:135: 11:Acquired bool lock
[peer] 00:17:22.556077 main.go:142: 11:Bool lock released
[peer] 00:17:22.556084 main.go:167: 11:Equal block
[peer] 00:17:22.559889 main.go:126: 11:Got block message, iteration 7
[peer] 00:17:22.559907 main.go:133: 11:Acquiring bool lock
[peer] 00:17:22.559914 main.go:135: 11:Acquired bool lock
[peer] 00:17:22.559919 main.go:142: 11:Bool lock released
[peer] 00:17:22.559925 main.go:167: 11:Equal block
[peer] 00:17:22.560548 main.go:697: 11:Block sent to peer successful
[err] 00:17:22.560563 main.go:282: Error in sending block, err = Stale Update/Block
[peer] 00:17:22.560549 main.go:697: 11:Block sent to peer successful
[peer] 00:17:22.560575 main.go:697: 11:Block sent to peer successful
[err] 00:17:22.560602 main.go:282: Error in sending block, err = Stale Update/Block
[peer] 00:17:22.560606 main.go:697: 11:Block sent to peer successful
[err] 00:17:22.560607 main.go:282: Error in sending block, err = Stale Update/Block
[peer] 00:17:22.560576 main.go:697: 11:Block sent to peer successful
[err] 00:17:22.560636 main.go:282: Error in sending block, err = Stale Update/Block
[err] 00:17:22.560625 main.go:282: Error in sending block, err = Stale Update/Block
[peer] 00:17:22.560652 main.go:697: 11:Block sent to peer successful
[err] 00:17:22.560670 main.go:282: Error in sending block, err = Stale Update/Block
[peer] 00:17:22.560966 main.go:697: 11:Block sent to peer successful
[peer] 00:17:22.561086 main.go:697: 11:Block sent to peer successful
[err] 00:17:22.561099 main.go:282: Error in sending block, err = Stale Update/Block
[peer] 00:17:22.561347 main.go:697: 11:Block sent to peer successful
[peer] 00:17:22.561493 main.go:697: 11:Block sent to peer successful
[peer] 00:17:22.561949 main.go:697: 11:Block sent to peer successful
[peer] 00:17:22.562174 main.go:697: 11:Block sent to peer successful
[peer] 00:17:22.562177 main.go:697: 11:Block sent to peer successful
[peer] 00:17:22.562485 main.go:697: 11:Block sent to peer successful
[peer] 00:17:22.562572 main.go:697: 11:Block sent to peer successful
[peer] 00:17:22.562613 main.go:697: 11:Block sent to peer successful
[err] 00:17:22.562627 main.go:282: Error in sending block, err = Stale Update/Block
[peer] 00:17:22.562618 main.go:697: 11:Block sent to peer successful
[peer] 00:17:22.565468 main.go:697: 11:Block sent to peer successful
[peer] 00:17:22.589077 main.go:601: 11:Accepted new Connection
[peer] 00:17:22.589629 main.go:697: 11:Block sent to peer successful
[err] 00:17:22.589645 main.go:282: Error in sending block, err = Stale Update/Block
[peer] 00:17:22.589696 main.go:652: 11:RPC calls successfully returned. Iteration: 7
[peer] 00:17:22.591568 main.go:126: 11:Got block message, iteration 7
[peer] 00:17:22.591580 main.go:133: 11:Acquiring bool lock
[peer] 00:17:22.591586 main.go:135: 11:Acquired bool lock
[peer] 00:17:22.591591 main.go:142: 11:Bool lock released
[peer] 00:17:22.591597 main.go:167: 11:Equal block
[peer] 00:17:22.843691 honest.go:79: 11Train Error is 0.09858 in Iteration 7
[peer] 00:17:22.843708 main.go:660: 11:Preparing for next Iteration. Current Iteration: 7
[peer] 00:17:22.843715 main.go:556: 11:Acquiring bool lock
[peer] 00:17:22.843720 main.go:558: 11:Acquired bool lock
[peer] 00:17:22.844984 main.go:577: 11:I am not verifier IterationCount:8
[peer] 00:17:22.844995 main.go:582: 11:Bool lock released
[peer] 00:17:22.856107 main.go:790: 11:Computing Update
[peer] 00:17:22.856596 main.go:255: 11 : VRF returned ID map[5:{}]
[peer] 00:17:22.856633 main.go:264: 11 :Verifiers [198.162.52.126:8005] returned.
[peer] 00:17:22.857196 main.go:835: 11:Making RPC Call to Verifier. Sending Update, Iteration:8
[peer] 00:17:22.858500 main.go:842: 11:Update sent successfully
[peer] 00:17:38.556204 main.go:601: 11:Accepted new Connection
[peer] 00:17:38.559266 main.go:126: 11:Got block message, iteration 8
[peer] 00:17:38.559322 main.go:133: 11:Acquiring bool lock
[peer] 00:17:38.559337 main.go:135: 11:Acquired bool lock
[peer] 00:17:38.559350 main.go:175: 11:Sending to channel
[peer] 00:17:38.559365 main.go:181: 11:Sent to channel
[peer] 00:17:38.559380 main.go:183: 11:Returning
[peer] 00:17:38.559595 main.go:743: 11:Adding block to chain
[peer] 00:17:38.559633 main.go:747: 11:Adding block to chain
[peer] 00:17:38.559646 main.go:753: 11:Checking convergence
[peer] 00:17:38.562616 main.go:601: 11:Accepted new Connection
[peer] 00:17:38.563058 main.go:601: 11:Accepted new Connection
[peer] 00:17:38.563595 main.go:126: 11:Got block message, iteration 8
[peer] 00:17:38.563640 main.go:133: 11:Acquiring bool lock
[peer] 00:17:38.585094 main.go:126: 11:Got block message, iteration 8
[peer] 00:17:38.585132 main.go:133: 11:Acquiring bool lock
[peer] 00:17:38.585224 main.go:601: 11:Accepted new Connection
[peer] 00:17:38.606357 main.go:126: 11:Got block message, iteration 8
[peer] 00:17:38.606386 main.go:133: 11:Acquiring bool lock
[peer] 00:17:38.664124 main.go:601: 11:Accepted new Connection
[peer] 00:17:38.669534 main.go:126: 11:Got block message, iteration 8
[peer] 00:17:38.669555 main.go:133: 11:Acquiring bool lock
[peer] 00:17:38.683028 main.go:601: 11:Accepted new Connection
[peer] 00:17:38.683252 main.go:126: 11:Got block message, iteration 8
[peer] 00:17:38.683272 main.go:133: 11:Acquiring bool lock
[peer] 00:17:38.702664 main.go:601: 11:Accepted new Connection
[peer] 00:17:38.720080 main.go:126: 11:Got block message, iteration 8
[peer] 00:17:38.720103 main.go:133: 11:Acquiring bool lock
[peer] 00:17:38.732005 honest.go:79: 11Train Error is 0.09858 in Iteration 8
[peer] 00:17:38.732027 main.go:756: 11:Convergence checked
[peer] 00:17:38.732051 main.go:759: 11:Bool lock released
[peer] 00:17:38.732118 main.go:135: 11:Acquired bool lock
[peer] 00:17:38.732136 main.go:632: 11:Sending block. Iteration: 8
[peer] 00:17:38.732140 main.go:142: 11:Bool lock released
[peer] 00:17:38.732207 main.go:167: 11:Equal block
[peer] 00:17:38.732145 main.go:135: 11:Acquired bool lock
[peer] 00:17:38.732294 main.go:142: 11:Bool lock released
[peer] 00:17:38.732300 main.go:167: 11:Equal block
[peer] 00:17:38.732442 main.go:135: 11:Acquired bool lock
[peer] 00:17:38.732454 main.go:142: 11:Bool lock released
[peer] 00:17:38.732460 main.go:167: 11:Equal block
[peer] 00:17:38.732515 main.go:135: 11:Acquired bool lock
[peer] 00:17:38.732526 main.go:142: 11:Bool lock released
[peer] 00:17:38.732532 main.go:167: 11:Equal block
[peer] 00:17:38.732580 main.go:135: 11:Acquired bool lock
[peer] 00:17:38.732590 main.go:142: 11:Bool lock released
[peer] 00:17:38.732596 main.go:167: 11:Equal block
[peer] 00:17:38.732643 main.go:135: 11:Acquired bool lock
[peer] 00:17:38.732653 main.go:142: 11:Bool lock released
[peer] 00:17:38.732659 main.go:167: 11:Equal block
[peer] 00:17:38.733977 main.go:697: 11:Block sent to peer successful
[err] 00:17:38.733993 main.go:282: Error in sending block, err = Stale Update/Block
[peer] 00:17:38.734009 main.go:697: 11:Block sent to peer successful
[err] 00:17:38.734032 main.go:282: Error in sending block, err = Stale Update/Block
[peer] 00:17:38.734053 main.go:697: 11:Block sent to peer successful
[err] 00:17:38.734079 main.go:282: Error in sending block, err = Stale Update/Block
[peer] 00:17:38.734108 main.go:697: 11:Block sent to peer successful
[peer] 00:17:38.734022 main.go:697: 11:Block sent to peer successful
[err] 00:17:38.734231 main.go:282: Error in sending block, err = Stale Update/Block
[peer] 00:17:38.734227 main.go:697: 11:Block sent to peer successful
[err] 00:17:38.734714 main.go:282: Error in sending block, err = Stale Update/Block
[peer] 00:17:38.734731 main.go:697: 11:Block sent to peer successful
[err] 00:17:38.734748 main.go:282: Error in sending block, err = Stale Update/Block
[peer] 00:17:38.734763 main.go:697: 11:Block sent to peer successful
[peer] 00:17:38.734733 main.go:697: 11:Block sent to peer successful
[peer] 00:17:38.734767 main.go:697: 11:Block sent to peer successful
[err] 00:17:38.734623 main.go:282: Error in sending block, err = Stale Update/Block
[peer] 00:17:38.734774 main.go:697: 11:Block sent to peer successful
[peer] 00:17:38.734787 main.go:697: 11:Block sent to peer successful
[peer] 00:17:38.734854 main.go:697: 11:Block sent to peer successful
[peer] 00:17:38.734883 main.go:697: 11:Block sent to peer successful
[peer] 00:17:38.734890 main.go:697: 11:Block sent to peer successful
[peer] 00:17:38.734911 main.go:697: 11:Block sent to peer successful
[peer] 00:17:38.734861 main.go:697: 11:Block sent to peer successful
[peer] 00:17:38.785614 main.go:601: 11:Accepted new Connection
[peer] 00:17:38.787032 main.go:697: 11:Block sent to peer successful
[err] 00:17:38.787044 main.go:282: Error in sending block, err = Stale Update/Block
[peer] 00:17:38.789362 main.go:126: 11:Got block message, iteration 8
[peer] 00:17:38.789389 main.go:133: 11:Acquiring bool lock
[peer] 00:17:38.789396 main.go:135: 11:Acquired bool lock
[peer] 00:17:38.789402 main.go:142: 11:Bool lock released
[peer] 00:17:38.789408 main.go:167: 11:Equal block
[peer] 00:17:38.858728 main.go:920: 11:Timeout. Didn't receive block. Appending empty block. Iteration: ..
[peer] 00:17:38.858756 main.go:922: 11:chain lock acquired
[err] 00:17:38.858765 main.go:282: Iteration: 8, err = Forbidden overwrite of block foiled
[peer] 00:17:38.920987 main.go:601: 11:Accepted new Connection
[peer] 00:17:38.929962 main.go:126: 11:Got block message, iteration 8
[peer] 00:17:38.929983 main.go:133: 11:Acquiring bool lock
[peer] 00:17:38.929989 main.go:135: 11:Acquired bool lock
[peer] 00:17:38.929995 main.go:142: 11:Bool lock released
[peer] 00:17:38.930001 main.go:167: 11:Equal block
[peer] 00:17:38.930134 main.go:697: 11:Block sent to peer successful
[err] 00:17:38.930146 main.go:282: Error in sending block, err = Stale Update/Block
[peer] 00:17:38.930185 main.go:652: 11:RPC calls successfully returned. Iteration: 8
[peer] 00:17:39.249839 honest.go:79: 11Train Error is 0.09858 in Iteration 8
[peer] 00:17:39.249854 main.go:660: 11:Preparing for next Iteration. Current Iteration: 8
[peer] 00:17:39.249861 main.go:556: 11:Acquiring bool lock
[peer] 00:17:39.249867 main.go:558: 11:Acquired bool lock
[peer] 00:17:39.251618 main.go:577: 11:I am not verifier IterationCount:9
[peer] 00:17:39.251639 main.go:582: 11:Bool lock released
[peer] 00:17:39.333119 main.go:790: 11:Computing Update
[peer] 00:17:39.333591 main.go:255: 11 : VRF returned ID map[17:{}]
[peer] 00:17:39.333627 main.go:264: 11 :Verifiers [198.162.52.57:8017] returned.
[peer] 00:17:39.333800 main.go:835: 11:Making RPC Call to Verifier. Sending Update, Iteration:9
[peer] 00:17:39.334504 main.go:842: 11:Update sent successfully
[peer] 00:17:54.194519 main.go:601: 11:Accepted new Connection
[peer] 00:17:54.197748 main.go:126: 11:Got block message, iteration 9
[peer] 00:17:54.197797 main.go:133: 11:Acquiring bool lock
[peer] 00:17:54.197811 main.go:135: 11:Acquired bool lock
[peer] 00:17:54.197823 main.go:175: 11:Sending to channel
[peer] 00:17:54.197846 main.go:181: 11:Sent to channel
[peer] 00:17:54.197861 main.go:183: 11:Returning
[peer] 00:17:54.197884 main.go:916: 11:Block Received. Appending to chain and moving on to the next iteration..
[peer] 00:17:54.197962 main.go:743: 11:Adding block to chain
[peer] 00:17:54.198022 main.go:747: 11:Adding block to chain
[peer] 00:17:54.198035 main.go:753: 11:Checking convergence
[peer] 00:17:54.201787 main.go:601: 11:Accepted new Connection
[peer] 00:17:54.204772 main.go:126: 11:Got block message, iteration 9
[peer] 00:17:54.204816 main.go:133: 11:Acquiring bool lock
[peer] 00:17:54.206657 main.go:601: 11:Accepted new Connection
[peer] 00:17:54.213544 main.go:601: 11:Accepted new Connection
[peer] 00:17:54.213975 main.go:126: 11:Got block message, iteration 9
[peer] 00:17:54.214011 main.go:133: 11:Acquiring bool lock
[peer] 00:17:54.221764 main.go:126: 11:Got block message, iteration 9
[peer] 00:17:54.221800 main.go:133: 11:Acquiring bool lock
[peer] 00:17:54.267071 main.go:601: 11:Accepted new Connection
[peer] 00:17:54.267351 main.go:126: 11:Got block message, iteration 9
[peer] 00:17:54.267377 main.go:133: 11:Acquiring bool lock
[peer] 00:17:54.324669 main.go:601: 11:Accepted new Connection
[peer] 00:17:54.327400 main.go:601: 11:Accepted new Connection
[peer] 00:17:54.327631 main.go:126: 11:Got block message, iteration 9
[peer] 00:17:54.327661 main.go:133: 11:Acquiring bool lock
[peer] 00:17:54.335344 main.go:601: 11:Accepted new Connection
[peer] 00:17:54.335568 main.go:126: 11:Got block message, iteration 9
[peer] 00:17:54.335588 main.go:133: 11:Acquiring bool lock
[peer] 00:17:54.337201 main.go:601: 11:Accepted new Connection
[peer] 00:17:54.337428 main.go:126: 11:Got block message, iteration 9
[peer] 00:17:54.337448 main.go:133: 11:Acquiring bool lock
[peer] 00:17:54.339956 main.go:126: 11:Got block message, iteration 9
[peer] 00:17:54.339976 main.go:133: 11:Acquiring bool lock
[peer] 00:17:54.436793 honest.go:79: 11Train Error is 0.11610 in Iteration 9
[peer] 00:17:54.436810 main.go:756: 11:Convergence checked
[peer] 00:17:54.436822 main.go:759: 11:Bool lock released
[peer] 00:17:54.436872 main.go:135: 11:Acquired bool lock
[peer] 00:17:54.436904 main.go:142: 11:Bool lock released
[peer] 00:17:54.436911 main.go:167: 11:Equal block
[peer] 00:17:54.436913 main.go:135: 11:Acquired bool lock
[peer] 00:17:54.436933 main.go:142: 11:Bool lock released
[peer] 00:17:54.436941 main.go:167: 11:Equal block
[peer] 00:17:54.436906 main.go:632: 11:Sending block. Iteration: 9
[peer] 00:17:54.437024 main.go:135: 11:Acquired bool lock
[peer] 00:17:54.437053 main.go:142: 11:Bool lock released
[peer] 00:17:54.437068 main.go:167: 11:Equal block
[peer] 00:17:54.437202 main.go:135: 11:Acquired bool lock
[peer] 00:17:54.437230 main.go:142: 11:Bool lock released
[peer] 00:17:54.437240 main.go:167: 11:Equal block
[peer] 00:17:54.437322 main.go:135: 11:Acquired bool lock
[peer] 00:17:54.437333 main.go:142: 11:Bool lock released
[peer] 00:17:54.437347 main.go:167: 11:Equal block
[peer] 00:17:54.437394 main.go:135: 11:Acquired bool lock
[peer] 00:17:54.437417 main.go:142: 11:Bool lock released
[peer] 00:17:54.437423 main.go:167: 11:Equal block
[peer] 00:17:54.437482 main.go:135: 11:Acquired bool lock
[peer] 00:17:54.437492 main.go:142: 11:Bool lock released
[peer] 00:17:54.437497 main.go:167: 11:Equal block
[peer] 00:17:54.437542 main.go:135: 11:Acquired bool lock
[peer] 00:17:54.437552 main.go:142: 11:Bool lock released
[peer] 00:17:54.437558 main.go:167: 11:Equal block
[peer] 00:17:54.450478 main.go:697: 11:Block sent to peer successful
[err] 00:17:54.450501 main.go:282: Error in sending block, err = Stale Update/Block
[peer] 00:17:54.451526 main.go:697: 11:Block sent to peer successful
[err] 00:17:54.451552 main.go:282: Error in sending block, err = Stale Update/Block
[peer] 00:17:54.451690 main.go:697: 11:Block sent to peer successful
[err] 00:17:54.451703 main.go:282: Error in sending block, err = Stale Update/Block
[peer] 00:17:54.451708 main.go:697: 11:Block sent to peer successful
[err] 00:17:54.451727 main.go:282: Error in sending block, err = Stale Update/Block
[peer] 00:17:54.451942 main.go:697: 11:Block sent to peer successful
[err] 00:17:54.451980 main.go:282: Error in sending block, err = Stale Update/Block
[peer] 00:17:54.451943 main.go:697: 11:Block sent to peer successful
[err] 00:17:54.452021 main.go:282: Error in sending block, err = Stale Update/Block
[peer] 00:17:54.452100 main.go:697: 11:Block sent to peer successful
[peer] 00:17:54.452164 main.go:697: 11:Block sent to peer successful
[err] 00:17:54.452181 main.go:282: Error in sending block, err = Stale Update/Block
[peer] 00:17:54.452187 main.go:697: 11:Block sent to peer successful
[err] 00:17:54.452205 main.go:282: Error in sending block, err = Stale Update/Block
[peer] 00:17:54.454109 main.go:697: 11:Block sent to peer successful
[err] 00:17:54.454125 main.go:282: Error in sending block, err = Stale Update/Block
[peer] 00:18:04.451686 main.go:652: 11:RPC calls successfully returned. Iteration: 9
[peer] 00:18:04.478644 honest.go:79: 11Train Error is 0.11610 in Iteration 9
[peer] 00:18:04.478664 main.go:660: 11:Preparing for next Iteration. Current Iteration: 9
[peer] 00:18:04.478671 main.go:556: 11:Acquiring bool lock
[peer] 00:18:04.478676 main.go:558: 11:Acquired bool lock
[peer] 00:18:04.479848 main.go:577: 11:I am not verifier IterationCount:10
[peer] 00:18:04.479859 main.go:582: 11:Bool lock released
[peer] 00:18:04.561309 main.go:790: 11:Computing Update
[peer] 00:18:04.562362 main.go:255: 11 : VRF returned ID map[5:{}]
[peer] 00:18:04.562445 main.go:264: 11 :Verifiers [198.162.52.126:8005] returned.
[peer] 00:18:04.563320 main.go:835: 11:Making RPC Call to Verifier. Sending Update, Iteration:10
[peer] 00:18:04.573036 main.go:842: 11:Update sent successfully
